

================================================================
== Vitis HLS Report for 'dense_resource_ap_fixed_32_16_4_0_0_ap_fixed_32_16_5_3_0_config8_s'
================================================================
* Date:           Tue Sep 17 19:57:52 2024

* Version:        2023.1 (Build 3854077 on May  4 2023)
* Project:        myproject_prj
* Solution:       solution1 (Vivado IP Flow Target)
* Product family: virtexuplus
* Target device:  xcvu9p-flga2104-2-e


================================================================
== Performance Estimates
================================================================
+ Timing: 
    * Summary: 
    +--------+----------+----------+------------+
    |  Clock |  Target  | Estimated| Uncertainty|
    +--------+----------+----------+------------+
    |ap_clk  |  25.00 ns|  8.422 ns|     6.75 ns|
    +--------+----------+----------+------------+

+ Latency: 
    * Summary: 
    +---------+---------+----------+----------+-----+-----+---------+
    |  Latency (cycles) |  Latency (absolute) |  Interval | Pipeline|
    |   min   |   max   |    min   |    max   | min | max |   Type  |
    +---------+---------+----------+----------+-----+-----+---------+
    |        0|        0|      0 ns|      0 ns|    0|    0|       no|
    +---------+---------+----------+----------+-----+-----+---------+

    + Detail: 
        * Instance: 
        N/A

        * Loop: 
        N/A



================================================================
== Utilization Estimates
================================================================
* Summary: 
+---------------------+---------+------+---------+---------+-----+
|         Name        | BRAM_18K|  DSP |    FF   |   LUT   | URAM|
+---------------------+---------+------+---------+---------+-----+
|DSP                  |        -|     -|        -|        -|    -|
|Expression           |        -|     -|        0|     1703|    -|
|FIFO                 |        -|     -|        -|        -|    -|
|Instance             |        -|    94|        0|     1128|    -|
|Memory               |        -|     -|        -|        -|    -|
|Multiplexer          |        -|     -|        -|       36|    -|
|Register             |        -|     -|       98|        -|    -|
+---------------------+---------+------+---------+---------+-----+
|Total                |        0|    94|       98|     2867|    0|
+---------------------+---------+------+---------+---------+-----+
|Available SLR        |     1440|  2280|   788160|   394080|  320|
+---------------------+---------+------+---------+---------+-----+
|Utilization SLR (%)  |        0|     4|       ~0|       ~0|    0|
+---------------------+---------+------+---------+---------+-----+
|Available            |     4320|  6840|  2364480|  1182240|  960|
+---------------------+---------+------+---------+---------+-----+
|Utilization (%)      |        0|     1|       ~0|       ~0|    0|
+---------------------+---------+------+---------+---------+-----+

+ Detail: 
    * Instance: 
    +----------------------------+----------------------+---------+----+---+----+-----+
    |          Instance          |        Module        | BRAM_18K| DSP| FF| LUT| URAM|
    +----------------------------+----------------------+---------+----+---+----+-----+
    |mul_31ns_12ns_42_1_1_U2431  |mul_31ns_12ns_42_1_1  |        0|   2|  0|  24|    0|
    |mul_31ns_12ns_42_1_1_U2432  |mul_31ns_12ns_42_1_1  |        0|   2|  0|  24|    0|
    |mul_31ns_12s_43_1_1_U2455   |mul_31ns_12s_43_1_1   |        0|   2|  0|  24|    0|
    |mul_31ns_12s_43_1_1_U2456   |mul_31ns_12s_43_1_1   |        0|   2|  0|  24|    0|
    |mul_31ns_12s_43_1_1_U2457   |mul_31ns_12s_43_1_1   |        0|   2|  0|  24|    0|
    |mul_31ns_12s_43_1_1_U2458   |mul_31ns_12s_43_1_1   |        0|   2|  0|  24|    0|
    |mul_31ns_13ns_43_1_1_U2433  |mul_31ns_13ns_43_1_1  |        0|   2|  0|  24|    0|
    |mul_31ns_13ns_43_1_1_U2434  |mul_31ns_13ns_43_1_1  |        0|   2|  0|  24|    0|
    |mul_31ns_13s_44_1_1_U2459   |mul_31ns_13s_44_1_1   |        0|   2|  0|  24|    0|
    |mul_31ns_13s_44_1_1_U2460   |mul_31ns_13s_44_1_1   |        0|   2|  0|  24|    0|
    |mul_31ns_14ns_44_1_1_U2435  |mul_31ns_14ns_44_1_1  |        0|   2|  0|  24|    0|
    |mul_31ns_14ns_44_1_1_U2436  |mul_31ns_14ns_44_1_1  |        0|   2|  0|  24|    0|
    |mul_31ns_14ns_44_1_1_U2437  |mul_31ns_14ns_44_1_1  |        0|   2|  0|  24|    0|
    |mul_31ns_14ns_44_1_1_U2438  |mul_31ns_14ns_44_1_1  |        0|   2|  0|  24|    0|
    |mul_31ns_14ns_44_1_1_U2439  |mul_31ns_14ns_44_1_1  |        0|   2|  0|  24|    0|
    |mul_31ns_14ns_44_1_1_U2440  |mul_31ns_14ns_44_1_1  |        0|   2|  0|  24|    0|
    |mul_31ns_14s_45_1_1_U2461   |mul_31ns_14s_45_1_1   |        0|   2|  0|  24|    0|
    |mul_31ns_15ns_45_1_1_U2441  |mul_31ns_15ns_45_1_1  |        0|   2|  0|  24|    0|
    |mul_31ns_15ns_45_1_1_U2442  |mul_31ns_15ns_45_1_1  |        0|   2|  0|  24|    0|
    |mul_31ns_15ns_45_1_1_U2443  |mul_31ns_15ns_45_1_1  |        0|   2|  0|  24|    0|
    |mul_31ns_15ns_45_1_1_U2444  |mul_31ns_15ns_45_1_1  |        0|   2|  0|  24|    0|
    |mul_31ns_15s_46_1_1_U2462   |mul_31ns_15s_46_1_1   |        0|   2|  0|  24|    0|
    |mul_31ns_15s_46_1_1_U2463   |mul_31ns_15s_46_1_1   |        0|   2|  0|  24|    0|
    |mul_31ns_15s_46_1_1_U2464   |mul_31ns_15s_46_1_1   |        0|   2|  0|  24|    0|
    |mul_31ns_15s_46_1_1_U2465   |mul_31ns_15s_46_1_1   |        0|   2|  0|  24|    0|
    |mul_31ns_15s_46_1_1_U2466   |mul_31ns_15s_46_1_1   |        0|   2|  0|  24|    0|
    |mul_31ns_15s_46_1_1_U2467   |mul_31ns_15s_46_1_1   |        0|   2|  0|  24|    0|
    |mul_31ns_15s_46_1_1_U2468   |mul_31ns_15s_46_1_1   |        0|   2|  0|  24|    0|
    |mul_31ns_16ns_46_1_1_U2445  |mul_31ns_16ns_46_1_1  |        0|   2|  0|  24|    0|
    |mul_31ns_16ns_46_1_1_U2446  |mul_31ns_16ns_46_1_1  |        0|   2|  0|  24|    0|
    |mul_31ns_16ns_46_1_1_U2447  |mul_31ns_16ns_46_1_1  |        0|   2|  0|  24|    0|
    |mul_31ns_16ns_46_1_1_U2448  |mul_31ns_16ns_46_1_1  |        0|   2|  0|  24|    0|
    |mul_31ns_16ns_46_1_1_U2449  |mul_31ns_16ns_46_1_1  |        0|   2|  0|  24|    0|
    |mul_31ns_16ns_46_1_1_U2450  |mul_31ns_16ns_46_1_1  |        0|   2|  0|  24|    0|
    |mul_31ns_16ns_46_1_1_U2451  |mul_31ns_16ns_46_1_1  |        0|   2|  0|  24|    0|
    |mul_31ns_16ns_46_1_1_U2452  |mul_31ns_16ns_46_1_1  |        0|   2|  0|  24|    0|
    |mul_31ns_16ns_46_1_1_U2453  |mul_31ns_16ns_46_1_1  |        0|   2|  0|  24|    0|
    |mul_31ns_16ns_46_1_1_U2454  |mul_31ns_16ns_46_1_1  |        0|   2|  0|  24|    0|
    |mul_31ns_16s_47_1_1_U2469   |mul_31ns_16s_47_1_1   |        0|   2|  0|  24|    0|
    |mul_31ns_16s_47_1_1_U2470   |mul_31ns_16s_47_1_1   |        0|   2|  0|  24|    0|
    |mul_31ns_16s_47_1_1_U2471   |mul_31ns_16s_47_1_1   |        0|   2|  0|  24|    0|
    |mul_31ns_16s_47_1_1_U2472   |mul_31ns_16s_47_1_1   |        0|   2|  0|  24|    0|
    |mul_31ns_16s_47_1_1_U2473   |mul_31ns_16s_47_1_1   |        0|   2|  0|  24|    0|
    |mul_31ns_16s_47_1_1_U2474   |mul_31ns_16s_47_1_1   |        0|   2|  0|  24|    0|
    |mul_31ns_16s_47_1_1_U2475   |mul_31ns_16s_47_1_1   |        0|   2|  0|  24|    0|
    |mul_31ns_16s_47_1_1_U2476   |mul_31ns_16s_47_1_1   |        0|   2|  0|  24|    0|
    |mul_31ns_17s_48_1_1_U2477   |mul_31ns_17s_48_1_1   |        0|   2|  0|  24|    0|
    +----------------------------+----------------------+---------+----+---+----+-----+
    |Total                       |                      |        0|  94|  0|1128|    0|
    +----------------------------+----------------------+---------+----+---+----+-----+

    * DSP: 
    N/A

    * Memory: 
    N/A

    * FIFO: 
    N/A

    * Expression: 
    +--------------------------+----------+----+---+----+------------+------------+
    |       Variable Name      | Operation| DSP| FF| LUT| Bitwidth P0| Bitwidth P1|
    +--------------------------+----------+----+---+----+------------+------------+
    |add_ln53_1824_fu_1423_p2  |         +|   0|  0|  35|          28|          28|
    |add_ln53_1825_fu_1433_p2  |         +|   0|  0|  30|          30|          30|
    |add_ln53_1826_fu_1443_p2  |         +|   0|  0|  36|          29|          29|
    |add_ln53_1827_fu_1453_p2  |         +|   0|  0|  37|          30|          30|
    |add_ln53_1828_fu_1463_p2  |         +|   0|  0|  31|          31|          31|
    |add_ln53_1829_fu_1469_p2  |         +|   0|  0|  31|          31|          31|
    |add_ln53_1830_fu_1479_p2  |         +|   0|  0|  36|          29|          29|
    |add_ln53_1831_fu_1489_p2  |         +|   0|  0|  32|          32|          32|
    |add_ln53_1832_fu_1495_p2  |         +|   0|  0|  32|          32|          32|
    |add_ln53_1833_fu_1501_p2  |         +|   0|  0|  38|          31|          31|
    |add_ln53_1834_fu_1511_p2  |         +|   0|  0|  35|          28|          15|
    |add_ln53_1835_fu_1521_p2  |         +|   0|  0|  36|          29|          29|
    |add_ln53_1836_fu_1531_p2  |         +|   0|  0|  39|          32|          32|
    |add_ln53_1837_fu_1537_p2  |         +|   0|  0|  32|          32|          32|
    |add_ln53_1838_fu_1543_p2  |         +|   0|  0|  32|          32|          32|
    |add_ln53_1839_fu_1550_p2  |         +|   0|  0|  37|          30|          30|
    |add_ln53_1840_fu_1560_p2  |         +|   0|  0|  32|          32|          32|
    |add_ln53_1841_fu_1566_p2  |         +|   0|  0|  32|          32|          32|
    |add_ln53_1842_fu_1572_p2  |         +|   0|  0|  38|          31|          31|
    |add_ln53_1843_fu_1582_p2  |         +|   0|  0|  38|          31|          31|
    |add_ln53_1844_fu_1592_p2  |         +|   0|  0|  39|          32|          32|
    |add_ln53_1845_fu_1598_p2  |         +|   0|  0|  32|          32|          32|
    |add_ln53_1846_fu_1604_p2  |         +|   0|  0|  39|          32|          32|
    |add_ln53_1847_fu_1610_p2  |         +|   0|  0|  39|          32|          32|
    |add_ln53_1848_fu_1616_p2  |         +|   0|  0|  32|          32|          32|
    |add_ln53_1849_fu_1622_p2  |         +|   0|  0|  31|          31|          31|
    |add_ln53_1850_fu_1628_p2  |         +|   0|  0|  35|          28|          15|
    |add_ln53_1851_fu_1638_p2  |         +|   0|  0|  36|          29|          29|
    |add_ln53_1852_fu_1648_p2  |         +|   0|  0|  31|          31|          31|
    |add_ln53_1853_fu_1658_p2  |         +|   0|  0|  32|          32|          32|
    |add_ln53_1854_fu_1664_p2  |         +|   0|  0|  32|          32|          32|
    |add_ln53_1855_fu_1671_p2  |         +|   0|  0|  38|          31|          31|
    |add_ln53_1856_fu_1681_p2  |         +|   0|  0|  38|          31|          31|
    |add_ln53_1857_fu_1691_p2  |         +|   0|  0|  39|          32|          32|
    |add_ln53_1858_fu_1697_p2  |         +|   0|  0|  37|          30|          30|
    |add_ln53_1859_fu_1707_p2  |         +|   0|  0|  32|          32|          32|
    |add_ln53_1860_fu_1713_p2  |         +|   0|  0|  32|          32|          32|
    |add_ln53_1861_fu_1719_p2  |         +|   0|  0|  32|          32|          32|
    |add_ln53_1862_fu_1725_p2  |         +|   0|  0|  39|          32|          32|
    |add_ln53_1863_fu_1731_p2  |         +|   0|  0|  38|          31|          31|
    |add_ln53_1864_fu_1741_p2  |         +|   0|  0|  32|          32|          32|
    |add_ln53_1865_fu_1747_p2  |         +|   0|  0|  31|          31|          31|
    |add_ln53_1866_fu_1753_p2  |         +|   0|  0|  35|          28|          15|
    |add_ln53_1867_fu_1763_p2  |         +|   0|  0|  36|          29|          29|
    |add_ln53_1868_fu_1773_p2  |         +|   0|  0|  31|          31|          31|
    |add_ln53_1869_fu_1783_p2  |         +|   0|  0|  32|          32|          32|
    |add_ln53_1870_fu_1789_p2  |         +|   0|  0|  32|          32|          32|
    |add_ln53_fu_1417_p2       |         +|   0|  0|  30|          30|          30|
    |mul_i_i_9_i_fu_803_p2     |         -|   0|  0|  50|          43|          43|
    |ap_block_state1           |        or|   0|  0|   2|           1|           1|
    +--------------------------+----------+----+---+----+------------+------------+
    |Total                     |          |   0|  0|1703|        1527|        1488|
    +--------------------------+----------+----+---+----+------------+------------+

    * Multiplexer: 
    +--------------+----+-----------+-----+-----------+
    |     Name     | LUT| Input Size| Bits| Total Bits|
    +--------------+----+-----------+-----+-----------+
    |ap_done       |   9|          2|    1|          2|
    |layer8_out_0  |   9|          2|   32|         64|
    |layer8_out_1  |   9|          2|   32|         64|
    |layer8_out_2  |   9|          2|   32|         64|
    +--------------+----+-----------+-----+-----------+
    |Total         |  36|          8|   97|        194|
    +--------------+----+-----------+-----+-----------+

    * Register: 
    +-------------------+----+----+-----+-----------+
    |        Name       | FF | LUT| Bits| Const Bits|
    +-------------------+----+----+-----+-----------+
    |ap_CS_fsm          |   1|   0|    1|          0|
    |ap_done_reg        |   1|   0|    1|          0|
    |layer8_out_0_preg  |  32|   0|   32|          0|
    |layer8_out_1_preg  |  32|   0|   32|          0|
    |layer8_out_2_preg  |  32|   0|   32|          0|
    +-------------------+----+----+-----+-----------+
    |Total              |  98|   0|   98|          0|
    +-------------------+----+----+-----+-----------+



================================================================
== Interface
================================================================
* Summary: 
+---------------------+-----+-----+------------+-------------------------------------------------------------------------------+--------------+
|      RTL Ports      | Dir | Bits|  Protocol  |                                 Source Object                                 |    C Type    |
+---------------------+-----+-----+------------+-------------------------------------------------------------------------------+--------------+
|ap_clk               |   in|    1|  ap_ctrl_hs|  dense_resource<ap_fixed<32, 16, 4, 0, 0>, ap_fixed<32, 16, 5, 3, 0>, config8>|  return value|
|ap_rst               |   in|    1|  ap_ctrl_hs|  dense_resource<ap_fixed<32, 16, 4, 0, 0>, ap_fixed<32, 16, 5, 3, 0>, config8>|  return value|
|ap_start             |   in|    1|  ap_ctrl_hs|  dense_resource<ap_fixed<32, 16, 4, 0, 0>, ap_fixed<32, 16, 5, 3, 0>, config8>|  return value|
|ap_done              |  out|    1|  ap_ctrl_hs|  dense_resource<ap_fixed<32, 16, 4, 0, 0>, ap_fixed<32, 16, 5, 3, 0>, config8>|  return value|
|ap_continue          |   in|    1|  ap_ctrl_hs|  dense_resource<ap_fixed<32, 16, 4, 0, 0>, ap_fixed<32, 16, 5, 3, 0>, config8>|  return value|
|ap_idle              |  out|    1|  ap_ctrl_hs|  dense_resource<ap_fixed<32, 16, 4, 0, 0>, ap_fixed<32, 16, 5, 3, 0>, config8>|  return value|
|ap_ready             |  out|    1|  ap_ctrl_hs|  dense_resource<ap_fixed<32, 16, 4, 0, 0>, ap_fixed<32, 16, 5, 3, 0>, config8>|  return value|
|p_read               |   in|   31|     ap_none|                                                                         p_read|        scalar|
|p_read1              |   in|   31|     ap_none|                                                                        p_read1|        scalar|
|p_read2              |   in|   31|     ap_none|                                                                        p_read2|        scalar|
|p_read3              |   in|   31|     ap_none|                                                                        p_read3|        scalar|
|p_read4              |   in|   31|     ap_none|                                                                        p_read4|        scalar|
|p_read5              |   in|   31|     ap_none|                                                                        p_read5|        scalar|
|p_read6              |   in|   31|     ap_none|                                                                        p_read6|        scalar|
|p_read7              |   in|   31|     ap_none|                                                                        p_read7|        scalar|
|p_read8              |   in|   31|     ap_none|                                                                        p_read8|        scalar|
|p_read9              |   in|   31|     ap_none|                                                                        p_read9|        scalar|
|p_read10             |   in|   31|     ap_none|                                                                       p_read10|        scalar|
|p_read11             |   in|   31|     ap_none|                                                                       p_read11|        scalar|
|p_read12             |   in|   31|     ap_none|                                                                       p_read12|        scalar|
|p_read13             |   in|   31|     ap_none|                                                                       p_read13|        scalar|
|p_read14             |   in|   31|     ap_none|                                                                       p_read14|        scalar|
|p_read15             |   in|   31|     ap_none|                                                                       p_read15|        scalar|
|layer8_out_0         |  out|   32|      ap_vld|                                                                   layer8_out_0|       pointer|
|layer8_out_0_ap_vld  |  out|    1|      ap_vld|                                                                   layer8_out_0|       pointer|
|layer8_out_1         |  out|   32|      ap_vld|                                                                   layer8_out_1|       pointer|
|layer8_out_1_ap_vld  |  out|    1|      ap_vld|                                                                   layer8_out_1|       pointer|
|layer8_out_2         |  out|   32|      ap_vld|                                                                   layer8_out_2|       pointer|
|layer8_out_2_ap_vld  |  out|    1|      ap_vld|                                                                   layer8_out_2|       pointer|
+---------------------+-----+-----+------------+-------------------------------------------------------------------------------+--------------+

