

================================================================
== Vitis HLS Report for 'myproject'
================================================================
* Date:           Tue Sep 17 19:57:53 2024

* Version:        2023.1 (Build 3854077 on May  4 2023)
* Project:        myproject_prj
* Solution:       solution1 (Vivado IP Flow Target)
* Product family: virtexuplus
* Target device:  xcvu9p-flga2104-2-e


================================================================
== Performance Estimates
================================================================
+ Timing: 
    * Summary: 
    +--------+----------+-----------+------------+
    |  Clock |  Target  | Estimated | Uncertainty|
    +--------+----------+-----------+------------+
    |ap_clk  |  25.00 ns|  13.494 ns|     6.75 ns|
    +--------+----------+-----------+------------+

+ Latency: 
    * Summary: 
    +---------+---------+----------+----------+-----+-----+----------+
    |  Latency (cycles) |  Latency (absolute) |  Interval | Pipeline |
    |   min   |   max   |    min   |    max   | min | max |   Type   |
    +---------+---------+----------+----------+-----+-----+----------+
    |        4|        4|  0.100 us|  0.100 us|    1|    1|  dataflow|
    +---------+---------+----------+----------+-----+-----+----------+

    + Detail: 
        * Instance: 
        +---------------------------------------------------------------------+--------------------------------------------------------------------+---------+---------+----------+----------+-----+-----+---------+
        |                                                                     |                                                                    |  Latency (cycles) |  Latency (absolute) |  Interval | Pipeline|
        |                               Instance                              |                               Module                               |   min   |   max   |    min   |    max   | min | max |   Type  |
        +---------------------------------------------------------------------+--------------------------------------------------------------------+---------+---------+----------+----------+-----+-----+---------+
        |dense_resource_ap_fixed_32_16_5_3_0_ap_fixed_32_16_5_3_0_config2_U0  |dense_resource_ap_fixed_32_16_5_3_0_ap_fixed_32_16_5_3_0_config2_s  |        0|        0|      0 ns|      0 ns|    0|    0|       no|
        |relu_ap_fixed_32_16_5_3_0_ap_fixed_32_16_4_0_0_ReLU_config4_U0       |relu_ap_fixed_32_16_5_3_0_ap_fixed_32_16_4_0_0_ReLU_config4_s       |        0|        0|      0 ns|      0 ns|    1|    1|      yes|
        |dense_resource_ap_fixed_32_16_4_0_0_ap_fixed_32_16_5_3_0_config5_U0  |dense_resource_ap_fixed_32_16_4_0_0_ap_fixed_32_16_5_3_0_config5_s  |        0|        0|      0 ns|      0 ns|    0|    0|       no|
        |relu_ap_fixed_32_16_5_3_0_ap_fixed_32_16_4_0_0_ReLU_config7_U0       |relu_ap_fixed_32_16_5_3_0_ap_fixed_32_16_4_0_0_ReLU_config7_s       |        0|        0|      0 ns|      0 ns|    1|    1|      yes|
        |dense_resource_ap_fixed_32_16_4_0_0_ap_fixed_32_16_5_3_0_config8_U0  |dense_resource_ap_fixed_32_16_4_0_0_ap_fixed_32_16_5_3_0_config8_s  |        0|        0|      0 ns|      0 ns|    0|    0|       no|
        +---------------------------------------------------------------------+--------------------------------------------------------------------+---------+---------+----------+----------+-----+-----+---------+

        * Loop: 
        N/A



================================================================
== Utilization Estimates
================================================================
* Summary: 
+---------------------+---------+------+---------+---------+-----+
|         Name        | BRAM_18K|  DSP |    FF   |   LUT   | URAM|
+---------------------+---------+------+---------+---------+-----+
|DSP                  |        -|     -|        -|        -|    -|
|Expression           |        -|     -|        0|      402|    -|
|FIFO                 |        -|     -|     6528|     3840|    -|
|Instance             |        -|  4694|     3130|   138004|    -|
|Memory               |        -|     -|        -|        -|    -|
|Multiplexer          |        -|     -|        -|      864|    -|
|Register             |        -|     -|       96|        -|    -|
+---------------------+---------+------+---------+---------+-----+
|Total                |        0|  4694|     9754|   143110|    0|
+---------------------+---------+------+---------+---------+-----+
|Available SLR        |     1440|  2280|   788160|   394080|  320|
+---------------------+---------+------+---------+---------+-----+
|Utilization SLR (%)  |        0|   205|        1|       36|    0|
+---------------------+---------+------+---------+---------+-----+
|Available            |     4320|  6840|  2364480|  1182240|  960|
+---------------------+---------+------+---------+---------+-----+
|Utilization (%)      |        0|    68|       ~0|       12|    0|
+---------------------+---------+------+---------+---------+-----+

+ Detail: 
    * Instance: 
    +---------------------------------------------------------------------+--------------------------------------------------------------------+---------+------+------+--------+-----+
    |                               Instance                              |                               Module                               | BRAM_18K|  DSP |  FF  |   LUT  | URAM|
    +---------------------------------------------------------------------+--------------------------------------------------------------------+---------+------+------+--------+-----+
    |dense_resource_ap_fixed_32_16_4_0_0_ap_fixed_32_16_5_3_0_config5_U0  |dense_resource_ap_fixed_32_16_4_0_0_ap_fixed_32_16_5_3_0_config5_s  |        0|  1018|   514|   30383|    0|
    |dense_resource_ap_fixed_32_16_4_0_0_ap_fixed_32_16_5_3_0_config8_U0  |dense_resource_ap_fixed_32_16_4_0_0_ap_fixed_32_16_5_3_0_config8_s  |        0|    94|    98|    2867|    0|
    |dense_resource_ap_fixed_32_16_5_3_0_ap_fixed_32_16_5_3_0_config2_U0  |dense_resource_ap_fixed_32_16_5_3_0_ap_fixed_32_16_5_3_0_config2_s  |        0|  3582|  1026|  100940|    0|
    |relu_ap_fixed_32_16_5_3_0_ap_fixed_32_16_4_0_0_ReLU_config4_U0       |relu_ap_fixed_32_16_5_3_0_ap_fixed_32_16_4_0_0_ReLU_config4_s       |        0|     0|   994|    2539|    0|
    |relu_ap_fixed_32_16_5_3_0_ap_fixed_32_16_4_0_0_ReLU_config7_U0       |relu_ap_fixed_32_16_5_3_0_ap_fixed_32_16_4_0_0_ReLU_config7_s       |        0|     0|   498|    1275|    0|
    +---------------------------------------------------------------------+--------------------------------------------------------------------+---------+------+------+--------+-----+
    |Total                                                                |                                                                    |        0|  4694|  3130|  138004|    0|
    +---------------------------------------------------------------------+--------------------------------------------------------------------+---------+------+------+--------+-----+

    * DSP: 
    N/A

    * Memory: 
    N/A

    * FIFO: 
    +-----------------+---------+----+----+-----+------+-----+---------+
    |       Name      | BRAM_18K| FF | LUT| URAM| Depth| Bits| Size:D*B|
    +-----------------+---------+----+----+-----+------+-----+---------+
    |layer2_out_10_U  |        0|  68|   0|    -|     2|   32|       64|
    |layer2_out_11_U  |        0|  68|   0|    -|     2|   32|       64|
    |layer2_out_12_U  |        0|  68|   0|    -|     2|   32|       64|
    |layer2_out_13_U  |        0|  68|   0|    -|     2|   32|       64|
    |layer2_out_14_U  |        0|  68|   0|    -|     2|   32|       64|
    |layer2_out_15_U  |        0|  68|   0|    -|     2|   32|       64|
    |layer2_out_16_U  |        0|  68|   0|    -|     2|   32|       64|
    |layer2_out_17_U  |        0|  68|   0|    -|     2|   32|       64|
    |layer2_out_18_U  |        0|  68|   0|    -|     2|   32|       64|
    |layer2_out_19_U  |        0|  68|   0|    -|     2|   32|       64|
    |layer2_out_1_U   |        0|  68|   0|    -|     2|   32|       64|
    |layer2_out_20_U  |        0|  68|   0|    -|     2|   32|       64|
    |layer2_out_21_U  |        0|  68|   0|    -|     2|   32|       64|
    |layer2_out_22_U  |        0|  68|   0|    -|     2|   32|       64|
    |layer2_out_23_U  |        0|  68|   0|    -|     2|   32|       64|
    |layer2_out_24_U  |        0|  68|   0|    -|     2|   32|       64|
    |layer2_out_25_U  |        0|  68|   0|    -|     2|   32|       64|
    |layer2_out_26_U  |        0|  68|   0|    -|     2|   32|       64|
    |layer2_out_27_U  |        0|  68|   0|    -|     2|   32|       64|
    |layer2_out_28_U  |        0|  68|   0|    -|     2|   32|       64|
    |layer2_out_29_U  |        0|  68|   0|    -|     2|   32|       64|
    |layer2_out_2_U   |        0|  68|   0|    -|     2|   32|       64|
    |layer2_out_30_U  |        0|  68|   0|    -|     2|   32|       64|
    |layer2_out_31_U  |        0|  68|   0|    -|     2|   32|       64|
    |layer2_out_3_U   |        0|  68|   0|    -|     2|   32|       64|
    |layer2_out_4_U   |        0|  68|   0|    -|     2|   32|       64|
    |layer2_out_5_U   |        0|  68|   0|    -|     2|   32|       64|
    |layer2_out_6_U   |        0|  68|   0|    -|     2|   32|       64|
    |layer2_out_7_U   |        0|  68|   0|    -|     2|   32|       64|
    |layer2_out_8_U   |        0|  68|   0|    -|     2|   32|       64|
    |layer2_out_9_U   |        0|  68|   0|    -|     2|   32|       64|
    |layer2_out_U     |        0|  68|   0|    -|     2|   32|       64|
    |layer4_out_10_U  |        0|  68|   0|    -|     2|   31|       62|
    |layer4_out_11_U  |        0|  68|   0|    -|     2|   31|       62|
    |layer4_out_12_U  |        0|  68|   0|    -|     2|   31|       62|
    |layer4_out_13_U  |        0|  68|   0|    -|     2|   31|       62|
    |layer4_out_14_U  |        0|  68|   0|    -|     2|   31|       62|
    |layer4_out_15_U  |        0|  68|   0|    -|     2|   31|       62|
    |layer4_out_16_U  |        0|  68|   0|    -|     2|   31|       62|
    |layer4_out_17_U  |        0|  68|   0|    -|     2|   31|       62|
    |layer4_out_18_U  |        0|  68|   0|    -|     2|   31|       62|
    |layer4_out_19_U  |        0|  68|   0|    -|     2|   31|       62|
    |layer4_out_1_U   |        0|  68|   0|    -|     2|   31|       62|
    |layer4_out_20_U  |        0|  68|   0|    -|     2|   31|       62|
    |layer4_out_21_U  |        0|  68|   0|    -|     2|   31|       62|
    |layer4_out_22_U  |        0|  68|   0|    -|     2|   31|       62|
    |layer4_out_23_U  |        0|  68|   0|    -|     2|   31|       62|
    |layer4_out_24_U  |        0|  68|   0|    -|     2|   31|       62|
    |layer4_out_25_U  |        0|  68|   0|    -|     2|   31|       62|
    |layer4_out_26_U  |        0|  68|   0|    -|     2|   31|       62|
    |layer4_out_27_U  |        0|  68|   0|    -|     2|   31|       62|
    |layer4_out_28_U  |        0|  68|   0|    -|     2|   31|       62|
    |layer4_out_29_U  |        0|  68|   0|    -|     2|   31|       62|
    |layer4_out_2_U   |        0|  68|   0|    -|     2|   31|       62|
    |layer4_out_30_U  |        0|  68|   0|    -|     2|   31|       62|
    |layer4_out_31_U  |        0|  68|   0|    -|     2|   31|       62|
    |layer4_out_3_U   |        0|  68|   0|    -|     2|   31|       62|
    |layer4_out_4_U   |        0|  68|   0|    -|     2|   31|       62|
    |layer4_out_5_U   |        0|  68|   0|    -|     2|   31|       62|
    |layer4_out_6_U   |        0|  68|   0|    -|     2|   31|       62|
    |layer4_out_7_U   |        0|  68|   0|    -|     2|   31|       62|
    |layer4_out_8_U   |        0|  68|   0|    -|     2|   31|       62|
    |layer4_out_9_U   |        0|  68|   0|    -|     2|   31|       62|
    |layer4_out_U     |        0|  68|   0|    -|     2|   31|       62|
    |layer5_out_10_U  |        0|  68|   0|    -|     2|   32|       64|
    |layer5_out_11_U  |        0|  68|   0|    -|     2|   32|       64|
    |layer5_out_12_U  |        0|  68|   0|    -|     2|   32|       64|
    |layer5_out_13_U  |        0|  68|   0|    -|     2|   32|       64|
    |layer5_out_14_U  |        0|  68|   0|    -|     2|   32|       64|
    |layer5_out_15_U  |        0|  68|   0|    -|     2|   32|       64|
    |layer5_out_1_U   |        0|  68|   0|    -|     2|   32|       64|
    |layer5_out_2_U   |        0|  68|   0|    -|     2|   32|       64|
    |layer5_out_3_U   |        0|  68|   0|    -|     2|   32|       64|
    |layer5_out_4_U   |        0|  68|   0|    -|     2|   32|       64|
    |layer5_out_5_U   |        0|  68|   0|    -|     2|   32|       64|
    |layer5_out_6_U   |        0|  68|   0|    -|     2|   32|       64|
    |layer5_out_7_U   |        0|  68|   0|    -|     2|   32|       64|
    |layer5_out_8_U   |        0|  68|   0|    -|     2|   32|       64|
    |layer5_out_9_U   |        0|  68|   0|    -|     2|   32|       64|
    |layer5_out_U     |        0|  68|   0|    -|     2|   32|       64|
    |layer7_out_10_U  |        0|  68|   0|    -|     2|   31|       62|
    |layer7_out_11_U  |        0|  68|   0|    -|     2|   31|       62|
    |layer7_out_12_U  |        0|  68|   0|    -|     2|   31|       62|
    |layer7_out_13_U  |        0|  68|   0|    -|     2|   31|       62|
    |layer7_out_14_U  |        0|  68|   0|    -|     2|   31|       62|
    |layer7_out_15_U  |        0|  68|   0|    -|     2|   31|       62|
    |layer7_out_1_U   |        0|  68|   0|    -|     2|   31|       62|
    |layer7_out_2_U   |        0|  68|   0|    -|     2|   31|       62|
    |layer7_out_3_U   |        0|  68|   0|    -|     2|   31|       62|
    |layer7_out_4_U   |        0|  68|   0|    -|     2|   31|       62|
    |layer7_out_5_U   |        0|  68|   0|    -|     2|   31|       62|
    |layer7_out_6_U   |        0|  68|   0|    -|     2|   31|       62|
    |layer7_out_7_U   |        0|  68|   0|    -|     2|   31|       62|
    |layer7_out_8_U   |        0|  68|   0|    -|     2|   31|       62|
    |layer7_out_9_U   |        0|  68|   0|    -|     2|   31|       62|
    |layer7_out_U     |        0|  68|   0|    -|     2|   31|       62|
    +-----------------+---------+----+----+-----+------+-----+---------+
    |Total            |        0|6528|   0|    0|   192| 3024|     6048|
    +-----------------+---------+----+----+-----+------+-----+---------+

    * Expression: 
    +---------------------------------------------------------------------------------+----------+----+---+----+------------+------------+
    |                                  Variable Name                                  | Operation| DSP| FF| LUT| Bitwidth P0| Bitwidth P1|
    +---------------------------------------------------------------------------------+----------+----+---+----+------------+------------+
    |ap_channel_done_layer2_out                                                       |       and|   0|  0|   2|           1|           1|
    |ap_channel_done_layer2_out_1                                                     |       and|   0|  0|   2|           1|           1|
    |ap_channel_done_layer2_out_10                                                    |       and|   0|  0|   2|           1|           1|
    |ap_channel_done_layer2_out_11                                                    |       and|   0|  0|   2|           1|           1|
    |ap_channel_done_layer2_out_12                                                    |       and|   0|  0|   2|           1|           1|
    |ap_channel_done_layer2_out_13                                                    |       and|   0|  0|   2|           1|           1|
    |ap_channel_done_layer2_out_14                                                    |       and|   0|  0|   2|           1|           1|
    |ap_channel_done_layer2_out_15                                                    |       and|   0|  0|   2|           1|           1|
    |ap_channel_done_layer2_out_16                                                    |       and|   0|  0|   2|           1|           1|
    |ap_channel_done_layer2_out_17                                                    |       and|   0|  0|   2|           1|           1|
    |ap_channel_done_layer2_out_18                                                    |       and|   0|  0|   2|           1|           1|
    |ap_channel_done_layer2_out_19                                                    |       and|   0|  0|   2|           1|           1|
    |ap_channel_done_layer2_out_2                                                     |       and|   0|  0|   2|           1|           1|
    |ap_channel_done_layer2_out_20                                                    |       and|   0|  0|   2|           1|           1|
    |ap_channel_done_layer2_out_21                                                    |       and|   0|  0|   2|           1|           1|
    |ap_channel_done_layer2_out_22                                                    |       and|   0|  0|   2|           1|           1|
    |ap_channel_done_layer2_out_23                                                    |       and|   0|  0|   2|           1|           1|
    |ap_channel_done_layer2_out_24                                                    |       and|   0|  0|   2|           1|           1|
    |ap_channel_done_layer2_out_25                                                    |       and|   0|  0|   2|           1|           1|
    |ap_channel_done_layer2_out_26                                                    |       and|   0|  0|   2|           1|           1|
    |ap_channel_done_layer2_out_27                                                    |       and|   0|  0|   2|           1|           1|
    |ap_channel_done_layer2_out_28                                                    |       and|   0|  0|   2|           1|           1|
    |ap_channel_done_layer2_out_29                                                    |       and|   0|  0|   2|           1|           1|
    |ap_channel_done_layer2_out_3                                                     |       and|   0|  0|   2|           1|           1|
    |ap_channel_done_layer2_out_30                                                    |       and|   0|  0|   2|           1|           1|
    |ap_channel_done_layer2_out_31                                                    |       and|   0|  0|   2|           1|           1|
    |ap_channel_done_layer2_out_4                                                     |       and|   0|  0|   2|           1|           1|
    |ap_channel_done_layer2_out_5                                                     |       and|   0|  0|   2|           1|           1|
    |ap_channel_done_layer2_out_6                                                     |       and|   0|  0|   2|           1|           1|
    |ap_channel_done_layer2_out_7                                                     |       and|   0|  0|   2|           1|           1|
    |ap_channel_done_layer2_out_8                                                     |       and|   0|  0|   2|           1|           1|
    |ap_channel_done_layer2_out_9                                                     |       and|   0|  0|   2|           1|           1|
    |ap_channel_done_layer4_out                                                       |       and|   0|  0|   2|           1|           1|
    |ap_channel_done_layer4_out_1                                                     |       and|   0|  0|   2|           1|           1|
    |ap_channel_done_layer4_out_10                                                    |       and|   0|  0|   2|           1|           1|
    |ap_channel_done_layer4_out_11                                                    |       and|   0|  0|   2|           1|           1|
    |ap_channel_done_layer4_out_12                                                    |       and|   0|  0|   2|           1|           1|
    |ap_channel_done_layer4_out_13                                                    |       and|   0|  0|   2|           1|           1|
    |ap_channel_done_layer4_out_14                                                    |       and|   0|  0|   2|           1|           1|
    |ap_channel_done_layer4_out_15                                                    |       and|   0|  0|   2|           1|           1|
    |ap_channel_done_layer4_out_16                                                    |       and|   0|  0|   2|           1|           1|
    |ap_channel_done_layer4_out_17                                                    |       and|   0|  0|   2|           1|           1|
    |ap_channel_done_layer4_out_18                                                    |       and|   0|  0|   2|           1|           1|
    |ap_channel_done_layer4_out_19                                                    |       and|   0|  0|   2|           1|           1|
    |ap_channel_done_layer4_out_2                                                     |       and|   0|  0|   2|           1|           1|
    |ap_channel_done_layer4_out_20                                                    |       and|   0|  0|   2|           1|           1|
    |ap_channel_done_layer4_out_21                                                    |       and|   0|  0|   2|           1|           1|
    |ap_channel_done_layer4_out_22                                                    |       and|   0|  0|   2|           1|           1|
    |ap_channel_done_layer4_out_23                                                    |       and|   0|  0|   2|           1|           1|
    |ap_channel_done_layer4_out_24                                                    |       and|   0|  0|   2|           1|           1|
    |ap_channel_done_layer4_out_25                                                    |       and|   0|  0|   2|           1|           1|
    |ap_channel_done_layer4_out_26                                                    |       and|   0|  0|   2|           1|           1|
    |ap_channel_done_layer4_out_27                                                    |       and|   0|  0|   2|           1|           1|
    |ap_channel_done_layer4_out_28                                                    |       and|   0|  0|   2|           1|           1|
    |ap_channel_done_layer4_out_29                                                    |       and|   0|  0|   2|           1|           1|
    |ap_channel_done_layer4_out_3                                                     |       and|   0|  0|   2|           1|           1|
    |ap_channel_done_layer4_out_30                                                    |       and|   0|  0|   2|           1|           1|
    |ap_channel_done_layer4_out_31                                                    |       and|   0|  0|   2|           1|           1|
    |ap_channel_done_layer4_out_4                                                     |       and|   0|  0|   2|           1|           1|
    |ap_channel_done_layer4_out_5                                                     |       and|   0|  0|   2|           1|           1|
    |ap_channel_done_layer4_out_6                                                     |       and|   0|  0|   2|           1|           1|
    |ap_channel_done_layer4_out_7                                                     |       and|   0|  0|   2|           1|           1|
    |ap_channel_done_layer4_out_8                                                     |       and|   0|  0|   2|           1|           1|
    |ap_channel_done_layer4_out_9                                                     |       and|   0|  0|   2|           1|           1|
    |ap_channel_done_layer5_out                                                       |       and|   0|  0|   2|           1|           1|
    |ap_channel_done_layer5_out_1                                                     |       and|   0|  0|   2|           1|           1|
    |ap_channel_done_layer5_out_10                                                    |       and|   0|  0|   2|           1|           1|
    |ap_channel_done_layer5_out_11                                                    |       and|   0|  0|   2|           1|           1|
    |ap_channel_done_layer5_out_12                                                    |       and|   0|  0|   2|           1|           1|
    |ap_channel_done_layer5_out_13                                                    |       and|   0|  0|   2|           1|           1|
    |ap_channel_done_layer5_out_14                                                    |       and|   0|  0|   2|           1|           1|
    |ap_channel_done_layer5_out_15                                                    |       and|   0|  0|   2|           1|           1|
    |ap_channel_done_layer5_out_2                                                     |       and|   0|  0|   2|           1|           1|
    |ap_channel_done_layer5_out_3                                                     |       and|   0|  0|   2|           1|           1|
    |ap_channel_done_layer5_out_4                                                     |       and|   0|  0|   2|           1|           1|
    |ap_channel_done_layer5_out_5                                                     |       and|   0|  0|   2|           1|           1|
    |ap_channel_done_layer5_out_6                                                     |       and|   0|  0|   2|           1|           1|
    |ap_channel_done_layer5_out_7                                                     |       and|   0|  0|   2|           1|           1|
    |ap_channel_done_layer5_out_8                                                     |       and|   0|  0|   2|           1|           1|
    |ap_channel_done_layer5_out_9                                                     |       and|   0|  0|   2|           1|           1|
    |ap_channel_done_layer7_out                                                       |       and|   0|  0|   2|           1|           1|
    |ap_channel_done_layer7_out_1                                                     |       and|   0|  0|   2|           1|           1|
    |ap_channel_done_layer7_out_10                                                    |       and|   0|  0|   2|           1|           1|
    |ap_channel_done_layer7_out_11                                                    |       and|   0|  0|   2|           1|           1|
    |ap_channel_done_layer7_out_12                                                    |       and|   0|  0|   2|           1|           1|
    |ap_channel_done_layer7_out_13                                                    |       and|   0|  0|   2|           1|           1|
    |ap_channel_done_layer7_out_14                                                    |       and|   0|  0|   2|           1|           1|
    |ap_channel_done_layer7_out_15                                                    |       and|   0|  0|   2|           1|           1|
    |ap_channel_done_layer7_out_2                                                     |       and|   0|  0|   2|           1|           1|
    |ap_channel_done_layer7_out_3                                                     |       and|   0|  0|   2|           1|           1|
    |ap_channel_done_layer7_out_4                                                     |       and|   0|  0|   2|           1|           1|
    |ap_channel_done_layer7_out_5                                                     |       and|   0|  0|   2|           1|           1|
    |ap_channel_done_layer7_out_6                                                     |       and|   0|  0|   2|           1|           1|
    |ap_channel_done_layer7_out_7                                                     |       and|   0|  0|   2|           1|           1|
    |ap_channel_done_layer7_out_8                                                     |       and|   0|  0|   2|           1|           1|
    |ap_channel_done_layer7_out_9                                                     |       and|   0|  0|   2|           1|           1|
    |ap_idle                                                                          |       and|   0|  0|   2|           1|           1|
    |dense_resource_ap_fixed_32_16_4_0_0_ap_fixed_32_16_5_3_0_config5_U0_ap_continue  |       and|   0|  0|   2|           1|           1|
    |dense_resource_ap_fixed_32_16_4_0_0_ap_fixed_32_16_5_3_0_config5_U0_ap_start     |       and|   0|  0|   2|           1|           1|
    |dense_resource_ap_fixed_32_16_4_0_0_ap_fixed_32_16_5_3_0_config8_U0_ap_start     |       and|   0|  0|   2|           1|           1|
    |dense_resource_ap_fixed_32_16_5_3_0_ap_fixed_32_16_5_3_0_config2_U0_ap_continue  |       and|   0|  0|   2|           1|           1|
    |relu_ap_fixed_32_16_5_3_0_ap_fixed_32_16_4_0_0_ReLU_config4_U0_ap_continue       |       and|   0|  0|   2|           1|           1|
    |relu_ap_fixed_32_16_5_3_0_ap_fixed_32_16_4_0_0_ReLU_config4_U0_ap_start          |       and|   0|  0|   2|           1|           1|
    |relu_ap_fixed_32_16_5_3_0_ap_fixed_32_16_4_0_0_ReLU_config7_U0_ap_continue       |       and|   0|  0|   2|           1|           1|
    |relu_ap_fixed_32_16_5_3_0_ap_fixed_32_16_4_0_0_ReLU_config7_U0_ap_start          |       and|   0|  0|   2|           1|           1|
    |ap_sync_channel_write_layer2_out                                                 |        or|   0|  0|   2|           1|           1|
    |ap_sync_channel_write_layer2_out_1                                               |        or|   0|  0|   2|           1|           1|
    |ap_sync_channel_write_layer2_out_10                                              |        or|   0|  0|   2|           1|           1|
    |ap_sync_channel_write_layer2_out_11                                              |        or|   0|  0|   2|           1|           1|
    |ap_sync_channel_write_layer2_out_12                                              |        or|   0|  0|   2|           1|           1|
    |ap_sync_channel_write_layer2_out_13                                              |        or|   0|  0|   2|           1|           1|
    |ap_sync_channel_write_layer2_out_14                                              |        or|   0|  0|   2|           1|           1|
    |ap_sync_channel_write_layer2_out_15                                              |        or|   0|  0|   2|           1|           1|
    |ap_sync_channel_write_layer2_out_16                                              |        or|   0|  0|   2|           1|           1|
    |ap_sync_channel_write_layer2_out_17                                              |        or|   0|  0|   2|           1|           1|
    |ap_sync_channel_write_layer2_out_18                                              |        or|   0|  0|   2|           1|           1|
    |ap_sync_channel_write_layer2_out_19                                              |        or|   0|  0|   2|           1|           1|
    |ap_sync_channel_write_layer2_out_2                                               |        or|   0|  0|   2|           1|           1|
    |ap_sync_channel_write_layer2_out_20                                              |        or|   0|  0|   2|           1|           1|
    |ap_sync_channel_write_layer2_out_21                                              |        or|   0|  0|   2|           1|           1|
    |ap_sync_channel_write_layer2_out_22                                              |        or|   0|  0|   2|           1|           1|
    |ap_sync_channel_write_layer2_out_23                                              |        or|   0|  0|   2|           1|           1|
    |ap_sync_channel_write_layer2_out_24                                              |        or|   0|  0|   2|           1|           1|
    |ap_sync_channel_write_layer2_out_25                                              |        or|   0|  0|   2|           1|           1|
    |ap_sync_channel_write_layer2_out_26                                              |        or|   0|  0|   2|           1|           1|
    |ap_sync_channel_write_layer2_out_27                                              |        or|   0|  0|   2|           1|           1|
    |ap_sync_channel_write_layer2_out_28                                              |        or|   0|  0|   2|           1|           1|
    |ap_sync_channel_write_layer2_out_29                                              |        or|   0|  0|   2|           1|           1|
    |ap_sync_channel_write_layer2_out_3                                               |        or|   0|  0|   2|           1|           1|
    |ap_sync_channel_write_layer2_out_30                                              |        or|   0|  0|   2|           1|           1|
    |ap_sync_channel_write_layer2_out_31                                              |        or|   0|  0|   2|           1|           1|
    |ap_sync_channel_write_layer2_out_4                                               |        or|   0|  0|   2|           1|           1|
    |ap_sync_channel_write_layer2_out_5                                               |        or|   0|  0|   2|           1|           1|
    |ap_sync_channel_write_layer2_out_6                                               |        or|   0|  0|   2|           1|           1|
    |ap_sync_channel_write_layer2_out_7                                               |        or|   0|  0|   2|           1|           1|
    |ap_sync_channel_write_layer2_out_8                                               |        or|   0|  0|   2|           1|           1|
    |ap_sync_channel_write_layer2_out_9                                               |        or|   0|  0|   2|           1|           1|
    |ap_sync_channel_write_layer4_out                                                 |        or|   0|  0|   2|           1|           1|
    |ap_sync_channel_write_layer4_out_1                                               |        or|   0|  0|   2|           1|           1|
    |ap_sync_channel_write_layer4_out_10                                              |        or|   0|  0|   2|           1|           1|
    |ap_sync_channel_write_layer4_out_11                                              |        or|   0|  0|   2|           1|           1|
    |ap_sync_channel_write_layer4_out_12                                              |        or|   0|  0|   2|           1|           1|
    |ap_sync_channel_write_layer4_out_13                                              |        or|   0|  0|   2|           1|           1|
    |ap_sync_channel_write_layer4_out_14                                              |        or|   0|  0|   2|           1|           1|
    |ap_sync_channel_write_layer4_out_15                                              |        or|   0|  0|   2|           1|           1|
    |ap_sync_channel_write_layer4_out_16                                              |        or|   0|  0|   2|           1|           1|
    |ap_sync_channel_write_layer4_out_17                                              |        or|   0|  0|   2|           1|           1|
    |ap_sync_channel_write_layer4_out_18                                              |        or|   0|  0|   2|           1|           1|
    |ap_sync_channel_write_layer4_out_19                                              |        or|   0|  0|   2|           1|           1|
    |ap_sync_channel_write_layer4_out_2                                               |        or|   0|  0|   2|           1|           1|
    |ap_sync_channel_write_layer4_out_20                                              |        or|   0|  0|   2|           1|           1|
    |ap_sync_channel_write_layer4_out_21                                              |        or|   0|  0|   2|           1|           1|
    |ap_sync_channel_write_layer4_out_22                                              |        or|   0|  0|   2|           1|           1|
    |ap_sync_channel_write_layer4_out_23                                              |        or|   0|  0|   2|           1|           1|
    |ap_sync_channel_write_layer4_out_24                                              |        or|   0|  0|   2|           1|           1|
    |ap_sync_channel_write_layer4_out_25                                              |        or|   0|  0|   2|           1|           1|
    |ap_sync_channel_write_layer4_out_26                                              |        or|   0|  0|   2|           1|           1|
    |ap_sync_channel_write_layer4_out_27                                              |        or|   0|  0|   2|           1|           1|
    |ap_sync_channel_write_layer4_out_28                                              |        or|   0|  0|   2|           1|           1|
    |ap_sync_channel_write_layer4_out_29                                              |        or|   0|  0|   2|           1|           1|
    |ap_sync_channel_write_layer4_out_3                                               |        or|   0|  0|   2|           1|           1|
    |ap_sync_channel_write_layer4_out_30                                              |        or|   0|  0|   2|           1|           1|
    |ap_sync_channel_write_layer4_out_31                                              |        or|   0|  0|   2|           1|           1|
    |ap_sync_channel_write_layer4_out_4                                               |        or|   0|  0|   2|           1|           1|
    |ap_sync_channel_write_layer4_out_5                                               |        or|   0|  0|   2|           1|           1|
    |ap_sync_channel_write_layer4_out_6                                               |        or|   0|  0|   2|           1|           1|
    |ap_sync_channel_write_layer4_out_7                                               |        or|   0|  0|   2|           1|           1|
    |ap_sync_channel_write_layer4_out_8                                               |        or|   0|  0|   2|           1|           1|
    |ap_sync_channel_write_layer4_out_9                                               |        or|   0|  0|   2|           1|           1|
    |ap_sync_channel_write_layer5_out                                                 |        or|   0|  0|   2|           1|           1|
    |ap_sync_channel_write_layer5_out_1                                               |        or|   0|  0|   2|           1|           1|
    |ap_sync_channel_write_layer5_out_10                                              |        or|   0|  0|   2|           1|           1|
    |ap_sync_channel_write_layer5_out_11                                              |        or|   0|  0|   2|           1|           1|
    |ap_sync_channel_write_layer5_out_12                                              |        or|   0|  0|   2|           1|           1|
    |ap_sync_channel_write_layer5_out_13                                              |        or|   0|  0|   2|           1|           1|
    |ap_sync_channel_write_layer5_out_14                                              |        or|   0|  0|   2|           1|           1|
    |ap_sync_channel_write_layer5_out_15                                              |        or|   0|  0|   2|           1|           1|
    |ap_sync_channel_write_layer5_out_2                                               |        or|   0|  0|   2|           1|           1|
    |ap_sync_channel_write_layer5_out_3                                               |        or|   0|  0|   2|           1|           1|
    |ap_sync_channel_write_layer5_out_4                                               |        or|   0|  0|   2|           1|           1|
    |ap_sync_channel_write_layer5_out_5                                               |        or|   0|  0|   2|           1|           1|
    |ap_sync_channel_write_layer5_out_6                                               |        or|   0|  0|   2|           1|           1|
    |ap_sync_channel_write_layer5_out_7                                               |        or|   0|  0|   2|           1|           1|
    |ap_sync_channel_write_layer5_out_8                                               |        or|   0|  0|   2|           1|           1|
    |ap_sync_channel_write_layer5_out_9                                               |        or|   0|  0|   2|           1|           1|
    |ap_sync_channel_write_layer7_out                                                 |        or|   0|  0|   2|           1|           1|
    |ap_sync_channel_write_layer7_out_1                                               |        or|   0|  0|   2|           1|           1|
    |ap_sync_channel_write_layer7_out_10                                              |        or|   0|  0|   2|           1|           1|
    |ap_sync_channel_write_layer7_out_11                                              |        or|   0|  0|   2|           1|           1|
    |ap_sync_channel_write_layer7_out_12                                              |        or|   0|  0|   2|           1|           1|
    |ap_sync_channel_write_layer7_out_13                                              |        or|   0|  0|   2|           1|           1|
    |ap_sync_channel_write_layer7_out_14                                              |        or|   0|  0|   2|           1|           1|
    |ap_sync_channel_write_layer7_out_15                                              |        or|   0|  0|   2|           1|           1|
    |ap_sync_channel_write_layer7_out_2                                               |        or|   0|  0|   2|           1|           1|
    |ap_sync_channel_write_layer7_out_3                                               |        or|   0|  0|   2|           1|           1|
    |ap_sync_channel_write_layer7_out_4                                               |        or|   0|  0|   2|           1|           1|
    |ap_sync_channel_write_layer7_out_5                                               |        or|   0|  0|   2|           1|           1|
    |ap_sync_channel_write_layer7_out_6                                               |        or|   0|  0|   2|           1|           1|
    |ap_sync_channel_write_layer7_out_7                                               |        or|   0|  0|   2|           1|           1|
    |ap_sync_channel_write_layer7_out_8                                               |        or|   0|  0|   2|           1|           1|
    |ap_sync_channel_write_layer7_out_9                                               |        or|   0|  0|   2|           1|           1|
    +---------------------------------------------------------------------------------+----------+----+---+----+------------+------------+
    |Total                                                                            |          |   0|  0| 402|         201|         201|
    +---------------------------------------------------------------------------------+----------+----+---+----+------------+------------+

    * Multiplexer: 
    +-----------------------------------------+----+-----------+-----+-----------+
    |                   Name                  | LUT| Input Size| Bits| Total Bits|
    +-----------------------------------------+----+-----------+-----+-----------+
    |ap_sync_reg_channel_write_layer2_out     |   9|          2|    1|          2|
    |ap_sync_reg_channel_write_layer2_out_1   |   9|          2|    1|          2|
    |ap_sync_reg_channel_write_layer2_out_10  |   9|          2|    1|          2|
    |ap_sync_reg_channel_write_layer2_out_11  |   9|          2|    1|          2|
    |ap_sync_reg_channel_write_layer2_out_12  |   9|          2|    1|          2|
    |ap_sync_reg_channel_write_layer2_out_13  |   9|          2|    1|          2|
    |ap_sync_reg_channel_write_layer2_out_14  |   9|          2|    1|          2|
    |ap_sync_reg_channel_write_layer2_out_15  |   9|          2|    1|          2|
    |ap_sync_reg_channel_write_layer2_out_16  |   9|          2|    1|          2|
    |ap_sync_reg_channel_write_layer2_out_17  |   9|          2|    1|          2|
    |ap_sync_reg_channel_write_layer2_out_18  |   9|          2|    1|          2|
    |ap_sync_reg_channel_write_layer2_out_19  |   9|          2|    1|          2|
    |ap_sync_reg_channel_write_layer2_out_2   |   9|          2|    1|          2|
    |ap_sync_reg_channel_write_layer2_out_20  |   9|          2|    1|          2|
    |ap_sync_reg_channel_write_layer2_out_21  |   9|          2|    1|          2|
    |ap_sync_reg_channel_write_layer2_out_22  |   9|          2|    1|          2|
    |ap_sync_reg_channel_write_layer2_out_23  |   9|          2|    1|          2|
    |ap_sync_reg_channel_write_layer2_out_24  |   9|          2|    1|          2|
    |ap_sync_reg_channel_write_layer2_out_25  |   9|          2|    1|          2|
    |ap_sync_reg_channel_write_layer2_out_26  |   9|          2|    1|          2|
    |ap_sync_reg_channel_write_layer2_out_27  |   9|          2|    1|          2|
    |ap_sync_reg_channel_write_layer2_out_28  |   9|          2|    1|          2|
    |ap_sync_reg_channel_write_layer2_out_29  |   9|          2|    1|          2|
    |ap_sync_reg_channel_write_layer2_out_3   |   9|          2|    1|          2|
    |ap_sync_reg_channel_write_layer2_out_30  |   9|          2|    1|          2|
    |ap_sync_reg_channel_write_layer2_out_31  |   9|          2|    1|          2|
    |ap_sync_reg_channel_write_layer2_out_4   |   9|          2|    1|          2|
    |ap_sync_reg_channel_write_layer2_out_5   |   9|          2|    1|          2|
    |ap_sync_reg_channel_write_layer2_out_6   |   9|          2|    1|          2|
    |ap_sync_reg_channel_write_layer2_out_7   |   9|          2|    1|          2|
    |ap_sync_reg_channel_write_layer2_out_8   |   9|          2|    1|          2|
    |ap_sync_reg_channel_write_layer2_out_9   |   9|          2|    1|          2|
    |ap_sync_reg_channel_write_layer4_out     |   9|          2|    1|          2|
    |ap_sync_reg_channel_write_layer4_out_1   |   9|          2|    1|          2|
    |ap_sync_reg_channel_write_layer4_out_10  |   9|          2|    1|          2|
    |ap_sync_reg_channel_write_layer4_out_11  |   9|          2|    1|          2|
    |ap_sync_reg_channel_write_layer4_out_12  |   9|          2|    1|          2|
    |ap_sync_reg_channel_write_layer4_out_13  |   9|          2|    1|          2|
    |ap_sync_reg_channel_write_layer4_out_14  |   9|          2|    1|          2|
    |ap_sync_reg_channel_write_layer4_out_15  |   9|          2|    1|          2|
    |ap_sync_reg_channel_write_layer4_out_16  |   9|          2|    1|          2|
    |ap_sync_reg_channel_write_layer4_out_17  |   9|          2|    1|          2|
    |ap_sync_reg_channel_write_layer4_out_18  |   9|          2|    1|          2|
    |ap_sync_reg_channel_write_layer4_out_19  |   9|          2|    1|          2|
    |ap_sync_reg_channel_write_layer4_out_2   |   9|          2|    1|          2|
    |ap_sync_reg_channel_write_layer4_out_20  |   9|          2|    1|          2|
    |ap_sync_reg_channel_write_layer4_out_21  |   9|          2|    1|          2|
    |ap_sync_reg_channel_write_layer4_out_22  |   9|          2|    1|          2|
    |ap_sync_reg_channel_write_layer4_out_23  |   9|          2|    1|          2|
    |ap_sync_reg_channel_write_layer4_out_24  |   9|          2|    1|          2|
    |ap_sync_reg_channel_write_layer4_out_25  |   9|          2|    1|          2|
    |ap_sync_reg_channel_write_layer4_out_26  |   9|          2|    1|          2|
    |ap_sync_reg_channel_write_layer4_out_27  |   9|          2|    1|          2|
    |ap_sync_reg_channel_write_layer4_out_28  |   9|          2|    1|          2|
    |ap_sync_reg_channel_write_layer4_out_29  |   9|          2|    1|          2|
    |ap_sync_reg_channel_write_layer4_out_3   |   9|          2|    1|          2|
    |ap_sync_reg_channel_write_layer4_out_30  |   9|          2|    1|          2|
    |ap_sync_reg_channel_write_layer4_out_31  |   9|          2|    1|          2|
    |ap_sync_reg_channel_write_layer4_out_4   |   9|          2|    1|          2|
    |ap_sync_reg_channel_write_layer4_out_5   |   9|          2|    1|          2|
    |ap_sync_reg_channel_write_layer4_out_6   |   9|          2|    1|          2|
    |ap_sync_reg_channel_write_layer4_out_7   |   9|          2|    1|          2|
    |ap_sync_reg_channel_write_layer4_out_8   |   9|          2|    1|          2|
    |ap_sync_reg_channel_write_layer4_out_9   |   9|          2|    1|          2|
    |ap_sync_reg_channel_write_layer5_out     |   9|          2|    1|          2|
    |ap_sync_reg_channel_write_layer5_out_1   |   9|          2|    1|          2|
    |ap_sync_reg_channel_write_layer5_out_10  |   9|          2|    1|          2|
    |ap_sync_reg_channel_write_layer5_out_11  |   9|          2|    1|          2|
    |ap_sync_reg_channel_write_layer5_out_12  |   9|          2|    1|          2|
    |ap_sync_reg_channel_write_layer5_out_13  |   9|          2|    1|          2|
    |ap_sync_reg_channel_write_layer5_out_14  |   9|          2|    1|          2|
    |ap_sync_reg_channel_write_layer5_out_15  |   9|          2|    1|          2|
    |ap_sync_reg_channel_write_layer5_out_2   |   9|          2|    1|          2|
    |ap_sync_reg_channel_write_layer5_out_3   |   9|          2|    1|          2|
    |ap_sync_reg_channel_write_layer5_out_4   |   9|          2|    1|          2|
    |ap_sync_reg_channel_write_layer5_out_5   |   9|          2|    1|          2|
    |ap_sync_reg_channel_write_layer5_out_6   |   9|          2|    1|          2|
    |ap_sync_reg_channel_write_layer5_out_7   |   9|          2|    1|          2|
    |ap_sync_reg_channel_write_layer5_out_8   |   9|          2|    1|          2|
    |ap_sync_reg_channel_write_layer5_out_9   |   9|          2|    1|          2|
    |ap_sync_reg_channel_write_layer7_out     |   9|          2|    1|          2|
    |ap_sync_reg_channel_write_layer7_out_1   |   9|          2|    1|          2|
    |ap_sync_reg_channel_write_layer7_out_10  |   9|          2|    1|          2|
    |ap_sync_reg_channel_write_layer7_out_11  |   9|          2|    1|          2|
    |ap_sync_reg_channel_write_layer7_out_12  |   9|          2|    1|          2|
    |ap_sync_reg_channel_write_layer7_out_13  |   9|          2|    1|          2|
    |ap_sync_reg_channel_write_layer7_out_14  |   9|          2|    1|          2|
    |ap_sync_reg_channel_write_layer7_out_15  |   9|          2|    1|          2|
    |ap_sync_reg_channel_write_layer7_out_2   |   9|          2|    1|          2|
    |ap_sync_reg_channel_write_layer7_out_3   |   9|          2|    1|          2|
    |ap_sync_reg_channel_write_layer7_out_4   |   9|          2|    1|          2|
    |ap_sync_reg_channel_write_layer7_out_5   |   9|          2|    1|          2|
    |ap_sync_reg_channel_write_layer7_out_6   |   9|          2|    1|          2|
    |ap_sync_reg_channel_write_layer7_out_7   |   9|          2|    1|          2|
    |ap_sync_reg_channel_write_layer7_out_8   |   9|          2|    1|          2|
    |ap_sync_reg_channel_write_layer7_out_9   |   9|          2|    1|          2|
    +-----------------------------------------+----+-----------+-----+-----------+
    |Total                                    | 864|        192|   96|        192|
    +-----------------------------------------+----+-----------+-----+-----------+

    * Register: 
    +-----------------------------------------+---+----+-----+-----------+
    |                   Name                  | FF| LUT| Bits| Const Bits|
    +-----------------------------------------+---+----+-----+-----------+
    |ap_sync_reg_channel_write_layer2_out     |  1|   0|    1|          0|
    |ap_sync_reg_channel_write_layer2_out_1   |  1|   0|    1|          0|
    |ap_sync_reg_channel_write_layer2_out_10  |  1|   0|    1|          0|
    |ap_sync_reg_channel_write_layer2_out_11  |  1|   0|    1|          0|
    |ap_sync_reg_channel_write_layer2_out_12  |  1|   0|    1|          0|
    |ap_sync_reg_channel_write_layer2_out_13  |  1|   0|    1|          0|
    |ap_sync_reg_channel_write_layer2_out_14  |  1|   0|    1|          0|
    |ap_sync_reg_channel_write_layer2_out_15  |  1|   0|    1|          0|
    |ap_sync_reg_channel_write_layer2_out_16  |  1|   0|    1|          0|
    |ap_sync_reg_channel_write_layer2_out_17  |  1|   0|    1|          0|
    |ap_sync_reg_channel_write_layer2_out_18  |  1|   0|    1|          0|
    |ap_sync_reg_channel_write_layer2_out_19  |  1|   0|    1|          0|
    |ap_sync_reg_channel_write_layer2_out_2   |  1|   0|    1|          0|
    |ap_sync_reg_channel_write_layer2_out_20  |  1|   0|    1|          0|
    |ap_sync_reg_channel_write_layer2_out_21  |  1|   0|    1|          0|
    |ap_sync_reg_channel_write_layer2_out_22  |  1|   0|    1|          0|
    |ap_sync_reg_channel_write_layer2_out_23  |  1|   0|    1|          0|
    |ap_sync_reg_channel_write_layer2_out_24  |  1|   0|    1|          0|
    |ap_sync_reg_channel_write_layer2_out_25  |  1|   0|    1|          0|
    |ap_sync_reg_channel_write_layer2_out_26  |  1|   0|    1|          0|
    |ap_sync_reg_channel_write_layer2_out_27  |  1|   0|    1|          0|
    |ap_sync_reg_channel_write_layer2_out_28  |  1|   0|    1|          0|
    |ap_sync_reg_channel_write_layer2_out_29  |  1|   0|    1|          0|
    |ap_sync_reg_channel_write_layer2_out_3   |  1|   0|    1|          0|
    |ap_sync_reg_channel_write_layer2_out_30  |  1|   0|    1|          0|
    |ap_sync_reg_channel_write_layer2_out_31  |  1|   0|    1|          0|
    |ap_sync_reg_channel_write_layer2_out_4   |  1|   0|    1|          0|
    |ap_sync_reg_channel_write_layer2_out_5   |  1|   0|    1|          0|
    |ap_sync_reg_channel_write_layer2_out_6   |  1|   0|    1|          0|
    |ap_sync_reg_channel_write_layer2_out_7   |  1|   0|    1|          0|
    |ap_sync_reg_channel_write_layer2_out_8   |  1|   0|    1|          0|
    |ap_sync_reg_channel_write_layer2_out_9   |  1|   0|    1|          0|
    |ap_sync_reg_channel_write_layer4_out     |  1|   0|    1|          0|
    |ap_sync_reg_channel_write_layer4_out_1   |  1|   0|    1|          0|
    |ap_sync_reg_channel_write_layer4_out_10  |  1|   0|    1|          0|
    |ap_sync_reg_channel_write_layer4_out_11  |  1|   0|    1|          0|
    |ap_sync_reg_channel_write_layer4_out_12  |  1|   0|    1|          0|
    |ap_sync_reg_channel_write_layer4_out_13  |  1|   0|    1|          0|
    |ap_sync_reg_channel_write_layer4_out_14  |  1|   0|    1|          0|
    |ap_sync_reg_channel_write_layer4_out_15  |  1|   0|    1|          0|
    |ap_sync_reg_channel_write_layer4_out_16  |  1|   0|    1|          0|
    |ap_sync_reg_channel_write_layer4_out_17  |  1|   0|    1|          0|
    |ap_sync_reg_channel_write_layer4_out_18  |  1|   0|    1|          0|
    |ap_sync_reg_channel_write_layer4_out_19  |  1|   0|    1|          0|
    |ap_sync_reg_channel_write_layer4_out_2   |  1|   0|    1|          0|
    |ap_sync_reg_channel_write_layer4_out_20  |  1|   0|    1|          0|
    |ap_sync_reg_channel_write_layer4_out_21  |  1|   0|    1|          0|
    |ap_sync_reg_channel_write_layer4_out_22  |  1|   0|    1|          0|
    |ap_sync_reg_channel_write_layer4_out_23  |  1|   0|    1|          0|
    |ap_sync_reg_channel_write_layer4_out_24  |  1|   0|    1|          0|
    |ap_sync_reg_channel_write_layer4_out_25  |  1|   0|    1|          0|
    |ap_sync_reg_channel_write_layer4_out_26  |  1|   0|    1|          0|
    |ap_sync_reg_channel_write_layer4_out_27  |  1|   0|    1|          0|
    |ap_sync_reg_channel_write_layer4_out_28  |  1|   0|    1|          0|
    |ap_sync_reg_channel_write_layer4_out_29  |  1|   0|    1|          0|
    |ap_sync_reg_channel_write_layer4_out_3   |  1|   0|    1|          0|
    |ap_sync_reg_channel_write_layer4_out_30  |  1|   0|    1|          0|
    |ap_sync_reg_channel_write_layer4_out_31  |  1|   0|    1|          0|
    |ap_sync_reg_channel_write_layer4_out_4   |  1|   0|    1|          0|
    |ap_sync_reg_channel_write_layer4_out_5   |  1|   0|    1|          0|
    |ap_sync_reg_channel_write_layer4_out_6   |  1|   0|    1|          0|
    |ap_sync_reg_channel_write_layer4_out_7   |  1|   0|    1|          0|
    |ap_sync_reg_channel_write_layer4_out_8   |  1|   0|    1|          0|
    |ap_sync_reg_channel_write_layer4_out_9   |  1|   0|    1|          0|
    |ap_sync_reg_channel_write_layer5_out     |  1|   0|    1|          0|
    |ap_sync_reg_channel_write_layer5_out_1   |  1|   0|    1|          0|
    |ap_sync_reg_channel_write_layer5_out_10  |  1|   0|    1|          0|
    |ap_sync_reg_channel_write_layer5_out_11  |  1|   0|    1|          0|
    |ap_sync_reg_channel_write_layer5_out_12  |  1|   0|    1|          0|
    |ap_sync_reg_channel_write_layer5_out_13  |  1|   0|    1|          0|
    |ap_sync_reg_channel_write_layer5_out_14  |  1|   0|    1|          0|
    |ap_sync_reg_channel_write_layer5_out_15  |  1|   0|    1|          0|
    |ap_sync_reg_channel_write_layer5_out_2   |  1|   0|    1|          0|
    |ap_sync_reg_channel_write_layer5_out_3   |  1|   0|    1|          0|
    |ap_sync_reg_channel_write_layer5_out_4   |  1|   0|    1|          0|
    |ap_sync_reg_channel_write_layer5_out_5   |  1|   0|    1|          0|
    |ap_sync_reg_channel_write_layer5_out_6   |  1|   0|    1|          0|
    |ap_sync_reg_channel_write_layer5_out_7   |  1|   0|    1|          0|
    |ap_sync_reg_channel_write_layer5_out_8   |  1|   0|    1|          0|
    |ap_sync_reg_channel_write_layer5_out_9   |  1|   0|    1|          0|
    |ap_sync_reg_channel_write_layer7_out     |  1|   0|    1|          0|
    |ap_sync_reg_channel_write_layer7_out_1   |  1|   0|    1|          0|
    |ap_sync_reg_channel_write_layer7_out_10  |  1|   0|    1|          0|
    |ap_sync_reg_channel_write_layer7_out_11  |  1|   0|    1|          0|
    |ap_sync_reg_channel_write_layer7_out_12  |  1|   0|    1|          0|
    |ap_sync_reg_channel_write_layer7_out_13  |  1|   0|    1|          0|
    |ap_sync_reg_channel_write_layer7_out_14  |  1|   0|    1|          0|
    |ap_sync_reg_channel_write_layer7_out_15  |  1|   0|    1|          0|
    |ap_sync_reg_channel_write_layer7_out_2   |  1|   0|    1|          0|
    |ap_sync_reg_channel_write_layer7_out_3   |  1|   0|    1|          0|
    |ap_sync_reg_channel_write_layer7_out_4   |  1|   0|    1|          0|
    |ap_sync_reg_channel_write_layer7_out_5   |  1|   0|    1|          0|
    |ap_sync_reg_channel_write_layer7_out_6   |  1|   0|    1|          0|
    |ap_sync_reg_channel_write_layer7_out_7   |  1|   0|    1|          0|
    |ap_sync_reg_channel_write_layer7_out_8   |  1|   0|    1|          0|
    |ap_sync_reg_channel_write_layer7_out_9   |  1|   0|    1|          0|
    +-----------------------------------------+---+----+-----+-----------+
    |Total                                    | 96|   0|   96|          0|
    +-----------------------------------------+---+----+-----+-----------+



================================================================
== Interface
================================================================
* Summary: 
+---------------------+-----+------+------------+--------------+--------------+
|      RTL Ports      | Dir | Bits |  Protocol  | Source Object|    C Type    |
+---------------------+-----+------+------------+--------------+--------------+
|inputs               |   in|  1824|      ap_vld|        inputs|       pointer|
|inputs_ap_vld        |   in|     1|      ap_vld|        inputs|       pointer|
|layer8_out_0         |  out|    32|      ap_vld|  layer8_out_0|       pointer|
|layer8_out_0_ap_vld  |  out|     1|      ap_vld|  layer8_out_0|       pointer|
|layer8_out_1         |  out|    32|      ap_vld|  layer8_out_1|       pointer|
|layer8_out_1_ap_vld  |  out|     1|      ap_vld|  layer8_out_1|       pointer|
|layer8_out_2         |  out|    32|      ap_vld|  layer8_out_2|       pointer|
|layer8_out_2_ap_vld  |  out|     1|      ap_vld|  layer8_out_2|       pointer|
|ap_clk               |   in|     1|  ap_ctrl_hs|     myproject|  return value|
|ap_rst               |   in|     1|  ap_ctrl_hs|     myproject|  return value|
|ap_start             |   in|     1|  ap_ctrl_hs|     myproject|  return value|
|ap_done              |  out|     1|  ap_ctrl_hs|     myproject|  return value|
|ap_ready             |  out|     1|  ap_ctrl_hs|     myproject|  return value|
|ap_idle              |  out|     1|  ap_ctrl_hs|     myproject|  return value|
+---------------------+-----+------+------------+--------------+--------------+

