

================================================================
== Vitis HLS Report for 'relu_ap_fixed_32_16_5_3_0_ap_fixed_32_16_4_0_0_ReLU_config7_s'
================================================================
* Date:           Tue Sep 17 19:57:52 2024

* Version:        2023.1 (Build 3854077 on May  4 2023)
* Project:        myproject_prj
* Solution:       solution1 (Vivado IP Flow Target)
* Product family: virtexuplus
* Target device:  xcvu9p-flga2104-2-e


================================================================
== Performance Estimates
================================================================
+ Timing: 
    * Summary: 
    +--------+----------+----------+------------+
    |  Clock |  Target  | Estimated| Uncertainty|
    +--------+----------+----------+------------+
    |ap_clk  |  25.00 ns|  2.560 ns|     6.75 ns|
    +--------+----------+----------+------------+

+ Latency: 
    * Summary: 
    +---------+---------+----------+----------+-----+-----+---------+
    |  Latency (cycles) |  Latency (absolute) |  Interval | Pipeline|
    |   min   |   max   |    min   |    max   | min | max |   Type  |
    +---------+---------+----------+----------+-----+-----+---------+
    |        0|        0|      0 ns|      0 ns|    1|    1|      yes|
    +---------+---------+----------+----------+-----+-----+---------+

    + Detail: 
        * Instance: 
        N/A

        * Loop: 
        N/A



================================================================
== Utilization Estimates
================================================================
* Summary: 
+---------------------+---------+------+---------+---------+-----+
|         Name        | BRAM_18K|  DSP |    FF   |   LUT   | URAM|
+---------------------+---------+------+---------+---------+-----+
|DSP                  |        -|     -|        -|        -|    -|
|Expression           |        -|     -|        0|     1122|    -|
|FIFO                 |        -|     -|        -|        -|    -|
|Instance             |        -|     -|        -|        -|    -|
|Memory               |        -|     -|        -|        -|    -|
|Multiplexer          |        -|     -|        -|      153|    -|
|Register             |        -|     -|      498|        -|    -|
+---------------------+---------+------+---------+---------+-----+
|Total                |        0|     0|      498|     1275|    0|
+---------------------+---------+------+---------+---------+-----+
|Available SLR        |     1440|  2280|   788160|   394080|  320|
+---------------------+---------+------+---------+---------+-----+
|Utilization SLR (%)  |        0|     0|       ~0|       ~0|    0|
+---------------------+---------+------+---------+---------+-----+
|Available            |     4320|  6840|  2364480|  1182240|  960|
+---------------------+---------+------+---------+---------+-----+
|Utilization (%)      |        0|     0|       ~0|       ~0|    0|
+---------------------+---------+------+---------+---------+-----+

+ Detail: 
    * Instance: 
    N/A

    * DSP: 
    N/A

    * Memory: 
    N/A

    * FIFO: 
    N/A

    * Expression: 
    +------------------------+----------+----+---+----+------------+------------+
    |      Variable Name     | Operation| DSP| FF| LUT| Bitwidth P0| Bitwidth P1|
    +------------------------+----------+----+---+----+------------+------------+
    |icmp_ln45_10_fu_326_p2  |      icmp|   0|  0|  39|          32|           1|
    |icmp_ln45_11_fu_344_p2  |      icmp|   0|  0|  39|          32|           1|
    |icmp_ln45_12_fu_362_p2  |      icmp|   0|  0|  39|          32|           1|
    |icmp_ln45_13_fu_380_p2  |      icmp|   0|  0|  39|          32|           1|
    |icmp_ln45_14_fu_398_p2  |      icmp|   0|  0|  39|          32|           1|
    |icmp_ln45_15_fu_416_p2  |      icmp|   0|  0|  39|          32|           1|
    |icmp_ln45_1_fu_164_p2   |      icmp|   0|  0|  39|          32|           1|
    |icmp_ln45_2_fu_182_p2   |      icmp|   0|  0|  39|          32|           1|
    |icmp_ln45_3_fu_200_p2   |      icmp|   0|  0|  39|          32|           1|
    |icmp_ln45_4_fu_218_p2   |      icmp|   0|  0|  39|          32|           1|
    |icmp_ln45_5_fu_236_p2   |      icmp|   0|  0|  39|          32|           1|
    |icmp_ln45_6_fu_254_p2   |      icmp|   0|  0|  39|          32|           1|
    |icmp_ln45_7_fu_272_p2   |      icmp|   0|  0|  39|          32|           1|
    |icmp_ln45_8_fu_290_p2   |      icmp|   0|  0|  39|          32|           1|
    |icmp_ln45_9_fu_308_p2   |      icmp|   0|  0|  39|          32|           1|
    |icmp_ln45_fu_146_p2     |      icmp|   0|  0|  39|          32|           1|
    |ap_block_state1         |        or|   0|  0|   2|           1|           1|
    |datareg_10_fu_332_p3    |    select|   0|  0|  31|           1|          31|
    |datareg_11_fu_350_p3    |    select|   0|  0|  31|           1|          31|
    |datareg_12_fu_368_p3    |    select|   0|  0|  31|           1|          31|
    |datareg_13_fu_386_p3    |    select|   0|  0|  31|           1|          31|
    |datareg_14_fu_404_p3    |    select|   0|  0|  31|           1|          31|
    |datareg_15_fu_422_p3    |    select|   0|  0|  31|           1|          31|
    |datareg_1_fu_170_p3     |    select|   0|  0|  31|           1|          31|
    |datareg_2_fu_188_p3     |    select|   0|  0|  31|           1|          31|
    |datareg_3_fu_206_p3     |    select|   0|  0|  31|           1|          31|
    |datareg_4_fu_224_p3     |    select|   0|  0|  31|           1|          31|
    |datareg_5_fu_242_p3     |    select|   0|  0|  31|           1|          31|
    |datareg_6_fu_260_p3     |    select|   0|  0|  31|           1|          31|
    |datareg_7_fu_278_p3     |    select|   0|  0|  31|           1|          31|
    |datareg_8_fu_296_p3     |    select|   0|  0|  31|           1|          31|
    |datareg_9_fu_314_p3     |    select|   0|  0|  31|           1|          31|
    |datareg_fu_152_p3       |    select|   0|  0|  31|           1|          31|
    +------------------------+----------+----+---+----+------------+------------+
    |Total                   |          |   0|  0|1122|         529|         513|
    +------------------------+----------+----+---+----+------------+------------+

    * Multiplexer: 
    +--------------+----+-----------+-----+-----------+
    |     Name     | LUT| Input Size| Bits| Total Bits|
    +--------------+----+-----------+-----+-----------+
    |ap_done       |   9|          2|    1|          2|
    |ap_return_0   |   9|          2|   31|         62|
    |ap_return_1   |   9|          2|   31|         62|
    |ap_return_10  |   9|          2|   31|         62|
    |ap_return_11  |   9|          2|   31|         62|
    |ap_return_12  |   9|          2|   31|         62|
    |ap_return_13  |   9|          2|   31|         62|
    |ap_return_14  |   9|          2|   31|         62|
    |ap_return_15  |   9|          2|   31|         62|
    |ap_return_2   |   9|          2|   31|         62|
    |ap_return_3   |   9|          2|   31|         62|
    |ap_return_4   |   9|          2|   31|         62|
    |ap_return_5   |   9|          2|   31|         62|
    |ap_return_6   |   9|          2|   31|         62|
    |ap_return_7   |   9|          2|   31|         62|
    |ap_return_8   |   9|          2|   31|         62|
    |ap_return_9   |   9|          2|   31|         62|
    +--------------+----+-----------+-----+-----------+
    |Total         | 153|         34|  497|        994|
    +--------------+----+-----------+-----+-----------+

    * Register: 
    +-------------------+----+----+-----+-----------+
    |        Name       | FF | LUT| Bits| Const Bits|
    +-------------------+----+----+-----+-----------+
    |ap_CS_fsm          |   1|   0|    1|          0|
    |ap_done_reg        |   1|   0|    1|          0|
    |ap_return_0_preg   |  31|   0|   31|          0|
    |ap_return_10_preg  |  31|   0|   31|          0|
    |ap_return_11_preg  |  31|   0|   31|          0|
    |ap_return_12_preg  |  31|   0|   31|          0|
    |ap_return_13_preg  |  31|   0|   31|          0|
    |ap_return_14_preg  |  31|   0|   31|          0|
    |ap_return_15_preg  |  31|   0|   31|          0|
    |ap_return_1_preg   |  31|   0|   31|          0|
    |ap_return_2_preg   |  31|   0|   31|          0|
    |ap_return_3_preg   |  31|   0|   31|          0|
    |ap_return_4_preg   |  31|   0|   31|          0|
    |ap_return_5_preg   |  31|   0|   31|          0|
    |ap_return_6_preg   |  31|   0|   31|          0|
    |ap_return_7_preg   |  31|   0|   31|          0|
    |ap_return_8_preg   |  31|   0|   31|          0|
    |ap_return_9_preg   |  31|   0|   31|          0|
    +-------------------+----+----+-----+-----------+
    |Total              | 498|   0|  498|          0|
    +-------------------+----+----+-----+-----------+



================================================================
== Interface
================================================================
* Summary: 
+--------------+-----+-----+------------+--------------------------------------------------------------------------+--------------+
|   RTL Ports  | Dir | Bits|  Protocol  |                               Source Object                              |    C Type    |
+--------------+-----+-----+------------+--------------------------------------------------------------------------+--------------+
|ap_clk        |   in|    1|  ap_ctrl_hs|  relu<ap_fixed<32, 16, 5, 3, 0>, ap_fixed<32, 16, 4, 0, 0>, ReLU_config7>|  return value|
|ap_rst        |   in|    1|  ap_ctrl_hs|  relu<ap_fixed<32, 16, 5, 3, 0>, ap_fixed<32, 16, 4, 0, 0>, ReLU_config7>|  return value|
|ap_start      |   in|    1|  ap_ctrl_hs|  relu<ap_fixed<32, 16, 5, 3, 0>, ap_fixed<32, 16, 4, 0, 0>, ReLU_config7>|  return value|
|ap_done       |  out|    1|  ap_ctrl_hs|  relu<ap_fixed<32, 16, 5, 3, 0>, ap_fixed<32, 16, 4, 0, 0>, ReLU_config7>|  return value|
|ap_continue   |   in|    1|  ap_ctrl_hs|  relu<ap_fixed<32, 16, 5, 3, 0>, ap_fixed<32, 16, 4, 0, 0>, ReLU_config7>|  return value|
|ap_idle       |  out|    1|  ap_ctrl_hs|  relu<ap_fixed<32, 16, 5, 3, 0>, ap_fixed<32, 16, 4, 0, 0>, ReLU_config7>|  return value|
|ap_ready      |  out|    1|  ap_ctrl_hs|  relu<ap_fixed<32, 16, 5, 3, 0>, ap_fixed<32, 16, 4, 0, 0>, ReLU_config7>|  return value|
|ap_return_0   |  out|   31|  ap_ctrl_hs|  relu<ap_fixed<32, 16, 5, 3, 0>, ap_fixed<32, 16, 4, 0, 0>, ReLU_config7>|  return value|
|ap_return_1   |  out|   31|  ap_ctrl_hs|  relu<ap_fixed<32, 16, 5, 3, 0>, ap_fixed<32, 16, 4, 0, 0>, ReLU_config7>|  return value|
|ap_return_2   |  out|   31|  ap_ctrl_hs|  relu<ap_fixed<32, 16, 5, 3, 0>, ap_fixed<32, 16, 4, 0, 0>, ReLU_config7>|  return value|
|ap_return_3   |  out|   31|  ap_ctrl_hs|  relu<ap_fixed<32, 16, 5, 3, 0>, ap_fixed<32, 16, 4, 0, 0>, ReLU_config7>|  return value|
|ap_return_4   |  out|   31|  ap_ctrl_hs|  relu<ap_fixed<32, 16, 5, 3, 0>, ap_fixed<32, 16, 4, 0, 0>, ReLU_config7>|  return value|
|ap_return_5   |  out|   31|  ap_ctrl_hs|  relu<ap_fixed<32, 16, 5, 3, 0>, ap_fixed<32, 16, 4, 0, 0>, ReLU_config7>|  return value|
|ap_return_6   |  out|   31|  ap_ctrl_hs|  relu<ap_fixed<32, 16, 5, 3, 0>, ap_fixed<32, 16, 4, 0, 0>, ReLU_config7>|  return value|
|ap_return_7   |  out|   31|  ap_ctrl_hs|  relu<ap_fixed<32, 16, 5, 3, 0>, ap_fixed<32, 16, 4, 0, 0>, ReLU_config7>|  return value|
|ap_return_8   |  out|   31|  ap_ctrl_hs|  relu<ap_fixed<32, 16, 5, 3, 0>, ap_fixed<32, 16, 4, 0, 0>, ReLU_config7>|  return value|
|ap_return_9   |  out|   31|  ap_ctrl_hs|  relu<ap_fixed<32, 16, 5, 3, 0>, ap_fixed<32, 16, 4, 0, 0>, ReLU_config7>|  return value|
|ap_return_10  |  out|   31|  ap_ctrl_hs|  relu<ap_fixed<32, 16, 5, 3, 0>, ap_fixed<32, 16, 4, 0, 0>, ReLU_config7>|  return value|
|ap_return_11  |  out|   31|  ap_ctrl_hs|  relu<ap_fixed<32, 16, 5, 3, 0>, ap_fixed<32, 16, 4, 0, 0>, ReLU_config7>|  return value|
|ap_return_12  |  out|   31|  ap_ctrl_hs|  relu<ap_fixed<32, 16, 5, 3, 0>, ap_fixed<32, 16, 4, 0, 0>, ReLU_config7>|  return value|
|ap_return_13  |  out|   31|  ap_ctrl_hs|  relu<ap_fixed<32, 16, 5, 3, 0>, ap_fixed<32, 16, 4, 0, 0>, ReLU_config7>|  return value|
|ap_return_14  |  out|   31|  ap_ctrl_hs|  relu<ap_fixed<32, 16, 5, 3, 0>, ap_fixed<32, 16, 4, 0, 0>, ReLU_config7>|  return value|
|ap_return_15  |  out|   31|  ap_ctrl_hs|  relu<ap_fixed<32, 16, 5, 3, 0>, ap_fixed<32, 16, 4, 0, 0>, ReLU_config7>|  return value|
|p_read        |   in|   32|     ap_none|                                                                    p_read|        scalar|
|p_read1       |   in|   32|     ap_none|                                                                   p_read1|        scalar|
|p_read2       |   in|   32|     ap_none|                                                                   p_read2|        scalar|
|p_read3       |   in|   32|     ap_none|                                                                   p_read3|        scalar|
|p_read4       |   in|   32|     ap_none|                                                                   p_read4|        scalar|
|p_read5       |   in|   32|     ap_none|                                                                   p_read5|        scalar|
|p_read6       |   in|   32|     ap_none|                                                                   p_read6|        scalar|
|p_read7       |   in|   32|     ap_none|                                                                   p_read7|        scalar|
|p_read8       |   in|   32|     ap_none|                                                                   p_read8|        scalar|
|p_read9       |   in|   32|     ap_none|                                                                   p_read9|        scalar|
|p_read10      |   in|   32|     ap_none|                                                                  p_read10|        scalar|
|p_read11      |   in|   32|     ap_none|                                                                  p_read11|        scalar|
|p_read12      |   in|   32|     ap_none|                                                                  p_read12|        scalar|
|p_read13      |   in|   32|     ap_none|                                                                  p_read13|        scalar|
|p_read14      |   in|   32|     ap_none|                                                                  p_read14|        scalar|
|p_read15      |   in|   32|     ap_none|                                                                  p_read15|        scalar|
+--------------+-----+-----+------------+--------------------------------------------------------------------------+--------------+

