

================================================================
== Vitis HLS Report for 'relu_ap_fixed_32_16_5_3_0_ap_fixed_32_16_4_0_0_ReLU_config4_s'
================================================================
* Date:           Tue Sep 17 19:57:50 2024

* Version:        2023.1 (Build 3854077 on May  4 2023)
* Project:        myproject_prj
* Solution:       solution1 (Vivado IP Flow Target)
* Product family: virtexuplus
* Target device:  xcvu9p-flga2104-2-e


================================================================
== Performance Estimates
================================================================
+ Timing: 
    * Summary: 
    +--------+----------+----------+------------+
    |  Clock |  Target  | Estimated| Uncertainty|
    +--------+----------+----------+------------+
    |ap_clk  |  25.00 ns|  2.560 ns|     6.75 ns|
    +--------+----------+----------+------------+

+ Latency: 
    * Summary: 
    +---------+---------+----------+----------+-----+-----+---------+
    |  Latency (cycles) |  Latency (absolute) |  Interval | Pipeline|
    |   min   |   max   |    min   |    max   | min | max |   Type  |
    +---------+---------+----------+----------+-----+-----+---------+
    |        0|        0|      0 ns|      0 ns|    1|    1|      yes|
    +---------+---------+----------+----------+-----+-----+---------+

    + Detail: 
        * Instance: 
        N/A

        * Loop: 
        N/A



================================================================
== Utilization Estimates
================================================================
* Summary: 
+---------------------+---------+------+---------+---------+-----+
|         Name        | BRAM_18K|  DSP |    FF   |   LUT   | URAM|
+---------------------+---------+------+---------+---------+-----+
|DSP                  |        -|     -|        -|        -|    -|
|Expression           |        -|     -|        0|     2242|    -|
|FIFO                 |        -|     -|        -|        -|    -|
|Instance             |        -|     -|        -|        -|    -|
|Memory               |        -|     -|        -|        -|    -|
|Multiplexer          |        -|     -|        -|      297|    -|
|Register             |        -|     -|      994|        -|    -|
+---------------------+---------+------+---------+---------+-----+
|Total                |        0|     0|      994|     2539|    0|
+---------------------+---------+------+---------+---------+-----+
|Available SLR        |     1440|  2280|   788160|   394080|  320|
+---------------------+---------+------+---------+---------+-----+
|Utilization SLR (%)  |        0|     0|       ~0|       ~0|    0|
+---------------------+---------+------+---------+---------+-----+
|Available            |     4320|  6840|  2364480|  1182240|  960|
+---------------------+---------+------+---------+---------+-----+
|Utilization (%)      |        0|     0|       ~0|       ~0|    0|
+---------------------+---------+------+---------+---------+-----+

+ Detail: 
    * Instance: 
    N/A

    * DSP: 
    N/A

    * Memory: 
    N/A

    * FIFO: 
    N/A

    * Expression: 
    +------------------------+----------+----+---+----+------------+------------+
    |      Variable Name     | Operation| DSP| FF| LUT| Bitwidth P0| Bitwidth P1|
    +------------------------+----------+----+---+----+------------+------------+
    |icmp_ln45_16_fu_292_p2  |      icmp|   0|  0|  39|          32|           1|
    |icmp_ln45_17_fu_310_p2  |      icmp|   0|  0|  39|          32|           1|
    |icmp_ln45_18_fu_328_p2  |      icmp|   0|  0|  39|          32|           1|
    |icmp_ln45_19_fu_346_p2  |      icmp|   0|  0|  39|          32|           1|
    |icmp_ln45_20_fu_364_p2  |      icmp|   0|  0|  39|          32|           1|
    |icmp_ln45_21_fu_382_p2  |      icmp|   0|  0|  39|          32|           1|
    |icmp_ln45_22_fu_400_p2  |      icmp|   0|  0|  39|          32|           1|
    |icmp_ln45_23_fu_418_p2  |      icmp|   0|  0|  39|          32|           1|
    |icmp_ln45_24_fu_436_p2  |      icmp|   0|  0|  39|          32|           1|
    |icmp_ln45_25_fu_454_p2  |      icmp|   0|  0|  39|          32|           1|
    |icmp_ln45_26_fu_472_p2  |      icmp|   0|  0|  39|          32|           1|
    |icmp_ln45_27_fu_490_p2  |      icmp|   0|  0|  39|          32|           1|
    |icmp_ln45_28_fu_508_p2  |      icmp|   0|  0|  39|          32|           1|
    |icmp_ln45_29_fu_526_p2  |      icmp|   0|  0|  39|          32|           1|
    |icmp_ln45_30_fu_544_p2  |      icmp|   0|  0|  39|          32|           1|
    |icmp_ln45_31_fu_562_p2  |      icmp|   0|  0|  39|          32|           1|
    |icmp_ln45_32_fu_580_p2  |      icmp|   0|  0|  39|          32|           1|
    |icmp_ln45_33_fu_598_p2  |      icmp|   0|  0|  39|          32|           1|
    |icmp_ln45_34_fu_616_p2  |      icmp|   0|  0|  39|          32|           1|
    |icmp_ln45_35_fu_634_p2  |      icmp|   0|  0|  39|          32|           1|
    |icmp_ln45_36_fu_652_p2  |      icmp|   0|  0|  39|          32|           1|
    |icmp_ln45_37_fu_670_p2  |      icmp|   0|  0|  39|          32|           1|
    |icmp_ln45_38_fu_688_p2  |      icmp|   0|  0|  39|          32|           1|
    |icmp_ln45_39_fu_706_p2  |      icmp|   0|  0|  39|          32|           1|
    |icmp_ln45_40_fu_724_p2  |      icmp|   0|  0|  39|          32|           1|
    |icmp_ln45_41_fu_742_p2  |      icmp|   0|  0|  39|          32|           1|
    |icmp_ln45_42_fu_760_p2  |      icmp|   0|  0|  39|          32|           1|
    |icmp_ln45_43_fu_778_p2  |      icmp|   0|  0|  39|          32|           1|
    |icmp_ln45_44_fu_796_p2  |      icmp|   0|  0|  39|          32|           1|
    |icmp_ln45_45_fu_814_p2  |      icmp|   0|  0|  39|          32|           1|
    |icmp_ln45_46_fu_832_p2  |      icmp|   0|  0|  39|          32|           1|
    |icmp_ln45_fu_274_p2     |      icmp|   0|  0|  39|          32|           1|
    |ap_block_state1         |        or|   0|  0|   2|           1|           1|
    |datareg_16_fu_298_p3    |    select|   0|  0|  31|           1|          31|
    |datareg_17_fu_316_p3    |    select|   0|  0|  31|           1|          31|
    |datareg_18_fu_334_p3    |    select|   0|  0|  31|           1|          31|
    |datareg_19_fu_352_p3    |    select|   0|  0|  31|           1|          31|
    |datareg_20_fu_370_p3    |    select|   0|  0|  31|           1|          31|
    |datareg_21_fu_388_p3    |    select|   0|  0|  31|           1|          31|
    |datareg_22_fu_406_p3    |    select|   0|  0|  31|           1|          31|
    |datareg_23_fu_424_p3    |    select|   0|  0|  31|           1|          31|
    |datareg_24_fu_442_p3    |    select|   0|  0|  31|           1|          31|
    |datareg_25_fu_460_p3    |    select|   0|  0|  31|           1|          31|
    |datareg_26_fu_478_p3    |    select|   0|  0|  31|           1|          31|
    |datareg_27_fu_496_p3    |    select|   0|  0|  31|           1|          31|
    |datareg_28_fu_514_p3    |    select|   0|  0|  31|           1|          31|
    |datareg_29_fu_532_p3    |    select|   0|  0|  31|           1|          31|
    |datareg_30_fu_550_p3    |    select|   0|  0|  31|           1|          31|
    |datareg_31_fu_568_p3    |    select|   0|  0|  31|           1|          31|
    |datareg_32_fu_586_p3    |    select|   0|  0|  31|           1|          31|
    |datareg_33_fu_604_p3    |    select|   0|  0|  31|           1|          31|
    |datareg_34_fu_622_p3    |    select|   0|  0|  31|           1|          31|
    |datareg_35_fu_640_p3    |    select|   0|  0|  31|           1|          31|
    |datareg_36_fu_658_p3    |    select|   0|  0|  31|           1|          31|
    |datareg_37_fu_676_p3    |    select|   0|  0|  31|           1|          31|
    |datareg_38_fu_694_p3    |    select|   0|  0|  31|           1|          31|
    |datareg_39_fu_712_p3    |    select|   0|  0|  31|           1|          31|
    |datareg_40_fu_730_p3    |    select|   0|  0|  31|           1|          31|
    |datareg_41_fu_748_p3    |    select|   0|  0|  31|           1|          31|
    |datareg_42_fu_766_p3    |    select|   0|  0|  31|           1|          31|
    |datareg_43_fu_784_p3    |    select|   0|  0|  31|           1|          31|
    |datareg_44_fu_802_p3    |    select|   0|  0|  31|           1|          31|
    |datareg_45_fu_820_p3    |    select|   0|  0|  31|           1|          31|
    |datareg_46_fu_838_p3    |    select|   0|  0|  31|           1|          31|
    |datareg_fu_280_p3       |    select|   0|  0|  31|           1|          31|
    +------------------------+----------+----+---+----+------------+------------+
    |Total                   |          |   0|  0|2242|        1057|        1025|
    +------------------------+----------+----+---+----+------------+------------+

    * Multiplexer: 
    +--------------+----+-----------+-----+-----------+
    |     Name     | LUT| Input Size| Bits| Total Bits|
    +--------------+----+-----------+-----+-----------+
    |ap_done       |   9|          2|    1|          2|
    |ap_return_0   |   9|          2|   31|         62|
    |ap_return_1   |   9|          2|   31|         62|
    |ap_return_10  |   9|          2|   31|         62|
    |ap_return_11  |   9|          2|   31|         62|
    |ap_return_12  |   9|          2|   31|         62|
    |ap_return_13  |   9|          2|   31|         62|
    |ap_return_14  |   9|          2|   31|         62|
    |ap_return_15  |   9|          2|   31|         62|
    |ap_return_16  |   9|          2|   31|         62|
    |ap_return_17  |   9|          2|   31|         62|
    |ap_return_18  |   9|          2|   31|         62|
    |ap_return_19  |   9|          2|   31|         62|
    |ap_return_2   |   9|          2|   31|         62|
    |ap_return_20  |   9|          2|   31|         62|
    |ap_return_21  |   9|          2|   31|         62|
    |ap_return_22  |   9|          2|   31|         62|
    |ap_return_23  |   9|          2|   31|         62|
    |ap_return_24  |   9|          2|   31|         62|
    |ap_return_25  |   9|          2|   31|         62|
    |ap_return_26  |   9|          2|   31|         62|
    |ap_return_27  |   9|          2|   31|         62|
    |ap_return_28  |   9|          2|   31|         62|
    |ap_return_29  |   9|          2|   31|         62|
    |ap_return_3   |   9|          2|   31|         62|
    |ap_return_30  |   9|          2|   31|         62|
    |ap_return_31  |   9|          2|   31|         62|
    |ap_return_4   |   9|          2|   31|         62|
    |ap_return_5   |   9|          2|   31|         62|
    |ap_return_6   |   9|          2|   31|         62|
    |ap_return_7   |   9|          2|   31|         62|
    |ap_return_8   |   9|          2|   31|         62|
    |ap_return_9   |   9|          2|   31|         62|
    +--------------+----+-----------+-----+-----------+
    |Total         | 297|         66|  993|       1986|
    +--------------+----+-----------+-----+-----------+

    * Register: 
    +-------------------+----+----+-----+-----------+
    |        Name       | FF | LUT| Bits| Const Bits|
    +-------------------+----+----+-----+-----------+
    |ap_CS_fsm          |   1|   0|    1|          0|
    |ap_done_reg        |   1|   0|    1|          0|
    |ap_return_0_preg   |  31|   0|   31|          0|
    |ap_return_10_preg  |  31|   0|   31|          0|
    |ap_return_11_preg  |  31|   0|   31|          0|
    |ap_return_12_preg  |  31|   0|   31|          0|
    |ap_return_13_preg  |  31|   0|   31|          0|
    |ap_return_14_preg  |  31|   0|   31|          0|
    |ap_return_15_preg  |  31|   0|   31|          0|
    |ap_return_16_preg  |  31|   0|   31|          0|
    |ap_return_17_preg  |  31|   0|   31|          0|
    |ap_return_18_preg  |  31|   0|   31|          0|
    |ap_return_19_preg  |  31|   0|   31|          0|
    |ap_return_1_preg   |  31|   0|   31|          0|
    |ap_return_20_preg  |  31|   0|   31|          0|
    |ap_return_21_preg  |  31|   0|   31|          0|
    |ap_return_22_preg  |  31|   0|   31|          0|
    |ap_return_23_preg  |  31|   0|   31|          0|
    |ap_return_24_preg  |  31|   0|   31|          0|
    |ap_return_25_preg  |  31|   0|   31|          0|
    |ap_return_26_preg  |  31|   0|   31|          0|
    |ap_return_27_preg  |  31|   0|   31|          0|
    |ap_return_28_preg  |  31|   0|   31|          0|
    |ap_return_29_preg  |  31|   0|   31|          0|
    |ap_return_2_preg   |  31|   0|   31|          0|
    |ap_return_30_preg  |  31|   0|   31|          0|
    |ap_return_31_preg  |  31|   0|   31|          0|
    |ap_return_3_preg   |  31|   0|   31|          0|
    |ap_return_4_preg   |  31|   0|   31|          0|
    |ap_return_5_preg   |  31|   0|   31|          0|
    |ap_return_6_preg   |  31|   0|   31|          0|
    |ap_return_7_preg   |  31|   0|   31|          0|
    |ap_return_8_preg   |  31|   0|   31|          0|
    |ap_return_9_preg   |  31|   0|   31|          0|
    +-------------------+----+----+-----+-----------+
    |Total              | 994|   0|  994|          0|
    +-------------------+----+----+-----+-----------+



================================================================
== Interface
================================================================
* Summary: 
+--------------+-----+-----+------------+--------------------------------------------------------------------------+--------------+
|   RTL Ports  | Dir | Bits|  Protocol  |                               Source Object                              |    C Type    |
+--------------+-----+-----+------------+--------------------------------------------------------------------------+--------------+
|ap_clk        |   in|    1|  ap_ctrl_hs|  relu<ap_fixed<32, 16, 5, 3, 0>, ap_fixed<32, 16, 4, 0, 0>, ReLU_config4>|  return value|
|ap_rst        |   in|    1|  ap_ctrl_hs|  relu<ap_fixed<32, 16, 5, 3, 0>, ap_fixed<32, 16, 4, 0, 0>, ReLU_config4>|  return value|
|ap_start      |   in|    1|  ap_ctrl_hs|  relu<ap_fixed<32, 16, 5, 3, 0>, ap_fixed<32, 16, 4, 0, 0>, ReLU_config4>|  return value|
|ap_done       |  out|    1|  ap_ctrl_hs|  relu<ap_fixed<32, 16, 5, 3, 0>, ap_fixed<32, 16, 4, 0, 0>, ReLU_config4>|  return value|
|ap_continue   |   in|    1|  ap_ctrl_hs|  relu<ap_fixed<32, 16, 5, 3, 0>, ap_fixed<32, 16, 4, 0, 0>, ReLU_config4>|  return value|
|ap_idle       |  out|    1|  ap_ctrl_hs|  relu<ap_fixed<32, 16, 5, 3, 0>, ap_fixed<32, 16, 4, 0, 0>, ReLU_config4>|  return value|
|ap_ready      |  out|    1|  ap_ctrl_hs|  relu<ap_fixed<32, 16, 5, 3, 0>, ap_fixed<32, 16, 4, 0, 0>, ReLU_config4>|  return value|
|ap_return_0   |  out|   31|  ap_ctrl_hs|  relu<ap_fixed<32, 16, 5, 3, 0>, ap_fixed<32, 16, 4, 0, 0>, ReLU_config4>|  return value|
|ap_return_1   |  out|   31|  ap_ctrl_hs|  relu<ap_fixed<32, 16, 5, 3, 0>, ap_fixed<32, 16, 4, 0, 0>, ReLU_config4>|  return value|
|ap_return_2   |  out|   31|  ap_ctrl_hs|  relu<ap_fixed<32, 16, 5, 3, 0>, ap_fixed<32, 16, 4, 0, 0>, ReLU_config4>|  return value|
|ap_return_3   |  out|   31|  ap_ctrl_hs|  relu<ap_fixed<32, 16, 5, 3, 0>, ap_fixed<32, 16, 4, 0, 0>, ReLU_config4>|  return value|
|ap_return_4   |  out|   31|  ap_ctrl_hs|  relu<ap_fixed<32, 16, 5, 3, 0>, ap_fixed<32, 16, 4, 0, 0>, ReLU_config4>|  return value|
|ap_return_5   |  out|   31|  ap_ctrl_hs|  relu<ap_fixed<32, 16, 5, 3, 0>, ap_fixed<32, 16, 4, 0, 0>, ReLU_config4>|  return value|
|ap_return_6   |  out|   31|  ap_ctrl_hs|  relu<ap_fixed<32, 16, 5, 3, 0>, ap_fixed<32, 16, 4, 0, 0>, ReLU_config4>|  return value|
|ap_return_7   |  out|   31|  ap_ctrl_hs|  relu<ap_fixed<32, 16, 5, 3, 0>, ap_fixed<32, 16, 4, 0, 0>, ReLU_config4>|  return value|
|ap_return_8   |  out|   31|  ap_ctrl_hs|  relu<ap_fixed<32, 16, 5, 3, 0>, ap_fixed<32, 16, 4, 0, 0>, ReLU_config4>|  return value|
|ap_return_9   |  out|   31|  ap_ctrl_hs|  relu<ap_fixed<32, 16, 5, 3, 0>, ap_fixed<32, 16, 4, 0, 0>, ReLU_config4>|  return value|
|ap_return_10  |  out|   31|  ap_ctrl_hs|  relu<ap_fixed<32, 16, 5, 3, 0>, ap_fixed<32, 16, 4, 0, 0>, ReLU_config4>|  return value|
|ap_return_11  |  out|   31|  ap_ctrl_hs|  relu<ap_fixed<32, 16, 5, 3, 0>, ap_fixed<32, 16, 4, 0, 0>, ReLU_config4>|  return value|
|ap_return_12  |  out|   31|  ap_ctrl_hs|  relu<ap_fixed<32, 16, 5, 3, 0>, ap_fixed<32, 16, 4, 0, 0>, ReLU_config4>|  return value|
|ap_return_13  |  out|   31|  ap_ctrl_hs|  relu<ap_fixed<32, 16, 5, 3, 0>, ap_fixed<32, 16, 4, 0, 0>, ReLU_config4>|  return value|
|ap_return_14  |  out|   31|  ap_ctrl_hs|  relu<ap_fixed<32, 16, 5, 3, 0>, ap_fixed<32, 16, 4, 0, 0>, ReLU_config4>|  return value|
|ap_return_15  |  out|   31|  ap_ctrl_hs|  relu<ap_fixed<32, 16, 5, 3, 0>, ap_fixed<32, 16, 4, 0, 0>, ReLU_config4>|  return value|
|ap_return_16  |  out|   31|  ap_ctrl_hs|  relu<ap_fixed<32, 16, 5, 3, 0>, ap_fixed<32, 16, 4, 0, 0>, ReLU_config4>|  return value|
|ap_return_17  |  out|   31|  ap_ctrl_hs|  relu<ap_fixed<32, 16, 5, 3, 0>, ap_fixed<32, 16, 4, 0, 0>, ReLU_config4>|  return value|
|ap_return_18  |  out|   31|  ap_ctrl_hs|  relu<ap_fixed<32, 16, 5, 3, 0>, ap_fixed<32, 16, 4, 0, 0>, ReLU_config4>|  return value|
|ap_return_19  |  out|   31|  ap_ctrl_hs|  relu<ap_fixed<32, 16, 5, 3, 0>, ap_fixed<32, 16, 4, 0, 0>, ReLU_config4>|  return value|
|ap_return_20  |  out|   31|  ap_ctrl_hs|  relu<ap_fixed<32, 16, 5, 3, 0>, ap_fixed<32, 16, 4, 0, 0>, ReLU_config4>|  return value|
|ap_return_21  |  out|   31|  ap_ctrl_hs|  relu<ap_fixed<32, 16, 5, 3, 0>, ap_fixed<32, 16, 4, 0, 0>, ReLU_config4>|  return value|
|ap_return_22  |  out|   31|  ap_ctrl_hs|  relu<ap_fixed<32, 16, 5, 3, 0>, ap_fixed<32, 16, 4, 0, 0>, ReLU_config4>|  return value|
|ap_return_23  |  out|   31|  ap_ctrl_hs|  relu<ap_fixed<32, 16, 5, 3, 0>, ap_fixed<32, 16, 4, 0, 0>, ReLU_config4>|  return value|
|ap_return_24  |  out|   31|  ap_ctrl_hs|  relu<ap_fixed<32, 16, 5, 3, 0>, ap_fixed<32, 16, 4, 0, 0>, ReLU_config4>|  return value|
|ap_return_25  |  out|   31|  ap_ctrl_hs|  relu<ap_fixed<32, 16, 5, 3, 0>, ap_fixed<32, 16, 4, 0, 0>, ReLU_config4>|  return value|
|ap_return_26  |  out|   31|  ap_ctrl_hs|  relu<ap_fixed<32, 16, 5, 3, 0>, ap_fixed<32, 16, 4, 0, 0>, ReLU_config4>|  return value|
|ap_return_27  |  out|   31|  ap_ctrl_hs|  relu<ap_fixed<32, 16, 5, 3, 0>, ap_fixed<32, 16, 4, 0, 0>, ReLU_config4>|  return value|
|ap_return_28  |  out|   31|  ap_ctrl_hs|  relu<ap_fixed<32, 16, 5, 3, 0>, ap_fixed<32, 16, 4, 0, 0>, ReLU_config4>|  return value|
|ap_return_29  |  out|   31|  ap_ctrl_hs|  relu<ap_fixed<32, 16, 5, 3, 0>, ap_fixed<32, 16, 4, 0, 0>, ReLU_config4>|  return value|
|ap_return_30  |  out|   31|  ap_ctrl_hs|  relu<ap_fixed<32, 16, 5, 3, 0>, ap_fixed<32, 16, 4, 0, 0>, ReLU_config4>|  return value|
|ap_return_31  |  out|   31|  ap_ctrl_hs|  relu<ap_fixed<32, 16, 5, 3, 0>, ap_fixed<32, 16, 4, 0, 0>, ReLU_config4>|  return value|
|p_read        |   in|   32|     ap_none|                                                                    p_read|        scalar|
|p_read1       |   in|   32|     ap_none|                                                                   p_read1|        scalar|
|p_read2       |   in|   32|     ap_none|                                                                   p_read2|        scalar|
|p_read3       |   in|   32|     ap_none|                                                                   p_read3|        scalar|
|p_read4       |   in|   32|     ap_none|                                                                   p_read4|        scalar|
|p_read5       |   in|   32|     ap_none|                                                                   p_read5|        scalar|
|p_read6       |   in|   32|     ap_none|                                                                   p_read6|        scalar|
|p_read7       |   in|   32|     ap_none|                                                                   p_read7|        scalar|
|p_read8       |   in|   32|     ap_none|                                                                   p_read8|        scalar|
|p_read9       |   in|   32|     ap_none|                                                                   p_read9|        scalar|
|p_read10      |   in|   32|     ap_none|                                                                  p_read10|        scalar|
|p_read11      |   in|   32|     ap_none|                                                                  p_read11|        scalar|
|p_read12      |   in|   32|     ap_none|                                                                  p_read12|        scalar|
|p_read13      |   in|   32|     ap_none|                                                                  p_read13|        scalar|
|p_read14      |   in|   32|     ap_none|                                                                  p_read14|        scalar|
|p_read15      |   in|   32|     ap_none|                                                                  p_read15|        scalar|
|p_read16      |   in|   32|     ap_none|                                                                  p_read16|        scalar|
|p_read17      |   in|   32|     ap_none|                                                                  p_read17|        scalar|
|p_read18      |   in|   32|     ap_none|                                                                  p_read18|        scalar|
|p_read19      |   in|   32|     ap_none|                                                                  p_read19|        scalar|
|p_read20      |   in|   32|     ap_none|                                                                  p_read20|        scalar|
|p_read21      |   in|   32|     ap_none|                                                                  p_read21|        scalar|
|p_read22      |   in|   32|     ap_none|                                                                  p_read22|        scalar|
|p_read23      |   in|   32|     ap_none|                                                                  p_read23|        scalar|
|p_read24      |   in|   32|     ap_none|                                                                  p_read24|        scalar|
|p_read25      |   in|   32|     ap_none|                                                                  p_read25|        scalar|
|p_read26      |   in|   32|     ap_none|                                                                  p_read26|        scalar|
|p_read27      |   in|   32|     ap_none|                                                                  p_read27|        scalar|
|p_read28      |   in|   32|     ap_none|                                                                  p_read28|        scalar|
|p_read29      |   in|   32|     ap_none|                                                                  p_read29|        scalar|
|p_read30      |   in|   32|     ap_none|                                                                  p_read30|        scalar|
|p_read31      |   in|   32|     ap_none|                                                                  p_read31|        scalar|
+--------------+-----+-----+------------+--------------------------------------------------------------------------+--------------+

