
****** Vivado(TM) HLS - High-Level Synthesis from C, C++ and SystemC v2019.2 (64-bit)
  **** SW Build 2708876 on Wed Nov  6 21:39:14 MST 2019
  **** IP Build 2700528 on Thu Nov  7 00:09:20 MST 2019
    ** Copyright 1986-2019 Xilinx, Inc. All Rights Reserved.

source /afs/slac.stanford.edu/g/reseng/xilinx/2019.2/Vivado/2019.2/scripts/vivado_hls/hls.tcl -notrace
INFO: [HLS 200-10] Running '/afs/slac.stanford.edu/g/reseng/xilinx/2019.2/Vivado/2019.2/bin/unwrapped/lnx64.o/vivado_hls'
INFO: [HLS 200-10] For user 'hjia625' on host 'rdsrv413' (Linux_x86_64 version 5.15.0-119-generic) on Tue Sep 17 10:41:26 PDT 2024
INFO: [HLS 200-10] On os Ubuntu 20.04.6 LTS
INFO: [HLS 200-10] In directory '/u1/hjia625/conifer/Latency_small_SNL_VAE'
Sourcing Tcl script 'build_prj.tcl'
INFO: [HLS 200-10] Creating and opening project '/u1/hjia625/conifer/Latency_small_SNL_VAE/myproject_prj'.
INFO: [HLS 200-10] Adding design file 'firmware/myproject.cpp' to the project
INFO: [HLS 200-10] Adding test bench file 'myproject_test.cpp' to the project
INFO: [HLS 200-10] Adding test bench file 'firmware/weights' to the project
INFO: [HLS 200-10] Adding test bench file 'tb_data' to the project
INFO: [HLS 200-10] Creating and opening solution '/u1/hjia625/conifer/Latency_small_SNL_VAE/myproject_prj/solution1'.
INFO: [XFORM 203-101] Allowed max sub elements number after partition is 4096.
INFO: [XFORM 203-1161] The maximum of name length is set into 80.
INFO: [HLS 200-10] Setting target device to 'xcvu9p-flga2104-2-e'
INFO: [SYN 201-201] Setting up clock 'default' with a period of 25ns.
INFO: [SYN 201-201] Setting up clock 'default' with an uncertainty of 6.75ns.
***** C/RTL SYNTHESIS *****
INFO: [SCHED 204-61] Option 'relax_ii_for_timing' is enabled, will increase II to preserve clock frequency constraints.
INFO: [HLS 200-10] Analyzing design file 'firmware/myproject.cpp' ... 
INFO: [HLS 200-111] Finished Linking Time (s): cpu = 00:00:08 ; elapsed = 00:00:11 . Memory (MB): peak = 939.246 ; gain = 526.004 ; free physical = 11148 ; free virtual = 16934
INFO: [HLS 200-111] Finished Checking Pragmas Time (s): cpu = 00:00:08 ; elapsed = 00:00:11 . Memory (MB): peak = 939.246 ; gain = 526.004 ; free physical = 11148 ; free virtual = 16934
INFO: [HLS 200-10] Starting code transformations ...
INFO: [XFORM 203-603] Inlining function 'nnet::product::mult<ap_fixed<32, 16, (ap_q_mode)5, (ap_o_mode)3, 0>, ap_fixed<8, 1, (ap_q_mode)5, (ap_o_mode)3, 0> >::product' into 'nnet::dense_latency<ap_fixed<32, 16, (ap_q_mode)5, (ap_o_mode)3, 0>, ap_fixed<32, 16, (ap_q_mode)5, (ap_o_mode)3, 0>, config2>' (firmware/nnet_utils/nnet_dense_latency.h:42).
INFO: [XFORM 203-603] Inlining function 'nnet::dense<ap_fixed<32, 16, (ap_q_mode)5, (ap_o_mode)3, 0>, ap_fixed<32, 16, (ap_q_mode)5, (ap_o_mode)3, 0>, config2>' into 'myproject' (firmware/myproject.cpp:39).
INFO: [XFORM 203-603] Inlining function 'nnet::product::mult<ap_fixed<32, 16, (ap_q_mode)4, (ap_o_mode)0, 0>, ap_fixed<8, 1, (ap_q_mode)5, (ap_o_mode)3, 0> >::product' into 'nnet::dense_latency<ap_fixed<32, 16, (ap_q_mode)4, (ap_o_mode)0, 0>, ap_fixed<32, 16, (ap_q_mode)5, (ap_o_mode)3, 0>, config5>' (firmware/nnet_utils/nnet_dense_latency.h:42).
INFO: [XFORM 203-603] Inlining function 'nnet::product::mult<ap_fixed<32, 16, (ap_q_mode)4, (ap_o_mode)0, 0>, ap_fixed<8, 1, (ap_q_mode)5, (ap_o_mode)3, 0> >::product' into 'nnet::dense_latency<ap_fixed<32, 16, (ap_q_mode)4, (ap_o_mode)0, 0>, ap_fixed<32, 16, (ap_q_mode)5, (ap_o_mode)3, 0>, config8>' (firmware/nnet_utils/nnet_dense_latency.h:42).
INFO: [XFORM 203-603] Inlining function 'nnet::dense<ap_fixed<32, 16, (ap_q_mode)4, (ap_o_mode)0, 0>, ap_fixed<32, 16, (ap_q_mode)5, (ap_o_mode)3, 0>, config5>' into 'myproject' (firmware/myproject.cpp:47).
INFO: [XFORM 203-603] Inlining function 'nnet::dense<ap_fixed<32, 16, (ap_q_mode)4, (ap_o_mode)0, 0>, ap_fixed<32, 16, (ap_q_mode)5, (ap_o_mode)3, 0>, config8>' into 'myproject' (firmware/myproject.cpp:53).
INFO: [HLS 200-111] Finished Standard Transforms Time (s): cpu = 00:00:09 ; elapsed = 00:00:12 . Memory (MB): peak = 939.949 ; gain = 526.707 ; free physical = 11122 ; free virtual = 16911
INFO: [HLS 200-10] Checking synthesizability ...
INFO: [XFORM 203-602] Inlining function 'nnet::cast<ap_fixed<32, 16, (ap_q_mode)5, (ap_o_mode)3, 0>, ap_fixed<32, 16, (ap_q_mode)5, (ap_o_mode)3, 0>, config2>' into 'nnet::dense_latency<ap_fixed<32, 16, (ap_q_mode)5, (ap_o_mode)3, 0>, ap_fixed<32, 16, (ap_q_mode)5, (ap_o_mode)3, 0>, config2>' (firmware/nnet_utils/nnet_dense_latency.h:66) automatically.
INFO: [XFORM 203-602] Inlining function 'nnet::cast<ap_fixed<32, 16, (ap_q_mode)4, (ap_o_mode)0, 0>, ap_fixed<32, 16, (ap_q_mode)5, (ap_o_mode)3, 0>, config5>' into 'nnet::dense_latency<ap_fixed<32, 16, (ap_q_mode)4, (ap_o_mode)0, 0>, ap_fixed<32, 16, (ap_q_mode)5, (ap_o_mode)3, 0>, config5>' (firmware/nnet_utils/nnet_dense_latency.h:66) automatically.
INFO: [XFORM 203-602] Inlining function 'nnet::cast<ap_fixed<32, 16, (ap_q_mode)4, (ap_o_mode)0, 0>, ap_fixed<32, 16, (ap_q_mode)5, (ap_o_mode)3, 0>, config8>' into 'nnet::dense_latency<ap_fixed<32, 16, (ap_q_mode)4, (ap_o_mode)0, 0>, ap_fixed<32, 16, (ap_q_mode)5, (ap_o_mode)3, 0>, config8>' (firmware/nnet_utils/nnet_dense_latency.h:66) automatically.
INFO: [HLS 200-111] Finished Checking Synthesizability Time (s): cpu = 00:00:09 ; elapsed = 00:00:12 . Memory (MB): peak = 939.949 ; gain = 526.707 ; free physical = 11118 ; free virtual = 16908
INFO: [XFORM 203-502] Unrolling all loops for pipelining in function 'nnet::dense_latency<ap_fixed<32, 16, (ap_q_mode)4, (ap_o_mode)0, 0>, ap_fixed<32, 16, (ap_q_mode)5, (ap_o_mode)3, 0>, config8>' (firmware/nnet_utils/nnet_dense_latency.h:17:48).
INFO: [XFORM 203-502] Unrolling all loops for pipelining in function 'nnet::relu<ap_fixed<32, 16, (ap_q_mode)5, (ap_o_mode)3, 0>, ap_fixed<32, 16, (ap_q_mode)4, (ap_o_mode)0, 0>, relu_config7>' (firmware/nnet_utils/nnet_activation.h:40:43).
INFO: [XFORM 203-502] Unrolling all loops for pipelining in function 'nnet::dense_latency<ap_fixed<32, 16, (ap_q_mode)4, (ap_o_mode)0, 0>, ap_fixed<32, 16, (ap_q_mode)5, (ap_o_mode)3, 0>, config5>' (firmware/nnet_utils/nnet_dense_latency.h:17:48).
INFO: [XFORM 203-502] Unrolling all loops for pipelining in function 'nnet::relu<ap_fixed<32, 16, (ap_q_mode)5, (ap_o_mode)3, 0>, ap_fixed<32, 16, (ap_q_mode)4, (ap_o_mode)0, 0>, relu_config4>' (firmware/nnet_utils/nnet_activation.h:40:43).
INFO: [XFORM 203-502] Unrolling all loops for pipelining in function 'nnet::dense_latency<ap_fixed<32, 16, (ap_q_mode)5, (ap_o_mode)3, 0>, ap_fixed<32, 16, (ap_q_mode)5, (ap_o_mode)3, 0>, config2>' (firmware/nnet_utils/nnet_dense_latency.h:17:48).
INFO: [HLS 200-489] Unrolling loop 'Product1' (firmware/nnet_utils/nnet_dense_latency.h:37) in function 'nnet::dense_latency<ap_fixed<32, 16, (ap_q_mode)4, (ap_o_mode)0, 0>, ap_fixed<32, 16, (ap_q_mode)5, (ap_o_mode)3, 0>, config8>' completely with a factor of 16.
INFO: [HLS 200-489] Unrolling loop 'Product2' (firmware/nnet_utils/nnet_dense_latency.h:40) in function 'nnet::dense_latency<ap_fixed<32, 16, (ap_q_mode)4, (ap_o_mode)0, 0>, ap_fixed<32, 16, (ap_q_mode)5, (ap_o_mode)3, 0>, config8>' completely with a factor of 3.
INFO: [HLS 200-489] Unrolling loop 'ResetAccum' (firmware/nnet_utils/nnet_dense_latency.h:48) in function 'nnet::dense_latency<ap_fixed<32, 16, (ap_q_mode)4, (ap_o_mode)0, 0>, ap_fixed<32, 16, (ap_q_mode)5, (ap_o_mode)3, 0>, config8>' completely with a factor of 3.
INFO: [HLS 200-489] Unrolling loop 'Accum1' (firmware/nnet_utils/nnet_dense_latency.h:54) in function 'nnet::dense_latency<ap_fixed<32, 16, (ap_q_mode)4, (ap_o_mode)0, 0>, ap_fixed<32, 16, (ap_q_mode)5, (ap_o_mode)3, 0>, config8>' completely with a factor of 16.
INFO: [HLS 200-489] Unrolling loop 'Accum2' (firmware/nnet_utils/nnet_dense_latency.h:56) in function 'nnet::dense_latency<ap_fixed<32, 16, (ap_q_mode)4, (ap_o_mode)0, 0>, ap_fixed<32, 16, (ap_q_mode)5, (ap_o_mode)3, 0>, config8>' completely with a factor of 3.
INFO: [HLS 200-489] Unrolling loop 'Result' (firmware/nnet_utils/nnet_dense_latency.h:64) in function 'nnet::dense_latency<ap_fixed<32, 16, (ap_q_mode)4, (ap_o_mode)0, 0>, ap_fixed<32, 16, (ap_q_mode)5, (ap_o_mode)3, 0>, config8>' completely with a factor of 3.
INFO: [HLS 200-489] Unrolling loop 'Loop-1' (firmware/nnet_utils/nnet_activation.h:43) in function 'nnet::relu<ap_fixed<32, 16, (ap_q_mode)5, (ap_o_mode)3, 0>, ap_fixed<32, 16, (ap_q_mode)4, (ap_o_mode)0, 0>, relu_config7>' completely with a factor of 16.
INFO: [HLS 200-489] Unrolling loop 'Product1' (firmware/nnet_utils/nnet_dense_latency.h:37) in function 'nnet::dense_latency<ap_fixed<32, 16, (ap_q_mode)4, (ap_o_mode)0, 0>, ap_fixed<32, 16, (ap_q_mode)5, (ap_o_mode)3, 0>, config5>' completely with a factor of 32.
INFO: [HLS 200-489] Unrolling loop 'Product2' (firmware/nnet_utils/nnet_dense_latency.h:40) in function 'nnet::dense_latency<ap_fixed<32, 16, (ap_q_mode)4, (ap_o_mode)0, 0>, ap_fixed<32, 16, (ap_q_mode)5, (ap_o_mode)3, 0>, config5>' completely with a factor of 16.
INFO: [HLS 200-489] Unrolling loop 'ResetAccum' (firmware/nnet_utils/nnet_dense_latency.h:48) in function 'nnet::dense_latency<ap_fixed<32, 16, (ap_q_mode)4, (ap_o_mode)0, 0>, ap_fixed<32, 16, (ap_q_mode)5, (ap_o_mode)3, 0>, config5>' completely with a factor of 16.
INFO: [HLS 200-489] Unrolling loop 'Accum1' (firmware/nnet_utils/nnet_dense_latency.h:54) in function 'nnet::dense_latency<ap_fixed<32, 16, (ap_q_mode)4, (ap_o_mode)0, 0>, ap_fixed<32, 16, (ap_q_mode)5, (ap_o_mode)3, 0>, config5>' completely with a factor of 32.
INFO: [HLS 200-489] Unrolling loop 'Accum2' (firmware/nnet_utils/nnet_dense_latency.h:56) in function 'nnet::dense_latency<ap_fixed<32, 16, (ap_q_mode)4, (ap_o_mode)0, 0>, ap_fixed<32, 16, (ap_q_mode)5, (ap_o_mode)3, 0>, config5>' completely with a factor of 16.
INFO: [HLS 200-489] Unrolling loop 'Result' (firmware/nnet_utils/nnet_dense_latency.h:64) in function 'nnet::dense_latency<ap_fixed<32, 16, (ap_q_mode)4, (ap_o_mode)0, 0>, ap_fixed<32, 16, (ap_q_mode)5, (ap_o_mode)3, 0>, config5>' completely with a factor of 16.
INFO: [HLS 200-489] Unrolling loop 'Loop-1' (firmware/nnet_utils/nnet_activation.h:43) in function 'nnet::relu<ap_fixed<32, 16, (ap_q_mode)5, (ap_o_mode)3, 0>, ap_fixed<32, 16, (ap_q_mode)4, (ap_o_mode)0, 0>, relu_config4>' completely with a factor of 32.
INFO: [HLS 200-489] Unrolling loop 'Product1' (firmware/nnet_utils/nnet_dense_latency.h:37) in function 'nnet::dense_latency<ap_fixed<32, 16, (ap_q_mode)5, (ap_o_mode)3, 0>, ap_fixed<32, 16, (ap_q_mode)5, (ap_o_mode)3, 0>, config2>' completely with a factor of 57.
INFO: [HLS 200-489] Unrolling loop 'Product2' (firmware/nnet_utils/nnet_dense_latency.h:40) in function 'nnet::dense_latency<ap_fixed<32, 16, (ap_q_mode)5, (ap_o_mode)3, 0>, ap_fixed<32, 16, (ap_q_mode)5, (ap_o_mode)3, 0>, config2>' completely with a factor of 32.
INFO: [HLS 200-489] Unrolling loop 'ResetAccum' (firmware/nnet_utils/nnet_dense_latency.h:48) in function 'nnet::dense_latency<ap_fixed<32, 16, (ap_q_mode)5, (ap_o_mode)3, 0>, ap_fixed<32, 16, (ap_q_mode)5, (ap_o_mode)3, 0>, config2>' completely with a factor of 32.
INFO: [HLS 200-489] Unrolling loop 'Accum1' (firmware/nnet_utils/nnet_dense_latency.h:54) in function 'nnet::dense_latency<ap_fixed<32, 16, (ap_q_mode)5, (ap_o_mode)3, 0>, ap_fixed<32, 16, (ap_q_mode)5, (ap_o_mode)3, 0>, config2>' completely with a factor of 57.
INFO: [HLS 200-489] Unrolling loop 'Accum2' (firmware/nnet_utils/nnet_dense_latency.h:56) in function 'nnet::dense_latency<ap_fixed<32, 16, (ap_q_mode)5, (ap_o_mode)3, 0>, ap_fixed<32, 16, (ap_q_mode)5, (ap_o_mode)3, 0>, config2>' completely with a factor of 32.
INFO: [HLS 200-489] Unrolling loop 'Result' (firmware/nnet_utils/nnet_dense_latency.h:64) in function 'nnet::dense_latency<ap_fixed<32, 16, (ap_q_mode)5, (ap_o_mode)3, 0>, ap_fixed<32, 16, (ap_q_mode)5, (ap_o_mode)3, 0>, config2>' completely with a factor of 32.
INFO: [XFORM 203-131] Reshaping array 'inputs.V' (firmware/myproject.cpp:7) in dimension 1 completely.
INFO: [XFORM 203-101] Partitioning array 'layer8_out.V' (firmware/myproject.cpp:8) in dimension 1 completely.
INFO: [XFORM 203-101] Partitioning array 'layer2_out.V' (firmware/myproject.cpp:37) in dimension 1 completely.
INFO: [XFORM 203-101] Partitioning array 'layer4_out.V' (firmware/myproject.cpp:41) in dimension 1 completely.
INFO: [XFORM 203-101] Partitioning array 'layer5_out.V' (firmware/myproject.cpp:45) in dimension 1 completely.
INFO: [XFORM 203-101] Partitioning array 'layer7_out.V' (firmware/myproject.cpp:49) in dimension 1 completely.
INFO: [XFORM 203-101] Partitioning array 'b2.V'  in dimension 1 completely.
INFO: [XFORM 203-101] Partitioning array 'mult.V' (firmware/nnet_utils/nnet_dense_latency.h:17) in dimension 1 completely.
INFO: [XFORM 203-101] Partitioning array 'acc.V' (firmware/nnet_utils/nnet_dense_latency.h:18) in dimension 1 completely.
INFO: [XFORM 203-101] Partitioning array 'b8.V'  in dimension 1 completely.
INFO: [XFORM 203-101] Partitioning array 'mult.V' (firmware/nnet_utils/nnet_dense_latency.h:17) in dimension 1 completely.
INFO: [XFORM 203-101] Partitioning array 'acc.V' (firmware/nnet_utils/nnet_dense_latency.h:18) in dimension 1 completely.
INFO: [XFORM 203-101] Partitioning array 'b5.V'  in dimension 1 completely.
INFO: [XFORM 203-101] Partitioning array 'mult.V' (firmware/nnet_utils/nnet_dense_latency.h:17) in dimension 1 completely.
INFO: [XFORM 203-101] Partitioning array 'acc.V' (firmware/nnet_utils/nnet_dense_latency.h:18) in dimension 1 completely.
INFO: [XFORM 203-602] Inlining function 'nnet::cast<ap_fixed<32, 16, (ap_q_mode)5, (ap_o_mode)3, 0>, ap_fixed<32, 16, (ap_q_mode)5, (ap_o_mode)3, 0>, config2>' into 'nnet::dense_latency<ap_fixed<32, 16, (ap_q_mode)5, (ap_o_mode)3, 0>, ap_fixed<32, 16, (ap_q_mode)5, (ap_o_mode)3, 0>, config2>' (firmware/nnet_utils/nnet_dense_latency.h:66) automatically.
INFO: [XFORM 203-602] Inlining function 'nnet::cast<ap_fixed<32, 16, (ap_q_mode)4, (ap_o_mode)0, 0>, ap_fixed<32, 16, (ap_q_mode)5, (ap_o_mode)3, 0>, config5>' into 'nnet::dense_latency<ap_fixed<32, 16, (ap_q_mode)4, (ap_o_mode)0, 0>, ap_fixed<32, 16, (ap_q_mode)5, (ap_o_mode)3, 0>, config5>' (firmware/nnet_utils/nnet_dense_latency.h:66) automatically.
INFO: [XFORM 203-602] Inlining function 'nnet::cast<ap_fixed<32, 16, (ap_q_mode)4, (ap_o_mode)0, 0>, ap_fixed<32, 16, (ap_q_mode)5, (ap_o_mode)3, 0>, config8>' into 'nnet::dense_latency<ap_fixed<32, 16, (ap_q_mode)4, (ap_o_mode)0, 0>, ap_fixed<32, 16, (ap_q_mode)5, (ap_o_mode)3, 0>, config8>' (firmware/nnet_utils/nnet_dense_latency.h:66) automatically.
INFO: [XFORM 203-622] Instantiating function 'nnet::dense_latency<ap_fixed<32, 16, (ap_q_mode)4, (ap_o_mode)0, 0>, ap_fixed<32, 16, (ap_q_mode)5, (ap_o_mode)3, 0>, config8>'(firmware/nnet_utils/nnet_dense_latency.h:26:1) to 'nnet::dense_latency<ap_fixed<32, 16, (ap_q_mode)4, (ap_o_mode)0, 0>, ap_fixed<32, 16, (ap_q_mode)5, (ap_o_mode)3, 0>, config8>.0' at call site (firmware/nnet_utils/nnet_dense.h:41->firmware/myproject.cpp:53) by setting 'weights.V' to 'w8.V'.
INFO: [XFORM 203-622] Instantiating function 'nnet::dense_latency<ap_fixed<32, 16, (ap_q_mode)4, (ap_o_mode)0, 0>, ap_fixed<32, 16, (ap_q_mode)5, (ap_o_mode)3, 0>, config8>.0'(firmware/nnet_utils/nnet_dense_latency.h:26:1) to 'nnet::dense_latency<ap_fixed<32, 16, (ap_q_mode)4, (ap_o_mode)0, 0>, ap_fixed<32, 16, (ap_q_mode)5, (ap_o_mode)3, 0>, config8>.0.0' at call site (firmware/nnet_utils/nnet_dense.h:41->firmware/myproject.cpp:53) by setting 'biases[0].V' to 'b8.V.0'.
INFO: [XFORM 203-622] Instantiating function 'nnet::dense_latency<ap_fixed<32, 16, (ap_q_mode)4, (ap_o_mode)0, 0>, ap_fixed<32, 16, (ap_q_mode)5, (ap_o_mode)3, 0>, config8>.0.0'(firmware/nnet_utils/nnet_dense_latency.h:26:1) to 'nnet::dense_latency<ap_fixed<32, 16, (ap_q_mode)4, (ap_o_mode)0, 0>, ap_fixed<32, 16, (ap_q_mode)5, (ap_o_mode)3, 0>, config8>.0.0.0' at call site (firmware/nnet_utils/nnet_dense.h:41->firmware/myproject.cpp:53) by setting 'biases[1].V' to 'b8.V.1'.
INFO: [XFORM 203-622] Instantiating function 'nnet::dense_latency<ap_fixed<32, 16, (ap_q_mode)4, (ap_o_mode)0, 0>, ap_fixed<32, 16, (ap_q_mode)5, (ap_o_mode)3, 0>, config8>.0.0.0'(firmware/nnet_utils/nnet_dense_latency.h:26:1) to 'nnet::dense_latency<ap_fixed<32, 16, (ap_q_mode)4, (ap_o_mode)0, 0>, ap_fixed<32, 16, (ap_q_mode)5, (ap_o_mode)3, 0>, config8>.0.0.0.0' at call site (firmware/nnet_utils/nnet_dense.h:41->firmware/myproject.cpp:53) by setting 'biases[2].V' to 'b8.V.2'.
INFO: [XFORM 203-622] Instantiating function 'nnet::dense_latency<ap_fixed<32, 16, (ap_q_mode)4, (ap_o_mode)0, 0>, ap_fixed<32, 16, (ap_q_mode)5, (ap_o_mode)3, 0>, config5>'(firmware/nnet_utils/nnet_dense_latency.h:26:27) to 'nnet::dense_latency<ap_fixed<32, 16, (ap_q_mode)4, (ap_o_mode)0, 0>, ap_fixed<32, 16, (ap_q_mode)5, (ap_o_mode)3, 0>, config5>.0' at call site (firmware/nnet_utils/nnet_dense.h:41->firmware/myproject.cpp:47) by setting 'weights.V' to 'w5.V'.
INFO: [XFORM 203-622] Instantiating function 'nnet::dense_latency<ap_fixed<32, 16, (ap_q_mode)4, (ap_o_mode)0, 0>, ap_fixed<32, 16, (ap_q_mode)5, (ap_o_mode)3, 0>, config5>.0'(firmware/nnet_utils/nnet_dense_latency.h:26:27) to 'nnet::dense_latency<ap_fixed<32, 16, (ap_q_mode)4, (ap_o_mode)0, 0>, ap_fixed<32, 16, (ap_q_mode)5, (ap_o_mode)3, 0>, config5>.0.0' at call site (firmware/nnet_utils/nnet_dense.h:41->firmware/myproject.cpp:47) by setting 'biases[0].V' to 'b5.V.0'.
INFO: [XFORM 203-622] Instantiating function 'nnet::dense_latency<ap_fixed<32, 16, (ap_q_mode)4, (ap_o_mode)0, 0>, ap_fixed<32, 16, (ap_q_mode)5, (ap_o_mode)3, 0>, config5>.0.0'(firmware/nnet_utils/nnet_dense_latency.h:26:27) to 'nnet::dense_latency<ap_fixed<32, 16, (ap_q_mode)4, (ap_o_mode)0, 0>, ap_fixed<32, 16, (ap_q_mode)5, (ap_o_mode)3, 0>, config5>.0.0.0' at call site (firmware/nnet_utils/nnet_dense.h:41->firmware/myproject.cpp:47) by setting 'biases[1].V' to 'b5.V.1'.
INFO: [XFORM 203-622] Instantiating function 'nnet::dense_latency<ap_fixed<32, 16, (ap_q_mode)4, (ap_o_mode)0, 0>, ap_fixed<32, 16, (ap_q_mode)5, (ap_o_mode)3, 0>, config5>.0.0.0'(firmware/nnet_utils/nnet_dense_latency.h:26:27) to 'nnet::dense_latency<ap_fixed<32, 16, (ap_q_mode)4, (ap_o_mode)0, 0>, ap_fixed<32, 16, (ap_q_mode)5, (ap_o_mode)3, 0>, config5>.0.0.0.0' at call site (firmware/nnet_utils/nnet_dense.h:41->firmware/myproject.cpp:47) by setting 'biases[2].V' to 'b5.V.2'.
INFO: [XFORM 203-622] Instantiating function 'nnet::dense_latency<ap_fixed<32, 16, (ap_q_mode)4, (ap_o_mode)0, 0>, ap_fixed<32, 16, (ap_q_mode)5, (ap_o_mode)3, 0>, config5>.0.0.0.0'(firmware/nnet_utils/nnet_dense_latency.h:26:27) to 'nnet::dense_latency<ap_fixed<32, 16, (ap_q_mode)4, (ap_o_mode)0, 0>, ap_fixed<32, 16, (ap_q_mode)5, (ap_o_mode)3, 0>, config5>.0.0.0.0.0' at call site (firmware/nnet_utils/nnet_dense.h:41->firmware/myproject.cpp:47) by setting 'biases[3].V' to 'b5.V.3'.
INFO: [XFORM 203-622] Instantiating function 'nnet::dense_latency<ap_fixed<32, 16, (ap_q_mode)4, (ap_o_mode)0, 0>, ap_fixed<32, 16, (ap_q_mode)5, (ap_o_mode)3, 0>, config5>.0.0.0.0.0'(firmware/nnet_utils/nnet_dense_latency.h:26:27) to 'nnet::dense_latency<ap_fixed<32, 16, (ap_q_mode)4, (ap_o_mode)0, 0>, ap_fixed<32, 16, (ap_q_mode)5, (ap_o_mode)3, 0>, config5>.0.0.0.0.0.0' at call site (firmware/nnet_utils/nnet_dense.h:41->firmware/myproject.cpp:47) by setting 'biases[4].V' to 'b5.V.4'.
INFO: [XFORM 203-622] Instantiating function 'nnet::dense_latency<ap_fixed<32, 16, (ap_q_mode)4, (ap_o_mode)0, 0>, ap_fixed<32, 16, (ap_q_mode)5, (ap_o_mode)3, 0>, config5>.0.0.0.0.0.0'(firmware/nnet_utils/nnet_dense_latency.h:26:27) to 'nnet::dense_latency<ap_fixed<32, 16, (ap_q_mode)4, (ap_o_mode)0, 0>, ap_fixed<32, 16, (ap_q_mode)5, (ap_o_mode)3, 0>, config5>.0.0.0.0.0.0.0' at call site (firmware/nnet_utils/nnet_dense.h:41->firmware/myproject.cpp:47) by setting 'biases[5].V' to 'b5.V.5'.
INFO: [XFORM 203-622] Instantiating function 'nnet::dense_latency<ap_fixed<32, 16, (ap_q_mode)4, (ap_o_mode)0, 0>, ap_fixed<32, 16, (ap_q_mode)5, (ap_o_mode)3, 0>, config5>.0.0.0.0.0.0.0'(firmware/nnet_utils/nnet_dense_latency.h:26:27) to 'nnet::dense_latency<ap_fixed<32, 16, (ap_q_mode)4, (ap_o_mode)0, 0>, ap_fixed<32, 16, (ap_q_mode)5, (ap_o_mode)3, 0>, config5>.0.0.0.0.0.0.0.0' at call site (firmware/nnet_utils/nnet_dense.h:41->firmware/myproject.cpp:47) by setting 'biases[6].V' to 'b5.V.6'.
INFO: [XFORM 203-622] Instantiating function 'nnet::dense_latency<ap_fixed<32, 16, (ap_q_mode)4, (ap_o_mode)0, 0>, ap_fixed<32, 16, (ap_q_mode)5, (ap_o_mode)3, 0>, config5>.0.0.0.0.0.0.0.0'(firmware/nnet_utils/nnet_dense_latency.h:26:27) to 'nnet::dense_latency<ap_fixed<32, 16, (ap_q_mode)4, (ap_o_mode)0, 0>, ap_fixed<32, 16, (ap_q_mode)5, (ap_o_mode)3, 0>, config5>.0.0.0.0.0.0.0.0.0' at call site (firmware/nnet_utils/nnet_dense.h:41->firmware/myproject.cpp:47) by setting 'biases[7].V' to 'b5.V.7'.
INFO: [XFORM 203-622] Instantiating function 'nnet::dense_latency<ap_fixed<32, 16, (ap_q_mode)4, (ap_o_mode)0, 0>, ap_fixed<32, 16, (ap_q_mode)5, (ap_o_mode)3, 0>, config5>.0.0.0.0.0.0.0.0.0'(firmware/nnet_utils/nnet_dense_latency.h:26:27) to 'nnet::dense_latency<ap_fixed<32, 16, (ap_q_mode)4, (ap_o_mode)0, 0>, ap_fixed<32, 16, (ap_q_mode)5, (ap_o_mode)3, 0>, config5>.0.0.0.0.0.0.0.0.0.0' at call site (firmware/nnet_utils/nnet_dense.h:41->firmware/myproject.cpp:47) by setting 'biases[8].V' to 'b5.V.8'.
INFO: [XFORM 203-622] Instantiating function 'nnet::dense_latency<ap_fixed<32, 16, (ap_q_mode)4, (ap_o_mode)0, 0>, ap_fixed<32, 16, (ap_q_mode)5, (ap_o_mode)3, 0>, config5>.0.0.0.0.0.0.0.0.0.0'(firmware/nnet_utils/nnet_dense_latency.h:26:27) to 'nnet::dense_latency<ap_fixed<32, 16, (ap_q_mode)4, (ap_o_mode)0, 0>, ap_fixed<32, 16, (ap_q_mode)5, (ap_o_mode)3, 0>, config5>.0.0.0.0.0.0.0.0.0.0.0' at call site (firmware/nnet_utils/nnet_dense.h:41->firmware/myproject.cpp:47) by setting 'biases[9].V' to 'b5.V.9'.
INFO: [XFORM 203-622] Instantiating function 'nnet::dense_latency<ap_fixed<32, 16, (ap_q_mode)4, (ap_o_mode)0, 0>, ap_fixed<32, 16, (ap_q_mode)5, (ap_o_mode)3, 0>, config5>.0.0.0.0.0.0.0.0.0.0.0'(firmware/nnet_utils/nnet_dense_latency.h:26:27) to 'nnet::dense_latency<ap_fixed<32, 16, (ap_q_mode)4, (ap_o_mode)0, 0>, ap_fixed<32, 16, (ap_q_mode)5, (ap_o_mode)3, 0>, config5>.0.0.0.0.0.0.0.0.0.0.0.0' at call site (firmware/nnet_utils/nnet_dense.h:41->firmware/myproject.cpp:47) by setting 'biases[10].V' to 'b5.V.10'.
INFO: [XFORM 203-622] Instantiating function 'nnet::dense_latency<ap_fixed<32, 16, (ap_q_mode)4, (ap_o_mode)0, 0>, ap_fixed<32, 16, (ap_q_mode)5, (ap_o_mode)3, 0>, config5>.0.0.0.0.0.0.0.0.0.0.0.0'(firmware/nnet_utils/nnet_dense_latency.h:26:27) to 'nnet::dense_latency<ap_fixed<32, 16, (ap_q_mode)4, (ap_o_mode)0, 0>, ap_fixed<32, 16, (ap_q_mode)5, (ap_o_mode)3, 0>, config5>.0.0.0.0.0.0.0.0.0.0.0.0.0' at call site (firmware/nnet_utils/nnet_dense.h:41->firmware/myproject.cpp:47) by setting 'biases[11].V' to 'b5.V.11'.
INFO: [XFORM 203-622] Instantiating function 'nnet::dense_latency<ap_fixed<32, 16, (ap_q_mode)4, (ap_o_mode)0, 0>, ap_fixed<32, 16, (ap_q_mode)5, (ap_o_mode)3, 0>, config5>.0.0.0.0.0.0.0.0.0.0.0.0.0'(firmware/nnet_utils/nnet_dense_latency.h:26:27) to 'nnet::dense_latency<ap_fixed<32, 16, (ap_q_mode)4, (ap_o_mode)0, 0>, ap_fixed<32, 16, (ap_q_mode)5, (ap_o_mode)3, 0>, config5>.0.0.0.0.0.0.0.0.0.0.0.0.0.0' at call site (firmware/nnet_utils/nnet_dense.h:41->firmware/myproject.cpp:47) by setting 'biases[12].V' to 'b5.V.12'.
INFO: [XFORM 203-622] Instantiating function 'nnet::dense_latency<ap_fixed<32, 16, (ap_q_mode)4, (ap_o_mode)0, 0>, ap_fixed<32, 16, (ap_q_mode)5, (ap_o_mode)3, 0>, config5>.0.0.0.0.0.0.0.0.0.0.0.0.0.0'(firmware/nnet_utils/nnet_dense_latency.h:26:27) to 'nnet::dense_latency<ap_fixed<32, 16, (ap_q_mode)4, (ap_o_mode)0, 0>, ap_fixed<32, 16, (ap_q_mode)5, (ap_o_mode)3, 0>, config5>.0.0.0.0.0.0.0.0.0.0.0.0.0.0.0' at call site (firmware/nnet_utils/nnet_dense.h:41->firmware/myproject.cpp:47) by setting 'biases[13].V' to 'b5.V.13'.
INFO: [XFORM 203-622] Instantiating function 'nnet::dense_latency<ap_fixed<32, 16, (ap_q_mode)4, (ap_o_mode)0, 0>, ap_fixed<32, 16, (ap_q_mode)5, (ap_o_mode)3, 0>, config5>.0.0.0.0.0.0.0.0.0.0.0.0.0.0.0'(firmware/nnet_utils/nnet_dense_latency.h:26:27) to 'nnet::dense_latency<ap_fixed<32, 16, (ap_q_mode)4, (ap_o_mode)0, 0>, ap_fixed<32, 16, (ap_q_mode)5, (ap_o_mode)3, 0>, config5>.0.0.0.0.0.0.0.0.0.0.0.0.0.0.0.0' at call site (firmware/nnet_utils/nnet_dense.h:41->firmware/myproject.cpp:47) by setting 'biases[14].V' to 'b5.V.14'.
INFO: [XFORM 203-622] Instantiating function 'nnet::dense_latency<ap_fixed<32, 16, (ap_q_mode)4, (ap_o_mode)0, 0>, ap_fixed<32, 16, (ap_q_mode)5, (ap_o_mode)3, 0>, config5>.0.0.0.0.0.0.0.0.0.0.0.0.0.0.0.0'(firmware/nnet_utils/nnet_dense_latency.h:26:27) to 'nnet::dense_latency<ap_fixed<32, 16, (ap_q_mode)4, (ap_o_mode)0, 0>, ap_fixed<32, 16, (ap_q_mode)5, (ap_o_mode)3, 0>, config5>.0.0.0.0.0.0.0.0.0.0.0.0.0.0.0.0.0' at call site (firmware/nnet_utils/nnet_dense.h:41->firmware/myproject.cpp:47) by setting 'biases[15].V' to 'b5.V.15'.
INFO: [XFORM 203-622] Instantiating function 'nnet::dense_latency<ap_fixed<32, 16, (ap_q_mode)5, (ap_o_mode)3, 0>, ap_fixed<32, 16, (ap_q_mode)5, (ap_o_mode)3, 0>, config2>'(firmware/nnet_utils/nnet_dense_latency.h:26:27) to 'nnet::dense_latency<ap_fixed<32, 16, (ap_q_mode)5, (ap_o_mode)3, 0>, ap_fixed<32, 16, (ap_q_mode)5, (ap_o_mode)3, 0>, config2>.0' by setting 'weights.V' to 'w2.V'.
INFO: [XFORM 203-622] Instantiating function 'nnet::dense_latency<ap_fixed<32, 16, (ap_q_mode)5, (ap_o_mode)3, 0>, ap_fixed<32, 16, (ap_q_mode)5, (ap_o_mode)3, 0>, config2>.0'(firmware/nnet_utils/nnet_dense_latency.h:26:27) to 'nnet::dense_latency<ap_fixed<32, 16, (ap_q_mode)5, (ap_o_mode)3, 0>, ap_fixed<32, 16, (ap_q_mode)5, (ap_o_mode)3, 0>, config2>.0.0' by setting 'biases[0].V' to 'b2.V.0'.
INFO: [XFORM 203-622] Instantiating function 'nnet::dense_latency<ap_fixed<32, 16, (ap_q_mode)5, (ap_o_mode)3, 0>, ap_fixed<32, 16, (ap_q_mode)5, (ap_o_mode)3, 0>, config2>.0.0'(firmware/nnet_utils/nnet_dense_latency.h:26:27) to 'nnet::dense_latency<ap_fixed<32, 16, (ap_q_mode)5, (ap_o_mode)3, 0>, ap_fixed<32, 16, (ap_q_mode)5, (ap_o_mode)3, 0>, config2>.0.0.0' by setting 'biases[1].V' to 'b2.V.1'.
INFO: [XFORM 203-622] Instantiating function 'nnet::dense_latency<ap_fixed<32, 16, (ap_q_mode)5, (ap_o_mode)3, 0>, ap_fixed<32, 16, (ap_q_mode)5, (ap_o_mode)3, 0>, config2>.0.0.0'(firmware/nnet_utils/nnet_dense_latency.h:26:27) to 'nnet::dense_latency<ap_fixed<32, 16, (ap_q_mode)5, (ap_o_mode)3, 0>, ap_fixed<32, 16, (ap_q_mode)5, (ap_o_mode)3, 0>, config2>.0.0.0.0' by setting 'biases[2].V' to 'b2.V.2'.
INFO: [XFORM 203-622] Instantiating function 'nnet::dense_latency<ap_fixed<32, 16, (ap_q_mode)5, (ap_o_mode)3, 0>, ap_fixed<32, 16, (ap_q_mode)5, (ap_o_mode)3, 0>, config2>.0.0.0.0'(firmware/nnet_utils/nnet_dense_latency.h:26:27) to 'nnet::dense_latency<ap_fixed<32, 16, (ap_q_mode)5, (ap_o_mode)3, 0>, ap_fixed<32, 16, (ap_q_mode)5, (ap_o_mode)3, 0>, config2>.0.0.0.0.0' by setting 'biases[3].V' to 'b2.V.3'.
INFO: [XFORM 203-622] Instantiating function 'nnet::dense_latency<ap_fixed<32, 16, (ap_q_mode)5, (ap_o_mode)3, 0>, ap_fixed<32, 16, (ap_q_mode)5, (ap_o_mode)3, 0>, config2>.0.0.0.0.0'(firmware/nnet_utils/nnet_dense_latency.h:26:27) to 'nnet::dense_latency<ap_fixed<32, 16, (ap_q_mode)5, (ap_o_mode)3, 0>, ap_fixed<32, 16, (ap_q_mode)5, (ap_o_mode)3, 0>, config2>.0.0.0.0.0.0' by setting 'biases[4].V' to 'b2.V.4'.
INFO: [XFORM 203-622] Instantiating function 'nnet::dense_latency<ap_fixed<32, 16, (ap_q_mode)5, (ap_o_mode)3, 0>, ap_fixed<32, 16, (ap_q_mode)5, (ap_o_mode)3, 0>, config2>.0.0.0.0.0.0'(firmware/nnet_utils/nnet_dense_latency.h:26:27) to 'nnet::dense_latency<ap_fixed<32, 16, (ap_q_mode)5, (ap_o_mode)3, 0>, ap_fixed<32, 16, (ap_q_mode)5, (ap_o_mode)3, 0>, config2>.0.0.0.0.0.0.0' by setting 'biases[5].V' to 'b2.V.5'.
INFO: [XFORM 203-622] Instantiating function 'nnet::dense_latency<ap_fixed<32, 16, (ap_q_mode)5, (ap_o_mode)3, 0>, ap_fixed<32, 16, (ap_q_mode)5, (ap_o_mode)3, 0>, config2>.0.0.0.0.0.0.0'(firmware/nnet_utils/nnet_dense_latency.h:26:27) to 'nnet::dense_latency<ap_fixed<32, 16, (ap_q_mode)5, (ap_o_mode)3, 0>, ap_fixed<32, 16, (ap_q_mode)5, (ap_o_mode)3, 0>, config2>.0.0.0.0.0.0.0.0' by setting 'biases[6].V' to 'b2.V.6'.
INFO: [XFORM 203-622] Instantiating function 'nnet::dense_latency<ap_fixed<32, 16, (ap_q_mode)5, (ap_o_mode)3, 0>, ap_fixed<32, 16, (ap_q_mode)5, (ap_o_mode)3, 0>, config2>.0.0.0.0.0.0.0.0'(firmware/nnet_utils/nnet_dense_latency.h:26:27) to 'nnet::dense_latency<ap_fixed<32, 16, (ap_q_mode)5, (ap_o_mode)3, 0>, ap_fixed<32, 16, (ap_q_mode)5, (ap_o_mode)3, 0>, config2>.0.0.0.0.0.0.0.0.0' by setting 'biases[7].V' to 'b2.V.7'.
INFO: [XFORM 203-622] Instantiating function 'nnet::dense_latency<ap_fixed<32, 16, (ap_q_mode)5, (ap_o_mode)3, 0>, ap_fixed<32, 16, (ap_q_mode)5, (ap_o_mode)3, 0>, config2>.0.0.0.0.0.0.0.0.0'(firmware/nnet_utils/nnet_dense_latency.h:26:27) to 'nnet::dense_latency<ap_fixed<32, 16, (ap_q_mode)5, (ap_o_mode)3, 0>, ap_fixed<32, 16, (ap_q_mode)5, (ap_o_mode)3, 0>, config2>.0.0.0.0.0.0.0.0.0.0' by setting 'biases[8].V' to 'b2.V.8'.
INFO: [XFORM 203-622] Instantiating function 'nnet::dense_latency<ap_fixed<32, 16, (ap_q_mode)5, (ap_o_mode)3, 0>, ap_fixed<32, 16, (ap_q_mode)5, (ap_o_mode)3, 0>, config2>.0.0.0.0.0.0.0.0.0.0'(firmware/nnet_utils/nnet_dense_latency.h:26:27) to 'nnet::dense_latency<ap_fixed<32, 16, (ap_q_mode)5, (ap_o_mode)3, 0>, ap_fixed<32, 16, (ap_q_mode)5, (ap_o_mode)3, 0>, config2>.0.0.0.0.0.0.0.0.0.0.0' by setting 'biases[9].V' to 'b2.V.9'.
INFO: [XFORM 203-622] Instantiating function 'nnet::dense_latency<ap_fixed<32, 16, (ap_q_mode)5, (ap_o_mode)3, 0>, ap_fixed<32, 16, (ap_q_mode)5, (ap_o_mode)3, 0>, config2>.0.0.0.0.0.0.0.0.0.0.0'(firmware/nnet_utils/nnet_dense_latency.h:26:27) to 'nnet::dense_latency<ap_fixed<32, 16, (ap_q_mode)5, (ap_o_mode)3, 0>, ap_fixed<32, 16, (ap_q_mode)5, (ap_o_mode)3, 0>, config2>.0.0.0.0.0.0.0.0.0.0.0.0' by setting 'biases[10].V' to 'b2.V.10'.
INFO: [XFORM 203-622] Instantiating function 'nnet::dense_latency<ap_fixed<32, 16, (ap_q_mode)5, (ap_o_mode)3, 0>, ap_fixed<32, 16, (ap_q_mode)5, (ap_o_mode)3, 0>, config2>.0.0.0.0.0.0.0.0.0.0.0.0'(firmware/nnet_utils/nnet_dense_latency.h:26:27) to 'nnet::dense_latency<ap_fixed<32, 16, (ap_q_mode)5, (ap_o_mode)3, 0>, ap_fixed<32, 16, (ap_q_mode)5, (ap_o_mode)3, 0>, config2>.0.0.0.0.0.0.0.0.0.0.0.0.0' by setting 'biases[11].V' to 'b2.V.11'.
INFO: [XFORM 203-622] Instantiating function 'nnet::dense_latency<ap_fixed<32, 16, (ap_q_mode)5, (ap_o_mode)3, 0>, ap_fixed<32, 16, (ap_q_mode)5, (ap_o_mode)3, 0>, config2>.0.0.0.0.0.0.0.0.0.0.0.0.0'(firmware/nnet_utils/nnet_dense_latency.h:26:27) to 'nnet::dense_latency<ap_fixed<32, 16, (ap_q_mode)5, (ap_o_mode)3, 0>, ap_fixed<32, 16, (ap_q_mode)5, (ap_o_mode)3, 0>, config2>.0.0.0.0.0.0.0.0.0.0.0.0.0.0' by setting 'biases[12].V' to 'b2.V.12'.
INFO: [XFORM 203-622] Instantiating function 'nnet::dense_latency<ap_fixed<32, 16, (ap_q_mode)5, (ap_o_mode)3, 0>, ap_fixed<32, 16, (ap_q_mode)5, (ap_o_mode)3, 0>, config2>.0.0.0.0.0.0.0.0.0.0.0.0.0.0'(firmware/nnet_utils/nnet_dense_latency.h:26:27) to 'nnet::dense_latency<ap_fixed<32, 16, (ap_q_mode)5, (ap_o_mode)3, 0>, ap_fixed<32, 16, (ap_q_mode)5, (ap_o_mode)3, 0>, config2>.0.0.0.0.0.0.0.0.0.0.0.0.0.0.0' by setting 'biases[13].V' to 'b2.V.13'.
INFO: [XFORM 203-622] Instantiating function 'nnet::dense_latency<ap_fixed<32, 16, (ap_q_mode)5, (ap_o_mode)3, 0>, ap_fixed<32, 16, (ap_q_mode)5, (ap_o_mode)3, 0>, config2>.0.0.0.0.0.0.0.0.0.0.0.0.0.0.0'(firmware/nnet_utils/nnet_dense_latency.h:26:27) to 'nnet::dense_latency<ap_fixed<32, 16, (ap_q_mode)5, (ap_o_mode)3, 0>, ap_fixed<32, 16, (ap_q_mode)5, (ap_o_mode)3, 0>, config2>.0.0.0.0.0.0.0.0.0.0.0.0.0.0.0.0' by setting 'biases[14].V' to 'b2.V.14'.
INFO: [XFORM 203-622] Instantiating function 'nnet::dense_latency<ap_fixed<32, 16, (ap_q_mode)5, (ap_o_mode)3, 0>, ap_fixed<32, 16, (ap_q_mode)5, (ap_o_mode)3, 0>, config2>.0.0.0.0.0.0.0.0.0.0.0.0.0.0.0.0'(firmware/nnet_utils/nnet_dense_latency.h:26:27) to 'nnet::dense_latency<ap_fixed<32, 16, (ap_q_mode)5, (ap_o_mode)3, 0>, ap_fixed<32, 16, (ap_q_mode)5, (ap_o_mode)3, 0>, config2>.0.0.0.0.0.0.0.0.0.0.0.0.0.0.0.0.0' by setting 'biases[15].V' to 'b2.V.15'.
INFO: [XFORM 203-622] Instantiating function 'nnet::dense_latency<ap_fixed<32, 16, (ap_q_mode)5, (ap_o_mode)3, 0>, ap_fixed<32, 16, (ap_q_mode)5, (ap_o_mode)3, 0>, config2>.0.0.0.0.0.0.0.0.0.0.0.0.0.0.0.0.0'(firmware/nnet_utils/nnet_dense_latency.h:26:27) to 'nnet::dense_latency<ap_fixed<32, 16, (ap_q_mode)5, (ap_o_mode)3, 0>, ap_fixed<32, 16, (ap_q_mode)5, (ap_o_mode)3, 0>, config2>.0.0.0.0.0.0.0.0.0.0.0.0.0.0.0.0.0.0' by setting 'biases[16].V' to 'b2.V.16'.
INFO: [XFORM 203-622] Instantiating function 'nnet::dense_latency<ap_fixed<32, 16, (ap_q_mode)5, (ap_o_mode)3, 0>, ap_fixed<32, 16, (ap_q_mode)5, (ap_o_mode)3, 0>, config2>.0.0.0.0.0.0.0.0.0.0.0.0.0.0.0.0.0.0'(firmware/nnet_utils/nnet_dense_latency.h:26:27) to 'nnet::dense_latency<ap_fixed<32, 16, (ap_q_mode)5, (ap_o_mode)3, 0>, ap_fixed<32, 16, (ap_q_mode)5, (ap_o_mode)3, 0>, config2>.0.0.0.0.0.0.0.0.0.0.0.0.0.0.0.0.0.0.0' by setting 'biases[17].V' to 'b2.V.17'.
INFO: [XFORM 203-622] Instantiating function 'nnet::dense_latency<ap_fixed<32, 16, (ap_q_mode)5, (ap_o_mode)3, 0>, ap_fixed<32, 16, (ap_q_mode)5, (ap_o_mode)3, 0>, config2>.0.0.0.0.0.0.0.0.0.0.0.0.0.0.0.0.0.0.0'(firmware/nnet_utils/nnet_dense_latency.h:26:27) to 'nnet::dense_latency<ap_fixed<32, 16, (ap_q_mode)5, (ap_o_mode)3, 0>, ap_fixed<32, 16, (ap_q_mode)5, (ap_o_mode)3, 0>, config2>.0.0.0.0.0.0.0.0.0.0.0.0.0.0.0.0.0.0.0.0' by setting 'biases[18].V' to 'b2.V.18'.
INFO: [XFORM 203-622] Instantiating function 'nnet::dense_latency<ap_fixed<32, 16, (ap_q_mode)5, (ap_o_mode)3, 0>, ap_fixed<32, 16, (ap_q_mode)5, (ap_o_mode)3, 0>, config2>.0.0.0.0.0.0.0.0.0.0.0.0.0.0.0.0.0.0.0.0'(firmware/nnet_utils/nnet_dense_latency.h:26:27) to 'nnet::dense_latency<ap_fixed<32, 16, (ap_q_mode)5, (ap_o_mode)3, 0>, ap_fixed<32, 16, (ap_q_mode)5, (ap_o_mode)3, 0>, config2>.0.0.0.0.0.0.0.0.0.0.0.0.0.0.0.0.0.0.0.0.0' by setting 'biases[19].V' to 'b2.V.19'.
INFO: [XFORM 203-622] Instantiating function 'nnet::dense_latency<ap_fixed<32, 16, (ap_q_mode)5, (ap_o_mode)3, 0>, ap_fixed<32, 16, (ap_q_mode)5, (ap_o_mode)3, 0>, config2>.0.0.0.0.0.0.0.0.0.0.0.0.0.0.0.0.0.0.0.0.0'(firmware/nnet_utils/nnet_dense_latency.h:26:27) to 'nnet::dense_latency<ap_fixed<32, 16, (ap_q_mode)5, (ap_o_mode)3, 0>, ap_fixed<32, 16, (ap_q_mode)5, (ap_o_mode)3, 0>, config2>.0.0.0.0.0.0.0.0.0.0.0.0.0.0.0.0.0.0.0.0.0.0' by setting 'biases[20].V' to 'b2.V.20'.
INFO: [XFORM 203-622] Instantiating function 'nnet::dense_latency<ap_fixed<32, 16, (ap_q_mode)5, (ap_o_mode)3, 0>, ap_fixed<32, 16, (ap_q_mode)5, (ap_o_mode)3, 0>, config2>.0.0.0.0.0.0.0.0.0.0.0.0.0.0.0.0.0.0.0.0.0.0'(firmware/nnet_utils/nnet_dense_latency.h:26:27) to 'nnet::dense_latency<ap_fixed<32, 16, (ap_q_mode)5, (ap_o_mode)3, 0>, ap_fixed<32, 16, (ap_q_mode)5, (ap_o_mode)3, 0>, config2>.0.0.0.0.0.0.0.0.0.0.0.0.0.0.0.0.0.0.0.0.0.0.0' by setting 'biases[21].V' to 'b2.V.21'.
INFO: [XFORM 203-622] Instantiating function 'nnet::dense_latency<ap_fixed<32, 16, (ap_q_mode)5, (ap_o_mode)3, 0>, ap_fixed<32, 16, (ap_q_mode)5, (ap_o_mode)3, 0>, config2>.0.0.0.0.0.0.0.0.0.0.0.0.0.0.0.0.0.0.0.0.0.0.0'(firmware/nnet_utils/nnet_dense_latency.h:26:27) to 'nnet::dense_latency<ap_fixed<32, 16, (ap_q_mode)5, (ap_o_mode)3, 0>, ap_fixed<32, 16, (ap_q_mode)5, (ap_o_mode)3, 0>, config2>.0.0.0.0.0.0.0.0.0.0.0.0.0.0.0.0.0.0.0.0.0.0.0.0' by setting 'biases[22].V' to 'b2.V.22'.
INFO: [XFORM 203-622] Instantiating function 'nnet::dense_latency<ap_fixed<32, 16, (ap_q_mode)5, (ap_o_mode)3, 0>, ap_fixed<32, 16, (ap_q_mode)5, (ap_o_mode)3, 0>, config2>.0.0.0.0.0.0.0.0.0.0.0.0.0.0.0.0.0.0.0.0.0.0.0.0'(firmware/nnet_utils/nnet_dense_latency.h:26:27) to 'nnet::dense_latency<ap_fixed<32, 16, (ap_q_mode)5, (ap_o_mode)3, 0>, ap_fixed<32, 16, (ap_q_mode)5, (ap_o_mode)3, 0>, config2>.0.0.0.0.0.0.0.0.0.0.0.0.0.0.0.0.0.0.0.0.0.0.0.0.0' by setting 'biases[23].V' to 'b2.V.23'.
INFO: [XFORM 203-622] Instantiating function 'nnet::dense_latency<ap_fixed<32, 16, (ap_q_mode)5, (ap_o_mode)3, 0>, ap_fixed<32, 16, (ap_q_mode)5, (ap_o_mode)3, 0>, config2>.0.0.0.0.0.0.0.0.0.0.0.0.0.0.0.0.0.0.0.0.0.0.0.0.0'(firmware/nnet_utils/nnet_dense_latency.h:26:27) to 'nnet::dense_latency<ap_fixed<32, 16, (ap_q_mode)5, (ap_o_mode)3, 0>, ap_fixed<32, 16, (ap_q_mode)5, (ap_o_mode)3, 0>, config2>.0.0.0.0.0.0.0.0.0.0.0.0.0.0.0.0.0.0.0.0.0.0.0.0.0.0' by setting 'biases[24].V' to 'b2.V.24'.
INFO: [XFORM 203-622] Instantiating function 'nnet::dense_latency<ap_fixed<32, 16, (ap_q_mode)5, (ap_o_mode)3, 0>, ap_fixed<32, 16, (ap_q_mode)5, (ap_o_mode)3, 0>, config2>.0.0.0.0.0.0.0.0.0.0.0.0.0.0.0.0.0.0.0.0.0.0.0.0.0.0'(firmware/nnet_utils/nnet_dense_latency.h:26:27) to 'nnet::dense_latency<ap_fixed<32, 16, (ap_q_mode)5, (ap_o_mode)3, 0>, ap_fixed<32, 16, (ap_q_mode)5, (ap_o_mode)3, 0>, config2>.0.0.0.0.0.0.0.0.0.0.0.0.0.0.0.0.0.0.0.0.0.0.0.0.0.0.0' by setting 'biases[25].V' to 'b2.V.25'.
INFO: [XFORM 203-622] Instantiating function 'nnet::dense_latency<ap_fixed<32, 16, (ap_q_mode)5, (ap_o_mode)3, 0>, ap_fixed<32, 16, (ap_q_mode)5, (ap_o_mode)3, 0>, config2>.0.0.0.0.0.0.0.0.0.0.0.0.0.0.0.0.0.0.0.0.0.0.0.0.0.0.0'(firmware/nnet_utils/nnet_dense_latency.h:26:27) to 'nnet::dense_latency<ap_fixed<32, 16, (ap_q_mode)5, (ap_o_mode)3, 0>, ap_fixed<32, 16, (ap_q_mode)5, (ap_o_mode)3, 0>, config2>.0.0.0.0.0.0.0.0.0.0.0.0.0.0.0.0.0.0.0.0.0.0.0.0.0.0.0.0' by setting 'biases[26].V' to 'b2.V.26'.
INFO: [XFORM 203-622] Instantiating function 'nnet::dense_latency<ap_fixed<32, 16, (ap_q_mode)5, (ap_o_mode)3, 0>, ap_fixed<32, 16, (ap_q_mode)5, (ap_o_mode)3, 0>, config2>.0.0.0.0.0.0.0.0.0.0.0.0.0.0.0.0.0.0.0.0.0.0.0.0.0.0.0.0'(firmware/nnet_utils/nnet_dense_latency.h:26:27) to 'nnet::dense_latency<ap_fixed<32, 16, (ap_q_mode)5, (ap_o_mode)3, 0>, ap_fixed<32, 16, (ap_q_mode)5, (ap_o_mode)3, 0>, config2>.0.0.0.0.0.0.0.0.0.0.0.0.0.0.0.0.0.0.0.0.0.0.0.0.0.0.0.0.0' by setting 'biases[27].V' to 'b2.V.27'.
INFO: [XFORM 203-622] Instantiating function 'nnet::dense_latency<ap_fixed<32, 16, (ap_q_mode)5, (ap_o_mode)3, 0>, ap_fixed<32, 16, (ap_q_mode)5, (ap_o_mode)3, 0>, config2>.0.0.0.0.0.0.0.0.0.0.0.0.0.0.0.0.0.0.0.0.0.0.0.0.0.0.0.0.0'(firmware/nnet_utils/nnet_dense_latency.h:26:27) to 'nnet::dense_latency<ap_fixed<32, 16, (ap_q_mode)5, (ap_o_mode)3, 0>, ap_fixed<32, 16, (ap_q_mode)5, (ap_o_mode)3, 0>, config2>.0.0.0.0.0.0.0.0.0.0.0.0.0.0.0.0.0.0.0.0.0.0.0.0.0.0.0.0.0.0' by setting 'biases[28].V' to 'b2.V.28'.
INFO: [XFORM 203-622] Instantiating function 'nnet::dense_latency<ap_fixed<32, 16, (ap_q_mode)5, (ap_o_mode)3, 0>, ap_fixed<32, 16, (ap_q_mode)5, (ap_o_mode)3, 0>, config2>.0.0.0.0.0.0.0.0.0.0.0.0.0.0.0.0.0.0.0.0.0.0.0.0.0.0.0.0.0.0'(firmware/nnet_utils/nnet_dense_latency.h:26:27) to 'nnet::dense_latency<ap_fixed<32, 16, (ap_q_mode)5, (ap_o_mode)3, 0>, ap_fixed<32, 16, (ap_q_mode)5, (ap_o_mode)3, 0>, config2>.0.0.0.0.0.0.0.0.0.0.0.0.0.0.0.0.0.0.0.0.0.0.0.0.0.0.0.0.0.0.0' by setting 'biases[29].V' to 'b2.V.29'.
INFO: [XFORM 203-622] Instantiating function 'nnet::dense_latency<ap_fixed<32, 16, (ap_q_mode)5, (ap_o_mode)3, 0>, ap_fixed<32, 16, (ap_q_mode)5, (ap_o_mode)3, 0>, config2>.0.0.0.0.0.0.0.0.0.0.0.0.0.0.0.0.0.0.0.0.0.0.0.0.0.0.0.0.0.0.0'(firmware/nnet_utils/nnet_dense_latency.h:26:27) to 'nnet::dense_latency<ap_fixed<32, 16, (ap_q_mode)5, (ap_o_mode)3, 0>, ap_fixed<32, 16, (ap_q_mode)5, (ap_o_mode)3, 0>, config2>.0.0.0.0.0.0.0.0.0.0.0.0.0.0.0.0.0.0.0.0.0.0.0.0.0.0.0.0.0.0.0.0' by setting 'biases[30].V' to 'b2.V.30'.
INFO: [XFORM 203-622] Instantiating function 'nnet::dense_latency<ap_fixed<32, 16, (ap_q_mode)5, (ap_o_mode)3, 0>, ap_fixed<32, 16, (ap_q_mode)5, (ap_o_mode)3, 0>, config2>.0.0.0.0.0.0.0.0.0.0.0.0.0.0.0.0.0.0.0.0.0.0.0.0.0.0.0.0.0.0.0.0'(firmware/nnet_utils/nnet_dense_latency.h:26:27) to 'nnet::dense_latency<ap_fixed<32, 16, (ap_q_mode)5, (ap_o_mode)3, 0>, ap_fixed<32, 16, (ap_q_mode)5, (ap_o_mode)3, 0>, config2>.0.0.0.0.0.0.0.0.0.0.0.0.0.0.0.0.0.0.0.0.0.0.0.0.0.0.0.0.0.0.0.0.0' by setting 'biases[31].V' to 'b2.V.31'.
INFO: [XFORM 203-11] Balancing expressions in function 'nnet::dense_latency<ap_fixed<32, 16, (ap_q_mode)5, (ap_o_mode)3, 0>, ap_fixed<32, 16, (ap_q_mode)5, (ap_o_mode)3, 0>, config2>.0.0.0.0.0.0.0.0.0.0.0.0.0.0.0.0.0.0.0.0.0.0.0.0.0.0.0.0.0.0.0.0.0' (firmware/nnet_utils/nnet_dense_latency.h:26:27)...1728 expression(s) balanced.
INFO: [XFORM 203-11] Balancing expressions in function 'nnet::dense_latency<ap_fixed<32, 16, (ap_q_mode)4, (ap_o_mode)0, 0>, ap_fixed<32, 16, (ap_q_mode)5, (ap_o_mode)3, 0>, config8>.0.0.0.0' (firmware/nnet_utils/nnet_dense_latency.h:26:1)...48 expression(s) balanced.
INFO: [XFORM 203-11] Balancing expressions in function 'nnet::dense_latency<ap_fixed<32, 16, (ap_q_mode)4, (ap_o_mode)0, 0>, ap_fixed<32, 16, (ap_q_mode)5, (ap_o_mode)3, 0>, config5>.0.0.0.0.0.0.0.0.0.0.0.0.0.0.0.0.0' (firmware/nnet_utils/nnet_dense_latency.h:26:27)...507 expression(s) balanced.
INFO: [HLS 200-111] Finished Pre-synthesis Time (s): cpu = 00:00:44 ; elapsed = 00:00:49 . Memory (MB): peak = 4395.270 ; gain = 3982.027 ; free physical = 9536 ; free virtual = 15329
WARNING: [XFORM 203-631] Renaming function 'nnet::relu<ap_fixed<32, 16, (ap_q_mode)5, (ap_o_mode)3, 0>, ap_fixed<32, 16, (ap_q_mode)4, (ap_o_mode)0, 0>, relu_config7>' to 'relu<ap_fixed<32, 16, 5, 3, 0>, ap_fixed<32, 16, 4, 0, 0>, relu_config7>' (firmware/nnet_utils/nnet_activation.h:39)
WARNING: [XFORM 203-631] Renaming function 'nnet::relu<ap_fixed<32, 16, (ap_q_mode)5, (ap_o_mode)3, 0>, ap_fixed<32, 16, (ap_q_mode)4, (ap_o_mode)0, 0>, relu_config4>' to 'relu<ap_fixed<32, 16, 5, 3, 0>, ap_fixed<32, 16, 4, 0, 0>, relu_config4>' (firmware/nnet_utils/nnet_activation.h:39)
WARNING: [XFORM 203-631] Renaming function 'nnet::dense_latency<ap_fixed<32, 16, (ap_q_mode)5, (ap_o_mode)3, 0>, ap_fixed<32, 16, (ap_q_mode)5, (ap_o_mode)3, 0>, config2>.0.0.0.0.0.0.0.0.0.0.0.0.0.0.0.0.0.0.0.0.0.0.0.0.0.0.0.0.0.0.0.0.0' to 'dense_latency.0.0.0.0.0.0.0.0.0.0.0.0.0.0.0.0.0.0.0.0.0.0.0.0.0.0.0.0.0.0.0.0.0' (firmware/nnet_utils/nnet_mult.h:26:9)
WARNING: [XFORM 203-631] Renaming function 'nnet::dense_latency<ap_fixed<32, 16, (ap_q_mode)4, (ap_o_mode)0, 0>, ap_fixed<32, 16, (ap_q_mode)5, (ap_o_mode)3, 0>, config8>.0.0.0.0' to 'dense_latency<ap_fixed,ap_fixed<32,16,5,3,0>,config8>.0.0.0.0' (firmware/nnet_utils/nnet_dense_latency.h:26:1)
WARNING: [XFORM 203-631] Renaming function 'nnet::dense_latency<ap_fixed<32, 16, (ap_q_mode)4, (ap_o_mode)0, 0>, ap_fixed<32, 16, (ap_q_mode)5, (ap_o_mode)3, 0>, config5>.0.0.0.0.0.0.0.0.0.0.0.0.0.0.0.0.0' to 'dense_latency<ap_fixed,ap_fixed,config5>.0.0.0.0.0.0.0.0.0.0.0.0.0.0.0.0.0' (firmware/nnet_utils/nnet_mult.h:26:9)
INFO: [HLS 200-111] Finished Architecture Synthesis Time (s): cpu = 00:00:54 ; elapsed = 00:00:59 . Memory (MB): peak = 4395.270 ; gain = 3982.027 ; free physical = 9536 ; free virtual = 15330
INFO: [HLS 200-10] Starting hardware synthesis ...
INFO: [HLS 200-10] Synthesizing 'myproject' ...
WARNING: [SYN 201-103] Legalizing function name 'dense_latency.0.0.0.0.0.0.0.0.0.0.0.0.0.0.0.0.0.0.0.0.0.0.0.0.0.0.0.0.0.0.0.0.0' to 'dense_latency_0_0_0_0_0_0_0_0_0_0_0_0_0_0_0_0_0_0_0_0_0_0_0_0_0_0_0_0_0_0_0_0_0'.
WARNING: [SYN 201-103] Legalizing function name 'relu<ap_fixed<32, 16, 5, 3, 0>, ap_fixed<32, 16, 4, 0, 0>, relu_config4>' to 'relu_ap_fixed_32_16_5_3_0_ap_fixed_32_16_4_0_0_relu_config4_s'.
WARNING: [SYN 201-103] Legalizing function name 'dense_latency<ap_fixed,ap_fixed,config5>.0.0.0.0.0.0.0.0.0.0.0.0.0.0.0.0.0' to 'dense_latency_ap_fixed_ap_fixed_config5_0_0_0_0_0_0_0_0_0_0_0_0_0_0_0_0_0'.
WARNING: [SYN 201-103] Legalizing function name 'relu<ap_fixed<32, 16, 5, 3, 0>, ap_fixed<32, 16, 4, 0, 0>, relu_config7>' to 'relu_ap_fixed_32_16_5_3_0_ap_fixed_32_16_4_0_0_relu_config7_s'.
WARNING: [SYN 201-103] Legalizing function name 'dense_latency<ap_fixed,ap_fixed<32,16,5,3,0>,config8>.0.0.0.0' to 'dense_latency_ap_fixed_ap_fixed_32_16_5_3_0_config8_0_0_0_0'.
INFO: [HLS 200-10] ----------------------------------------------------------------
INFO: [HLS 200-42] -- Implementing module 'dense_latency_0_0_0_0_0_0_0_0_0_0_0_0_0_0_0_0_0_0_0_0_0_0_0_0_0_0_0_0_0_0_0_0_0' 
INFO: [HLS 200-10] ----------------------------------------------------------------
INFO: [SCHED 204-11] Starting scheduling ...
INFO: [SCHED 204-61] Pipelining function 'dense_latency.0.0.0.0.0.0.0.0.0.0.0.0.0.0.0.0.0.0.0.0.0.0.0.0.0.0.0.0.0.0.0.0.0'.
INFO: [SCHED 204-61] Pipelining result : Target II = 1, Final II = 1, Depth = 1.
INFO: [SCHED 204-11] Finished scheduling.
INFO: [HLS 200-111]  Elapsed time: 60.64 seconds; current allocated memory: 310.912 MB.
INFO: [BIND 205-100] Starting micro-architecture generation ...
INFO: [BIND 205-101] Performing variable lifetime analysis.
INFO: [BIND 205-101] Exploring resource sharing.
INFO: [BIND 205-101] Binding ...
INFO: [BIND 205-100] Starting global binding ...
INFO: [BIND 205-100] Finished micro-architecture generation.
INFO: [HLS 200-111]  Elapsed time: 7.5 seconds; current allocated memory: 404.883 MB.
INFO: [HLS 200-10] ----------------------------------------------------------------
INFO: [HLS 200-42] -- Implementing module 'relu_ap_fixed_32_16_5_3_0_ap_fixed_32_16_4_0_0_relu_config4_s' 
INFO: [HLS 200-10] ----------------------------------------------------------------
INFO: [SCHED 204-11] Starting scheduling ...
INFO: [SCHED 204-61] Pipelining function 'relu<ap_fixed<32, 16, 5, 3, 0>, ap_fixed<32, 16, 4, 0, 0>, relu_config4>'.
INFO: [SCHED 204-61] Pipelining result : Target II = 1, Final II = 1, Depth = 1.
INFO: [SCHED 204-11] Finished scheduling.
INFO: [HLS 200-111]  Elapsed time: 4.42 seconds; current allocated memory: 407.691 MB.
INFO: [BIND 205-100] Starting micro-architecture generation ...
INFO: [BIND 205-101] Performing variable lifetime analysis.
INFO: [BIND 205-101] Exploring resource sharing.
INFO: [BIND 205-101] Binding ...
INFO: [BIND 205-100] Finished micro-architecture generation.
INFO: [HLS 200-111]  Elapsed time: 0.1 seconds; current allocated memory: 408.434 MB.
INFO: [HLS 200-10] ----------------------------------------------------------------
INFO: [HLS 200-42] -- Implementing module 'dense_latency_ap_fixed_ap_fixed_config5_0_0_0_0_0_0_0_0_0_0_0_0_0_0_0_0_0' 
INFO: [HLS 200-10] ----------------------------------------------------------------
INFO: [SCHED 204-11] Starting scheduling ...
INFO: [SCHED 204-61] Pipelining function 'dense_latency<ap_fixed,ap_fixed,config5>.0.0.0.0.0.0.0.0.0.0.0.0.0.0.0.0.0'.
INFO: [SCHED 204-61] Pipelining result : Target II = 1, Final II = 1, Depth = 1.
INFO: [SCHED 204-11] Finished scheduling.
INFO: [HLS 200-111]  Elapsed time: 0.72 seconds; current allocated memory: 415.267 MB.
INFO: [BIND 205-100] Starting micro-architecture generation ...
INFO: [BIND 205-101] Performing variable lifetime analysis.
INFO: [BIND 205-101] Exploring resource sharing.
INFO: [BIND 205-101] Binding ...
INFO: [BIND 205-100] Starting global binding ...
INFO: [BIND 205-100] Finished micro-architecture generation.
INFO: [HLS 200-111]  Elapsed time: 1.54 seconds; current allocated memory: 430.024 MB.
INFO: [HLS 200-10] ----------------------------------------------------------------
INFO: [HLS 200-42] -- Implementing module 'relu_ap_fixed_32_16_5_3_0_ap_fixed_32_16_4_0_0_relu_config7_s' 
INFO: [HLS 200-10] ----------------------------------------------------------------
INFO: [SCHED 204-11] Starting scheduling ...
INFO: [SCHED 204-61] Pipelining function 'relu<ap_fixed<32, 16, 5, 3, 0>, ap_fixed<32, 16, 4, 0, 0>, relu_config7>'.
INFO: [SCHED 204-61] Pipelining result : Target II = 1, Final II = 1, Depth = 1.
INFO: [SCHED 204-11] Finished scheduling.
INFO: [HLS 200-111]  Elapsed time: 1.48 seconds; current allocated memory: 431.153 MB.
INFO: [BIND 205-100] Starting micro-architecture generation ...
INFO: [BIND 205-101] Performing variable lifetime analysis.
INFO: [BIND 205-101] Exploring resource sharing.
INFO: [BIND 205-101] Binding ...
INFO: [BIND 205-100] Finished micro-architecture generation.
INFO: [HLS 200-111]  Elapsed time: 0.05 seconds; current allocated memory: 431.542 MB.
INFO: [HLS 200-10] ----------------------------------------------------------------
INFO: [HLS 200-42] -- Implementing module 'dense_latency_ap_fixed_ap_fixed_32_16_5_3_0_config8_0_0_0_0' 
INFO: [HLS 200-10] ----------------------------------------------------------------
INFO: [SCHED 204-11] Starting scheduling ...
INFO: [SCHED 204-61] Pipelining function 'dense_latency<ap_fixed,ap_fixed<32,16,5,3,0>,config8>.0.0.0.0'.
INFO: [SCHED 204-61] Pipelining result : Target II = 1, Final II = 1, Depth = 1.
INFO: [SCHED 204-11] Finished scheduling.
INFO: [HLS 200-111]  Elapsed time: 0.12 seconds; current allocated memory: 432.287 MB.
INFO: [BIND 205-100] Starting micro-architecture generation ...
INFO: [BIND 205-101] Performing variable lifetime analysis.
INFO: [BIND 205-101] Exploring resource sharing.
INFO: [BIND 205-101] Binding ...
INFO: [BIND 205-100] Starting global binding ...
INFO: [BIND 205-100] Finished micro-architecture generation.
INFO: [HLS 200-111]  Elapsed time: 0.12 seconds; current allocated memory: 433.219 MB.
INFO: [HLS 200-10] ----------------------------------------------------------------
INFO: [HLS 200-42] -- Implementing module 'myproject' 
INFO: [HLS 200-10] ----------------------------------------------------------------
INFO: [SCHED 204-11] Starting scheduling ...
INFO: [SCHED 204-61] Pipelining function 'myproject'.
INFO: [SCHED 204-61] Pipelining result : Target II = 1, Final II = 1, Depth = 2.
INFO: [SCHED 204-11] Finished scheduling.
INFO: [HLS 200-111]  Elapsed time: 0.16 seconds; current allocated memory: 433.587 MB.
INFO: [BIND 205-100] Starting micro-architecture generation ...
INFO: [BIND 205-101] Performing variable lifetime analysis.
INFO: [BIND 205-101] Exploring resource sharing.
INFO: [BIND 205-101] Binding ...
INFO: [BIND 205-100] Finished micro-architecture generation.
INFO: [HLS 200-111]  Elapsed time: 3.68 seconds; current allocated memory: 438.953 MB.
INFO: [HLS 200-10] ----------------------------------------------------------------
INFO: [HLS 200-10] -- Generating RTL for module 'dense_latency_0_0_0_0_0_0_0_0_0_0_0_0_0_0_0_0_0_0_0_0_0_0_0_0_0_0_0_0_0_0_0_0_0' 
INFO: [HLS 200-10] ----------------------------------------------------------------
INFO: [RTGEN 206-100] Finished creating RTL model for 'dense_latency_0_0_0_0_0_0_0_0_0_0_0_0_0_0_0_0_0_0_0_0_0_0_0_0_0_0_0_0_0_0_0_0_0'.
INFO: [HLS 200-111]  Elapsed time: 2.65 seconds; current allocated memory: 483.688 MB.
INFO: [HLS 200-10] ----------------------------------------------------------------
INFO: [HLS 200-10] -- Generating RTL for module 'relu_ap_fixed_32_16_5_3_0_ap_fixed_32_16_4_0_0_relu_config4_s' 
INFO: [HLS 200-10] ----------------------------------------------------------------
INFO: [RTGEN 206-100] Finished creating RTL model for 'relu_ap_fixed_32_16_5_3_0_ap_fixed_32_16_4_0_0_relu_config4_s'.
INFO: [HLS 200-111]  Elapsed time: 9.77 seconds; current allocated memory: 589.490 MB.
INFO: [HLS 200-10] ----------------------------------------------------------------
INFO: [HLS 200-10] -- Generating RTL for module 'dense_latency_ap_fixed_ap_fixed_config5_0_0_0_0_0_0_0_0_0_0_0_0_0_0_0_0_0' 
INFO: [HLS 200-10] ----------------------------------------------------------------
INFO: [RTGEN 206-100] Finished creating RTL model for 'dense_latency_ap_fixed_ap_fixed_config5_0_0_0_0_0_0_0_0_0_0_0_0_0_0_0_0_0'.
INFO: [HLS 200-111]  Elapsed time: 1.03 seconds; current allocated memory: 606.161 MB.
INFO: [HLS 200-10] ----------------------------------------------------------------
INFO: [HLS 200-10] -- Generating RTL for module 'relu_ap_fixed_32_16_5_3_0_ap_fixed_32_16_4_0_0_relu_config7_s' 
INFO: [HLS 200-10] ----------------------------------------------------------------
INFO: [RTGEN 206-100] Finished creating RTL model for 'relu_ap_fixed_32_16_5_3_0_ap_fixed_32_16_4_0_0_relu_config7_s'.
INFO: [HLS 200-111]  Elapsed time: 3.61 seconds; current allocated memory: 641.536 MB.
INFO: [HLS 200-10] ----------------------------------------------------------------
INFO: [HLS 200-10] -- Generating RTL for module 'dense_latency_ap_fixed_ap_fixed_32_16_5_3_0_config8_0_0_0_0' 
INFO: [HLS 200-10] ----------------------------------------------------------------
INFO: [RTGEN 206-100] Finished creating RTL model for 'dense_latency_ap_fixed_ap_fixed_32_16_5_3_0_config8_0_0_0_0'.
INFO: [HLS 200-111]  Elapsed time: 1.11 seconds; current allocated memory: 644.276 MB.
INFO: [HLS 200-10] ----------------------------------------------------------------
INFO: [HLS 200-10] -- Generating RTL for module 'myproject' 
INFO: [HLS 200-10] ----------------------------------------------------------------
INFO: [RTGEN 206-500] Setting interface mode on port 'myproject/inputs_V' to 'ap_vld'.
INFO: [RTGEN 206-500] Setting interface mode on port 'myproject/layer8_out_0_V' to 'ap_vld'.
INFO: [RTGEN 206-500] Setting interface mode on port 'myproject/layer8_out_1_V' to 'ap_vld'.
INFO: [RTGEN 206-500] Setting interface mode on port 'myproject/layer8_out_2_V' to 'ap_vld'.
INFO: [RTGEN 206-500] Setting interface mode on function 'myproject' to 'ap_ctrl_hs'.
INFO: [RTGEN 206-100] Finished creating RTL model for 'myproject'.
INFO: [HLS 200-111]  Elapsed time: 1.52 seconds; current allocated memory: 652.065 MB.
INFO: [HLS 200-789] **** Estimated Fmax: 68.04 MHz
INFO: [HLS 200-111] Finished generating all RTL models Time (s): cpu = 00:01:31 ; elapsed = 00:01:45 . Memory (MB): peak = 4395.270 ; gain = 3982.027 ; free physical = 9387 ; free virtual = 15326
INFO: [VHDL 208-304] Generating VHDL RTL for myproject.
INFO: [VLOG 209-307] Generating Verilog RTL for myproject.
***** C/RTL SYNTHESIS COMPLETED IN 0h1m43s *****
INFO: [HLS 200-112] Total elapsed time: 105.45 seconds; peak allocated memory: 652.065 MB.
INFO: [Common 17-206] Exiting vivado_hls at Tue Sep 17 10:43:11 2024...
