

================================================================
== Vivado HLS Report for 'relu_ap_fixed_32_16_5_3_0_ap_fixed_32_16_4_0_0_ReLU_config7_s'
================================================================
* Date:           Tue Sep 17 20:55:00 2024

* Version:        2019.2 (Build 2704478 on Wed Nov 06 22:10:23 MST 2019)
* Project:        myproject_prj
* Solution:       solution1
* Product family: virtexuplus
* Target device:  xcvu9p-flga2104-2-e


================================================================
== Performance Estimates
================================================================
+ Timing: 
    * Summary: 
    +--------+----------+----------+------------+
    |  Clock |  Target  | Estimated| Uncertainty|
    +--------+----------+----------+------------+
    |ap_clk  | 25.00 ns | 1.110 ns |   6.75 ns  |
    +--------+----------+----------+------------+

+ Latency: 
    * Summary: 
    +---------+---------+----------+----------+-----+-----+----------+
    |  Latency (cycles) |  Latency (absolute) |  Interval | Pipeline |
    |   min   |   max   |    min   |    max   | min | max |   Type   |
    +---------+---------+----------+----------+-----+-----+----------+
    |        0|        0|   0 ns   |   0 ns   |    1|    1| function |
    +---------+---------+----------+----------+-----+-----+----------+

    + Detail: 
        * Instance: 
        N/A

        * Loop: 
        N/A



================================================================
== Utilization Estimates
================================================================
* Summary: 
+---------------------+---------+-------+---------+---------+-----+
|         Name        | BRAM_18K| DSP48E|    FF   |   LUT   | URAM|
+---------------------+---------+-------+---------+---------+-----+
|DSP                  |        -|      -|        -|        -|    -|
|Expression           |        -|      -|        0|      816|    -|
|FIFO                 |        -|      -|        -|        -|    -|
|Instance             |        -|      -|        -|        -|    -|
|Memory               |        -|      -|        -|        -|    -|
|Multiplexer          |        -|      -|        -|        -|    -|
|Register             |        -|      -|        -|        -|    -|
+---------------------+---------+-------+---------+---------+-----+
|Total                |        0|      0|        0|      816|    0|
+---------------------+---------+-------+---------+---------+-----+
|Available SLR        |     1440|   2280|   788160|   394080|  320|
+---------------------+---------+-------+---------+---------+-----+
|Utilization SLR (%)  |        0|      0|        0|    ~0   |    0|
+---------------------+---------+-------+---------+---------+-----+
|Available            |     4320|   6840|  2364480|  1182240|  960|
+---------------------+---------+-------+---------+---------+-----+
|Utilization (%)      |        0|      0|        0|    ~0   |    0|
+---------------------+---------+-------+---------+---------+-----+

+ Detail: 
    * Instance: 
    N/A

    * DSP48E: 
    N/A

    * Memory: 
    N/A

    * FIFO: 
    N/A

    * Expression: 
    +--------------------------+----------+-------+---+----+------------+------------+
    |       Variable Name      | Operation| DSP48E| FF| LUT| Bitwidth P0| Bitwidth P1|
    +--------------------------+----------+-------+---+----+------------+------------+
    |icmp_ln1494_10_fu_364_p2  |   icmp   |      0|  0|  20|          32|           1|
    |icmp_ln1494_11_fu_386_p2  |   icmp   |      0|  0|  20|          32|           1|
    |icmp_ln1494_12_fu_408_p2  |   icmp   |      0|  0|  20|          32|           1|
    |icmp_ln1494_13_fu_430_p2  |   icmp   |      0|  0|  20|          32|           1|
    |icmp_ln1494_14_fu_452_p2  |   icmp   |      0|  0|  20|          32|           1|
    |icmp_ln1494_15_fu_474_p2  |   icmp   |      0|  0|  20|          32|           1|
    |icmp_ln1494_1_fu_166_p2   |   icmp   |      0|  0|  20|          32|           1|
    |icmp_ln1494_2_fu_188_p2   |   icmp   |      0|  0|  20|          32|           1|
    |icmp_ln1494_3_fu_210_p2   |   icmp   |      0|  0|  20|          32|           1|
    |icmp_ln1494_4_fu_232_p2   |   icmp   |      0|  0|  20|          32|           1|
    |icmp_ln1494_5_fu_254_p2   |   icmp   |      0|  0|  20|          32|           1|
    |icmp_ln1494_6_fu_276_p2   |   icmp   |      0|  0|  20|          32|           1|
    |icmp_ln1494_7_fu_298_p2   |   icmp   |      0|  0|  20|          32|           1|
    |icmp_ln1494_8_fu_320_p2   |   icmp   |      0|  0|  20|          32|           1|
    |icmp_ln1494_9_fu_342_p2   |   icmp   |      0|  0|  20|          32|           1|
    |icmp_ln1494_fu_144_p2     |   icmp   |      0|  0|  20|          32|           1|
    |select_ln45_10_fu_374_p3  |  select  |      0|  0|  31|           1|          31|
    |select_ln45_11_fu_396_p3  |  select  |      0|  0|  31|           1|          31|
    |select_ln45_12_fu_418_p3  |  select  |      0|  0|  31|           1|          31|
    |select_ln45_13_fu_440_p3  |  select  |      0|  0|  31|           1|          31|
    |select_ln45_14_fu_462_p3  |  select  |      0|  0|  31|           1|          31|
    |select_ln45_15_fu_484_p3  |  select  |      0|  0|  31|           1|          31|
    |select_ln45_1_fu_176_p3   |  select  |      0|  0|  31|           1|          31|
    |select_ln45_2_fu_198_p3   |  select  |      0|  0|  31|           1|          31|
    |select_ln45_3_fu_220_p3   |  select  |      0|  0|  31|           1|          31|
    |select_ln45_4_fu_242_p3   |  select  |      0|  0|  31|           1|          31|
    |select_ln45_5_fu_264_p3   |  select  |      0|  0|  31|           1|          31|
    |select_ln45_6_fu_286_p3   |  select  |      0|  0|  31|           1|          31|
    |select_ln45_7_fu_308_p3   |  select  |      0|  0|  31|           1|          31|
    |select_ln45_8_fu_330_p3   |  select  |      0|  0|  31|           1|          31|
    |select_ln45_9_fu_352_p3   |  select  |      0|  0|  31|           1|          31|
    |select_ln45_fu_154_p3     |  select  |      0|  0|  31|           1|          31|
    +--------------------------+----------+-------+---+----+------------+------------+
    |Total                     |          |      0|  0| 816|         528|         512|
    +--------------------------+----------+-------+---+----+------------+------------+

    * Multiplexer: 
    N/A

    * Register: 
    N/A



================================================================
== Interface
================================================================
* Summary: 
+----------------+-----+-----+------------+--------------------------------------------------------------------------+--------------+
|    RTL Ports   | Dir | Bits|  Protocol  |                               Source Object                              |    C Type    |
+----------------+-----+-----+------------+--------------------------------------------------------------------------+--------------+
|ap_ready        | out |    1| ap_ctrl_hs | relu<ap_fixed<32, 16, 5, 3, 0>, ap_fixed<32, 16, 4, 0, 0>, ReLU_config7> | return value |
|ap_return_0     | out |   32| ap_ctrl_hs | relu<ap_fixed<32, 16, 5, 3, 0>, ap_fixed<32, 16, 4, 0, 0>, ReLU_config7> | return value |
|ap_return_1     | out |   32| ap_ctrl_hs | relu<ap_fixed<32, 16, 5, 3, 0>, ap_fixed<32, 16, 4, 0, 0>, ReLU_config7> | return value |
|ap_return_2     | out |   32| ap_ctrl_hs | relu<ap_fixed<32, 16, 5, 3, 0>, ap_fixed<32, 16, 4, 0, 0>, ReLU_config7> | return value |
|ap_return_3     | out |   32| ap_ctrl_hs | relu<ap_fixed<32, 16, 5, 3, 0>, ap_fixed<32, 16, 4, 0, 0>, ReLU_config7> | return value |
|ap_return_4     | out |   32| ap_ctrl_hs | relu<ap_fixed<32, 16, 5, 3, 0>, ap_fixed<32, 16, 4, 0, 0>, ReLU_config7> | return value |
|ap_return_5     | out |   32| ap_ctrl_hs | relu<ap_fixed<32, 16, 5, 3, 0>, ap_fixed<32, 16, 4, 0, 0>, ReLU_config7> | return value |
|ap_return_6     | out |   32| ap_ctrl_hs | relu<ap_fixed<32, 16, 5, 3, 0>, ap_fixed<32, 16, 4, 0, 0>, ReLU_config7> | return value |
|ap_return_7     | out |   32| ap_ctrl_hs | relu<ap_fixed<32, 16, 5, 3, 0>, ap_fixed<32, 16, 4, 0, 0>, ReLU_config7> | return value |
|ap_return_8     | out |   32| ap_ctrl_hs | relu<ap_fixed<32, 16, 5, 3, 0>, ap_fixed<32, 16, 4, 0, 0>, ReLU_config7> | return value |
|ap_return_9     | out |   32| ap_ctrl_hs | relu<ap_fixed<32, 16, 5, 3, 0>, ap_fixed<32, 16, 4, 0, 0>, ReLU_config7> | return value |
|ap_return_10    | out |   32| ap_ctrl_hs | relu<ap_fixed<32, 16, 5, 3, 0>, ap_fixed<32, 16, 4, 0, 0>, ReLU_config7> | return value |
|ap_return_11    | out |   32| ap_ctrl_hs | relu<ap_fixed<32, 16, 5, 3, 0>, ap_fixed<32, 16, 4, 0, 0>, ReLU_config7> | return value |
|ap_return_12    | out |   32| ap_ctrl_hs | relu<ap_fixed<32, 16, 5, 3, 0>, ap_fixed<32, 16, 4, 0, 0>, ReLU_config7> | return value |
|ap_return_13    | out |   32| ap_ctrl_hs | relu<ap_fixed<32, 16, 5, 3, 0>, ap_fixed<32, 16, 4, 0, 0>, ReLU_config7> | return value |
|ap_return_14    | out |   32| ap_ctrl_hs | relu<ap_fixed<32, 16, 5, 3, 0>, ap_fixed<32, 16, 4, 0, 0>, ReLU_config7> | return value |
|ap_return_15    | out |   32| ap_ctrl_hs | relu<ap_fixed<32, 16, 5, 3, 0>, ap_fixed<32, 16, 4, 0, 0>, ReLU_config7> | return value |
|data_0_V_read   |  in |   32|   ap_none  |                               data_0_V_read                              |    scalar    |
|data_1_V_read   |  in |   32|   ap_none  |                               data_1_V_read                              |    scalar    |
|data_2_V_read   |  in |   32|   ap_none  |                               data_2_V_read                              |    scalar    |
|data_3_V_read   |  in |   32|   ap_none  |                               data_3_V_read                              |    scalar    |
|data_4_V_read   |  in |   32|   ap_none  |                               data_4_V_read                              |    scalar    |
|data_5_V_read   |  in |   32|   ap_none  |                               data_5_V_read                              |    scalar    |
|data_6_V_read   |  in |   32|   ap_none  |                               data_6_V_read                              |    scalar    |
|data_7_V_read   |  in |   32|   ap_none  |                               data_7_V_read                              |    scalar    |
|data_8_V_read   |  in |   32|   ap_none  |                               data_8_V_read                              |    scalar    |
|data_9_V_read   |  in |   32|   ap_none  |                               data_9_V_read                              |    scalar    |
|data_10_V_read  |  in |   32|   ap_none  |                              data_10_V_read                              |    scalar    |
|data_11_V_read  |  in |   32|   ap_none  |                              data_11_V_read                              |    scalar    |
|data_12_V_read  |  in |   32|   ap_none  |                              data_12_V_read                              |    scalar    |
|data_13_V_read  |  in |   32|   ap_none  |                              data_13_V_read                              |    scalar    |
|data_14_V_read  |  in |   32|   ap_none  |                              data_14_V_read                              |    scalar    |
|data_15_V_read  |  in |   32|   ap_none  |                              data_15_V_read                              |    scalar    |
+----------------+-----+-----+------------+--------------------------------------------------------------------------+--------------+

