

================================================================
== Vivado HLS Report for 'relu_ap_fixed_32_16_5_3_0_ap_fixed_32_16_4_0_0_relu_config7_s'
================================================================
* Date:           Tue Sep 17 11:16:39 2024

* Version:        2019.2 (Build 2704478 on Wed Nov 06 22:10:23 MST 2019)
* Project:        myproject_prj
* Solution:       solution1
* Product family: virtexuplus
* Target device:  xcvu9p-flga2104-2-e


================================================================
== Performance Estimates
================================================================
+ Timing: 
    * Summary: 
    +--------+----------+----------+------------+
    |  Clock |  Target  | Estimated| Uncertainty|
    +--------+----------+----------+------------+
    |ap_clk  | 25.00 ns | 1.110 ns |   6.75 ns  |
    +--------+----------+----------+------------+

+ Latency: 
    * Summary: 
    +---------+---------+----------+----------+-----+-----+----------+
    |  Latency (cycles) |  Latency (absolute) |  Interval | Pipeline |
    |   min   |   max   |    min   |    max   | min | max |   Type   |
    +---------+---------+----------+----------+-----+-----+----------+
    |        0|        0|   0 ns   |   0 ns   |    1|    1| function |
    +---------+---------+----------+----------+-----+-----+----------+

    + Detail: 
        * Instance: 
        N/A

        * Loop: 
        N/A



================================================================
== Utilization Estimates
================================================================
* Summary: 
+---------------------+---------+-------+---------+---------+-----+
|         Name        | BRAM_18K| DSP48E|    FF   |   LUT   | URAM|
+---------------------+---------+-------+---------+---------+-----+
|DSP                  |        -|      -|        -|        -|    -|
|Expression           |        -|      -|        0|     3266|    -|
|FIFO                 |        -|      -|        -|        -|    -|
|Instance             |        -|      -|        -|        -|    -|
|Memory               |        -|      -|        -|        -|    -|
|Multiplexer          |        -|      -|        -|      585|    -|
|Register             |        -|      -|     1986|        -|    -|
+---------------------+---------+-------+---------+---------+-----+
|Total                |        0|      0|     1986|     3851|    0|
+---------------------+---------+-------+---------+---------+-----+
|Available SLR        |     1440|   2280|   788160|   394080|  320|
+---------------------+---------+-------+---------+---------+-----+
|Utilization SLR (%)  |        0|      0|    ~0   |    ~0   |    0|
+---------------------+---------+-------+---------+---------+-----+
|Available            |     4320|   6840|  2364480|  1182240|  960|
+---------------------+---------+-------+---------+---------+-----+
|Utilization (%)      |        0|      0|    ~0   |    ~0   |    0|
+---------------------+---------+-------+---------+---------+-----+

+ Detail: 
    * Instance: 
    N/A

    * DSP48E: 
    N/A

    * Memory: 
    N/A

    * FIFO: 
    N/A

    * Expression: 
    +---------------------------+----------+-------+---+----+------------+------------+
    |       Variable Name       | Operation| DSP48E| FF| LUT| Bitwidth P0| Bitwidth P1|
    +---------------------------+----------+-------+---+----+------------+------------+
    |icmp_ln1494_10_fu_712_p2   |   icmp   |      0|  0|  20|          32|           1|
    |icmp_ln1494_11_fu_730_p2   |   icmp   |      0|  0|  20|          32|           1|
    |icmp_ln1494_12_fu_748_p2   |   icmp   |      0|  0|  20|          32|           1|
    |icmp_ln1494_13_fu_766_p2   |   icmp   |      0|  0|  20|          32|           1|
    |icmp_ln1494_14_fu_784_p2   |   icmp   |      0|  0|  20|          32|           1|
    |icmp_ln1494_15_fu_802_p2   |   icmp   |      0|  0|  20|          32|           1|
    |icmp_ln1494_16_fu_820_p2   |   icmp   |      0|  0|  20|          32|           1|
    |icmp_ln1494_17_fu_838_p2   |   icmp   |      0|  0|  20|          32|           1|
    |icmp_ln1494_18_fu_856_p2   |   icmp   |      0|  0|  20|          32|           1|
    |icmp_ln1494_19_fu_874_p2   |   icmp   |      0|  0|  20|          32|           1|
    |icmp_ln1494_1_fu_550_p2    |   icmp   |      0|  0|  20|          32|           1|
    |icmp_ln1494_20_fu_892_p2   |   icmp   |      0|  0|  20|          32|           1|
    |icmp_ln1494_21_fu_910_p2   |   icmp   |      0|  0|  20|          32|           1|
    |icmp_ln1494_22_fu_928_p2   |   icmp   |      0|  0|  20|          32|           1|
    |icmp_ln1494_23_fu_946_p2   |   icmp   |      0|  0|  20|          32|           1|
    |icmp_ln1494_24_fu_964_p2   |   icmp   |      0|  0|  20|          32|           1|
    |icmp_ln1494_25_fu_982_p2   |   icmp   |      0|  0|  20|          32|           1|
    |icmp_ln1494_26_fu_1000_p2  |   icmp   |      0|  0|  20|          32|           1|
    |icmp_ln1494_27_fu_1018_p2  |   icmp   |      0|  0|  20|          32|           1|
    |icmp_ln1494_28_fu_1036_p2  |   icmp   |      0|  0|  20|          32|           1|
    |icmp_ln1494_29_fu_1054_p2  |   icmp   |      0|  0|  20|          32|           1|
    |icmp_ln1494_2_fu_568_p2    |   icmp   |      0|  0|  20|          32|           1|
    |icmp_ln1494_30_fu_1072_p2  |   icmp   |      0|  0|  20|          32|           1|
    |icmp_ln1494_31_fu_1090_p2  |   icmp   |      0|  0|  20|          32|           1|
    |icmp_ln1494_32_fu_1108_p2  |   icmp   |      0|  0|  20|          32|           1|
    |icmp_ln1494_33_fu_1126_p2  |   icmp   |      0|  0|  20|          32|           1|
    |icmp_ln1494_34_fu_1144_p2  |   icmp   |      0|  0|  20|          32|           1|
    |icmp_ln1494_35_fu_1162_p2  |   icmp   |      0|  0|  20|          32|           1|
    |icmp_ln1494_36_fu_1180_p2  |   icmp   |      0|  0|  20|          32|           1|
    |icmp_ln1494_37_fu_1198_p2  |   icmp   |      0|  0|  20|          32|           1|
    |icmp_ln1494_38_fu_1216_p2  |   icmp   |      0|  0|  20|          32|           1|
    |icmp_ln1494_39_fu_1234_p2  |   icmp   |      0|  0|  20|          32|           1|
    |icmp_ln1494_3_fu_586_p2    |   icmp   |      0|  0|  20|          32|           1|
    |icmp_ln1494_40_fu_1252_p2  |   icmp   |      0|  0|  20|          32|           1|
    |icmp_ln1494_41_fu_1270_p2  |   icmp   |      0|  0|  20|          32|           1|
    |icmp_ln1494_42_fu_1288_p2  |   icmp   |      0|  0|  20|          32|           1|
    |icmp_ln1494_43_fu_1306_p2  |   icmp   |      0|  0|  20|          32|           1|
    |icmp_ln1494_44_fu_1324_p2  |   icmp   |      0|  0|  20|          32|           1|
    |icmp_ln1494_45_fu_1342_p2  |   icmp   |      0|  0|  20|          32|           1|
    |icmp_ln1494_46_fu_1360_p2  |   icmp   |      0|  0|  20|          32|           1|
    |icmp_ln1494_47_fu_1378_p2  |   icmp   |      0|  0|  20|          32|           1|
    |icmp_ln1494_48_fu_1396_p2  |   icmp   |      0|  0|  20|          32|           1|
    |icmp_ln1494_49_fu_1414_p2  |   icmp   |      0|  0|  20|          32|           1|
    |icmp_ln1494_4_fu_604_p2    |   icmp   |      0|  0|  20|          32|           1|
    |icmp_ln1494_50_fu_1432_p2  |   icmp   |      0|  0|  20|          32|           1|
    |icmp_ln1494_51_fu_1450_p2  |   icmp   |      0|  0|  20|          32|           1|
    |icmp_ln1494_52_fu_1468_p2  |   icmp   |      0|  0|  20|          32|           1|
    |icmp_ln1494_53_fu_1486_p2  |   icmp   |      0|  0|  20|          32|           1|
    |icmp_ln1494_54_fu_1504_p2  |   icmp   |      0|  0|  20|          32|           1|
    |icmp_ln1494_55_fu_1522_p2  |   icmp   |      0|  0|  20|          32|           1|
    |icmp_ln1494_56_fu_1540_p2  |   icmp   |      0|  0|  20|          32|           1|
    |icmp_ln1494_57_fu_1558_p2  |   icmp   |      0|  0|  20|          32|           1|
    |icmp_ln1494_58_fu_1576_p2  |   icmp   |      0|  0|  20|          32|           1|
    |icmp_ln1494_59_fu_1594_p2  |   icmp   |      0|  0|  20|          32|           1|
    |icmp_ln1494_5_fu_622_p2    |   icmp   |      0|  0|  20|          32|           1|
    |icmp_ln1494_60_fu_1612_p2  |   icmp   |      0|  0|  20|          32|           1|
    |icmp_ln1494_61_fu_1630_p2  |   icmp   |      0|  0|  20|          32|           1|
    |icmp_ln1494_62_fu_1648_p2  |   icmp   |      0|  0|  20|          32|           1|
    |icmp_ln1494_63_fu_1666_p2  |   icmp   |      0|  0|  20|          32|           1|
    |icmp_ln1494_6_fu_640_p2    |   icmp   |      0|  0|  20|          32|           1|
    |icmp_ln1494_7_fu_658_p2    |   icmp   |      0|  0|  20|          32|           1|
    |icmp_ln1494_8_fu_676_p2    |   icmp   |      0|  0|  20|          32|           1|
    |icmp_ln1494_9_fu_694_p2    |   icmp   |      0|  0|  20|          32|           1|
    |icmp_ln1494_fu_532_p2      |   icmp   |      0|  0|  20|          32|           1|
    |ap_block_state1            |    or    |      0|  0|   2|           1|           1|
    |select_ln45_10_fu_718_p3   |  select  |      0|  0|  31|           1|          31|
    |select_ln45_11_fu_736_p3   |  select  |      0|  0|  31|           1|          31|
    |select_ln45_12_fu_754_p3   |  select  |      0|  0|  31|           1|          31|
    |select_ln45_13_fu_772_p3   |  select  |      0|  0|  31|           1|          31|
    |select_ln45_14_fu_790_p3   |  select  |      0|  0|  31|           1|          31|
    |select_ln45_15_fu_808_p3   |  select  |      0|  0|  31|           1|          31|
    |select_ln45_16_fu_826_p3   |  select  |      0|  0|  31|           1|          31|
    |select_ln45_17_fu_844_p3   |  select  |      0|  0|  31|           1|          31|
    |select_ln45_18_fu_862_p3   |  select  |      0|  0|  31|           1|          31|
    |select_ln45_19_fu_880_p3   |  select  |      0|  0|  31|           1|          31|
    |select_ln45_1_fu_556_p3    |  select  |      0|  0|  31|           1|          31|
    |select_ln45_20_fu_898_p3   |  select  |      0|  0|  31|           1|          31|
    |select_ln45_21_fu_916_p3   |  select  |      0|  0|  31|           1|          31|
    |select_ln45_22_fu_934_p3   |  select  |      0|  0|  31|           1|          31|
    |select_ln45_23_fu_952_p3   |  select  |      0|  0|  31|           1|          31|
    |select_ln45_24_fu_970_p3   |  select  |      0|  0|  31|           1|          31|
    |select_ln45_25_fu_988_p3   |  select  |      0|  0|  31|           1|          31|
    |select_ln45_26_fu_1006_p3  |  select  |      0|  0|  31|           1|          31|
    |select_ln45_27_fu_1024_p3  |  select  |      0|  0|  31|           1|          31|
    |select_ln45_28_fu_1042_p3  |  select  |      0|  0|  31|           1|          31|
    |select_ln45_29_fu_1060_p3  |  select  |      0|  0|  31|           1|          31|
    |select_ln45_2_fu_574_p3    |  select  |      0|  0|  31|           1|          31|
    |select_ln45_30_fu_1078_p3  |  select  |      0|  0|  31|           1|          31|
    |select_ln45_31_fu_1096_p3  |  select  |      0|  0|  31|           1|          31|
    |select_ln45_32_fu_1114_p3  |  select  |      0|  0|  31|           1|          31|
    |select_ln45_33_fu_1132_p3  |  select  |      0|  0|  31|           1|          31|
    |select_ln45_34_fu_1150_p3  |  select  |      0|  0|  31|           1|          31|
    |select_ln45_35_fu_1168_p3  |  select  |      0|  0|  31|           1|          31|
    |select_ln45_36_fu_1186_p3  |  select  |      0|  0|  31|           1|          31|
    |select_ln45_37_fu_1204_p3  |  select  |      0|  0|  31|           1|          31|
    |select_ln45_38_fu_1222_p3  |  select  |      0|  0|  31|           1|          31|
    |select_ln45_39_fu_1240_p3  |  select  |      0|  0|  31|           1|          31|
    |select_ln45_3_fu_592_p3    |  select  |      0|  0|  31|           1|          31|
    |select_ln45_40_fu_1258_p3  |  select  |      0|  0|  31|           1|          31|
    |select_ln45_41_fu_1276_p3  |  select  |      0|  0|  31|           1|          31|
    |select_ln45_42_fu_1294_p3  |  select  |      0|  0|  31|           1|          31|
    |select_ln45_43_fu_1312_p3  |  select  |      0|  0|  31|           1|          31|
    |select_ln45_44_fu_1330_p3  |  select  |      0|  0|  31|           1|          31|
    |select_ln45_45_fu_1348_p3  |  select  |      0|  0|  31|           1|          31|
    |select_ln45_46_fu_1366_p3  |  select  |      0|  0|  31|           1|          31|
    |select_ln45_47_fu_1384_p3  |  select  |      0|  0|  31|           1|          31|
    |select_ln45_48_fu_1402_p3  |  select  |      0|  0|  31|           1|          31|
    |select_ln45_49_fu_1420_p3  |  select  |      0|  0|  31|           1|          31|
    |select_ln45_4_fu_610_p3    |  select  |      0|  0|  31|           1|          31|
    |select_ln45_50_fu_1438_p3  |  select  |      0|  0|  31|           1|          31|
    |select_ln45_51_fu_1456_p3  |  select  |      0|  0|  31|           1|          31|
    |select_ln45_52_fu_1474_p3  |  select  |      0|  0|  31|           1|          31|
    |select_ln45_53_fu_1492_p3  |  select  |      0|  0|  31|           1|          31|
    |select_ln45_54_fu_1510_p3  |  select  |      0|  0|  31|           1|          31|
    |select_ln45_55_fu_1528_p3  |  select  |      0|  0|  31|           1|          31|
    |select_ln45_56_fu_1546_p3  |  select  |      0|  0|  31|           1|          31|
    |select_ln45_57_fu_1564_p3  |  select  |      0|  0|  31|           1|          31|
    |select_ln45_58_fu_1582_p3  |  select  |      0|  0|  31|           1|          31|
    |select_ln45_59_fu_1600_p3  |  select  |      0|  0|  31|           1|          31|
    |select_ln45_5_fu_628_p3    |  select  |      0|  0|  31|           1|          31|
    |select_ln45_60_fu_1618_p3  |  select  |      0|  0|  31|           1|          31|
    |select_ln45_61_fu_1636_p3  |  select  |      0|  0|  31|           1|          31|
    |select_ln45_62_fu_1654_p3  |  select  |      0|  0|  31|           1|          31|
    |select_ln45_63_fu_1672_p3  |  select  |      0|  0|  31|           1|          31|
    |select_ln45_6_fu_646_p3    |  select  |      0|  0|  31|           1|          31|
    |select_ln45_7_fu_664_p3    |  select  |      0|  0|  31|           1|          31|
    |select_ln45_8_fu_682_p3    |  select  |      0|  0|  31|           1|          31|
    |select_ln45_9_fu_700_p3    |  select  |      0|  0|  31|           1|          31|
    |select_ln45_fu_538_p3      |  select  |      0|  0|  31|           1|          31|
    +---------------------------+----------+-------+---+----+------------+------------+
    |Total                      |          |      0|  0|3266|        2113|        2049|
    +---------------------------+----------+-------+---+----+------------+------------+

    * Multiplexer: 
    +--------------+----+-----------+-----+-----------+
    |     Name     | LUT| Input Size| Bits| Total Bits|
    +--------------+----+-----------+-----+-----------+
    |ap_done       |   9|          2|    1|          2|
    |ap_return_0   |   9|          2|   31|         62|
    |ap_return_1   |   9|          2|   31|         62|
    |ap_return_10  |   9|          2|   31|         62|
    |ap_return_11  |   9|          2|   31|         62|
    |ap_return_12  |   9|          2|   31|         62|
    |ap_return_13  |   9|          2|   31|         62|
    |ap_return_14  |   9|          2|   31|         62|
    |ap_return_15  |   9|          2|   31|         62|
    |ap_return_16  |   9|          2|   31|         62|
    |ap_return_17  |   9|          2|   31|         62|
    |ap_return_18  |   9|          2|   31|         62|
    |ap_return_19  |   9|          2|   31|         62|
    |ap_return_2   |   9|          2|   31|         62|
    |ap_return_20  |   9|          2|   31|         62|
    |ap_return_21  |   9|          2|   31|         62|
    |ap_return_22  |   9|          2|   31|         62|
    |ap_return_23  |   9|          2|   31|         62|
    |ap_return_24  |   9|          2|   31|         62|
    |ap_return_25  |   9|          2|   31|         62|
    |ap_return_26  |   9|          2|   31|         62|
    |ap_return_27  |   9|          2|   31|         62|
    |ap_return_28  |   9|          2|   31|         62|
    |ap_return_29  |   9|          2|   31|         62|
    |ap_return_3   |   9|          2|   31|         62|
    |ap_return_30  |   9|          2|   31|         62|
    |ap_return_31  |   9|          2|   31|         62|
    |ap_return_32  |   9|          2|   31|         62|
    |ap_return_33  |   9|          2|   31|         62|
    |ap_return_34  |   9|          2|   31|         62|
    |ap_return_35  |   9|          2|   31|         62|
    |ap_return_36  |   9|          2|   31|         62|
    |ap_return_37  |   9|          2|   31|         62|
    |ap_return_38  |   9|          2|   31|         62|
    |ap_return_39  |   9|          2|   31|         62|
    |ap_return_4   |   9|          2|   31|         62|
    |ap_return_40  |   9|          2|   31|         62|
    |ap_return_41  |   9|          2|   31|         62|
    |ap_return_42  |   9|          2|   31|         62|
    |ap_return_43  |   9|          2|   31|         62|
    |ap_return_44  |   9|          2|   31|         62|
    |ap_return_45  |   9|          2|   31|         62|
    |ap_return_46  |   9|          2|   31|         62|
    |ap_return_47  |   9|          2|   31|         62|
    |ap_return_48  |   9|          2|   31|         62|
    |ap_return_49  |   9|          2|   31|         62|
    |ap_return_5   |   9|          2|   31|         62|
    |ap_return_50  |   9|          2|   31|         62|
    |ap_return_51  |   9|          2|   31|         62|
    |ap_return_52  |   9|          2|   31|         62|
    |ap_return_53  |   9|          2|   31|         62|
    |ap_return_54  |   9|          2|   31|         62|
    |ap_return_55  |   9|          2|   31|         62|
    |ap_return_56  |   9|          2|   31|         62|
    |ap_return_57  |   9|          2|   31|         62|
    |ap_return_58  |   9|          2|   31|         62|
    |ap_return_59  |   9|          2|   31|         62|
    |ap_return_6   |   9|          2|   31|         62|
    |ap_return_60  |   9|          2|   31|         62|
    |ap_return_61  |   9|          2|   31|         62|
    |ap_return_62  |   9|          2|   31|         62|
    |ap_return_63  |   9|          2|   31|         62|
    |ap_return_7   |   9|          2|   31|         62|
    |ap_return_8   |   9|          2|   31|         62|
    |ap_return_9   |   9|          2|   31|         62|
    +--------------+----+-----------+-----+-----------+
    |Total         | 585|        130| 1985|       3970|
    +--------------+----+-----------+-----+-----------+

    * Register: 
    +-------------------+----+----+-----+-----------+
    |        Name       | FF | LUT| Bits| Const Bits|
    +-------------------+----+----+-----+-----------+
    |ap_CS_fsm          |   1|   0|    1|          0|
    |ap_done_reg        |   1|   0|    1|          0|
    |ap_return_0_preg   |  31|   0|   31|          0|
    |ap_return_10_preg  |  31|   0|   31|          0|
    |ap_return_11_preg  |  31|   0|   31|          0|
    |ap_return_12_preg  |  31|   0|   31|          0|
    |ap_return_13_preg  |  31|   0|   31|          0|
    |ap_return_14_preg  |  31|   0|   31|          0|
    |ap_return_15_preg  |  31|   0|   31|          0|
    |ap_return_16_preg  |  31|   0|   31|          0|
    |ap_return_17_preg  |  31|   0|   31|          0|
    |ap_return_18_preg  |  31|   0|   31|          0|
    |ap_return_19_preg  |  31|   0|   31|          0|
    |ap_return_1_preg   |  31|   0|   31|          0|
    |ap_return_20_preg  |  31|   0|   31|          0|
    |ap_return_21_preg  |  31|   0|   31|          0|
    |ap_return_22_preg  |  31|   0|   31|          0|
    |ap_return_23_preg  |  31|   0|   31|          0|
    |ap_return_24_preg  |  31|   0|   31|          0|
    |ap_return_25_preg  |  31|   0|   31|          0|
    |ap_return_26_preg  |  31|   0|   31|          0|
    |ap_return_27_preg  |  31|   0|   31|          0|
    |ap_return_28_preg  |  31|   0|   31|          0|
    |ap_return_29_preg  |  31|   0|   31|          0|
    |ap_return_2_preg   |  31|   0|   31|          0|
    |ap_return_30_preg  |  31|   0|   31|          0|
    |ap_return_31_preg  |  31|   0|   31|          0|
    |ap_return_32_preg  |  31|   0|   31|          0|
    |ap_return_33_preg  |  31|   0|   31|          0|
    |ap_return_34_preg  |  31|   0|   31|          0|
    |ap_return_35_preg  |  31|   0|   31|          0|
    |ap_return_36_preg  |  31|   0|   31|          0|
    |ap_return_37_preg  |  31|   0|   31|          0|
    |ap_return_38_preg  |  31|   0|   31|          0|
    |ap_return_39_preg  |  31|   0|   31|          0|
    |ap_return_3_preg   |  31|   0|   31|          0|
    |ap_return_40_preg  |  31|   0|   31|          0|
    |ap_return_41_preg  |  31|   0|   31|          0|
    |ap_return_42_preg  |  31|   0|   31|          0|
    |ap_return_43_preg  |  31|   0|   31|          0|
    |ap_return_44_preg  |  31|   0|   31|          0|
    |ap_return_45_preg  |  31|   0|   31|          0|
    |ap_return_46_preg  |  31|   0|   31|          0|
    |ap_return_47_preg  |  31|   0|   31|          0|
    |ap_return_48_preg  |  31|   0|   31|          0|
    |ap_return_49_preg  |  31|   0|   31|          0|
    |ap_return_4_preg   |  31|   0|   31|          0|
    |ap_return_50_preg  |  31|   0|   31|          0|
    |ap_return_51_preg  |  31|   0|   31|          0|
    |ap_return_52_preg  |  31|   0|   31|          0|
    |ap_return_53_preg  |  31|   0|   31|          0|
    |ap_return_54_preg  |  31|   0|   31|          0|
    |ap_return_55_preg  |  31|   0|   31|          0|
    |ap_return_56_preg  |  31|   0|   31|          0|
    |ap_return_57_preg  |  31|   0|   31|          0|
    |ap_return_58_preg  |  31|   0|   31|          0|
    |ap_return_59_preg  |  31|   0|   31|          0|
    |ap_return_5_preg   |  31|   0|   31|          0|
    |ap_return_60_preg  |  31|   0|   31|          0|
    |ap_return_61_preg  |  31|   0|   31|          0|
    |ap_return_62_preg  |  31|   0|   31|          0|
    |ap_return_63_preg  |  31|   0|   31|          0|
    |ap_return_6_preg   |  31|   0|   31|          0|
    |ap_return_7_preg   |  31|   0|   31|          0|
    |ap_return_8_preg   |  31|   0|   31|          0|
    |ap_return_9_preg   |  31|   0|   31|          0|
    +-------------------+----+----+-----+-----------+
    |Total              |1986|   0| 1986|          0|
    +-------------------+----+----+-----+-----------+



================================================================
== Interface
================================================================
* Summary: 
+----------------+-----+-----+------------+--------------------------------------------------------------------------+--------------+
|    RTL Ports   | Dir | Bits|  Protocol  |                               Source Object                              |    C Type    |
+----------------+-----+-----+------------+--------------------------------------------------------------------------+--------------+
|ap_clk          |  in |    1| ap_ctrl_hs | relu<ap_fixed<32, 16, 5, 3, 0>, ap_fixed<32, 16, 4, 0, 0>, relu_config7> | return value |
|ap_rst          |  in |    1| ap_ctrl_hs | relu<ap_fixed<32, 16, 5, 3, 0>, ap_fixed<32, 16, 4, 0, 0>, relu_config7> | return value |
|ap_start        |  in |    1| ap_ctrl_hs | relu<ap_fixed<32, 16, 5, 3, 0>, ap_fixed<32, 16, 4, 0, 0>, relu_config7> | return value |
|ap_done         | out |    1| ap_ctrl_hs | relu<ap_fixed<32, 16, 5, 3, 0>, ap_fixed<32, 16, 4, 0, 0>, relu_config7> | return value |
|ap_continue     |  in |    1| ap_ctrl_hs | relu<ap_fixed<32, 16, 5, 3, 0>, ap_fixed<32, 16, 4, 0, 0>, relu_config7> | return value |
|ap_idle         | out |    1| ap_ctrl_hs | relu<ap_fixed<32, 16, 5, 3, 0>, ap_fixed<32, 16, 4, 0, 0>, relu_config7> | return value |
|ap_ready        | out |    1| ap_ctrl_hs | relu<ap_fixed<32, 16, 5, 3, 0>, ap_fixed<32, 16, 4, 0, 0>, relu_config7> | return value |
|ap_return_0     | out |   31| ap_ctrl_hs | relu<ap_fixed<32, 16, 5, 3, 0>, ap_fixed<32, 16, 4, 0, 0>, relu_config7> | return value |
|ap_return_1     | out |   31| ap_ctrl_hs | relu<ap_fixed<32, 16, 5, 3, 0>, ap_fixed<32, 16, 4, 0, 0>, relu_config7> | return value |
|ap_return_2     | out |   31| ap_ctrl_hs | relu<ap_fixed<32, 16, 5, 3, 0>, ap_fixed<32, 16, 4, 0, 0>, relu_config7> | return value |
|ap_return_3     | out |   31| ap_ctrl_hs | relu<ap_fixed<32, 16, 5, 3, 0>, ap_fixed<32, 16, 4, 0, 0>, relu_config7> | return value |
|ap_return_4     | out |   31| ap_ctrl_hs | relu<ap_fixed<32, 16, 5, 3, 0>, ap_fixed<32, 16, 4, 0, 0>, relu_config7> | return value |
|ap_return_5     | out |   31| ap_ctrl_hs | relu<ap_fixed<32, 16, 5, 3, 0>, ap_fixed<32, 16, 4, 0, 0>, relu_config7> | return value |
|ap_return_6     | out |   31| ap_ctrl_hs | relu<ap_fixed<32, 16, 5, 3, 0>, ap_fixed<32, 16, 4, 0, 0>, relu_config7> | return value |
|ap_return_7     | out |   31| ap_ctrl_hs | relu<ap_fixed<32, 16, 5, 3, 0>, ap_fixed<32, 16, 4, 0, 0>, relu_config7> | return value |
|ap_return_8     | out |   31| ap_ctrl_hs | relu<ap_fixed<32, 16, 5, 3, 0>, ap_fixed<32, 16, 4, 0, 0>, relu_config7> | return value |
|ap_return_9     | out |   31| ap_ctrl_hs | relu<ap_fixed<32, 16, 5, 3, 0>, ap_fixed<32, 16, 4, 0, 0>, relu_config7> | return value |
|ap_return_10    | out |   31| ap_ctrl_hs | relu<ap_fixed<32, 16, 5, 3, 0>, ap_fixed<32, 16, 4, 0, 0>, relu_config7> | return value |
|ap_return_11    | out |   31| ap_ctrl_hs | relu<ap_fixed<32, 16, 5, 3, 0>, ap_fixed<32, 16, 4, 0, 0>, relu_config7> | return value |
|ap_return_12    | out |   31| ap_ctrl_hs | relu<ap_fixed<32, 16, 5, 3, 0>, ap_fixed<32, 16, 4, 0, 0>, relu_config7> | return value |
|ap_return_13    | out |   31| ap_ctrl_hs | relu<ap_fixed<32, 16, 5, 3, 0>, ap_fixed<32, 16, 4, 0, 0>, relu_config7> | return value |
|ap_return_14    | out |   31| ap_ctrl_hs | relu<ap_fixed<32, 16, 5, 3, 0>, ap_fixed<32, 16, 4, 0, 0>, relu_config7> | return value |
|ap_return_15    | out |   31| ap_ctrl_hs | relu<ap_fixed<32, 16, 5, 3, 0>, ap_fixed<32, 16, 4, 0, 0>, relu_config7> | return value |
|ap_return_16    | out |   31| ap_ctrl_hs | relu<ap_fixed<32, 16, 5, 3, 0>, ap_fixed<32, 16, 4, 0, 0>, relu_config7> | return value |
|ap_return_17    | out |   31| ap_ctrl_hs | relu<ap_fixed<32, 16, 5, 3, 0>, ap_fixed<32, 16, 4, 0, 0>, relu_config7> | return value |
|ap_return_18    | out |   31| ap_ctrl_hs | relu<ap_fixed<32, 16, 5, 3, 0>, ap_fixed<32, 16, 4, 0, 0>, relu_config7> | return value |
|ap_return_19    | out |   31| ap_ctrl_hs | relu<ap_fixed<32, 16, 5, 3, 0>, ap_fixed<32, 16, 4, 0, 0>, relu_config7> | return value |
|ap_return_20    | out |   31| ap_ctrl_hs | relu<ap_fixed<32, 16, 5, 3, 0>, ap_fixed<32, 16, 4, 0, 0>, relu_config7> | return value |
|ap_return_21    | out |   31| ap_ctrl_hs | relu<ap_fixed<32, 16, 5, 3, 0>, ap_fixed<32, 16, 4, 0, 0>, relu_config7> | return value |
|ap_return_22    | out |   31| ap_ctrl_hs | relu<ap_fixed<32, 16, 5, 3, 0>, ap_fixed<32, 16, 4, 0, 0>, relu_config7> | return value |
|ap_return_23    | out |   31| ap_ctrl_hs | relu<ap_fixed<32, 16, 5, 3, 0>, ap_fixed<32, 16, 4, 0, 0>, relu_config7> | return value |
|ap_return_24    | out |   31| ap_ctrl_hs | relu<ap_fixed<32, 16, 5, 3, 0>, ap_fixed<32, 16, 4, 0, 0>, relu_config7> | return value |
|ap_return_25    | out |   31| ap_ctrl_hs | relu<ap_fixed<32, 16, 5, 3, 0>, ap_fixed<32, 16, 4, 0, 0>, relu_config7> | return value |
|ap_return_26    | out |   31| ap_ctrl_hs | relu<ap_fixed<32, 16, 5, 3, 0>, ap_fixed<32, 16, 4, 0, 0>, relu_config7> | return value |
|ap_return_27    | out |   31| ap_ctrl_hs | relu<ap_fixed<32, 16, 5, 3, 0>, ap_fixed<32, 16, 4, 0, 0>, relu_config7> | return value |
|ap_return_28    | out |   31| ap_ctrl_hs | relu<ap_fixed<32, 16, 5, 3, 0>, ap_fixed<32, 16, 4, 0, 0>, relu_config7> | return value |
|ap_return_29    | out |   31| ap_ctrl_hs | relu<ap_fixed<32, 16, 5, 3, 0>, ap_fixed<32, 16, 4, 0, 0>, relu_config7> | return value |
|ap_return_30    | out |   31| ap_ctrl_hs | relu<ap_fixed<32, 16, 5, 3, 0>, ap_fixed<32, 16, 4, 0, 0>, relu_config7> | return value |
|ap_return_31    | out |   31| ap_ctrl_hs | relu<ap_fixed<32, 16, 5, 3, 0>, ap_fixed<32, 16, 4, 0, 0>, relu_config7> | return value |
|ap_return_32    | out |   31| ap_ctrl_hs | relu<ap_fixed<32, 16, 5, 3, 0>, ap_fixed<32, 16, 4, 0, 0>, relu_config7> | return value |
|ap_return_33    | out |   31| ap_ctrl_hs | relu<ap_fixed<32, 16, 5, 3, 0>, ap_fixed<32, 16, 4, 0, 0>, relu_config7> | return value |
|ap_return_34    | out |   31| ap_ctrl_hs | relu<ap_fixed<32, 16, 5, 3, 0>, ap_fixed<32, 16, 4, 0, 0>, relu_config7> | return value |
|ap_return_35    | out |   31| ap_ctrl_hs | relu<ap_fixed<32, 16, 5, 3, 0>, ap_fixed<32, 16, 4, 0, 0>, relu_config7> | return value |
|ap_return_36    | out |   31| ap_ctrl_hs | relu<ap_fixed<32, 16, 5, 3, 0>, ap_fixed<32, 16, 4, 0, 0>, relu_config7> | return value |
|ap_return_37    | out |   31| ap_ctrl_hs | relu<ap_fixed<32, 16, 5, 3, 0>, ap_fixed<32, 16, 4, 0, 0>, relu_config7> | return value |
|ap_return_38    | out |   31| ap_ctrl_hs | relu<ap_fixed<32, 16, 5, 3, 0>, ap_fixed<32, 16, 4, 0, 0>, relu_config7> | return value |
|ap_return_39    | out |   31| ap_ctrl_hs | relu<ap_fixed<32, 16, 5, 3, 0>, ap_fixed<32, 16, 4, 0, 0>, relu_config7> | return value |
|ap_return_40    | out |   31| ap_ctrl_hs | relu<ap_fixed<32, 16, 5, 3, 0>, ap_fixed<32, 16, 4, 0, 0>, relu_config7> | return value |
|ap_return_41    | out |   31| ap_ctrl_hs | relu<ap_fixed<32, 16, 5, 3, 0>, ap_fixed<32, 16, 4, 0, 0>, relu_config7> | return value |
|ap_return_42    | out |   31| ap_ctrl_hs | relu<ap_fixed<32, 16, 5, 3, 0>, ap_fixed<32, 16, 4, 0, 0>, relu_config7> | return value |
|ap_return_43    | out |   31| ap_ctrl_hs | relu<ap_fixed<32, 16, 5, 3, 0>, ap_fixed<32, 16, 4, 0, 0>, relu_config7> | return value |
|ap_return_44    | out |   31| ap_ctrl_hs | relu<ap_fixed<32, 16, 5, 3, 0>, ap_fixed<32, 16, 4, 0, 0>, relu_config7> | return value |
|ap_return_45    | out |   31| ap_ctrl_hs | relu<ap_fixed<32, 16, 5, 3, 0>, ap_fixed<32, 16, 4, 0, 0>, relu_config7> | return value |
|ap_return_46    | out |   31| ap_ctrl_hs | relu<ap_fixed<32, 16, 5, 3, 0>, ap_fixed<32, 16, 4, 0, 0>, relu_config7> | return value |
|ap_return_47    | out |   31| ap_ctrl_hs | relu<ap_fixed<32, 16, 5, 3, 0>, ap_fixed<32, 16, 4, 0, 0>, relu_config7> | return value |
|ap_return_48    | out |   31| ap_ctrl_hs | relu<ap_fixed<32, 16, 5, 3, 0>, ap_fixed<32, 16, 4, 0, 0>, relu_config7> | return value |
|ap_return_49    | out |   31| ap_ctrl_hs | relu<ap_fixed<32, 16, 5, 3, 0>, ap_fixed<32, 16, 4, 0, 0>, relu_config7> | return value |
|ap_return_50    | out |   31| ap_ctrl_hs | relu<ap_fixed<32, 16, 5, 3, 0>, ap_fixed<32, 16, 4, 0, 0>, relu_config7> | return value |
|ap_return_51    | out |   31| ap_ctrl_hs | relu<ap_fixed<32, 16, 5, 3, 0>, ap_fixed<32, 16, 4, 0, 0>, relu_config7> | return value |
|ap_return_52    | out |   31| ap_ctrl_hs | relu<ap_fixed<32, 16, 5, 3, 0>, ap_fixed<32, 16, 4, 0, 0>, relu_config7> | return value |
|ap_return_53    | out |   31| ap_ctrl_hs | relu<ap_fixed<32, 16, 5, 3, 0>, ap_fixed<32, 16, 4, 0, 0>, relu_config7> | return value |
|ap_return_54    | out |   31| ap_ctrl_hs | relu<ap_fixed<32, 16, 5, 3, 0>, ap_fixed<32, 16, 4, 0, 0>, relu_config7> | return value |
|ap_return_55    | out |   31| ap_ctrl_hs | relu<ap_fixed<32, 16, 5, 3, 0>, ap_fixed<32, 16, 4, 0, 0>, relu_config7> | return value |
|ap_return_56    | out |   31| ap_ctrl_hs | relu<ap_fixed<32, 16, 5, 3, 0>, ap_fixed<32, 16, 4, 0, 0>, relu_config7> | return value |
|ap_return_57    | out |   31| ap_ctrl_hs | relu<ap_fixed<32, 16, 5, 3, 0>, ap_fixed<32, 16, 4, 0, 0>, relu_config7> | return value |
|ap_return_58    | out |   31| ap_ctrl_hs | relu<ap_fixed<32, 16, 5, 3, 0>, ap_fixed<32, 16, 4, 0, 0>, relu_config7> | return value |
|ap_return_59    | out |   31| ap_ctrl_hs | relu<ap_fixed<32, 16, 5, 3, 0>, ap_fixed<32, 16, 4, 0, 0>, relu_config7> | return value |
|ap_return_60    | out |   31| ap_ctrl_hs | relu<ap_fixed<32, 16, 5, 3, 0>, ap_fixed<32, 16, 4, 0, 0>, relu_config7> | return value |
|ap_return_61    | out |   31| ap_ctrl_hs | relu<ap_fixed<32, 16, 5, 3, 0>, ap_fixed<32, 16, 4, 0, 0>, relu_config7> | return value |
|ap_return_62    | out |   31| ap_ctrl_hs | relu<ap_fixed<32, 16, 5, 3, 0>, ap_fixed<32, 16, 4, 0, 0>, relu_config7> | return value |
|ap_return_63    | out |   31| ap_ctrl_hs | relu<ap_fixed<32, 16, 5, 3, 0>, ap_fixed<32, 16, 4, 0, 0>, relu_config7> | return value |
|data_0_V_read   |  in |   32|   ap_none  |                               data_0_V_read                              |    scalar    |
|data_1_V_read   |  in |   32|   ap_none  |                               data_1_V_read                              |    scalar    |
|data_2_V_read   |  in |   32|   ap_none  |                               data_2_V_read                              |    scalar    |
|data_3_V_read   |  in |   32|   ap_none  |                               data_3_V_read                              |    scalar    |
|data_4_V_read   |  in |   32|   ap_none  |                               data_4_V_read                              |    scalar    |
|data_5_V_read   |  in |   32|   ap_none  |                               data_5_V_read                              |    scalar    |
|data_6_V_read   |  in |   32|   ap_none  |                               data_6_V_read                              |    scalar    |
|data_7_V_read   |  in |   32|   ap_none  |                               data_7_V_read                              |    scalar    |
|data_8_V_read   |  in |   32|   ap_none  |                               data_8_V_read                              |    scalar    |
|data_9_V_read   |  in |   32|   ap_none  |                               data_9_V_read                              |    scalar    |
|data_10_V_read  |  in |   32|   ap_none  |                              data_10_V_read                              |    scalar    |
|data_11_V_read  |  in |   32|   ap_none  |                              data_11_V_read                              |    scalar    |
|data_12_V_read  |  in |   32|   ap_none  |                              data_12_V_read                              |    scalar    |
|data_13_V_read  |  in |   32|   ap_none  |                              data_13_V_read                              |    scalar    |
|data_14_V_read  |  in |   32|   ap_none  |                              data_14_V_read                              |    scalar    |
|data_15_V_read  |  in |   32|   ap_none  |                              data_15_V_read                              |    scalar    |
|data_16_V_read  |  in |   32|   ap_none  |                              data_16_V_read                              |    scalar    |
|data_17_V_read  |  in |   32|   ap_none  |                              data_17_V_read                              |    scalar    |
|data_18_V_read  |  in |   32|   ap_none  |                              data_18_V_read                              |    scalar    |
|data_19_V_read  |  in |   32|   ap_none  |                              data_19_V_read                              |    scalar    |
|data_20_V_read  |  in |   32|   ap_none  |                              data_20_V_read                              |    scalar    |
|data_21_V_read  |  in |   32|   ap_none  |                              data_21_V_read                              |    scalar    |
|data_22_V_read  |  in |   32|   ap_none  |                              data_22_V_read                              |    scalar    |
|data_23_V_read  |  in |   32|   ap_none  |                              data_23_V_read                              |    scalar    |
|data_24_V_read  |  in |   32|   ap_none  |                              data_24_V_read                              |    scalar    |
|data_25_V_read  |  in |   32|   ap_none  |                              data_25_V_read                              |    scalar    |
|data_26_V_read  |  in |   32|   ap_none  |                              data_26_V_read                              |    scalar    |
|data_27_V_read  |  in |   32|   ap_none  |                              data_27_V_read                              |    scalar    |
|data_28_V_read  |  in |   32|   ap_none  |                              data_28_V_read                              |    scalar    |
|data_29_V_read  |  in |   32|   ap_none  |                              data_29_V_read                              |    scalar    |
|data_30_V_read  |  in |   32|   ap_none  |                              data_30_V_read                              |    scalar    |
|data_31_V_read  |  in |   32|   ap_none  |                              data_31_V_read                              |    scalar    |
|data_32_V_read  |  in |   32|   ap_none  |                              data_32_V_read                              |    scalar    |
|data_33_V_read  |  in |   32|   ap_none  |                              data_33_V_read                              |    scalar    |
|data_34_V_read  |  in |   32|   ap_none  |                              data_34_V_read                              |    scalar    |
|data_35_V_read  |  in |   32|   ap_none  |                              data_35_V_read                              |    scalar    |
|data_36_V_read  |  in |   32|   ap_none  |                              data_36_V_read                              |    scalar    |
|data_37_V_read  |  in |   32|   ap_none  |                              data_37_V_read                              |    scalar    |
|data_38_V_read  |  in |   32|   ap_none  |                              data_38_V_read                              |    scalar    |
|data_39_V_read  |  in |   32|   ap_none  |                              data_39_V_read                              |    scalar    |
|data_40_V_read  |  in |   32|   ap_none  |                              data_40_V_read                              |    scalar    |
|data_41_V_read  |  in |   32|   ap_none  |                              data_41_V_read                              |    scalar    |
|data_42_V_read  |  in |   32|   ap_none  |                              data_42_V_read                              |    scalar    |
|data_43_V_read  |  in |   32|   ap_none  |                              data_43_V_read                              |    scalar    |
|data_44_V_read  |  in |   32|   ap_none  |                              data_44_V_read                              |    scalar    |
|data_45_V_read  |  in |   32|   ap_none  |                              data_45_V_read                              |    scalar    |
|data_46_V_read  |  in |   32|   ap_none  |                              data_46_V_read                              |    scalar    |
|data_47_V_read  |  in |   32|   ap_none  |                              data_47_V_read                              |    scalar    |
|data_48_V_read  |  in |   32|   ap_none  |                              data_48_V_read                              |    scalar    |
|data_49_V_read  |  in |   32|   ap_none  |                              data_49_V_read                              |    scalar    |
|data_50_V_read  |  in |   32|   ap_none  |                              data_50_V_read                              |    scalar    |
|data_51_V_read  |  in |   32|   ap_none  |                              data_51_V_read                              |    scalar    |
|data_52_V_read  |  in |   32|   ap_none  |                              data_52_V_read                              |    scalar    |
|data_53_V_read  |  in |   32|   ap_none  |                              data_53_V_read                              |    scalar    |
|data_54_V_read  |  in |   32|   ap_none  |                              data_54_V_read                              |    scalar    |
|data_55_V_read  |  in |   32|   ap_none  |                              data_55_V_read                              |    scalar    |
|data_56_V_read  |  in |   32|   ap_none  |                              data_56_V_read                              |    scalar    |
|data_57_V_read  |  in |   32|   ap_none  |                              data_57_V_read                              |    scalar    |
|data_58_V_read  |  in |   32|   ap_none  |                              data_58_V_read                              |    scalar    |
|data_59_V_read  |  in |   32|   ap_none  |                              data_59_V_read                              |    scalar    |
|data_60_V_read  |  in |   32|   ap_none  |                              data_60_V_read                              |    scalar    |
|data_61_V_read  |  in |   32|   ap_none  |                              data_61_V_read                              |    scalar    |
|data_62_V_read  |  in |   32|   ap_none  |                              data_62_V_read                              |    scalar    |
|data_63_V_read  |  in |   32|   ap_none  |                              data_63_V_read                              |    scalar    |
+----------------+-----+-----+------------+--------------------------------------------------------------------------+--------------+

