
****** Vitis HLS - High-Level Synthesis from C, C++ and OpenCL v2023.1 (64-bit)
  **** SW Build 3854077 on May  4 2023
  **** IP Build 3864474 on Sun May  7 20:36:21 MDT 2023
  **** SharedData Build 3865790 on Sun May 07 13:33:03 MDT 2023
    ** Copyright 1986-2022 Xilinx, Inc. All Rights Reserved.
    ** Copyright 2022-2023 Advanced Micro Devices, Inc. All Rights Reserved.

source /afs/slac.stanford.edu/g/reseng/vol39/xilinx/2023.1/Vitis_HLS/2023.1/scripts/vitis_hls/hls.tcl -notrace
INFO: [HLS 200-10] Running '/afs/slac.stanford.edu/g/reseng/vol39/xilinx/2023.1/Vitis_HLS/2023.1/bin/unwrapped/lnx64.o/vitis_hls'
INFO: [HLS 200-10] For user 'hjia625' on host 'rdsrv413' (Linux_x86_64 version 5.15.0-119-generic) on Tue Sep 17 19:59:44 PDT 2024
INFO: [HLS 200-10] On os Ubuntu 20.04.6 LTS
INFO: [HLS 200-10] In directory '/u1/hjia625/conifer/Vitis_Latency_small_SNL_VAE'
Sourcing Tcl script 'build_prj.tcl'
INFO: [HLS 200-1510] Running: open_project myproject_prj 
INFO: [HLS 200-10] Creating and opening project '/u1/hjia625/conifer/Vitis_Latency_small_SNL_VAE/myproject_prj'.
INFO: [HLS 200-1510] Running: set_top myproject 
INFO: [HLS 200-1510] Running: add_files firmware/myproject.cpp -cflags -std=c++0x 
INFO: [HLS 200-10] Adding design file 'firmware/myproject.cpp' to the project
INFO: [HLS 200-1510] Running: add_files -tb myproject_test.cpp -cflags -std=c++0x 
INFO: [HLS 200-10] Adding test bench file 'myproject_test.cpp' to the project
INFO: [HLS 200-1510] Running: add_files -tb firmware/weights 
INFO: [HLS 200-10] Adding test bench file 'firmware/weights' to the project
INFO: [HLS 200-1510] Running: add_files -tb tb_data 
INFO: [HLS 200-10] Adding test bench file 'tb_data' to the project
INFO: [HLS 200-1510] Running: open_solution solution1 
INFO: [HLS 200-10] Creating and opening solution '/u1/hjia625/conifer/Vitis_Latency_small_SNL_VAE/myproject_prj/solution1'.
INFO: [HLS 200-1505] Using default flow_target 'vivado'
Resolution: For help on HLS 200-1505 see www.xilinx.com/cgi-bin/docs/rdoc?v=2023.1;t=hls+guidance;d=200-1505.html
INFO: [HLS 200-1510] Running: config_array_partition -maximum_size 4096 
INFO: [XFORM 203-101] Allowed max sub elements number after partition is 4096.
ERROR: [HLS 200-642] The 'config_array_partition -maximum_size' command is not supported.
INFO: [HLS 200-1510] Running: config_compile -name_max_length 80 
INFO: [XFORM 203-1161] The maximum of name length is set to 80.
INFO: [HLS 200-1510] Running: set_part xcvu9p-flga2104-2-e 
INFO: [HLS 200-1611] Setting target device to 'xcvu9p-flga2104-2-e'
INFO: [XFORM 203-1161] The maximum of name length is set to 80.
INFO: [HLS 200-1510] Running: config_schedule -enable_dsp_full_reg=false 
INFO: [HLS 200-1510] Running: create_clock -period 25 -name default 
INFO: [SYN 201-201] Setting up clock 'default' with a period of 25ns.
INFO: [HLS 200-1510] Running: set_clock_uncertainty 27% default 
INFO: [SYN 201-201] Setting up clock 'default' with an uncertainty of 6.75ns.
***** C/RTL SYNTHESIS *****
INFO: [HLS 200-1510] Running: csynth_design 
INFO: [HLS 200-111] Finished File checks and directory preparation: CPU user time: 0.03 seconds. CPU system time: 0.01 seconds. Elapsed time: 0.03 seconds; current allocated memory: 1.451 GB.
INFO: [HLS 200-10] Analyzing design file 'firmware/myproject.cpp' ... 
WARNING: [HLS 207-5292] unused parameter 'keep' (firmware/nnet_utils/nnet_helpers.h:285:99)
WARNING: [HLS 207-5292] unused parameter 'data' (firmware/nnet_utils/nnet_code_gen.h:11:36)
WARNING: [HLS 207-5292] unused parameter 'buffer' (firmware/nnet_utils/nnet_code_gen.h:12:36)
WARNING: [HLS 207-5292] unused parameter 'partition' (firmware/nnet_utils/nnet_code_gen.h:13:44)
WARNING: [HLS 207-5292] unused parameter 'data' (firmware/nnet_utils/nnet_code_gen.h:21:24)
WARNING: [HLS 207-5292] unused parameter 'buffer' (firmware/nnet_utils/nnet_code_gen.h:22:24)
WARNING: [HLS 207-5292] unused parameter 'partition' (firmware/nnet_utils/nnet_code_gen.h:23:32)
INFO: [HLS 200-111] Finished Source Code Analysis and Preprocessing: CPU user time: 3.27 seconds. CPU system time: 0.92 seconds. Elapsed time: 4.21 seconds; current allocated memory: 1.456 GB.
INFO: [HLS 200-777] Using interface defaults for 'Vivado' flow target.
INFO: [HLS 200-1995] There were 2,925 instructions in the design after the 'Compile/Link' phase of compilation. See the Design Size Report for more details: /u1/hjia625/conifer/Vitis_Latency_small_SNL_VAE/myproject_prj/solution1/syn/report/csynth_design_size.rpt
WARNING: [HLS 200-1995] There were 143,138 instructions in the design after the 'Unroll/Inline' phase of compilation. See the Design Size Report for more details: /u1/hjia625/conifer/Vitis_Latency_small_SNL_VAE/myproject_prj/solution1/syn/report/csynth_design_size.rpt
INFO: [HLS 200-1995] There were 17,537 instructions in the design after the 'Performance/Pipeline' phase of compilation. See the Design Size Report for more details: /u1/hjia625/conifer/Vitis_Latency_small_SNL_VAE/myproject_prj/solution1/syn/report/csynth_design_size.rpt
INFO: [HLS 200-1995] There were 17,356 instructions in the design after the 'Optimizations' phase of compilation. See the Design Size Report for more details: /u1/hjia625/conifer/Vitis_Latency_small_SNL_VAE/myproject_prj/solution1/syn/report/csynth_design_size.rpt
INFO: [HLS 214-131] Inlining function 'nnet::product::mult<ap_fixed<32, 16, (ap_q_mode)5, (ap_o_mode)3, 0>, ap_fixed<32, 16, (ap_q_mode)5, (ap_o_mode)3, 0> >::product(ap_fixed<32, 16, (ap_q_mode)5, (ap_o_mode)3, 0>, ap_fixed<32, 16, (ap_q_mode)5, (ap_o_mode)3, 0>)' into 'void nnet::dense_latency<ap_fixed<32, 16, (ap_q_mode)5, (ap_o_mode)3, 0>, ap_fixed<32, 16, (ap_q_mode)5, (ap_o_mode)3, 0>, config2>(ap_fixed<32, 16, (ap_q_mode)5, (ap_o_mode)3, 0>*, ap_fixed<32, 16, (ap_q_mode)5, (ap_o_mode)3, 0>*, config2::weight_t*, config2::bias_t*)' (firmware/nnet_utils/nnet_dense_latency.h:42:27)
INFO: [HLS 214-131] Inlining function 'nnet::product::mult<ap_fixed<32, 16, (ap_q_mode)4, (ap_o_mode)0, 0>, ap_fixed<32, 16, (ap_q_mode)5, (ap_o_mode)3, 0> >::product(ap_fixed<32, 16, (ap_q_mode)4, (ap_o_mode)0, 0>, ap_fixed<32, 16, (ap_q_mode)5, (ap_o_mode)3, 0>)' into 'void nnet::dense_latency<ap_fixed<32, 16, (ap_q_mode)4, (ap_o_mode)0, 0>, ap_fixed<32, 16, (ap_q_mode)5, (ap_o_mode)3, 0>, config5>(ap_fixed<32, 16, (ap_q_mode)4, (ap_o_mode)0, 0>*, ap_fixed<32, 16, (ap_q_mode)5, (ap_o_mode)3, 0>*, config5::weight_t*, config5::bias_t*)' (firmware/nnet_utils/nnet_dense_latency.h:42:27)
INFO: [HLS 214-131] Inlining function 'nnet::product::mult<ap_fixed<32, 16, (ap_q_mode)4, (ap_o_mode)0, 0>, ap_fixed<32, 16, (ap_q_mode)5, (ap_o_mode)3, 0> >::product(ap_fixed<32, 16, (ap_q_mode)4, (ap_o_mode)0, 0>, ap_fixed<32, 16, (ap_q_mode)5, (ap_o_mode)3, 0>)' into 'void nnet::dense_latency<ap_fixed<32, 16, (ap_q_mode)4, (ap_o_mode)0, 0>, ap_fixed<32, 16, (ap_q_mode)5, (ap_o_mode)3, 0>, config8>(ap_fixed<32, 16, (ap_q_mode)4, (ap_o_mode)0, 0>*, ap_fixed<32, 16, (ap_q_mode)5, (ap_o_mode)3, 0>*, config8::weight_t*, config8::bias_t*)' (firmware/nnet_utils/nnet_dense_latency.h:42:27)
INFO: [HLS 214-131] Inlining function 'void nnet::dense<ap_fixed<32, 16, (ap_q_mode)5, (ap_o_mode)3, 0>, ap_fixed<32, 16, (ap_q_mode)5, (ap_o_mode)3, 0>, config2>(ap_fixed<32, 16, (ap_q_mode)5, (ap_o_mode)3, 0>*, ap_fixed<32, 16, (ap_q_mode)5, (ap_o_mode)3, 0>*, config2::weight_t*, config2::bias_t*)' into 'myproject(ap_fixed<32, 16, (ap_q_mode)5, (ap_o_mode)3, 0>*, ap_fixed<32, 16, (ap_q_mode)5, (ap_o_mode)3, 0>*)' (firmware/myproject.cpp:39:2)
INFO: [HLS 214-131] Inlining function 'void nnet::dense<ap_fixed<32, 16, (ap_q_mode)4, (ap_o_mode)0, 0>, ap_fixed<32, 16, (ap_q_mode)5, (ap_o_mode)3, 0>, config5>(ap_fixed<32, 16, (ap_q_mode)4, (ap_o_mode)0, 0>*, ap_fixed<32, 16, (ap_q_mode)5, (ap_o_mode)3, 0>*, config5::weight_t*, config5::bias_t*)' into 'myproject(ap_fixed<32, 16, (ap_q_mode)5, (ap_o_mode)3, 0>*, ap_fixed<32, 16, (ap_q_mode)5, (ap_o_mode)3, 0>*)' (firmware/myproject.cpp:47:2)
INFO: [HLS 214-131] Inlining function 'void nnet::dense<ap_fixed<32, 16, (ap_q_mode)4, (ap_o_mode)0, 0>, ap_fixed<32, 16, (ap_q_mode)5, (ap_o_mode)3, 0>, config8>(ap_fixed<32, 16, (ap_q_mode)4, (ap_o_mode)0, 0>*, ap_fixed<32, 16, (ap_q_mode)5, (ap_o_mode)3, 0>*, config8::weight_t*, config8::bias_t*)' into 'myproject(ap_fixed<32, 16, (ap_q_mode)5, (ap_o_mode)3, 0>*, ap_fixed<32, 16, (ap_q_mode)5, (ap_o_mode)3, 0>*)' (firmware/myproject.cpp:53:5)
INFO: [HLS 214-291] Loop 'Result' is marked as complete unroll implied by the pipeline pragma (firmware/nnet_utils/nnet_dense_latency.h:64:5)
INFO: [HLS 214-291] Loop 'Accum1' is marked as complete unroll implied by the pipeline pragma (firmware/nnet_utils/nnet_dense_latency.h:54:5)
INFO: [HLS 214-291] Loop 'Accum2' is marked as complete unroll implied by the pipeline pragma (firmware/nnet_utils/nnet_dense_latency.h:56:9)
INFO: [HLS 214-291] Loop 'ResetAccum' is marked as complete unroll implied by the pipeline pragma (firmware/nnet_utils/nnet_dense_latency.h:48:5)
INFO: [HLS 214-291] Loop 'Product1' is marked as complete unroll implied by the pipeline pragma (firmware/nnet_utils/nnet_dense_latency.h:37:5)
INFO: [HLS 214-291] Loop 'Product2' is marked as complete unroll implied by the pipeline pragma (firmware/nnet_utils/nnet_dense_latency.h:40:9)
INFO: [HLS 214-291] Loop 'VITIS_LOOP_43_1' is marked as complete unroll implied by the pipeline pragma (firmware/nnet_utils/nnet_activation.h:43:22)
INFO: [HLS 214-186] Unrolling loop 'Result' (firmware/nnet_utils/nnet_dense_latency.h:64:5) in function 'nnet::dense_latency<ap_fixed<32, 16, (ap_q_mode)4, (ap_o_mode)0, 0>, ap_fixed<32, 16, (ap_q_mode)5, (ap_o_mode)3, 0>, config8>' completely with a factor of 3 (firmware/nnet_utils/nnet_dense_latency.h:15:0)
INFO: [HLS 214-186] Unrolling loop 'Accum1' (firmware/nnet_utils/nnet_dense_latency.h:54:5) in function 'nnet::dense_latency<ap_fixed<32, 16, (ap_q_mode)4, (ap_o_mode)0, 0>, ap_fixed<32, 16, (ap_q_mode)5, (ap_o_mode)3, 0>, config8>' completely with a factor of 16 (firmware/nnet_utils/nnet_dense_latency.h:15:0)
INFO: [HLS 214-186] Unrolling loop 'Accum2' (firmware/nnet_utils/nnet_dense_latency.h:56:9) in function 'nnet::dense_latency<ap_fixed<32, 16, (ap_q_mode)4, (ap_o_mode)0, 0>, ap_fixed<32, 16, (ap_q_mode)5, (ap_o_mode)3, 0>, config8>' completely with a factor of 3 (firmware/nnet_utils/nnet_dense_latency.h:15:0)
INFO: [HLS 214-186] Unrolling loop 'ResetAccum' (firmware/nnet_utils/nnet_dense_latency.h:48:5) in function 'nnet::dense_latency<ap_fixed<32, 16, (ap_q_mode)4, (ap_o_mode)0, 0>, ap_fixed<32, 16, (ap_q_mode)5, (ap_o_mode)3, 0>, config8>' completely with a factor of 3 (firmware/nnet_utils/nnet_dense_latency.h:15:0)
INFO: [HLS 214-186] Unrolling loop 'Product1' (firmware/nnet_utils/nnet_dense_latency.h:37:5) in function 'nnet::dense_latency<ap_fixed<32, 16, (ap_q_mode)4, (ap_o_mode)0, 0>, ap_fixed<32, 16, (ap_q_mode)5, (ap_o_mode)3, 0>, config8>' completely with a factor of 16 (firmware/nnet_utils/nnet_dense_latency.h:15:0)
INFO: [HLS 214-186] Unrolling loop 'Product2' (firmware/nnet_utils/nnet_dense_latency.h:40:9) in function 'nnet::dense_latency<ap_fixed<32, 16, (ap_q_mode)4, (ap_o_mode)0, 0>, ap_fixed<32, 16, (ap_q_mode)5, (ap_o_mode)3, 0>, config8>' completely with a factor of 3 (firmware/nnet_utils/nnet_dense_latency.h:15:0)
INFO: [HLS 214-186] Unrolling loop 'VITIS_LOOP_43_1' (firmware/nnet_utils/nnet_activation.h:43:22) in function 'nnet::relu<ap_fixed<32, 16, (ap_q_mode)5, (ap_o_mode)3, 0>, ap_fixed<32, 16, (ap_q_mode)4, (ap_o_mode)0, 0>, ReLU_config7>' completely with a factor of 16 (firmware/nnet_utils/nnet_activation.h:39:0)
INFO: [HLS 214-186] Unrolling loop 'Result' (firmware/nnet_utils/nnet_dense_latency.h:64:5) in function 'nnet::dense_latency<ap_fixed<32, 16, (ap_q_mode)4, (ap_o_mode)0, 0>, ap_fixed<32, 16, (ap_q_mode)5, (ap_o_mode)3, 0>, config5>' completely with a factor of 16 (firmware/nnet_utils/nnet_dense_latency.h:15:0)
INFO: [HLS 214-186] Unrolling loop 'Accum1' (firmware/nnet_utils/nnet_dense_latency.h:54:5) in function 'nnet::dense_latency<ap_fixed<32, 16, (ap_q_mode)4, (ap_o_mode)0, 0>, ap_fixed<32, 16, (ap_q_mode)5, (ap_o_mode)3, 0>, config5>' completely with a factor of 32 (firmware/nnet_utils/nnet_dense_latency.h:15:0)
INFO: [HLS 214-186] Unrolling loop 'Accum2' (firmware/nnet_utils/nnet_dense_latency.h:56:9) in function 'nnet::dense_latency<ap_fixed<32, 16, (ap_q_mode)4, (ap_o_mode)0, 0>, ap_fixed<32, 16, (ap_q_mode)5, (ap_o_mode)3, 0>, config5>' completely with a factor of 16 (firmware/nnet_utils/nnet_dense_latency.h:15:0)
INFO: [HLS 214-186] Unrolling loop 'ResetAccum' (firmware/nnet_utils/nnet_dense_latency.h:48:5) in function 'nnet::dense_latency<ap_fixed<32, 16, (ap_q_mode)4, (ap_o_mode)0, 0>, ap_fixed<32, 16, (ap_q_mode)5, (ap_o_mode)3, 0>, config5>' completely with a factor of 16 (firmware/nnet_utils/nnet_dense_latency.h:15:0)
INFO: [HLS 214-186] Unrolling loop 'Product1' (firmware/nnet_utils/nnet_dense_latency.h:37:5) in function 'nnet::dense_latency<ap_fixed<32, 16, (ap_q_mode)4, (ap_o_mode)0, 0>, ap_fixed<32, 16, (ap_q_mode)5, (ap_o_mode)3, 0>, config5>' completely with a factor of 32 (firmware/nnet_utils/nnet_dense_latency.h:15:0)
INFO: [HLS 214-186] Unrolling loop 'Product2' (firmware/nnet_utils/nnet_dense_latency.h:40:9) in function 'nnet::dense_latency<ap_fixed<32, 16, (ap_q_mode)4, (ap_o_mode)0, 0>, ap_fixed<32, 16, (ap_q_mode)5, (ap_o_mode)3, 0>, config5>' completely with a factor of 16 (firmware/nnet_utils/nnet_dense_latency.h:15:0)
INFO: [HLS 214-186] Unrolling loop 'VITIS_LOOP_43_1' (firmware/nnet_utils/nnet_activation.h:43:22) in function 'nnet::relu<ap_fixed<32, 16, (ap_q_mode)5, (ap_o_mode)3, 0>, ap_fixed<32, 16, (ap_q_mode)4, (ap_o_mode)0, 0>, ReLU_config4>' completely with a factor of 32 (firmware/nnet_utils/nnet_activation.h:39:0)
INFO: [HLS 214-186] Unrolling loop 'Result' (firmware/nnet_utils/nnet_dense_latency.h:64:5) in function 'nnet::dense_latency<ap_fixed<32, 16, (ap_q_mode)5, (ap_o_mode)3, 0>, ap_fixed<32, 16, (ap_q_mode)5, (ap_o_mode)3, 0>, config2>' completely with a factor of 32 (firmware/nnet_utils/nnet_dense_latency.h:15:0)
INFO: [HLS 214-186] Unrolling loop 'Accum1' (firmware/nnet_utils/nnet_dense_latency.h:54:5) in function 'nnet::dense_latency<ap_fixed<32, 16, (ap_q_mode)5, (ap_o_mode)3, 0>, ap_fixed<32, 16, (ap_q_mode)5, (ap_o_mode)3, 0>, config2>' completely with a factor of 57 (firmware/nnet_utils/nnet_dense_latency.h:15:0)
INFO: [HLS 214-186] Unrolling loop 'Accum2' (firmware/nnet_utils/nnet_dense_latency.h:56:9) in function 'nnet::dense_latency<ap_fixed<32, 16, (ap_q_mode)5, (ap_o_mode)3, 0>, ap_fixed<32, 16, (ap_q_mode)5, (ap_o_mode)3, 0>, config2>' completely with a factor of 32 (firmware/nnet_utils/nnet_dense_latency.h:15:0)
INFO: [HLS 214-186] Unrolling loop 'ResetAccum' (firmware/nnet_utils/nnet_dense_latency.h:48:5) in function 'nnet::dense_latency<ap_fixed<32, 16, (ap_q_mode)5, (ap_o_mode)3, 0>, ap_fixed<32, 16, (ap_q_mode)5, (ap_o_mode)3, 0>, config2>' completely with a factor of 32 (firmware/nnet_utils/nnet_dense_latency.h:15:0)
INFO: [HLS 214-186] Unrolling loop 'Product1' (firmware/nnet_utils/nnet_dense_latency.h:37:5) in function 'nnet::dense_latency<ap_fixed<32, 16, (ap_q_mode)5, (ap_o_mode)3, 0>, ap_fixed<32, 16, (ap_q_mode)5, (ap_o_mode)3, 0>, config2>' completely with a factor of 57 (firmware/nnet_utils/nnet_dense_latency.h:15:0)
INFO: [HLS 214-186] Unrolling loop 'Product2' (firmware/nnet_utils/nnet_dense_latency.h:40:9) in function 'nnet::dense_latency<ap_fixed<32, 16, (ap_q_mode)5, (ap_o_mode)3, 0>, ap_fixed<32, 16, (ap_q_mode)5, (ap_o_mode)3, 0>, config2>' completely with a factor of 32 (firmware/nnet_utils/nnet_dense_latency.h:15:0)
INFO: [HLS 214-178] Inlining function 'std::enable_if<!(std::is_same<ap_fixed<32, 16, (ap_q_mode)5, (ap_o_mode)3, 0>, ap_uint<1> >::value), ap_fixed<32, 16, (ap_q_mode)5, (ap_o_mode)3, 0> >::type nnet::cast<ap_fixed<32, 16, (ap_q_mode)5, (ap_o_mode)3, 0>, ap_fixed<32, 16, (ap_q_mode)5, (ap_o_mode)3, 0>, config2>(config2::accum_t)' into 'void nnet::dense_latency<ap_fixed<32, 16, (ap_q_mode)5, (ap_o_mode)3, 0>, ap_fixed<32, 16, (ap_q_mode)5, (ap_o_mode)3, 0>, config2>(ap_fixed<32, 16, (ap_q_mode)5, (ap_o_mode)3, 0>*, ap_fixed<32, 16, (ap_q_mode)5, (ap_o_mode)3, 0>*, config2::weight_t*, config2::bias_t*)' (firmware/nnet_utils/nnet_dense_latency.h:15:0)
INFO: [HLS 214-178] Inlining function 'std::enable_if<!(std::is_same<ap_fixed<32, 16, (ap_q_mode)4, (ap_o_mode)0, 0>, ap_uint<1> >::value), ap_fixed<32, 16, (ap_q_mode)5, (ap_o_mode)3, 0> >::type nnet::cast<ap_fixed<32, 16, (ap_q_mode)4, (ap_o_mode)0, 0>, ap_fixed<32, 16, (ap_q_mode)5, (ap_o_mode)3, 0>, config5>(config5::accum_t)' into 'void nnet::dense_latency<ap_fixed<32, 16, (ap_q_mode)4, (ap_o_mode)0, 0>, ap_fixed<32, 16, (ap_q_mode)5, (ap_o_mode)3, 0>, config5>(ap_fixed<32, 16, (ap_q_mode)4, (ap_o_mode)0, 0>*, ap_fixed<32, 16, (ap_q_mode)5, (ap_o_mode)3, 0>*, config5::weight_t*, config5::bias_t*)' (firmware/nnet_utils/nnet_dense_latency.h:15:0)
INFO: [HLS 214-178] Inlining function 'std::enable_if<!(std::is_same<ap_fixed<32, 16, (ap_q_mode)4, (ap_o_mode)0, 0>, ap_uint<1> >::value), ap_fixed<32, 16, (ap_q_mode)5, (ap_o_mode)3, 0> >::type nnet::cast<ap_fixed<32, 16, (ap_q_mode)4, (ap_o_mode)0, 0>, ap_fixed<32, 16, (ap_q_mode)5, (ap_o_mode)3, 0>, config8>(config8::accum_t)' into 'void nnet::dense_latency<ap_fixed<32, 16, (ap_q_mode)4, (ap_o_mode)0, 0>, ap_fixed<32, 16, (ap_q_mode)5, (ap_o_mode)3, 0>, config8>(ap_fixed<32, 16, (ap_q_mode)4, (ap_o_mode)0, 0>*, ap_fixed<32, 16, (ap_q_mode)5, (ap_o_mode)3, 0>*, config8::weight_t*, config8::bias_t*)' (firmware/nnet_utils/nnet_dense_latency.h:15:0)
INFO: [HLS 214-248] Applying array_partition to 'b8': Complete partitioning on dimension 1. (firmware/weights/b8.h:12:0)
INFO: [HLS 214-248] Applying array_partition to 'b5': Complete partitioning on dimension 1. (firmware/weights/b5.h:12:0)
INFO: [HLS 214-248] Applying array_partition to 'b2': Complete partitioning on dimension 1. (firmware/weights/b2.h:12:0)
INFO: [HLS 214-248] Applying array_partition to 'mult': Complete partitioning on dimension 1. (firmware/nnet_utils/nnet_dense_latency.h:17:32)
INFO: [HLS 214-248] Applying array_partition to 'layer2_out': Complete partitioning on dimension 1. (firmware/myproject.cpp:37:11)
INFO: [HLS 214-248] Applying array_partition to 'layer4_out': Complete partitioning on dimension 1. (firmware/myproject.cpp:41:14)
INFO: [HLS 214-248] Applying array_partition to 'layer5_out': Complete partitioning on dimension 1. (firmware/myproject.cpp:45:14)
INFO: [HLS 214-248] Applying array_partition to 'layer7_out': Complete partitioning on dimension 1. (firmware/myproject.cpp:49:14)
INFO: [HLS 214-248] Applying array_partition to 'layer8_out': Complete partitioning on dimension 1. (firmware/myproject.cpp:9:0)
INFO: [HLS 214-248] Applying array_reshape to 'inputs': Complete reshaping on dimension 1. (firmware/myproject.cpp:9:0)
INFO: [HLS 200-111] Finished Compiling Optimization and Transform: CPU user time: 14.85 seconds. CPU system time: 0.95 seconds. Elapsed time: 17.24 seconds; current allocated memory: 1.459 GB.
INFO: [HLS 200-111] Finished Checking Pragmas: CPU user time: 0 seconds. CPU system time: 0 seconds. Elapsed time: 0 seconds; current allocated memory: 1.459 GB.
INFO: [HLS 200-10] Starting code transformations ...
INFO: [HLS 200-111] Finished Standard Transforms: CPU user time: 0.16 seconds. CPU system time: 0.02 seconds. Elapsed time: 0.17 seconds; current allocated memory: 1.480 GB.
INFO: [HLS 200-10] Checking synthesizability ...
INFO: [HLS 200-111] Finished Checking Synthesizability: CPU user time: 0.16 seconds. CPU system time: 0 seconds. Elapsed time: 0.16 seconds; current allocated memory: 1.482 GB.
INFO: [XFORM 203-11] Balancing expressions in function 'nnet::dense_latency<ap_fixed<32, 16, (ap_q_mode)5, (ap_o_mode)3, 0>, ap_fixed<32, 16, (ap_q_mode)5, (ap_o_mode)3, 0>, config2>' (firmware/nnet_utils/nnet_dense_latency.h:33:27)...1824 expression(s) balanced.
INFO: [XFORM 203-11] Balancing expressions in function 'nnet::dense_latency<ap_fixed<32, 16, (ap_q_mode)4, (ap_o_mode)0, 0>, ap_fixed<32, 16, (ap_q_mode)5, (ap_o_mode)3, 0>, config8>' (firmware/nnet_utils/nnet_dense_latency.h:33:1)...48 expression(s) balanced.
INFO: [XFORM 203-11] Balancing expressions in function 'nnet::dense_latency<ap_fixed<32, 16, (ap_q_mode)4, (ap_o_mode)0, 0>, ap_fixed<32, 16, (ap_q_mode)5, (ap_o_mode)3, 0>, config5>' (firmware/nnet_utils/nnet_mult.h:33:11)...512 expression(s) balanced.
INFO: [HLS 200-111] Finished Loop, function and other optimizations: CPU user time: 0.6 seconds. CPU system time: 0 seconds. Elapsed time: 0.61 seconds; current allocated memory: 1.541 GB.
INFO: [HLS 200-111] Finished Architecture Synthesis: CPU user time: 0.95 seconds. CPU system time: 0.04 seconds. Elapsed time: 0.98 seconds; current allocated memory: 1.635 GB.
INFO: [HLS 200-10] Starting hardware synthesis ...
INFO: [HLS 200-10] Synthesizing 'myproject' ...
WARNING: [SYN 201-103] Legalizing function name 'dense_latency<ap_fixed<32, 16, 5, 3, 0>, ap_fixed<32, 16, 5, 3, 0>, config2>' to 'dense_latency_ap_fixed_32_16_5_3_0_ap_fixed_32_16_5_3_0_config2_s'.
WARNING: [SYN 201-103] Legalizing function name 'relu<ap_fixed<32, 16, 5, 3, 0>, ap_fixed<32, 16, 4, 0, 0>, ReLU_config4>' to 'relu_ap_fixed_32_16_5_3_0_ap_fixed_32_16_4_0_0_ReLU_config4_s'.
WARNING: [SYN 201-103] Legalizing function name 'dense_latency<ap_fixed<32, 16, 4, 0, 0>, ap_fixed<32, 16, 5, 3, 0>, config5>' to 'dense_latency_ap_fixed_32_16_4_0_0_ap_fixed_32_16_5_3_0_config5_s'.
WARNING: [SYN 201-103] Legalizing function name 'relu<ap_fixed<32, 16, 5, 3, 0>, ap_fixed<32, 16, 4, 0, 0>, ReLU_config7>' to 'relu_ap_fixed_32_16_5_3_0_ap_fixed_32_16_4_0_0_ReLU_config7_s'.
WARNING: [SYN 201-103] Legalizing function name 'dense_latency<ap_fixed<32, 16, 4, 0, 0>, ap_fixed<32, 16, 5, 3, 0>, config8>' to 'dense_latency_ap_fixed_32_16_4_0_0_ap_fixed_32_16_5_3_0_config8_s'.
INFO: [HLS 200-10] ----------------------------------------------------------------
INFO: [HLS 200-42] -- Implementing module 'dense_latency_ap_fixed_32_16_5_3_0_ap_fixed_32_16_5_3_0_config2_s' 
INFO: [HLS 200-10] ----------------------------------------------------------------
INFO: [SCHED 204-11] Starting scheduling ...
INFO: [SCHED 204-61] Pipelining function 'dense_latency<ap_fixed<32, 16, 5, 3, 0>, ap_fixed<32, 16, 5, 3, 0>, config2>'.
INFO: [HLS 200-1470] Pipelining result : Target II = NA, Final II = 1, Depth = 1, function 'dense_latency<ap_fixed<32, 16, 5, 3, 0>, ap_fixed<32, 16, 5, 3, 0>, config2>'
INFO: [SCHED 204-11] Finished scheduling.
INFO: [HLS 200-111] Finished Scheduling: CPU user time: 14.75 seconds. CPU system time: 0.09 seconds. Elapsed time: 14.86 seconds; current allocated memory: 1.691 GB.
INFO: [BIND 205-100] Starting micro-architecture generation ...
INFO: [BIND 205-101] Performing variable lifetime analysis.
INFO: [BIND 205-101] Exploring resource sharing.
INFO: [BIND 205-101] Binding ...
INFO: [BIND 205-100] Starting global binding ...
INFO: [BIND 205-100] Finished micro-architecture generation.
INFO: [HLS 200-111] Finished Binding: CPU user time: 11.79 seconds. CPU system time: 0.55 seconds. Elapsed time: 12.36 seconds; current allocated memory: 2.344 GB.
INFO: [HLS 200-10] ----------------------------------------------------------------
INFO: [HLS 200-42] -- Implementing module 'relu_ap_fixed_32_16_5_3_0_ap_fixed_32_16_4_0_0_ReLU_config4_s' 
INFO: [HLS 200-10] ----------------------------------------------------------------
INFO: [SCHED 204-11] Starting scheduling ...
INFO: [SCHED 204-61] Pipelining function 'relu<ap_fixed<32, 16, 5, 3, 0>, ap_fixed<32, 16, 4, 0, 0>, ReLU_config4>'.
INFO: [HLS 200-1470] Pipelining result : Target II = NA, Final II = 1, Depth = 1, function 'relu<ap_fixed<32, 16, 5, 3, 0>, ap_fixed<32, 16, 4, 0, 0>, ReLU_config4>'
INFO: [SCHED 204-11] Finished scheduling.
INFO: [HLS 200-111] Finished Scheduling: CPU user time: 1.82 seconds. CPU system time: 0.03 seconds. Elapsed time: 1.84 seconds; current allocated memory: 2.344 GB.
INFO: [BIND 205-100] Starting micro-architecture generation ...
INFO: [BIND 205-101] Performing variable lifetime analysis.
INFO: [BIND 205-101] Exploring resource sharing.
INFO: [BIND 205-101] Binding ...
INFO: [BIND 205-100] Finished micro-architecture generation.
INFO: [HLS 200-111] Finished Binding: CPU user time: 0.02 seconds. CPU system time: 0 seconds. Elapsed time: 0.02 seconds; current allocated memory: 2.344 GB.
INFO: [HLS 200-10] ----------------------------------------------------------------
INFO: [HLS 200-42] -- Implementing module 'dense_latency_ap_fixed_32_16_4_0_0_ap_fixed_32_16_5_3_0_config5_s' 
INFO: [HLS 200-10] ----------------------------------------------------------------
INFO: [SCHED 204-11] Starting scheduling ...
INFO: [SCHED 204-61] Pipelining function 'dense_latency<ap_fixed<32, 16, 4, 0, 0>, ap_fixed<32, 16, 5, 3, 0>, config5>'.
INFO: [HLS 200-1470] Pipelining result : Target II = NA, Final II = 1, Depth = 1, function 'dense_latency<ap_fixed<32, 16, 4, 0, 0>, ap_fixed<32, 16, 5, 3, 0>, config5>'
INFO: [SCHED 204-11] Finished scheduling.
INFO: [HLS 200-111] Finished Scheduling: CPU user time: 3.46 seconds. CPU system time: 0 seconds. Elapsed time: 3.46 seconds; current allocated memory: 2.344 GB.
INFO: [BIND 205-100] Starting micro-architecture generation ...
INFO: [BIND 205-101] Performing variable lifetime analysis.
INFO: [BIND 205-101] Exploring resource sharing.
INFO: [BIND 205-101] Binding ...
INFO: [BIND 205-100] Starting global binding ...
INFO: [BIND 205-100] Finished micro-architecture generation.
INFO: [HLS 200-111] Finished Binding: CPU user time: 1.01 seconds. CPU system time: 0 seconds. Elapsed time: 1.02 seconds; current allocated memory: 2.344 GB.
INFO: [HLS 200-10] ----------------------------------------------------------------
INFO: [HLS 200-42] -- Implementing module 'relu_ap_fixed_32_16_5_3_0_ap_fixed_32_16_4_0_0_ReLU_config7_s' 
INFO: [HLS 200-10] ----------------------------------------------------------------
INFO: [SCHED 204-11] Starting scheduling ...
INFO: [SCHED 204-61] Pipelining function 'relu<ap_fixed<32, 16, 5, 3, 0>, ap_fixed<32, 16, 4, 0, 0>, ReLU_config7>'.
INFO: [HLS 200-1470] Pipelining result : Target II = NA, Final II = 1, Depth = 1, function 'relu<ap_fixed<32, 16, 5, 3, 0>, ap_fixed<32, 16, 4, 0, 0>, ReLU_config7>'
INFO: [SCHED 204-11] Finished scheduling.
INFO: [HLS 200-111] Finished Scheduling: CPU user time: 0.52 seconds. CPU system time: 0.02 seconds. Elapsed time: 0.53 seconds; current allocated memory: 2.344 GB.
INFO: [BIND 205-100] Starting micro-architecture generation ...
INFO: [BIND 205-101] Performing variable lifetime analysis.
INFO: [BIND 205-101] Exploring resource sharing.
INFO: [BIND 205-101] Binding ...
INFO: [BIND 205-100] Finished micro-architecture generation.
INFO: [HLS 200-111] Finished Binding: CPU user time: 0.01 seconds. CPU system time: 0 seconds. Elapsed time: 0.01 seconds; current allocated memory: 2.344 GB.
INFO: [HLS 200-10] ----------------------------------------------------------------
INFO: [HLS 200-42] -- Implementing module 'dense_latency_ap_fixed_32_16_4_0_0_ap_fixed_32_16_5_3_0_config8_s' 
INFO: [HLS 200-10] ----------------------------------------------------------------
INFO: [SCHED 204-11] Starting scheduling ...
INFO: [SCHED 204-61] Pipelining function 'dense_latency<ap_fixed<32, 16, 4, 0, 0>, ap_fixed<32, 16, 5, 3, 0>, config8>'.
INFO: [HLS 200-1470] Pipelining result : Target II = NA, Final II = 1, Depth = 1, function 'dense_latency<ap_fixed<32, 16, 4, 0, 0>, ap_fixed<32, 16, 5, 3, 0>, config8>'
INFO: [SCHED 204-11] Finished scheduling.
INFO: [HLS 200-111] Finished Scheduling: CPU user time: 0.31 seconds. CPU system time: 0 seconds. Elapsed time: 0.31 seconds; current allocated memory: 2.344 GB.
INFO: [BIND 205-100] Starting micro-architecture generation ...
INFO: [BIND 205-101] Performing variable lifetime analysis.
INFO: [BIND 205-101] Exploring resource sharing.
INFO: [BIND 205-101] Binding ...
INFO: [BIND 205-100] Starting global binding ...
INFO: [BIND 205-100] Finished micro-architecture generation.
INFO: [HLS 200-111] Finished Binding: CPU user time: 0.04 seconds. CPU system time: 0 seconds. Elapsed time: 0.05 seconds; current allocated memory: 2.344 GB.
INFO: [HLS 200-10] ----------------------------------------------------------------
INFO: [HLS 200-42] -- Implementing module 'myproject' 
INFO: [HLS 200-10] ----------------------------------------------------------------
INFO: [SCHED 204-11] Starting scheduling ...
INFO: [SCHED 204-61] Pipelining function 'myproject'.
INFO: [HLS 200-1470] Pipelining result : Target II = NA, Final II = 1, Depth = 2, function 'myproject'
INFO: [SCHED 204-11] Finished scheduling.
INFO: [HLS 200-111] Finished Scheduling: CPU user time: 0.07 seconds. CPU system time: 0.01 seconds. Elapsed time: 0.08 seconds; current allocated memory: 2.344 GB.
INFO: [BIND 205-100] Starting micro-architecture generation ...
INFO: [BIND 205-101] Performing variable lifetime analysis.
INFO: [BIND 205-101] Exploring resource sharing.
INFO: [BIND 205-101] Binding ...
INFO: [BIND 205-100] Finished micro-architecture generation.
INFO: [HLS 200-111] Finished Binding: CPU user time: 0.57 seconds. CPU system time: 0 seconds. Elapsed time: 0.57 seconds; current allocated memory: 2.344 GB.
INFO: [HLS 200-10] ----------------------------------------------------------------
INFO: [HLS 200-10] -- Generating RTL for module 'dense_latency_ap_fixed_32_16_5_3_0_ap_fixed_32_16_5_3_0_config2_s' 
INFO: [HLS 200-10] ----------------------------------------------------------------
INFO: [RTGEN 206-100] Generating core module 'mul_32s_10ns_42_1_1': 29 instance(s).
INFO: [RTGEN 206-100] Generating core module 'mul_32s_10s_42_1_1': 24 instance(s).
INFO: [RTGEN 206-100] Generating core module 'mul_32s_11ns_43_1_1': 63 instance(s).
INFO: [RTGEN 206-100] Generating core module 'mul_32s_11s_43_1_1': 69 instance(s).
INFO: [RTGEN 206-100] Generating core module 'mul_32s_12ns_44_1_1': 127 instance(s).
INFO: [RTGEN 206-100] Generating core module 'mul_32s_12s_44_1_1': 96 instance(s).
INFO: [RTGEN 206-100] Generating core module 'mul_32s_13ns_45_1_1': 152 instance(s).
INFO: [RTGEN 206-100] Generating core module 'mul_32s_13s_45_1_1': 141 instance(s).
INFO: [RTGEN 206-100] Generating core module 'mul_32s_14ns_46_1_1': 214 instance(s).
INFO: [RTGEN 206-100] Generating core module 'mul_32s_14s_46_1_1': 154 instance(s).
INFO: [RTGEN 206-100] Generating core module 'mul_32s_15ns_47_1_1': 162 instance(s).
INFO: [RTGEN 206-100] Generating core module 'mul_32s_15s_47_1_1': 195 instance(s).
INFO: [RTGEN 206-100] Generating core module 'mul_32s_16ns_48_1_1': 103 instance(s).
INFO: [RTGEN 206-100] Generating core module 'mul_32s_16s_48_1_1': 119 instance(s).
INFO: [RTGEN 206-100] Generating core module 'mul_32s_17ns_48_1_1': 41 instance(s).
INFO: [RTGEN 206-100] Generating core module 'mul_32s_17s_48_1_1': 36 instance(s).
INFO: [RTGEN 206-100] Generating core module 'mul_32s_18ns_48_1_1': 1 instance(s).
INFO: [RTGEN 206-100] Generating core module 'mul_32s_18s_48_1_1': 6 instance(s).
INFO: [RTGEN 206-100] Generating core module 'mul_32s_5ns_37_1_1': 1 instance(s).
INFO: [RTGEN 206-100] Generating core module 'mul_32s_6ns_38_1_1': 1 instance(s).
INFO: [RTGEN 206-100] Generating core module 'mul_32s_6s_38_1_1': 1 instance(s).
INFO: [RTGEN 206-100] Generating core module 'mul_32s_7ns_39_1_1': 3 instance(s).
INFO: [RTGEN 206-100] Generating core module 'mul_32s_7s_39_1_1': 5 instance(s).
INFO: [RTGEN 206-100] Generating core module 'mul_32s_8ns_40_1_1': 9 instance(s).
INFO: [RTGEN 206-100] Generating core module 'mul_32s_8s_40_1_1': 3 instance(s).
INFO: [RTGEN 206-100] Generating core module 'mul_32s_9ns_41_1_1': 13 instance(s).
INFO: [RTGEN 206-100] Generating core module 'mul_32s_9s_41_1_1': 23 instance(s).
INFO: [RTGEN 206-100] Finished creating RTL model for 'dense_latency_ap_fixed_32_16_5_3_0_ap_fixed_32_16_5_3_0_config2_s'.
INFO: [HLS 200-111] Finished Creating RTL model: CPU user time: 2.21 seconds. CPU system time: 0.02 seconds. Elapsed time: 2.27 seconds; current allocated memory: 2.344 GB.
INFO: [HLS 200-10] ----------------------------------------------------------------
INFO: [HLS 200-10] -- Generating RTL for module 'relu_ap_fixed_32_16_5_3_0_ap_fixed_32_16_4_0_0_ReLU_config4_s' 
INFO: [HLS 200-10] ----------------------------------------------------------------
INFO: [RTGEN 206-100] Finished creating RTL model for 'relu_ap_fixed_32_16_5_3_0_ap_fixed_32_16_4_0_0_ReLU_config4_s'.
INFO: [HLS 200-111] Finished Creating RTL model: CPU user time: 7.48 seconds. CPU system time: 0.17 seconds. Elapsed time: 7.8 seconds; current allocated memory: 2.358 GB.
INFO: [HLS 200-10] ----------------------------------------------------------------
INFO: [HLS 200-10] -- Generating RTL for module 'dense_latency_ap_fixed_32_16_4_0_0_ap_fixed_32_16_5_3_0_config5_s' 
INFO: [HLS 200-10] ----------------------------------------------------------------
INFO: [RTGEN 206-100] Generating core module 'mul_32s_10ns_42_1_1': 5 instance(s).
INFO: [RTGEN 206-100] Generating core module 'mul_32s_10s_42_1_1': 1 instance(s).
INFO: [RTGEN 206-100] Generating core module 'mul_32s_11ns_43_1_1': 6 instance(s).
INFO: [RTGEN 206-100] Generating core module 'mul_32s_11s_43_1_1': 4 instance(s).
INFO: [RTGEN 206-100] Generating core module 'mul_32s_12ns_44_1_1': 7 instance(s).
INFO: [RTGEN 206-100] Generating core module 'mul_32s_12s_44_1_1': 10 instance(s).
INFO: [RTGEN 206-100] Generating core module 'mul_32s_13ns_45_1_1': 23 instance(s).
INFO: [RTGEN 206-100] Generating core module 'mul_32s_13s_45_1_1': 25 instance(s).
INFO: [RTGEN 206-100] Generating core module 'mul_32s_14ns_46_1_1': 41 instance(s).
INFO: [RTGEN 206-100] Generating core module 'mul_32s_14s_46_1_1': 38 instance(s).
INFO: [RTGEN 206-100] Generating core module 'mul_32s_15ns_47_1_1': 69 instance(s).
INFO: [RTGEN 206-100] Generating core module 'mul_32s_15s_47_1_1': 70 instance(s).
INFO: [RTGEN 206-100] Generating core module 'mul_32s_16ns_48_1_1': 88 instance(s).
INFO: [RTGEN 206-100] Generating core module 'mul_32s_16s_48_1_1': 63 instance(s).
INFO: [RTGEN 206-100] Generating core module 'mul_32s_17ns_48_1_1': 25 instance(s).
INFO: [RTGEN 206-100] Generating core module 'mul_32s_17s_48_1_1': 21 instance(s).
INFO: [RTGEN 206-100] Generating core module 'mul_32s_18s_48_1_1': 4 instance(s).
INFO: [RTGEN 206-100] Generating core module 'mul_32s_6ns_38_1_1': 1 instance(s).
INFO: [RTGEN 206-100] Generating core module 'mul_32s_8ns_40_1_1': 2 instance(s).
INFO: [RTGEN 206-100] Generating core module 'mul_32s_8s_40_1_1': 1 instance(s).
INFO: [RTGEN 206-100] Generating core module 'mul_32s_9ns_41_1_1': 3 instance(s).
INFO: [RTGEN 206-100] Generating core module 'mul_32s_9s_41_1_1': 2 instance(s).
INFO: [RTGEN 206-100] Finished creating RTL model for 'dense_latency_ap_fixed_32_16_4_0_0_ap_fixed_32_16_5_3_0_config5_s'.
INFO: [HLS 200-111] Finished Creating RTL model: CPU user time: 0.29 seconds. CPU system time: 0 seconds. Elapsed time: 0.29 seconds; current allocated memory: 2.358 GB.
INFO: [HLS 200-10] ----------------------------------------------------------------
INFO: [HLS 200-10] -- Generating RTL for module 'relu_ap_fixed_32_16_5_3_0_ap_fixed_32_16_4_0_0_ReLU_config7_s' 
INFO: [HLS 200-10] ----------------------------------------------------------------
INFO: [RTGEN 206-100] Finished creating RTL model for 'relu_ap_fixed_32_16_5_3_0_ap_fixed_32_16_4_0_0_ReLU_config7_s'.
INFO: [HLS 200-111] Finished Creating RTL model: CPU user time: 1.64 seconds. CPU system time: 0.06 seconds. Elapsed time: 1.79 seconds; current allocated memory: 2.358 GB.
INFO: [HLS 200-10] ----------------------------------------------------------------
INFO: [HLS 200-10] -- Generating RTL for module 'dense_latency_ap_fixed_32_16_4_0_0_ap_fixed_32_16_5_3_0_config8_s' 
INFO: [HLS 200-10] ----------------------------------------------------------------
INFO: [RTGEN 206-100] Generating core module 'mul_32s_12ns_44_1_1': 2 instance(s).
INFO: [RTGEN 206-100] Generating core module 'mul_32s_12s_44_1_1': 4 instance(s).
INFO: [RTGEN 206-100] Generating core module 'mul_32s_13ns_45_1_1': 2 instance(s).
INFO: [RTGEN 206-100] Generating core module 'mul_32s_13s_45_1_1': 2 instance(s).
INFO: [RTGEN 206-100] Generating core module 'mul_32s_14ns_46_1_1': 6 instance(s).
INFO: [RTGEN 206-100] Generating core module 'mul_32s_14s_46_1_1': 1 instance(s).
INFO: [RTGEN 206-100] Generating core module 'mul_32s_15ns_47_1_1': 4 instance(s).
INFO: [RTGEN 206-100] Generating core module 'mul_32s_15s_47_1_1': 7 instance(s).
INFO: [RTGEN 206-100] Generating core module 'mul_32s_16ns_48_1_1': 10 instance(s).
INFO: [RTGEN 206-100] Generating core module 'mul_32s_16s_48_1_1': 8 instance(s).
INFO: [RTGEN 206-100] Generating core module 'mul_32s_17s_48_1_1': 1 instance(s).
INFO: [RTGEN 206-100] Finished creating RTL model for 'dense_latency_ap_fixed_32_16_4_0_0_ap_fixed_32_16_5_3_0_config8_s'.
INFO: [HLS 200-111] Finished Creating RTL model: CPU user time: 0.12 seconds. CPU system time: 0 seconds. Elapsed time: 0.12 seconds; current allocated memory: 2.358 GB.
INFO: [HLS 200-10] ----------------------------------------------------------------
INFO: [HLS 200-10] -- Generating RTL for module 'myproject' 
INFO: [HLS 200-10] ----------------------------------------------------------------
INFO: [RTGEN 206-500] Setting interface mode on port 'myproject/inputs' to 'ap_vld'.
INFO: [RTGEN 206-500] Setting interface mode on port 'myproject/layer8_out_0' to 'ap_vld'.
INFO: [RTGEN 206-500] Setting interface mode on port 'myproject/layer8_out_1' to 'ap_vld'.
INFO: [RTGEN 206-500] Setting interface mode on port 'myproject/layer8_out_2' to 'ap_vld'.
INFO: [RTGEN 206-500] Setting interface mode on function 'myproject' to 'ap_ctrl_hs'.
INFO: [HLS 200-1030] Apply Unified Pipeline Control on module 'myproject' pipeline 'myproject' pipeline type 'function pipeline'
INFO: [RTGEN 206-100] Finished creating RTL model for 'myproject'.
INFO: [HLS 200-111] Finished Creating RTL model: CPU user time: 0.21 seconds. CPU system time: 0 seconds. Elapsed time: 0.23 seconds; current allocated memory: 2.358 GB.
INFO: [HLS 200-111] Finished Generating all RTL models: CPU user time: 4.17 seconds. CPU system time: 0.03 seconds. Elapsed time: 4.2 seconds; current allocated memory: 2.358 GB.
INFO: [HLS 200-111] Finished Updating report files: CPU user time: 0.61 seconds. CPU system time: 0.01 seconds. Elapsed time: 0.62 seconds; current allocated memory: 2.358 GB.
INFO: [VHDL 208-304] Generating VHDL RTL for myproject.
INFO: [VLOG 209-307] Generating Verilog RTL for myproject.
INFO: [HLS 200-789] **** Estimated Fmax: 57.68 MHz
INFO: [HLS 200-111] Finished Command csynth_design CPU user time: 71.18 seconds. CPU system time: 2.93 seconds. Elapsed time: 75.86 seconds; current allocated memory: 928.543 MB.
***** C/RTL SYNTHESIS COMPLETED IN 0h1m15s *****
INFO: [HLS 200-112] Total CPU user time: 72.84 seconds. Total CPU system time: 3.91 seconds. Total elapsed time: 78.44 seconds; peak allocated memory: 2.358 GB.
INFO: [Common 17-206] Exiting vitis_hls at Tue Sep 17 20:01:03 2024...
