

================================================================
== Vitis HLS Report for 'relu_ap_fixed_32_16_5_3_0_ap_fixed_32_16_4_0_0_ReLU_config7_s'
================================================================
* Date:           Tue Sep 17 19:57:39 2024

* Version:        2023.1 (Build 3854077 on May  4 2023)
* Project:        myproject_prj
* Solution:       solution1 (Vivado IP Flow Target)
* Product family: virtexuplus
* Target device:  xcvu9p-flga2104-2-e


================================================================
== Performance Estimates
================================================================
+ Timing: 
    * Summary: 
    +--------+----------+----------+------------+
    |  Clock |  Target  | Estimated| Uncertainty|
    +--------+----------+----------+------------+
    |ap_clk  |  25.00 ns|  2.560 ns|     6.75 ns|
    +--------+----------+----------+------------+

+ Latency: 
    * Summary: 
    +---------+---------+----------+----------+-----+-----+---------+
    |  Latency (cycles) |  Latency (absolute) |  Interval | Pipeline|
    |   min   |   max   |    min   |    max   | min | max |   Type  |
    +---------+---------+----------+----------+-----+-----+---------+
    |        0|        0|      0 ns|      0 ns|    1|    1|      yes|
    +---------+---------+----------+----------+-----+-----+---------+

    + Detail: 
        * Instance: 
        N/A

        * Loop: 
        N/A

============================================================
+ Verbose Summary: Synthesis Manager
============================================================
InlineROM: 1
ExposeGlobal: 0
============================================================
+ Verbose Summary: CDFG Model
============================================================
IsTopModel: 0
ResetActiveHigh: 1
IsCombinational: 2
IsDatapathOnly: 0
HasWiredReturn: 1
HasMFsm: 2
HasVarLatency: 0
IsPipeline: 1
IsRtlPipelined: 0
IsInstanceOverlapped: 0
IsDontTouch: 0
HasImplIP: 0
IsGatedGlobalClock: 0

+ Individual pipeline summary: 
  * Pipeline-0: initiation interval (II) = 1, depth = 1


============================================================
+ Verbose Summary: Schedule
============================================================
* Number of FSM states : 1
* Pipeline : 1
  Pipeline-0 : II = 1, D = 1, States = { 1 }
* Dataflow Pipeline: 0

* FSM state transitions: 
1 --> 

* FSM state operations: 

State 1 <SV = 0> <Delay = 2.56>
ST_1 : Operation 2 [1/1] (0.00ns)   --->   "%specpipeline_ln40 = specpipeline void @_ssdm_op_SpecPipeline, i32 4294967295, i32 0, i32 0, i32 0, void @empty_0" [firmware/nnet_utils/nnet_activation.h:40]   --->   Operation 2 'specpipeline' 'specpipeline_ln40' <Predicate = true> <Delay = 0.00>
ST_1 : Operation 3 [1/1] (1.42ns)   --->   "%p_read_1 = read i32 @_ssdm_op_Read.ap_auto.i32, i32 %p_read15" [firmware/nnet_utils/nnet_activation.h:42]   --->   Operation 3 'read' 'p_read_1' <Predicate = true> <Delay = 1.42> <CoreInst = "FIFO_SRL">   --->   Core 81 'FIFO_SRL' <Latency = 0> <II = 1> <Delay = 1.42> <Storage> <Opcode : 'read' 'write' 'nbread' 'nbwrite'> <Ports = 0> <Width = -1> <Depth = -1> <FIFO>
ST_1 : Operation 4 [1/1] (1.42ns)   --->   "%p_read_2 = read i32 @_ssdm_op_Read.ap_auto.i32, i32 %p_read14" [firmware/nnet_utils/nnet_activation.h:42]   --->   Operation 4 'read' 'p_read_2' <Predicate = true> <Delay = 1.42> <CoreInst = "FIFO_SRL">   --->   Core 81 'FIFO_SRL' <Latency = 0> <II = 1> <Delay = 1.42> <Storage> <Opcode : 'read' 'write' 'nbread' 'nbwrite'> <Ports = 0> <Width = -1> <Depth = -1> <FIFO>
ST_1 : Operation 5 [1/1] (1.42ns)   --->   "%p_read_3 = read i32 @_ssdm_op_Read.ap_auto.i32, i32 %p_read13" [firmware/nnet_utils/nnet_activation.h:42]   --->   Operation 5 'read' 'p_read_3' <Predicate = true> <Delay = 1.42> <CoreInst = "FIFO_SRL">   --->   Core 81 'FIFO_SRL' <Latency = 0> <II = 1> <Delay = 1.42> <Storage> <Opcode : 'read' 'write' 'nbread' 'nbwrite'> <Ports = 0> <Width = -1> <Depth = -1> <FIFO>
ST_1 : Operation 6 [1/1] (1.42ns)   --->   "%p_read_4 = read i32 @_ssdm_op_Read.ap_auto.i32, i32 %p_read12" [firmware/nnet_utils/nnet_activation.h:42]   --->   Operation 6 'read' 'p_read_4' <Predicate = true> <Delay = 1.42> <CoreInst = "FIFO_SRL">   --->   Core 81 'FIFO_SRL' <Latency = 0> <II = 1> <Delay = 1.42> <Storage> <Opcode : 'read' 'write' 'nbread' 'nbwrite'> <Ports = 0> <Width = -1> <Depth = -1> <FIFO>
ST_1 : Operation 7 [1/1] (1.42ns)   --->   "%p_read_5 = read i32 @_ssdm_op_Read.ap_auto.i32, i32 %p_read11" [firmware/nnet_utils/nnet_activation.h:42]   --->   Operation 7 'read' 'p_read_5' <Predicate = true> <Delay = 1.42> <CoreInst = "FIFO_SRL">   --->   Core 81 'FIFO_SRL' <Latency = 0> <II = 1> <Delay = 1.42> <Storage> <Opcode : 'read' 'write' 'nbread' 'nbwrite'> <Ports = 0> <Width = -1> <Depth = -1> <FIFO>
ST_1 : Operation 8 [1/1] (1.42ns)   --->   "%p_read_6 = read i32 @_ssdm_op_Read.ap_auto.i32, i32 %p_read10" [firmware/nnet_utils/nnet_activation.h:42]   --->   Operation 8 'read' 'p_read_6' <Predicate = true> <Delay = 1.42> <CoreInst = "FIFO_SRL">   --->   Core 81 'FIFO_SRL' <Latency = 0> <II = 1> <Delay = 1.42> <Storage> <Opcode : 'read' 'write' 'nbread' 'nbwrite'> <Ports = 0> <Width = -1> <Depth = -1> <FIFO>
ST_1 : Operation 9 [1/1] (1.42ns)   --->   "%p_read_7 = read i32 @_ssdm_op_Read.ap_auto.i32, i32 %p_read9" [firmware/nnet_utils/nnet_activation.h:42]   --->   Operation 9 'read' 'p_read_7' <Predicate = true> <Delay = 1.42> <CoreInst = "FIFO_SRL">   --->   Core 81 'FIFO_SRL' <Latency = 0> <II = 1> <Delay = 1.42> <Storage> <Opcode : 'read' 'write' 'nbread' 'nbwrite'> <Ports = 0> <Width = -1> <Depth = -1> <FIFO>
ST_1 : Operation 10 [1/1] (1.42ns)   --->   "%p_read_8 = read i32 @_ssdm_op_Read.ap_auto.i32, i32 %p_read8" [firmware/nnet_utils/nnet_activation.h:42]   --->   Operation 10 'read' 'p_read_8' <Predicate = true> <Delay = 1.42> <CoreInst = "FIFO_SRL">   --->   Core 81 'FIFO_SRL' <Latency = 0> <II = 1> <Delay = 1.42> <Storage> <Opcode : 'read' 'write' 'nbread' 'nbwrite'> <Ports = 0> <Width = -1> <Depth = -1> <FIFO>
ST_1 : Operation 11 [1/1] (1.42ns)   --->   "%p_read_9 = read i32 @_ssdm_op_Read.ap_auto.i32, i32 %p_read7" [firmware/nnet_utils/nnet_activation.h:42]   --->   Operation 11 'read' 'p_read_9' <Predicate = true> <Delay = 1.42> <CoreInst = "FIFO_SRL">   --->   Core 81 'FIFO_SRL' <Latency = 0> <II = 1> <Delay = 1.42> <Storage> <Opcode : 'read' 'write' 'nbread' 'nbwrite'> <Ports = 0> <Width = -1> <Depth = -1> <FIFO>
ST_1 : Operation 12 [1/1] (1.42ns)   --->   "%p_read_10 = read i32 @_ssdm_op_Read.ap_auto.i32, i32 %p_read6" [firmware/nnet_utils/nnet_activation.h:42]   --->   Operation 12 'read' 'p_read_10' <Predicate = true> <Delay = 1.42> <CoreInst = "FIFO_SRL">   --->   Core 81 'FIFO_SRL' <Latency = 0> <II = 1> <Delay = 1.42> <Storage> <Opcode : 'read' 'write' 'nbread' 'nbwrite'> <Ports = 0> <Width = -1> <Depth = -1> <FIFO>
ST_1 : Operation 13 [1/1] (1.42ns)   --->   "%p_read_11 = read i32 @_ssdm_op_Read.ap_auto.i32, i32 %p_read5" [firmware/nnet_utils/nnet_activation.h:42]   --->   Operation 13 'read' 'p_read_11' <Predicate = true> <Delay = 1.42> <CoreInst = "FIFO_SRL">   --->   Core 81 'FIFO_SRL' <Latency = 0> <II = 1> <Delay = 1.42> <Storage> <Opcode : 'read' 'write' 'nbread' 'nbwrite'> <Ports = 0> <Width = -1> <Depth = -1> <FIFO>
ST_1 : Operation 14 [1/1] (1.42ns)   --->   "%p_read_12 = read i32 @_ssdm_op_Read.ap_auto.i32, i32 %p_read4" [firmware/nnet_utils/nnet_activation.h:42]   --->   Operation 14 'read' 'p_read_12' <Predicate = true> <Delay = 1.42> <CoreInst = "FIFO_SRL">   --->   Core 81 'FIFO_SRL' <Latency = 0> <II = 1> <Delay = 1.42> <Storage> <Opcode : 'read' 'write' 'nbread' 'nbwrite'> <Ports = 0> <Width = -1> <Depth = -1> <FIFO>
ST_1 : Operation 15 [1/1] (1.42ns)   --->   "%p_read_13 = read i32 @_ssdm_op_Read.ap_auto.i32, i32 %p_read3" [firmware/nnet_utils/nnet_activation.h:42]   --->   Operation 15 'read' 'p_read_13' <Predicate = true> <Delay = 1.42> <CoreInst = "FIFO_SRL">   --->   Core 81 'FIFO_SRL' <Latency = 0> <II = 1> <Delay = 1.42> <Storage> <Opcode : 'read' 'write' 'nbread' 'nbwrite'> <Ports = 0> <Width = -1> <Depth = -1> <FIFO>
ST_1 : Operation 16 [1/1] (1.42ns)   --->   "%p_read_14 = read i32 @_ssdm_op_Read.ap_auto.i32, i32 %p_read2" [firmware/nnet_utils/nnet_activation.h:42]   --->   Operation 16 'read' 'p_read_14' <Predicate = true> <Delay = 1.42> <CoreInst = "FIFO_SRL">   --->   Core 81 'FIFO_SRL' <Latency = 0> <II = 1> <Delay = 1.42> <Storage> <Opcode : 'read' 'write' 'nbread' 'nbwrite'> <Ports = 0> <Width = -1> <Depth = -1> <FIFO>
ST_1 : Operation 17 [1/1] (1.42ns)   --->   "%p_read_15 = read i32 @_ssdm_op_Read.ap_auto.i32, i32 %p_read1" [firmware/nnet_utils/nnet_activation.h:42]   --->   Operation 17 'read' 'p_read_15' <Predicate = true> <Delay = 1.42> <CoreInst = "FIFO_SRL">   --->   Core 81 'FIFO_SRL' <Latency = 0> <II = 1> <Delay = 1.42> <Storage> <Opcode : 'read' 'write' 'nbread' 'nbwrite'> <Ports = 0> <Width = -1> <Depth = -1> <FIFO>
ST_1 : Operation 18 [1/1] (1.42ns)   --->   "%p_read16 = read i32 @_ssdm_op_Read.ap_auto.i32, i32 %p_read" [firmware/nnet_utils/nnet_activation.h:42]   --->   Operation 18 'read' 'p_read16' <Predicate = true> <Delay = 1.42> <CoreInst = "FIFO_SRL">   --->   Core 81 'FIFO_SRL' <Latency = 0> <II = 1> <Delay = 1.42> <Storage> <Opcode : 'read' 'write' 'nbread' 'nbwrite'> <Ports = 0> <Width = -1> <Depth = -1> <FIFO>
ST_1 : Operation 19 [1/1] (0.00ns)   --->   "%trunc_ln42 = trunc i32 %p_read16" [firmware/nnet_utils/nnet_activation.h:42]   --->   Operation 19 'trunc' 'trunc_ln42' <Predicate = (icmp_ln45)> <Delay = 0.00>
ST_1 : Operation 20 [1/1] (0.88ns)   --->   "%icmp_ln45 = icmp_sgt  i32 %p_read16, i32 0" [firmware/nnet_utils/nnet_activation.h:45]   --->   Operation 20 'icmp' 'icmp_ln45' <Predicate = true> <Delay = 0.88> <CoreInst = "Cmp">   --->   Core 9 'Cmp' <Latency = 0> <II = 1> <Delay = 0.88> <FuncUnit> <Opcode : 'icmp'> <InPorts = 2> <OutPorts = 1>
ST_1 : Operation 21 [1/1] (0.25ns)   --->   "%datareg = select i1 %icmp_ln45, i31 %trunc_ln42, i31 0" [firmware/nnet_utils/nnet_activation.h:45]   --->   Operation 21 'select' 'datareg' <Predicate = true> <Delay = 0.25> <CoreInst = "Sel">   --->   Core 73 'Sel' <Latency = 0> <II = 1> <Delay = 0.25> <FuncUnit> <Opcode : 'select'> <InPorts = 3> <OutPorts = 1>
ST_1 : Operation 22 [1/1] (0.00ns)   --->   "%trunc_ln42_1 = trunc i32 %p_read_15" [firmware/nnet_utils/nnet_activation.h:42]   --->   Operation 22 'trunc' 'trunc_ln42_1' <Predicate = (icmp_ln45_1)> <Delay = 0.00>
ST_1 : Operation 23 [1/1] (0.88ns)   --->   "%icmp_ln45_1 = icmp_sgt  i32 %p_read_15, i32 0" [firmware/nnet_utils/nnet_activation.h:45]   --->   Operation 23 'icmp' 'icmp_ln45_1' <Predicate = true> <Delay = 0.88> <CoreInst = "Cmp">   --->   Core 9 'Cmp' <Latency = 0> <II = 1> <Delay = 0.88> <FuncUnit> <Opcode : 'icmp'> <InPorts = 2> <OutPorts = 1>
ST_1 : Operation 24 [1/1] (0.25ns)   --->   "%datareg_1 = select i1 %icmp_ln45_1, i31 %trunc_ln42_1, i31 0" [firmware/nnet_utils/nnet_activation.h:45]   --->   Operation 24 'select' 'datareg_1' <Predicate = true> <Delay = 0.25> <CoreInst = "Sel">   --->   Core 73 'Sel' <Latency = 0> <II = 1> <Delay = 0.25> <FuncUnit> <Opcode : 'select'> <InPorts = 3> <OutPorts = 1>
ST_1 : Operation 25 [1/1] (0.00ns)   --->   "%trunc_ln42_2 = trunc i32 %p_read_14" [firmware/nnet_utils/nnet_activation.h:42]   --->   Operation 25 'trunc' 'trunc_ln42_2' <Predicate = (icmp_ln45_2)> <Delay = 0.00>
ST_1 : Operation 26 [1/1] (0.88ns)   --->   "%icmp_ln45_2 = icmp_sgt  i32 %p_read_14, i32 0" [firmware/nnet_utils/nnet_activation.h:45]   --->   Operation 26 'icmp' 'icmp_ln45_2' <Predicate = true> <Delay = 0.88> <CoreInst = "Cmp">   --->   Core 9 'Cmp' <Latency = 0> <II = 1> <Delay = 0.88> <FuncUnit> <Opcode : 'icmp'> <InPorts = 2> <OutPorts = 1>
ST_1 : Operation 27 [1/1] (0.25ns)   --->   "%datareg_2 = select i1 %icmp_ln45_2, i31 %trunc_ln42_2, i31 0" [firmware/nnet_utils/nnet_activation.h:45]   --->   Operation 27 'select' 'datareg_2' <Predicate = true> <Delay = 0.25> <CoreInst = "Sel">   --->   Core 73 'Sel' <Latency = 0> <II = 1> <Delay = 0.25> <FuncUnit> <Opcode : 'select'> <InPorts = 3> <OutPorts = 1>
ST_1 : Operation 28 [1/1] (0.00ns)   --->   "%trunc_ln42_3 = trunc i32 %p_read_13" [firmware/nnet_utils/nnet_activation.h:42]   --->   Operation 28 'trunc' 'trunc_ln42_3' <Predicate = (icmp_ln45_3)> <Delay = 0.00>
ST_1 : Operation 29 [1/1] (0.88ns)   --->   "%icmp_ln45_3 = icmp_sgt  i32 %p_read_13, i32 0" [firmware/nnet_utils/nnet_activation.h:45]   --->   Operation 29 'icmp' 'icmp_ln45_3' <Predicate = true> <Delay = 0.88> <CoreInst = "Cmp">   --->   Core 9 'Cmp' <Latency = 0> <II = 1> <Delay = 0.88> <FuncUnit> <Opcode : 'icmp'> <InPorts = 2> <OutPorts = 1>
ST_1 : Operation 30 [1/1] (0.25ns)   --->   "%datareg_3 = select i1 %icmp_ln45_3, i31 %trunc_ln42_3, i31 0" [firmware/nnet_utils/nnet_activation.h:45]   --->   Operation 30 'select' 'datareg_3' <Predicate = true> <Delay = 0.25> <CoreInst = "Sel">   --->   Core 73 'Sel' <Latency = 0> <II = 1> <Delay = 0.25> <FuncUnit> <Opcode : 'select'> <InPorts = 3> <OutPorts = 1>
ST_1 : Operation 31 [1/1] (0.00ns)   --->   "%trunc_ln42_4 = trunc i32 %p_read_12" [firmware/nnet_utils/nnet_activation.h:42]   --->   Operation 31 'trunc' 'trunc_ln42_4' <Predicate = (icmp_ln45_4)> <Delay = 0.00>
ST_1 : Operation 32 [1/1] (0.88ns)   --->   "%icmp_ln45_4 = icmp_sgt  i32 %p_read_12, i32 0" [firmware/nnet_utils/nnet_activation.h:45]   --->   Operation 32 'icmp' 'icmp_ln45_4' <Predicate = true> <Delay = 0.88> <CoreInst = "Cmp">   --->   Core 9 'Cmp' <Latency = 0> <II = 1> <Delay = 0.88> <FuncUnit> <Opcode : 'icmp'> <InPorts = 2> <OutPorts = 1>
ST_1 : Operation 33 [1/1] (0.25ns)   --->   "%datareg_4 = select i1 %icmp_ln45_4, i31 %trunc_ln42_4, i31 0" [firmware/nnet_utils/nnet_activation.h:45]   --->   Operation 33 'select' 'datareg_4' <Predicate = true> <Delay = 0.25> <CoreInst = "Sel">   --->   Core 73 'Sel' <Latency = 0> <II = 1> <Delay = 0.25> <FuncUnit> <Opcode : 'select'> <InPorts = 3> <OutPorts = 1>
ST_1 : Operation 34 [1/1] (0.00ns)   --->   "%trunc_ln42_5 = trunc i32 %p_read_11" [firmware/nnet_utils/nnet_activation.h:42]   --->   Operation 34 'trunc' 'trunc_ln42_5' <Predicate = (icmp_ln45_5)> <Delay = 0.00>
ST_1 : Operation 35 [1/1] (0.88ns)   --->   "%icmp_ln45_5 = icmp_sgt  i32 %p_read_11, i32 0" [firmware/nnet_utils/nnet_activation.h:45]   --->   Operation 35 'icmp' 'icmp_ln45_5' <Predicate = true> <Delay = 0.88> <CoreInst = "Cmp">   --->   Core 9 'Cmp' <Latency = 0> <II = 1> <Delay = 0.88> <FuncUnit> <Opcode : 'icmp'> <InPorts = 2> <OutPorts = 1>
ST_1 : Operation 36 [1/1] (0.25ns)   --->   "%datareg_5 = select i1 %icmp_ln45_5, i31 %trunc_ln42_5, i31 0" [firmware/nnet_utils/nnet_activation.h:45]   --->   Operation 36 'select' 'datareg_5' <Predicate = true> <Delay = 0.25> <CoreInst = "Sel">   --->   Core 73 'Sel' <Latency = 0> <II = 1> <Delay = 0.25> <FuncUnit> <Opcode : 'select'> <InPorts = 3> <OutPorts = 1>
ST_1 : Operation 37 [1/1] (0.00ns)   --->   "%trunc_ln42_6 = trunc i32 %p_read_10" [firmware/nnet_utils/nnet_activation.h:42]   --->   Operation 37 'trunc' 'trunc_ln42_6' <Predicate = (icmp_ln45_6)> <Delay = 0.00>
ST_1 : Operation 38 [1/1] (0.88ns)   --->   "%icmp_ln45_6 = icmp_sgt  i32 %p_read_10, i32 0" [firmware/nnet_utils/nnet_activation.h:45]   --->   Operation 38 'icmp' 'icmp_ln45_6' <Predicate = true> <Delay = 0.88> <CoreInst = "Cmp">   --->   Core 9 'Cmp' <Latency = 0> <II = 1> <Delay = 0.88> <FuncUnit> <Opcode : 'icmp'> <InPorts = 2> <OutPorts = 1>
ST_1 : Operation 39 [1/1] (0.25ns)   --->   "%datareg_6 = select i1 %icmp_ln45_6, i31 %trunc_ln42_6, i31 0" [firmware/nnet_utils/nnet_activation.h:45]   --->   Operation 39 'select' 'datareg_6' <Predicate = true> <Delay = 0.25> <CoreInst = "Sel">   --->   Core 73 'Sel' <Latency = 0> <II = 1> <Delay = 0.25> <FuncUnit> <Opcode : 'select'> <InPorts = 3> <OutPorts = 1>
ST_1 : Operation 40 [1/1] (0.00ns)   --->   "%trunc_ln42_7 = trunc i32 %p_read_9" [firmware/nnet_utils/nnet_activation.h:42]   --->   Operation 40 'trunc' 'trunc_ln42_7' <Predicate = (icmp_ln45_7)> <Delay = 0.00>
ST_1 : Operation 41 [1/1] (0.88ns)   --->   "%icmp_ln45_7 = icmp_sgt  i32 %p_read_9, i32 0" [firmware/nnet_utils/nnet_activation.h:45]   --->   Operation 41 'icmp' 'icmp_ln45_7' <Predicate = true> <Delay = 0.88> <CoreInst = "Cmp">   --->   Core 9 'Cmp' <Latency = 0> <II = 1> <Delay = 0.88> <FuncUnit> <Opcode : 'icmp'> <InPorts = 2> <OutPorts = 1>
ST_1 : Operation 42 [1/1] (0.25ns)   --->   "%datareg_7 = select i1 %icmp_ln45_7, i31 %trunc_ln42_7, i31 0" [firmware/nnet_utils/nnet_activation.h:45]   --->   Operation 42 'select' 'datareg_7' <Predicate = true> <Delay = 0.25> <CoreInst = "Sel">   --->   Core 73 'Sel' <Latency = 0> <II = 1> <Delay = 0.25> <FuncUnit> <Opcode : 'select'> <InPorts = 3> <OutPorts = 1>
ST_1 : Operation 43 [1/1] (0.00ns)   --->   "%trunc_ln42_8 = trunc i32 %p_read_8" [firmware/nnet_utils/nnet_activation.h:42]   --->   Operation 43 'trunc' 'trunc_ln42_8' <Predicate = (icmp_ln45_8)> <Delay = 0.00>
ST_1 : Operation 44 [1/1] (0.88ns)   --->   "%icmp_ln45_8 = icmp_sgt  i32 %p_read_8, i32 0" [firmware/nnet_utils/nnet_activation.h:45]   --->   Operation 44 'icmp' 'icmp_ln45_8' <Predicate = true> <Delay = 0.88> <CoreInst = "Cmp">   --->   Core 9 'Cmp' <Latency = 0> <II = 1> <Delay = 0.88> <FuncUnit> <Opcode : 'icmp'> <InPorts = 2> <OutPorts = 1>
ST_1 : Operation 45 [1/1] (0.25ns)   --->   "%datareg_8 = select i1 %icmp_ln45_8, i31 %trunc_ln42_8, i31 0" [firmware/nnet_utils/nnet_activation.h:45]   --->   Operation 45 'select' 'datareg_8' <Predicate = true> <Delay = 0.25> <CoreInst = "Sel">   --->   Core 73 'Sel' <Latency = 0> <II = 1> <Delay = 0.25> <FuncUnit> <Opcode : 'select'> <InPorts = 3> <OutPorts = 1>
ST_1 : Operation 46 [1/1] (0.00ns)   --->   "%trunc_ln42_9 = trunc i32 %p_read_7" [firmware/nnet_utils/nnet_activation.h:42]   --->   Operation 46 'trunc' 'trunc_ln42_9' <Predicate = (icmp_ln45_9)> <Delay = 0.00>
ST_1 : Operation 47 [1/1] (0.88ns)   --->   "%icmp_ln45_9 = icmp_sgt  i32 %p_read_7, i32 0" [firmware/nnet_utils/nnet_activation.h:45]   --->   Operation 47 'icmp' 'icmp_ln45_9' <Predicate = true> <Delay = 0.88> <CoreInst = "Cmp">   --->   Core 9 'Cmp' <Latency = 0> <II = 1> <Delay = 0.88> <FuncUnit> <Opcode : 'icmp'> <InPorts = 2> <OutPorts = 1>
ST_1 : Operation 48 [1/1] (0.25ns)   --->   "%datareg_9 = select i1 %icmp_ln45_9, i31 %trunc_ln42_9, i31 0" [firmware/nnet_utils/nnet_activation.h:45]   --->   Operation 48 'select' 'datareg_9' <Predicate = true> <Delay = 0.25> <CoreInst = "Sel">   --->   Core 73 'Sel' <Latency = 0> <II = 1> <Delay = 0.25> <FuncUnit> <Opcode : 'select'> <InPorts = 3> <OutPorts = 1>
ST_1 : Operation 49 [1/1] (0.00ns)   --->   "%trunc_ln42_10 = trunc i32 %p_read_6" [firmware/nnet_utils/nnet_activation.h:42]   --->   Operation 49 'trunc' 'trunc_ln42_10' <Predicate = (icmp_ln45_10)> <Delay = 0.00>
ST_1 : Operation 50 [1/1] (0.88ns)   --->   "%icmp_ln45_10 = icmp_sgt  i32 %p_read_6, i32 0" [firmware/nnet_utils/nnet_activation.h:45]   --->   Operation 50 'icmp' 'icmp_ln45_10' <Predicate = true> <Delay = 0.88> <CoreInst = "Cmp">   --->   Core 9 'Cmp' <Latency = 0> <II = 1> <Delay = 0.88> <FuncUnit> <Opcode : 'icmp'> <InPorts = 2> <OutPorts = 1>
ST_1 : Operation 51 [1/1] (0.25ns)   --->   "%datareg_10 = select i1 %icmp_ln45_10, i31 %trunc_ln42_10, i31 0" [firmware/nnet_utils/nnet_activation.h:45]   --->   Operation 51 'select' 'datareg_10' <Predicate = true> <Delay = 0.25> <CoreInst = "Sel">   --->   Core 73 'Sel' <Latency = 0> <II = 1> <Delay = 0.25> <FuncUnit> <Opcode : 'select'> <InPorts = 3> <OutPorts = 1>
ST_1 : Operation 52 [1/1] (0.00ns)   --->   "%trunc_ln42_11 = trunc i32 %p_read_5" [firmware/nnet_utils/nnet_activation.h:42]   --->   Operation 52 'trunc' 'trunc_ln42_11' <Predicate = (icmp_ln45_11)> <Delay = 0.00>
ST_1 : Operation 53 [1/1] (0.88ns)   --->   "%icmp_ln45_11 = icmp_sgt  i32 %p_read_5, i32 0" [firmware/nnet_utils/nnet_activation.h:45]   --->   Operation 53 'icmp' 'icmp_ln45_11' <Predicate = true> <Delay = 0.88> <CoreInst = "Cmp">   --->   Core 9 'Cmp' <Latency = 0> <II = 1> <Delay = 0.88> <FuncUnit> <Opcode : 'icmp'> <InPorts = 2> <OutPorts = 1>
ST_1 : Operation 54 [1/1] (0.25ns)   --->   "%datareg_11 = select i1 %icmp_ln45_11, i31 %trunc_ln42_11, i31 0" [firmware/nnet_utils/nnet_activation.h:45]   --->   Operation 54 'select' 'datareg_11' <Predicate = true> <Delay = 0.25> <CoreInst = "Sel">   --->   Core 73 'Sel' <Latency = 0> <II = 1> <Delay = 0.25> <FuncUnit> <Opcode : 'select'> <InPorts = 3> <OutPorts = 1>
ST_1 : Operation 55 [1/1] (0.00ns)   --->   "%trunc_ln42_12 = trunc i32 %p_read_4" [firmware/nnet_utils/nnet_activation.h:42]   --->   Operation 55 'trunc' 'trunc_ln42_12' <Predicate = (icmp_ln45_12)> <Delay = 0.00>
ST_1 : Operation 56 [1/1] (0.88ns)   --->   "%icmp_ln45_12 = icmp_sgt  i32 %p_read_4, i32 0" [firmware/nnet_utils/nnet_activation.h:45]   --->   Operation 56 'icmp' 'icmp_ln45_12' <Predicate = true> <Delay = 0.88> <CoreInst = "Cmp">   --->   Core 9 'Cmp' <Latency = 0> <II = 1> <Delay = 0.88> <FuncUnit> <Opcode : 'icmp'> <InPorts = 2> <OutPorts = 1>
ST_1 : Operation 57 [1/1] (0.25ns)   --->   "%datareg_12 = select i1 %icmp_ln45_12, i31 %trunc_ln42_12, i31 0" [firmware/nnet_utils/nnet_activation.h:45]   --->   Operation 57 'select' 'datareg_12' <Predicate = true> <Delay = 0.25> <CoreInst = "Sel">   --->   Core 73 'Sel' <Latency = 0> <II = 1> <Delay = 0.25> <FuncUnit> <Opcode : 'select'> <InPorts = 3> <OutPorts = 1>
ST_1 : Operation 58 [1/1] (0.00ns)   --->   "%trunc_ln42_13 = trunc i32 %p_read_3" [firmware/nnet_utils/nnet_activation.h:42]   --->   Operation 58 'trunc' 'trunc_ln42_13' <Predicate = (icmp_ln45_13)> <Delay = 0.00>
ST_1 : Operation 59 [1/1] (0.88ns)   --->   "%icmp_ln45_13 = icmp_sgt  i32 %p_read_3, i32 0" [firmware/nnet_utils/nnet_activation.h:45]   --->   Operation 59 'icmp' 'icmp_ln45_13' <Predicate = true> <Delay = 0.88> <CoreInst = "Cmp">   --->   Core 9 'Cmp' <Latency = 0> <II = 1> <Delay = 0.88> <FuncUnit> <Opcode : 'icmp'> <InPorts = 2> <OutPorts = 1>
ST_1 : Operation 60 [1/1] (0.25ns)   --->   "%datareg_13 = select i1 %icmp_ln45_13, i31 %trunc_ln42_13, i31 0" [firmware/nnet_utils/nnet_activation.h:45]   --->   Operation 60 'select' 'datareg_13' <Predicate = true> <Delay = 0.25> <CoreInst = "Sel">   --->   Core 73 'Sel' <Latency = 0> <II = 1> <Delay = 0.25> <FuncUnit> <Opcode : 'select'> <InPorts = 3> <OutPorts = 1>
ST_1 : Operation 61 [1/1] (0.00ns)   --->   "%trunc_ln42_14 = trunc i32 %p_read_2" [firmware/nnet_utils/nnet_activation.h:42]   --->   Operation 61 'trunc' 'trunc_ln42_14' <Predicate = (icmp_ln45_14)> <Delay = 0.00>
ST_1 : Operation 62 [1/1] (0.88ns)   --->   "%icmp_ln45_14 = icmp_sgt  i32 %p_read_2, i32 0" [firmware/nnet_utils/nnet_activation.h:45]   --->   Operation 62 'icmp' 'icmp_ln45_14' <Predicate = true> <Delay = 0.88> <CoreInst = "Cmp">   --->   Core 9 'Cmp' <Latency = 0> <II = 1> <Delay = 0.88> <FuncUnit> <Opcode : 'icmp'> <InPorts = 2> <OutPorts = 1>
ST_1 : Operation 63 [1/1] (0.25ns)   --->   "%datareg_14 = select i1 %icmp_ln45_14, i31 %trunc_ln42_14, i31 0" [firmware/nnet_utils/nnet_activation.h:45]   --->   Operation 63 'select' 'datareg_14' <Predicate = true> <Delay = 0.25> <CoreInst = "Sel">   --->   Core 73 'Sel' <Latency = 0> <II = 1> <Delay = 0.25> <FuncUnit> <Opcode : 'select'> <InPorts = 3> <OutPorts = 1>
ST_1 : Operation 64 [1/1] (0.00ns)   --->   "%trunc_ln42_15 = trunc i32 %p_read_1" [firmware/nnet_utils/nnet_activation.h:42]   --->   Operation 64 'trunc' 'trunc_ln42_15' <Predicate = (icmp_ln45_15)> <Delay = 0.00>
ST_1 : Operation 65 [1/1] (0.88ns)   --->   "%icmp_ln45_15 = icmp_sgt  i32 %p_read_1, i32 0" [firmware/nnet_utils/nnet_activation.h:45]   --->   Operation 65 'icmp' 'icmp_ln45_15' <Predicate = true> <Delay = 0.88> <CoreInst = "Cmp">   --->   Core 9 'Cmp' <Latency = 0> <II = 1> <Delay = 0.88> <FuncUnit> <Opcode : 'icmp'> <InPorts = 2> <OutPorts = 1>
ST_1 : Operation 66 [1/1] (0.25ns)   --->   "%datareg_15 = select i1 %icmp_ln45_15, i31 %trunc_ln42_15, i31 0" [firmware/nnet_utils/nnet_activation.h:45]   --->   Operation 66 'select' 'datareg_15' <Predicate = true> <Delay = 0.25> <CoreInst = "Sel">   --->   Core 73 'Sel' <Latency = 0> <II = 1> <Delay = 0.25> <FuncUnit> <Opcode : 'select'> <InPorts = 3> <OutPorts = 1>
ST_1 : Operation 67 [1/1] (0.00ns)   --->   "%mrv = insertvalue i496 <undef>, i31 %datareg" [firmware/nnet_utils/nnet_activation.h:50]   --->   Operation 67 'insertvalue' 'mrv' <Predicate = true> <Delay = 0.00>
ST_1 : Operation 68 [1/1] (0.00ns)   --->   "%mrv_1 = insertvalue i496 %mrv, i31 %datareg_1" [firmware/nnet_utils/nnet_activation.h:50]   --->   Operation 68 'insertvalue' 'mrv_1' <Predicate = true> <Delay = 0.00>
ST_1 : Operation 69 [1/1] (0.00ns)   --->   "%mrv_2 = insertvalue i496 %mrv_1, i31 %datareg_2" [firmware/nnet_utils/nnet_activation.h:50]   --->   Operation 69 'insertvalue' 'mrv_2' <Predicate = true> <Delay = 0.00>
ST_1 : Operation 70 [1/1] (0.00ns)   --->   "%mrv_3 = insertvalue i496 %mrv_2, i31 %datareg_3" [firmware/nnet_utils/nnet_activation.h:50]   --->   Operation 70 'insertvalue' 'mrv_3' <Predicate = true> <Delay = 0.00>
ST_1 : Operation 71 [1/1] (0.00ns)   --->   "%mrv_4 = insertvalue i496 %mrv_3, i31 %datareg_4" [firmware/nnet_utils/nnet_activation.h:50]   --->   Operation 71 'insertvalue' 'mrv_4' <Predicate = true> <Delay = 0.00>
ST_1 : Operation 72 [1/1] (0.00ns)   --->   "%mrv_5 = insertvalue i496 %mrv_4, i31 %datareg_5" [firmware/nnet_utils/nnet_activation.h:50]   --->   Operation 72 'insertvalue' 'mrv_5' <Predicate = true> <Delay = 0.00>
ST_1 : Operation 73 [1/1] (0.00ns)   --->   "%mrv_6 = insertvalue i496 %mrv_5, i31 %datareg_6" [firmware/nnet_utils/nnet_activation.h:50]   --->   Operation 73 'insertvalue' 'mrv_6' <Predicate = true> <Delay = 0.00>
ST_1 : Operation 74 [1/1] (0.00ns)   --->   "%mrv_7 = insertvalue i496 %mrv_6, i31 %datareg_7" [firmware/nnet_utils/nnet_activation.h:50]   --->   Operation 74 'insertvalue' 'mrv_7' <Predicate = true> <Delay = 0.00>
ST_1 : Operation 75 [1/1] (0.00ns)   --->   "%mrv_8 = insertvalue i496 %mrv_7, i31 %datareg_8" [firmware/nnet_utils/nnet_activation.h:50]   --->   Operation 75 'insertvalue' 'mrv_8' <Predicate = true> <Delay = 0.00>
ST_1 : Operation 76 [1/1] (0.00ns)   --->   "%mrv_9 = insertvalue i496 %mrv_8, i31 %datareg_9" [firmware/nnet_utils/nnet_activation.h:50]   --->   Operation 76 'insertvalue' 'mrv_9' <Predicate = true> <Delay = 0.00>
ST_1 : Operation 77 [1/1] (0.00ns)   --->   "%mrv_s = insertvalue i496 %mrv_9, i31 %datareg_10" [firmware/nnet_utils/nnet_activation.h:50]   --->   Operation 77 'insertvalue' 'mrv_s' <Predicate = true> <Delay = 0.00>
ST_1 : Operation 78 [1/1] (0.00ns)   --->   "%mrv_10 = insertvalue i496 %mrv_s, i31 %datareg_11" [firmware/nnet_utils/nnet_activation.h:50]   --->   Operation 78 'insertvalue' 'mrv_10' <Predicate = true> <Delay = 0.00>
ST_1 : Operation 79 [1/1] (0.00ns)   --->   "%mrv_11 = insertvalue i496 %mrv_10, i31 %datareg_12" [firmware/nnet_utils/nnet_activation.h:50]   --->   Operation 79 'insertvalue' 'mrv_11' <Predicate = true> <Delay = 0.00>
ST_1 : Operation 80 [1/1] (0.00ns)   --->   "%mrv_12 = insertvalue i496 %mrv_11, i31 %datareg_13" [firmware/nnet_utils/nnet_activation.h:50]   --->   Operation 80 'insertvalue' 'mrv_12' <Predicate = true> <Delay = 0.00>
ST_1 : Operation 81 [1/1] (0.00ns)   --->   "%mrv_13 = insertvalue i496 %mrv_12, i31 %datareg_14" [firmware/nnet_utils/nnet_activation.h:50]   --->   Operation 81 'insertvalue' 'mrv_13' <Predicate = true> <Delay = 0.00>
ST_1 : Operation 82 [1/1] (0.00ns)   --->   "%mrv_14 = insertvalue i496 %mrv_13, i31 %datareg_15" [firmware/nnet_utils/nnet_activation.h:50]   --->   Operation 82 'insertvalue' 'mrv_14' <Predicate = true> <Delay = 0.00>
ST_1 : Operation 83 [1/1] (0.00ns)   --->   "%ret_ln50 = ret i496 %mrv_14" [firmware/nnet_utils/nnet_activation.h:50]   --->   Operation 83 'ret' 'ret_ln50' <Predicate = true> <Delay = 0.00>


============================================================
+ Verbose Summary: Timing violations
============================================================
Target clock period: 25.000ns, clock uncertainty: 6.750ns.

 <State 1>: 2.560ns
The critical path consists of the following:
	wire read operation ('p_read16', firmware/nnet_utils/nnet_activation.h:42) on port 'p_read' (firmware/nnet_utils/nnet_activation.h:42) [33]  (1.429 ns)
	'icmp' operation ('icmp_ln45', firmware/nnet_utils/nnet_activation.h:45) [35]  (0.880 ns)
	'select' operation ('datareg', firmware/nnet_utils/nnet_activation.h:45) [36]  (0.251 ns)


============================================================
+ Verbose Summary: Binding
============================================================
N/A
* FSMD analyzer results:
  - Output states:
 - Input state : 
  - Chain level:
	State 1


============================================================
+ Verbose Summary: Datapath Resource usage 
============================================================
N/A
