

================================================================
== Vivado HLS Report for 'dense_resource_ap_fixed_32_16_4_0_0_ap_fixed_32_16_5_3_0_config8_s'
================================================================
* Date:           Tue Sep 17 21:05:15 2024

* Version:        2019.2 (Build 2704478 on Wed Nov 06 22:10:23 MST 2019)
* Project:        myproject_prj
* Solution:       solution1
* Product family: virtexuplus
* Target device:  xcvu9p-flga2104-2-e


================================================================
== Performance Estimates
================================================================
+ Timing: 
    * Summary: 
    +--------+----------+----------+------------+
    |  Clock |  Target  | Estimated| Uncertainty|
    +--------+----------+----------+------------+
    |ap_clk  | 25.00 ns | 5.952 ns |   6.75 ns  |
    +--------+----------+----------+------------+

+ Latency: 
    * Summary: 
    +---------+---------+----------+----------+-----+-----+---------+
    |  Latency (cycles) |  Latency (absolute) |  Interval | Pipeline|
    |   min   |   max   |    min   |    max   | min | max |   Type  |
    +---------+---------+----------+----------+-----+-----+---------+
    |        0|        0|   0 ns   |   0 ns   |    0|    0|   none  |
    +---------+---------+----------+----------+-----+-----+---------+

    + Detail: 
        * Instance: 
        N/A

        * Loop: 
        N/A

============================================================
+ Verbose Summary: Synthesis Manager
============================================================
InlineROM: 1
ExposeGlobal: 0
============================================================
+ Verbose Summary: CDFG Model
============================================================
IsTopModel: 0
ResetActiveHigh: 1
IsCombinational: 2
IsDatapathOnly: 0
HasWiredReturn: 1
HasMFsm: 0
HasVarLatency: 0
IsPipeline: 0
IsRtlPipelined: 0
IsInstanceOverlapped: 0
IsDontTouch: 0
HasImplIP: 0
IsGatedGlobalClock: 0


============================================================
+ Verbose Summary: Schedule
============================================================
* Number of FSM states : 1
* Pipeline : 0
* Dataflow Pipeline: 0

* FSM state transitions: 
1 --> 

* FSM state operations: 

State 1 <SV = 0> <Delay = 5.95>
ST_1 : Operation 2 [1/1] (0.00ns)   --->   "%data_15_V_read_3 = call i31 @_ssdm_op_Read.ap_auto.i31(i31 %data_15_V_read)" [firmware/nnet_utils/nnet_dense_resource.h:246]   --->   Operation 2 'read' 'data_15_V_read_3' <Predicate = true> <Delay = 0.00>
ST_1 : Operation 3 [1/1] (0.00ns)   --->   "%data_14_V_read_3 = call i31 @_ssdm_op_Read.ap_auto.i31(i31 %data_14_V_read)" [firmware/nnet_utils/nnet_dense_resource.h:246]   --->   Operation 3 'read' 'data_14_V_read_3' <Predicate = true> <Delay = 0.00>
ST_1 : Operation 4 [1/1] (0.00ns)   --->   "%data_13_V_read_3 = call i31 @_ssdm_op_Read.ap_auto.i31(i31 %data_13_V_read)" [firmware/nnet_utils/nnet_dense_resource.h:246]   --->   Operation 4 'read' 'data_13_V_read_3' <Predicate = true> <Delay = 0.00>
ST_1 : Operation 5 [1/1] (0.00ns)   --->   "%data_12_V_read_3 = call i31 @_ssdm_op_Read.ap_auto.i31(i31 %data_12_V_read)" [firmware/nnet_utils/nnet_dense_resource.h:246]   --->   Operation 5 'read' 'data_12_V_read_3' <Predicate = true> <Delay = 0.00>
ST_1 : Operation 6 [1/1] (0.00ns)   --->   "%data_11_V_read12 = call i31 @_ssdm_op_Read.ap_auto.i31(i31 %data_11_V_read)" [firmware/nnet_utils/nnet_dense_resource.h:246]   --->   Operation 6 'read' 'data_11_V_read12' <Predicate = true> <Delay = 0.00>
ST_1 : Operation 7 [1/1] (0.00ns)   --->   "%data_10_V_read11 = call i31 @_ssdm_op_Read.ap_auto.i31(i31 %data_10_V_read)" [firmware/nnet_utils/nnet_dense_resource.h:246]   --->   Operation 7 'read' 'data_10_V_read11' <Predicate = true> <Delay = 0.00>
ST_1 : Operation 8 [1/1] (0.00ns)   --->   "%data_9_V_read_3 = call i31 @_ssdm_op_Read.ap_auto.i31(i31 %data_9_V_read)" [firmware/nnet_utils/nnet_dense_resource.h:246]   --->   Operation 8 'read' 'data_9_V_read_3' <Predicate = true> <Delay = 0.00>
ST_1 : Operation 9 [1/1] (0.00ns)   --->   "%data_8_V_read_3 = call i31 @_ssdm_op_Read.ap_auto.i31(i31 %data_8_V_read)" [firmware/nnet_utils/nnet_dense_resource.h:246]   --->   Operation 9 'read' 'data_8_V_read_3' <Predicate = true> <Delay = 0.00>
ST_1 : Operation 10 [1/1] (0.00ns)   --->   "%data_7_V_read_3 = call i31 @_ssdm_op_Read.ap_auto.i31(i31 %data_7_V_read)" [firmware/nnet_utils/nnet_dense_resource.h:246]   --->   Operation 10 'read' 'data_7_V_read_3' <Predicate = true> <Delay = 0.00>
ST_1 : Operation 11 [1/1] (0.00ns)   --->   "%data_6_V_read_3 = call i31 @_ssdm_op_Read.ap_auto.i31(i31 %data_6_V_read)" [firmware/nnet_utils/nnet_dense_resource.h:246]   --->   Operation 11 'read' 'data_6_V_read_3' <Predicate = true> <Delay = 0.00>
ST_1 : Operation 12 [1/1] (0.00ns)   --->   "%data_5_V_read_3 = call i31 @_ssdm_op_Read.ap_auto.i31(i31 %data_5_V_read)" [firmware/nnet_utils/nnet_dense_resource.h:246]   --->   Operation 12 'read' 'data_5_V_read_3' <Predicate = true> <Delay = 0.00>
ST_1 : Operation 13 [1/1] (0.00ns)   --->   "%data_4_V_read_3 = call i31 @_ssdm_op_Read.ap_auto.i31(i31 %data_4_V_read)" [firmware/nnet_utils/nnet_dense_resource.h:246]   --->   Operation 13 'read' 'data_4_V_read_3' <Predicate = true> <Delay = 0.00>
ST_1 : Operation 14 [1/1] (0.00ns)   --->   "%data_3_V_read_3 = call i31 @_ssdm_op_Read.ap_auto.i31(i31 %data_3_V_read)" [firmware/nnet_utils/nnet_dense_resource.h:246]   --->   Operation 14 'read' 'data_3_V_read_3' <Predicate = true> <Delay = 0.00>
ST_1 : Operation 15 [1/1] (0.00ns)   --->   "%data_2_V_read_3 = call i31 @_ssdm_op_Read.ap_auto.i31(i31 %data_2_V_read)" [firmware/nnet_utils/nnet_dense_resource.h:246]   --->   Operation 15 'read' 'data_2_V_read_3' <Predicate = true> <Delay = 0.00>
ST_1 : Operation 16 [1/1] (0.00ns)   --->   "%data_1_V_read_3 = call i31 @_ssdm_op_Read.ap_auto.i31(i31 %data_1_V_read)" [firmware/nnet_utils/nnet_dense_resource.h:246]   --->   Operation 16 'read' 'data_1_V_read_3' <Predicate = true> <Delay = 0.00>
ST_1 : Operation 17 [1/1] (0.00ns)   --->   "%data_0_V_read_3 = call i31 @_ssdm_op_Read.ap_auto.i31(i31 %data_0_V_read)" [firmware/nnet_utils/nnet_dense_resource.h:246]   --->   Operation 17 'read' 'data_0_V_read_3' <Predicate = true> <Delay = 0.00>
ST_1 : Operation 18 [1/1] (0.00ns)   --->   "%zext_ln1118 = zext i31 %data_0_V_read_3 to i47" [firmware/nnet_utils/nnet_mult.h:73->firmware/nnet_utils/nnet_dense_resource.h:56->firmware/nnet_utils/nnet_dense_resource.h:253]   --->   Operation 18 'zext' 'zext_ln1118' <Predicate = true> <Delay = 0.00>
ST_1 : Operation 19 [1/1] (0.00ns)   --->   "%zext_ln1118_1 = zext i31 %data_0_V_read_3 to i46" [firmware/nnet_utils/nnet_mult.h:73->firmware/nnet_utils/nnet_dense_resource.h:56->firmware/nnet_utils/nnet_dense_resource.h:253]   --->   Operation 19 'zext' 'zext_ln1118_1' <Predicate = true> <Delay = 0.00>
ST_1 : Operation 20 [1/1] (3.09ns)   --->   "%mul_ln1118 = mul i46 %zext_ln1118_1, -10458" [firmware/nnet_utils/nnet_mult.h:73->firmware/nnet_utils/nnet_dense_resource.h:56->firmware/nnet_utils/nnet_dense_resource.h:253]   --->   Operation 20 'mul' 'mul_ln1118' <Predicate = true> <Delay = 3.09> <Core = "Mul">   --->   Core 16 'Mul' <Latency = 0> <II = 1> <Delay = 3.09> <FuncUnit> <Opcode : 'mul'> <InPorts = 2> <OutPorts = 1>
ST_1 : Operation 21 [1/1] (0.00ns)   --->   "%tmp_1 = call i30 @_ssdm_op_PartSelect.i30.i46.i32.i32(i46 %mul_ln1118, i32 16, i32 45)" [firmware/nnet_utils/nnet_mult.h:73->firmware/nnet_utils/nnet_dense_resource.h:56->firmware/nnet_utils/nnet_dense_resource.h:253]   --->   Operation 21 'partselect' 'tmp_1' <Predicate = true> <Delay = 0.00>
ST_1 : Operation 22 [1/1] (0.00ns)   --->   "%sext_ln1118 = sext i30 %tmp_1 to i31" [firmware/nnet_utils/nnet_mult.h:73->firmware/nnet_utils/nnet_dense_resource.h:56->firmware/nnet_utils/nnet_dense_resource.h:253]   --->   Operation 22 'sext' 'sext_ln1118' <Predicate = true> <Delay = 0.00>
ST_1 : Operation 23 [1/1] (0.00ns)   --->   "%zext_ln1118_2 = zext i31 %data_1_V_read_3 to i47" [firmware/nnet_utils/nnet_mult.h:73->firmware/nnet_utils/nnet_dense_resource.h:56->firmware/nnet_utils/nnet_dense_resource.h:253]   --->   Operation 23 'zext' 'zext_ln1118_2' <Predicate = true> <Delay = 0.00>
ST_1 : Operation 24 [1/1] (0.00ns)   --->   "%zext_ln1118_3 = zext i31 %data_1_V_read_3 to i45" [firmware/nnet_utils/nnet_mult.h:73->firmware/nnet_utils/nnet_dense_resource.h:56->firmware/nnet_utils/nnet_dense_resource.h:253]   --->   Operation 24 'zext' 'zext_ln1118_3' <Predicate = true> <Delay = 0.00>
ST_1 : Operation 25 [1/1] (0.00ns)   --->   "%zext_ln1118_4 = zext i31 %data_1_V_read_3 to i43" [firmware/nnet_utils/nnet_mult.h:73->firmware/nnet_utils/nnet_dense_resource.h:56->firmware/nnet_utils/nnet_dense_resource.h:253]   --->   Operation 25 'zext' 'zext_ln1118_4' <Predicate = true> <Delay = 0.00>
ST_1 : Operation 26 [1/1] (3.09ns)   --->   "%mul_ln1118_1791 = mul i43 %zext_ln1118_4, -1410" [firmware/nnet_utils/nnet_mult.h:73->firmware/nnet_utils/nnet_dense_resource.h:56->firmware/nnet_utils/nnet_dense_resource.h:253]   --->   Operation 26 'mul' 'mul_ln1118_1791' <Predicate = true> <Delay = 3.09> <Core = "Mul">   --->   Core 16 'Mul' <Latency = 0> <II = 1> <Delay = 3.09> <FuncUnit> <Opcode : 'mul'> <InPorts = 2> <OutPorts = 1>
ST_1 : Operation 27 [1/1] (0.00ns)   --->   "%tmp_2 = call i27 @_ssdm_op_PartSelect.i27.i43.i32.i32(i43 %mul_ln1118_1791, i32 16, i32 42)" [firmware/nnet_utils/nnet_mult.h:73->firmware/nnet_utils/nnet_dense_resource.h:56->firmware/nnet_utils/nnet_dense_resource.h:253]   --->   Operation 27 'partselect' 'tmp_2' <Predicate = true> <Delay = 0.00>
ST_1 : Operation 28 [1/1] (0.00ns)   --->   "%sext_ln1118_1505 = sext i27 %tmp_2 to i29" [firmware/nnet_utils/nnet_mult.h:73->firmware/nnet_utils/nnet_dense_resource.h:56->firmware/nnet_utils/nnet_dense_resource.h:253]   --->   Operation 28 'sext' 'sext_ln1118_1505' <Predicate = true> <Delay = 0.00>
ST_1 : Operation 29 [1/1] (0.00ns)   --->   "%zext_ln1118_5 = zext i31 %data_2_V_read_3 to i46" [firmware/nnet_utils/nnet_mult.h:73->firmware/nnet_utils/nnet_dense_resource.h:56->firmware/nnet_utils/nnet_dense_resource.h:253]   --->   Operation 29 'zext' 'zext_ln1118_5' <Predicate = true> <Delay = 0.00>
ST_1 : Operation 30 [1/1] (0.00ns)   --->   "%zext_ln1118_6 = zext i31 %data_2_V_read_3 to i44" [firmware/nnet_utils/nnet_mult.h:73->firmware/nnet_utils/nnet_dense_resource.h:56->firmware/nnet_utils/nnet_dense_resource.h:253]   --->   Operation 30 'zext' 'zext_ln1118_6' <Predicate = true> <Delay = 0.00>
ST_1 : Operation 31 [1/1] (0.00ns)   --->   "%zext_ln1118_7 = zext i31 %data_2_V_read_3 to i43" [firmware/nnet_utils/nnet_mult.h:73->firmware/nnet_utils/nnet_dense_resource.h:56->firmware/nnet_utils/nnet_dense_resource.h:253]   --->   Operation 31 'zext' 'zext_ln1118_7' <Predicate = true> <Delay = 0.00>
ST_1 : Operation 32 [1/1] (3.09ns)   --->   "%mul_ln1118_1792 = mul i43 %zext_ln1118_7, 2514" [firmware/nnet_utils/nnet_mult.h:73->firmware/nnet_utils/nnet_dense_resource.h:56->firmware/nnet_utils/nnet_dense_resource.h:253]   --->   Operation 32 'mul' 'mul_ln1118_1792' <Predicate = true> <Delay = 3.09> <Core = "Mul">   --->   Core 16 'Mul' <Latency = 0> <II = 1> <Delay = 3.09> <FuncUnit> <Opcode : 'mul'> <InPorts = 2> <OutPorts = 1>
ST_1 : Operation 33 [1/1] (0.00ns)   --->   "%tmp = call i27 @_ssdm_op_PartSelect.i27.i43.i32.i32(i43 %mul_ln1118_1792, i32 16, i32 42)" [firmware/nnet_utils/nnet_dense_resource.h:56->firmware/nnet_utils/nnet_dense_resource.h:253]   --->   Operation 33 'partselect' 'tmp' <Predicate = true> <Delay = 0.00>
ST_1 : Operation 34 [1/1] (0.00ns)   --->   "%zext_ln708 = zext i27 %tmp to i32" [firmware/nnet_utils/nnet_dense_resource.h:56->firmware/nnet_utils/nnet_dense_resource.h:253]   --->   Operation 34 'zext' 'zext_ln708' <Predicate = true> <Delay = 0.00>
ST_1 : Operation 35 [1/1] (0.00ns)   --->   "%zext_ln1118_8 = zext i31 %data_3_V_read_3 to i47" [firmware/nnet_utils/nnet_mult.h:73->firmware/nnet_utils/nnet_dense_resource.h:56->firmware/nnet_utils/nnet_dense_resource.h:253]   --->   Operation 35 'zext' 'zext_ln1118_8' <Predicate = true> <Delay = 0.00>
ST_1 : Operation 36 [1/1] (3.09ns)   --->   "%mul_ln1118_1793 = mul i47 %zext_ln1118_8, -21160" [firmware/nnet_utils/nnet_mult.h:73->firmware/nnet_utils/nnet_dense_resource.h:56->firmware/nnet_utils/nnet_dense_resource.h:253]   --->   Operation 36 'mul' 'mul_ln1118_1793' <Predicate = true> <Delay = 3.09> <Core = "Mul">   --->   Core 16 'Mul' <Latency = 0> <II = 1> <Delay = 3.09> <FuncUnit> <Opcode : 'mul'> <InPorts = 2> <OutPorts = 1>
ST_1 : Operation 37 [1/1] (0.00ns)   --->   "%trunc_ln708_s = call i31 @_ssdm_op_PartSelect.i31.i47.i32.i32(i47 %mul_ln1118_1793, i32 16, i32 46)" [firmware/nnet_utils/nnet_dense_resource.h:56->firmware/nnet_utils/nnet_dense_resource.h:253]   --->   Operation 37 'partselect' 'trunc_ln708_s' <Predicate = true> <Delay = 0.00>
ST_1 : Operation 38 [1/1] (0.00ns)   --->   "%sext_ln708 = sext i31 %trunc_ln708_s to i32" [firmware/nnet_utils/nnet_dense_resource.h:56->firmware/nnet_utils/nnet_dense_resource.h:253]   --->   Operation 38 'sext' 'sext_ln708' <Predicate = true> <Delay = 0.00>
ST_1 : Operation 39 [1/1] (0.00ns)   --->   "%zext_ln1118_9 = zext i31 %data_4_V_read_3 to i48" [firmware/nnet_utils/nnet_mult.h:73->firmware/nnet_utils/nnet_dense_resource.h:56->firmware/nnet_utils/nnet_dense_resource.h:253]   --->   Operation 39 'zext' 'zext_ln1118_9' <Predicate = true> <Delay = 0.00>
ST_1 : Operation 40 [1/1] (0.00ns)   --->   "%zext_ln1118_10 = zext i31 %data_4_V_read_3 to i47" [firmware/nnet_utils/nnet_mult.h:73->firmware/nnet_utils/nnet_dense_resource.h:56->firmware/nnet_utils/nnet_dense_resource.h:253]   --->   Operation 40 'zext' 'zext_ln1118_10' <Predicate = true> <Delay = 0.00>
ST_1 : Operation 41 [1/1] (0.00ns)   --->   "%zext_ln1118_11 = zext i31 %data_4_V_read_3 to i46" [firmware/nnet_utils/nnet_mult.h:73->firmware/nnet_utils/nnet_dense_resource.h:56->firmware/nnet_utils/nnet_dense_resource.h:253]   --->   Operation 41 'zext' 'zext_ln1118_11' <Predicate = true> <Delay = 0.00>
ST_1 : Operation 42 [1/1] (3.09ns)   --->   "%mul_ln1118_1794 = mul i46 %zext_ln1118_11, 17626" [firmware/nnet_utils/nnet_mult.h:73->firmware/nnet_utils/nnet_dense_resource.h:56->firmware/nnet_utils/nnet_dense_resource.h:253]   --->   Operation 42 'mul' 'mul_ln1118_1794' <Predicate = true> <Delay = 3.09> <Core = "Mul">   --->   Core 16 'Mul' <Latency = 0> <II = 1> <Delay = 3.09> <FuncUnit> <Opcode : 'mul'> <InPorts = 2> <OutPorts = 1>
ST_1 : Operation 43 [1/1] (0.00ns)   --->   "%tmp_s = call i30 @_ssdm_op_PartSelect.i30.i46.i32.i32(i46 %mul_ln1118_1794, i32 16, i32 45)" [firmware/nnet_utils/nnet_dense_resource.h:56->firmware/nnet_utils/nnet_dense_resource.h:253]   --->   Operation 43 'partselect' 'tmp_s' <Predicate = true> <Delay = 0.00>
ST_1 : Operation 44 [1/1] (0.00ns)   --->   "%zext_ln708_1 = zext i30 %tmp_s to i32" [firmware/nnet_utils/nnet_dense_resource.h:56->firmware/nnet_utils/nnet_dense_resource.h:253]   --->   Operation 44 'zext' 'zext_ln708_1' <Predicate = true> <Delay = 0.00>
ST_1 : Operation 45 [1/1] (0.00ns)   --->   "%zext_ln1118_12 = zext i31 %data_5_V_read_3 to i43" [firmware/nnet_utils/nnet_mult.h:73->firmware/nnet_utils/nnet_dense_resource.h:56->firmware/nnet_utils/nnet_dense_resource.h:253]   --->   Operation 45 'zext' 'zext_ln1118_12' <Predicate = true> <Delay = 0.00>
ST_1 : Operation 46 [1/1] (0.00ns)   --->   "%zext_ln1118_13 = zext i31 %data_5_V_read_3 to i47" [firmware/nnet_utils/nnet_mult.h:73->firmware/nnet_utils/nnet_dense_resource.h:56->firmware/nnet_utils/nnet_dense_resource.h:253]   --->   Operation 46 'zext' 'zext_ln1118_13' <Predicate = true> <Delay = 0.00>
ST_1 : Operation 47 [1/1] (3.09ns)   --->   "%mul_ln1118_1795 = mul i47 %zext_ln1118_13, -18927" [firmware/nnet_utils/nnet_mult.h:73->firmware/nnet_utils/nnet_dense_resource.h:56->firmware/nnet_utils/nnet_dense_resource.h:253]   --->   Operation 47 'mul' 'mul_ln1118_1795' <Predicate = true> <Delay = 3.09> <Core = "Mul">   --->   Core 16 'Mul' <Latency = 0> <II = 1> <Delay = 3.09> <FuncUnit> <Opcode : 'mul'> <InPorts = 2> <OutPorts = 1>
ST_1 : Operation 48 [1/1] (0.00ns)   --->   "%trunc_ln708_1822 = call i31 @_ssdm_op_PartSelect.i31.i47.i32.i32(i47 %mul_ln1118_1795, i32 16, i32 46)" [firmware/nnet_utils/nnet_dense_resource.h:56->firmware/nnet_utils/nnet_dense_resource.h:253]   --->   Operation 48 'partselect' 'trunc_ln708_1822' <Predicate = true> <Delay = 0.00>
ST_1 : Operation 49 [1/1] (0.00ns)   --->   "%sext_ln708_404 = sext i31 %trunc_ln708_1822 to i32" [firmware/nnet_utils/nnet_dense_resource.h:56->firmware/nnet_utils/nnet_dense_resource.h:253]   --->   Operation 49 'sext' 'sext_ln708_404' <Predicate = true> <Delay = 0.00>
ST_1 : Operation 50 [1/1] (0.00ns)   --->   "%zext_ln1118_14 = zext i31 %data_6_V_read_3 to i46" [firmware/nnet_utils/nnet_mult.h:73->firmware/nnet_utils/nnet_dense_resource.h:56->firmware/nnet_utils/nnet_dense_resource.h:253]   --->   Operation 50 'zext' 'zext_ln1118_14' <Predicate = true> <Delay = 0.00>
ST_1 : Operation 51 [1/1] (0.00ns)   --->   "%zext_ln1118_15 = zext i31 %data_6_V_read_3 to i45" [firmware/nnet_utils/nnet_mult.h:73->firmware/nnet_utils/nnet_dense_resource.h:56->firmware/nnet_utils/nnet_dense_resource.h:253]   --->   Operation 51 'zext' 'zext_ln1118_15' <Predicate = true> <Delay = 0.00>
ST_1 : Operation 52 [1/1] (0.00ns)   --->   "%zext_ln1118_16 = zext i31 %data_6_V_read_3 to i44" [firmware/nnet_utils/nnet_mult.h:73->firmware/nnet_utils/nnet_dense_resource.h:56->firmware/nnet_utils/nnet_dense_resource.h:253]   --->   Operation 52 'zext' 'zext_ln1118_16' <Predicate = true> <Delay = 0.00>
ST_1 : Operation 53 [1/1] (3.09ns)   --->   "%mul_ln1118_1796 = mul i44 %zext_ln1118_16, 4906" [firmware/nnet_utils/nnet_mult.h:73->firmware/nnet_utils/nnet_dense_resource.h:56->firmware/nnet_utils/nnet_dense_resource.h:253]   --->   Operation 53 'mul' 'mul_ln1118_1796' <Predicate = true> <Delay = 3.09> <Core = "Mul">   --->   Core 16 'Mul' <Latency = 0> <II = 1> <Delay = 3.09> <FuncUnit> <Opcode : 'mul'> <InPorts = 2> <OutPorts = 1>
ST_1 : Operation 54 [1/1] (0.00ns)   --->   "%trunc_ln1 = call i28 @_ssdm_op_PartSelect.i28.i44.i32.i32(i44 %mul_ln1118_1796, i32 16, i32 43)" [firmware/nnet_utils/nnet_mult.h:73->firmware/nnet_utils/nnet_dense_resource.h:56->firmware/nnet_utils/nnet_dense_resource.h:253]   --->   Operation 54 'partselect' 'trunc_ln1' <Predicate = true> <Delay = 0.00>
ST_1 : Operation 55 [1/1] (0.00ns)   --->   "%zext_ln1118_17 = zext i31 %data_7_V_read_3 to i47" [firmware/nnet_utils/nnet_mult.h:73->firmware/nnet_utils/nnet_dense_resource.h:56->firmware/nnet_utils/nnet_dense_resource.h:253]   --->   Operation 55 'zext' 'zext_ln1118_17' <Predicate = true> <Delay = 0.00>
ST_1 : Operation 56 [1/1] (0.00ns)   --->   "%zext_ln1118_18 = zext i31 %data_7_V_read_3 to i42" [firmware/nnet_utils/nnet_mult.h:73->firmware/nnet_utils/nnet_dense_resource.h:56->firmware/nnet_utils/nnet_dense_resource.h:253]   --->   Operation 56 'zext' 'zext_ln1118_18' <Predicate = true> <Delay = 0.00>
ST_1 : Operation 57 [1/1] (3.09ns)   --->   "%mul_ln1118_1797 = mul i42 %zext_ln1118_18, 1937" [firmware/nnet_utils/nnet_mult.h:73->firmware/nnet_utils/nnet_dense_resource.h:56->firmware/nnet_utils/nnet_dense_resource.h:253]   --->   Operation 57 'mul' 'mul_ln1118_1797' <Predicate = true> <Delay = 3.09> <Core = "Mul">   --->   Core 16 'Mul' <Latency = 0> <II = 1> <Delay = 3.09> <FuncUnit> <Opcode : 'mul'> <InPorts = 2> <OutPorts = 1>
ST_1 : Operation 58 [1/1] (0.00ns)   --->   "%tmp_57 = call i26 @_ssdm_op_PartSelect.i26.i42.i32.i32(i42 %mul_ln1118_1797, i32 16, i32 41)" [firmware/nnet_utils/nnet_mult.h:73->firmware/nnet_utils/nnet_dense_resource.h:56->firmware/nnet_utils/nnet_dense_resource.h:253]   --->   Operation 58 'partselect' 'tmp_57' <Predicate = true> <Delay = 0.00>
ST_1 : Operation 59 [1/1] (0.00ns)   --->   "%zext_ln1118_19 = zext i26 %tmp_57 to i28" [firmware/nnet_utils/nnet_mult.h:73->firmware/nnet_utils/nnet_dense_resource.h:56->firmware/nnet_utils/nnet_dense_resource.h:253]   --->   Operation 59 'zext' 'zext_ln1118_19' <Predicate = true> <Delay = 0.00>
ST_1 : Operation 60 [1/1] (0.00ns)   --->   "%zext_ln1118_20 = zext i31 %data_8_V_read_3 to i46" [firmware/nnet_utils/nnet_mult.h:73->firmware/nnet_utils/nnet_dense_resource.h:56->firmware/nnet_utils/nnet_dense_resource.h:253]   --->   Operation 60 'zext' 'zext_ln1118_20' <Predicate = true> <Delay = 0.00>
ST_1 : Operation 61 [1/1] (0.00ns)   --->   "%zext_ln1118_21 = zext i31 %data_8_V_read_3 to i44" [firmware/nnet_utils/nnet_mult.h:73->firmware/nnet_utils/nnet_dense_resource.h:56->firmware/nnet_utils/nnet_dense_resource.h:253]   --->   Operation 61 'zext' 'zext_ln1118_21' <Predicate = true> <Delay = 0.00>
ST_1 : Operation 62 [1/1] (3.09ns)   --->   "%mul_ln1118_1798 = mul i44 %zext_ln1118_21, 7894" [firmware/nnet_utils/nnet_mult.h:73->firmware/nnet_utils/nnet_dense_resource.h:56->firmware/nnet_utils/nnet_dense_resource.h:253]   --->   Operation 62 'mul' 'mul_ln1118_1798' <Predicate = true> <Delay = 3.09> <Core = "Mul">   --->   Core 16 'Mul' <Latency = 0> <II = 1> <Delay = 3.09> <FuncUnit> <Opcode : 'mul'> <InPorts = 2> <OutPorts = 1>
ST_1 : Operation 63 [1/1] (0.00ns)   --->   "%tmp_58 = call i28 @_ssdm_op_PartSelect.i28.i44.i32.i32(i44 %mul_ln1118_1798, i32 16, i32 43)" [firmware/nnet_utils/nnet_mult.h:73->firmware/nnet_utils/nnet_dense_resource.h:56->firmware/nnet_utils/nnet_dense_resource.h:253]   --->   Operation 63 'partselect' 'tmp_58' <Predicate = true> <Delay = 0.00>
ST_1 : Operation 64 [1/1] (0.00ns)   --->   "%zext_ln1118_22 = zext i28 %tmp_58 to i29" [firmware/nnet_utils/nnet_mult.h:73->firmware/nnet_utils/nnet_dense_resource.h:56->firmware/nnet_utils/nnet_dense_resource.h:253]   --->   Operation 64 'zext' 'zext_ln1118_22' <Predicate = true> <Delay = 0.00>
ST_1 : Operation 65 [1/1] (0.00ns)   --->   "%zext_ln1118_23 = zext i31 %data_9_V_read_3 to i47" [firmware/nnet_utils/nnet_mult.h:73->firmware/nnet_utils/nnet_dense_resource.h:56->firmware/nnet_utils/nnet_dense_resource.h:253]   --->   Operation 65 'zext' 'zext_ln1118_23' <Predicate = true> <Delay = 0.00>
ST_1 : Operation 66 [1/1] (0.00ns)   --->   "%shl_ln = call i42 @_ssdm_op_BitConcatenate.i42.i31.i11(i31 %data_9_V_read_3, i11 0)" [firmware/nnet_utils/nnet_mult.h:73->firmware/nnet_utils/nnet_dense_resource.h:56->firmware/nnet_utils/nnet_dense_resource.h:253]   --->   Operation 66 'bitconcatenate' 'shl_ln' <Predicate = true> <Delay = 0.00>
ST_1 : Operation 67 [1/1] (0.00ns)   --->   "%zext_ln1118_24 = zext i42 %shl_ln to i43" [firmware/nnet_utils/nnet_mult.h:73->firmware/nnet_utils/nnet_dense_resource.h:56->firmware/nnet_utils/nnet_dense_resource.h:253]   --->   Operation 67 'zext' 'zext_ln1118_24' <Predicate = true> <Delay = 0.00>
ST_1 : Operation 68 [1/1] (0.00ns)   --->   "%shl_ln1118_s = call i34 @_ssdm_op_BitConcatenate.i34.i31.i3(i31 %data_9_V_read_3, i3 0)" [firmware/nnet_utils/nnet_mult.h:73->firmware/nnet_utils/nnet_dense_resource.h:56->firmware/nnet_utils/nnet_dense_resource.h:253]   --->   Operation 68 'bitconcatenate' 'shl_ln1118_s' <Predicate = true> <Delay = 0.00>
ST_1 : Operation 69 [1/1] (0.00ns)   --->   "%zext_ln1118_25 = zext i34 %shl_ln1118_s to i43" [firmware/nnet_utils/nnet_mult.h:73->firmware/nnet_utils/nnet_dense_resource.h:56->firmware/nnet_utils/nnet_dense_resource.h:253]   --->   Operation 69 'zext' 'zext_ln1118_25' <Predicate = true> <Delay = 0.00>
ST_1 : Operation 70 [1/1] (0.67ns)   --->   "%sub_ln1118 = sub i43 %zext_ln1118_25, %zext_ln1118_24" [firmware/nnet_utils/nnet_mult.h:73->firmware/nnet_utils/nnet_dense_resource.h:56->firmware/nnet_utils/nnet_dense_resource.h:253]   --->   Operation 70 'sub' 'sub_ln1118' <Predicate = true> <Delay = 0.67> <Core = "AddSub">   --->   Core 14 'AddSub' <Latency = 0> <II = 1> <Delay = 0.64> <FuncUnit> <Opcode : 'add' 'sub'> <InPorts = 2> <OutPorts = 1>
ST_1 : Operation 71 [1/1] (0.00ns)   --->   "%tmp_3 = call i27 @_ssdm_op_PartSelect.i27.i43.i32.i32(i43 %sub_ln1118, i32 16, i32 42)" [firmware/nnet_utils/nnet_mult.h:73->firmware/nnet_utils/nnet_dense_resource.h:56->firmware/nnet_utils/nnet_dense_resource.h:253]   --->   Operation 71 'partselect' 'tmp_3' <Predicate = true> <Delay = 0.00>
ST_1 : Operation 72 [1/1] (0.00ns)   --->   "%sext_ln1118_1506 = sext i27 %tmp_3 to i28" [firmware/nnet_utils/nnet_mult.h:73->firmware/nnet_utils/nnet_dense_resource.h:56->firmware/nnet_utils/nnet_dense_resource.h:253]   --->   Operation 72 'sext' 'sext_ln1118_1506' <Predicate = true> <Delay = 0.00>
ST_1 : Operation 73 [1/1] (0.00ns)   --->   "%zext_ln1118_26 = zext i31 %data_10_V_read11 to i46" [firmware/nnet_utils/nnet_mult.h:73->firmware/nnet_utils/nnet_dense_resource.h:56->firmware/nnet_utils/nnet_dense_resource.h:253]   --->   Operation 73 'zext' 'zext_ln1118_26' <Predicate = true> <Delay = 0.00>
ST_1 : Operation 74 [1/1] (0.00ns)   --->   "%zext_ln1118_27 = zext i31 %data_10_V_read11 to i44" [firmware/nnet_utils/nnet_mult.h:73->firmware/nnet_utils/nnet_dense_resource.h:56->firmware/nnet_utils/nnet_dense_resource.h:253]   --->   Operation 74 'zext' 'zext_ln1118_27' <Predicate = true> <Delay = 0.00>
ST_1 : Operation 75 [1/1] (3.09ns)   --->   "%mul_ln1118_1799 = mul i44 %zext_ln1118_27, 4363" [firmware/nnet_utils/nnet_mult.h:73->firmware/nnet_utils/nnet_dense_resource.h:56->firmware/nnet_utils/nnet_dense_resource.h:253]   --->   Operation 75 'mul' 'mul_ln1118_1799' <Predicate = true> <Delay = 3.09> <Core = "Mul">   --->   Core 16 'Mul' <Latency = 0> <II = 1> <Delay = 3.09> <FuncUnit> <Opcode : 'mul'> <InPorts = 2> <OutPorts = 1>
ST_1 : Operation 76 [1/1] (0.00ns)   --->   "%tmp_59 = call i28 @_ssdm_op_PartSelect.i28.i44.i32.i32(i44 %mul_ln1118_1799, i32 16, i32 43)" [firmware/nnet_utils/nnet_mult.h:73->firmware/nnet_utils/nnet_dense_resource.h:56->firmware/nnet_utils/nnet_dense_resource.h:253]   --->   Operation 76 'partselect' 'tmp_59' <Predicate = true> <Delay = 0.00>
ST_1 : Operation 77 [1/1] (0.00ns)   --->   "%zext_ln1118_28 = zext i28 %tmp_59 to i29" [firmware/nnet_utils/nnet_mult.h:73->firmware/nnet_utils/nnet_dense_resource.h:56->firmware/nnet_utils/nnet_dense_resource.h:253]   --->   Operation 77 'zext' 'zext_ln1118_28' <Predicate = true> <Delay = 0.00>
ST_1 : Operation 78 [1/1] (0.00ns)   --->   "%zext_ln1118_29 = zext i31 %data_11_V_read12 to i44" [firmware/nnet_utils/nnet_mult.h:73->firmware/nnet_utils/nnet_dense_resource.h:56->firmware/nnet_utils/nnet_dense_resource.h:253]   --->   Operation 78 'zext' 'zext_ln1118_29' <Predicate = true> <Delay = 0.00>
ST_1 : Operation 79 [1/1] (0.00ns)   --->   "%zext_ln1118_30 = zext i31 %data_11_V_read12 to i46" [firmware/nnet_utils/nnet_mult.h:73->firmware/nnet_utils/nnet_dense_resource.h:56->firmware/nnet_utils/nnet_dense_resource.h:253]   --->   Operation 79 'zext' 'zext_ln1118_30' <Predicate = true> <Delay = 0.00>
ST_1 : Operation 80 [1/1] (3.09ns)   --->   "%mul_ln1118_1800 = mul i46 %zext_ln1118_30, 17094" [firmware/nnet_utils/nnet_mult.h:73->firmware/nnet_utils/nnet_dense_resource.h:56->firmware/nnet_utils/nnet_dense_resource.h:253]   --->   Operation 80 'mul' 'mul_ln1118_1800' <Predicate = true> <Delay = 3.09> <Core = "Mul">   --->   Core 16 'Mul' <Latency = 0> <II = 1> <Delay = 3.09> <FuncUnit> <Opcode : 'mul'> <InPorts = 2> <OutPorts = 1>
ST_1 : Operation 81 [1/1] (0.00ns)   --->   "%trunc_ln1118_4 = call i30 @_ssdm_op_PartSelect.i30.i46.i32.i32(i46 %mul_ln1118_1800, i32 16, i32 45)" [firmware/nnet_utils/nnet_mult.h:73->firmware/nnet_utils/nnet_dense_resource.h:56->firmware/nnet_utils/nnet_dense_resource.h:253]   --->   Operation 81 'partselect' 'trunc_ln1118_4' <Predicate = true> <Delay = 0.00>
ST_1 : Operation 82 [1/1] (0.00ns)   --->   "%zext_ln1118_31 = zext i31 %data_12_V_read_3 to i43" [firmware/nnet_utils/nnet_mult.h:73->firmware/nnet_utils/nnet_dense_resource.h:56->firmware/nnet_utils/nnet_dense_resource.h:253]   --->   Operation 82 'zext' 'zext_ln1118_31' <Predicate = true> <Delay = 0.00>
ST_1 : Operation 83 [1/1] (0.00ns)   --->   "%zext_ln1118_32 = zext i31 %data_12_V_read_3 to i46" [firmware/nnet_utils/nnet_mult.h:73->firmware/nnet_utils/nnet_dense_resource.h:56->firmware/nnet_utils/nnet_dense_resource.h:253]   --->   Operation 83 'zext' 'zext_ln1118_32' <Predicate = true> <Delay = 0.00>
ST_1 : Operation 84 [1/1] (3.09ns)   --->   "%mul_ln1118_1801 = mul i46 %zext_ln1118_32, -11738" [firmware/nnet_utils/nnet_mult.h:73->firmware/nnet_utils/nnet_dense_resource.h:56->firmware/nnet_utils/nnet_dense_resource.h:253]   --->   Operation 84 'mul' 'mul_ln1118_1801' <Predicate = true> <Delay = 3.09> <Core = "Mul">   --->   Core 16 'Mul' <Latency = 0> <II = 1> <Delay = 3.09> <FuncUnit> <Opcode : 'mul'> <InPorts = 2> <OutPorts = 1>
ST_1 : Operation 85 [1/1] (0.00ns)   --->   "%tmp_4 = call i30 @_ssdm_op_PartSelect.i30.i46.i32.i32(i46 %mul_ln1118_1801, i32 16, i32 45)" [firmware/nnet_utils/nnet_mult.h:73->firmware/nnet_utils/nnet_dense_resource.h:56->firmware/nnet_utils/nnet_dense_resource.h:253]   --->   Operation 85 'partselect' 'tmp_4' <Predicate = true> <Delay = 0.00>
ST_1 : Operation 86 [1/1] (0.00ns)   --->   "%sext_ln1118_1507 = sext i30 %tmp_4 to i31" [firmware/nnet_utils/nnet_mult.h:73->firmware/nnet_utils/nnet_dense_resource.h:56->firmware/nnet_utils/nnet_dense_resource.h:253]   --->   Operation 86 'sext' 'sext_ln1118_1507' <Predicate = true> <Delay = 0.00>
ST_1 : Operation 87 [1/1] (0.00ns)   --->   "%zext_ln1118_33 = zext i31 %data_13_V_read_3 to i45" [firmware/nnet_utils/nnet_mult.h:73->firmware/nnet_utils/nnet_dense_resource.h:56->firmware/nnet_utils/nnet_dense_resource.h:253]   --->   Operation 87 'zext' 'zext_ln1118_33' <Predicate = true> <Delay = 0.00>
ST_1 : Operation 88 [1/1] (0.00ns)   --->   "%zext_ln1118_34 = zext i31 %data_13_V_read_3 to i46" [firmware/nnet_utils/nnet_mult.h:73->firmware/nnet_utils/nnet_dense_resource.h:56->firmware/nnet_utils/nnet_dense_resource.h:253]   --->   Operation 88 'zext' 'zext_ln1118_34' <Predicate = true> <Delay = 0.00>
ST_1 : Operation 89 [1/1] (0.00ns)   --->   "%zext_ln1118_35 = zext i31 %data_13_V_read_3 to i44" [firmware/nnet_utils/nnet_mult.h:73->firmware/nnet_utils/nnet_dense_resource.h:56->firmware/nnet_utils/nnet_dense_resource.h:253]   --->   Operation 89 'zext' 'zext_ln1118_35' <Predicate = true> <Delay = 0.00>
ST_1 : Operation 90 [1/1] (3.09ns)   --->   "%mul_ln1118_1802 = mul i44 %zext_ln1118_35, 4526" [firmware/nnet_utils/nnet_mult.h:73->firmware/nnet_utils/nnet_dense_resource.h:56->firmware/nnet_utils/nnet_dense_resource.h:253]   --->   Operation 90 'mul' 'mul_ln1118_1802' <Predicate = true> <Delay = 3.09> <Core = "Mul">   --->   Core 16 'Mul' <Latency = 0> <II = 1> <Delay = 3.09> <FuncUnit> <Opcode : 'mul'> <InPorts = 2> <OutPorts = 1>
ST_1 : Operation 91 [1/1] (0.00ns)   --->   "%tmp_60 = call i28 @_ssdm_op_PartSelect.i28.i44.i32.i32(i44 %mul_ln1118_1802, i32 16, i32 43)" [firmware/nnet_utils/nnet_mult.h:73->firmware/nnet_utils/nnet_dense_resource.h:56->firmware/nnet_utils/nnet_dense_resource.h:253]   --->   Operation 91 'partselect' 'tmp_60' <Predicate = true> <Delay = 0.00>
ST_1 : Operation 92 [1/1] (0.00ns)   --->   "%zext_ln1118_36 = zext i28 %tmp_60 to i30" [firmware/nnet_utils/nnet_mult.h:73->firmware/nnet_utils/nnet_dense_resource.h:56->firmware/nnet_utils/nnet_dense_resource.h:253]   --->   Operation 92 'zext' 'zext_ln1118_36' <Predicate = true> <Delay = 0.00>
ST_1 : Operation 93 [1/1] (0.00ns)   --->   "%zext_ln1118_37 = zext i31 %data_14_V_read_3 to i45" [firmware/nnet_utils/nnet_mult.h:73->firmware/nnet_utils/nnet_dense_resource.h:56->firmware/nnet_utils/nnet_dense_resource.h:253]   --->   Operation 93 'zext' 'zext_ln1118_37' <Predicate = true> <Delay = 0.00>
ST_1 : Operation 94 [1/1] (0.00ns)   --->   "%zext_ln1118_38 = zext i31 %data_14_V_read_3 to i47" [firmware/nnet_utils/nnet_mult.h:73->firmware/nnet_utils/nnet_dense_resource.h:56->firmware/nnet_utils/nnet_dense_resource.h:253]   --->   Operation 94 'zext' 'zext_ln1118_38' <Predicate = true> <Delay = 0.00>
ST_1 : Operation 95 [1/1] (0.00ns)   --->   "%zext_ln1118_39 = zext i31 %data_14_V_read_3 to i42" [firmware/nnet_utils/nnet_mult.h:73->firmware/nnet_utils/nnet_dense_resource.h:56->firmware/nnet_utils/nnet_dense_resource.h:253]   --->   Operation 95 'zext' 'zext_ln1118_39' <Predicate = true> <Delay = 0.00>
ST_1 : Operation 96 [1/1] (3.09ns)   --->   "%mul_ln1118_1803 = mul i42 %zext_ln1118_39, 1478" [firmware/nnet_utils/nnet_mult.h:73->firmware/nnet_utils/nnet_dense_resource.h:56->firmware/nnet_utils/nnet_dense_resource.h:253]   --->   Operation 96 'mul' 'mul_ln1118_1803' <Predicate = true> <Delay = 3.09> <Core = "Mul">   --->   Core 16 'Mul' <Latency = 0> <II = 1> <Delay = 3.09> <FuncUnit> <Opcode : 'mul'> <InPorts = 2> <OutPorts = 1>
ST_1 : Operation 97 [1/1] (0.00ns)   --->   "%tmp_61 = call i26 @_ssdm_op_PartSelect.i26.i42.i32.i32(i42 %mul_ln1118_1803, i32 16, i32 41)" [firmware/nnet_utils/nnet_mult.h:73->firmware/nnet_utils/nnet_dense_resource.h:56->firmware/nnet_utils/nnet_dense_resource.h:253]   --->   Operation 97 'partselect' 'tmp_61' <Predicate = true> <Delay = 0.00>
ST_1 : Operation 98 [1/1] (0.00ns)   --->   "%zext_ln1118_40 = zext i26 %tmp_61 to i29" [firmware/nnet_utils/nnet_mult.h:73->firmware/nnet_utils/nnet_dense_resource.h:56->firmware/nnet_utils/nnet_dense_resource.h:253]   --->   Operation 98 'zext' 'zext_ln1118_40' <Predicate = true> <Delay = 0.00>
ST_1 : Operation 99 [1/1] (0.00ns)   --->   "%zext_ln1118_41 = zext i31 %data_15_V_read_3 to i43" [firmware/nnet_utils/nnet_mult.h:73->firmware/nnet_utils/nnet_dense_resource.h:56->firmware/nnet_utils/nnet_dense_resource.h:253]   --->   Operation 99 'zext' 'zext_ln1118_41' <Predicate = true> <Delay = 0.00>
ST_1 : Operation 100 [1/1] (0.00ns)   --->   "%zext_ln1118_42 = zext i31 %data_15_V_read_3 to i44" [firmware/nnet_utils/nnet_mult.h:73->firmware/nnet_utils/nnet_dense_resource.h:56->firmware/nnet_utils/nnet_dense_resource.h:253]   --->   Operation 100 'zext' 'zext_ln1118_42' <Predicate = true> <Delay = 0.00>
ST_1 : Operation 101 [1/1] (0.00ns)   --->   "%zext_ln1118_43 = zext i31 %data_15_V_read_3 to i45" [firmware/nnet_utils/nnet_mult.h:73->firmware/nnet_utils/nnet_dense_resource.h:56->firmware/nnet_utils/nnet_dense_resource.h:253]   --->   Operation 101 'zext' 'zext_ln1118_43' <Predicate = true> <Delay = 0.00>
ST_1 : Operation 102 [1/1] (3.09ns)   --->   "%mul_ln1118_1804 = mul i45 %zext_ln1118_43, 8394" [firmware/nnet_utils/nnet_mult.h:73->firmware/nnet_utils/nnet_dense_resource.h:56->firmware/nnet_utils/nnet_dense_resource.h:253]   --->   Operation 102 'mul' 'mul_ln1118_1804' <Predicate = true> <Delay = 3.09> <Core = "Mul">   --->   Core 16 'Mul' <Latency = 0> <II = 1> <Delay = 3.09> <FuncUnit> <Opcode : 'mul'> <InPorts = 2> <OutPorts = 1>
ST_1 : Operation 103 [1/1] (0.00ns)   --->   "%trunc_ln2 = call i29 @_ssdm_op_PartSelect.i29.i45.i32.i32(i45 %mul_ln1118_1804, i32 16, i32 44)" [firmware/nnet_utils/nnet_dense_resource.h:56->firmware/nnet_utils/nnet_dense_resource.h:253]   --->   Operation 103 'partselect' 'trunc_ln2' <Predicate = true> <Delay = 0.00>
ST_1 : Operation 104 [1/1] (0.66ns)   --->   "%add_ln703 = add i32 %sext_ln708, %zext_ln708" [firmware/nnet_utils/nnet_dense_resource.h:56->firmware/nnet_utils/nnet_dense_resource.h:253]   --->   Operation 104 'add' 'add_ln703' <Predicate = true> <Delay = 0.66> <Core = "AddSub">   --->   Core 14 'AddSub' <Latency = 0> <II = 1> <Delay = 0.64> <FuncUnit> <Opcode : 'add' 'sub'> <InPorts = 2> <OutPorts = 1>
ST_1 : Operation 105 [1/1] (0.66ns)   --->   "%add_ln703_1824 = add i32 %sext_ln708_404, %zext_ln708_1" [firmware/nnet_utils/nnet_dense_resource.h:56->firmware/nnet_utils/nnet_dense_resource.h:253]   --->   Operation 105 'add' 'add_ln703_1824' <Predicate = true> <Delay = 0.66> <Core = "AddSub">   --->   Core 14 'AddSub' <Latency = 0> <II = 1> <Delay = 0.64> <FuncUnit> <Opcode : 'add' 'sub'> <InPorts = 2> <OutPorts = 1>
ST_1 : Operation 106 [1/1] (0.00ns) (grouped into TernaryAdder)   --->   "%add_ln703_1825 = add i32 %add_ln703, %add_ln703_1824" [firmware/nnet_utils/nnet_dense_resource.h:56->firmware/nnet_utils/nnet_dense_resource.h:253]   --->   Operation 106 'add' 'add_ln703_1825' <Predicate = true> <Delay = 0.00> <Core = "TAddSub">   --->   Core 83 'TAddSub' <Latency = 0> <II = 1> <Delay = 0.36> <IPBlock> <Opcode : 'add' 'sub'> <InPorts = 3> <OutPorts = 1> <Sync> <CReg>
ST_1 : Operation 107 [1/1] (0.64ns)   --->   "%add_ln703_1826 = add i28 %zext_ln1118_19, %trunc_ln1" [firmware/nnet_utils/nnet_dense_resource.h:56->firmware/nnet_utils/nnet_dense_resource.h:253]   --->   Operation 107 'add' 'add_ln703_1826' <Predicate = true> <Delay = 0.64> <Core = "AddSub">   --->   Core 14 'AddSub' <Latency = 0> <II = 1> <Delay = 0.64> <FuncUnit> <Opcode : 'add' 'sub'> <InPorts = 2> <OutPorts = 1>
ST_1 : Operation 108 [1/1] (0.00ns)   --->   "%zext_ln703 = zext i28 %add_ln703_1826 to i30" [firmware/nnet_utils/nnet_dense_resource.h:56->firmware/nnet_utils/nnet_dense_resource.h:253]   --->   Operation 108 'zext' 'zext_ln703' <Predicate = true> <Delay = 0.00>
ST_1 : Operation 109 [1/1] (0.64ns)   --->   "%add_ln703_1827 = add i29 %zext_ln1118_28, %zext_ln1118_22" [firmware/nnet_utils/nnet_dense_resource.h:56->firmware/nnet_utils/nnet_dense_resource.h:253]   --->   Operation 109 'add' 'add_ln703_1827' <Predicate = true> <Delay = 0.64> <Core = "AddSub">   --->   Core 14 'AddSub' <Latency = 0> <II = 1> <Delay = 0.64> <FuncUnit> <Opcode : 'add' 'sub'> <InPorts = 2> <OutPorts = 1>
ST_1 : Operation 110 [1/1] (0.00ns)   --->   "%zext_ln703_1 = zext i29 %add_ln703_1827 to i30" [firmware/nnet_utils/nnet_dense_resource.h:56->firmware/nnet_utils/nnet_dense_resource.h:253]   --->   Operation 110 'zext' 'zext_ln703_1' <Predicate = true> <Delay = 0.00>
ST_1 : Operation 111 [1/1] (0.64ns)   --->   "%add_ln703_1828 = add i30 %zext_ln703, %zext_ln703_1" [firmware/nnet_utils/nnet_dense_resource.h:56->firmware/nnet_utils/nnet_dense_resource.h:253]   --->   Operation 111 'add' 'add_ln703_1828' <Predicate = true> <Delay = 0.64> <Core = "AddSub">   --->   Core 14 'AddSub' <Latency = 0> <II = 1> <Delay = 0.64> <FuncUnit> <Opcode : 'add' 'sub'> <InPorts = 2> <OutPorts = 1>
ST_1 : Operation 112 [1/1] (0.00ns)   --->   "%zext_ln703_2 = zext i30 %add_ln703_1828 to i32" [firmware/nnet_utils/nnet_dense_resource.h:56->firmware/nnet_utils/nnet_dense_resource.h:253]   --->   Operation 112 'zext' 'zext_ln703_2' <Predicate = true> <Delay = 0.00>
ST_1 : Operation 113 [1/1] (0.73ns) (root node of TernaryAdder)   --->   "%add_ln703_1829 = add i32 %add_ln703_1825, %zext_ln703_2" [firmware/nnet_utils/nnet_dense_resource.h:56->firmware/nnet_utils/nnet_dense_resource.h:253]   --->   Operation 113 'add' 'add_ln703_1829' <Predicate = true> <Delay = 0.73> <Core = "TAddSub">   --->   Core 83 'TAddSub' <Latency = 0> <II = 1> <Delay = 0.36> <IPBlock> <Opcode : 'add' 'sub'> <InPorts = 3> <OutPorts = 1> <Sync> <CReg>
ST_1 : Operation 114 [1/1] (0.00ns) (grouped into TernaryAdder)   --->   "%add_ln703_1830 = add i30 %zext_ln1118_36, %trunc_ln1118_4" [firmware/nnet_utils/nnet_dense_resource.h:56->firmware/nnet_utils/nnet_dense_resource.h:253]   --->   Operation 114 'add' 'add_ln703_1830' <Predicate = true> <Delay = 0.00> <Core = "TAddSub">   --->   Core 83 'TAddSub' <Latency = 0> <II = 1> <Delay = 0.36> <IPBlock> <Opcode : 'add' 'sub'> <InPorts = 3> <OutPorts = 1> <Sync> <CReg>
ST_1 : Operation 115 [1/1] (0.64ns)   --->   "%add_ln703_1831 = add i29 %trunc_ln2, %zext_ln1118_40" [firmware/nnet_utils/nnet_dense_resource.h:56->firmware/nnet_utils/nnet_dense_resource.h:253]   --->   Operation 115 'add' 'add_ln703_1831' <Predicate = true> <Delay = 0.64> <Core = "AddSub">   --->   Core 14 'AddSub' <Latency = 0> <II = 1> <Delay = 0.64> <FuncUnit> <Opcode : 'add' 'sub'> <InPorts = 2> <OutPorts = 1>
ST_1 : Operation 116 [1/1] (0.00ns)   --->   "%zext_ln703_3 = zext i29 %add_ln703_1831 to i30" [firmware/nnet_utils/nnet_dense_resource.h:56->firmware/nnet_utils/nnet_dense_resource.h:253]   --->   Operation 116 'zext' 'zext_ln703_3' <Predicate = true> <Delay = 0.00>
ST_1 : Operation 117 [1/1] (0.72ns) (root node of TernaryAdder)   --->   "%add_ln703_1832 = add i30 %add_ln703_1830, %zext_ln703_3" [firmware/nnet_utils/nnet_dense_resource.h:56->firmware/nnet_utils/nnet_dense_resource.h:253]   --->   Operation 117 'add' 'add_ln703_1832' <Predicate = true> <Delay = 0.72> <Core = "TAddSub">   --->   Core 83 'TAddSub' <Latency = 0> <II = 1> <Delay = 0.36> <IPBlock> <Opcode : 'add' 'sub'> <InPorts = 3> <OutPorts = 1> <Sync> <CReg>
ST_1 : Operation 118 [1/1] (0.00ns)   --->   "%zext_ln703_4 = zext i30 %add_ln703_1832 to i32" [firmware/nnet_utils/nnet_dense_resource.h:56->firmware/nnet_utils/nnet_dense_resource.h:253]   --->   Operation 118 'zext' 'zext_ln703_4' <Predicate = true> <Delay = 0.00>
ST_1 : Operation 119 [1/1] (0.65ns)   --->   "%add_ln703_1833 = add i31 %sext_ln1118_1507, %sext_ln1118" [firmware/nnet_utils/nnet_dense_resource.h:56->firmware/nnet_utils/nnet_dense_resource.h:253]   --->   Operation 119 'add' 'add_ln703_1833' <Predicate = true> <Delay = 0.65> <Core = "AddSub">   --->   Core 14 'AddSub' <Latency = 0> <II = 1> <Delay = 0.64> <FuncUnit> <Opcode : 'add' 'sub'> <InPorts = 2> <OutPorts = 1>
ST_1 : Operation 120 [1/1] (0.00ns)   --->   "%sext_ln703 = sext i31 %add_ln703_1833 to i32" [firmware/nnet_utils/nnet_dense_resource.h:56->firmware/nnet_utils/nnet_dense_resource.h:253]   --->   Operation 120 'sext' 'sext_ln703' <Predicate = true> <Delay = 0.00>
ST_1 : Operation 121 [1/1] (0.63ns)   --->   "%add_ln703_1834 = add i28 %sext_ln1118_1506, 27418" [firmware/nnet_utils/nnet_dense_resource.h:56->firmware/nnet_utils/nnet_dense_resource.h:253]   --->   Operation 121 'add' 'add_ln703_1834' <Predicate = true> <Delay = 0.63> <Core = "AddSub">   --->   Core 14 'AddSub' <Latency = 0> <II = 1> <Delay = 0.64> <FuncUnit> <Opcode : 'add' 'sub'> <InPorts = 2> <OutPorts = 1>
ST_1 : Operation 122 [1/1] (0.00ns)   --->   "%sext_ln703_806 = sext i28 %add_ln703_1834 to i29" [firmware/nnet_utils/nnet_dense_resource.h:56->firmware/nnet_utils/nnet_dense_resource.h:253]   --->   Operation 122 'sext' 'sext_ln703_806' <Predicate = true> <Delay = 0.00>
ST_1 : Operation 123 [1/1] (0.64ns)   --->   "%add_ln703_1835 = add i29 %sext_ln1118_1505, %sext_ln703_806" [firmware/nnet_utils/nnet_dense_resource.h:56->firmware/nnet_utils/nnet_dense_resource.h:253]   --->   Operation 123 'add' 'add_ln703_1835' <Predicate = true> <Delay = 0.64> <Core = "AddSub">   --->   Core 14 'AddSub' <Latency = 0> <II = 1> <Delay = 0.64> <FuncUnit> <Opcode : 'add' 'sub'> <InPorts = 2> <OutPorts = 1>
ST_1 : Operation 124 [1/1] (0.00ns)   --->   "%sext_ln703_805 = sext i29 %add_ln703_1835 to i32" [firmware/nnet_utils/nnet_dense_resource.h:56->firmware/nnet_utils/nnet_dense_resource.h:253]   --->   Operation 124 'sext' 'sext_ln703_805' <Predicate = true> <Delay = 0.00>
ST_1 : Operation 125 [1/1] (0.66ns)   --->   "%add_ln703_1836 = add i32 %sext_ln703, %sext_ln703_805" [firmware/nnet_utils/nnet_dense_resource.h:56->firmware/nnet_utils/nnet_dense_resource.h:253]   --->   Operation 125 'add' 'add_ln703_1836' <Predicate = true> <Delay = 0.66> <Core = "AddSub">   --->   Core 14 'AddSub' <Latency = 0> <II = 1> <Delay = 0.64> <FuncUnit> <Opcode : 'add' 'sub'> <InPorts = 2> <OutPorts = 1>
ST_1 : Operation 126 [1/1] (0.00ns) (grouped into TernaryAdder)   --->   "%add_ln703_1837 = add i32 %zext_ln703_4, %add_ln703_1836" [firmware/nnet_utils/nnet_dense_resource.h:56->firmware/nnet_utils/nnet_dense_resource.h:253]   --->   Operation 126 'add' 'add_ln703_1837' <Predicate = true> <Delay = 0.00> <Core = "TAddSub">   --->   Core 83 'TAddSub' <Latency = 0> <II = 1> <Delay = 0.36> <IPBlock> <Opcode : 'add' 'sub'> <InPorts = 3> <OutPorts = 1> <Sync> <CReg>
ST_1 : Operation 127 [1/1] (0.73ns) (root node of TernaryAdder)   --->   "%add_ln703_1838 = add i32 %add_ln703_1829, %add_ln703_1837" [firmware/nnet_utils/nnet_dense_resource.h:56->firmware/nnet_utils/nnet_dense_resource.h:253]   --->   Operation 127 'add' 'add_ln703_1838' <Predicate = true> <Delay = 0.73> <Core = "TAddSub">   --->   Core 83 'TAddSub' <Latency = 0> <II = 1> <Delay = 0.36> <IPBlock> <Opcode : 'add' 'sub'> <InPorts = 3> <OutPorts = 1> <Sync> <CReg>
ST_1 : Operation 128 [1/1] (3.09ns)   --->   "%mul_ln1118_1805 = mul i47 %zext_ln1118, -19313" [firmware/nnet_utils/nnet_mult.h:73->firmware/nnet_utils/nnet_dense_resource.h:56->firmware/nnet_utils/nnet_dense_resource.h:253]   --->   Operation 128 'mul' 'mul_ln1118_1805' <Predicate = true> <Delay = 3.09> <Core = "Mul">   --->   Core 16 'Mul' <Latency = 0> <II = 1> <Delay = 3.09> <FuncUnit> <Opcode : 'mul'> <InPorts = 2> <OutPorts = 1>
ST_1 : Operation 129 [1/1] (0.00ns)   --->   "%trunc_ln708_1823 = call i31 @_ssdm_op_PartSelect.i31.i47.i32.i32(i47 %mul_ln1118_1805, i32 16, i32 46)" [firmware/nnet_utils/nnet_dense_resource.h:56->firmware/nnet_utils/nnet_dense_resource.h:253]   --->   Operation 129 'partselect' 'trunc_ln708_1823' <Predicate = true> <Delay = 0.00>
ST_1 : Operation 130 [1/1] (0.00ns)   --->   "%sext_ln708_405 = sext i31 %trunc_ln708_1823 to i32" [firmware/nnet_utils/nnet_dense_resource.h:56->firmware/nnet_utils/nnet_dense_resource.h:253]   --->   Operation 130 'sext' 'sext_ln708_405' <Predicate = true> <Delay = 0.00>
ST_1 : Operation 131 [1/1] (3.09ns)   --->   "%mul_ln1118_1806 = mul i45 %zext_ln1118_3, 9193" [firmware/nnet_utils/nnet_mult.h:73->firmware/nnet_utils/nnet_dense_resource.h:56->firmware/nnet_utils/nnet_dense_resource.h:253]   --->   Operation 131 'mul' 'mul_ln1118_1806' <Predicate = true> <Delay = 3.09> <Core = "Mul">   --->   Core 16 'Mul' <Latency = 0> <II = 1> <Delay = 3.09> <FuncUnit> <Opcode : 'mul'> <InPorts = 2> <OutPorts = 1>
ST_1 : Operation 132 [1/1] (0.00ns)   --->   "%tmp_62 = call i29 @_ssdm_op_PartSelect.i29.i45.i32.i32(i45 %mul_ln1118_1806, i32 16, i32 44)" [firmware/nnet_utils/nnet_dense_resource.h:56->firmware/nnet_utils/nnet_dense_resource.h:253]   --->   Operation 132 'partselect' 'tmp_62' <Predicate = true> <Delay = 0.00>
ST_1 : Operation 133 [1/1] (0.00ns)   --->   "%zext_ln708_2 = zext i29 %tmp_62 to i32" [firmware/nnet_utils/nnet_dense_resource.h:56->firmware/nnet_utils/nnet_dense_resource.h:253]   --->   Operation 133 'zext' 'zext_ln708_2' <Predicate = true> <Delay = 0.00>
ST_1 : Operation 134 [1/1] (3.09ns)   --->   "%mul_ln1118_1807 = mul i46 %zext_ln1118_5, 21386" [firmware/nnet_utils/nnet_mult.h:73->firmware/nnet_utils/nnet_dense_resource.h:56->firmware/nnet_utils/nnet_dense_resource.h:253]   --->   Operation 134 'mul' 'mul_ln1118_1807' <Predicate = true> <Delay = 3.09> <Core = "Mul">   --->   Core 16 'Mul' <Latency = 0> <II = 1> <Delay = 3.09> <FuncUnit> <Opcode : 'mul'> <InPorts = 2> <OutPorts = 1>
ST_1 : Operation 135 [1/1] (0.00ns)   --->   "%tmp_63 = call i30 @_ssdm_op_PartSelect.i30.i46.i32.i32(i46 %mul_ln1118_1807, i32 16, i32 45)" [firmware/nnet_utils/nnet_mult.h:73->firmware/nnet_utils/nnet_dense_resource.h:56->firmware/nnet_utils/nnet_dense_resource.h:253]   --->   Operation 135 'partselect' 'tmp_63' <Predicate = true> <Delay = 0.00>
ST_1 : Operation 136 [1/1] (0.00ns)   --->   "%zext_ln1118_44 = zext i30 %tmp_63 to i31" [firmware/nnet_utils/nnet_mult.h:73->firmware/nnet_utils/nnet_dense_resource.h:56->firmware/nnet_utils/nnet_dense_resource.h:253]   --->   Operation 136 'zext' 'zext_ln1118_44' <Predicate = true> <Delay = 0.00>
ST_1 : Operation 137 [1/1] (0.00ns)   --->   "%zext_ln1118_45 = zext i31 %data_3_V_read_3 to i46" [firmware/nnet_utils/nnet_mult.h:73->firmware/nnet_utils/nnet_dense_resource.h:56->firmware/nnet_utils/nnet_dense_resource.h:253]   --->   Operation 137 'zext' 'zext_ln1118_45' <Predicate = true> <Delay = 0.00>
ST_1 : Operation 138 [1/1] (3.09ns)   --->   "%mul_ln1118_1808 = mul i46 %zext_ln1118_45, 27693" [firmware/nnet_utils/nnet_mult.h:73->firmware/nnet_utils/nnet_dense_resource.h:56->firmware/nnet_utils/nnet_dense_resource.h:253]   --->   Operation 138 'mul' 'mul_ln1118_1808' <Predicate = true> <Delay = 3.09> <Core = "Mul">   --->   Core 16 'Mul' <Latency = 0> <II = 1> <Delay = 3.09> <FuncUnit> <Opcode : 'mul'> <InPorts = 2> <OutPorts = 1>
ST_1 : Operation 139 [1/1] (0.00ns)   --->   "%tmp_64 = call i30 @_ssdm_op_PartSelect.i30.i46.i32.i32(i46 %mul_ln1118_1808, i32 16, i32 45)" [firmware/nnet_utils/nnet_mult.h:73->firmware/nnet_utils/nnet_dense_resource.h:56->firmware/nnet_utils/nnet_dense_resource.h:253]   --->   Operation 139 'partselect' 'tmp_64' <Predicate = true> <Delay = 0.00>
ST_1 : Operation 140 [1/1] (0.00ns)   --->   "%zext_ln1118_46 = zext i30 %tmp_64 to i31" [firmware/nnet_utils/nnet_mult.h:73->firmware/nnet_utils/nnet_dense_resource.h:56->firmware/nnet_utils/nnet_dense_resource.h:253]   --->   Operation 140 'zext' 'zext_ln1118_46' <Predicate = true> <Delay = 0.00>
ST_1 : Operation 141 [1/1] (3.09ns)   --->   "%mul_ln1118_1809 = mul i48 %zext_ln1118_9, -37498" [firmware/nnet_utils/nnet_mult.h:73->firmware/nnet_utils/nnet_dense_resource.h:56->firmware/nnet_utils/nnet_dense_resource.h:253]   --->   Operation 141 'mul' 'mul_ln1118_1809' <Predicate = true> <Delay = 3.09> <Core = "Mul">   --->   Core 16 'Mul' <Latency = 0> <II = 1> <Delay = 3.09> <FuncUnit> <Opcode : 'mul'> <InPorts = 2> <OutPorts = 1>
ST_1 : Operation 142 [1/1] (0.00ns)   --->   "%trunc_ln708_1824 = call i32 @_ssdm_op_PartSelect.i32.i48.i32.i32(i48 %mul_ln1118_1809, i32 16, i32 47)" [firmware/nnet_utils/nnet_dense_resource.h:56->firmware/nnet_utils/nnet_dense_resource.h:253]   --->   Operation 142 'partselect' 'trunc_ln708_1824' <Predicate = true> <Delay = 0.00>
ST_1 : Operation 143 [1/1] (3.09ns)   --->   "%mul_ln1118_1810 = mul i43 %zext_ln1118_12, -1790" [firmware/nnet_utils/nnet_mult.h:73->firmware/nnet_utils/nnet_dense_resource.h:56->firmware/nnet_utils/nnet_dense_resource.h:253]   --->   Operation 143 'mul' 'mul_ln1118_1810' <Predicate = true> <Delay = 3.09> <Core = "Mul">   --->   Core 16 'Mul' <Latency = 0> <II = 1> <Delay = 3.09> <FuncUnit> <Opcode : 'mul'> <InPorts = 2> <OutPorts = 1>
ST_1 : Operation 144 [1/1] (0.00ns)   --->   "%tmp_5 = call i27 @_ssdm_op_PartSelect.i27.i43.i32.i32(i43 %mul_ln1118_1810, i32 16, i32 42)" [firmware/nnet_utils/nnet_mult.h:73->firmware/nnet_utils/nnet_dense_resource.h:56->firmware/nnet_utils/nnet_dense_resource.h:253]   --->   Operation 144 'partselect' 'tmp_5' <Predicate = true> <Delay = 0.00>
ST_1 : Operation 145 [1/1] (0.00ns)   --->   "%sext_ln1118_1508 = sext i27 %tmp_5 to i28" [firmware/nnet_utils/nnet_mult.h:73->firmware/nnet_utils/nnet_dense_resource.h:56->firmware/nnet_utils/nnet_dense_resource.h:253]   --->   Operation 145 'sext' 'sext_ln1118_1508' <Predicate = true> <Delay = 0.00>
ST_1 : Operation 146 [1/1] (3.09ns)   --->   "%mul_ln1118_1811 = mul i45 %zext_ln1118_15, -4634" [firmware/nnet_utils/nnet_mult.h:73->firmware/nnet_utils/nnet_dense_resource.h:56->firmware/nnet_utils/nnet_dense_resource.h:253]   --->   Operation 146 'mul' 'mul_ln1118_1811' <Predicate = true> <Delay = 3.09> <Core = "Mul">   --->   Core 16 'Mul' <Latency = 0> <II = 1> <Delay = 3.09> <FuncUnit> <Opcode : 'mul'> <InPorts = 2> <OutPorts = 1>
ST_1 : Operation 147 [1/1] (0.00ns)   --->   "%tmp_6 = call i29 @_ssdm_op_PartSelect.i29.i45.i32.i32(i45 %mul_ln1118_1811, i32 16, i32 44)" [firmware/nnet_utils/nnet_mult.h:73->firmware/nnet_utils/nnet_dense_resource.h:56->firmware/nnet_utils/nnet_dense_resource.h:253]   --->   Operation 147 'partselect' 'tmp_6' <Predicate = true> <Delay = 0.00>
ST_1 : Operation 148 [1/1] (0.00ns)   --->   "%sext_ln1118_1509 = sext i29 %tmp_6 to i31" [firmware/nnet_utils/nnet_mult.h:73->firmware/nnet_utils/nnet_dense_resource.h:56->firmware/nnet_utils/nnet_dense_resource.h:253]   --->   Operation 148 'sext' 'sext_ln1118_1509' <Predicate = true> <Delay = 0.00>
ST_1 : Operation 149 [1/1] (3.09ns)   --->   "%mul_ln1118_1812 = mul i47 %zext_ln1118_17, -23434" [firmware/nnet_utils/nnet_mult.h:73->firmware/nnet_utils/nnet_dense_resource.h:56->firmware/nnet_utils/nnet_dense_resource.h:253]   --->   Operation 149 'mul' 'mul_ln1118_1812' <Predicate = true> <Delay = 3.09> <Core = "Mul">   --->   Core 16 'Mul' <Latency = 0> <II = 1> <Delay = 3.09> <FuncUnit> <Opcode : 'mul'> <InPorts = 2> <OutPorts = 1>
ST_1 : Operation 150 [1/1] (0.00ns)   --->   "%trunc_ln708_1825 = call i31 @_ssdm_op_PartSelect.i31.i47.i32.i32(i47 %mul_ln1118_1812, i32 16, i32 46)" [firmware/nnet_utils/nnet_dense_resource.h:56->firmware/nnet_utils/nnet_dense_resource.h:253]   --->   Operation 150 'partselect' 'trunc_ln708_1825' <Predicate = true> <Delay = 0.00>
ST_1 : Operation 151 [1/1] (0.00ns)   --->   "%sext_ln708_406 = sext i31 %trunc_ln708_1825 to i32" [firmware/nnet_utils/nnet_dense_resource.h:56->firmware/nnet_utils/nnet_dense_resource.h:253]   --->   Operation 151 'sext' 'sext_ln708_406' <Predicate = true> <Delay = 0.00>
ST_1 : Operation 152 [1/1] (3.09ns)   --->   "%mul_ln1118_1813 = mul i46 %zext_ln1118_20, -10830" [firmware/nnet_utils/nnet_mult.h:73->firmware/nnet_utils/nnet_dense_resource.h:56->firmware/nnet_utils/nnet_dense_resource.h:253]   --->   Operation 152 'mul' 'mul_ln1118_1813' <Predicate = true> <Delay = 3.09> <Core = "Mul">   --->   Core 16 'Mul' <Latency = 0> <II = 1> <Delay = 3.09> <FuncUnit> <Opcode : 'mul'> <InPorts = 2> <OutPorts = 1>
ST_1 : Operation 153 [1/1] (0.00ns)   --->   "%tmp_7 = call i30 @_ssdm_op_PartSelect.i30.i46.i32.i32(i46 %mul_ln1118_1813, i32 16, i32 45)" [firmware/nnet_utils/nnet_mult.h:73->firmware/nnet_utils/nnet_dense_resource.h:56->firmware/nnet_utils/nnet_dense_resource.h:253]   --->   Operation 153 'partselect' 'tmp_7' <Predicate = true> <Delay = 0.00>
ST_1 : Operation 154 [1/1] (0.00ns)   --->   "%sext_ln1118_1510 = sext i30 %tmp_7 to i31" [firmware/nnet_utils/nnet_mult.h:73->firmware/nnet_utils/nnet_dense_resource.h:56->firmware/nnet_utils/nnet_dense_resource.h:253]   --->   Operation 154 'sext' 'sext_ln1118_1510' <Predicate = true> <Delay = 0.00>
ST_1 : Operation 155 [1/1] (0.00ns)   --->   "%zext_ln1118_47 = zext i31 %data_9_V_read_3 to i46" [firmware/nnet_utils/nnet_mult.h:73->firmware/nnet_utils/nnet_dense_resource.h:56->firmware/nnet_utils/nnet_dense_resource.h:253]   --->   Operation 155 'zext' 'zext_ln1118_47' <Predicate = true> <Delay = 0.00>
ST_1 : Operation 156 [1/1] (3.09ns)   --->   "%mul_ln1118_1814 = mul i46 %zext_ln1118_47, 26688" [firmware/nnet_utils/nnet_mult.h:73->firmware/nnet_utils/nnet_dense_resource.h:56->firmware/nnet_utils/nnet_dense_resource.h:253]   --->   Operation 156 'mul' 'mul_ln1118_1814' <Predicate = true> <Delay = 3.09> <Core = "Mul">   --->   Core 16 'Mul' <Latency = 0> <II = 1> <Delay = 3.09> <FuncUnit> <Opcode : 'mul'> <InPorts = 2> <OutPorts = 1>
ST_1 : Operation 157 [1/1] (0.00ns)   --->   "%tmp_65 = call i30 @_ssdm_op_PartSelect.i30.i46.i32.i32(i46 %mul_ln1118_1814, i32 16, i32 45)" [firmware/nnet_utils/nnet_mult.h:73->firmware/nnet_utils/nnet_dense_resource.h:56->firmware/nnet_utils/nnet_dense_resource.h:253]   --->   Operation 157 'partselect' 'tmp_65' <Predicate = true> <Delay = 0.00>
ST_1 : Operation 158 [1/1] (0.00ns)   --->   "%zext_ln1118_48 = zext i30 %tmp_65 to i31" [firmware/nnet_utils/nnet_mult.h:73->firmware/nnet_utils/nnet_dense_resource.h:56->firmware/nnet_utils/nnet_dense_resource.h:253]   --->   Operation 158 'zext' 'zext_ln1118_48' <Predicate = true> <Delay = 0.00>
ST_1 : Operation 159 [1/1] (3.09ns)   --->   "%mul_ln1118_1815 = mul i44 %zext_ln1118_27, -2907" [firmware/nnet_utils/nnet_mult.h:73->firmware/nnet_utils/nnet_dense_resource.h:56->firmware/nnet_utils/nnet_dense_resource.h:253]   --->   Operation 159 'mul' 'mul_ln1118_1815' <Predicate = true> <Delay = 3.09> <Core = "Mul">   --->   Core 16 'Mul' <Latency = 0> <II = 1> <Delay = 3.09> <FuncUnit> <Opcode : 'mul'> <InPorts = 2> <OutPorts = 1>
ST_1 : Operation 160 [1/1] (0.00ns)   --->   "%tmp_8 = call i28 @_ssdm_op_PartSelect.i28.i44.i32.i32(i44 %mul_ln1118_1815, i32 16, i32 43)" [firmware/nnet_utils/nnet_mult.h:73->firmware/nnet_utils/nnet_dense_resource.h:56->firmware/nnet_utils/nnet_dense_resource.h:253]   --->   Operation 160 'partselect' 'tmp_8' <Predicate = true> <Delay = 0.00>
ST_1 : Operation 161 [1/1] (0.00ns)   --->   "%sext_ln1118_1511 = sext i28 %tmp_8 to i29" [firmware/nnet_utils/nnet_mult.h:73->firmware/nnet_utils/nnet_dense_resource.h:56->firmware/nnet_utils/nnet_dense_resource.h:253]   --->   Operation 161 'sext' 'sext_ln1118_1511' <Predicate = true> <Delay = 0.00>
ST_1 : Operation 162 [1/1] (3.09ns)   --->   "%mul_ln1118_1816 = mul i44 %zext_ln1118_29, 7606" [firmware/nnet_utils/nnet_mult.h:73->firmware/nnet_utils/nnet_dense_resource.h:56->firmware/nnet_utils/nnet_dense_resource.h:253]   --->   Operation 162 'mul' 'mul_ln1118_1816' <Predicate = true> <Delay = 3.09> <Core = "Mul">   --->   Core 16 'Mul' <Latency = 0> <II = 1> <Delay = 3.09> <FuncUnit> <Opcode : 'mul'> <InPorts = 2> <OutPorts = 1>
ST_1 : Operation 163 [1/1] (0.00ns)   --->   "%tmp_66 = call i28 @_ssdm_op_PartSelect.i28.i44.i32.i32(i44 %mul_ln1118_1816, i32 16, i32 43)" [firmware/nnet_utils/nnet_mult.h:73->firmware/nnet_utils/nnet_dense_resource.h:56->firmware/nnet_utils/nnet_dense_resource.h:253]   --->   Operation 163 'partselect' 'tmp_66' <Predicate = true> <Delay = 0.00>
ST_1 : Operation 164 [1/1] (0.00ns)   --->   "%zext_ln1118_49 = zext i28 %tmp_66 to i31" [firmware/nnet_utils/nnet_mult.h:73->firmware/nnet_utils/nnet_dense_resource.h:56->firmware/nnet_utils/nnet_dense_resource.h:253]   --->   Operation 164 'zext' 'zext_ln1118_49' <Predicate = true> <Delay = 0.00>
ST_1 : Operation 165 [1/1] (3.09ns)   --->   "%mul_ln1118_1817 = mul i46 %zext_ln1118_32, -8781" [firmware/nnet_utils/nnet_mult.h:73->firmware/nnet_utils/nnet_dense_resource.h:56->firmware/nnet_utils/nnet_dense_resource.h:253]   --->   Operation 165 'mul' 'mul_ln1118_1817' <Predicate = true> <Delay = 3.09> <Core = "Mul">   --->   Core 16 'Mul' <Latency = 0> <II = 1> <Delay = 3.09> <FuncUnit> <Opcode : 'mul'> <InPorts = 2> <OutPorts = 1>
ST_1 : Operation 166 [1/1] (0.00ns)   --->   "%tmp_9 = call i30 @_ssdm_op_PartSelect.i30.i46.i32.i32(i46 %mul_ln1118_1817, i32 16, i32 45)" [firmware/nnet_utils/nnet_mult.h:73->firmware/nnet_utils/nnet_dense_resource.h:56->firmware/nnet_utils/nnet_dense_resource.h:253]   --->   Operation 166 'partselect' 'tmp_9' <Predicate = true> <Delay = 0.00>
ST_1 : Operation 167 [1/1] (0.00ns)   --->   "%sext_ln1118_1512 = sext i30 %tmp_9 to i31" [firmware/nnet_utils/nnet_mult.h:73->firmware/nnet_utils/nnet_dense_resource.h:56->firmware/nnet_utils/nnet_dense_resource.h:253]   --->   Operation 167 'sext' 'sext_ln1118_1512' <Predicate = true> <Delay = 0.00>
ST_1 : Operation 168 [1/1] (3.09ns)   --->   "%mul_ln1118_1818 = mul i46 %zext_ln1118_34, 30415" [firmware/nnet_utils/nnet_mult.h:73->firmware/nnet_utils/nnet_dense_resource.h:56->firmware/nnet_utils/nnet_dense_resource.h:253]   --->   Operation 168 'mul' 'mul_ln1118_1818' <Predicate = true> <Delay = 3.09> <Core = "Mul">   --->   Core 16 'Mul' <Latency = 0> <II = 1> <Delay = 3.09> <FuncUnit> <Opcode : 'mul'> <InPorts = 2> <OutPorts = 1>
ST_1 : Operation 169 [1/1] (0.00ns)   --->   "%tmp_67 = call i30 @_ssdm_op_PartSelect.i30.i46.i32.i32(i46 %mul_ln1118_1818, i32 16, i32 45)" [firmware/nnet_utils/nnet_dense_resource.h:56->firmware/nnet_utils/nnet_dense_resource.h:253]   --->   Operation 169 'partselect' 'tmp_67' <Predicate = true> <Delay = 0.00>
ST_1 : Operation 170 [1/1] (0.00ns)   --->   "%zext_ln708_3 = zext i30 %tmp_67 to i32" [firmware/nnet_utils/nnet_dense_resource.h:56->firmware/nnet_utils/nnet_dense_resource.h:253]   --->   Operation 170 'zext' 'zext_ln708_3' <Predicate = true> <Delay = 0.00>
ST_1 : Operation 171 [1/1] (3.09ns)   --->   "%mul_ln1118_1819 = mul i47 %zext_ln1118_38, -22320" [firmware/nnet_utils/nnet_mult.h:73->firmware/nnet_utils/nnet_dense_resource.h:56->firmware/nnet_utils/nnet_dense_resource.h:253]   --->   Operation 171 'mul' 'mul_ln1118_1819' <Predicate = true> <Delay = 3.09> <Core = "Mul">   --->   Core 16 'Mul' <Latency = 0> <II = 1> <Delay = 3.09> <FuncUnit> <Opcode : 'mul'> <InPorts = 2> <OutPorts = 1>
ST_1 : Operation 172 [1/1] (0.00ns)   --->   "%trunc_ln708_1826 = call i31 @_ssdm_op_PartSelect.i31.i47.i32.i32(i47 %mul_ln1118_1819, i32 16, i32 46)" [firmware/nnet_utils/nnet_dense_resource.h:56->firmware/nnet_utils/nnet_dense_resource.h:253]   --->   Operation 172 'partselect' 'trunc_ln708_1826' <Predicate = true> <Delay = 0.00>
ST_1 : Operation 173 [1/1] (0.00ns)   --->   "%sext_ln708_407 = sext i31 %trunc_ln708_1826 to i32" [firmware/nnet_utils/nnet_dense_resource.h:56->firmware/nnet_utils/nnet_dense_resource.h:253]   --->   Operation 173 'sext' 'sext_ln708_407' <Predicate = true> <Delay = 0.00>
ST_1 : Operation 174 [1/1] (3.09ns)   --->   "%mul_ln1118_1820 = mul i44 %zext_ln1118_42, 5888" [firmware/nnet_utils/nnet_mult.h:73->firmware/nnet_utils/nnet_dense_resource.h:56->firmware/nnet_utils/nnet_dense_resource.h:253]   --->   Operation 174 'mul' 'mul_ln1118_1820' <Predicate = true> <Delay = 3.09> <Core = "Mul">   --->   Core 16 'Mul' <Latency = 0> <II = 1> <Delay = 3.09> <FuncUnit> <Opcode : 'mul'> <InPorts = 2> <OutPorts = 1>
ST_1 : Operation 175 [1/1] (0.00ns)   --->   "%tmp_10 = call i28 @_ssdm_op_PartSelect.i28.i44.i32.i32(i44 %mul_ln1118_1820, i32 16, i32 43)" [firmware/nnet_utils/nnet_dense_resource.h:56->firmware/nnet_utils/nnet_dense_resource.h:253]   --->   Operation 175 'partselect' 'tmp_10' <Predicate = true> <Delay = 0.00>
ST_1 : Operation 176 [1/1] (0.00ns)   --->   "%zext_ln703_10 = zext i28 %tmp_10 to i31" [firmware/nnet_utils/nnet_dense_resource.h:56->firmware/nnet_utils/nnet_dense_resource.h:253]   --->   Operation 176 'zext' 'zext_ln703_10' <Predicate = true> <Delay = 0.00>
ST_1 : Operation 177 [1/1] (0.00ns) (grouped into TernaryAdder)   --->   "%add_ln703_1839 = add i32 %zext_ln708_2, %sext_ln708_405" [firmware/nnet_utils/nnet_dense_resource.h:56->firmware/nnet_utils/nnet_dense_resource.h:253]   --->   Operation 177 'add' 'add_ln703_1839' <Predicate = true> <Delay = 0.00> <Core = "TAddSub">   --->   Core 83 'TAddSub' <Latency = 0> <II = 1> <Delay = 0.36> <IPBlock> <Opcode : 'add' 'sub'> <InPorts = 3> <OutPorts = 1> <Sync> <CReg>
ST_1 : Operation 178 [1/1] (0.65ns)   --->   "%add_ln703_1840 = add i31 %zext_ln1118_46, %zext_ln1118_44" [firmware/nnet_utils/nnet_dense_resource.h:56->firmware/nnet_utils/nnet_dense_resource.h:253]   --->   Operation 178 'add' 'add_ln703_1840' <Predicate = true> <Delay = 0.65> <Core = "AddSub">   --->   Core 14 'AddSub' <Latency = 0> <II = 1> <Delay = 0.64> <FuncUnit> <Opcode : 'add' 'sub'> <InPorts = 2> <OutPorts = 1>
ST_1 : Operation 179 [1/1] (0.00ns)   --->   "%zext_ln703_5 = zext i31 %add_ln703_1840 to i32" [firmware/nnet_utils/nnet_dense_resource.h:56->firmware/nnet_utils/nnet_dense_resource.h:253]   --->   Operation 179 'zext' 'zext_ln703_5' <Predicate = true> <Delay = 0.00>
ST_1 : Operation 180 [1/1] (0.73ns) (root node of TernaryAdder)   --->   "%add_ln703_1841 = add i32 %add_ln703_1839, %zext_ln703_5" [firmware/nnet_utils/nnet_dense_resource.h:56->firmware/nnet_utils/nnet_dense_resource.h:253]   --->   Operation 180 'add' 'add_ln703_1841' <Predicate = true> <Delay = 0.73> <Core = "TAddSub">   --->   Core 83 'TAddSub' <Latency = 0> <II = 1> <Delay = 0.36> <IPBlock> <Opcode : 'add' 'sub'> <InPorts = 3> <OutPorts = 1> <Sync> <CReg>
ST_1 : Operation 181 [1/1] (0.66ns)   --->   "%add_ln703_1842 = add i32 %sext_ln708_406, %trunc_ln708_1824" [firmware/nnet_utils/nnet_dense_resource.h:56->firmware/nnet_utils/nnet_dense_resource.h:253]   --->   Operation 181 'add' 'add_ln703_1842' <Predicate = true> <Delay = 0.66> <Core = "AddSub">   --->   Core 14 'AddSub' <Latency = 0> <II = 1> <Delay = 0.64> <FuncUnit> <Opcode : 'add' 'sub'> <InPorts = 2> <OutPorts = 1>
ST_1 : Operation 182 [1/1] (0.65ns)   --->   "%add_ln703_1843 = add i31 %zext_ln1118_49, %zext_ln1118_48" [firmware/nnet_utils/nnet_dense_resource.h:56->firmware/nnet_utils/nnet_dense_resource.h:253]   --->   Operation 182 'add' 'add_ln703_1843' <Predicate = true> <Delay = 0.65> <Core = "AddSub">   --->   Core 14 'AddSub' <Latency = 0> <II = 1> <Delay = 0.64> <FuncUnit> <Opcode : 'add' 'sub'> <InPorts = 2> <OutPorts = 1>
ST_1 : Operation 183 [1/1] (0.00ns)   --->   "%zext_ln703_6 = zext i31 %add_ln703_1843 to i32" [firmware/nnet_utils/nnet_dense_resource.h:56->firmware/nnet_utils/nnet_dense_resource.h:253]   --->   Operation 183 'zext' 'zext_ln703_6' <Predicate = true> <Delay = 0.00>
ST_1 : Operation 184 [1/1] (0.00ns) (grouped into TernaryAdder)   --->   "%add_ln703_1844 = add i32 %add_ln703_1842, %zext_ln703_6" [firmware/nnet_utils/nnet_dense_resource.h:56->firmware/nnet_utils/nnet_dense_resource.h:253]   --->   Operation 184 'add' 'add_ln703_1844' <Predicate = true> <Delay = 0.00> <Core = "TAddSub">   --->   Core 83 'TAddSub' <Latency = 0> <II = 1> <Delay = 0.36> <IPBlock> <Opcode : 'add' 'sub'> <InPorts = 3> <OutPorts = 1> <Sync> <CReg>
ST_1 : Operation 185 [1/1] (0.73ns) (root node of TernaryAdder)   --->   "%add_ln703_1845 = add i32 %add_ln703_1841, %add_ln703_1844" [firmware/nnet_utils/nnet_dense_resource.h:56->firmware/nnet_utils/nnet_dense_resource.h:253]   --->   Operation 185 'add' 'add_ln703_1845' <Predicate = true> <Delay = 0.73> <Core = "TAddSub">   --->   Core 83 'TAddSub' <Latency = 0> <II = 1> <Delay = 0.36> <IPBlock> <Opcode : 'add' 'sub'> <InPorts = 3> <OutPorts = 1> <Sync> <CReg>
ST_1 : Operation 186 [1/1] (0.00ns) (grouped into TernaryAdder)   --->   "%add_ln703_1846 = add i32 %sext_ln708_407, %zext_ln708_3" [firmware/nnet_utils/nnet_dense_resource.h:56->firmware/nnet_utils/nnet_dense_resource.h:253]   --->   Operation 186 'add' 'add_ln703_1846' <Predicate = true> <Delay = 0.00> <Core = "TAddSub">   --->   Core 83 'TAddSub' <Latency = 0> <II = 1> <Delay = 0.36> <IPBlock> <Opcode : 'add' 'sub'> <InPorts = 3> <OutPorts = 1> <Sync> <CReg>
ST_1 : Operation 187 [1/1] (0.65ns)   --->   "%add_ln703_1847 = add i31 %sext_ln1118_1510, %zext_ln703_10" [firmware/nnet_utils/nnet_dense_resource.h:56->firmware/nnet_utils/nnet_dense_resource.h:253]   --->   Operation 187 'add' 'add_ln703_1847' <Predicate = true> <Delay = 0.65> <Core = "AddSub">   --->   Core 14 'AddSub' <Latency = 0> <II = 1> <Delay = 0.64> <FuncUnit> <Opcode : 'add' 'sub'> <InPorts = 2> <OutPorts = 1>
ST_1 : Operation 188 [1/1] (0.00ns)   --->   "%sext_ln703_807 = sext i31 %add_ln703_1847 to i32" [firmware/nnet_utils/nnet_dense_resource.h:56->firmware/nnet_utils/nnet_dense_resource.h:253]   --->   Operation 188 'sext' 'sext_ln703_807' <Predicate = true> <Delay = 0.00>
ST_1 : Operation 189 [1/1] (0.73ns) (root node of TernaryAdder)   --->   "%add_ln703_1848 = add i32 %add_ln703_1846, %sext_ln703_807" [firmware/nnet_utils/nnet_dense_resource.h:56->firmware/nnet_utils/nnet_dense_resource.h:253]   --->   Operation 189 'add' 'add_ln703_1848' <Predicate = true> <Delay = 0.73> <Core = "TAddSub">   --->   Core 83 'TAddSub' <Latency = 0> <II = 1> <Delay = 0.36> <IPBlock> <Opcode : 'add' 'sub'> <InPorts = 3> <OutPorts = 1> <Sync> <CReg>
ST_1 : Operation 190 [1/1] (0.00ns) (grouped into TernaryAdder)   --->   "%add_ln703_1849 = add i31 %sext_ln1118_1509, %sext_ln1118_1512" [firmware/nnet_utils/nnet_dense_resource.h:56->firmware/nnet_utils/nnet_dense_resource.h:253]   --->   Operation 190 'add' 'add_ln703_1849' <Predicate = true> <Delay = 0.00> <Core = "TAddSub">   --->   Core 83 'TAddSub' <Latency = 0> <II = 1> <Delay = 0.36> <IPBlock> <Opcode : 'add' 'sub'> <InPorts = 3> <OutPorts = 1> <Sync> <CReg>
ST_1 : Operation 191 [1/1] (0.63ns)   --->   "%add_ln703_1850 = add i28 %sext_ln1118_1508, 19845" [firmware/nnet_utils/nnet_dense_resource.h:56->firmware/nnet_utils/nnet_dense_resource.h:253]   --->   Operation 191 'add' 'add_ln703_1850' <Predicate = true> <Delay = 0.63> <Core = "AddSub">   --->   Core 14 'AddSub' <Latency = 0> <II = 1> <Delay = 0.64> <FuncUnit> <Opcode : 'add' 'sub'> <InPorts = 2> <OutPorts = 1>
ST_1 : Operation 192 [1/1] (0.00ns)   --->   "%sext_ln703_808 = sext i28 %add_ln703_1850 to i29" [firmware/nnet_utils/nnet_dense_resource.h:56->firmware/nnet_utils/nnet_dense_resource.h:253]   --->   Operation 192 'sext' 'sext_ln703_808' <Predicate = true> <Delay = 0.00>
ST_1 : Operation 193 [1/1] (0.64ns)   --->   "%add_ln703_1851 = add i29 %sext_ln1118_1511, %sext_ln703_808" [firmware/nnet_utils/nnet_dense_resource.h:56->firmware/nnet_utils/nnet_dense_resource.h:253]   --->   Operation 193 'add' 'add_ln703_1851' <Predicate = true> <Delay = 0.64> <Core = "AddSub">   --->   Core 14 'AddSub' <Latency = 0> <II = 1> <Delay = 0.64> <FuncUnit> <Opcode : 'add' 'sub'> <InPorts = 2> <OutPorts = 1>
ST_1 : Operation 194 [1/1] (0.00ns)   --->   "%sext_ln703_809 = sext i29 %add_ln703_1851 to i31" [firmware/nnet_utils/nnet_dense_resource.h:56->firmware/nnet_utils/nnet_dense_resource.h:253]   --->   Operation 194 'sext' 'sext_ln703_809' <Predicate = true> <Delay = 0.00>
ST_1 : Operation 195 [1/1] (0.72ns) (root node of TernaryAdder)   --->   "%add_ln703_1852 = add i31 %add_ln703_1849, %sext_ln703_809" [firmware/nnet_utils/nnet_dense_resource.h:56->firmware/nnet_utils/nnet_dense_resource.h:253]   --->   Operation 195 'add' 'add_ln703_1852' <Predicate = true> <Delay = 0.72> <Core = "TAddSub">   --->   Core 83 'TAddSub' <Latency = 0> <II = 1> <Delay = 0.36> <IPBlock> <Opcode : 'add' 'sub'> <InPorts = 3> <OutPorts = 1> <Sync> <CReg>
ST_1 : Operation 196 [1/1] (0.00ns)   --->   "%sext_ln703_810 = sext i31 %add_ln703_1852 to i32" [firmware/nnet_utils/nnet_dense_resource.h:56->firmware/nnet_utils/nnet_dense_resource.h:253]   --->   Operation 196 'sext' 'sext_ln703_810' <Predicate = true> <Delay = 0.00>
ST_1 : Operation 197 [1/1] (0.00ns) (grouped into TernaryAdder)   --->   "%add_ln703_1853 = add i32 %add_ln703_1848, %sext_ln703_810" [firmware/nnet_utils/nnet_dense_resource.h:56->firmware/nnet_utils/nnet_dense_resource.h:253]   --->   Operation 197 'add' 'add_ln703_1853' <Predicate = true> <Delay = 0.00> <Core = "TAddSub">   --->   Core 83 'TAddSub' <Latency = 0> <II = 1> <Delay = 0.36> <IPBlock> <Opcode : 'add' 'sub'> <InPorts = 3> <OutPorts = 1> <Sync> <CReg>
ST_1 : Operation 198 [1/1] (0.73ns) (root node of TernaryAdder)   --->   "%add_ln703_1854 = add i32 %add_ln703_1845, %add_ln703_1853" [firmware/nnet_utils/nnet_dense_resource.h:56->firmware/nnet_utils/nnet_dense_resource.h:253]   --->   Operation 198 'add' 'add_ln703_1854' <Predicate = true> <Delay = 0.73> <Core = "TAddSub">   --->   Core 83 'TAddSub' <Latency = 0> <II = 1> <Delay = 0.36> <IPBlock> <Opcode : 'add' 'sub'> <InPorts = 3> <OutPorts = 1> <Sync> <CReg>
ST_1 : Operation 199 [1/1] (3.09ns)   --->   "%mul_ln1118_1821 = mul i46 %zext_ln1118_1, -9516" [firmware/nnet_utils/nnet_mult.h:73->firmware/nnet_utils/nnet_dense_resource.h:56->firmware/nnet_utils/nnet_dense_resource.h:253]   --->   Operation 199 'mul' 'mul_ln1118_1821' <Predicate = true> <Delay = 3.09> <Core = "Mul">   --->   Core 16 'Mul' <Latency = 0> <II = 1> <Delay = 3.09> <FuncUnit> <Opcode : 'mul'> <InPorts = 2> <OutPorts = 1>
ST_1 : Operation 200 [1/1] (0.00ns)   --->   "%tmp_11 = call i30 @_ssdm_op_PartSelect.i30.i46.i32.i32(i46 %mul_ln1118_1821, i32 16, i32 45)" [firmware/nnet_utils/nnet_mult.h:73->firmware/nnet_utils/nnet_dense_resource.h:56->firmware/nnet_utils/nnet_dense_resource.h:253]   --->   Operation 200 'partselect' 'tmp_11' <Predicate = true> <Delay = 0.00>
ST_1 : Operation 201 [1/1] (0.00ns)   --->   "%sext_ln1118_1513 = sext i30 %tmp_11 to i31" [firmware/nnet_utils/nnet_mult.h:73->firmware/nnet_utils/nnet_dense_resource.h:56->firmware/nnet_utils/nnet_dense_resource.h:253]   --->   Operation 201 'sext' 'sext_ln1118_1513' <Predicate = true> <Delay = 0.00>
ST_1 : Operation 202 [1/1] (3.09ns)   --->   "%mul_ln1118_1822 = mul i47 %zext_ln1118_2, -26839" [firmware/nnet_utils/nnet_mult.h:73->firmware/nnet_utils/nnet_dense_resource.h:56->firmware/nnet_utils/nnet_dense_resource.h:253]   --->   Operation 202 'mul' 'mul_ln1118_1822' <Predicate = true> <Delay = 3.09> <Core = "Mul">   --->   Core 16 'Mul' <Latency = 0> <II = 1> <Delay = 3.09> <FuncUnit> <Opcode : 'mul'> <InPorts = 2> <OutPorts = 1>
ST_1 : Operation 203 [1/1] (0.00ns)   --->   "%trunc_ln708_1827 = call i31 @_ssdm_op_PartSelect.i31.i47.i32.i32(i47 %mul_ln1118_1822, i32 16, i32 46)" [firmware/nnet_utils/nnet_dense_resource.h:56->firmware/nnet_utils/nnet_dense_resource.h:253]   --->   Operation 203 'partselect' 'trunc_ln708_1827' <Predicate = true> <Delay = 0.00>
ST_1 : Operation 204 [1/1] (0.00ns)   --->   "%sext_ln708_408 = sext i31 %trunc_ln708_1827 to i32" [firmware/nnet_utils/nnet_dense_resource.h:56->firmware/nnet_utils/nnet_dense_resource.h:253]   --->   Operation 204 'sext' 'sext_ln708_408' <Predicate = true> <Delay = 0.00>
ST_1 : Operation 205 [1/1] (3.09ns)   --->   "%mul_ln1118_1823 = mul i44 %zext_ln1118_6, -2705" [firmware/nnet_utils/nnet_mult.h:73->firmware/nnet_utils/nnet_dense_resource.h:56->firmware/nnet_utils/nnet_dense_resource.h:253]   --->   Operation 205 'mul' 'mul_ln1118_1823' <Predicate = true> <Delay = 3.09> <Core = "Mul">   --->   Core 16 'Mul' <Latency = 0> <II = 1> <Delay = 3.09> <FuncUnit> <Opcode : 'mul'> <InPorts = 2> <OutPorts = 1>
ST_1 : Operation 206 [1/1] (0.00ns)   --->   "%tmp_12 = call i28 @_ssdm_op_PartSelect.i28.i44.i32.i32(i44 %mul_ln1118_1823, i32 16, i32 43)" [firmware/nnet_utils/nnet_mult.h:73->firmware/nnet_utils/nnet_dense_resource.h:56->firmware/nnet_utils/nnet_dense_resource.h:253]   --->   Operation 206 'partselect' 'tmp_12' <Predicate = true> <Delay = 0.00>
ST_1 : Operation 207 [1/1] (0.00ns)   --->   "%sext_ln1118_1514 = sext i28 %tmp_12 to i31" [firmware/nnet_utils/nnet_mult.h:73->firmware/nnet_utils/nnet_dense_resource.h:56->firmware/nnet_utils/nnet_dense_resource.h:253]   --->   Operation 207 'sext' 'sext_ln1118_1514' <Predicate = true> <Delay = 0.00>
ST_1 : Operation 208 [1/1] (3.09ns)   --->   "%mul_ln1118_1824 = mul i46 %zext_ln1118_45, 23189" [firmware/nnet_utils/nnet_mult.h:73->firmware/nnet_utils/nnet_dense_resource.h:56->firmware/nnet_utils/nnet_dense_resource.h:253]   --->   Operation 208 'mul' 'mul_ln1118_1824' <Predicate = true> <Delay = 3.09> <Core = "Mul">   --->   Core 16 'Mul' <Latency = 0> <II = 1> <Delay = 3.09> <FuncUnit> <Opcode : 'mul'> <InPorts = 2> <OutPorts = 1>
ST_1 : Operation 209 [1/1] (0.00ns)   --->   "%tmp_68 = call i30 @_ssdm_op_PartSelect.i30.i46.i32.i32(i46 %mul_ln1118_1824, i32 16, i32 45)" [firmware/nnet_utils/nnet_dense_resource.h:56->firmware/nnet_utils/nnet_dense_resource.h:253]   --->   Operation 209 'partselect' 'tmp_68' <Predicate = true> <Delay = 0.00>
ST_1 : Operation 210 [1/1] (0.00ns)   --->   "%zext_ln708_4 = zext i30 %tmp_68 to i32" [firmware/nnet_utils/nnet_dense_resource.h:56->firmware/nnet_utils/nnet_dense_resource.h:253]   --->   Operation 210 'zext' 'zext_ln708_4' <Predicate = true> <Delay = 0.00>
ST_1 : Operation 211 [1/1] (3.09ns)   --->   "%mul_ln1118_1825 = mul i47 %zext_ln1118_10, -32185" [firmware/nnet_utils/nnet_mult.h:73->firmware/nnet_utils/nnet_dense_resource.h:56->firmware/nnet_utils/nnet_dense_resource.h:253]   --->   Operation 211 'mul' 'mul_ln1118_1825' <Predicate = true> <Delay = 3.09> <Core = "Mul">   --->   Core 16 'Mul' <Latency = 0> <II = 1> <Delay = 3.09> <FuncUnit> <Opcode : 'mul'> <InPorts = 2> <OutPorts = 1>
ST_1 : Operation 212 [1/1] (0.00ns)   --->   "%trunc_ln708_1828 = call i31 @_ssdm_op_PartSelect.i31.i47.i32.i32(i47 %mul_ln1118_1825, i32 16, i32 46)" [firmware/nnet_utils/nnet_dense_resource.h:56->firmware/nnet_utils/nnet_dense_resource.h:253]   --->   Operation 212 'partselect' 'trunc_ln708_1828' <Predicate = true> <Delay = 0.00>
ST_1 : Operation 213 [1/1] (0.00ns)   --->   "%sext_ln708_409 = sext i31 %trunc_ln708_1828 to i32" [firmware/nnet_utils/nnet_dense_resource.h:56->firmware/nnet_utils/nnet_dense_resource.h:253]   --->   Operation 213 'sext' 'sext_ln708_409' <Predicate = true> <Delay = 0.00>
ST_1 : Operation 214 [1/1] (3.09ns)   --->   "%mul_ln1118_1826 = mul i43 %zext_ln1118_12, -1814" [firmware/nnet_utils/nnet_mult.h:73->firmware/nnet_utils/nnet_dense_resource.h:56->firmware/nnet_utils/nnet_dense_resource.h:253]   --->   Operation 214 'mul' 'mul_ln1118_1826' <Predicate = true> <Delay = 3.09> <Core = "Mul">   --->   Core 16 'Mul' <Latency = 0> <II = 1> <Delay = 3.09> <FuncUnit> <Opcode : 'mul'> <InPorts = 2> <OutPorts = 1>
ST_1 : Operation 215 [1/1] (0.00ns)   --->   "%tmp_13 = call i27 @_ssdm_op_PartSelect.i27.i43.i32.i32(i43 %mul_ln1118_1826, i32 16, i32 42)" [firmware/nnet_utils/nnet_mult.h:73->firmware/nnet_utils/nnet_dense_resource.h:56->firmware/nnet_utils/nnet_dense_resource.h:253]   --->   Operation 215 'partselect' 'tmp_13' <Predicate = true> <Delay = 0.00>
ST_1 : Operation 216 [1/1] (0.00ns)   --->   "%sext_ln1118_1515 = sext i27 %tmp_13 to i29" [firmware/nnet_utils/nnet_mult.h:73->firmware/nnet_utils/nnet_dense_resource.h:56->firmware/nnet_utils/nnet_dense_resource.h:253]   --->   Operation 216 'sext' 'sext_ln1118_1515' <Predicate = true> <Delay = 0.00>
ST_1 : Operation 217 [1/1] (3.09ns)   --->   "%mul_ln1118_1827 = mul i46 %zext_ln1118_14, -16359" [firmware/nnet_utils/nnet_mult.h:73->firmware/nnet_utils/nnet_dense_resource.h:56->firmware/nnet_utils/nnet_dense_resource.h:253]   --->   Operation 217 'mul' 'mul_ln1118_1827' <Predicate = true> <Delay = 3.09> <Core = "Mul">   --->   Core 16 'Mul' <Latency = 0> <II = 1> <Delay = 3.09> <FuncUnit> <Opcode : 'mul'> <InPorts = 2> <OutPorts = 1>
ST_1 : Operation 218 [1/1] (0.00ns)   --->   "%tmp_14 = call i30 @_ssdm_op_PartSelect.i30.i46.i32.i32(i46 %mul_ln1118_1827, i32 16, i32 45)" [firmware/nnet_utils/nnet_mult.h:73->firmware/nnet_utils/nnet_dense_resource.h:56->firmware/nnet_utils/nnet_dense_resource.h:253]   --->   Operation 218 'partselect' 'tmp_14' <Predicate = true> <Delay = 0.00>
ST_1 : Operation 219 [1/1] (0.00ns)   --->   "%sext_ln1118_1516 = sext i30 %tmp_14 to i31" [firmware/nnet_utils/nnet_mult.h:73->firmware/nnet_utils/nnet_dense_resource.h:56->firmware/nnet_utils/nnet_dense_resource.h:253]   --->   Operation 219 'sext' 'sext_ln1118_1516' <Predicate = true> <Delay = 0.00>
ST_1 : Operation 220 [1/1] (0.00ns)   --->   "%zext_ln1118_50 = zext i31 %data_7_V_read_3 to i46" [firmware/nnet_utils/nnet_mult.h:73->firmware/nnet_utils/nnet_dense_resource.h:56->firmware/nnet_utils/nnet_dense_resource.h:253]   --->   Operation 220 'zext' 'zext_ln1118_50' <Predicate = true> <Delay = 0.00>
ST_1 : Operation 221 [1/1] (3.09ns)   --->   "%mul_ln1118_1828 = mul i46 %zext_ln1118_50, 24237" [firmware/nnet_utils/nnet_mult.h:73->firmware/nnet_utils/nnet_dense_resource.h:56->firmware/nnet_utils/nnet_dense_resource.h:253]   --->   Operation 221 'mul' 'mul_ln1118_1828' <Predicate = true> <Delay = 3.09> <Core = "Mul">   --->   Core 16 'Mul' <Latency = 0> <II = 1> <Delay = 3.09> <FuncUnit> <Opcode : 'mul'> <InPorts = 2> <OutPorts = 1>
ST_1 : Operation 222 [1/1] (0.00ns)   --->   "%tmp_69 = call i30 @_ssdm_op_PartSelect.i30.i46.i32.i32(i46 %mul_ln1118_1828, i32 16, i32 45)" [firmware/nnet_utils/nnet_dense_resource.h:56->firmware/nnet_utils/nnet_dense_resource.h:253]   --->   Operation 222 'partselect' 'tmp_69' <Predicate = true> <Delay = 0.00>
ST_1 : Operation 223 [1/1] (0.00ns)   --->   "%zext_ln708_5 = zext i30 %tmp_69 to i32" [firmware/nnet_utils/nnet_dense_resource.h:56->firmware/nnet_utils/nnet_dense_resource.h:253]   --->   Operation 223 'zext' 'zext_ln708_5' <Predicate = true> <Delay = 0.00>
ST_1 : Operation 224 [1/1] (3.09ns)   --->   "%mul_ln1118_1829 = mul i46 %zext_ln1118_20, -9591" [firmware/nnet_utils/nnet_mult.h:73->firmware/nnet_utils/nnet_dense_resource.h:56->firmware/nnet_utils/nnet_dense_resource.h:253]   --->   Operation 224 'mul' 'mul_ln1118_1829' <Predicate = true> <Delay = 3.09> <Core = "Mul">   --->   Core 16 'Mul' <Latency = 0> <II = 1> <Delay = 3.09> <FuncUnit> <Opcode : 'mul'> <InPorts = 2> <OutPorts = 1>
ST_1 : Operation 225 [1/1] (0.00ns)   --->   "%tmp_15 = call i30 @_ssdm_op_PartSelect.i30.i46.i32.i32(i46 %mul_ln1118_1829, i32 16, i32 45)" [firmware/nnet_utils/nnet_mult.h:73->firmware/nnet_utils/nnet_dense_resource.h:56->firmware/nnet_utils/nnet_dense_resource.h:253]   --->   Operation 225 'partselect' 'tmp_15' <Predicate = true> <Delay = 0.00>
ST_1 : Operation 226 [1/1] (0.00ns)   --->   "%sext_ln1118_1517 = sext i30 %tmp_15 to i31" [firmware/nnet_utils/nnet_mult.h:73->firmware/nnet_utils/nnet_dense_resource.h:56->firmware/nnet_utils/nnet_dense_resource.h:253]   --->   Operation 226 'sext' 'sext_ln1118_1517' <Predicate = true> <Delay = 0.00>
ST_1 : Operation 227 [1/1] (3.09ns)   --->   "%mul_ln1118_1830 = mul i47 %zext_ln1118_23, -19351" [firmware/nnet_utils/nnet_mult.h:73->firmware/nnet_utils/nnet_dense_resource.h:56->firmware/nnet_utils/nnet_dense_resource.h:253]   --->   Operation 227 'mul' 'mul_ln1118_1830' <Predicate = true> <Delay = 3.09> <Core = "Mul">   --->   Core 16 'Mul' <Latency = 0> <II = 1> <Delay = 3.09> <FuncUnit> <Opcode : 'mul'> <InPorts = 2> <OutPorts = 1>
ST_1 : Operation 228 [1/1] (0.00ns)   --->   "%trunc_ln708_1829 = call i31 @_ssdm_op_PartSelect.i31.i47.i32.i32(i47 %mul_ln1118_1830, i32 16, i32 46)" [firmware/nnet_utils/nnet_dense_resource.h:56->firmware/nnet_utils/nnet_dense_resource.h:253]   --->   Operation 228 'partselect' 'trunc_ln708_1829' <Predicate = true> <Delay = 0.00>
ST_1 : Operation 229 [1/1] (0.00ns)   --->   "%sext_ln708_410 = sext i31 %trunc_ln708_1829 to i32" [firmware/nnet_utils/nnet_dense_resource.h:56->firmware/nnet_utils/nnet_dense_resource.h:253]   --->   Operation 229 'sext' 'sext_ln708_410' <Predicate = true> <Delay = 0.00>
ST_1 : Operation 230 [1/1] (3.09ns)   --->   "%mul_ln1118_1831 = mul i46 %zext_ln1118_26, 23510" [firmware/nnet_utils/nnet_mult.h:73->firmware/nnet_utils/nnet_dense_resource.h:56->firmware/nnet_utils/nnet_dense_resource.h:253]   --->   Operation 230 'mul' 'mul_ln1118_1831' <Predicate = true> <Delay = 3.09> <Core = "Mul">   --->   Core 16 'Mul' <Latency = 0> <II = 1> <Delay = 3.09> <FuncUnit> <Opcode : 'mul'> <InPorts = 2> <OutPorts = 1>
ST_1 : Operation 231 [1/1] (0.00ns)   --->   "%tmp_70 = call i30 @_ssdm_op_PartSelect.i30.i46.i32.i32(i46 %mul_ln1118_1831, i32 16, i32 45)" [firmware/nnet_utils/nnet_dense_resource.h:56->firmware/nnet_utils/nnet_dense_resource.h:253]   --->   Operation 231 'partselect' 'tmp_70' <Predicate = true> <Delay = 0.00>
ST_1 : Operation 232 [1/1] (0.00ns)   --->   "%zext_ln708_6 = zext i30 %tmp_70 to i32" [firmware/nnet_utils/nnet_dense_resource.h:56->firmware/nnet_utils/nnet_dense_resource.h:253]   --->   Operation 232 'zext' 'zext_ln708_6' <Predicate = true> <Delay = 0.00>
ST_1 : Operation 233 [1/1] (3.09ns)   --->   "%mul_ln1118_1832 = mul i46 %zext_ln1118_30, 22830" [firmware/nnet_utils/nnet_mult.h:73->firmware/nnet_utils/nnet_dense_resource.h:56->firmware/nnet_utils/nnet_dense_resource.h:253]   --->   Operation 233 'mul' 'mul_ln1118_1832' <Predicate = true> <Delay = 3.09> <Core = "Mul">   --->   Core 16 'Mul' <Latency = 0> <II = 1> <Delay = 3.09> <FuncUnit> <Opcode : 'mul'> <InPorts = 2> <OutPorts = 1>
ST_1 : Operation 234 [1/1] (0.00ns)   --->   "%tmp_71 = call i30 @_ssdm_op_PartSelect.i30.i46.i32.i32(i46 %mul_ln1118_1832, i32 16, i32 45)" [firmware/nnet_utils/nnet_mult.h:73->firmware/nnet_utils/nnet_dense_resource.h:56->firmware/nnet_utils/nnet_dense_resource.h:253]   --->   Operation 234 'partselect' 'tmp_71' <Predicate = true> <Delay = 0.00>
ST_1 : Operation 235 [1/1] (0.00ns)   --->   "%zext_ln1118_51 = zext i30 %tmp_71 to i31" [firmware/nnet_utils/nnet_mult.h:73->firmware/nnet_utils/nnet_dense_resource.h:56->firmware/nnet_utils/nnet_dense_resource.h:253]   --->   Operation 235 'zext' 'zext_ln1118_51' <Predicate = true> <Delay = 0.00>
ST_1 : Operation 236 [1/1] (3.09ns)   --->   "%mul_ln1118_1833 = mul i43 %zext_ln1118_31, -1085" [firmware/nnet_utils/nnet_mult.h:73->firmware/nnet_utils/nnet_dense_resource.h:56->firmware/nnet_utils/nnet_dense_resource.h:253]   --->   Operation 236 'mul' 'mul_ln1118_1833' <Predicate = true> <Delay = 3.09> <Core = "Mul">   --->   Core 16 'Mul' <Latency = 0> <II = 1> <Delay = 3.09> <FuncUnit> <Opcode : 'mul'> <InPorts = 2> <OutPorts = 1>
ST_1 : Operation 237 [1/1] (0.00ns)   --->   "%tmp_16 = call i27 @_ssdm_op_PartSelect.i27.i43.i32.i32(i43 %mul_ln1118_1833, i32 16, i32 42)" [firmware/nnet_utils/nnet_mult.h:73->firmware/nnet_utils/nnet_dense_resource.h:56->firmware/nnet_utils/nnet_dense_resource.h:253]   --->   Operation 237 'partselect' 'tmp_16' <Predicate = true> <Delay = 0.00>
ST_1 : Operation 238 [1/1] (0.00ns)   --->   "%sext_ln1118_1518 = sext i27 %tmp_16 to i28" [firmware/nnet_utils/nnet_mult.h:73->firmware/nnet_utils/nnet_dense_resource.h:56->firmware/nnet_utils/nnet_dense_resource.h:253]   --->   Operation 238 'sext' 'sext_ln1118_1518' <Predicate = true> <Delay = 0.00>
ST_1 : Operation 239 [1/1] (3.09ns)   --->   "%mul_ln1118_1834 = mul i45 %zext_ln1118_33, 10074" [firmware/nnet_utils/nnet_mult.h:73->firmware/nnet_utils/nnet_dense_resource.h:56->firmware/nnet_utils/nnet_dense_resource.h:253]   --->   Operation 239 'mul' 'mul_ln1118_1834' <Predicate = true> <Delay = 3.09> <Core = "Mul">   --->   Core 16 'Mul' <Latency = 0> <II = 1> <Delay = 3.09> <FuncUnit> <Opcode : 'mul'> <InPorts = 2> <OutPorts = 1>
ST_1 : Operation 240 [1/1] (0.00ns)   --->   "%tmp_72 = call i29 @_ssdm_op_PartSelect.i29.i45.i32.i32(i45 %mul_ln1118_1834, i32 16, i32 44)" [firmware/nnet_utils/nnet_mult.h:73->firmware/nnet_utils/nnet_dense_resource.h:56->firmware/nnet_utils/nnet_dense_resource.h:253]   --->   Operation 240 'partselect' 'tmp_72' <Predicate = true> <Delay = 0.00>
ST_1 : Operation 241 [1/1] (0.00ns)   --->   "%zext_ln1118_52 = zext i29 %tmp_72 to i31" [firmware/nnet_utils/nnet_mult.h:73->firmware/nnet_utils/nnet_dense_resource.h:56->firmware/nnet_utils/nnet_dense_resource.h:253]   --->   Operation 241 'zext' 'zext_ln1118_52' <Predicate = true> <Delay = 0.00>
ST_1 : Operation 242 [1/1] (3.09ns)   --->   "%mul_ln1118_1835 = mul i45 %zext_ln1118_37, 9772" [firmware/nnet_utils/nnet_mult.h:73->firmware/nnet_utils/nnet_dense_resource.h:56->firmware/nnet_utils/nnet_dense_resource.h:253]   --->   Operation 242 'mul' 'mul_ln1118_1835' <Predicate = true> <Delay = 3.09> <Core = "Mul">   --->   Core 16 'Mul' <Latency = 0> <II = 1> <Delay = 3.09> <FuncUnit> <Opcode : 'mul'> <InPorts = 2> <OutPorts = 1>
ST_1 : Operation 243 [1/1] (0.00ns)   --->   "%trunc_ln1118_s = call i29 @_ssdm_op_PartSelect.i29.i45.i32.i32(i45 %mul_ln1118_1835, i32 16, i32 44)" [firmware/nnet_utils/nnet_mult.h:73->firmware/nnet_utils/nnet_dense_resource.h:56->firmware/nnet_utils/nnet_dense_resource.h:253]   --->   Operation 243 'partselect' 'trunc_ln1118_s' <Predicate = true> <Delay = 0.00>
ST_1 : Operation 244 [1/1] (3.09ns)   --->   "%mul_ln1118_1836 = mul i43 %zext_ln1118_41, 3981" [firmware/nnet_utils/nnet_mult.h:73->firmware/nnet_utils/nnet_dense_resource.h:56->firmware/nnet_utils/nnet_dense_resource.h:253]   --->   Operation 244 'mul' 'mul_ln1118_1836' <Predicate = true> <Delay = 3.09> <Core = "Mul">   --->   Core 16 'Mul' <Latency = 0> <II = 1> <Delay = 3.09> <FuncUnit> <Opcode : 'mul'> <InPorts = 2> <OutPorts = 1>
ST_1 : Operation 245 [1/1] (0.00ns)   --->   "%tmp_73 = call i27 @_ssdm_op_PartSelect.i27.i43.i32.i32(i43 %mul_ln1118_1836, i32 16, i32 42)" [firmware/nnet_utils/nnet_dense_resource.h:56->firmware/nnet_utils/nnet_dense_resource.h:253]   --->   Operation 245 'partselect' 'tmp_73' <Predicate = true> <Delay = 0.00>
ST_1 : Operation 246 [1/1] (0.00ns)   --->   "%zext_ln703_9 = zext i27 %tmp_73 to i29" [firmware/nnet_utils/nnet_dense_resource.h:56->firmware/nnet_utils/nnet_dense_resource.h:253]   --->   Operation 246 'zext' 'zext_ln703_9' <Predicate = true> <Delay = 0.00>
ST_1 : Operation 247 [1/1] (0.66ns)   --->   "%add_ln703_1855 = add i32 %zext_ln708_4, %sext_ln708_408" [firmware/nnet_utils/nnet_dense_resource.h:56->firmware/nnet_utils/nnet_dense_resource.h:253]   --->   Operation 247 'add' 'add_ln703_1855' <Predicate = true> <Delay = 0.66> <Core = "AddSub">   --->   Core 14 'AddSub' <Latency = 0> <II = 1> <Delay = 0.64> <FuncUnit> <Opcode : 'add' 'sub'> <InPorts = 2> <OutPorts = 1>
ST_1 : Operation 248 [1/1] (0.00ns) (grouped into TernaryAdder)   --->   "%add_ln703_1856 = add i32 %zext_ln708_5, %sext_ln708_409" [firmware/nnet_utils/nnet_dense_resource.h:56->firmware/nnet_utils/nnet_dense_resource.h:253]   --->   Operation 248 'add' 'add_ln703_1856' <Predicate = true> <Delay = 0.00> <Core = "TAddSub">   --->   Core 83 'TAddSub' <Latency = 0> <II = 1> <Delay = 0.36> <IPBlock> <Opcode : 'add' 'sub'> <InPorts = 3> <OutPorts = 1> <Sync> <CReg>
ST_1 : Operation 249 [1/1] (0.73ns) (root node of TernaryAdder)   --->   "%add_ln703_1857 = add i32 %add_ln703_1855, %add_ln703_1856" [firmware/nnet_utils/nnet_dense_resource.h:56->firmware/nnet_utils/nnet_dense_resource.h:253]   --->   Operation 249 'add' 'add_ln703_1857' <Predicate = true> <Delay = 0.73> <Core = "TAddSub">   --->   Core 83 'TAddSub' <Latency = 0> <II = 1> <Delay = 0.36> <IPBlock> <Opcode : 'add' 'sub'> <InPorts = 3> <OutPorts = 1> <Sync> <CReg>
ST_1 : Operation 250 [1/1] (0.66ns)   --->   "%add_ln703_1858 = add i32 %zext_ln708_6, %sext_ln708_410" [firmware/nnet_utils/nnet_dense_resource.h:56->firmware/nnet_utils/nnet_dense_resource.h:253]   --->   Operation 250 'add' 'add_ln703_1858' <Predicate = true> <Delay = 0.66> <Core = "AddSub">   --->   Core 14 'AddSub' <Latency = 0> <II = 1> <Delay = 0.64> <FuncUnit> <Opcode : 'add' 'sub'> <InPorts = 2> <OutPorts = 1>
ST_1 : Operation 251 [1/1] (0.65ns)   --->   "%add_ln703_1859 = add i31 %zext_ln1118_52, %zext_ln1118_51" [firmware/nnet_utils/nnet_dense_resource.h:56->firmware/nnet_utils/nnet_dense_resource.h:253]   --->   Operation 251 'add' 'add_ln703_1859' <Predicate = true> <Delay = 0.65> <Core = "AddSub">   --->   Core 14 'AddSub' <Latency = 0> <II = 1> <Delay = 0.64> <FuncUnit> <Opcode : 'add' 'sub'> <InPorts = 2> <OutPorts = 1>
ST_1 : Operation 252 [1/1] (0.00ns)   --->   "%zext_ln703_7 = zext i31 %add_ln703_1859 to i32" [firmware/nnet_utils/nnet_dense_resource.h:56->firmware/nnet_utils/nnet_dense_resource.h:253]   --->   Operation 252 'zext' 'zext_ln703_7' <Predicate = true> <Delay = 0.00>
ST_1 : Operation 253 [1/1] (0.00ns) (grouped into TernaryAdder)   --->   "%add_ln703_1860 = add i32 %add_ln703_1858, %zext_ln703_7" [firmware/nnet_utils/nnet_dense_resource.h:56->firmware/nnet_utils/nnet_dense_resource.h:253]   --->   Operation 253 'add' 'add_ln703_1860' <Predicate = true> <Delay = 0.00> <Core = "TAddSub">   --->   Core 83 'TAddSub' <Latency = 0> <II = 1> <Delay = 0.36> <IPBlock> <Opcode : 'add' 'sub'> <InPorts = 3> <OutPorts = 1> <Sync> <CReg>
ST_1 : Operation 254 [1/1] (0.73ns) (root node of TernaryAdder)   --->   "%add_ln703_1861 = add i32 %add_ln703_1857, %add_ln703_1860" [firmware/nnet_utils/nnet_dense_resource.h:56->firmware/nnet_utils/nnet_dense_resource.h:253]   --->   Operation 254 'add' 'add_ln703_1861' <Predicate = true> <Delay = 0.73> <Core = "TAddSub">   --->   Core 83 'TAddSub' <Latency = 0> <II = 1> <Delay = 0.36> <IPBlock> <Opcode : 'add' 'sub'> <InPorts = 3> <OutPorts = 1> <Sync> <CReg>
ST_1 : Operation 255 [1/1] (0.64ns)   --->   "%add_ln703_1862 = add i29 %zext_ln703_9, %trunc_ln1118_s" [firmware/nnet_utils/nnet_dense_resource.h:56->firmware/nnet_utils/nnet_dense_resource.h:253]   --->   Operation 255 'add' 'add_ln703_1862' <Predicate = true> <Delay = 0.64> <Core = "AddSub">   --->   Core 14 'AddSub' <Latency = 0> <II = 1> <Delay = 0.64> <FuncUnit> <Opcode : 'add' 'sub'> <InPorts = 2> <OutPorts = 1>
ST_1 : Operation 256 [1/1] (0.00ns)   --->   "%zext_ln703_8 = zext i29 %add_ln703_1862 to i32" [firmware/nnet_utils/nnet_dense_resource.h:56->firmware/nnet_utils/nnet_dense_resource.h:253]   --->   Operation 256 'zext' 'zext_ln703_8' <Predicate = true> <Delay = 0.00>
ST_1 : Operation 257 [1/1] (0.65ns)   --->   "%add_ln703_1863 = add i31 %sext_ln1118_1516, %sext_ln1118_1513" [firmware/nnet_utils/nnet_dense_resource.h:56->firmware/nnet_utils/nnet_dense_resource.h:253]   --->   Operation 257 'add' 'add_ln703_1863' <Predicate = true> <Delay = 0.65> <Core = "AddSub">   --->   Core 14 'AddSub' <Latency = 0> <II = 1> <Delay = 0.64> <FuncUnit> <Opcode : 'add' 'sub'> <InPorts = 2> <OutPorts = 1>
ST_1 : Operation 258 [1/1] (0.00ns)   --->   "%sext_ln703_811 = sext i31 %add_ln703_1863 to i32" [firmware/nnet_utils/nnet_dense_resource.h:56->firmware/nnet_utils/nnet_dense_resource.h:253]   --->   Operation 258 'sext' 'sext_ln703_811' <Predicate = true> <Delay = 0.00>
ST_1 : Operation 259 [1/1] (0.66ns)   --->   "%add_ln703_1864 = add i32 %zext_ln703_8, %sext_ln703_811" [firmware/nnet_utils/nnet_dense_resource.h:56->firmware/nnet_utils/nnet_dense_resource.h:253]   --->   Operation 259 'add' 'add_ln703_1864' <Predicate = true> <Delay = 0.66> <Core = "AddSub">   --->   Core 14 'AddSub' <Latency = 0> <II = 1> <Delay = 0.64> <FuncUnit> <Opcode : 'add' 'sub'> <InPorts = 2> <OutPorts = 1>
ST_1 : Operation 260 [1/1] (0.00ns) (grouped into TernaryAdder)   --->   "%add_ln703_1865 = add i31 %sext_ln1118_1514, %sext_ln1118_1517" [firmware/nnet_utils/nnet_dense_resource.h:56->firmware/nnet_utils/nnet_dense_resource.h:253]   --->   Operation 260 'add' 'add_ln703_1865' <Predicate = true> <Delay = 0.00> <Core = "TAddSub">   --->   Core 83 'TAddSub' <Latency = 0> <II = 1> <Delay = 0.36> <IPBlock> <Opcode : 'add' 'sub'> <InPorts = 3> <OutPorts = 1> <Sync> <CReg>
ST_1 : Operation 261 [1/1] (0.63ns)   --->   "%add_ln703_1866 = add i28 %sext_ln1118_1518, -14261" [firmware/nnet_utils/nnet_dense_resource.h:56->firmware/nnet_utils/nnet_dense_resource.h:253]   --->   Operation 261 'add' 'add_ln703_1866' <Predicate = true> <Delay = 0.63> <Core = "AddSub">   --->   Core 14 'AddSub' <Latency = 0> <II = 1> <Delay = 0.64> <FuncUnit> <Opcode : 'add' 'sub'> <InPorts = 2> <OutPorts = 1>
ST_1 : Operation 262 [1/1] (0.00ns)   --->   "%sext_ln703_812 = sext i28 %add_ln703_1866 to i29" [firmware/nnet_utils/nnet_dense_resource.h:56->firmware/nnet_utils/nnet_dense_resource.h:253]   --->   Operation 262 'sext' 'sext_ln703_812' <Predicate = true> <Delay = 0.00>
ST_1 : Operation 263 [1/1] (0.64ns)   --->   "%add_ln703_1867 = add i29 %sext_ln1118_1515, %sext_ln703_812" [firmware/nnet_utils/nnet_dense_resource.h:56->firmware/nnet_utils/nnet_dense_resource.h:253]   --->   Operation 263 'add' 'add_ln703_1867' <Predicate = true> <Delay = 0.64> <Core = "AddSub">   --->   Core 14 'AddSub' <Latency = 0> <II = 1> <Delay = 0.64> <FuncUnit> <Opcode : 'add' 'sub'> <InPorts = 2> <OutPorts = 1>
ST_1 : Operation 264 [1/1] (0.00ns)   --->   "%sext_ln703_813 = sext i29 %add_ln703_1867 to i31" [firmware/nnet_utils/nnet_dense_resource.h:56->firmware/nnet_utils/nnet_dense_resource.h:253]   --->   Operation 264 'sext' 'sext_ln703_813' <Predicate = true> <Delay = 0.00>
ST_1 : Operation 265 [1/1] (0.72ns) (root node of TernaryAdder)   --->   "%add_ln703_1868 = add i31 %add_ln703_1865, %sext_ln703_813" [firmware/nnet_utils/nnet_dense_resource.h:56->firmware/nnet_utils/nnet_dense_resource.h:253]   --->   Operation 265 'add' 'add_ln703_1868' <Predicate = true> <Delay = 0.72> <Core = "TAddSub">   --->   Core 83 'TAddSub' <Latency = 0> <II = 1> <Delay = 0.36> <IPBlock> <Opcode : 'add' 'sub'> <InPorts = 3> <OutPorts = 1> <Sync> <CReg>
ST_1 : Operation 266 [1/1] (0.00ns)   --->   "%sext_ln703_814 = sext i31 %add_ln703_1868 to i32" [firmware/nnet_utils/nnet_dense_resource.h:56->firmware/nnet_utils/nnet_dense_resource.h:253]   --->   Operation 266 'sext' 'sext_ln703_814' <Predicate = true> <Delay = 0.00>
ST_1 : Operation 267 [1/1] (0.00ns) (grouped into TernaryAdder)   --->   "%add_ln703_1869 = add i32 %add_ln703_1864, %sext_ln703_814" [firmware/nnet_utils/nnet_dense_resource.h:56->firmware/nnet_utils/nnet_dense_resource.h:253]   --->   Operation 267 'add' 'add_ln703_1869' <Predicate = true> <Delay = 0.00> <Core = "TAddSub">   --->   Core 83 'TAddSub' <Latency = 0> <II = 1> <Delay = 0.36> <IPBlock> <Opcode : 'add' 'sub'> <InPorts = 3> <OutPorts = 1> <Sync> <CReg>
ST_1 : Operation 268 [1/1] (0.73ns) (root node of TernaryAdder)   --->   "%add_ln703_1870 = add i32 %add_ln703_1861, %add_ln703_1869" [firmware/nnet_utils/nnet_dense_resource.h:56->firmware/nnet_utils/nnet_dense_resource.h:253]   --->   Operation 268 'add' 'add_ln703_1870' <Predicate = true> <Delay = 0.73> <Core = "TAddSub">   --->   Core 83 'TAddSub' <Latency = 0> <II = 1> <Delay = 0.36> <IPBlock> <Opcode : 'add' 'sub'> <InPorts = 3> <OutPorts = 1> <Sync> <CReg>
ST_1 : Operation 269 [1/1] (0.00ns)   --->   "call void @_ssdm_op_Write.ap_auto.i32P(i32* %res_0_V, i32 %add_ln703_1838)" [firmware/nnet_utils/nnet_dense_resource.h:79->firmware/nnet_utils/nnet_dense_resource.h:253]   --->   Operation 269 'write' <Predicate = true> <Delay = 0.00>
ST_1 : Operation 270 [1/1] (0.00ns)   --->   "call void @_ssdm_op_Write.ap_auto.i32P(i32* %res_1_V, i32 %add_ln703_1854)" [firmware/nnet_utils/nnet_dense_resource.h:79->firmware/nnet_utils/nnet_dense_resource.h:253]   --->   Operation 270 'write' <Predicate = true> <Delay = 0.00>
ST_1 : Operation 271 [1/1] (0.00ns)   --->   "call void @_ssdm_op_Write.ap_auto.i32P(i32* %res_2_V, i32 %add_ln703_1870)" [firmware/nnet_utils/nnet_dense_resource.h:79->firmware/nnet_utils/nnet_dense_resource.h:253]   --->   Operation 271 'write' <Predicate = true> <Delay = 0.00>
ST_1 : Operation 272 [1/1] (0.00ns)   --->   "ret void" [firmware/nnet_utils/nnet_dense_resource.h:259]   --->   Operation 272 'ret' <Predicate = true> <Delay = 0.00>


============================================================
+ Verbose Summary: Timing violations
============================================================
Target clock period: 25ns, clock uncertainty: 6.75ns.

 <State 1>: 5.95ns
The critical path consists of the following:
	wire read on port 'data_3_V_read' (firmware/nnet_utils/nnet_dense_resource.h:246) [32]  (0 ns)
	'mul' operation ('mul_ln1118_1824', firmware/nnet_utils/nnet_mult.h:73->firmware/nnet_utils/nnet_dense_resource.h:56->firmware/nnet_utils/nnet_dense_resource.h:253) [226]  (3.1 ns)
	'add' operation ('add_ln703_1855', firmware/nnet_utils/nnet_dense_resource.h:56->firmware/nnet_utils/nnet_dense_resource.h:253) [265]  (0.662 ns)
	'add' operation ('add_ln703_1857', firmware/nnet_utils/nnet_dense_resource.h:56->firmware/nnet_utils/nnet_dense_resource.h:253) [267]  (0.731 ns)
	'add' operation ('add_ln703_1861', firmware/nnet_utils/nnet_dense_resource.h:56->firmware/nnet_utils/nnet_dense_resource.h:253) [272]  (0.731 ns)
	'add' operation ('add_ln703_1870', firmware/nnet_utils/nnet_dense_resource.h:56->firmware/nnet_utils/nnet_dense_resource.h:253) [286]  (0.731 ns)


============================================================
+ Verbose Summary: Binding
============================================================
N/A
* FSMD analyzer results:
  - Output states:
 - Input state : 
  - Chain level:
	State 1


============================================================
+ Verbose Summary: Datapath Resource usage 
============================================================
N/A
