

================================================================
== Vivado HLS Report for 'relu_ap_fixed_32_16_5_3_0_ap_fixed_32_16_4_0_0_ReLU_config4_s'
================================================================
* Date:           Tue Sep 17 21:05:11 2024

* Version:        2019.2 (Build 2704478 on Wed Nov 06 22:10:23 MST 2019)
* Project:        myproject_prj
* Solution:       solution1
* Product family: virtexuplus
* Target device:  xcvu9p-flga2104-2-e


================================================================
== Performance Estimates
================================================================
+ Timing: 
    * Summary: 
    +--------+----------+----------+------------+
    |  Clock |  Target  | Estimated| Uncertainty|
    +--------+----------+----------+------------+
    |ap_clk  | 25.00 ns | 1.110 ns |   6.75 ns  |
    +--------+----------+----------+------------+

+ Latency: 
    * Summary: 
    +---------+---------+----------+----------+-----+-----+----------+
    |  Latency (cycles) |  Latency (absolute) |  Interval | Pipeline |
    |   min   |   max   |    min   |    max   | min | max |   Type   |
    +---------+---------+----------+----------+-----+-----+----------+
    |        0|        0|   0 ns   |   0 ns   |    1|    1| function |
    +---------+---------+----------+----------+-----+-----+----------+

    + Detail: 
        * Instance: 
        N/A

        * Loop: 
        N/A

============================================================
+ Verbose Summary: Synthesis Manager
============================================================
InlineROM: 1
ExposeGlobal: 0
============================================================
+ Verbose Summary: CDFG Model
============================================================
IsTopModel: 0
ResetActiveHigh: 1
IsCombinational: 2
IsDatapathOnly: 0
HasWiredReturn: 1
HasMFsm: 2
HasVarLatency: 0
IsPipeline: 1
IsRtlPipelined: 0
IsInstanceOverlapped: 0
IsDontTouch: 0
HasImplIP: 0
IsGatedGlobalClock: 0

+ Individual pipeline summary: 
  * Pipeline-0: initiation interval (II) = 1, depth = 1


============================================================
+ Verbose Summary: Schedule
============================================================
* Number of FSM states : 1
* Pipeline : 1
  Pipeline-0 : II = 1, D = 1, States = { 1 }
* Dataflow Pipeline: 0

* FSM state transitions: 
1 --> 

* FSM state operations: 

State 1 <SV = 0> <Delay = 1.11>
ST_1 : Operation 2 [1/1] (0.00ns)   --->   "%data_31_V_read_1 = call i32 @_ssdm_op_Read.ap_auto.i32(i32 %data_31_V_read)" [firmware/nnet_utils/nnet_activation.h:39]   --->   Operation 2 'read' 'data_31_V_read_1' <Predicate = true> <Delay = 0.00>
ST_1 : Operation 3 [1/1] (0.00ns)   --->   "%data_30_V_read_1 = call i32 @_ssdm_op_Read.ap_auto.i32(i32 %data_30_V_read)" [firmware/nnet_utils/nnet_activation.h:39]   --->   Operation 3 'read' 'data_30_V_read_1' <Predicate = true> <Delay = 0.00>
ST_1 : Operation 4 [1/1] (0.00ns)   --->   "%data_29_V_read_1 = call i32 @_ssdm_op_Read.ap_auto.i32(i32 %data_29_V_read)" [firmware/nnet_utils/nnet_activation.h:39]   --->   Operation 4 'read' 'data_29_V_read_1' <Predicate = true> <Delay = 0.00>
ST_1 : Operation 5 [1/1] (0.00ns)   --->   "%data_28_V_read_1 = call i32 @_ssdm_op_Read.ap_auto.i32(i32 %data_28_V_read)" [firmware/nnet_utils/nnet_activation.h:39]   --->   Operation 5 'read' 'data_28_V_read_1' <Predicate = true> <Delay = 0.00>
ST_1 : Operation 6 [1/1] (0.00ns)   --->   "%data_27_V_read_1 = call i32 @_ssdm_op_Read.ap_auto.i32(i32 %data_27_V_read)" [firmware/nnet_utils/nnet_activation.h:39]   --->   Operation 6 'read' 'data_27_V_read_1' <Predicate = true> <Delay = 0.00>
ST_1 : Operation 7 [1/1] (0.00ns)   --->   "%data_26_V_read_1 = call i32 @_ssdm_op_Read.ap_auto.i32(i32 %data_26_V_read)" [firmware/nnet_utils/nnet_activation.h:39]   --->   Operation 7 'read' 'data_26_V_read_1' <Predicate = true> <Delay = 0.00>
ST_1 : Operation 8 [1/1] (0.00ns)   --->   "%data_25_V_read_1 = call i32 @_ssdm_op_Read.ap_auto.i32(i32 %data_25_V_read)" [firmware/nnet_utils/nnet_activation.h:39]   --->   Operation 8 'read' 'data_25_V_read_1' <Predicate = true> <Delay = 0.00>
ST_1 : Operation 9 [1/1] (0.00ns)   --->   "%data_24_V_read_1 = call i32 @_ssdm_op_Read.ap_auto.i32(i32 %data_24_V_read)" [firmware/nnet_utils/nnet_activation.h:39]   --->   Operation 9 'read' 'data_24_V_read_1' <Predicate = true> <Delay = 0.00>
ST_1 : Operation 10 [1/1] (0.00ns)   --->   "%data_23_V_read_1 = call i32 @_ssdm_op_Read.ap_auto.i32(i32 %data_23_V_read)" [firmware/nnet_utils/nnet_activation.h:39]   --->   Operation 10 'read' 'data_23_V_read_1' <Predicate = true> <Delay = 0.00>
ST_1 : Operation 11 [1/1] (0.00ns)   --->   "%data_22_V_read_1 = call i32 @_ssdm_op_Read.ap_auto.i32(i32 %data_22_V_read)" [firmware/nnet_utils/nnet_activation.h:39]   --->   Operation 11 'read' 'data_22_V_read_1' <Predicate = true> <Delay = 0.00>
ST_1 : Operation 12 [1/1] (0.00ns)   --->   "%data_21_V_read_1 = call i32 @_ssdm_op_Read.ap_auto.i32(i32 %data_21_V_read)" [firmware/nnet_utils/nnet_activation.h:39]   --->   Operation 12 'read' 'data_21_V_read_1' <Predicate = true> <Delay = 0.00>
ST_1 : Operation 13 [1/1] (0.00ns)   --->   "%data_20_V_read_1 = call i32 @_ssdm_op_Read.ap_auto.i32(i32 %data_20_V_read)" [firmware/nnet_utils/nnet_activation.h:39]   --->   Operation 13 'read' 'data_20_V_read_1' <Predicate = true> <Delay = 0.00>
ST_1 : Operation 14 [1/1] (0.00ns)   --->   "%data_19_V_read_1 = call i32 @_ssdm_op_Read.ap_auto.i32(i32 %data_19_V_read)" [firmware/nnet_utils/nnet_activation.h:39]   --->   Operation 14 'read' 'data_19_V_read_1' <Predicate = true> <Delay = 0.00>
ST_1 : Operation 15 [1/1] (0.00ns)   --->   "%data_18_V_read_1 = call i32 @_ssdm_op_Read.ap_auto.i32(i32 %data_18_V_read)" [firmware/nnet_utils/nnet_activation.h:39]   --->   Operation 15 'read' 'data_18_V_read_1' <Predicate = true> <Delay = 0.00>
ST_1 : Operation 16 [1/1] (0.00ns)   --->   "%data_17_V_read_1 = call i32 @_ssdm_op_Read.ap_auto.i32(i32 %data_17_V_read)" [firmware/nnet_utils/nnet_activation.h:39]   --->   Operation 16 'read' 'data_17_V_read_1' <Predicate = true> <Delay = 0.00>
ST_1 : Operation 17 [1/1] (0.00ns)   --->   "%data_16_V_read_1 = call i32 @_ssdm_op_Read.ap_auto.i32(i32 %data_16_V_read)" [firmware/nnet_utils/nnet_activation.h:39]   --->   Operation 17 'read' 'data_16_V_read_1' <Predicate = true> <Delay = 0.00>
ST_1 : Operation 18 [1/1] (0.00ns)   --->   "%data_15_V_read_2 = call i32 @_ssdm_op_Read.ap_auto.i32(i32 %data_15_V_read)" [firmware/nnet_utils/nnet_activation.h:39]   --->   Operation 18 'read' 'data_15_V_read_2' <Predicate = true> <Delay = 0.00>
ST_1 : Operation 19 [1/1] (0.00ns)   --->   "%data_14_V_read_2 = call i32 @_ssdm_op_Read.ap_auto.i32(i32 %data_14_V_read)" [firmware/nnet_utils/nnet_activation.h:39]   --->   Operation 19 'read' 'data_14_V_read_2' <Predicate = true> <Delay = 0.00>
ST_1 : Operation 20 [1/1] (0.00ns)   --->   "%data_13_V_read_2 = call i32 @_ssdm_op_Read.ap_auto.i32(i32 %data_13_V_read)" [firmware/nnet_utils/nnet_activation.h:39]   --->   Operation 20 'read' 'data_13_V_read_2' <Predicate = true> <Delay = 0.00>
ST_1 : Operation 21 [1/1] (0.00ns)   --->   "%data_12_V_read_2 = call i32 @_ssdm_op_Read.ap_auto.i32(i32 %data_12_V_read)" [firmware/nnet_utils/nnet_activation.h:39]   --->   Operation 21 'read' 'data_12_V_read_2' <Predicate = true> <Delay = 0.00>
ST_1 : Operation 22 [1/1] (0.00ns)   --->   "%data_11_V_read_2 = call i32 @_ssdm_op_Read.ap_auto.i32(i32 %data_11_V_read)" [firmware/nnet_utils/nnet_activation.h:39]   --->   Operation 22 'read' 'data_11_V_read_2' <Predicate = true> <Delay = 0.00>
ST_1 : Operation 23 [1/1] (0.00ns)   --->   "%data_10_V_read11 = call i32 @_ssdm_op_Read.ap_auto.i32(i32 %data_10_V_read)" [firmware/nnet_utils/nnet_activation.h:39]   --->   Operation 23 'read' 'data_10_V_read11' <Predicate = true> <Delay = 0.00>
ST_1 : Operation 24 [1/1] (0.00ns)   --->   "%data_9_V_read_2 = call i32 @_ssdm_op_Read.ap_auto.i32(i32 %data_9_V_read)" [firmware/nnet_utils/nnet_activation.h:39]   --->   Operation 24 'read' 'data_9_V_read_2' <Predicate = true> <Delay = 0.00>
ST_1 : Operation 25 [1/1] (0.00ns)   --->   "%data_8_V_read_2 = call i32 @_ssdm_op_Read.ap_auto.i32(i32 %data_8_V_read)" [firmware/nnet_utils/nnet_activation.h:39]   --->   Operation 25 'read' 'data_8_V_read_2' <Predicate = true> <Delay = 0.00>
ST_1 : Operation 26 [1/1] (0.00ns)   --->   "%data_7_V_read_2 = call i32 @_ssdm_op_Read.ap_auto.i32(i32 %data_7_V_read)" [firmware/nnet_utils/nnet_activation.h:39]   --->   Operation 26 'read' 'data_7_V_read_2' <Predicate = true> <Delay = 0.00>
ST_1 : Operation 27 [1/1] (0.00ns)   --->   "%data_6_V_read_2 = call i32 @_ssdm_op_Read.ap_auto.i32(i32 %data_6_V_read)" [firmware/nnet_utils/nnet_activation.h:39]   --->   Operation 27 'read' 'data_6_V_read_2' <Predicate = true> <Delay = 0.00>
ST_1 : Operation 28 [1/1] (0.00ns)   --->   "%data_5_V_read_2 = call i32 @_ssdm_op_Read.ap_auto.i32(i32 %data_5_V_read)" [firmware/nnet_utils/nnet_activation.h:39]   --->   Operation 28 'read' 'data_5_V_read_2' <Predicate = true> <Delay = 0.00>
ST_1 : Operation 29 [1/1] (0.00ns)   --->   "%data_4_V_read_2 = call i32 @_ssdm_op_Read.ap_auto.i32(i32 %data_4_V_read)" [firmware/nnet_utils/nnet_activation.h:39]   --->   Operation 29 'read' 'data_4_V_read_2' <Predicate = true> <Delay = 0.00>
ST_1 : Operation 30 [1/1] (0.00ns)   --->   "%data_3_V_read_2 = call i32 @_ssdm_op_Read.ap_auto.i32(i32 %data_3_V_read)" [firmware/nnet_utils/nnet_activation.h:39]   --->   Operation 30 'read' 'data_3_V_read_2' <Predicate = true> <Delay = 0.00>
ST_1 : Operation 31 [1/1] (0.00ns)   --->   "%data_2_V_read_2 = call i32 @_ssdm_op_Read.ap_auto.i32(i32 %data_2_V_read)" [firmware/nnet_utils/nnet_activation.h:39]   --->   Operation 31 'read' 'data_2_V_read_2' <Predicate = true> <Delay = 0.00>
ST_1 : Operation 32 [1/1] (0.00ns)   --->   "%data_1_V_read_2 = call i32 @_ssdm_op_Read.ap_auto.i32(i32 %data_1_V_read)" [firmware/nnet_utils/nnet_activation.h:39]   --->   Operation 32 'read' 'data_1_V_read_2' <Predicate = true> <Delay = 0.00>
ST_1 : Operation 33 [1/1] (0.00ns)   --->   "%data_0_V_read_2 = call i32 @_ssdm_op_Read.ap_auto.i32(i32 %data_0_V_read)" [firmware/nnet_utils/nnet_activation.h:39]   --->   Operation 33 'read' 'data_0_V_read_2' <Predicate = true> <Delay = 0.00>
ST_1 : Operation 34 [1/1] (0.00ns)   --->   "call void (...)* @_ssdm_op_SpecPipeline(i32 -1, i32 1, i32 1, i32 0, [1 x i8]* @p_str7) nounwind" [firmware/nnet_utils/nnet_activation.h:40]   --->   Operation 34 'specpipeline' <Predicate = true> <Delay = 0.00>
ST_1 : Operation 35 [1/1] (0.00ns)   --->   "%trunc_ln1494 = trunc i32 %data_0_V_read_2 to i31" [firmware/nnet_utils/nnet_activation.h:45]   --->   Operation 35 'trunc' 'trunc_ln1494' <Predicate = (icmp_ln1494)> <Delay = 0.00>
ST_1 : Operation 36 [1/1] (0.85ns)   --->   "%icmp_ln1494 = icmp sgt i32 %data_0_V_read_2, 0" [firmware/nnet_utils/nnet_activation.h:45]   --->   Operation 36 'icmp' 'icmp_ln1494' <Predicate = true> <Delay = 0.85> <Core = "Cmp">   --->   Core 25 'Cmp' <Latency = 0> <II = 1> <Delay = 0.85> <FuncUnit> <Opcode : 'icmp'> <InPorts = 2> <OutPorts = 1>
ST_1 : Operation 37 [1/1] (0.25ns)   --->   "%select_ln45 = select i1 %icmp_ln1494, i31 %trunc_ln1494, i31 0" [firmware/nnet_utils/nnet_activation.h:45]   --->   Operation 37 'select' 'select_ln45' <Predicate = true> <Delay = 0.25> <Core = "Sel">   --->   Core 26 'Sel' <Latency = 0> <II = 1> <Delay = 0.25> <FuncUnit> <Opcode : 'select'> <InPorts = 3> <OutPorts = 1>
ST_1 : Operation 38 [1/1] (0.00ns)   --->   "%trunc_ln1494_16 = trunc i32 %data_1_V_read_2 to i31" [firmware/nnet_utils/nnet_activation.h:45]   --->   Operation 38 'trunc' 'trunc_ln1494_16' <Predicate = (icmp_ln1494_1)> <Delay = 0.00>
ST_1 : Operation 39 [1/1] (0.85ns)   --->   "%icmp_ln1494_1 = icmp sgt i32 %data_1_V_read_2, 0" [firmware/nnet_utils/nnet_activation.h:45]   --->   Operation 39 'icmp' 'icmp_ln1494_1' <Predicate = true> <Delay = 0.85> <Core = "Cmp">   --->   Core 25 'Cmp' <Latency = 0> <II = 1> <Delay = 0.85> <FuncUnit> <Opcode : 'icmp'> <InPorts = 2> <OutPorts = 1>
ST_1 : Operation 40 [1/1] (0.25ns)   --->   "%select_ln45_16 = select i1 %icmp_ln1494_1, i31 %trunc_ln1494_16, i31 0" [firmware/nnet_utils/nnet_activation.h:45]   --->   Operation 40 'select' 'select_ln45_16' <Predicate = true> <Delay = 0.25> <Core = "Sel">   --->   Core 26 'Sel' <Latency = 0> <II = 1> <Delay = 0.25> <FuncUnit> <Opcode : 'select'> <InPorts = 3> <OutPorts = 1>
ST_1 : Operation 41 [1/1] (0.00ns)   --->   "%trunc_ln1494_17 = trunc i32 %data_2_V_read_2 to i31" [firmware/nnet_utils/nnet_activation.h:45]   --->   Operation 41 'trunc' 'trunc_ln1494_17' <Predicate = (icmp_ln1494_2)> <Delay = 0.00>
ST_1 : Operation 42 [1/1] (0.85ns)   --->   "%icmp_ln1494_2 = icmp sgt i32 %data_2_V_read_2, 0" [firmware/nnet_utils/nnet_activation.h:45]   --->   Operation 42 'icmp' 'icmp_ln1494_2' <Predicate = true> <Delay = 0.85> <Core = "Cmp">   --->   Core 25 'Cmp' <Latency = 0> <II = 1> <Delay = 0.85> <FuncUnit> <Opcode : 'icmp'> <InPorts = 2> <OutPorts = 1>
ST_1 : Operation 43 [1/1] (0.25ns)   --->   "%select_ln45_17 = select i1 %icmp_ln1494_2, i31 %trunc_ln1494_17, i31 0" [firmware/nnet_utils/nnet_activation.h:45]   --->   Operation 43 'select' 'select_ln45_17' <Predicate = true> <Delay = 0.25> <Core = "Sel">   --->   Core 26 'Sel' <Latency = 0> <II = 1> <Delay = 0.25> <FuncUnit> <Opcode : 'select'> <InPorts = 3> <OutPorts = 1>
ST_1 : Operation 44 [1/1] (0.00ns)   --->   "%trunc_ln1494_18 = trunc i32 %data_3_V_read_2 to i31" [firmware/nnet_utils/nnet_activation.h:45]   --->   Operation 44 'trunc' 'trunc_ln1494_18' <Predicate = (icmp_ln1494_3)> <Delay = 0.00>
ST_1 : Operation 45 [1/1] (0.85ns)   --->   "%icmp_ln1494_3 = icmp sgt i32 %data_3_V_read_2, 0" [firmware/nnet_utils/nnet_activation.h:45]   --->   Operation 45 'icmp' 'icmp_ln1494_3' <Predicate = true> <Delay = 0.85> <Core = "Cmp">   --->   Core 25 'Cmp' <Latency = 0> <II = 1> <Delay = 0.85> <FuncUnit> <Opcode : 'icmp'> <InPorts = 2> <OutPorts = 1>
ST_1 : Operation 46 [1/1] (0.25ns)   --->   "%select_ln45_18 = select i1 %icmp_ln1494_3, i31 %trunc_ln1494_18, i31 0" [firmware/nnet_utils/nnet_activation.h:45]   --->   Operation 46 'select' 'select_ln45_18' <Predicate = true> <Delay = 0.25> <Core = "Sel">   --->   Core 26 'Sel' <Latency = 0> <II = 1> <Delay = 0.25> <FuncUnit> <Opcode : 'select'> <InPorts = 3> <OutPorts = 1>
ST_1 : Operation 47 [1/1] (0.00ns)   --->   "%trunc_ln1494_19 = trunc i32 %data_4_V_read_2 to i31" [firmware/nnet_utils/nnet_activation.h:45]   --->   Operation 47 'trunc' 'trunc_ln1494_19' <Predicate = (icmp_ln1494_4)> <Delay = 0.00>
ST_1 : Operation 48 [1/1] (0.85ns)   --->   "%icmp_ln1494_4 = icmp sgt i32 %data_4_V_read_2, 0" [firmware/nnet_utils/nnet_activation.h:45]   --->   Operation 48 'icmp' 'icmp_ln1494_4' <Predicate = true> <Delay = 0.85> <Core = "Cmp">   --->   Core 25 'Cmp' <Latency = 0> <II = 1> <Delay = 0.85> <FuncUnit> <Opcode : 'icmp'> <InPorts = 2> <OutPorts = 1>
ST_1 : Operation 49 [1/1] (0.25ns)   --->   "%select_ln45_19 = select i1 %icmp_ln1494_4, i31 %trunc_ln1494_19, i31 0" [firmware/nnet_utils/nnet_activation.h:45]   --->   Operation 49 'select' 'select_ln45_19' <Predicate = true> <Delay = 0.25> <Core = "Sel">   --->   Core 26 'Sel' <Latency = 0> <II = 1> <Delay = 0.25> <FuncUnit> <Opcode : 'select'> <InPorts = 3> <OutPorts = 1>
ST_1 : Operation 50 [1/1] (0.00ns)   --->   "%trunc_ln1494_20 = trunc i32 %data_5_V_read_2 to i31" [firmware/nnet_utils/nnet_activation.h:45]   --->   Operation 50 'trunc' 'trunc_ln1494_20' <Predicate = (icmp_ln1494_5)> <Delay = 0.00>
ST_1 : Operation 51 [1/1] (0.85ns)   --->   "%icmp_ln1494_5 = icmp sgt i32 %data_5_V_read_2, 0" [firmware/nnet_utils/nnet_activation.h:45]   --->   Operation 51 'icmp' 'icmp_ln1494_5' <Predicate = true> <Delay = 0.85> <Core = "Cmp">   --->   Core 25 'Cmp' <Latency = 0> <II = 1> <Delay = 0.85> <FuncUnit> <Opcode : 'icmp'> <InPorts = 2> <OutPorts = 1>
ST_1 : Operation 52 [1/1] (0.25ns)   --->   "%select_ln45_20 = select i1 %icmp_ln1494_5, i31 %trunc_ln1494_20, i31 0" [firmware/nnet_utils/nnet_activation.h:45]   --->   Operation 52 'select' 'select_ln45_20' <Predicate = true> <Delay = 0.25> <Core = "Sel">   --->   Core 26 'Sel' <Latency = 0> <II = 1> <Delay = 0.25> <FuncUnit> <Opcode : 'select'> <InPorts = 3> <OutPorts = 1>
ST_1 : Operation 53 [1/1] (0.00ns)   --->   "%trunc_ln1494_21 = trunc i32 %data_6_V_read_2 to i31" [firmware/nnet_utils/nnet_activation.h:45]   --->   Operation 53 'trunc' 'trunc_ln1494_21' <Predicate = (icmp_ln1494_6)> <Delay = 0.00>
ST_1 : Operation 54 [1/1] (0.85ns)   --->   "%icmp_ln1494_6 = icmp sgt i32 %data_6_V_read_2, 0" [firmware/nnet_utils/nnet_activation.h:45]   --->   Operation 54 'icmp' 'icmp_ln1494_6' <Predicate = true> <Delay = 0.85> <Core = "Cmp">   --->   Core 25 'Cmp' <Latency = 0> <II = 1> <Delay = 0.85> <FuncUnit> <Opcode : 'icmp'> <InPorts = 2> <OutPorts = 1>
ST_1 : Operation 55 [1/1] (0.25ns)   --->   "%select_ln45_21 = select i1 %icmp_ln1494_6, i31 %trunc_ln1494_21, i31 0" [firmware/nnet_utils/nnet_activation.h:45]   --->   Operation 55 'select' 'select_ln45_21' <Predicate = true> <Delay = 0.25> <Core = "Sel">   --->   Core 26 'Sel' <Latency = 0> <II = 1> <Delay = 0.25> <FuncUnit> <Opcode : 'select'> <InPorts = 3> <OutPorts = 1>
ST_1 : Operation 56 [1/1] (0.00ns)   --->   "%trunc_ln1494_22 = trunc i32 %data_7_V_read_2 to i31" [firmware/nnet_utils/nnet_activation.h:45]   --->   Operation 56 'trunc' 'trunc_ln1494_22' <Predicate = (icmp_ln1494_7)> <Delay = 0.00>
ST_1 : Operation 57 [1/1] (0.85ns)   --->   "%icmp_ln1494_7 = icmp sgt i32 %data_7_V_read_2, 0" [firmware/nnet_utils/nnet_activation.h:45]   --->   Operation 57 'icmp' 'icmp_ln1494_7' <Predicate = true> <Delay = 0.85> <Core = "Cmp">   --->   Core 25 'Cmp' <Latency = 0> <II = 1> <Delay = 0.85> <FuncUnit> <Opcode : 'icmp'> <InPorts = 2> <OutPorts = 1>
ST_1 : Operation 58 [1/1] (0.25ns)   --->   "%select_ln45_22 = select i1 %icmp_ln1494_7, i31 %trunc_ln1494_22, i31 0" [firmware/nnet_utils/nnet_activation.h:45]   --->   Operation 58 'select' 'select_ln45_22' <Predicate = true> <Delay = 0.25> <Core = "Sel">   --->   Core 26 'Sel' <Latency = 0> <II = 1> <Delay = 0.25> <FuncUnit> <Opcode : 'select'> <InPorts = 3> <OutPorts = 1>
ST_1 : Operation 59 [1/1] (0.00ns)   --->   "%trunc_ln1494_23 = trunc i32 %data_8_V_read_2 to i31" [firmware/nnet_utils/nnet_activation.h:45]   --->   Operation 59 'trunc' 'trunc_ln1494_23' <Predicate = (icmp_ln1494_8)> <Delay = 0.00>
ST_1 : Operation 60 [1/1] (0.85ns)   --->   "%icmp_ln1494_8 = icmp sgt i32 %data_8_V_read_2, 0" [firmware/nnet_utils/nnet_activation.h:45]   --->   Operation 60 'icmp' 'icmp_ln1494_8' <Predicate = true> <Delay = 0.85> <Core = "Cmp">   --->   Core 25 'Cmp' <Latency = 0> <II = 1> <Delay = 0.85> <FuncUnit> <Opcode : 'icmp'> <InPorts = 2> <OutPorts = 1>
ST_1 : Operation 61 [1/1] (0.25ns)   --->   "%select_ln45_23 = select i1 %icmp_ln1494_8, i31 %trunc_ln1494_23, i31 0" [firmware/nnet_utils/nnet_activation.h:45]   --->   Operation 61 'select' 'select_ln45_23' <Predicate = true> <Delay = 0.25> <Core = "Sel">   --->   Core 26 'Sel' <Latency = 0> <II = 1> <Delay = 0.25> <FuncUnit> <Opcode : 'select'> <InPorts = 3> <OutPorts = 1>
ST_1 : Operation 62 [1/1] (0.00ns)   --->   "%trunc_ln1494_24 = trunc i32 %data_9_V_read_2 to i31" [firmware/nnet_utils/nnet_activation.h:45]   --->   Operation 62 'trunc' 'trunc_ln1494_24' <Predicate = (icmp_ln1494_9)> <Delay = 0.00>
ST_1 : Operation 63 [1/1] (0.85ns)   --->   "%icmp_ln1494_9 = icmp sgt i32 %data_9_V_read_2, 0" [firmware/nnet_utils/nnet_activation.h:45]   --->   Operation 63 'icmp' 'icmp_ln1494_9' <Predicate = true> <Delay = 0.85> <Core = "Cmp">   --->   Core 25 'Cmp' <Latency = 0> <II = 1> <Delay = 0.85> <FuncUnit> <Opcode : 'icmp'> <InPorts = 2> <OutPorts = 1>
ST_1 : Operation 64 [1/1] (0.25ns)   --->   "%select_ln45_24 = select i1 %icmp_ln1494_9, i31 %trunc_ln1494_24, i31 0" [firmware/nnet_utils/nnet_activation.h:45]   --->   Operation 64 'select' 'select_ln45_24' <Predicate = true> <Delay = 0.25> <Core = "Sel">   --->   Core 26 'Sel' <Latency = 0> <II = 1> <Delay = 0.25> <FuncUnit> <Opcode : 'select'> <InPorts = 3> <OutPorts = 1>
ST_1 : Operation 65 [1/1] (0.00ns)   --->   "%trunc_ln1494_25 = trunc i32 %data_10_V_read11 to i31" [firmware/nnet_utils/nnet_activation.h:45]   --->   Operation 65 'trunc' 'trunc_ln1494_25' <Predicate = (icmp_ln1494_10)> <Delay = 0.00>
ST_1 : Operation 66 [1/1] (0.85ns)   --->   "%icmp_ln1494_10 = icmp sgt i32 %data_10_V_read11, 0" [firmware/nnet_utils/nnet_activation.h:45]   --->   Operation 66 'icmp' 'icmp_ln1494_10' <Predicate = true> <Delay = 0.85> <Core = "Cmp">   --->   Core 25 'Cmp' <Latency = 0> <II = 1> <Delay = 0.85> <FuncUnit> <Opcode : 'icmp'> <InPorts = 2> <OutPorts = 1>
ST_1 : Operation 67 [1/1] (0.25ns)   --->   "%select_ln45_25 = select i1 %icmp_ln1494_10, i31 %trunc_ln1494_25, i31 0" [firmware/nnet_utils/nnet_activation.h:45]   --->   Operation 67 'select' 'select_ln45_25' <Predicate = true> <Delay = 0.25> <Core = "Sel">   --->   Core 26 'Sel' <Latency = 0> <II = 1> <Delay = 0.25> <FuncUnit> <Opcode : 'select'> <InPorts = 3> <OutPorts = 1>
ST_1 : Operation 68 [1/1] (0.00ns)   --->   "%trunc_ln1494_26 = trunc i32 %data_11_V_read_2 to i31" [firmware/nnet_utils/nnet_activation.h:45]   --->   Operation 68 'trunc' 'trunc_ln1494_26' <Predicate = (icmp_ln1494_11)> <Delay = 0.00>
ST_1 : Operation 69 [1/1] (0.85ns)   --->   "%icmp_ln1494_11 = icmp sgt i32 %data_11_V_read_2, 0" [firmware/nnet_utils/nnet_activation.h:45]   --->   Operation 69 'icmp' 'icmp_ln1494_11' <Predicate = true> <Delay = 0.85> <Core = "Cmp">   --->   Core 25 'Cmp' <Latency = 0> <II = 1> <Delay = 0.85> <FuncUnit> <Opcode : 'icmp'> <InPorts = 2> <OutPorts = 1>
ST_1 : Operation 70 [1/1] (0.25ns)   --->   "%select_ln45_26 = select i1 %icmp_ln1494_11, i31 %trunc_ln1494_26, i31 0" [firmware/nnet_utils/nnet_activation.h:45]   --->   Operation 70 'select' 'select_ln45_26' <Predicate = true> <Delay = 0.25> <Core = "Sel">   --->   Core 26 'Sel' <Latency = 0> <II = 1> <Delay = 0.25> <FuncUnit> <Opcode : 'select'> <InPorts = 3> <OutPorts = 1>
ST_1 : Operation 71 [1/1] (0.00ns)   --->   "%trunc_ln1494_27 = trunc i32 %data_12_V_read_2 to i31" [firmware/nnet_utils/nnet_activation.h:45]   --->   Operation 71 'trunc' 'trunc_ln1494_27' <Predicate = (icmp_ln1494_12)> <Delay = 0.00>
ST_1 : Operation 72 [1/1] (0.85ns)   --->   "%icmp_ln1494_12 = icmp sgt i32 %data_12_V_read_2, 0" [firmware/nnet_utils/nnet_activation.h:45]   --->   Operation 72 'icmp' 'icmp_ln1494_12' <Predicate = true> <Delay = 0.85> <Core = "Cmp">   --->   Core 25 'Cmp' <Latency = 0> <II = 1> <Delay = 0.85> <FuncUnit> <Opcode : 'icmp'> <InPorts = 2> <OutPorts = 1>
ST_1 : Operation 73 [1/1] (0.25ns)   --->   "%select_ln45_27 = select i1 %icmp_ln1494_12, i31 %trunc_ln1494_27, i31 0" [firmware/nnet_utils/nnet_activation.h:45]   --->   Operation 73 'select' 'select_ln45_27' <Predicate = true> <Delay = 0.25> <Core = "Sel">   --->   Core 26 'Sel' <Latency = 0> <II = 1> <Delay = 0.25> <FuncUnit> <Opcode : 'select'> <InPorts = 3> <OutPorts = 1>
ST_1 : Operation 74 [1/1] (0.00ns)   --->   "%trunc_ln1494_28 = trunc i32 %data_13_V_read_2 to i31" [firmware/nnet_utils/nnet_activation.h:45]   --->   Operation 74 'trunc' 'trunc_ln1494_28' <Predicate = (icmp_ln1494_13)> <Delay = 0.00>
ST_1 : Operation 75 [1/1] (0.85ns)   --->   "%icmp_ln1494_13 = icmp sgt i32 %data_13_V_read_2, 0" [firmware/nnet_utils/nnet_activation.h:45]   --->   Operation 75 'icmp' 'icmp_ln1494_13' <Predicate = true> <Delay = 0.85> <Core = "Cmp">   --->   Core 25 'Cmp' <Latency = 0> <II = 1> <Delay = 0.85> <FuncUnit> <Opcode : 'icmp'> <InPorts = 2> <OutPorts = 1>
ST_1 : Operation 76 [1/1] (0.25ns)   --->   "%select_ln45_28 = select i1 %icmp_ln1494_13, i31 %trunc_ln1494_28, i31 0" [firmware/nnet_utils/nnet_activation.h:45]   --->   Operation 76 'select' 'select_ln45_28' <Predicate = true> <Delay = 0.25> <Core = "Sel">   --->   Core 26 'Sel' <Latency = 0> <II = 1> <Delay = 0.25> <FuncUnit> <Opcode : 'select'> <InPorts = 3> <OutPorts = 1>
ST_1 : Operation 77 [1/1] (0.00ns)   --->   "%trunc_ln1494_29 = trunc i32 %data_14_V_read_2 to i31" [firmware/nnet_utils/nnet_activation.h:45]   --->   Operation 77 'trunc' 'trunc_ln1494_29' <Predicate = (icmp_ln1494_14)> <Delay = 0.00>
ST_1 : Operation 78 [1/1] (0.85ns)   --->   "%icmp_ln1494_14 = icmp sgt i32 %data_14_V_read_2, 0" [firmware/nnet_utils/nnet_activation.h:45]   --->   Operation 78 'icmp' 'icmp_ln1494_14' <Predicate = true> <Delay = 0.85> <Core = "Cmp">   --->   Core 25 'Cmp' <Latency = 0> <II = 1> <Delay = 0.85> <FuncUnit> <Opcode : 'icmp'> <InPorts = 2> <OutPorts = 1>
ST_1 : Operation 79 [1/1] (0.25ns)   --->   "%select_ln45_29 = select i1 %icmp_ln1494_14, i31 %trunc_ln1494_29, i31 0" [firmware/nnet_utils/nnet_activation.h:45]   --->   Operation 79 'select' 'select_ln45_29' <Predicate = true> <Delay = 0.25> <Core = "Sel">   --->   Core 26 'Sel' <Latency = 0> <II = 1> <Delay = 0.25> <FuncUnit> <Opcode : 'select'> <InPorts = 3> <OutPorts = 1>
ST_1 : Operation 80 [1/1] (0.00ns)   --->   "%trunc_ln1494_30 = trunc i32 %data_15_V_read_2 to i31" [firmware/nnet_utils/nnet_activation.h:45]   --->   Operation 80 'trunc' 'trunc_ln1494_30' <Predicate = (icmp_ln1494_15)> <Delay = 0.00>
ST_1 : Operation 81 [1/1] (0.85ns)   --->   "%icmp_ln1494_15 = icmp sgt i32 %data_15_V_read_2, 0" [firmware/nnet_utils/nnet_activation.h:45]   --->   Operation 81 'icmp' 'icmp_ln1494_15' <Predicate = true> <Delay = 0.85> <Core = "Cmp">   --->   Core 25 'Cmp' <Latency = 0> <II = 1> <Delay = 0.85> <FuncUnit> <Opcode : 'icmp'> <InPorts = 2> <OutPorts = 1>
ST_1 : Operation 82 [1/1] (0.25ns)   --->   "%select_ln45_30 = select i1 %icmp_ln1494_15, i31 %trunc_ln1494_30, i31 0" [firmware/nnet_utils/nnet_activation.h:45]   --->   Operation 82 'select' 'select_ln45_30' <Predicate = true> <Delay = 0.25> <Core = "Sel">   --->   Core 26 'Sel' <Latency = 0> <II = 1> <Delay = 0.25> <FuncUnit> <Opcode : 'select'> <InPorts = 3> <OutPorts = 1>
ST_1 : Operation 83 [1/1] (0.00ns)   --->   "%trunc_ln1494_31 = trunc i32 %data_16_V_read_1 to i31" [firmware/nnet_utils/nnet_activation.h:45]   --->   Operation 83 'trunc' 'trunc_ln1494_31' <Predicate = (icmp_ln1494_16)> <Delay = 0.00>
ST_1 : Operation 84 [1/1] (0.85ns)   --->   "%icmp_ln1494_16 = icmp sgt i32 %data_16_V_read_1, 0" [firmware/nnet_utils/nnet_activation.h:45]   --->   Operation 84 'icmp' 'icmp_ln1494_16' <Predicate = true> <Delay = 0.85> <Core = "Cmp">   --->   Core 25 'Cmp' <Latency = 0> <II = 1> <Delay = 0.85> <FuncUnit> <Opcode : 'icmp'> <InPorts = 2> <OutPorts = 1>
ST_1 : Operation 85 [1/1] (0.25ns)   --->   "%select_ln45_31 = select i1 %icmp_ln1494_16, i31 %trunc_ln1494_31, i31 0" [firmware/nnet_utils/nnet_activation.h:45]   --->   Operation 85 'select' 'select_ln45_31' <Predicate = true> <Delay = 0.25> <Core = "Sel">   --->   Core 26 'Sel' <Latency = 0> <II = 1> <Delay = 0.25> <FuncUnit> <Opcode : 'select'> <InPorts = 3> <OutPorts = 1>
ST_1 : Operation 86 [1/1] (0.00ns)   --->   "%trunc_ln1494_32 = trunc i32 %data_17_V_read_1 to i31" [firmware/nnet_utils/nnet_activation.h:45]   --->   Operation 86 'trunc' 'trunc_ln1494_32' <Predicate = (icmp_ln1494_17)> <Delay = 0.00>
ST_1 : Operation 87 [1/1] (0.85ns)   --->   "%icmp_ln1494_17 = icmp sgt i32 %data_17_V_read_1, 0" [firmware/nnet_utils/nnet_activation.h:45]   --->   Operation 87 'icmp' 'icmp_ln1494_17' <Predicate = true> <Delay = 0.85> <Core = "Cmp">   --->   Core 25 'Cmp' <Latency = 0> <II = 1> <Delay = 0.85> <FuncUnit> <Opcode : 'icmp'> <InPorts = 2> <OutPorts = 1>
ST_1 : Operation 88 [1/1] (0.25ns)   --->   "%select_ln45_32 = select i1 %icmp_ln1494_17, i31 %trunc_ln1494_32, i31 0" [firmware/nnet_utils/nnet_activation.h:45]   --->   Operation 88 'select' 'select_ln45_32' <Predicate = true> <Delay = 0.25> <Core = "Sel">   --->   Core 26 'Sel' <Latency = 0> <II = 1> <Delay = 0.25> <FuncUnit> <Opcode : 'select'> <InPorts = 3> <OutPorts = 1>
ST_1 : Operation 89 [1/1] (0.00ns)   --->   "%trunc_ln1494_33 = trunc i32 %data_18_V_read_1 to i31" [firmware/nnet_utils/nnet_activation.h:45]   --->   Operation 89 'trunc' 'trunc_ln1494_33' <Predicate = (icmp_ln1494_18)> <Delay = 0.00>
ST_1 : Operation 90 [1/1] (0.85ns)   --->   "%icmp_ln1494_18 = icmp sgt i32 %data_18_V_read_1, 0" [firmware/nnet_utils/nnet_activation.h:45]   --->   Operation 90 'icmp' 'icmp_ln1494_18' <Predicate = true> <Delay = 0.85> <Core = "Cmp">   --->   Core 25 'Cmp' <Latency = 0> <II = 1> <Delay = 0.85> <FuncUnit> <Opcode : 'icmp'> <InPorts = 2> <OutPorts = 1>
ST_1 : Operation 91 [1/1] (0.25ns)   --->   "%select_ln45_33 = select i1 %icmp_ln1494_18, i31 %trunc_ln1494_33, i31 0" [firmware/nnet_utils/nnet_activation.h:45]   --->   Operation 91 'select' 'select_ln45_33' <Predicate = true> <Delay = 0.25> <Core = "Sel">   --->   Core 26 'Sel' <Latency = 0> <II = 1> <Delay = 0.25> <FuncUnit> <Opcode : 'select'> <InPorts = 3> <OutPorts = 1>
ST_1 : Operation 92 [1/1] (0.00ns)   --->   "%trunc_ln1494_34 = trunc i32 %data_19_V_read_1 to i31" [firmware/nnet_utils/nnet_activation.h:45]   --->   Operation 92 'trunc' 'trunc_ln1494_34' <Predicate = (icmp_ln1494_19)> <Delay = 0.00>
ST_1 : Operation 93 [1/1] (0.85ns)   --->   "%icmp_ln1494_19 = icmp sgt i32 %data_19_V_read_1, 0" [firmware/nnet_utils/nnet_activation.h:45]   --->   Operation 93 'icmp' 'icmp_ln1494_19' <Predicate = true> <Delay = 0.85> <Core = "Cmp">   --->   Core 25 'Cmp' <Latency = 0> <II = 1> <Delay = 0.85> <FuncUnit> <Opcode : 'icmp'> <InPorts = 2> <OutPorts = 1>
ST_1 : Operation 94 [1/1] (0.25ns)   --->   "%select_ln45_34 = select i1 %icmp_ln1494_19, i31 %trunc_ln1494_34, i31 0" [firmware/nnet_utils/nnet_activation.h:45]   --->   Operation 94 'select' 'select_ln45_34' <Predicate = true> <Delay = 0.25> <Core = "Sel">   --->   Core 26 'Sel' <Latency = 0> <II = 1> <Delay = 0.25> <FuncUnit> <Opcode : 'select'> <InPorts = 3> <OutPorts = 1>
ST_1 : Operation 95 [1/1] (0.00ns)   --->   "%trunc_ln1494_35 = trunc i32 %data_20_V_read_1 to i31" [firmware/nnet_utils/nnet_activation.h:45]   --->   Operation 95 'trunc' 'trunc_ln1494_35' <Predicate = (icmp_ln1494_20)> <Delay = 0.00>
ST_1 : Operation 96 [1/1] (0.85ns)   --->   "%icmp_ln1494_20 = icmp sgt i32 %data_20_V_read_1, 0" [firmware/nnet_utils/nnet_activation.h:45]   --->   Operation 96 'icmp' 'icmp_ln1494_20' <Predicate = true> <Delay = 0.85> <Core = "Cmp">   --->   Core 25 'Cmp' <Latency = 0> <II = 1> <Delay = 0.85> <FuncUnit> <Opcode : 'icmp'> <InPorts = 2> <OutPorts = 1>
ST_1 : Operation 97 [1/1] (0.25ns)   --->   "%select_ln45_35 = select i1 %icmp_ln1494_20, i31 %trunc_ln1494_35, i31 0" [firmware/nnet_utils/nnet_activation.h:45]   --->   Operation 97 'select' 'select_ln45_35' <Predicate = true> <Delay = 0.25> <Core = "Sel">   --->   Core 26 'Sel' <Latency = 0> <II = 1> <Delay = 0.25> <FuncUnit> <Opcode : 'select'> <InPorts = 3> <OutPorts = 1>
ST_1 : Operation 98 [1/1] (0.00ns)   --->   "%trunc_ln1494_36 = trunc i32 %data_21_V_read_1 to i31" [firmware/nnet_utils/nnet_activation.h:45]   --->   Operation 98 'trunc' 'trunc_ln1494_36' <Predicate = (icmp_ln1494_21)> <Delay = 0.00>
ST_1 : Operation 99 [1/1] (0.85ns)   --->   "%icmp_ln1494_21 = icmp sgt i32 %data_21_V_read_1, 0" [firmware/nnet_utils/nnet_activation.h:45]   --->   Operation 99 'icmp' 'icmp_ln1494_21' <Predicate = true> <Delay = 0.85> <Core = "Cmp">   --->   Core 25 'Cmp' <Latency = 0> <II = 1> <Delay = 0.85> <FuncUnit> <Opcode : 'icmp'> <InPorts = 2> <OutPorts = 1>
ST_1 : Operation 100 [1/1] (0.25ns)   --->   "%select_ln45_36 = select i1 %icmp_ln1494_21, i31 %trunc_ln1494_36, i31 0" [firmware/nnet_utils/nnet_activation.h:45]   --->   Operation 100 'select' 'select_ln45_36' <Predicate = true> <Delay = 0.25> <Core = "Sel">   --->   Core 26 'Sel' <Latency = 0> <II = 1> <Delay = 0.25> <FuncUnit> <Opcode : 'select'> <InPorts = 3> <OutPorts = 1>
ST_1 : Operation 101 [1/1] (0.00ns)   --->   "%trunc_ln1494_37 = trunc i32 %data_22_V_read_1 to i31" [firmware/nnet_utils/nnet_activation.h:45]   --->   Operation 101 'trunc' 'trunc_ln1494_37' <Predicate = (icmp_ln1494_22)> <Delay = 0.00>
ST_1 : Operation 102 [1/1] (0.85ns)   --->   "%icmp_ln1494_22 = icmp sgt i32 %data_22_V_read_1, 0" [firmware/nnet_utils/nnet_activation.h:45]   --->   Operation 102 'icmp' 'icmp_ln1494_22' <Predicate = true> <Delay = 0.85> <Core = "Cmp">   --->   Core 25 'Cmp' <Latency = 0> <II = 1> <Delay = 0.85> <FuncUnit> <Opcode : 'icmp'> <InPorts = 2> <OutPorts = 1>
ST_1 : Operation 103 [1/1] (0.25ns)   --->   "%select_ln45_37 = select i1 %icmp_ln1494_22, i31 %trunc_ln1494_37, i31 0" [firmware/nnet_utils/nnet_activation.h:45]   --->   Operation 103 'select' 'select_ln45_37' <Predicate = true> <Delay = 0.25> <Core = "Sel">   --->   Core 26 'Sel' <Latency = 0> <II = 1> <Delay = 0.25> <FuncUnit> <Opcode : 'select'> <InPorts = 3> <OutPorts = 1>
ST_1 : Operation 104 [1/1] (0.00ns)   --->   "%trunc_ln1494_38 = trunc i32 %data_23_V_read_1 to i31" [firmware/nnet_utils/nnet_activation.h:45]   --->   Operation 104 'trunc' 'trunc_ln1494_38' <Predicate = (icmp_ln1494_23)> <Delay = 0.00>
ST_1 : Operation 105 [1/1] (0.85ns)   --->   "%icmp_ln1494_23 = icmp sgt i32 %data_23_V_read_1, 0" [firmware/nnet_utils/nnet_activation.h:45]   --->   Operation 105 'icmp' 'icmp_ln1494_23' <Predicate = true> <Delay = 0.85> <Core = "Cmp">   --->   Core 25 'Cmp' <Latency = 0> <II = 1> <Delay = 0.85> <FuncUnit> <Opcode : 'icmp'> <InPorts = 2> <OutPorts = 1>
ST_1 : Operation 106 [1/1] (0.25ns)   --->   "%select_ln45_38 = select i1 %icmp_ln1494_23, i31 %trunc_ln1494_38, i31 0" [firmware/nnet_utils/nnet_activation.h:45]   --->   Operation 106 'select' 'select_ln45_38' <Predicate = true> <Delay = 0.25> <Core = "Sel">   --->   Core 26 'Sel' <Latency = 0> <II = 1> <Delay = 0.25> <FuncUnit> <Opcode : 'select'> <InPorts = 3> <OutPorts = 1>
ST_1 : Operation 107 [1/1] (0.00ns)   --->   "%trunc_ln1494_39 = trunc i32 %data_24_V_read_1 to i31" [firmware/nnet_utils/nnet_activation.h:45]   --->   Operation 107 'trunc' 'trunc_ln1494_39' <Predicate = (icmp_ln1494_24)> <Delay = 0.00>
ST_1 : Operation 108 [1/1] (0.85ns)   --->   "%icmp_ln1494_24 = icmp sgt i32 %data_24_V_read_1, 0" [firmware/nnet_utils/nnet_activation.h:45]   --->   Operation 108 'icmp' 'icmp_ln1494_24' <Predicate = true> <Delay = 0.85> <Core = "Cmp">   --->   Core 25 'Cmp' <Latency = 0> <II = 1> <Delay = 0.85> <FuncUnit> <Opcode : 'icmp'> <InPorts = 2> <OutPorts = 1>
ST_1 : Operation 109 [1/1] (0.25ns)   --->   "%select_ln45_39 = select i1 %icmp_ln1494_24, i31 %trunc_ln1494_39, i31 0" [firmware/nnet_utils/nnet_activation.h:45]   --->   Operation 109 'select' 'select_ln45_39' <Predicate = true> <Delay = 0.25> <Core = "Sel">   --->   Core 26 'Sel' <Latency = 0> <II = 1> <Delay = 0.25> <FuncUnit> <Opcode : 'select'> <InPorts = 3> <OutPorts = 1>
ST_1 : Operation 110 [1/1] (0.00ns)   --->   "%trunc_ln1494_40 = trunc i32 %data_25_V_read_1 to i31" [firmware/nnet_utils/nnet_activation.h:45]   --->   Operation 110 'trunc' 'trunc_ln1494_40' <Predicate = (icmp_ln1494_25)> <Delay = 0.00>
ST_1 : Operation 111 [1/1] (0.85ns)   --->   "%icmp_ln1494_25 = icmp sgt i32 %data_25_V_read_1, 0" [firmware/nnet_utils/nnet_activation.h:45]   --->   Operation 111 'icmp' 'icmp_ln1494_25' <Predicate = true> <Delay = 0.85> <Core = "Cmp">   --->   Core 25 'Cmp' <Latency = 0> <II = 1> <Delay = 0.85> <FuncUnit> <Opcode : 'icmp'> <InPorts = 2> <OutPorts = 1>
ST_1 : Operation 112 [1/1] (0.25ns)   --->   "%select_ln45_40 = select i1 %icmp_ln1494_25, i31 %trunc_ln1494_40, i31 0" [firmware/nnet_utils/nnet_activation.h:45]   --->   Operation 112 'select' 'select_ln45_40' <Predicate = true> <Delay = 0.25> <Core = "Sel">   --->   Core 26 'Sel' <Latency = 0> <II = 1> <Delay = 0.25> <FuncUnit> <Opcode : 'select'> <InPorts = 3> <OutPorts = 1>
ST_1 : Operation 113 [1/1] (0.00ns)   --->   "%trunc_ln1494_41 = trunc i32 %data_26_V_read_1 to i31" [firmware/nnet_utils/nnet_activation.h:45]   --->   Operation 113 'trunc' 'trunc_ln1494_41' <Predicate = (icmp_ln1494_26)> <Delay = 0.00>
ST_1 : Operation 114 [1/1] (0.85ns)   --->   "%icmp_ln1494_26 = icmp sgt i32 %data_26_V_read_1, 0" [firmware/nnet_utils/nnet_activation.h:45]   --->   Operation 114 'icmp' 'icmp_ln1494_26' <Predicate = true> <Delay = 0.85> <Core = "Cmp">   --->   Core 25 'Cmp' <Latency = 0> <II = 1> <Delay = 0.85> <FuncUnit> <Opcode : 'icmp'> <InPorts = 2> <OutPorts = 1>
ST_1 : Operation 115 [1/1] (0.25ns)   --->   "%select_ln45_41 = select i1 %icmp_ln1494_26, i31 %trunc_ln1494_41, i31 0" [firmware/nnet_utils/nnet_activation.h:45]   --->   Operation 115 'select' 'select_ln45_41' <Predicate = true> <Delay = 0.25> <Core = "Sel">   --->   Core 26 'Sel' <Latency = 0> <II = 1> <Delay = 0.25> <FuncUnit> <Opcode : 'select'> <InPorts = 3> <OutPorts = 1>
ST_1 : Operation 116 [1/1] (0.00ns)   --->   "%trunc_ln1494_42 = trunc i32 %data_27_V_read_1 to i31" [firmware/nnet_utils/nnet_activation.h:45]   --->   Operation 116 'trunc' 'trunc_ln1494_42' <Predicate = (icmp_ln1494_27)> <Delay = 0.00>
ST_1 : Operation 117 [1/1] (0.85ns)   --->   "%icmp_ln1494_27 = icmp sgt i32 %data_27_V_read_1, 0" [firmware/nnet_utils/nnet_activation.h:45]   --->   Operation 117 'icmp' 'icmp_ln1494_27' <Predicate = true> <Delay = 0.85> <Core = "Cmp">   --->   Core 25 'Cmp' <Latency = 0> <II = 1> <Delay = 0.85> <FuncUnit> <Opcode : 'icmp'> <InPorts = 2> <OutPorts = 1>
ST_1 : Operation 118 [1/1] (0.25ns)   --->   "%select_ln45_42 = select i1 %icmp_ln1494_27, i31 %trunc_ln1494_42, i31 0" [firmware/nnet_utils/nnet_activation.h:45]   --->   Operation 118 'select' 'select_ln45_42' <Predicate = true> <Delay = 0.25> <Core = "Sel">   --->   Core 26 'Sel' <Latency = 0> <II = 1> <Delay = 0.25> <FuncUnit> <Opcode : 'select'> <InPorts = 3> <OutPorts = 1>
ST_1 : Operation 119 [1/1] (0.00ns)   --->   "%trunc_ln1494_43 = trunc i32 %data_28_V_read_1 to i31" [firmware/nnet_utils/nnet_activation.h:45]   --->   Operation 119 'trunc' 'trunc_ln1494_43' <Predicate = (icmp_ln1494_28)> <Delay = 0.00>
ST_1 : Operation 120 [1/1] (0.85ns)   --->   "%icmp_ln1494_28 = icmp sgt i32 %data_28_V_read_1, 0" [firmware/nnet_utils/nnet_activation.h:45]   --->   Operation 120 'icmp' 'icmp_ln1494_28' <Predicate = true> <Delay = 0.85> <Core = "Cmp">   --->   Core 25 'Cmp' <Latency = 0> <II = 1> <Delay = 0.85> <FuncUnit> <Opcode : 'icmp'> <InPorts = 2> <OutPorts = 1>
ST_1 : Operation 121 [1/1] (0.25ns)   --->   "%select_ln45_43 = select i1 %icmp_ln1494_28, i31 %trunc_ln1494_43, i31 0" [firmware/nnet_utils/nnet_activation.h:45]   --->   Operation 121 'select' 'select_ln45_43' <Predicate = true> <Delay = 0.25> <Core = "Sel">   --->   Core 26 'Sel' <Latency = 0> <II = 1> <Delay = 0.25> <FuncUnit> <Opcode : 'select'> <InPorts = 3> <OutPorts = 1>
ST_1 : Operation 122 [1/1] (0.00ns)   --->   "%trunc_ln1494_44 = trunc i32 %data_29_V_read_1 to i31" [firmware/nnet_utils/nnet_activation.h:45]   --->   Operation 122 'trunc' 'trunc_ln1494_44' <Predicate = (icmp_ln1494_29)> <Delay = 0.00>
ST_1 : Operation 123 [1/1] (0.85ns)   --->   "%icmp_ln1494_29 = icmp sgt i32 %data_29_V_read_1, 0" [firmware/nnet_utils/nnet_activation.h:45]   --->   Operation 123 'icmp' 'icmp_ln1494_29' <Predicate = true> <Delay = 0.85> <Core = "Cmp">   --->   Core 25 'Cmp' <Latency = 0> <II = 1> <Delay = 0.85> <FuncUnit> <Opcode : 'icmp'> <InPorts = 2> <OutPorts = 1>
ST_1 : Operation 124 [1/1] (0.25ns)   --->   "%select_ln45_44 = select i1 %icmp_ln1494_29, i31 %trunc_ln1494_44, i31 0" [firmware/nnet_utils/nnet_activation.h:45]   --->   Operation 124 'select' 'select_ln45_44' <Predicate = true> <Delay = 0.25> <Core = "Sel">   --->   Core 26 'Sel' <Latency = 0> <II = 1> <Delay = 0.25> <FuncUnit> <Opcode : 'select'> <InPorts = 3> <OutPorts = 1>
ST_1 : Operation 125 [1/1] (0.00ns)   --->   "%trunc_ln1494_45 = trunc i32 %data_30_V_read_1 to i31" [firmware/nnet_utils/nnet_activation.h:45]   --->   Operation 125 'trunc' 'trunc_ln1494_45' <Predicate = (icmp_ln1494_30)> <Delay = 0.00>
ST_1 : Operation 126 [1/1] (0.85ns)   --->   "%icmp_ln1494_30 = icmp sgt i32 %data_30_V_read_1, 0" [firmware/nnet_utils/nnet_activation.h:45]   --->   Operation 126 'icmp' 'icmp_ln1494_30' <Predicate = true> <Delay = 0.85> <Core = "Cmp">   --->   Core 25 'Cmp' <Latency = 0> <II = 1> <Delay = 0.85> <FuncUnit> <Opcode : 'icmp'> <InPorts = 2> <OutPorts = 1>
ST_1 : Operation 127 [1/1] (0.25ns)   --->   "%select_ln45_45 = select i1 %icmp_ln1494_30, i31 %trunc_ln1494_45, i31 0" [firmware/nnet_utils/nnet_activation.h:45]   --->   Operation 127 'select' 'select_ln45_45' <Predicate = true> <Delay = 0.25> <Core = "Sel">   --->   Core 26 'Sel' <Latency = 0> <II = 1> <Delay = 0.25> <FuncUnit> <Opcode : 'select'> <InPorts = 3> <OutPorts = 1>
ST_1 : Operation 128 [1/1] (0.00ns)   --->   "%trunc_ln1494_46 = trunc i32 %data_31_V_read_1 to i31" [firmware/nnet_utils/nnet_activation.h:45]   --->   Operation 128 'trunc' 'trunc_ln1494_46' <Predicate = (icmp_ln1494_31)> <Delay = 0.00>
ST_1 : Operation 129 [1/1] (0.85ns)   --->   "%icmp_ln1494_31 = icmp sgt i32 %data_31_V_read_1, 0" [firmware/nnet_utils/nnet_activation.h:45]   --->   Operation 129 'icmp' 'icmp_ln1494_31' <Predicate = true> <Delay = 0.85> <Core = "Cmp">   --->   Core 25 'Cmp' <Latency = 0> <II = 1> <Delay = 0.85> <FuncUnit> <Opcode : 'icmp'> <InPorts = 2> <OutPorts = 1>
ST_1 : Operation 130 [1/1] (0.25ns)   --->   "%select_ln45_46 = select i1 %icmp_ln1494_31, i31 %trunc_ln1494_46, i31 0" [firmware/nnet_utils/nnet_activation.h:45]   --->   Operation 130 'select' 'select_ln45_46' <Predicate = true> <Delay = 0.25> <Core = "Sel">   --->   Core 26 'Sel' <Latency = 0> <II = 1> <Delay = 0.25> <FuncUnit> <Opcode : 'select'> <InPorts = 3> <OutPorts = 1>
ST_1 : Operation 131 [1/1] (0.00ns)   --->   "%mrv = insertvalue { i31, i31, i31, i31, i31, i31, i31, i31, i31, i31, i31, i31, i31, i31, i31, i31, i31, i31, i31, i31, i31, i31, i31, i31, i31, i31, i31, i31, i31, i31, i31, i31 } undef, i31 %select_ln45, 0" [firmware/nnet_utils/nnet_activation.h:50]   --->   Operation 131 'insertvalue' 'mrv' <Predicate = true> <Delay = 0.00>
ST_1 : Operation 132 [1/1] (0.00ns)   --->   "%mrv_1 = insertvalue { i31, i31, i31, i31, i31, i31, i31, i31, i31, i31, i31, i31, i31, i31, i31, i31, i31, i31, i31, i31, i31, i31, i31, i31, i31, i31, i31, i31, i31, i31, i31, i31 } %mrv, i31 %select_ln45_16, 1" [firmware/nnet_utils/nnet_activation.h:50]   --->   Operation 132 'insertvalue' 'mrv_1' <Predicate = true> <Delay = 0.00>
ST_1 : Operation 133 [1/1] (0.00ns)   --->   "%mrv_2 = insertvalue { i31, i31, i31, i31, i31, i31, i31, i31, i31, i31, i31, i31, i31, i31, i31, i31, i31, i31, i31, i31, i31, i31, i31, i31, i31, i31, i31, i31, i31, i31, i31, i31 } %mrv_1, i31 %select_ln45_17, 2" [firmware/nnet_utils/nnet_activation.h:50]   --->   Operation 133 'insertvalue' 'mrv_2' <Predicate = true> <Delay = 0.00>
ST_1 : Operation 134 [1/1] (0.00ns)   --->   "%mrv_3 = insertvalue { i31, i31, i31, i31, i31, i31, i31, i31, i31, i31, i31, i31, i31, i31, i31, i31, i31, i31, i31, i31, i31, i31, i31, i31, i31, i31, i31, i31, i31, i31, i31, i31 } %mrv_2, i31 %select_ln45_18, 3" [firmware/nnet_utils/nnet_activation.h:50]   --->   Operation 134 'insertvalue' 'mrv_3' <Predicate = true> <Delay = 0.00>
ST_1 : Operation 135 [1/1] (0.00ns)   --->   "%mrv_4 = insertvalue { i31, i31, i31, i31, i31, i31, i31, i31, i31, i31, i31, i31, i31, i31, i31, i31, i31, i31, i31, i31, i31, i31, i31, i31, i31, i31, i31, i31, i31, i31, i31, i31 } %mrv_3, i31 %select_ln45_19, 4" [firmware/nnet_utils/nnet_activation.h:50]   --->   Operation 135 'insertvalue' 'mrv_4' <Predicate = true> <Delay = 0.00>
ST_1 : Operation 136 [1/1] (0.00ns)   --->   "%mrv_5 = insertvalue { i31, i31, i31, i31, i31, i31, i31, i31, i31, i31, i31, i31, i31, i31, i31, i31, i31, i31, i31, i31, i31, i31, i31, i31, i31, i31, i31, i31, i31, i31, i31, i31 } %mrv_4, i31 %select_ln45_20, 5" [firmware/nnet_utils/nnet_activation.h:50]   --->   Operation 136 'insertvalue' 'mrv_5' <Predicate = true> <Delay = 0.00>
ST_1 : Operation 137 [1/1] (0.00ns)   --->   "%mrv_6 = insertvalue { i31, i31, i31, i31, i31, i31, i31, i31, i31, i31, i31, i31, i31, i31, i31, i31, i31, i31, i31, i31, i31, i31, i31, i31, i31, i31, i31, i31, i31, i31, i31, i31 } %mrv_5, i31 %select_ln45_21, 6" [firmware/nnet_utils/nnet_activation.h:50]   --->   Operation 137 'insertvalue' 'mrv_6' <Predicate = true> <Delay = 0.00>
ST_1 : Operation 138 [1/1] (0.00ns)   --->   "%mrv_7 = insertvalue { i31, i31, i31, i31, i31, i31, i31, i31, i31, i31, i31, i31, i31, i31, i31, i31, i31, i31, i31, i31, i31, i31, i31, i31, i31, i31, i31, i31, i31, i31, i31, i31 } %mrv_6, i31 %select_ln45_22, 7" [firmware/nnet_utils/nnet_activation.h:50]   --->   Operation 138 'insertvalue' 'mrv_7' <Predicate = true> <Delay = 0.00>
ST_1 : Operation 139 [1/1] (0.00ns)   --->   "%mrv_8 = insertvalue { i31, i31, i31, i31, i31, i31, i31, i31, i31, i31, i31, i31, i31, i31, i31, i31, i31, i31, i31, i31, i31, i31, i31, i31, i31, i31, i31, i31, i31, i31, i31, i31 } %mrv_7, i31 %select_ln45_23, 8" [firmware/nnet_utils/nnet_activation.h:50]   --->   Operation 139 'insertvalue' 'mrv_8' <Predicate = true> <Delay = 0.00>
ST_1 : Operation 140 [1/1] (0.00ns)   --->   "%mrv_9 = insertvalue { i31, i31, i31, i31, i31, i31, i31, i31, i31, i31, i31, i31, i31, i31, i31, i31, i31, i31, i31, i31, i31, i31, i31, i31, i31, i31, i31, i31, i31, i31, i31, i31 } %mrv_8, i31 %select_ln45_24, 9" [firmware/nnet_utils/nnet_activation.h:50]   --->   Operation 140 'insertvalue' 'mrv_9' <Predicate = true> <Delay = 0.00>
ST_1 : Operation 141 [1/1] (0.00ns)   --->   "%mrv_10 = insertvalue { i31, i31, i31, i31, i31, i31, i31, i31, i31, i31, i31, i31, i31, i31, i31, i31, i31, i31, i31, i31, i31, i31, i31, i31, i31, i31, i31, i31, i31, i31, i31, i31 } %mrv_9, i31 %select_ln45_25, 10" [firmware/nnet_utils/nnet_activation.h:50]   --->   Operation 141 'insertvalue' 'mrv_10' <Predicate = true> <Delay = 0.00>
ST_1 : Operation 142 [1/1] (0.00ns)   --->   "%mrv_11 = insertvalue { i31, i31, i31, i31, i31, i31, i31, i31, i31, i31, i31, i31, i31, i31, i31, i31, i31, i31, i31, i31, i31, i31, i31, i31, i31, i31, i31, i31, i31, i31, i31, i31 } %mrv_10, i31 %select_ln45_26, 11" [firmware/nnet_utils/nnet_activation.h:50]   --->   Operation 142 'insertvalue' 'mrv_11' <Predicate = true> <Delay = 0.00>
ST_1 : Operation 143 [1/1] (0.00ns)   --->   "%mrv_12 = insertvalue { i31, i31, i31, i31, i31, i31, i31, i31, i31, i31, i31, i31, i31, i31, i31, i31, i31, i31, i31, i31, i31, i31, i31, i31, i31, i31, i31, i31, i31, i31, i31, i31 } %mrv_11, i31 %select_ln45_27, 12" [firmware/nnet_utils/nnet_activation.h:50]   --->   Operation 143 'insertvalue' 'mrv_12' <Predicate = true> <Delay = 0.00>
ST_1 : Operation 144 [1/1] (0.00ns)   --->   "%mrv_13 = insertvalue { i31, i31, i31, i31, i31, i31, i31, i31, i31, i31, i31, i31, i31, i31, i31, i31, i31, i31, i31, i31, i31, i31, i31, i31, i31, i31, i31, i31, i31, i31, i31, i31 } %mrv_12, i31 %select_ln45_28, 13" [firmware/nnet_utils/nnet_activation.h:50]   --->   Operation 144 'insertvalue' 'mrv_13' <Predicate = true> <Delay = 0.00>
ST_1 : Operation 145 [1/1] (0.00ns)   --->   "%mrv_14 = insertvalue { i31, i31, i31, i31, i31, i31, i31, i31, i31, i31, i31, i31, i31, i31, i31, i31, i31, i31, i31, i31, i31, i31, i31, i31, i31, i31, i31, i31, i31, i31, i31, i31 } %mrv_13, i31 %select_ln45_29, 14" [firmware/nnet_utils/nnet_activation.h:50]   --->   Operation 145 'insertvalue' 'mrv_14' <Predicate = true> <Delay = 0.00>
ST_1 : Operation 146 [1/1] (0.00ns)   --->   "%mrv_s = insertvalue { i31, i31, i31, i31, i31, i31, i31, i31, i31, i31, i31, i31, i31, i31, i31, i31, i31, i31, i31, i31, i31, i31, i31, i31, i31, i31, i31, i31, i31, i31, i31, i31 } %mrv_14, i31 %select_ln45_30, 15" [firmware/nnet_utils/nnet_activation.h:50]   --->   Operation 146 'insertvalue' 'mrv_s' <Predicate = true> <Delay = 0.00>
ST_1 : Operation 147 [1/1] (0.00ns)   --->   "%mrv_15 = insertvalue { i31, i31, i31, i31, i31, i31, i31, i31, i31, i31, i31, i31, i31, i31, i31, i31, i31, i31, i31, i31, i31, i31, i31, i31, i31, i31, i31, i31, i31, i31, i31, i31 } %mrv_s, i31 %select_ln45_31, 16" [firmware/nnet_utils/nnet_activation.h:50]   --->   Operation 147 'insertvalue' 'mrv_15' <Predicate = true> <Delay = 0.00>
ST_1 : Operation 148 [1/1] (0.00ns)   --->   "%mrv_16 = insertvalue { i31, i31, i31, i31, i31, i31, i31, i31, i31, i31, i31, i31, i31, i31, i31, i31, i31, i31, i31, i31, i31, i31, i31, i31, i31, i31, i31, i31, i31, i31, i31, i31 } %mrv_15, i31 %select_ln45_32, 17" [firmware/nnet_utils/nnet_activation.h:50]   --->   Operation 148 'insertvalue' 'mrv_16' <Predicate = true> <Delay = 0.00>
ST_1 : Operation 149 [1/1] (0.00ns)   --->   "%mrv_17 = insertvalue { i31, i31, i31, i31, i31, i31, i31, i31, i31, i31, i31, i31, i31, i31, i31, i31, i31, i31, i31, i31, i31, i31, i31, i31, i31, i31, i31, i31, i31, i31, i31, i31 } %mrv_16, i31 %select_ln45_33, 18" [firmware/nnet_utils/nnet_activation.h:50]   --->   Operation 149 'insertvalue' 'mrv_17' <Predicate = true> <Delay = 0.00>
ST_1 : Operation 150 [1/1] (0.00ns)   --->   "%mrv_18 = insertvalue { i31, i31, i31, i31, i31, i31, i31, i31, i31, i31, i31, i31, i31, i31, i31, i31, i31, i31, i31, i31, i31, i31, i31, i31, i31, i31, i31, i31, i31, i31, i31, i31 } %mrv_17, i31 %select_ln45_34, 19" [firmware/nnet_utils/nnet_activation.h:50]   --->   Operation 150 'insertvalue' 'mrv_18' <Predicate = true> <Delay = 0.00>
ST_1 : Operation 151 [1/1] (0.00ns)   --->   "%mrv_19 = insertvalue { i31, i31, i31, i31, i31, i31, i31, i31, i31, i31, i31, i31, i31, i31, i31, i31, i31, i31, i31, i31, i31, i31, i31, i31, i31, i31, i31, i31, i31, i31, i31, i31 } %mrv_18, i31 %select_ln45_35, 20" [firmware/nnet_utils/nnet_activation.h:50]   --->   Operation 151 'insertvalue' 'mrv_19' <Predicate = true> <Delay = 0.00>
ST_1 : Operation 152 [1/1] (0.00ns)   --->   "%mrv_20 = insertvalue { i31, i31, i31, i31, i31, i31, i31, i31, i31, i31, i31, i31, i31, i31, i31, i31, i31, i31, i31, i31, i31, i31, i31, i31, i31, i31, i31, i31, i31, i31, i31, i31 } %mrv_19, i31 %select_ln45_36, 21" [firmware/nnet_utils/nnet_activation.h:50]   --->   Operation 152 'insertvalue' 'mrv_20' <Predicate = true> <Delay = 0.00>
ST_1 : Operation 153 [1/1] (0.00ns)   --->   "%mrv_21 = insertvalue { i31, i31, i31, i31, i31, i31, i31, i31, i31, i31, i31, i31, i31, i31, i31, i31, i31, i31, i31, i31, i31, i31, i31, i31, i31, i31, i31, i31, i31, i31, i31, i31 } %mrv_20, i31 %select_ln45_37, 22" [firmware/nnet_utils/nnet_activation.h:50]   --->   Operation 153 'insertvalue' 'mrv_21' <Predicate = true> <Delay = 0.00>
ST_1 : Operation 154 [1/1] (0.00ns)   --->   "%mrv_22 = insertvalue { i31, i31, i31, i31, i31, i31, i31, i31, i31, i31, i31, i31, i31, i31, i31, i31, i31, i31, i31, i31, i31, i31, i31, i31, i31, i31, i31, i31, i31, i31, i31, i31 } %mrv_21, i31 %select_ln45_38, 23" [firmware/nnet_utils/nnet_activation.h:50]   --->   Operation 154 'insertvalue' 'mrv_22' <Predicate = true> <Delay = 0.00>
ST_1 : Operation 155 [1/1] (0.00ns)   --->   "%mrv_23 = insertvalue { i31, i31, i31, i31, i31, i31, i31, i31, i31, i31, i31, i31, i31, i31, i31, i31, i31, i31, i31, i31, i31, i31, i31, i31, i31, i31, i31, i31, i31, i31, i31, i31 } %mrv_22, i31 %select_ln45_39, 24" [firmware/nnet_utils/nnet_activation.h:50]   --->   Operation 155 'insertvalue' 'mrv_23' <Predicate = true> <Delay = 0.00>
ST_1 : Operation 156 [1/1] (0.00ns)   --->   "%mrv_24 = insertvalue { i31, i31, i31, i31, i31, i31, i31, i31, i31, i31, i31, i31, i31, i31, i31, i31, i31, i31, i31, i31, i31, i31, i31, i31, i31, i31, i31, i31, i31, i31, i31, i31 } %mrv_23, i31 %select_ln45_40, 25" [firmware/nnet_utils/nnet_activation.h:50]   --->   Operation 156 'insertvalue' 'mrv_24' <Predicate = true> <Delay = 0.00>
ST_1 : Operation 157 [1/1] (0.00ns)   --->   "%mrv_25 = insertvalue { i31, i31, i31, i31, i31, i31, i31, i31, i31, i31, i31, i31, i31, i31, i31, i31, i31, i31, i31, i31, i31, i31, i31, i31, i31, i31, i31, i31, i31, i31, i31, i31 } %mrv_24, i31 %select_ln45_41, 26" [firmware/nnet_utils/nnet_activation.h:50]   --->   Operation 157 'insertvalue' 'mrv_25' <Predicate = true> <Delay = 0.00>
ST_1 : Operation 158 [1/1] (0.00ns)   --->   "%mrv_26 = insertvalue { i31, i31, i31, i31, i31, i31, i31, i31, i31, i31, i31, i31, i31, i31, i31, i31, i31, i31, i31, i31, i31, i31, i31, i31, i31, i31, i31, i31, i31, i31, i31, i31 } %mrv_25, i31 %select_ln45_42, 27" [firmware/nnet_utils/nnet_activation.h:50]   --->   Operation 158 'insertvalue' 'mrv_26' <Predicate = true> <Delay = 0.00>
ST_1 : Operation 159 [1/1] (0.00ns)   --->   "%mrv_27 = insertvalue { i31, i31, i31, i31, i31, i31, i31, i31, i31, i31, i31, i31, i31, i31, i31, i31, i31, i31, i31, i31, i31, i31, i31, i31, i31, i31, i31, i31, i31, i31, i31, i31 } %mrv_26, i31 %select_ln45_43, 28" [firmware/nnet_utils/nnet_activation.h:50]   --->   Operation 159 'insertvalue' 'mrv_27' <Predicate = true> <Delay = 0.00>
ST_1 : Operation 160 [1/1] (0.00ns)   --->   "%mrv_28 = insertvalue { i31, i31, i31, i31, i31, i31, i31, i31, i31, i31, i31, i31, i31, i31, i31, i31, i31, i31, i31, i31, i31, i31, i31, i31, i31, i31, i31, i31, i31, i31, i31, i31 } %mrv_27, i31 %select_ln45_44, 29" [firmware/nnet_utils/nnet_activation.h:50]   --->   Operation 160 'insertvalue' 'mrv_28' <Predicate = true> <Delay = 0.00>
ST_1 : Operation 161 [1/1] (0.00ns)   --->   "%mrv_29 = insertvalue { i31, i31, i31, i31, i31, i31, i31, i31, i31, i31, i31, i31, i31, i31, i31, i31, i31, i31, i31, i31, i31, i31, i31, i31, i31, i31, i31, i31, i31, i31, i31, i31 } %mrv_28, i31 %select_ln45_45, 30" [firmware/nnet_utils/nnet_activation.h:50]   --->   Operation 161 'insertvalue' 'mrv_29' <Predicate = true> <Delay = 0.00>
ST_1 : Operation 162 [1/1] (0.00ns)   --->   "%mrv_30 = insertvalue { i31, i31, i31, i31, i31, i31, i31, i31, i31, i31, i31, i31, i31, i31, i31, i31, i31, i31, i31, i31, i31, i31, i31, i31, i31, i31, i31, i31, i31, i31, i31, i31 } %mrv_29, i31 %select_ln45_46, 31" [firmware/nnet_utils/nnet_activation.h:50]   --->   Operation 162 'insertvalue' 'mrv_30' <Predicate = true> <Delay = 0.00>
ST_1 : Operation 163 [1/1] (0.00ns)   --->   "ret { i31, i31, i31, i31, i31, i31, i31, i31, i31, i31, i31, i31, i31, i31, i31, i31, i31, i31, i31, i31, i31, i31, i31, i31, i31, i31, i31, i31, i31, i31, i31, i31 } %mrv_30" [firmware/nnet_utils/nnet_activation.h:50]   --->   Operation 163 'ret' <Predicate = true> <Delay = 0.00>


============================================================
+ Verbose Summary: Timing violations
============================================================
Target clock period: 25ns, clock uncertainty: 6.75ns.

 <State 1>: 1.11ns
The critical path consists of the following:
	wire read on port 'data_31_V_read' (firmware/nnet_utils/nnet_activation.h:39) [33]  (0 ns)
	'icmp' operation ('icmp_ln1494_31', firmware/nnet_utils/nnet_activation.h:45) [160]  (0.859 ns)
	'select' operation ('res[31].V', firmware/nnet_utils/nnet_activation.h:45) [161]  (0.251 ns)


============================================================
+ Verbose Summary: Binding
============================================================
N/A
* FSMD analyzer results:
  - Output states:
 - Input state : 
  - Chain level:
	State 1


============================================================
+ Verbose Summary: Datapath Resource usage 
============================================================
N/A
