

================================================================
== Vivado HLS Report for 'dense_latency_ap_fixed_ap_fixed_32_16_5_3_0_config8_0_0_0_0'
================================================================
* Date:           Tue Sep 17 10:42:42 2024

* Version:        2019.2 (Build 2704478 on Wed Nov 06 22:10:23 MST 2019)
* Project:        myproject_prj
* Solution:       solution1
* Product family: virtexuplus
* Target device:  xcvu9p-flga2104-2-e


================================================================
== Performance Estimates
================================================================
+ Timing: 
    * Summary: 
    +--------+----------+----------+------------+
    |  Clock |  Target  | Estimated| Uncertainty|
    +--------+----------+----------+------------+
    |ap_clk  | 25.00 ns | 6.094 ns |   6.75 ns  |
    +--------+----------+----------+------------+

+ Latency: 
    * Summary: 
    +---------+---------+----------+----------+-----+-----+----------+
    |  Latency (cycles) |  Latency (absolute) |  Interval | Pipeline |
    |   min   |   max   |    min   |    max   | min | max |   Type   |
    +---------+---------+----------+----------+-----+-----+----------+
    |        0|        0|   0 ns   |   0 ns   |    1|    1| function |
    +---------+---------+----------+----------+-----+-----+----------+

    + Detail: 
        * Instance: 
        N/A

        * Loop: 
        N/A

============================================================
+ Verbose Summary: Synthesis Manager
============================================================
InlineROM: 1
ExposeGlobal: 0
============================================================
+ Verbose Summary: CDFG Model
============================================================
IsTopModel: 0
ResetActiveHigh: 1
IsCombinational: 0
IsDatapathOnly: 0
HasWiredReturn: 1
HasMFsm: 2
HasVarLatency: 0
IsPipeline: 1
IsRtlPipelined: 0
IsInstanceOverlapped: 0
IsDontTouch: 0
HasImplIP: 0
IsGatedGlobalClock: 0

+ Individual pipeline summary: 
  * Pipeline-0: initiation interval (II) = 1, depth = 1


============================================================
+ Verbose Summary: Schedule
============================================================
* Number of FSM states : 1
* Pipeline : 1
  Pipeline-0 : II = 1, D = 1, States = { 1 }
* Dataflow Pipeline: 0

* FSM state transitions: 
1 --> 

* FSM state operations: 

State 1 <SV = 0> <Delay = 6.09>
ST_1 : Operation 2 [1/1] (0.00ns)   --->   "%data_15_V_read_3 = call i32 @_ssdm_op_Read.ap_auto.i32(i32 %data_15_V_read)" [firmware/nnet_utils/nnet_dense_latency.h:13]   --->   Operation 2 'read' 'data_15_V_read_3' <Predicate = true> <Delay = 0.00>
ST_1 : Operation 3 [1/1] (0.00ns)   --->   "%data_14_V_read_3 = call i32 @_ssdm_op_Read.ap_auto.i32(i32 %data_14_V_read)" [firmware/nnet_utils/nnet_dense_latency.h:13]   --->   Operation 3 'read' 'data_14_V_read_3' <Predicate = true> <Delay = 0.00>
ST_1 : Operation 4 [1/1] (0.00ns)   --->   "%data_13_V_read_3 = call i32 @_ssdm_op_Read.ap_auto.i32(i32 %data_13_V_read)" [firmware/nnet_utils/nnet_dense_latency.h:13]   --->   Operation 4 'read' 'data_13_V_read_3' <Predicate = true> <Delay = 0.00>
ST_1 : Operation 5 [1/1] (0.00ns)   --->   "%data_12_V_read_3 = call i32 @_ssdm_op_Read.ap_auto.i32(i32 %data_12_V_read)" [firmware/nnet_utils/nnet_dense_latency.h:13]   --->   Operation 5 'read' 'data_12_V_read_3' <Predicate = true> <Delay = 0.00>
ST_1 : Operation 6 [1/1] (0.00ns)   --->   "%data_11_V_read_3 = call i32 @_ssdm_op_Read.ap_auto.i32(i32 %data_11_V_read)" [firmware/nnet_utils/nnet_dense_latency.h:13]   --->   Operation 6 'read' 'data_11_V_read_3' <Predicate = true> <Delay = 0.00>
ST_1 : Operation 7 [1/1] (0.00ns)   --->   "%data_10_V_read_2 = call i32 @_ssdm_op_Read.ap_auto.i32(i32 %data_10_V_read)" [firmware/nnet_utils/nnet_dense_latency.h:13]   --->   Operation 7 'read' 'data_10_V_read_2' <Predicate = true> <Delay = 0.00>
ST_1 : Operation 8 [1/1] (0.00ns)   --->   "%data_9_V_read12 = call i32 @_ssdm_op_Read.ap_auto.i32(i32 %data_9_V_read)" [firmware/nnet_utils/nnet_dense_latency.h:13]   --->   Operation 8 'read' 'data_9_V_read12' <Predicate = true> <Delay = 0.00>
ST_1 : Operation 9 [1/1] (0.00ns)   --->   "%data_8_V_read11 = call i32 @_ssdm_op_Read.ap_auto.i32(i32 %data_8_V_read)" [firmware/nnet_utils/nnet_dense_latency.h:13]   --->   Operation 9 'read' 'data_8_V_read11' <Predicate = true> <Delay = 0.00>
ST_1 : Operation 10 [1/1] (0.00ns)   --->   "%data_7_V_read_3 = call i32 @_ssdm_op_Read.ap_auto.i32(i32 %data_7_V_read)" [firmware/nnet_utils/nnet_dense_latency.h:13]   --->   Operation 10 'read' 'data_7_V_read_3' <Predicate = true> <Delay = 0.00>
ST_1 : Operation 11 [1/1] (0.00ns)   --->   "%data_6_V_read_3 = call i32 @_ssdm_op_Read.ap_auto.i32(i32 %data_6_V_read)" [firmware/nnet_utils/nnet_dense_latency.h:13]   --->   Operation 11 'read' 'data_6_V_read_3' <Predicate = true> <Delay = 0.00>
ST_1 : Operation 12 [1/1] (0.00ns)   --->   "%data_5_V_read_3 = call i32 @_ssdm_op_Read.ap_auto.i32(i32 %data_5_V_read)" [firmware/nnet_utils/nnet_dense_latency.h:13]   --->   Operation 12 'read' 'data_5_V_read_3' <Predicate = true> <Delay = 0.00>
ST_1 : Operation 13 [1/1] (0.00ns)   --->   "%data_4_V_read_3 = call i32 @_ssdm_op_Read.ap_auto.i32(i32 %data_4_V_read)" [firmware/nnet_utils/nnet_dense_latency.h:13]   --->   Operation 13 'read' 'data_4_V_read_3' <Predicate = true> <Delay = 0.00>
ST_1 : Operation 14 [1/1] (0.00ns)   --->   "%data_3_V_read_3 = call i32 @_ssdm_op_Read.ap_auto.i32(i32 %data_3_V_read)" [firmware/nnet_utils/nnet_dense_latency.h:13]   --->   Operation 14 'read' 'data_3_V_read_3' <Predicate = true> <Delay = 0.00>
ST_1 : Operation 15 [1/1] (0.00ns)   --->   "%data_2_V_read_3 = call i32 @_ssdm_op_Read.ap_auto.i32(i32 %data_2_V_read)" [firmware/nnet_utils/nnet_dense_latency.h:13]   --->   Operation 15 'read' 'data_2_V_read_3' <Predicate = true> <Delay = 0.00>
ST_1 : Operation 16 [1/1] (0.00ns)   --->   "%data_1_V_read_3 = call i32 @_ssdm_op_Read.ap_auto.i32(i32 %data_1_V_read)" [firmware/nnet_utils/nnet_dense_latency.h:13]   --->   Operation 16 'read' 'data_1_V_read_3' <Predicate = true> <Delay = 0.00>
ST_1 : Operation 17 [1/1] (0.00ns)   --->   "%data_0_V_read_3 = call i32 @_ssdm_op_Read.ap_auto.i32(i32 %data_0_V_read)" [firmware/nnet_utils/nnet_dense_latency.h:13]   --->   Operation 17 'read' 'data_0_V_read_3' <Predicate = true> <Delay = 0.00>
ST_1 : Operation 18 [1/1] (0.00ns)   --->   "call void (...)* @_ssdm_op_SpecPipeline(i32 1, i32 1, i32 1, i32 0, [1 x i8]* @p_str7) nounwind" [firmware/nnet_utils/nnet_dense_latency.h:26]   --->   Operation 18 'specpipeline' <Predicate = true> <Delay = 0.00>
ST_1 : Operation 19 [1/1] (0.00ns)   --->   "call void (...)* @_ssdm_op_SpecResourceLimit(i32 48, [4 x i8]* @p_str9, [1 x i8]* @p_str7, [1 x i8]* @p_str7, [1 x i8]* @p_str7) nounwind" [firmware/nnet_utils/nnet_dense_latency.h:33]   --->   Operation 19 'specresourcelimit' <Predicate = true> <Delay = 0.00>
ST_1 : Operation 20 [1/1] (0.00ns)   --->   "%shl_ln = call i39 @_ssdm_op_BitConcatenate.i39.i32.i7(i32 %data_0_V_read_3, i7 0)" [firmware/nnet_utils/nnet_mult.h:73->firmware/nnet_utils/nnet_dense_latency.h:42]   --->   Operation 20 'bitconcatenate' 'shl_ln' <Predicate = true> <Delay = 0.00>
ST_1 : Operation 21 [1/1] (0.66ns)   --->   "%sub_ln1118_1 = sub i39 0, %shl_ln" [firmware/nnet_utils/nnet_mult.h:73->firmware/nnet_utils/nnet_dense_latency.h:42]   --->   Operation 21 'sub' 'sub_ln1118_1' <Predicate = true> <Delay = 0.66> <Core = "AddSub">   --->   Core 14 'AddSub' <Latency = 0> <II = 1> <Delay = 0.66> <FuncUnit> <Opcode : 'add' 'sub'> <InPorts = 2> <OutPorts = 1>
ST_1 : Operation 22 [1/1] (0.00ns)   --->   "%trunc_ln = call i32 @_ssdm_op_PartSelect.i32.i39.i32.i32(i39 %sub_ln1118_1, i32 7, i32 38)" [firmware/nnet_utils/nnet_dense_latency.h:42]   --->   Operation 22 'partselect' 'trunc_ln' <Predicate = true> <Delay = 0.00>
ST_1 : Operation 23 [1/1] (0.00ns)   --->   "%shl_ln1118_s = call i34 @_ssdm_op_BitConcatenate.i34.i32.i2(i32 %data_0_V_read_3, i2 0)" [firmware/nnet_utils/nnet_mult.h:73->firmware/nnet_utils/nnet_dense_latency.h:42]   --->   Operation 23 'bitconcatenate' 'shl_ln1118_s' <Predicate = true> <Delay = 0.00>
ST_1 : Operation 24 [1/1] (0.00ns)   --->   "%sext_ln1118 = sext i34 %shl_ln1118_s to i39" [firmware/nnet_utils/nnet_mult.h:73->firmware/nnet_utils/nnet_dense_latency.h:42]   --->   Operation 24 'sext' 'sext_ln1118' <Predicate = true> <Delay = 0.00>
ST_1 : Operation 25 [1/1] (0.66ns)   --->   "%sub_ln1118_2 = sub i39 %sext_ln1118, %shl_ln" [firmware/nnet_utils/nnet_mult.h:73->firmware/nnet_utils/nnet_dense_latency.h:42]   --->   Operation 25 'sub' 'sub_ln1118_2' <Predicate = true> <Delay = 0.66> <Core = "AddSub">   --->   Core 14 'AddSub' <Latency = 0> <II = 1> <Delay = 0.66> <FuncUnit> <Opcode : 'add' 'sub'> <InPorts = 2> <OutPorts = 1>
ST_1 : Operation 26 [1/1] (0.00ns)   --->   "%trunc_ln708_1 = call i32 @_ssdm_op_PartSelect.i32.i39.i32.i32(i39 %sub_ln1118_2, i32 7, i32 38)" [firmware/nnet_utils/nnet_dense_latency.h:42]   --->   Operation 26 'partselect' 'trunc_ln708_1' <Predicate = true> <Delay = 0.00>
ST_1 : Operation 27 [1/1] (0.00ns)   --->   "%sext_ln1118_1 = sext i32 %data_1_V_read_3 to i39" [firmware/nnet_utils/nnet_mult.h:73->firmware/nnet_utils/nnet_dense_latency.h:42]   --->   Operation 27 'sext' 'sext_ln1118_1' <Predicate = true> <Delay = 0.00>
ST_1 : Operation 28 [1/1] (0.00ns)   --->   "%shl_ln1118_1 = call i37 @_ssdm_op_BitConcatenate.i37.i32.i5(i32 %data_1_V_read_3, i5 0)" [firmware/nnet_utils/nnet_mult.h:73->firmware/nnet_utils/nnet_dense_latency.h:42]   --->   Operation 28 'bitconcatenate' 'shl_ln1118_1' <Predicate = true> <Delay = 0.00>
ST_1 : Operation 29 [1/1] (0.00ns)   --->   "%sext_ln1118_2 = sext i37 %shl_ln1118_1 to i38" [firmware/nnet_utils/nnet_mult.h:73->firmware/nnet_utils/nnet_dense_latency.h:42]   --->   Operation 29 'sext' 'sext_ln1118_2' <Predicate = true> <Delay = 0.00>
ST_1 : Operation 30 [1/1] (0.00ns)   --->   "%shl_ln1118_2 = call i35 @_ssdm_op_BitConcatenate.i35.i32.i3(i32 %data_1_V_read_3, i3 0)" [firmware/nnet_utils/nnet_mult.h:73->firmware/nnet_utils/nnet_dense_latency.h:42]   --->   Operation 30 'bitconcatenate' 'shl_ln1118_2' <Predicate = true> <Delay = 0.00>
ST_1 : Operation 31 [1/1] (0.00ns)   --->   "%sext_ln1118_3 = sext i35 %shl_ln1118_2 to i38" [firmware/nnet_utils/nnet_mult.h:73->firmware/nnet_utils/nnet_dense_latency.h:42]   --->   Operation 31 'sext' 'sext_ln1118_3' <Predicate = true> <Delay = 0.00>
ST_1 : Operation 32 [1/1] (0.66ns)   --->   "%add_ln1118 = add i38 %sext_ln1118_3, %sext_ln1118_2" [firmware/nnet_utils/nnet_mult.h:73->firmware/nnet_utils/nnet_dense_latency.h:42]   --->   Operation 32 'add' 'add_ln1118' <Predicate = true> <Delay = 0.66> <Core = "AddSub">   --->   Core 14 'AddSub' <Latency = 0> <II = 1> <Delay = 0.66> <FuncUnit> <Opcode : 'add' 'sub'> <InPorts = 2> <OutPorts = 1>
ST_1 : Operation 33 [1/1] (0.00ns)   --->   "%trunc_ln708_s = call i31 @_ssdm_op_PartSelect.i31.i38.i32.i32(i38 %add_ln1118, i32 7, i32 37)" [firmware/nnet_utils/nnet_dense_latency.h:42]   --->   Operation 33 'partselect' 'trunc_ln708_s' <Predicate = true> <Delay = 0.00>
ST_1 : Operation 34 [1/1] (0.00ns)   --->   "%sext_ln708 = sext i31 %trunc_ln708_s to i32" [firmware/nnet_utils/nnet_dense_latency.h:42]   --->   Operation 34 'sext' 'sext_ln708' <Predicate = true> <Delay = 0.00>
ST_1 : Operation 35 [1/1] (3.17ns)   --->   "%mul_ln1118 = mul i39 %sext_ln1118_1, -115" [firmware/nnet_utils/nnet_mult.h:73->firmware/nnet_utils/nnet_dense_latency.h:42]   --->   Operation 35 'mul' 'mul_ln1118' <Predicate = true> <Delay = 3.17> <Core = "Mul">   --->   Core 16 'Mul' <Latency = 0> <II = 1> <Delay = 3.17> <FuncUnit> <Opcode : 'mul'> <InPorts = 2> <OutPorts = 1>
ST_1 : Operation 36 [1/1] (0.00ns)   --->   "%trunc_ln708_3 = call i32 @_ssdm_op_PartSelect.i32.i39.i32.i32(i39 %mul_ln1118, i32 7, i32 38)" [firmware/nnet_utils/nnet_dense_latency.h:42]   --->   Operation 36 'partselect' 'trunc_ln708_3' <Predicate = true> <Delay = 0.00>
ST_1 : Operation 37 [1/1] (0.00ns)   --->   "%shl_ln1118_3 = call i39 @_ssdm_op_BitConcatenate.i39.i32.i7(i32 %data_1_V_read_3, i7 0)" [firmware/nnet_utils/nnet_mult.h:73->firmware/nnet_utils/nnet_dense_latency.h:42]   --->   Operation 37 'bitconcatenate' 'shl_ln1118_3' <Predicate = true> <Delay = 0.00>
ST_1 : Operation 38 [1/1] (0.66ns)   --->   "%sub_ln1118_3 = sub i39 %shl_ln1118_3, %sext_ln1118_1" [firmware/nnet_utils/nnet_mult.h:73->firmware/nnet_utils/nnet_dense_latency.h:42]   --->   Operation 38 'sub' 'sub_ln1118_3' <Predicate = true> <Delay = 0.66> <Core = "AddSub">   --->   Core 14 'AddSub' <Latency = 0> <II = 1> <Delay = 0.66> <FuncUnit> <Opcode : 'add' 'sub'> <InPorts = 2> <OutPorts = 1>
ST_1 : Operation 39 [1/1] (0.00ns)   --->   "%trunc_ln708_4 = call i32 @_ssdm_op_PartSelect.i32.i39.i32.i32(i39 %sub_ln1118_3, i32 7, i32 38)" [firmware/nnet_utils/nnet_dense_latency.h:42]   --->   Operation 39 'partselect' 'trunc_ln708_4' <Predicate = true> <Delay = 0.00>
ST_1 : Operation 40 [1/1] (0.00ns)   --->   "%sext_ln1118_4 = sext i32 %data_2_V_read_3 to i39" [firmware/nnet_utils/nnet_mult.h:73->firmware/nnet_utils/nnet_dense_latency.h:42]   --->   Operation 40 'sext' 'sext_ln1118_4' <Predicate = true> <Delay = 0.00>
ST_1 : Operation 41 [1/1] (3.17ns)   --->   "%mul_ln1118_1 = mul i39 %sext_ln1118_4, 43" [firmware/nnet_utils/nnet_mult.h:73->firmware/nnet_utils/nnet_dense_latency.h:42]   --->   Operation 41 'mul' 'mul_ln1118_1' <Predicate = true> <Delay = 3.17> <Core = "Mul">   --->   Core 16 'Mul' <Latency = 0> <II = 1> <Delay = 3.17> <FuncUnit> <Opcode : 'mul'> <InPorts = 2> <OutPorts = 1>
ST_1 : Operation 42 [1/1] (0.00ns)   --->   "%trunc_ln708_5 = call i32 @_ssdm_op_PartSelect.i32.i39.i32.i32(i39 %mul_ln1118_1, i32 7, i32 38)" [firmware/nnet_utils/nnet_dense_latency.h:42]   --->   Operation 42 'partselect' 'trunc_ln708_5' <Predicate = true> <Delay = 0.00>
ST_1 : Operation 43 [1/1] (3.17ns)   --->   "%mul_ln1118_2 = mul i39 %sext_ln1118_4, 114" [firmware/nnet_utils/nnet_mult.h:73->firmware/nnet_utils/nnet_dense_latency.h:42]   --->   Operation 43 'mul' 'mul_ln1118_2' <Predicate = true> <Delay = 3.17> <Core = "Mul">   --->   Core 16 'Mul' <Latency = 0> <II = 1> <Delay = 3.17> <FuncUnit> <Opcode : 'mul'> <InPorts = 2> <OutPorts = 1>
ST_1 : Operation 44 [1/1] (0.00ns)   --->   "%trunc_ln708_6 = call i32 @_ssdm_op_PartSelect.i32.i39.i32.i32(i39 %mul_ln1118_2, i32 7, i32 38)" [firmware/nnet_utils/nnet_dense_latency.h:42]   --->   Operation 44 'partselect' 'trunc_ln708_6' <Predicate = true> <Delay = 0.00>
ST_1 : Operation 45 [1/1] (3.17ns)   --->   "%mul_ln1118_3 = mul i39 %sext_ln1118_4, -99" [firmware/nnet_utils/nnet_mult.h:73->firmware/nnet_utils/nnet_dense_latency.h:42]   --->   Operation 45 'mul' 'mul_ln1118_3' <Predicate = true> <Delay = 3.17> <Core = "Mul">   --->   Core 16 'Mul' <Latency = 0> <II = 1> <Delay = 3.17> <FuncUnit> <Opcode : 'mul'> <InPorts = 2> <OutPorts = 1>
ST_1 : Operation 46 [1/1] (0.00ns)   --->   "%trunc_ln708_7 = call i32 @_ssdm_op_PartSelect.i32.i39.i32.i32(i39 %mul_ln1118_3, i32 7, i32 38)" [firmware/nnet_utils/nnet_dense_latency.h:42]   --->   Operation 46 'partselect' 'trunc_ln708_7' <Predicate = true> <Delay = 0.00>
ST_1 : Operation 47 [1/1] (0.00ns)   --->   "%sext_ln1118_5 = sext i32 %data_3_V_read_3 to i39" [firmware/nnet_utils/nnet_mult.h:73->firmware/nnet_utils/nnet_dense_latency.h:42]   --->   Operation 47 'sext' 'sext_ln1118_5' <Predicate = true> <Delay = 0.00>
ST_1 : Operation 48 [1/1] (3.17ns)   --->   "%mul_ln1118_4 = mul i39 %sext_ln1118_5, -70" [firmware/nnet_utils/nnet_mult.h:73->firmware/nnet_utils/nnet_dense_latency.h:42]   --->   Operation 48 'mul' 'mul_ln1118_4' <Predicate = true> <Delay = 3.17> <Core = "Mul">   --->   Core 16 'Mul' <Latency = 0> <II = 1> <Delay = 3.17> <FuncUnit> <Opcode : 'mul'> <InPorts = 2> <OutPorts = 1>
ST_1 : Operation 49 [1/1] (0.00ns)   --->   "%trunc_ln708_8 = call i32 @_ssdm_op_PartSelect.i32.i39.i32.i32(i39 %mul_ln1118_4, i32 7, i32 38)" [firmware/nnet_utils/nnet_dense_latency.h:42]   --->   Operation 49 'partselect' 'trunc_ln708_8' <Predicate = true> <Delay = 0.00>
ST_1 : Operation 50 [1/1] (0.00ns)   --->   "%tmp = call i38 @_ssdm_op_BitConcatenate.i38.i32.i6(i32 %data_3_V_read_3, i6 0)" [firmware/nnet_utils/nnet_mult.h:73->firmware/nnet_utils/nnet_dense_latency.h:42]   --->   Operation 50 'bitconcatenate' 'tmp' <Predicate = true> <Delay = 0.00>
ST_1 : Operation 51 [1/1] (0.00ns)   --->   "%sext_ln1118_6 = sext i38 %tmp to i39" [firmware/nnet_utils/nnet_mult.h:73->firmware/nnet_utils/nnet_dense_latency.h:42]   --->   Operation 51 'sext' 'sext_ln1118_6' <Predicate = true> <Delay = 0.00>
ST_1 : Operation 52 [1/1] (0.66ns)   --->   "%sub_ln1118_4 = sub i39 %sext_ln1118_5, %sext_ln1118_6" [firmware/nnet_utils/nnet_mult.h:73->firmware/nnet_utils/nnet_dense_latency.h:42]   --->   Operation 52 'sub' 'sub_ln1118_4' <Predicate = true> <Delay = 0.66> <Core = "AddSub">   --->   Core 14 'AddSub' <Latency = 0> <II = 1> <Delay = 0.66> <FuncUnit> <Opcode : 'add' 'sub'> <InPorts = 2> <OutPorts = 1>
ST_1 : Operation 53 [1/1] (0.00ns)   --->   "%trunc_ln708_9 = call i32 @_ssdm_op_PartSelect.i32.i39.i32.i32(i39 %sub_ln1118_4, i32 7, i32 38)" [firmware/nnet_utils/nnet_dense_latency.h:42]   --->   Operation 53 'partselect' 'trunc_ln708_9' <Predicate = true> <Delay = 0.00>
ST_1 : Operation 54 [1/1] (3.17ns)   --->   "%mul_ln1118_5 = mul i39 %sext_ln1118_5, 79" [firmware/nnet_utils/nnet_mult.h:73->firmware/nnet_utils/nnet_dense_latency.h:42]   --->   Operation 54 'mul' 'mul_ln1118_5' <Predicate = true> <Delay = 3.17> <Core = "Mul">   --->   Core 16 'Mul' <Latency = 0> <II = 1> <Delay = 3.17> <FuncUnit> <Opcode : 'mul'> <InPorts = 2> <OutPorts = 1>
ST_1 : Operation 55 [1/1] (0.00ns)   --->   "%trunc_ln708_2 = call i32 @_ssdm_op_PartSelect.i32.i39.i32.i32(i39 %mul_ln1118_5, i32 7, i32 38)" [firmware/nnet_utils/nnet_dense_latency.h:42]   --->   Operation 55 'partselect' 'trunc_ln708_2' <Predicate = true> <Delay = 0.00>
ST_1 : Operation 56 [1/1] (0.00ns)   --->   "%sext_ln1118_7 = sext i32 %data_4_V_read_3 to i39" [firmware/nnet_utils/nnet_mult.h:73->firmware/nnet_utils/nnet_dense_latency.h:42]   --->   Operation 56 'sext' 'sext_ln1118_7' <Predicate = true> <Delay = 0.00>
ST_1 : Operation 57 [1/1] (0.00ns)   --->   "%shl_ln1118_4 = call i39 @_ssdm_op_BitConcatenate.i39.i32.i7(i32 %data_4_V_read_3, i7 0)" [firmware/nnet_utils/nnet_mult.h:73->firmware/nnet_utils/nnet_dense_latency.h:42]   --->   Operation 57 'bitconcatenate' 'shl_ln1118_4' <Predicate = true> <Delay = 0.00>
ST_1 : Operation 58 [1/1] (0.66ns)   --->   "%sub_ln1118_5 = sub i39 0, %shl_ln1118_4" [firmware/nnet_utils/nnet_mult.h:73->firmware/nnet_utils/nnet_dense_latency.h:42]   --->   Operation 58 'sub' 'sub_ln1118_5' <Predicate = true> <Delay = 0.66> <Core = "AddSub">   --->   Core 14 'AddSub' <Latency = 0> <II = 1> <Delay = 0.66> <FuncUnit> <Opcode : 'add' 'sub'> <InPorts = 2> <OutPorts = 1>
ST_1 : Operation 59 [1/1] (0.00ns)   --->   "%trunc_ln708_10 = call i32 @_ssdm_op_PartSelect.i32.i39.i32.i32(i39 %sub_ln1118_5, i32 7, i32 38)" [firmware/nnet_utils/nnet_dense_latency.h:42]   --->   Operation 59 'partselect' 'trunc_ln708_10' <Predicate = true> <Delay = 0.00>
ST_1 : Operation 60 [1/1] (3.17ns)   --->   "%mul_ln1118_6 = mul i39 %sext_ln1118_7, -108" [firmware/nnet_utils/nnet_mult.h:73->firmware/nnet_utils/nnet_dense_latency.h:42]   --->   Operation 60 'mul' 'mul_ln1118_6' <Predicate = true> <Delay = 3.17> <Core = "Mul">   --->   Core 16 'Mul' <Latency = 0> <II = 1> <Delay = 3.17> <FuncUnit> <Opcode : 'mul'> <InPorts = 2> <OutPorts = 1>
ST_1 : Operation 61 [1/1] (0.00ns)   --->   "%trunc_ln708_11 = call i32 @_ssdm_op_PartSelect.i32.i39.i32.i32(i39 %mul_ln1118_6, i32 7, i32 38)" [firmware/nnet_utils/nnet_dense_latency.h:42]   --->   Operation 61 'partselect' 'trunc_ln708_11' <Predicate = true> <Delay = 0.00>
ST_1 : Operation 62 [1/1] (0.00ns)   --->   "%shl_ln1118_5 = call i37 @_ssdm_op_BitConcatenate.i37.i32.i5(i32 %data_4_V_read_3, i5 0)" [firmware/nnet_utils/nnet_mult.h:73->firmware/nnet_utils/nnet_dense_latency.h:42]   --->   Operation 62 'bitconcatenate' 'shl_ln1118_5' <Predicate = true> <Delay = 0.00>
ST_1 : Operation 63 [1/1] (0.00ns)   --->   "%sext_ln1118_8 = sext i37 %shl_ln1118_5 to i38" [firmware/nnet_utils/nnet_mult.h:73->firmware/nnet_utils/nnet_dense_latency.h:42]   --->   Operation 63 'sext' 'sext_ln1118_8' <Predicate = true> <Delay = 0.00>
ST_1 : Operation 64 [1/1] (0.00ns) (grouped into TernaryAdder)   --->   "%sub_ln1118_6 = sub i38 0, %sext_ln1118_8" [firmware/nnet_utils/nnet_mult.h:73->firmware/nnet_utils/nnet_dense_latency.h:42]   --->   Operation 64 'sub' 'sub_ln1118_6' <Predicate = true> <Delay = 0.00> <Core = "TAddSub">   --->   Core 83 'TAddSub' <Latency = 0> <II = 1> <Delay = 0.36> <IPBlock> <Opcode : 'add' 'sub'> <InPorts = 3> <OutPorts = 1> <Sync> <CReg>
ST_1 : Operation 65 [1/1] (0.00ns)   --->   "%shl_ln1118_6 = call i35 @_ssdm_op_BitConcatenate.i35.i32.i3(i32 %data_4_V_read_3, i3 0)" [firmware/nnet_utils/nnet_mult.h:73->firmware/nnet_utils/nnet_dense_latency.h:42]   --->   Operation 65 'bitconcatenate' 'shl_ln1118_6' <Predicate = true> <Delay = 0.00>
ST_1 : Operation 66 [1/1] (0.00ns)   --->   "%sext_ln1118_9 = sext i35 %shl_ln1118_6 to i38" [firmware/nnet_utils/nnet_mult.h:73->firmware/nnet_utils/nnet_dense_latency.h:42]   --->   Operation 66 'sext' 'sext_ln1118_9' <Predicate = true> <Delay = 0.00>
ST_1 : Operation 67 [1/1] (0.75ns) (root node of TernaryAdder)   --->   "%sub_ln1118_7 = sub i38 %sub_ln1118_6, %sext_ln1118_9" [firmware/nnet_utils/nnet_mult.h:73->firmware/nnet_utils/nnet_dense_latency.h:42]   --->   Operation 67 'sub' 'sub_ln1118_7' <Predicate = true> <Delay = 0.75> <Core = "TAddSub">   --->   Core 83 'TAddSub' <Latency = 0> <II = 1> <Delay = 0.36> <IPBlock> <Opcode : 'add' 'sub'> <InPorts = 3> <OutPorts = 1> <Sync> <CReg>
ST_1 : Operation 68 [1/1] (0.00ns)   --->   "%trunc_ln708_12 = call i31 @_ssdm_op_PartSelect.i31.i38.i32.i32(i38 %sub_ln1118_7, i32 7, i32 37)" [firmware/nnet_utils/nnet_dense_latency.h:42]   --->   Operation 68 'partselect' 'trunc_ln708_12' <Predicate = true> <Delay = 0.00>
ST_1 : Operation 69 [1/1] (0.00ns)   --->   "%sext_ln708_1 = sext i31 %trunc_ln708_12 to i32" [firmware/nnet_utils/nnet_dense_latency.h:42]   --->   Operation 69 'sext' 'sext_ln708_1' <Predicate = true> <Delay = 0.00>
ST_1 : Operation 70 [1/1] (0.00ns)   --->   "%sext_ln1118_10 = sext i32 %data_5_V_read_3 to i39" [firmware/nnet_utils/nnet_mult.h:73->firmware/nnet_utils/nnet_dense_latency.h:42]   --->   Operation 70 'sext' 'sext_ln1118_10' <Predicate = true> <Delay = 0.00>
ST_1 : Operation 71 [1/1] (3.17ns)   --->   "%mul_ln1118_7 = mul i39 %sext_ln1118_10, 41" [firmware/nnet_utils/nnet_mult.h:73->firmware/nnet_utils/nnet_dense_latency.h:42]   --->   Operation 71 'mul' 'mul_ln1118_7' <Predicate = true> <Delay = 3.17> <Core = "Mul">   --->   Core 16 'Mul' <Latency = 0> <II = 1> <Delay = 3.17> <FuncUnit> <Opcode : 'mul'> <InPorts = 2> <OutPorts = 1>
ST_1 : Operation 72 [1/1] (0.00ns)   --->   "%trunc_ln708_13 = call i32 @_ssdm_op_PartSelect.i32.i39.i32.i32(i39 %mul_ln1118_7, i32 7, i32 38)" [firmware/nnet_utils/nnet_dense_latency.h:42]   --->   Operation 72 'partselect' 'trunc_ln708_13' <Predicate = true> <Delay = 0.00>
ST_1 : Operation 73 [1/1] (0.00ns)   --->   "%shl_ln1118_7 = call i39 @_ssdm_op_BitConcatenate.i39.i32.i7(i32 %data_5_V_read_3, i7 0)" [firmware/nnet_utils/nnet_mult.h:73->firmware/nnet_utils/nnet_dense_latency.h:42]   --->   Operation 73 'bitconcatenate' 'shl_ln1118_7' <Predicate = true> <Delay = 0.00>
ST_1 : Operation 74 [1/1] (0.66ns)   --->   "%sub_ln1118_8 = sub i39 %shl_ln1118_7, %sext_ln1118_10" [firmware/nnet_utils/nnet_mult.h:73->firmware/nnet_utils/nnet_dense_latency.h:42]   --->   Operation 74 'sub' 'sub_ln1118_8' <Predicate = true> <Delay = 0.66> <Core = "AddSub">   --->   Core 14 'AddSub' <Latency = 0> <II = 1> <Delay = 0.66> <FuncUnit> <Opcode : 'add' 'sub'> <InPorts = 2> <OutPorts = 1>
ST_1 : Operation 75 [1/1] (0.00ns)   --->   "%trunc_ln708_14 = call i32 @_ssdm_op_PartSelect.i32.i39.i32.i32(i39 %sub_ln1118_8, i32 7, i32 38)" [firmware/nnet_utils/nnet_dense_latency.h:42]   --->   Operation 75 'partselect' 'trunc_ln708_14' <Predicate = true> <Delay = 0.00>
ST_1 : Operation 76 [1/1] (0.00ns)   --->   "%trunc_ln708_15 = call i27 @_ssdm_op_PartSelect.i27.i32.i32.i32(i32 %data_5_V_read_3, i32 5, i32 31)" [firmware/nnet_utils/nnet_dense_latency.h:42]   --->   Operation 76 'partselect' 'trunc_ln708_15' <Predicate = true> <Delay = 0.00>
ST_1 : Operation 77 [1/1] (0.00ns)   --->   "%sext_ln1116 = sext i27 %trunc_ln708_15 to i28" [firmware/nnet_utils/nnet_mult.h:73->firmware/nnet_utils/nnet_dense_latency.h:42]   --->   Operation 77 'sext' 'sext_ln1116' <Predicate = true> <Delay = 0.00>
ST_1 : Operation 78 [1/1] (0.00ns)   --->   "%sext_ln1118_11 = sext i32 %data_6_V_read_3 to i38" [firmware/nnet_utils/nnet_mult.h:73->firmware/nnet_utils/nnet_dense_latency.h:42]   --->   Operation 78 'sext' 'sext_ln1118_11' <Predicate = true> <Delay = 0.00>
ST_1 : Operation 79 [1/1] (0.00ns)   --->   "%sext_ln1118_12 = sext i32 %data_6_V_read_3 to i39" [firmware/nnet_utils/nnet_mult.h:73->firmware/nnet_utils/nnet_dense_latency.h:42]   --->   Operation 79 'sext' 'sext_ln1118_12' <Predicate = true> <Delay = 0.00>
ST_1 : Operation 80 [1/1] (3.17ns)   --->   "%mul_ln1118_8 = mul i39 %sext_ln1118_12, -110" [firmware/nnet_utils/nnet_mult.h:73->firmware/nnet_utils/nnet_dense_latency.h:42]   --->   Operation 80 'mul' 'mul_ln1118_8' <Predicate = true> <Delay = 3.17> <Core = "Mul">   --->   Core 16 'Mul' <Latency = 0> <II = 1> <Delay = 3.17> <FuncUnit> <Opcode : 'mul'> <InPorts = 2> <OutPorts = 1>
ST_1 : Operation 81 [1/1] (0.00ns)   --->   "%trunc_ln708_16 = call i32 @_ssdm_op_PartSelect.i32.i39.i32.i32(i39 %mul_ln1118_8, i32 7, i32 38)" [firmware/nnet_utils/nnet_dense_latency.h:42]   --->   Operation 81 'partselect' 'trunc_ln708_16' <Predicate = true> <Delay = 0.00>
ST_1 : Operation 82 [1/1] (3.17ns)   --->   "%mul_ln1118_9 = mul i38 %sext_ln1118_11, 25" [firmware/nnet_utils/nnet_mult.h:73->firmware/nnet_utils/nnet_dense_latency.h:42]   --->   Operation 82 'mul' 'mul_ln1118_9' <Predicate = true> <Delay = 3.17> <Core = "Mul">   --->   Core 16 'Mul' <Latency = 0> <II = 1> <Delay = 3.17> <FuncUnit> <Opcode : 'mul'> <InPorts = 2> <OutPorts = 1>
ST_1 : Operation 83 [1/1] (0.00ns)   --->   "%trunc_ln708_17 = call i31 @_ssdm_op_PartSelect.i31.i38.i32.i32(i38 %mul_ln1118_9, i32 7, i32 37)" [firmware/nnet_utils/nnet_dense_latency.h:42]   --->   Operation 83 'partselect' 'trunc_ln708_17' <Predicate = true> <Delay = 0.00>
ST_1 : Operation 84 [1/1] (0.00ns)   --->   "%sext_ln708_2 = sext i31 %trunc_ln708_17 to i32" [firmware/nnet_utils/nnet_dense_latency.h:42]   --->   Operation 84 'sext' 'sext_ln708_2' <Predicate = true> <Delay = 0.00>
ST_1 : Operation 85 [1/1] (0.00ns)   --->   "%shl_ln1118_8 = call i39 @_ssdm_op_BitConcatenate.i39.i32.i7(i32 %data_6_V_read_3, i7 0)" [firmware/nnet_utils/nnet_mult.h:73->firmware/nnet_utils/nnet_dense_latency.h:42]   --->   Operation 85 'bitconcatenate' 'shl_ln1118_8' <Predicate = true> <Delay = 0.00>
ST_1 : Operation 86 [1/1] (0.66ns)   --->   "%sub_ln1118_9 = sub i39 0, %shl_ln1118_8" [firmware/nnet_utils/nnet_mult.h:73->firmware/nnet_utils/nnet_dense_latency.h:42]   --->   Operation 86 'sub' 'sub_ln1118_9' <Predicate = true> <Delay = 0.66> <Core = "AddSub">   --->   Core 14 'AddSub' <Latency = 0> <II = 1> <Delay = 0.66> <FuncUnit> <Opcode : 'add' 'sub'> <InPorts = 2> <OutPorts = 1>
ST_1 : Operation 87 [1/1] (0.00ns)   --->   "%trunc_ln708_18 = call i32 @_ssdm_op_PartSelect.i32.i39.i32.i32(i39 %sub_ln1118_9, i32 7, i32 38)" [firmware/nnet_utils/nnet_dense_latency.h:42]   --->   Operation 87 'partselect' 'trunc_ln708_18' <Predicate = true> <Delay = 0.00>
ST_1 : Operation 88 [1/1] (0.00ns)   --->   "%sext_ln1118_13 = sext i32 %data_7_V_read_3 to i39" [firmware/nnet_utils/nnet_mult.h:73->firmware/nnet_utils/nnet_dense_latency.h:42]   --->   Operation 88 'sext' 'sext_ln1118_13' <Predicate = true> <Delay = 0.00>
ST_1 : Operation 89 [1/1] (0.00ns)   --->   "%shl_ln1118_9 = call i37 @_ssdm_op_BitConcatenate.i37.i32.i5(i32 %data_7_V_read_3, i5 0)" [firmware/nnet_utils/nnet_mult.h:73->firmware/nnet_utils/nnet_dense_latency.h:42]   --->   Operation 89 'bitconcatenate' 'shl_ln1118_9' <Predicate = true> <Delay = 0.00>
ST_1 : Operation 90 [1/1] (0.00ns)   --->   "%sext_ln1118_14 = sext i37 %shl_ln1118_9 to i38" [firmware/nnet_utils/nnet_mult.h:73->firmware/nnet_utils/nnet_dense_latency.h:42]   --->   Operation 90 'sext' 'sext_ln1118_14' <Predicate = true> <Delay = 0.00>
ST_1 : Operation 91 [1/1] (0.66ns)   --->   "%sub_ln1118_10 = sub i38 0, %sext_ln1118_14" [firmware/nnet_utils/nnet_mult.h:73->firmware/nnet_utils/nnet_dense_latency.h:42]   --->   Operation 91 'sub' 'sub_ln1118_10' <Predicate = true> <Delay = 0.66> <Core = "AddSub">   --->   Core 14 'AddSub' <Latency = 0> <II = 1> <Delay = 0.66> <FuncUnit> <Opcode : 'add' 'sub'> <InPorts = 2> <OutPorts = 1>
ST_1 : Operation 92 [1/1] (0.00ns)   --->   "%trunc_ln708_19 = call i31 @_ssdm_op_PartSelect.i31.i38.i32.i32(i38 %sub_ln1118_10, i32 7, i32 37)" [firmware/nnet_utils/nnet_dense_latency.h:42]   --->   Operation 92 'partselect' 'trunc_ln708_19' <Predicate = true> <Delay = 0.00>
ST_1 : Operation 93 [1/1] (0.00ns)   --->   "%sext_ln708_3 = sext i31 %trunc_ln708_19 to i32" [firmware/nnet_utils/nnet_dense_latency.h:42]   --->   Operation 93 'sext' 'sext_ln708_3' <Predicate = true> <Delay = 0.00>
ST_1 : Operation 94 [1/1] (3.17ns)   --->   "%mul_ln1118_10 = mul i39 %sext_ln1118_13, 125" [firmware/nnet_utils/nnet_mult.h:73->firmware/nnet_utils/nnet_dense_latency.h:42]   --->   Operation 94 'mul' 'mul_ln1118_10' <Predicate = true> <Delay = 3.17> <Core = "Mul">   --->   Core 16 'Mul' <Latency = 0> <II = 1> <Delay = 3.17> <FuncUnit> <Opcode : 'mul'> <InPorts = 2> <OutPorts = 1>
ST_1 : Operation 95 [1/1] (0.00ns)   --->   "%trunc_ln708_20 = call i32 @_ssdm_op_PartSelect.i32.i39.i32.i32(i39 %mul_ln1118_10, i32 7, i32 38)" [firmware/nnet_utils/nnet_dense_latency.h:42]   --->   Operation 95 'partselect' 'trunc_ln708_20' <Predicate = true> <Delay = 0.00>
ST_1 : Operation 96 [1/1] (0.00ns)   --->   "%shl_ln1118_10 = call i39 @_ssdm_op_BitConcatenate.i39.i32.i7(i32 %data_7_V_read_3, i7 0)" [firmware/nnet_utils/nnet_mult.h:73->firmware/nnet_utils/nnet_dense_latency.h:42]   --->   Operation 96 'bitconcatenate' 'shl_ln1118_10' <Predicate = true> <Delay = 0.00>
ST_1 : Operation 97 [1/1] (0.66ns)   --->   "%sub_ln1118_11 = sub i39 %shl_ln1118_10, %sext_ln1118_13" [firmware/nnet_utils/nnet_mult.h:73->firmware/nnet_utils/nnet_dense_latency.h:42]   --->   Operation 97 'sub' 'sub_ln1118_11' <Predicate = true> <Delay = 0.66> <Core = "AddSub">   --->   Core 14 'AddSub' <Latency = 0> <II = 1> <Delay = 0.66> <FuncUnit> <Opcode : 'add' 'sub'> <InPorts = 2> <OutPorts = 1>
ST_1 : Operation 98 [1/1] (0.00ns)   --->   "%trunc_ln708_21 = call i32 @_ssdm_op_PartSelect.i32.i39.i32.i32(i39 %sub_ln1118_11, i32 7, i32 38)" [firmware/nnet_utils/nnet_dense_latency.h:42]   --->   Operation 98 'partselect' 'trunc_ln708_21' <Predicate = true> <Delay = 0.00>
ST_1 : Operation 99 [1/1] (0.00ns)   --->   "%sext_ln1118_15 = sext i32 %data_8_V_read11 to i39" [firmware/nnet_utils/nnet_mult.h:73->firmware/nnet_utils/nnet_dense_latency.h:42]   --->   Operation 99 'sext' 'sext_ln1118_15' <Predicate = true> <Delay = 0.00>
ST_1 : Operation 100 [1/1] (0.00ns)   --->   "%sext_ln1118_16 = sext i32 %data_8_V_read11 to i33" [firmware/nnet_utils/nnet_mult.h:73->firmware/nnet_utils/nnet_dense_latency.h:42]   --->   Operation 100 'sext' 'sext_ln1118_16' <Predicate = true> <Delay = 0.00>
ST_1 : Operation 101 [1/1] (0.00ns)   --->   "%shl_ln1118_11 = call i39 @_ssdm_op_BitConcatenate.i39.i32.i7(i32 %data_8_V_read11, i7 0)" [firmware/nnet_utils/nnet_mult.h:73->firmware/nnet_utils/nnet_dense_latency.h:42]   --->   Operation 101 'bitconcatenate' 'shl_ln1118_11' <Predicate = true> <Delay = 0.00>
ST_1 : Operation 102 [1/1] (0.66ns)   --->   "%sub_ln1118_12 = sub i39 0, %shl_ln1118_11" [firmware/nnet_utils/nnet_mult.h:73->firmware/nnet_utils/nnet_dense_latency.h:42]   --->   Operation 102 'sub' 'sub_ln1118_12' <Predicate = true> <Delay = 0.66> <Core = "AddSub">   --->   Core 14 'AddSub' <Latency = 0> <II = 1> <Delay = 0.66> <FuncUnit> <Opcode : 'add' 'sub'> <InPorts = 2> <OutPorts = 1>
ST_1 : Operation 103 [1/1] (0.00ns)   --->   "%trunc_ln708_22 = call i32 @_ssdm_op_PartSelect.i32.i39.i32.i32(i39 %sub_ln1118_12, i32 7, i32 38)" [firmware/nnet_utils/nnet_dense_latency.h:42]   --->   Operation 103 'partselect' 'trunc_ln708_22' <Predicate = true> <Delay = 0.00>
ST_1 : Operation 104 [1/1] (0.66ns)   --->   "%sub_ln1118 = sub i33 0, %sext_ln1118_16" [firmware/nnet_utils/nnet_mult.h:73->firmware/nnet_utils/nnet_dense_latency.h:42]   --->   Operation 104 'sub' 'sub_ln1118' <Predicate = true> <Delay = 0.66> <Core = "AddSub">   --->   Core 14 'AddSub' <Latency = 0> <II = 1> <Delay = 0.66> <FuncUnit> <Opcode : 'add' 'sub'> <InPorts = 2> <OutPorts = 1>
ST_1 : Operation 105 [1/1] (0.00ns)   --->   "%trunc_ln708_23 = call i26 @_ssdm_op_PartSelect.i26.i33.i32.i32(i33 %sub_ln1118, i32 7, i32 32)" [firmware/nnet_utils/nnet_dense_latency.h:42]   --->   Operation 105 'partselect' 'trunc_ln708_23' <Predicate = true> <Delay = 0.00>
ST_1 : Operation 106 [1/1] (0.00ns)   --->   "%sext_ln708_4 = sext i26 %trunc_ln708_23 to i32" [firmware/nnet_utils/nnet_dense_latency.h:42]   --->   Operation 106 'sext' 'sext_ln708_4' <Predicate = true> <Delay = 0.00>
ST_1 : Operation 107 [1/1] (0.00ns)   --->   "%shl_ln1118_12 = call i38 @_ssdm_op_BitConcatenate.i38.i32.i6(i32 %data_8_V_read11, i6 0)" [firmware/nnet_utils/nnet_mult.h:73->firmware/nnet_utils/nnet_dense_latency.h:42]   --->   Operation 107 'bitconcatenate' 'shl_ln1118_12' <Predicate = true> <Delay = 0.00>
ST_1 : Operation 108 [1/1] (0.00ns)   --->   "%sext_ln1118_17 = sext i38 %shl_ln1118_12 to i39" [firmware/nnet_utils/nnet_mult.h:73->firmware/nnet_utils/nnet_dense_latency.h:42]   --->   Operation 108 'sext' 'sext_ln1118_17' <Predicate = true> <Delay = 0.00>
ST_1 : Operation 109 [1/1] (0.66ns)   --->   "%add_ln1118_1 = add i39 %sext_ln1118_17, %sext_ln1118_15" [firmware/nnet_utils/nnet_mult.h:73->firmware/nnet_utils/nnet_dense_latency.h:42]   --->   Operation 109 'add' 'add_ln1118_1' <Predicate = true> <Delay = 0.66> <Core = "AddSub">   --->   Core 14 'AddSub' <Latency = 0> <II = 1> <Delay = 0.66> <FuncUnit> <Opcode : 'add' 'sub'> <InPorts = 2> <OutPorts = 1>
ST_1 : Operation 110 [1/1] (0.00ns)   --->   "%trunc_ln708_24 = call i32 @_ssdm_op_PartSelect.i32.i39.i32.i32(i39 %add_ln1118_1, i32 7, i32 38)" [firmware/nnet_utils/nnet_dense_latency.h:42]   --->   Operation 110 'partselect' 'trunc_ln708_24' <Predicate = true> <Delay = 0.00>
ST_1 : Operation 111 [1/1] (0.00ns)   --->   "%sext_ln1118_18 = sext i32 %data_9_V_read12 to i39" [firmware/nnet_utils/nnet_mult.h:73->firmware/nnet_utils/nnet_dense_latency.h:42]   --->   Operation 111 'sext' 'sext_ln1118_18' <Predicate = true> <Delay = 0.00>
ST_1 : Operation 112 [1/1] (0.00ns)   --->   "%shl_ln1118_13 = call i39 @_ssdm_op_BitConcatenate.i39.i32.i7(i32 %data_9_V_read12, i7 0)" [firmware/nnet_utils/nnet_mult.h:73->firmware/nnet_utils/nnet_dense_latency.h:42]   --->   Operation 112 'bitconcatenate' 'shl_ln1118_13' <Predicate = true> <Delay = 0.00>
ST_1 : Operation 113 [1/1] (0.66ns)   --->   "%sub_ln1118_13 = sub i39 %shl_ln1118_13, %sext_ln1118_18" [firmware/nnet_utils/nnet_mult.h:73->firmware/nnet_utils/nnet_dense_latency.h:42]   --->   Operation 113 'sub' 'sub_ln1118_13' <Predicate = true> <Delay = 0.66> <Core = "AddSub">   --->   Core 14 'AddSub' <Latency = 0> <II = 1> <Delay = 0.66> <FuncUnit> <Opcode : 'add' 'sub'> <InPorts = 2> <OutPorts = 1>
ST_1 : Operation 114 [1/1] (0.00ns)   --->   "%trunc_ln708_25 = call i32 @_ssdm_op_PartSelect.i32.i39.i32.i32(i39 %sub_ln1118_13, i32 7, i32 38)" [firmware/nnet_utils/nnet_dense_latency.h:42]   --->   Operation 114 'partselect' 'trunc_ln708_25' <Predicate = true> <Delay = 0.00>
ST_1 : Operation 115 [1/1] (0.00ns)   --->   "%shl_ln1118_14 = call i37 @_ssdm_op_BitConcatenate.i37.i32.i5(i32 %data_9_V_read12, i5 0)" [firmware/nnet_utils/nnet_mult.h:73->firmware/nnet_utils/nnet_dense_latency.h:42]   --->   Operation 115 'bitconcatenate' 'shl_ln1118_14' <Predicate = true> <Delay = 0.00>
ST_1 : Operation 116 [1/1] (0.00ns)   --->   "%sext_ln1118_19 = sext i37 %shl_ln1118_14 to i38" [firmware/nnet_utils/nnet_mult.h:73->firmware/nnet_utils/nnet_dense_latency.h:42]   --->   Operation 116 'sext' 'sext_ln1118_19' <Predicate = true> <Delay = 0.00>
ST_1 : Operation 117 [1/1] (0.00ns)   --->   "%shl_ln1118_15 = call i34 @_ssdm_op_BitConcatenate.i34.i32.i2(i32 %data_9_V_read12, i2 0)" [firmware/nnet_utils/nnet_mult.h:73->firmware/nnet_utils/nnet_dense_latency.h:42]   --->   Operation 117 'bitconcatenate' 'shl_ln1118_15' <Predicate = true> <Delay = 0.00>
ST_1 : Operation 118 [1/1] (0.00ns)   --->   "%sext_ln1118_20 = sext i34 %shl_ln1118_15 to i38" [firmware/nnet_utils/nnet_mult.h:73->firmware/nnet_utils/nnet_dense_latency.h:42]   --->   Operation 118 'sext' 'sext_ln1118_20' <Predicate = true> <Delay = 0.00>
ST_1 : Operation 119 [1/1] (0.66ns)   --->   "%sub_ln1118_14 = sub i38 %sext_ln1118_20, %sext_ln1118_19" [firmware/nnet_utils/nnet_mult.h:73->firmware/nnet_utils/nnet_dense_latency.h:42]   --->   Operation 119 'sub' 'sub_ln1118_14' <Predicate = true> <Delay = 0.66> <Core = "AddSub">   --->   Core 14 'AddSub' <Latency = 0> <II = 1> <Delay = 0.66> <FuncUnit> <Opcode : 'add' 'sub'> <InPorts = 2> <OutPorts = 1>
ST_1 : Operation 120 [1/1] (0.00ns)   --->   "%trunc_ln708_26 = call i31 @_ssdm_op_PartSelect.i31.i38.i32.i32(i38 %sub_ln1118_14, i32 7, i32 37)" [firmware/nnet_utils/nnet_dense_latency.h:42]   --->   Operation 120 'partselect' 'trunc_ln708_26' <Predicate = true> <Delay = 0.00>
ST_1 : Operation 121 [1/1] (0.00ns)   --->   "%sext_ln708_5 = sext i31 %trunc_ln708_26 to i32" [firmware/nnet_utils/nnet_dense_latency.h:42]   --->   Operation 121 'sext' 'sext_ln708_5' <Predicate = true> <Delay = 0.00>
ST_1 : Operation 122 [1/1] (0.66ns)   --->   "%sub_ln1118_15 = sub i38 %sext_ln1118_19, %sext_ln1118_20" [firmware/nnet_utils/nnet_mult.h:73->firmware/nnet_utils/nnet_dense_latency.h:42]   --->   Operation 122 'sub' 'sub_ln1118_15' <Predicate = true> <Delay = 0.66> <Core = "AddSub">   --->   Core 14 'AddSub' <Latency = 0> <II = 1> <Delay = 0.66> <FuncUnit> <Opcode : 'add' 'sub'> <InPorts = 2> <OutPorts = 1>
ST_1 : Operation 123 [1/1] (0.00ns)   --->   "%trunc_ln708_27 = call i31 @_ssdm_op_PartSelect.i31.i38.i32.i32(i38 %sub_ln1118_15, i32 7, i32 37)" [firmware/nnet_utils/nnet_dense_latency.h:42]   --->   Operation 123 'partselect' 'trunc_ln708_27' <Predicate = true> <Delay = 0.00>
ST_1 : Operation 124 [1/1] (0.00ns)   --->   "%sext_ln708_6 = sext i31 %trunc_ln708_27 to i32" [firmware/nnet_utils/nnet_dense_latency.h:42]   --->   Operation 124 'sext' 'sext_ln708_6' <Predicate = true> <Delay = 0.00>
ST_1 : Operation 125 [1/1] (0.00ns)   --->   "%sext_ln1118_21 = sext i32 %data_10_V_read_2 to i39" [firmware/nnet_utils/nnet_mult.h:73->firmware/nnet_utils/nnet_dense_latency.h:42]   --->   Operation 125 'sext' 'sext_ln1118_21' <Predicate = true> <Delay = 0.00>
ST_1 : Operation 126 [1/1] (3.17ns)   --->   "%mul_ln1118_11 = mul i39 %sext_ln1118_21, -59" [firmware/nnet_utils/nnet_mult.h:73->firmware/nnet_utils/nnet_dense_latency.h:42]   --->   Operation 126 'mul' 'mul_ln1118_11' <Predicate = true> <Delay = 3.17> <Core = "Mul">   --->   Core 16 'Mul' <Latency = 0> <II = 1> <Delay = 3.17> <FuncUnit> <Opcode : 'mul'> <InPorts = 2> <OutPorts = 1>
ST_1 : Operation 127 [1/1] (0.00ns)   --->   "%trunc_ln708_28 = call i32 @_ssdm_op_PartSelect.i32.i39.i32.i32(i39 %mul_ln1118_11, i32 7, i32 38)" [firmware/nnet_utils/nnet_dense_latency.h:42]   --->   Operation 127 'partselect' 'trunc_ln708_28' <Predicate = true> <Delay = 0.00>
ST_1 : Operation 128 [1/1] (0.00ns)   --->   "%shl_ln1118_16 = call i39 @_ssdm_op_BitConcatenate.i39.i32.i7(i32 %data_10_V_read_2, i7 0)" [firmware/nnet_utils/nnet_mult.h:73->firmware/nnet_utils/nnet_dense_latency.h:42]   --->   Operation 128 'bitconcatenate' 'shl_ln1118_16' <Predicate = true> <Delay = 0.00>
ST_1 : Operation 129 [1/1] (0.66ns)   --->   "%sub_ln1118_16 = sub i39 %shl_ln1118_16, %sext_ln1118_21" [firmware/nnet_utils/nnet_mult.h:73->firmware/nnet_utils/nnet_dense_latency.h:42]   --->   Operation 129 'sub' 'sub_ln1118_16' <Predicate = true> <Delay = 0.66> <Core = "AddSub">   --->   Core 14 'AddSub' <Latency = 0> <II = 1> <Delay = 0.66> <FuncUnit> <Opcode : 'add' 'sub'> <InPorts = 2> <OutPorts = 1>
ST_1 : Operation 130 [1/1] (0.00ns)   --->   "%trunc_ln708_29 = call i32 @_ssdm_op_PartSelect.i32.i39.i32.i32(i39 %sub_ln1118_16, i32 7, i32 38)" [firmware/nnet_utils/nnet_dense_latency.h:42]   --->   Operation 130 'partselect' 'trunc_ln708_29' <Predicate = true> <Delay = 0.00>
ST_1 : Operation 131 [1/1] (3.17ns)   --->   "%mul_ln1118_12 = mul i39 %sext_ln1118_21, -87" [firmware/nnet_utils/nnet_mult.h:73->firmware/nnet_utils/nnet_dense_latency.h:42]   --->   Operation 131 'mul' 'mul_ln1118_12' <Predicate = true> <Delay = 3.17> <Core = "Mul">   --->   Core 16 'Mul' <Latency = 0> <II = 1> <Delay = 3.17> <FuncUnit> <Opcode : 'mul'> <InPorts = 2> <OutPorts = 1>
ST_1 : Operation 132 [1/1] (0.00ns)   --->   "%trunc_ln708_30 = call i32 @_ssdm_op_PartSelect.i32.i39.i32.i32(i39 %mul_ln1118_12, i32 7, i32 38)" [firmware/nnet_utils/nnet_dense_latency.h:42]   --->   Operation 132 'partselect' 'trunc_ln708_30' <Predicate = true> <Delay = 0.00>
ST_1 : Operation 133 [1/1] (0.00ns)   --->   "%sext_ln1118_22 = sext i32 %data_11_V_read_3 to i37" [firmware/nnet_utils/nnet_mult.h:73->firmware/nnet_utils/nnet_dense_latency.h:42]   --->   Operation 133 'sext' 'sext_ln1118_22' <Predicate = true> <Delay = 0.00>
ST_1 : Operation 134 [1/1] (0.00ns)   --->   "%sext_ln1118_23 = sext i32 %data_11_V_read_3 to i39" [firmware/nnet_utils/nnet_mult.h:73->firmware/nnet_utils/nnet_dense_latency.h:42]   --->   Operation 134 'sext' 'sext_ln1118_23' <Predicate = true> <Delay = 0.00>
ST_1 : Operation 135 [1/1] (0.00ns)   --->   "%shl_ln1118_17 = call i39 @_ssdm_op_BitConcatenate.i39.i32.i7(i32 %data_11_V_read_3, i7 0)" [firmware/nnet_utils/nnet_mult.h:73->firmware/nnet_utils/nnet_dense_latency.h:42]   --->   Operation 135 'bitconcatenate' 'shl_ln1118_17' <Predicate = true> <Delay = 0.00>
ST_1 : Operation 136 [1/1] (0.66ns)   --->   "%sub_ln1118_17 = sub i39 %shl_ln1118_17, %sext_ln1118_23" [firmware/nnet_utils/nnet_mult.h:73->firmware/nnet_utils/nnet_dense_latency.h:42]   --->   Operation 136 'sub' 'sub_ln1118_17' <Predicate = true> <Delay = 0.66> <Core = "AddSub">   --->   Core 14 'AddSub' <Latency = 0> <II = 1> <Delay = 0.66> <FuncUnit> <Opcode : 'add' 'sub'> <InPorts = 2> <OutPorts = 1>
ST_1 : Operation 137 [1/1] (0.00ns)   --->   "%trunc_ln708_31 = call i32 @_ssdm_op_PartSelect.i32.i39.i32.i32(i39 %sub_ln1118_17, i32 7, i32 38)" [firmware/nnet_utils/nnet_dense_latency.h:42]   --->   Operation 137 'partselect' 'trunc_ln708_31' <Predicate = true> <Delay = 0.00>
ST_1 : Operation 138 [1/1] (3.17ns)   --->   "%mul_ln1118_13 = mul i37 %sext_ln1118_22, -11" [firmware/nnet_utils/nnet_mult.h:73->firmware/nnet_utils/nnet_dense_latency.h:42]   --->   Operation 138 'mul' 'mul_ln1118_13' <Predicate = true> <Delay = 3.17> <Core = "Mul">   --->   Core 16 'Mul' <Latency = 0> <II = 1> <Delay = 3.17> <FuncUnit> <Opcode : 'mul'> <InPorts = 2> <OutPorts = 1>
ST_1 : Operation 139 [1/1] (0.00ns)   --->   "%trunc_ln708_32 = call i30 @_ssdm_op_PartSelect.i30.i37.i32.i32(i37 %mul_ln1118_13, i32 7, i32 36)" [firmware/nnet_utils/nnet_dense_latency.h:42]   --->   Operation 139 'partselect' 'trunc_ln708_32' <Predicate = true> <Delay = 0.00>
ST_1 : Operation 140 [1/1] (0.00ns)   --->   "%sext_ln708_7 = sext i30 %trunc_ln708_32 to i32" [firmware/nnet_utils/nnet_dense_latency.h:42]   --->   Operation 140 'sext' 'sext_ln708_7' <Predicate = true> <Delay = 0.00>
ST_1 : Operation 141 [1/1] (3.17ns)   --->   "%mul_ln1118_14 = mul i39 %sext_ln1118_23, -119" [firmware/nnet_utils/nnet_mult.h:73->firmware/nnet_utils/nnet_dense_latency.h:42]   --->   Operation 141 'mul' 'mul_ln1118_14' <Predicate = true> <Delay = 3.17> <Core = "Mul">   --->   Core 16 'Mul' <Latency = 0> <II = 1> <Delay = 3.17> <FuncUnit> <Opcode : 'mul'> <InPorts = 2> <OutPorts = 1>
ST_1 : Operation 142 [1/1] (0.00ns)   --->   "%trunc_ln708_33 = call i32 @_ssdm_op_PartSelect.i32.i39.i32.i32(i39 %mul_ln1118_14, i32 7, i32 38)" [firmware/nnet_utils/nnet_dense_latency.h:42]   --->   Operation 142 'partselect' 'trunc_ln708_33' <Predicate = true> <Delay = 0.00>
ST_1 : Operation 143 [1/1] (0.00ns)   --->   "%sext_ln1118_24 = sext i32 %data_12_V_read_3 to i39" [firmware/nnet_utils/nnet_mult.h:73->firmware/nnet_utils/nnet_dense_latency.h:42]   --->   Operation 143 'sext' 'sext_ln1118_24' <Predicate = true> <Delay = 0.00>
ST_1 : Operation 144 [1/1] (0.00ns)   --->   "%shl_ln1118_18 = call i39 @_ssdm_op_BitConcatenate.i39.i32.i7(i32 %data_12_V_read_3, i7 0)" [firmware/nnet_utils/nnet_mult.h:73->firmware/nnet_utils/nnet_dense_latency.h:42]   --->   Operation 144 'bitconcatenate' 'shl_ln1118_18' <Predicate = true> <Delay = 0.00>
ST_1 : Operation 145 [1/1] (0.00ns)   --->   "%shl_ln1118_19 = call i37 @_ssdm_op_BitConcatenate.i37.i32.i5(i32 %data_12_V_read_3, i5 0)" [firmware/nnet_utils/nnet_mult.h:73->firmware/nnet_utils/nnet_dense_latency.h:42]   --->   Operation 145 'bitconcatenate' 'shl_ln1118_19' <Predicate = true> <Delay = 0.00>
ST_1 : Operation 146 [1/1] (0.00ns)   --->   "%sext_ln1118_25 = sext i37 %shl_ln1118_19 to i39" [firmware/nnet_utils/nnet_mult.h:73->firmware/nnet_utils/nnet_dense_latency.h:42]   --->   Operation 146 'sext' 'sext_ln1118_25' <Predicate = true> <Delay = 0.00>
ST_1 : Operation 147 [1/1] (0.66ns)   --->   "%sub_ln1118_18 = sub i39 %sext_ln1118_25, %shl_ln1118_18" [firmware/nnet_utils/nnet_mult.h:73->firmware/nnet_utils/nnet_dense_latency.h:42]   --->   Operation 147 'sub' 'sub_ln1118_18' <Predicate = true> <Delay = 0.66> <Core = "AddSub">   --->   Core 14 'AddSub' <Latency = 0> <II = 1> <Delay = 0.66> <FuncUnit> <Opcode : 'add' 'sub'> <InPorts = 2> <OutPorts = 1>
ST_1 : Operation 148 [1/1] (0.00ns)   --->   "%trunc_ln708_34 = call i32 @_ssdm_op_PartSelect.i32.i39.i32.i32(i39 %sub_ln1118_18, i32 7, i32 38)" [firmware/nnet_utils/nnet_dense_latency.h:42]   --->   Operation 148 'partselect' 'trunc_ln708_34' <Predicate = true> <Delay = 0.00>
ST_1 : Operation 149 [1/1] (3.17ns)   --->   "%mul_ln1118_15 = mul i39 %sext_ln1118_24, -103" [firmware/nnet_utils/nnet_mult.h:73->firmware/nnet_utils/nnet_dense_latency.h:42]   --->   Operation 149 'mul' 'mul_ln1118_15' <Predicate = true> <Delay = 3.17> <Core = "Mul">   --->   Core 16 'Mul' <Latency = 0> <II = 1> <Delay = 3.17> <FuncUnit> <Opcode : 'mul'> <InPorts = 2> <OutPorts = 1>
ST_1 : Operation 150 [1/1] (0.00ns)   --->   "%trunc_ln708_35 = call i32 @_ssdm_op_PartSelect.i32.i39.i32.i32(i39 %mul_ln1118_15, i32 7, i32 38)" [firmware/nnet_utils/nnet_dense_latency.h:42]   --->   Operation 150 'partselect' 'trunc_ln708_35' <Predicate = true> <Delay = 0.00>
ST_1 : Operation 151 [1/1] (0.00ns)   --->   "%shl_ln1118_20 = call i38 @_ssdm_op_BitConcatenate.i38.i32.i6(i32 %data_12_V_read_3, i6 0)" [firmware/nnet_utils/nnet_mult.h:73->firmware/nnet_utils/nnet_dense_latency.h:42]   --->   Operation 151 'bitconcatenate' 'shl_ln1118_20' <Predicate = true> <Delay = 0.00>
ST_1 : Operation 152 [1/1] (0.00ns)   --->   "%sext_ln1118_26 = sext i38 %shl_ln1118_20 to i39" [firmware/nnet_utils/nnet_mult.h:73->firmware/nnet_utils/nnet_dense_latency.h:42]   --->   Operation 152 'sext' 'sext_ln1118_26' <Predicate = true> <Delay = 0.00>
ST_1 : Operation 153 [1/1] (0.66ns)   --->   "%sub_ln1118_19 = sub i39 0, %sext_ln1118_26" [firmware/nnet_utils/nnet_mult.h:73->firmware/nnet_utils/nnet_dense_latency.h:42]   --->   Operation 153 'sub' 'sub_ln1118_19' <Predicate = true> <Delay = 0.66> <Core = "AddSub">   --->   Core 14 'AddSub' <Latency = 0> <II = 1> <Delay = 0.66> <FuncUnit> <Opcode : 'add' 'sub'> <InPorts = 2> <OutPorts = 1>
ST_1 : Operation 154 [1/1] (0.00ns)   --->   "%trunc_ln708_36 = call i32 @_ssdm_op_PartSelect.i32.i39.i32.i32(i39 %sub_ln1118_19, i32 7, i32 38)" [firmware/nnet_utils/nnet_dense_latency.h:42]   --->   Operation 154 'partselect' 'trunc_ln708_36' <Predicate = true> <Delay = 0.00>
ST_1 : Operation 155 [1/1] (0.00ns)   --->   "%sext_ln1118_27 = sext i32 %data_13_V_read_3 to i39" [firmware/nnet_utils/nnet_mult.h:73->firmware/nnet_utils/nnet_dense_latency.h:42]   --->   Operation 155 'sext' 'sext_ln1118_27' <Predicate = true> <Delay = 0.00>
ST_1 : Operation 156 [1/1] (0.00ns)   --->   "%shl_ln1118_21 = call i39 @_ssdm_op_BitConcatenate.i39.i32.i7(i32 %data_13_V_read_3, i7 0)" [firmware/nnet_utils/nnet_mult.h:73->firmware/nnet_utils/nnet_dense_latency.h:42]   --->   Operation 156 'bitconcatenate' 'shl_ln1118_21' <Predicate = true> <Delay = 0.00>
ST_1 : Operation 157 [1/1] (0.00ns)   --->   "%shl_ln1118_22 = call i33 @_ssdm_op_BitConcatenate.i33.i32.i1(i32 %data_13_V_read_3, i1 false)" [firmware/nnet_utils/nnet_mult.h:73->firmware/nnet_utils/nnet_dense_latency.h:42]   --->   Operation 157 'bitconcatenate' 'shl_ln1118_22' <Predicate = true> <Delay = 0.00>
ST_1 : Operation 158 [1/1] (0.00ns)   --->   "%sext_ln1118_28 = sext i33 %shl_ln1118_22 to i39" [firmware/nnet_utils/nnet_mult.h:73->firmware/nnet_utils/nnet_dense_latency.h:42]   --->   Operation 158 'sext' 'sext_ln1118_28' <Predicate = true> <Delay = 0.00>
ST_1 : Operation 159 [1/1] (0.66ns)   --->   "%sub_ln1118_20 = sub i39 %sext_ln1118_28, %shl_ln1118_21" [firmware/nnet_utils/nnet_mult.h:73->firmware/nnet_utils/nnet_dense_latency.h:42]   --->   Operation 159 'sub' 'sub_ln1118_20' <Predicate = true> <Delay = 0.66> <Core = "AddSub">   --->   Core 14 'AddSub' <Latency = 0> <II = 1> <Delay = 0.66> <FuncUnit> <Opcode : 'add' 'sub'> <InPorts = 2> <OutPorts = 1>
ST_1 : Operation 160 [1/1] (0.00ns)   --->   "%trunc_ln708_37 = call i32 @_ssdm_op_PartSelect.i32.i39.i32.i32(i39 %sub_ln1118_20, i32 7, i32 38)" [firmware/nnet_utils/nnet_dense_latency.h:42]   --->   Operation 160 'partselect' 'trunc_ln708_37' <Predicate = true> <Delay = 0.00>
ST_1 : Operation 161 [1/1] (3.17ns)   --->   "%mul_ln1118_16 = mul i39 %sext_ln1118_27, 114" [firmware/nnet_utils/nnet_mult.h:73->firmware/nnet_utils/nnet_dense_latency.h:42]   --->   Operation 161 'mul' 'mul_ln1118_16' <Predicate = true> <Delay = 3.17> <Core = "Mul">   --->   Core 16 'Mul' <Latency = 0> <II = 1> <Delay = 3.17> <FuncUnit> <Opcode : 'mul'> <InPorts = 2> <OutPorts = 1>
ST_1 : Operation 162 [1/1] (0.00ns)   --->   "%trunc_ln708_38 = call i32 @_ssdm_op_PartSelect.i32.i39.i32.i32(i39 %mul_ln1118_16, i32 7, i32 38)" [firmware/nnet_utils/nnet_dense_latency.h:42]   --->   Operation 162 'partselect' 'trunc_ln708_38' <Predicate = true> <Delay = 0.00>
ST_1 : Operation 163 [1/1] (0.66ns)   --->   "%sub_ln1118_21 = sub i39 %shl_ln1118_21, %sext_ln1118_27" [firmware/nnet_utils/nnet_mult.h:73->firmware/nnet_utils/nnet_dense_latency.h:42]   --->   Operation 163 'sub' 'sub_ln1118_21' <Predicate = true> <Delay = 0.66> <Core = "AddSub">   --->   Core 14 'AddSub' <Latency = 0> <II = 1> <Delay = 0.66> <FuncUnit> <Opcode : 'add' 'sub'> <InPorts = 2> <OutPorts = 1>
ST_1 : Operation 164 [1/1] (0.00ns)   --->   "%trunc_ln708_39 = call i32 @_ssdm_op_PartSelect.i32.i39.i32.i32(i39 %sub_ln1118_21, i32 7, i32 38)" [firmware/nnet_utils/nnet_dense_latency.h:42]   --->   Operation 164 'partselect' 'trunc_ln708_39' <Predicate = true> <Delay = 0.00>
ST_1 : Operation 165 [1/1] (0.00ns)   --->   "%sext_ln1118_29 = sext i32 %data_14_V_read_3 to i39" [firmware/nnet_utils/nnet_mult.h:73->firmware/nnet_utils/nnet_dense_latency.h:42]   --->   Operation 165 'sext' 'sext_ln1118_29' <Predicate = true> <Delay = 0.00>
ST_1 : Operation 166 [1/1] (3.17ns)   --->   "%mul_ln1118_17 = mul i39 %sext_ln1118_29, -78" [firmware/nnet_utils/nnet_mult.h:73->firmware/nnet_utils/nnet_dense_latency.h:42]   --->   Operation 166 'mul' 'mul_ln1118_17' <Predicate = true> <Delay = 3.17> <Core = "Mul">   --->   Core 16 'Mul' <Latency = 0> <II = 1> <Delay = 3.17> <FuncUnit> <Opcode : 'mul'> <InPorts = 2> <OutPorts = 1>
ST_1 : Operation 167 [1/1] (0.00ns)   --->   "%trunc_ln708_40 = call i32 @_ssdm_op_PartSelect.i32.i39.i32.i32(i39 %mul_ln1118_17, i32 7, i32 38)" [firmware/nnet_utils/nnet_dense_latency.h:42]   --->   Operation 167 'partselect' 'trunc_ln708_40' <Predicate = true> <Delay = 0.00>
ST_1 : Operation 168 [1/1] (3.17ns)   --->   "%mul_ln1118_18 = mul i39 %sext_ln1118_29, -75" [firmware/nnet_utils/nnet_mult.h:73->firmware/nnet_utils/nnet_dense_latency.h:42]   --->   Operation 168 'mul' 'mul_ln1118_18' <Predicate = true> <Delay = 3.17> <Core = "Mul">   --->   Core 16 'Mul' <Latency = 0> <II = 1> <Delay = 3.17> <FuncUnit> <Opcode : 'mul'> <InPorts = 2> <OutPorts = 1>
ST_1 : Operation 169 [1/1] (0.00ns)   --->   "%trunc_ln708_41 = call i32 @_ssdm_op_PartSelect.i32.i39.i32.i32(i39 %mul_ln1118_18, i32 7, i32 38)" [firmware/nnet_utils/nnet_dense_latency.h:42]   --->   Operation 169 'partselect' 'trunc_ln708_41' <Predicate = true> <Delay = 0.00>
ST_1 : Operation 170 [1/1] (0.00ns)   --->   "%shl_ln1118_23 = call i39 @_ssdm_op_BitConcatenate.i39.i32.i7(i32 %data_14_V_read_3, i7 0)" [firmware/nnet_utils/nnet_mult.h:73->firmware/nnet_utils/nnet_dense_latency.h:42]   --->   Operation 170 'bitconcatenate' 'shl_ln1118_23' <Predicate = true> <Delay = 0.00>
ST_1 : Operation 171 [1/1] (0.00ns)   --->   "%shl_ln1118_24 = call i34 @_ssdm_op_BitConcatenate.i34.i32.i2(i32 %data_14_V_read_3, i2 0)" [firmware/nnet_utils/nnet_mult.h:73->firmware/nnet_utils/nnet_dense_latency.h:42]   --->   Operation 171 'bitconcatenate' 'shl_ln1118_24' <Predicate = true> <Delay = 0.00>
ST_1 : Operation 172 [1/1] (0.00ns)   --->   "%sext_ln1118_30 = sext i34 %shl_ln1118_24 to i39" [firmware/nnet_utils/nnet_mult.h:73->firmware/nnet_utils/nnet_dense_latency.h:42]   --->   Operation 172 'sext' 'sext_ln1118_30' <Predicate = true> <Delay = 0.00>
ST_1 : Operation 173 [1/1] (0.66ns)   --->   "%sub_ln1118_22 = sub i39 %sext_ln1118_30, %shl_ln1118_23" [firmware/nnet_utils/nnet_mult.h:73->firmware/nnet_utils/nnet_dense_latency.h:42]   --->   Operation 173 'sub' 'sub_ln1118_22' <Predicate = true> <Delay = 0.66> <Core = "AddSub">   --->   Core 14 'AddSub' <Latency = 0> <II = 1> <Delay = 0.66> <FuncUnit> <Opcode : 'add' 'sub'> <InPorts = 2> <OutPorts = 1>
ST_1 : Operation 174 [1/1] (0.00ns)   --->   "%trunc_ln708_42 = call i32 @_ssdm_op_PartSelect.i32.i39.i32.i32(i39 %sub_ln1118_22, i32 7, i32 38)" [firmware/nnet_utils/nnet_dense_latency.h:42]   --->   Operation 174 'partselect' 'trunc_ln708_42' <Predicate = true> <Delay = 0.00>
ST_1 : Operation 175 [1/1] (0.00ns)   --->   "%sext_ln1118_31 = sext i32 %data_15_V_read_3 to i39" [firmware/nnet_utils/nnet_mult.h:73->firmware/nnet_utils/nnet_dense_latency.h:42]   --->   Operation 175 'sext' 'sext_ln1118_31' <Predicate = true> <Delay = 0.00>
ST_1 : Operation 176 [1/1] (0.00ns)   --->   "%shl_ln1118_25 = call i39 @_ssdm_op_BitConcatenate.i39.i32.i7(i32 %data_15_V_read_3, i7 0)" [firmware/nnet_utils/nnet_mult.h:73->firmware/nnet_utils/nnet_dense_latency.h:42]   --->   Operation 176 'bitconcatenate' 'shl_ln1118_25' <Predicate = true> <Delay = 0.00>
ST_1 : Operation 177 [1/1] (0.66ns)   --->   "%sub_ln1118_23 = sub i39 %shl_ln1118_25, %sext_ln1118_31" [firmware/nnet_utils/nnet_mult.h:73->firmware/nnet_utils/nnet_dense_latency.h:42]   --->   Operation 177 'sub' 'sub_ln1118_23' <Predicate = true> <Delay = 0.66> <Core = "AddSub">   --->   Core 14 'AddSub' <Latency = 0> <II = 1> <Delay = 0.66> <FuncUnit> <Opcode : 'add' 'sub'> <InPorts = 2> <OutPorts = 1>
ST_1 : Operation 178 [1/1] (0.00ns)   --->   "%trunc_ln708_43 = call i32 @_ssdm_op_PartSelect.i32.i39.i32.i32(i39 %sub_ln1118_23, i32 7, i32 38)" [firmware/nnet_utils/nnet_dense_latency.h:42]   --->   Operation 178 'partselect' 'trunc_ln708_43' <Predicate = true> <Delay = 0.00>
ST_1 : Operation 179 [1/1] (3.17ns)   --->   "%mul_ln1118_19 = mul i39 %sext_ln1118_31, -69" [firmware/nnet_utils/nnet_mult.h:73->firmware/nnet_utils/nnet_dense_latency.h:42]   --->   Operation 179 'mul' 'mul_ln1118_19' <Predicate = true> <Delay = 3.17> <Core = "Mul">   --->   Core 16 'Mul' <Latency = 0> <II = 1> <Delay = 3.17> <FuncUnit> <Opcode : 'mul'> <InPorts = 2> <OutPorts = 1>
ST_1 : Operation 180 [1/1] (0.00ns)   --->   "%trunc_ln708_44 = call i32 @_ssdm_op_PartSelect.i32.i39.i32.i32(i39 %mul_ln1118_19, i32 7, i32 38)" [firmware/nnet_utils/nnet_dense_latency.h:42]   --->   Operation 180 'partselect' 'trunc_ln708_44' <Predicate = true> <Delay = 0.00>
ST_1 : Operation 181 [1/1] (0.66ns)   --->   "%sub_ln1118_24 = sub i39 %sext_ln1118_31, %shl_ln1118_25" [firmware/nnet_utils/nnet_mult.h:73->firmware/nnet_utils/nnet_dense_latency.h:42]   --->   Operation 181 'sub' 'sub_ln1118_24' <Predicate = true> <Delay = 0.66> <Core = "AddSub">   --->   Core 14 'AddSub' <Latency = 0> <II = 1> <Delay = 0.66> <FuncUnit> <Opcode : 'add' 'sub'> <InPorts = 2> <OutPorts = 1>
ST_1 : Operation 182 [1/1] (0.00ns)   --->   "%trunc_ln708_45 = call i32 @_ssdm_op_PartSelect.i32.i39.i32.i32(i39 %sub_ln1118_24, i32 7, i32 38)" [firmware/nnet_utils/nnet_dense_latency.h:42]   --->   Operation 182 'partselect' 'trunc_ln708_45' <Predicate = true> <Delay = 0.00>
ST_1 : Operation 183 [1/1] (0.00ns) (grouped into TernaryAdder)   --->   "%add_ln703 = add i32 %trunc_ln, %sext_ln708" [firmware/nnet_utils/nnet_dense_latency.h:58]   --->   Operation 183 'add' 'add_ln703' <Predicate = true> <Delay = 0.00> <Core = "TAddSub">   --->   Core 83 'TAddSub' <Latency = 0> <II = 1> <Delay = 0.36> <IPBlock> <Opcode : 'add' 'sub'> <InPorts = 3> <OutPorts = 1> <Sync> <CReg>
ST_1 : Operation 184 [1/1] (0.66ns)   --->   "%add_ln703_1 = add i32 %trunc_ln708_5, %trunc_ln708_8" [firmware/nnet_utils/nnet_dense_latency.h:58]   --->   Operation 184 'add' 'add_ln703_1' <Predicate = true> <Delay = 0.66> <Core = "AddSub">   --->   Core 14 'AddSub' <Latency = 0> <II = 1> <Delay = 0.66> <FuncUnit> <Opcode : 'add' 'sub'> <InPorts = 2> <OutPorts = 1>
ST_1 : Operation 185 [1/1] (0.73ns) (root node of TernaryAdder)   --->   "%add_ln703_2 = add i32 %add_ln703_1, %add_ln703" [firmware/nnet_utils/nnet_dense_latency.h:58]   --->   Operation 185 'add' 'add_ln703_2' <Predicate = true> <Delay = 0.73> <Core = "TAddSub">   --->   Core 83 'TAddSub' <Latency = 0> <II = 1> <Delay = 0.36> <IPBlock> <Opcode : 'add' 'sub'> <InPorts = 3> <OutPorts = 1> <Sync> <CReg>
ST_1 : Operation 186 [1/1] (0.00ns) (grouped into TernaryAdder)   --->   "%add_ln703_3 = add i32 %trunc_ln708_10, %trunc_ln708_13" [firmware/nnet_utils/nnet_dense_latency.h:58]   --->   Operation 186 'add' 'add_ln703_3' <Predicate = true> <Delay = 0.00> <Core = "TAddSub">   --->   Core 83 'TAddSub' <Latency = 0> <II = 1> <Delay = 0.36> <IPBlock> <Opcode : 'add' 'sub'> <InPorts = 3> <OutPorts = 1> <Sync> <CReg>
ST_1 : Operation 187 [1/1] (0.66ns)   --->   "%add_ln703_4 = add i32 %trunc_ln708_16, %sext_ln708_3" [firmware/nnet_utils/nnet_dense_latency.h:58]   --->   Operation 187 'add' 'add_ln703_4' <Predicate = true> <Delay = 0.66> <Core = "AddSub">   --->   Core 14 'AddSub' <Latency = 0> <II = 1> <Delay = 0.66> <FuncUnit> <Opcode : 'add' 'sub'> <InPorts = 2> <OutPorts = 1>
ST_1 : Operation 188 [1/1] (0.73ns) (root node of TernaryAdder)   --->   "%add_ln703_5 = add i32 %add_ln703_4, %add_ln703_3" [firmware/nnet_utils/nnet_dense_latency.h:58]   --->   Operation 188 'add' 'add_ln703_5' <Predicate = true> <Delay = 0.73> <Core = "TAddSub">   --->   Core 83 'TAddSub' <Latency = 0> <II = 1> <Delay = 0.36> <IPBlock> <Opcode : 'add' 'sub'> <InPorts = 3> <OutPorts = 1> <Sync> <CReg>
ST_1 : Operation 189 [1/1] (0.00ns) (grouped into TernaryAdder)   --->   "%add_ln703_6 = add i32 %add_ln703_5, %add_ln703_2" [firmware/nnet_utils/nnet_dense_latency.h:58]   --->   Operation 189 'add' 'add_ln703_6' <Predicate = true> <Delay = 0.00> <Core = "TAddSub">   --->   Core 83 'TAddSub' <Latency = 0> <II = 1> <Delay = 0.36> <IPBlock> <Opcode : 'add' 'sub'> <InPorts = 3> <OutPorts = 1> <Sync> <CReg>
ST_1 : Operation 190 [1/1] (0.66ns)   --->   "%add_ln703_7 = add i32 %trunc_ln708_22, %trunc_ln708_25" [firmware/nnet_utils/nnet_dense_latency.h:58]   --->   Operation 190 'add' 'add_ln703_7' <Predicate = true> <Delay = 0.66> <Core = "AddSub">   --->   Core 14 'AddSub' <Latency = 0> <II = 1> <Delay = 0.66> <FuncUnit> <Opcode : 'add' 'sub'> <InPorts = 2> <OutPorts = 1>
ST_1 : Operation 191 [1/1] (0.66ns)   --->   "%add_ln703_8 = add i32 %trunc_ln708_28, %trunc_ln708_31" [firmware/nnet_utils/nnet_dense_latency.h:58]   --->   Operation 191 'add' 'add_ln703_8' <Predicate = true> <Delay = 0.66> <Core = "AddSub">   --->   Core 14 'AddSub' <Latency = 0> <II = 1> <Delay = 0.66> <FuncUnit> <Opcode : 'add' 'sub'> <InPorts = 2> <OutPorts = 1>
ST_1 : Operation 192 [1/1] (0.00ns) (grouped into TernaryAdder)   --->   "%add_ln703_9 = add i32 %add_ln703_8, %add_ln703_7" [firmware/nnet_utils/nnet_dense_latency.h:58]   --->   Operation 192 'add' 'add_ln703_9' <Predicate = true> <Delay = 0.00> <Core = "TAddSub">   --->   Core 83 'TAddSub' <Latency = 0> <II = 1> <Delay = 0.36> <IPBlock> <Opcode : 'add' 'sub'> <InPorts = 3> <OutPorts = 1> <Sync> <CReg>
ST_1 : Operation 193 [1/1] (0.00ns) (grouped into TernaryAdder)   --->   "%add_ln703_10 = add i32 %trunc_ln708_34, %trunc_ln708_37" [firmware/nnet_utils/nnet_dense_latency.h:58]   --->   Operation 193 'add' 'add_ln703_10' <Predicate = true> <Delay = 0.00> <Core = "TAddSub">   --->   Core 83 'TAddSub' <Latency = 0> <II = 1> <Delay = 0.36> <IPBlock> <Opcode : 'add' 'sub'> <InPorts = 3> <OutPorts = 1> <Sync> <CReg>
ST_1 : Operation 194 [1/1] (0.00ns) (grouped into TernaryAdder)   --->   "%add_ln703_11 = add i32 %trunc_ln708_43, -14336" [firmware/nnet_utils/nnet_dense_latency.h:58]   --->   Operation 194 'add' 'add_ln703_11' <Predicate = true> <Delay = 0.00> <Core = "TAddSub">   --->   Core 83 'TAddSub' <Latency = 0> <II = 1> <Delay = 0.36> <IPBlock> <Opcode : 'add' 'sub'> <InPorts = 3> <OutPorts = 1> <Sync> <CReg>
ST_1 : Operation 195 [1/1] (0.73ns) (root node of TernaryAdder)   --->   "%add_ln703_12 = add i32 %add_ln703_11, %trunc_ln708_40" [firmware/nnet_utils/nnet_dense_latency.h:58]   --->   Operation 195 'add' 'add_ln703_12' <Predicate = true> <Delay = 0.73> <Core = "TAddSub">   --->   Core 83 'TAddSub' <Latency = 0> <II = 1> <Delay = 0.36> <IPBlock> <Opcode : 'add' 'sub'> <InPorts = 3> <OutPorts = 1> <Sync> <CReg>
ST_1 : Operation 196 [1/1] (0.73ns) (root node of TernaryAdder)   --->   "%add_ln703_13 = add i32 %add_ln703_12, %add_ln703_10" [firmware/nnet_utils/nnet_dense_latency.h:58]   --->   Operation 196 'add' 'add_ln703_13' <Predicate = true> <Delay = 0.73> <Core = "TAddSub">   --->   Core 83 'TAddSub' <Latency = 0> <II = 1> <Delay = 0.36> <IPBlock> <Opcode : 'add' 'sub'> <InPorts = 3> <OutPorts = 1> <Sync> <CReg>
ST_1 : Operation 197 [1/1] (0.73ns) (root node of TernaryAdder)   --->   "%add_ln703_14 = add i32 %add_ln703_13, %add_ln703_9" [firmware/nnet_utils/nnet_dense_latency.h:58]   --->   Operation 197 'add' 'add_ln703_14' <Predicate = true> <Delay = 0.73> <Core = "TAddSub">   --->   Core 83 'TAddSub' <Latency = 0> <II = 1> <Delay = 0.36> <IPBlock> <Opcode : 'add' 'sub'> <InPorts = 3> <OutPorts = 1> <Sync> <CReg>
ST_1 : Operation 198 [1/1] (0.73ns) (root node of TernaryAdder)   --->   "%add_ln703_15 = add i32 %add_ln703_14, %add_ln703_6" [firmware/nnet_utils/nnet_dense_latency.h:58]   --->   Operation 198 'add' 'add_ln703_15' <Predicate = true> <Delay = 0.73> <Core = "TAddSub">   --->   Core 83 'TAddSub' <Latency = 0> <II = 1> <Delay = 0.36> <IPBlock> <Opcode : 'add' 'sub'> <InPorts = 3> <OutPorts = 1> <Sync> <CReg>
ST_1 : Operation 199 [1/1] (0.00ns) (grouped into TernaryAdder)   --->   "%add_ln703_16 = add i32 %trunc_ln708_1, %trunc_ln708_3" [firmware/nnet_utils/nnet_dense_latency.h:58]   --->   Operation 199 'add' 'add_ln703_16' <Predicate = true> <Delay = 0.00> <Core = "TAddSub">   --->   Core 83 'TAddSub' <Latency = 0> <II = 1> <Delay = 0.36> <IPBlock> <Opcode : 'add' 'sub'> <InPorts = 3> <OutPorts = 1> <Sync> <CReg>
ST_1 : Operation 200 [1/1] (0.66ns)   --->   "%add_ln703_17 = add i32 %trunc_ln708_6, %trunc_ln708_9" [firmware/nnet_utils/nnet_dense_latency.h:58]   --->   Operation 200 'add' 'add_ln703_17' <Predicate = true> <Delay = 0.66> <Core = "AddSub">   --->   Core 14 'AddSub' <Latency = 0> <II = 1> <Delay = 0.66> <FuncUnit> <Opcode : 'add' 'sub'> <InPorts = 2> <OutPorts = 1>
ST_1 : Operation 201 [1/1] (0.73ns) (root node of TernaryAdder)   --->   "%add_ln703_18 = add i32 %add_ln703_17, %add_ln703_16" [firmware/nnet_utils/nnet_dense_latency.h:58]   --->   Operation 201 'add' 'add_ln703_18' <Predicate = true> <Delay = 0.73> <Core = "TAddSub">   --->   Core 83 'TAddSub' <Latency = 0> <II = 1> <Delay = 0.36> <IPBlock> <Opcode : 'add' 'sub'> <InPorts = 3> <OutPorts = 1> <Sync> <CReg>
ST_1 : Operation 202 [1/1] (0.00ns) (grouped into TernaryAdder)   --->   "%add_ln703_19 = add i32 %trunc_ln708_11, %trunc_ln708_14" [firmware/nnet_utils/nnet_dense_latency.h:58]   --->   Operation 202 'add' 'add_ln703_19' <Predicate = true> <Delay = 0.00> <Core = "TAddSub">   --->   Core 83 'TAddSub' <Latency = 0> <II = 1> <Delay = 0.36> <IPBlock> <Opcode : 'add' 'sub'> <InPorts = 3> <OutPorts = 1> <Sync> <CReg>
ST_1 : Operation 203 [1/1] (0.66ns)   --->   "%add_ln703_20 = add i32 %sext_ln708_2, %trunc_ln708_20" [firmware/nnet_utils/nnet_dense_latency.h:58]   --->   Operation 203 'add' 'add_ln703_20' <Predicate = true> <Delay = 0.66> <Core = "AddSub">   --->   Core 14 'AddSub' <Latency = 0> <II = 1> <Delay = 0.66> <FuncUnit> <Opcode : 'add' 'sub'> <InPorts = 2> <OutPorts = 1>
ST_1 : Operation 204 [1/1] (0.73ns) (root node of TernaryAdder)   --->   "%add_ln703_21 = add i32 %add_ln703_20, %add_ln703_19" [firmware/nnet_utils/nnet_dense_latency.h:58]   --->   Operation 204 'add' 'add_ln703_21' <Predicate = true> <Delay = 0.73> <Core = "TAddSub">   --->   Core 83 'TAddSub' <Latency = 0> <II = 1> <Delay = 0.36> <IPBlock> <Opcode : 'add' 'sub'> <InPorts = 3> <OutPorts = 1> <Sync> <CReg>
ST_1 : Operation 205 [1/1] (0.00ns) (grouped into TernaryAdder)   --->   "%add_ln703_22 = add i32 %add_ln703_21, %add_ln703_18" [firmware/nnet_utils/nnet_dense_latency.h:58]   --->   Operation 205 'add' 'add_ln703_22' <Predicate = true> <Delay = 0.00> <Core = "TAddSub">   --->   Core 83 'TAddSub' <Latency = 0> <II = 1> <Delay = 0.36> <IPBlock> <Opcode : 'add' 'sub'> <InPorts = 3> <OutPorts = 1> <Sync> <CReg>
ST_1 : Operation 206 [1/1] (0.66ns)   --->   "%add_ln703_23 = add i32 %sext_ln708_4, %sext_ln708_5" [firmware/nnet_utils/nnet_dense_latency.h:58]   --->   Operation 206 'add' 'add_ln703_23' <Predicate = true> <Delay = 0.66> <Core = "AddSub">   --->   Core 14 'AddSub' <Latency = 0> <II = 1> <Delay = 0.66> <FuncUnit> <Opcode : 'add' 'sub'> <InPorts = 2> <OutPorts = 1>
ST_1 : Operation 207 [1/1] (0.66ns)   --->   "%add_ln703_24 = add i32 %trunc_ln708_29, %sext_ln708_7" [firmware/nnet_utils/nnet_dense_latency.h:58]   --->   Operation 207 'add' 'add_ln703_24' <Predicate = true> <Delay = 0.66> <Core = "AddSub">   --->   Core 14 'AddSub' <Latency = 0> <II = 1> <Delay = 0.66> <FuncUnit> <Opcode : 'add' 'sub'> <InPorts = 2> <OutPorts = 1>
ST_1 : Operation 208 [1/1] (0.00ns) (grouped into TernaryAdder)   --->   "%add_ln703_25 = add i32 %add_ln703_24, %add_ln703_23" [firmware/nnet_utils/nnet_dense_latency.h:58]   --->   Operation 208 'add' 'add_ln703_25' <Predicate = true> <Delay = 0.00> <Core = "TAddSub">   --->   Core 83 'TAddSub' <Latency = 0> <II = 1> <Delay = 0.36> <IPBlock> <Opcode : 'add' 'sub'> <InPorts = 3> <OutPorts = 1> <Sync> <CReg>
ST_1 : Operation 209 [1/1] (0.00ns) (grouped into TernaryAdder)   --->   "%add_ln703_26 = add i32 %trunc_ln708_35, %trunc_ln708_38" [firmware/nnet_utils/nnet_dense_latency.h:58]   --->   Operation 209 'add' 'add_ln703_26' <Predicate = true> <Delay = 0.00> <Core = "TAddSub">   --->   Core 83 'TAddSub' <Latency = 0> <II = 1> <Delay = 0.36> <IPBlock> <Opcode : 'add' 'sub'> <InPorts = 3> <OutPorts = 1> <Sync> <CReg>
ST_1 : Operation 210 [1/1] (0.00ns) (grouped into TernaryAdder)   --->   "%add_ln703_27 = add i32 %trunc_ln708_44, -9216" [firmware/nnet_utils/nnet_dense_latency.h:58]   --->   Operation 210 'add' 'add_ln703_27' <Predicate = true> <Delay = 0.00> <Core = "TAddSub">   --->   Core 83 'TAddSub' <Latency = 0> <II = 1> <Delay = 0.36> <IPBlock> <Opcode : 'add' 'sub'> <InPorts = 3> <OutPorts = 1> <Sync> <CReg>
ST_1 : Operation 211 [1/1] (0.73ns) (root node of TernaryAdder)   --->   "%add_ln703_28 = add i32 %add_ln703_27, %trunc_ln708_41" [firmware/nnet_utils/nnet_dense_latency.h:58]   --->   Operation 211 'add' 'add_ln703_28' <Predicate = true> <Delay = 0.73> <Core = "TAddSub">   --->   Core 83 'TAddSub' <Latency = 0> <II = 1> <Delay = 0.36> <IPBlock> <Opcode : 'add' 'sub'> <InPorts = 3> <OutPorts = 1> <Sync> <CReg>
ST_1 : Operation 212 [1/1] (0.73ns) (root node of TernaryAdder)   --->   "%add_ln703_29 = add i32 %add_ln703_28, %add_ln703_26" [firmware/nnet_utils/nnet_dense_latency.h:58]   --->   Operation 212 'add' 'add_ln703_29' <Predicate = true> <Delay = 0.73> <Core = "TAddSub">   --->   Core 83 'TAddSub' <Latency = 0> <II = 1> <Delay = 0.36> <IPBlock> <Opcode : 'add' 'sub'> <InPorts = 3> <OutPorts = 1> <Sync> <CReg>
ST_1 : Operation 213 [1/1] (0.73ns) (root node of TernaryAdder)   --->   "%add_ln703_30 = add i32 %add_ln703_29, %add_ln703_25" [firmware/nnet_utils/nnet_dense_latency.h:58]   --->   Operation 213 'add' 'add_ln703_30' <Predicate = true> <Delay = 0.73> <Core = "TAddSub">   --->   Core 83 'TAddSub' <Latency = 0> <II = 1> <Delay = 0.36> <IPBlock> <Opcode : 'add' 'sub'> <InPorts = 3> <OutPorts = 1> <Sync> <CReg>
ST_1 : Operation 214 [1/1] (0.73ns) (root node of TernaryAdder)   --->   "%acc_1_V = add i32 %add_ln703_30, %add_ln703_22" [firmware/nnet_utils/nnet_dense_latency.h:58]   --->   Operation 214 'add' 'acc_1_V' <Predicate = true> <Delay = 0.73> <Core = "TAddSub">   --->   Core 83 'TAddSub' <Latency = 0> <II = 1> <Delay = 0.36> <IPBlock> <Opcode : 'add' 'sub'> <InPorts = 3> <OutPorts = 1> <Sync> <CReg>
ST_1 : Operation 215 [1/1] (0.00ns) (grouped into TernaryAdder)   --->   "%add_ln703_32 = add i32 %trunc_ln, %trunc_ln708_4" [firmware/nnet_utils/nnet_dense_latency.h:58]   --->   Operation 215 'add' 'add_ln703_32' <Predicate = true> <Delay = 0.00> <Core = "TAddSub">   --->   Core 83 'TAddSub' <Latency = 0> <II = 1> <Delay = 0.36> <IPBlock> <Opcode : 'add' 'sub'> <InPorts = 3> <OutPorts = 1> <Sync> <CReg>
ST_1 : Operation 216 [1/1] (0.66ns)   --->   "%add_ln703_33 = add i32 %trunc_ln708_7, %trunc_ln708_2" [firmware/nnet_utils/nnet_dense_latency.h:58]   --->   Operation 216 'add' 'add_ln703_33' <Predicate = true> <Delay = 0.66> <Core = "AddSub">   --->   Core 14 'AddSub' <Latency = 0> <II = 1> <Delay = 0.66> <FuncUnit> <Opcode : 'add' 'sub'> <InPorts = 2> <OutPorts = 1>
ST_1 : Operation 217 [1/1] (0.73ns) (root node of TernaryAdder)   --->   "%add_ln703_34 = add i32 %add_ln703_33, %add_ln703_32" [firmware/nnet_utils/nnet_dense_latency.h:58]   --->   Operation 217 'add' 'add_ln703_34' <Predicate = true> <Delay = 0.73> <Core = "TAddSub">   --->   Core 83 'TAddSub' <Latency = 0> <II = 1> <Delay = 0.36> <IPBlock> <Opcode : 'add' 'sub'> <InPorts = 3> <OutPorts = 1> <Sync> <CReg>
ST_1 : Operation 218 [1/1] (0.00ns) (grouped into TernaryAdder)   --->   "%add_ln703_35 = add i32 %sext_ln708_1, %trunc_ln708_18" [firmware/nnet_utils/nnet_dense_latency.h:58]   --->   Operation 218 'add' 'add_ln703_35' <Predicate = true> <Delay = 0.00> <Core = "TAddSub">   --->   Core 83 'TAddSub' <Latency = 0> <II = 1> <Delay = 0.36> <IPBlock> <Opcode : 'add' 'sub'> <InPorts = 3> <OutPorts = 1> <Sync> <CReg>
ST_1 : Operation 219 [1/1] (0.66ns)   --->   "%add_ln703_36 = add i32 %trunc_ln708_21, %trunc_ln708_24" [firmware/nnet_utils/nnet_dense_latency.h:58]   --->   Operation 219 'add' 'add_ln703_36' <Predicate = true> <Delay = 0.66> <Core = "AddSub">   --->   Core 14 'AddSub' <Latency = 0> <II = 1> <Delay = 0.66> <FuncUnit> <Opcode : 'add' 'sub'> <InPorts = 2> <OutPorts = 1>
ST_1 : Operation 220 [1/1] (0.73ns) (root node of TernaryAdder)   --->   "%add_ln703_37 = add i32 %add_ln703_36, %add_ln703_35" [firmware/nnet_utils/nnet_dense_latency.h:58]   --->   Operation 220 'add' 'add_ln703_37' <Predicate = true> <Delay = 0.73> <Core = "TAddSub">   --->   Core 83 'TAddSub' <Latency = 0> <II = 1> <Delay = 0.36> <IPBlock> <Opcode : 'add' 'sub'> <InPorts = 3> <OutPorts = 1> <Sync> <CReg>
ST_1 : Operation 221 [1/1] (0.00ns) (grouped into TernaryAdder)   --->   "%add_ln703_38 = add i32 %add_ln703_37, %add_ln703_34" [firmware/nnet_utils/nnet_dense_latency.h:58]   --->   Operation 221 'add' 'add_ln703_38' <Predicate = true> <Delay = 0.00> <Core = "TAddSub">   --->   Core 83 'TAddSub' <Latency = 0> <II = 1> <Delay = 0.36> <IPBlock> <Opcode : 'add' 'sub'> <InPorts = 3> <OutPorts = 1> <Sync> <CReg>
ST_1 : Operation 222 [1/1] (0.66ns)   --->   "%add_ln703_39 = add i32 %sext_ln708_6, %trunc_ln708_30" [firmware/nnet_utils/nnet_dense_latency.h:58]   --->   Operation 222 'add' 'add_ln703_39' <Predicate = true> <Delay = 0.66> <Core = "AddSub">   --->   Core 14 'AddSub' <Latency = 0> <II = 1> <Delay = 0.66> <FuncUnit> <Opcode : 'add' 'sub'> <InPorts = 2> <OutPorts = 1>
ST_1 : Operation 223 [1/1] (0.66ns)   --->   "%add_ln703_40 = add i32 %trunc_ln708_33, %trunc_ln708_36" [firmware/nnet_utils/nnet_dense_latency.h:58]   --->   Operation 223 'add' 'add_ln703_40' <Predicate = true> <Delay = 0.66> <Core = "AddSub">   --->   Core 14 'AddSub' <Latency = 0> <II = 1> <Delay = 0.66> <FuncUnit> <Opcode : 'add' 'sub'> <InPorts = 2> <OutPorts = 1>
ST_1 : Operation 224 [1/1] (0.00ns) (grouped into TernaryAdder)   --->   "%add_ln703_41 = add i32 %add_ln703_40, %add_ln703_39" [firmware/nnet_utils/nnet_dense_latency.h:58]   --->   Operation 224 'add' 'add_ln703_41' <Predicate = true> <Delay = 0.00> <Core = "TAddSub">   --->   Core 83 'TAddSub' <Latency = 0> <II = 1> <Delay = 0.36> <IPBlock> <Opcode : 'add' 'sub'> <InPorts = 3> <OutPorts = 1> <Sync> <CReg>
ST_1 : Operation 225 [1/1] (0.00ns) (grouped into TernaryAdder)   --->   "%add_ln703_42 = add i32 %trunc_ln708_39, %trunc_ln708_42" [firmware/nnet_utils/nnet_dense_latency.h:58]   --->   Operation 225 'add' 'add_ln703_42' <Predicate = true> <Delay = 0.00> <Core = "TAddSub">   --->   Core 83 'TAddSub' <Latency = 0> <II = 1> <Delay = 0.36> <IPBlock> <Opcode : 'add' 'sub'> <InPorts = 3> <OutPorts = 1> <Sync> <CReg>
ST_1 : Operation 226 [1/1] (0.63ns)   --->   "%add_ln703_43 = add i28 %sext_ln1116, 6144" [firmware/nnet_utils/nnet_dense_latency.h:58]   --->   Operation 226 'add' 'add_ln703_43' <Predicate = true> <Delay = 0.63> <Core = "AddSub">   --->   Core 14 'AddSub' <Latency = 0> <II = 1> <Delay = 0.66> <FuncUnit> <Opcode : 'add' 'sub'> <InPorts = 2> <OutPorts = 1>
ST_1 : Operation 227 [1/1] (0.00ns)   --->   "%sext_ln703 = sext i28 %add_ln703_43 to i32" [firmware/nnet_utils/nnet_dense_latency.h:58]   --->   Operation 227 'sext' 'sext_ln703' <Predicate = true> <Delay = 0.00>
ST_1 : Operation 228 [1/1] (0.66ns)   --->   "%add_ln703_44 = add i32 %sext_ln703, %trunc_ln708_45" [firmware/nnet_utils/nnet_dense_latency.h:58]   --->   Operation 228 'add' 'add_ln703_44' <Predicate = true> <Delay = 0.66> <Core = "AddSub">   --->   Core 14 'AddSub' <Latency = 0> <II = 1> <Delay = 0.66> <FuncUnit> <Opcode : 'add' 'sub'> <InPorts = 2> <OutPorts = 1>
ST_1 : Operation 229 [1/1] (0.73ns) (root node of TernaryAdder)   --->   "%add_ln703_45 = add i32 %add_ln703_44, %add_ln703_42" [firmware/nnet_utils/nnet_dense_latency.h:58]   --->   Operation 229 'add' 'add_ln703_45' <Predicate = true> <Delay = 0.73> <Core = "TAddSub">   --->   Core 83 'TAddSub' <Latency = 0> <II = 1> <Delay = 0.36> <IPBlock> <Opcode : 'add' 'sub'> <InPorts = 3> <OutPorts = 1> <Sync> <CReg>
ST_1 : Operation 230 [1/1] (0.73ns) (root node of TernaryAdder)   --->   "%add_ln703_46 = add i32 %add_ln703_45, %add_ln703_41" [firmware/nnet_utils/nnet_dense_latency.h:58]   --->   Operation 230 'add' 'add_ln703_46' <Predicate = true> <Delay = 0.73> <Core = "TAddSub">   --->   Core 83 'TAddSub' <Latency = 0> <II = 1> <Delay = 0.36> <IPBlock> <Opcode : 'add' 'sub'> <InPorts = 3> <OutPorts = 1> <Sync> <CReg>
ST_1 : Operation 231 [1/1] (0.73ns) (root node of TernaryAdder)   --->   "%acc_2_V = add i32 %add_ln703_46, %add_ln703_38" [firmware/nnet_utils/nnet_dense_latency.h:58]   --->   Operation 231 'add' 'acc_2_V' <Predicate = true> <Delay = 0.73> <Core = "TAddSub">   --->   Core 83 'TAddSub' <Latency = 0> <II = 1> <Delay = 0.36> <IPBlock> <Opcode : 'add' 'sub'> <InPorts = 3> <OutPorts = 1> <Sync> <CReg>
ST_1 : Operation 232 [1/1] (0.00ns)   --->   "%mrv = insertvalue { i32, i32, i32 } undef, i32 %add_ln703_15, 0" [firmware/nnet_utils/nnet_dense_latency.h:68]   --->   Operation 232 'insertvalue' 'mrv' <Predicate = true> <Delay = 0.00>
ST_1 : Operation 233 [1/1] (0.00ns)   --->   "%mrv_1 = insertvalue { i32, i32, i32 } %mrv, i32 %acc_1_V, 1" [firmware/nnet_utils/nnet_dense_latency.h:68]   --->   Operation 233 'insertvalue' 'mrv_1' <Predicate = true> <Delay = 0.00>
ST_1 : Operation 234 [1/1] (0.00ns)   --->   "%mrv_2 = insertvalue { i32, i32, i32 } %mrv_1, i32 %acc_2_V, 2" [firmware/nnet_utils/nnet_dense_latency.h:68]   --->   Operation 234 'insertvalue' 'mrv_2' <Predicate = true> <Delay = 0.00>
ST_1 : Operation 235 [1/1] (0.00ns)   --->   "ret { i32, i32, i32 } %mrv_2" [firmware/nnet_utils/nnet_dense_latency.h:68]   --->   Operation 235 'ret' <Predicate = true> <Delay = 0.00>


============================================================
+ Verbose Summary: Timing violations
============================================================
Target clock period: 25ns, clock uncertainty: 6.75ns.

 <State 1>: 6.09ns
The critical path consists of the following:
	wire read on port 'data_15_V_read' (firmware/nnet_utils/nnet_dense_latency.h:13) [17]  (0 ns)
	'mul' operation ('mul_ln1118_19', firmware/nnet_utils/nnet_mult.h:73->firmware/nnet_utils/nnet_dense_latency.h:42) [194]  (3.17 ns)
	'add' operation ('add_ln703_27', firmware/nnet_utils/nnet_dense_latency.h:58) [225]  (0 ns)
	'add' operation ('add_ln703_28', firmware/nnet_utils/nnet_dense_latency.h:58) [226]  (0.731 ns)
	'add' operation ('add_ln703_29', firmware/nnet_utils/nnet_dense_latency.h:58) [227]  (0.731 ns)
	'add' operation ('add_ln703_30', firmware/nnet_utils/nnet_dense_latency.h:58) [228]  (0.731 ns)
	'add' operation ('acc[1].V', firmware/nnet_utils/nnet_dense_latency.h:58) [229]  (0.731 ns)


============================================================
+ Verbose Summary: Binding
============================================================
N/A
* FSMD analyzer results:
  - Output states:
 - Input state : 
  - Chain level:
	State 1


============================================================
+ Verbose Summary: Datapath Resource usage 
============================================================
N/A
