

================================================================
== Vivado HLS Report for 'relu_ap_fixed_32_16_5_3_0_ap_fixed_32_16_4_0_0_relu_config7_s'
================================================================
* Date:           Tue Sep 17 10:42:42 2024

* Version:        2019.2 (Build 2704478 on Wed Nov 06 22:10:23 MST 2019)
* Project:        myproject_prj
* Solution:       solution1
* Product family: virtexuplus
* Target device:  xcvu9p-flga2104-2-e


================================================================
== Performance Estimates
================================================================
+ Timing: 
    * Summary: 
    +--------+----------+----------+------------+
    |  Clock |  Target  | Estimated| Uncertainty|
    +--------+----------+----------+------------+
    |ap_clk  | 25.00 ns | 1.110 ns |   6.75 ns  |
    +--------+----------+----------+------------+

+ Latency: 
    * Summary: 
    +---------+---------+----------+----------+-----+-----+----------+
    |  Latency (cycles) |  Latency (absolute) |  Interval | Pipeline |
    |   min   |   max   |    min   |    max   | min | max |   Type   |
    +---------+---------+----------+----------+-----+-----+----------+
    |        0|        0|   0 ns   |   0 ns   |    1|    1| function |
    +---------+---------+----------+----------+-----+-----+----------+

    + Detail: 
        * Instance: 
        N/A

        * Loop: 
        N/A

============================================================
+ Verbose Summary: Synthesis Manager
============================================================
InlineROM: 1
ExposeGlobal: 0
============================================================
+ Verbose Summary: CDFG Model
============================================================
IsTopModel: 0
ResetActiveHigh: 1
IsCombinational: 0
IsDatapathOnly: 0
HasWiredReturn: 1
HasMFsm: 2
HasVarLatency: 0
IsPipeline: 1
IsRtlPipelined: 0
IsInstanceOverlapped: 0
IsDontTouch: 0
HasImplIP: 0
IsGatedGlobalClock: 0

+ Individual pipeline summary: 
  * Pipeline-0: initiation interval (II) = 1, depth = 1


============================================================
+ Verbose Summary: Schedule
============================================================
* Number of FSM states : 1
* Pipeline : 1
  Pipeline-0 : II = 1, D = 1, States = { 1 }
* Dataflow Pipeline: 0

* FSM state transitions: 
1 --> 

* FSM state operations: 

State 1 <SV = 0> <Delay = 1.11>
ST_1 : Operation 2 [1/1] (0.00ns)   --->   "%data_15_V_read_1 = call i32 @_ssdm_op_Read.ap_auto.i32(i32 %data_15_V_read)" [firmware/nnet_utils/nnet_activation.h:39]   --->   Operation 2 'read' 'data_15_V_read_1' <Predicate = true> <Delay = 0.00>
ST_1 : Operation 3 [1/1] (0.00ns)   --->   "%data_14_V_read_1 = call i32 @_ssdm_op_Read.ap_auto.i32(i32 %data_14_V_read)" [firmware/nnet_utils/nnet_activation.h:39]   --->   Operation 3 'read' 'data_14_V_read_1' <Predicate = true> <Delay = 0.00>
ST_1 : Operation 4 [1/1] (0.00ns)   --->   "%data_13_V_read_1 = call i32 @_ssdm_op_Read.ap_auto.i32(i32 %data_13_V_read)" [firmware/nnet_utils/nnet_activation.h:39]   --->   Operation 4 'read' 'data_13_V_read_1' <Predicate = true> <Delay = 0.00>
ST_1 : Operation 5 [1/1] (0.00ns)   --->   "%data_12_V_read_1 = call i32 @_ssdm_op_Read.ap_auto.i32(i32 %data_12_V_read)" [firmware/nnet_utils/nnet_activation.h:39]   --->   Operation 5 'read' 'data_12_V_read_1' <Predicate = true> <Delay = 0.00>
ST_1 : Operation 6 [1/1] (0.00ns)   --->   "%data_11_V_read_1 = call i32 @_ssdm_op_Read.ap_auto.i32(i32 %data_11_V_read)" [firmware/nnet_utils/nnet_activation.h:39]   --->   Operation 6 'read' 'data_11_V_read_1' <Predicate = true> <Delay = 0.00>
ST_1 : Operation 7 [1/1] (0.00ns)   --->   "%data_10_V_read_1 = call i32 @_ssdm_op_Read.ap_auto.i32(i32 %data_10_V_read)" [firmware/nnet_utils/nnet_activation.h:39]   --->   Operation 7 'read' 'data_10_V_read_1' <Predicate = true> <Delay = 0.00>
ST_1 : Operation 8 [1/1] (0.00ns)   --->   "%data_9_V_read_1 = call i32 @_ssdm_op_Read.ap_auto.i32(i32 %data_9_V_read)" [firmware/nnet_utils/nnet_activation.h:39]   --->   Operation 8 'read' 'data_9_V_read_1' <Predicate = true> <Delay = 0.00>
ST_1 : Operation 9 [1/1] (0.00ns)   --->   "%data_8_V_read_1 = call i32 @_ssdm_op_Read.ap_auto.i32(i32 %data_8_V_read)" [firmware/nnet_utils/nnet_activation.h:39]   --->   Operation 9 'read' 'data_8_V_read_1' <Predicate = true> <Delay = 0.00>
ST_1 : Operation 10 [1/1] (0.00ns)   --->   "%data_7_V_read_1 = call i32 @_ssdm_op_Read.ap_auto.i32(i32 %data_7_V_read)" [firmware/nnet_utils/nnet_activation.h:39]   --->   Operation 10 'read' 'data_7_V_read_1' <Predicate = true> <Delay = 0.00>
ST_1 : Operation 11 [1/1] (0.00ns)   --->   "%data_6_V_read_1 = call i32 @_ssdm_op_Read.ap_auto.i32(i32 %data_6_V_read)" [firmware/nnet_utils/nnet_activation.h:39]   --->   Operation 11 'read' 'data_6_V_read_1' <Predicate = true> <Delay = 0.00>
ST_1 : Operation 12 [1/1] (0.00ns)   --->   "%data_5_V_read_1 = call i32 @_ssdm_op_Read.ap_auto.i32(i32 %data_5_V_read)" [firmware/nnet_utils/nnet_activation.h:39]   --->   Operation 12 'read' 'data_5_V_read_1' <Predicate = true> <Delay = 0.00>
ST_1 : Operation 13 [1/1] (0.00ns)   --->   "%data_4_V_read_1 = call i32 @_ssdm_op_Read.ap_auto.i32(i32 %data_4_V_read)" [firmware/nnet_utils/nnet_activation.h:39]   --->   Operation 13 'read' 'data_4_V_read_1' <Predicate = true> <Delay = 0.00>
ST_1 : Operation 14 [1/1] (0.00ns)   --->   "%data_3_V_read_1 = call i32 @_ssdm_op_Read.ap_auto.i32(i32 %data_3_V_read)" [firmware/nnet_utils/nnet_activation.h:39]   --->   Operation 14 'read' 'data_3_V_read_1' <Predicate = true> <Delay = 0.00>
ST_1 : Operation 15 [1/1] (0.00ns)   --->   "%data_2_V_read_1 = call i32 @_ssdm_op_Read.ap_auto.i32(i32 %data_2_V_read)" [firmware/nnet_utils/nnet_activation.h:39]   --->   Operation 15 'read' 'data_2_V_read_1' <Predicate = true> <Delay = 0.00>
ST_1 : Operation 16 [1/1] (0.00ns)   --->   "%data_1_V_read_1 = call i32 @_ssdm_op_Read.ap_auto.i32(i32 %data_1_V_read)" [firmware/nnet_utils/nnet_activation.h:39]   --->   Operation 16 'read' 'data_1_V_read_1' <Predicate = true> <Delay = 0.00>
ST_1 : Operation 17 [1/1] (0.00ns)   --->   "%data_0_V_read_1 = call i32 @_ssdm_op_Read.ap_auto.i32(i32 %data_0_V_read)" [firmware/nnet_utils/nnet_activation.h:39]   --->   Operation 17 'read' 'data_0_V_read_1' <Predicate = true> <Delay = 0.00>
ST_1 : Operation 18 [1/1] (0.00ns)   --->   "call void (...)* @_ssdm_op_SpecPipeline(i32 -1, i32 1, i32 1, i32 0, [1 x i8]* @p_str7) nounwind" [firmware/nnet_utils/nnet_activation.h:40]   --->   Operation 18 'specpipeline' <Predicate = true> <Delay = 0.00>
ST_1 : Operation 19 [1/1] (0.85ns)   --->   "%icmp_ln1494 = icmp sgt i32 %data_0_V_read_1, 0" [firmware/nnet_utils/nnet_activation.h:45]   --->   Operation 19 'icmp' 'icmp_ln1494' <Predicate = true> <Delay = 0.85> <Core = "Cmp">   --->   Core 25 'Cmp' <Latency = 0> <II = 1> <Delay = 0.85> <FuncUnit> <Opcode : 'icmp'> <InPorts = 2> <OutPorts = 1>
ST_1 : Operation 20 [1/1] (0.00ns)   --->   "%trunc_ln45 = trunc i32 %data_0_V_read_1 to i31" [firmware/nnet_utils/nnet_activation.h:45]   --->   Operation 20 'trunc' 'trunc_ln45' <Predicate = (icmp_ln1494)> <Delay = 0.00>
ST_1 : Operation 21 [1/1] (0.25ns)   --->   "%select_ln45 = select i1 %icmp_ln1494, i31 %trunc_ln45, i31 0" [firmware/nnet_utils/nnet_activation.h:45]   --->   Operation 21 'select' 'select_ln45' <Predicate = true> <Delay = 0.25> <Core = "Sel">   --->   Core 26 'Sel' <Latency = 0> <II = 1> <Delay = 0.25> <FuncUnit> <Opcode : 'select'> <InPorts = 3> <OutPorts = 1>
ST_1 : Operation 22 [1/1] (0.00ns)   --->   "%zext_ln45 = zext i31 %select_ln45 to i32" [firmware/nnet_utils/nnet_activation.h:45]   --->   Operation 22 'zext' 'zext_ln45' <Predicate = true> <Delay = 0.00>
ST_1 : Operation 23 [1/1] (0.85ns)   --->   "%icmp_ln1494_1 = icmp sgt i32 %data_1_V_read_1, 0" [firmware/nnet_utils/nnet_activation.h:45]   --->   Operation 23 'icmp' 'icmp_ln1494_1' <Predicate = true> <Delay = 0.85> <Core = "Cmp">   --->   Core 25 'Cmp' <Latency = 0> <II = 1> <Delay = 0.85> <FuncUnit> <Opcode : 'icmp'> <InPorts = 2> <OutPorts = 1>
ST_1 : Operation 24 [1/1] (0.00ns)   --->   "%trunc_ln45_1 = trunc i32 %data_1_V_read_1 to i31" [firmware/nnet_utils/nnet_activation.h:45]   --->   Operation 24 'trunc' 'trunc_ln45_1' <Predicate = (icmp_ln1494_1)> <Delay = 0.00>
ST_1 : Operation 25 [1/1] (0.25ns)   --->   "%select_ln45_1 = select i1 %icmp_ln1494_1, i31 %trunc_ln45_1, i31 0" [firmware/nnet_utils/nnet_activation.h:45]   --->   Operation 25 'select' 'select_ln45_1' <Predicate = true> <Delay = 0.25> <Core = "Sel">   --->   Core 26 'Sel' <Latency = 0> <II = 1> <Delay = 0.25> <FuncUnit> <Opcode : 'select'> <InPorts = 3> <OutPorts = 1>
ST_1 : Operation 26 [1/1] (0.00ns)   --->   "%zext_ln45_1 = zext i31 %select_ln45_1 to i32" [firmware/nnet_utils/nnet_activation.h:45]   --->   Operation 26 'zext' 'zext_ln45_1' <Predicate = true> <Delay = 0.00>
ST_1 : Operation 27 [1/1] (0.85ns)   --->   "%icmp_ln1494_2 = icmp sgt i32 %data_2_V_read_1, 0" [firmware/nnet_utils/nnet_activation.h:45]   --->   Operation 27 'icmp' 'icmp_ln1494_2' <Predicate = true> <Delay = 0.85> <Core = "Cmp">   --->   Core 25 'Cmp' <Latency = 0> <II = 1> <Delay = 0.85> <FuncUnit> <Opcode : 'icmp'> <InPorts = 2> <OutPorts = 1>
ST_1 : Operation 28 [1/1] (0.00ns)   --->   "%trunc_ln45_2 = trunc i32 %data_2_V_read_1 to i31" [firmware/nnet_utils/nnet_activation.h:45]   --->   Operation 28 'trunc' 'trunc_ln45_2' <Predicate = (icmp_ln1494_2)> <Delay = 0.00>
ST_1 : Operation 29 [1/1] (0.25ns)   --->   "%select_ln45_2 = select i1 %icmp_ln1494_2, i31 %trunc_ln45_2, i31 0" [firmware/nnet_utils/nnet_activation.h:45]   --->   Operation 29 'select' 'select_ln45_2' <Predicate = true> <Delay = 0.25> <Core = "Sel">   --->   Core 26 'Sel' <Latency = 0> <II = 1> <Delay = 0.25> <FuncUnit> <Opcode : 'select'> <InPorts = 3> <OutPorts = 1>
ST_1 : Operation 30 [1/1] (0.00ns)   --->   "%zext_ln45_2 = zext i31 %select_ln45_2 to i32" [firmware/nnet_utils/nnet_activation.h:45]   --->   Operation 30 'zext' 'zext_ln45_2' <Predicate = true> <Delay = 0.00>
ST_1 : Operation 31 [1/1] (0.85ns)   --->   "%icmp_ln1494_3 = icmp sgt i32 %data_3_V_read_1, 0" [firmware/nnet_utils/nnet_activation.h:45]   --->   Operation 31 'icmp' 'icmp_ln1494_3' <Predicate = true> <Delay = 0.85> <Core = "Cmp">   --->   Core 25 'Cmp' <Latency = 0> <II = 1> <Delay = 0.85> <FuncUnit> <Opcode : 'icmp'> <InPorts = 2> <OutPorts = 1>
ST_1 : Operation 32 [1/1] (0.00ns)   --->   "%trunc_ln45_3 = trunc i32 %data_3_V_read_1 to i31" [firmware/nnet_utils/nnet_activation.h:45]   --->   Operation 32 'trunc' 'trunc_ln45_3' <Predicate = (icmp_ln1494_3)> <Delay = 0.00>
ST_1 : Operation 33 [1/1] (0.25ns)   --->   "%select_ln45_3 = select i1 %icmp_ln1494_3, i31 %trunc_ln45_3, i31 0" [firmware/nnet_utils/nnet_activation.h:45]   --->   Operation 33 'select' 'select_ln45_3' <Predicate = true> <Delay = 0.25> <Core = "Sel">   --->   Core 26 'Sel' <Latency = 0> <II = 1> <Delay = 0.25> <FuncUnit> <Opcode : 'select'> <InPorts = 3> <OutPorts = 1>
ST_1 : Operation 34 [1/1] (0.00ns)   --->   "%zext_ln45_3 = zext i31 %select_ln45_3 to i32" [firmware/nnet_utils/nnet_activation.h:45]   --->   Operation 34 'zext' 'zext_ln45_3' <Predicate = true> <Delay = 0.00>
ST_1 : Operation 35 [1/1] (0.85ns)   --->   "%icmp_ln1494_4 = icmp sgt i32 %data_4_V_read_1, 0" [firmware/nnet_utils/nnet_activation.h:45]   --->   Operation 35 'icmp' 'icmp_ln1494_4' <Predicate = true> <Delay = 0.85> <Core = "Cmp">   --->   Core 25 'Cmp' <Latency = 0> <II = 1> <Delay = 0.85> <FuncUnit> <Opcode : 'icmp'> <InPorts = 2> <OutPorts = 1>
ST_1 : Operation 36 [1/1] (0.00ns)   --->   "%trunc_ln45_4 = trunc i32 %data_4_V_read_1 to i31" [firmware/nnet_utils/nnet_activation.h:45]   --->   Operation 36 'trunc' 'trunc_ln45_4' <Predicate = (icmp_ln1494_4)> <Delay = 0.00>
ST_1 : Operation 37 [1/1] (0.25ns)   --->   "%select_ln45_4 = select i1 %icmp_ln1494_4, i31 %trunc_ln45_4, i31 0" [firmware/nnet_utils/nnet_activation.h:45]   --->   Operation 37 'select' 'select_ln45_4' <Predicate = true> <Delay = 0.25> <Core = "Sel">   --->   Core 26 'Sel' <Latency = 0> <II = 1> <Delay = 0.25> <FuncUnit> <Opcode : 'select'> <InPorts = 3> <OutPorts = 1>
ST_1 : Operation 38 [1/1] (0.00ns)   --->   "%zext_ln45_4 = zext i31 %select_ln45_4 to i32" [firmware/nnet_utils/nnet_activation.h:45]   --->   Operation 38 'zext' 'zext_ln45_4' <Predicate = true> <Delay = 0.00>
ST_1 : Operation 39 [1/1] (0.85ns)   --->   "%icmp_ln1494_5 = icmp sgt i32 %data_5_V_read_1, 0" [firmware/nnet_utils/nnet_activation.h:45]   --->   Operation 39 'icmp' 'icmp_ln1494_5' <Predicate = true> <Delay = 0.85> <Core = "Cmp">   --->   Core 25 'Cmp' <Latency = 0> <II = 1> <Delay = 0.85> <FuncUnit> <Opcode : 'icmp'> <InPorts = 2> <OutPorts = 1>
ST_1 : Operation 40 [1/1] (0.00ns)   --->   "%trunc_ln45_5 = trunc i32 %data_5_V_read_1 to i31" [firmware/nnet_utils/nnet_activation.h:45]   --->   Operation 40 'trunc' 'trunc_ln45_5' <Predicate = (icmp_ln1494_5)> <Delay = 0.00>
ST_1 : Operation 41 [1/1] (0.25ns)   --->   "%select_ln45_5 = select i1 %icmp_ln1494_5, i31 %trunc_ln45_5, i31 0" [firmware/nnet_utils/nnet_activation.h:45]   --->   Operation 41 'select' 'select_ln45_5' <Predicate = true> <Delay = 0.25> <Core = "Sel">   --->   Core 26 'Sel' <Latency = 0> <II = 1> <Delay = 0.25> <FuncUnit> <Opcode : 'select'> <InPorts = 3> <OutPorts = 1>
ST_1 : Operation 42 [1/1] (0.00ns)   --->   "%zext_ln45_5 = zext i31 %select_ln45_5 to i32" [firmware/nnet_utils/nnet_activation.h:45]   --->   Operation 42 'zext' 'zext_ln45_5' <Predicate = true> <Delay = 0.00>
ST_1 : Operation 43 [1/1] (0.85ns)   --->   "%icmp_ln1494_6 = icmp sgt i32 %data_6_V_read_1, 0" [firmware/nnet_utils/nnet_activation.h:45]   --->   Operation 43 'icmp' 'icmp_ln1494_6' <Predicate = true> <Delay = 0.85> <Core = "Cmp">   --->   Core 25 'Cmp' <Latency = 0> <II = 1> <Delay = 0.85> <FuncUnit> <Opcode : 'icmp'> <InPorts = 2> <OutPorts = 1>
ST_1 : Operation 44 [1/1] (0.00ns)   --->   "%trunc_ln45_6 = trunc i32 %data_6_V_read_1 to i31" [firmware/nnet_utils/nnet_activation.h:45]   --->   Operation 44 'trunc' 'trunc_ln45_6' <Predicate = (icmp_ln1494_6)> <Delay = 0.00>
ST_1 : Operation 45 [1/1] (0.25ns)   --->   "%select_ln45_6 = select i1 %icmp_ln1494_6, i31 %trunc_ln45_6, i31 0" [firmware/nnet_utils/nnet_activation.h:45]   --->   Operation 45 'select' 'select_ln45_6' <Predicate = true> <Delay = 0.25> <Core = "Sel">   --->   Core 26 'Sel' <Latency = 0> <II = 1> <Delay = 0.25> <FuncUnit> <Opcode : 'select'> <InPorts = 3> <OutPorts = 1>
ST_1 : Operation 46 [1/1] (0.00ns)   --->   "%zext_ln45_6 = zext i31 %select_ln45_6 to i32" [firmware/nnet_utils/nnet_activation.h:45]   --->   Operation 46 'zext' 'zext_ln45_6' <Predicate = true> <Delay = 0.00>
ST_1 : Operation 47 [1/1] (0.85ns)   --->   "%icmp_ln1494_7 = icmp sgt i32 %data_7_V_read_1, 0" [firmware/nnet_utils/nnet_activation.h:45]   --->   Operation 47 'icmp' 'icmp_ln1494_7' <Predicate = true> <Delay = 0.85> <Core = "Cmp">   --->   Core 25 'Cmp' <Latency = 0> <II = 1> <Delay = 0.85> <FuncUnit> <Opcode : 'icmp'> <InPorts = 2> <OutPorts = 1>
ST_1 : Operation 48 [1/1] (0.00ns)   --->   "%trunc_ln45_7 = trunc i32 %data_7_V_read_1 to i31" [firmware/nnet_utils/nnet_activation.h:45]   --->   Operation 48 'trunc' 'trunc_ln45_7' <Predicate = (icmp_ln1494_7)> <Delay = 0.00>
ST_1 : Operation 49 [1/1] (0.25ns)   --->   "%select_ln45_7 = select i1 %icmp_ln1494_7, i31 %trunc_ln45_7, i31 0" [firmware/nnet_utils/nnet_activation.h:45]   --->   Operation 49 'select' 'select_ln45_7' <Predicate = true> <Delay = 0.25> <Core = "Sel">   --->   Core 26 'Sel' <Latency = 0> <II = 1> <Delay = 0.25> <FuncUnit> <Opcode : 'select'> <InPorts = 3> <OutPorts = 1>
ST_1 : Operation 50 [1/1] (0.00ns)   --->   "%zext_ln45_7 = zext i31 %select_ln45_7 to i32" [firmware/nnet_utils/nnet_activation.h:45]   --->   Operation 50 'zext' 'zext_ln45_7' <Predicate = true> <Delay = 0.00>
ST_1 : Operation 51 [1/1] (0.85ns)   --->   "%icmp_ln1494_8 = icmp sgt i32 %data_8_V_read_1, 0" [firmware/nnet_utils/nnet_activation.h:45]   --->   Operation 51 'icmp' 'icmp_ln1494_8' <Predicate = true> <Delay = 0.85> <Core = "Cmp">   --->   Core 25 'Cmp' <Latency = 0> <II = 1> <Delay = 0.85> <FuncUnit> <Opcode : 'icmp'> <InPorts = 2> <OutPorts = 1>
ST_1 : Operation 52 [1/1] (0.00ns)   --->   "%trunc_ln45_8 = trunc i32 %data_8_V_read_1 to i31" [firmware/nnet_utils/nnet_activation.h:45]   --->   Operation 52 'trunc' 'trunc_ln45_8' <Predicate = (icmp_ln1494_8)> <Delay = 0.00>
ST_1 : Operation 53 [1/1] (0.25ns)   --->   "%select_ln45_8 = select i1 %icmp_ln1494_8, i31 %trunc_ln45_8, i31 0" [firmware/nnet_utils/nnet_activation.h:45]   --->   Operation 53 'select' 'select_ln45_8' <Predicate = true> <Delay = 0.25> <Core = "Sel">   --->   Core 26 'Sel' <Latency = 0> <II = 1> <Delay = 0.25> <FuncUnit> <Opcode : 'select'> <InPorts = 3> <OutPorts = 1>
ST_1 : Operation 54 [1/1] (0.00ns)   --->   "%zext_ln45_8 = zext i31 %select_ln45_8 to i32" [firmware/nnet_utils/nnet_activation.h:45]   --->   Operation 54 'zext' 'zext_ln45_8' <Predicate = true> <Delay = 0.00>
ST_1 : Operation 55 [1/1] (0.85ns)   --->   "%icmp_ln1494_9 = icmp sgt i32 %data_9_V_read_1, 0" [firmware/nnet_utils/nnet_activation.h:45]   --->   Operation 55 'icmp' 'icmp_ln1494_9' <Predicate = true> <Delay = 0.85> <Core = "Cmp">   --->   Core 25 'Cmp' <Latency = 0> <II = 1> <Delay = 0.85> <FuncUnit> <Opcode : 'icmp'> <InPorts = 2> <OutPorts = 1>
ST_1 : Operation 56 [1/1] (0.00ns)   --->   "%trunc_ln45_9 = trunc i32 %data_9_V_read_1 to i31" [firmware/nnet_utils/nnet_activation.h:45]   --->   Operation 56 'trunc' 'trunc_ln45_9' <Predicate = (icmp_ln1494_9)> <Delay = 0.00>
ST_1 : Operation 57 [1/1] (0.25ns)   --->   "%select_ln45_9 = select i1 %icmp_ln1494_9, i31 %trunc_ln45_9, i31 0" [firmware/nnet_utils/nnet_activation.h:45]   --->   Operation 57 'select' 'select_ln45_9' <Predicate = true> <Delay = 0.25> <Core = "Sel">   --->   Core 26 'Sel' <Latency = 0> <II = 1> <Delay = 0.25> <FuncUnit> <Opcode : 'select'> <InPorts = 3> <OutPorts = 1>
ST_1 : Operation 58 [1/1] (0.00ns)   --->   "%zext_ln45_9 = zext i31 %select_ln45_9 to i32" [firmware/nnet_utils/nnet_activation.h:45]   --->   Operation 58 'zext' 'zext_ln45_9' <Predicate = true> <Delay = 0.00>
ST_1 : Operation 59 [1/1] (0.85ns)   --->   "%icmp_ln1494_10 = icmp sgt i32 %data_10_V_read_1, 0" [firmware/nnet_utils/nnet_activation.h:45]   --->   Operation 59 'icmp' 'icmp_ln1494_10' <Predicate = true> <Delay = 0.85> <Core = "Cmp">   --->   Core 25 'Cmp' <Latency = 0> <II = 1> <Delay = 0.85> <FuncUnit> <Opcode : 'icmp'> <InPorts = 2> <OutPorts = 1>
ST_1 : Operation 60 [1/1] (0.00ns)   --->   "%trunc_ln45_10 = trunc i32 %data_10_V_read_1 to i31" [firmware/nnet_utils/nnet_activation.h:45]   --->   Operation 60 'trunc' 'trunc_ln45_10' <Predicate = (icmp_ln1494_10)> <Delay = 0.00>
ST_1 : Operation 61 [1/1] (0.25ns)   --->   "%select_ln45_10 = select i1 %icmp_ln1494_10, i31 %trunc_ln45_10, i31 0" [firmware/nnet_utils/nnet_activation.h:45]   --->   Operation 61 'select' 'select_ln45_10' <Predicate = true> <Delay = 0.25> <Core = "Sel">   --->   Core 26 'Sel' <Latency = 0> <II = 1> <Delay = 0.25> <FuncUnit> <Opcode : 'select'> <InPorts = 3> <OutPorts = 1>
ST_1 : Operation 62 [1/1] (0.00ns)   --->   "%zext_ln45_10 = zext i31 %select_ln45_10 to i32" [firmware/nnet_utils/nnet_activation.h:45]   --->   Operation 62 'zext' 'zext_ln45_10' <Predicate = true> <Delay = 0.00>
ST_1 : Operation 63 [1/1] (0.85ns)   --->   "%icmp_ln1494_11 = icmp sgt i32 %data_11_V_read_1, 0" [firmware/nnet_utils/nnet_activation.h:45]   --->   Operation 63 'icmp' 'icmp_ln1494_11' <Predicate = true> <Delay = 0.85> <Core = "Cmp">   --->   Core 25 'Cmp' <Latency = 0> <II = 1> <Delay = 0.85> <FuncUnit> <Opcode : 'icmp'> <InPorts = 2> <OutPorts = 1>
ST_1 : Operation 64 [1/1] (0.00ns)   --->   "%trunc_ln45_11 = trunc i32 %data_11_V_read_1 to i31" [firmware/nnet_utils/nnet_activation.h:45]   --->   Operation 64 'trunc' 'trunc_ln45_11' <Predicate = (icmp_ln1494_11)> <Delay = 0.00>
ST_1 : Operation 65 [1/1] (0.25ns)   --->   "%select_ln45_11 = select i1 %icmp_ln1494_11, i31 %trunc_ln45_11, i31 0" [firmware/nnet_utils/nnet_activation.h:45]   --->   Operation 65 'select' 'select_ln45_11' <Predicate = true> <Delay = 0.25> <Core = "Sel">   --->   Core 26 'Sel' <Latency = 0> <II = 1> <Delay = 0.25> <FuncUnit> <Opcode : 'select'> <InPorts = 3> <OutPorts = 1>
ST_1 : Operation 66 [1/1] (0.00ns)   --->   "%zext_ln45_11 = zext i31 %select_ln45_11 to i32" [firmware/nnet_utils/nnet_activation.h:45]   --->   Operation 66 'zext' 'zext_ln45_11' <Predicate = true> <Delay = 0.00>
ST_1 : Operation 67 [1/1] (0.85ns)   --->   "%icmp_ln1494_12 = icmp sgt i32 %data_12_V_read_1, 0" [firmware/nnet_utils/nnet_activation.h:45]   --->   Operation 67 'icmp' 'icmp_ln1494_12' <Predicate = true> <Delay = 0.85> <Core = "Cmp">   --->   Core 25 'Cmp' <Latency = 0> <II = 1> <Delay = 0.85> <FuncUnit> <Opcode : 'icmp'> <InPorts = 2> <OutPorts = 1>
ST_1 : Operation 68 [1/1] (0.00ns)   --->   "%trunc_ln45_12 = trunc i32 %data_12_V_read_1 to i31" [firmware/nnet_utils/nnet_activation.h:45]   --->   Operation 68 'trunc' 'trunc_ln45_12' <Predicate = (icmp_ln1494_12)> <Delay = 0.00>
ST_1 : Operation 69 [1/1] (0.25ns)   --->   "%select_ln45_12 = select i1 %icmp_ln1494_12, i31 %trunc_ln45_12, i31 0" [firmware/nnet_utils/nnet_activation.h:45]   --->   Operation 69 'select' 'select_ln45_12' <Predicate = true> <Delay = 0.25> <Core = "Sel">   --->   Core 26 'Sel' <Latency = 0> <II = 1> <Delay = 0.25> <FuncUnit> <Opcode : 'select'> <InPorts = 3> <OutPorts = 1>
ST_1 : Operation 70 [1/1] (0.00ns)   --->   "%zext_ln45_12 = zext i31 %select_ln45_12 to i32" [firmware/nnet_utils/nnet_activation.h:45]   --->   Operation 70 'zext' 'zext_ln45_12' <Predicate = true> <Delay = 0.00>
ST_1 : Operation 71 [1/1] (0.85ns)   --->   "%icmp_ln1494_13 = icmp sgt i32 %data_13_V_read_1, 0" [firmware/nnet_utils/nnet_activation.h:45]   --->   Operation 71 'icmp' 'icmp_ln1494_13' <Predicate = true> <Delay = 0.85> <Core = "Cmp">   --->   Core 25 'Cmp' <Latency = 0> <II = 1> <Delay = 0.85> <FuncUnit> <Opcode : 'icmp'> <InPorts = 2> <OutPorts = 1>
ST_1 : Operation 72 [1/1] (0.00ns)   --->   "%trunc_ln45_13 = trunc i32 %data_13_V_read_1 to i31" [firmware/nnet_utils/nnet_activation.h:45]   --->   Operation 72 'trunc' 'trunc_ln45_13' <Predicate = (icmp_ln1494_13)> <Delay = 0.00>
ST_1 : Operation 73 [1/1] (0.25ns)   --->   "%select_ln45_13 = select i1 %icmp_ln1494_13, i31 %trunc_ln45_13, i31 0" [firmware/nnet_utils/nnet_activation.h:45]   --->   Operation 73 'select' 'select_ln45_13' <Predicate = true> <Delay = 0.25> <Core = "Sel">   --->   Core 26 'Sel' <Latency = 0> <II = 1> <Delay = 0.25> <FuncUnit> <Opcode : 'select'> <InPorts = 3> <OutPorts = 1>
ST_1 : Operation 74 [1/1] (0.00ns)   --->   "%zext_ln45_13 = zext i31 %select_ln45_13 to i32" [firmware/nnet_utils/nnet_activation.h:45]   --->   Operation 74 'zext' 'zext_ln45_13' <Predicate = true> <Delay = 0.00>
ST_1 : Operation 75 [1/1] (0.85ns)   --->   "%icmp_ln1494_14 = icmp sgt i32 %data_14_V_read_1, 0" [firmware/nnet_utils/nnet_activation.h:45]   --->   Operation 75 'icmp' 'icmp_ln1494_14' <Predicate = true> <Delay = 0.85> <Core = "Cmp">   --->   Core 25 'Cmp' <Latency = 0> <II = 1> <Delay = 0.85> <FuncUnit> <Opcode : 'icmp'> <InPorts = 2> <OutPorts = 1>
ST_1 : Operation 76 [1/1] (0.00ns)   --->   "%trunc_ln45_14 = trunc i32 %data_14_V_read_1 to i31" [firmware/nnet_utils/nnet_activation.h:45]   --->   Operation 76 'trunc' 'trunc_ln45_14' <Predicate = (icmp_ln1494_14)> <Delay = 0.00>
ST_1 : Operation 77 [1/1] (0.25ns)   --->   "%select_ln45_14 = select i1 %icmp_ln1494_14, i31 %trunc_ln45_14, i31 0" [firmware/nnet_utils/nnet_activation.h:45]   --->   Operation 77 'select' 'select_ln45_14' <Predicate = true> <Delay = 0.25> <Core = "Sel">   --->   Core 26 'Sel' <Latency = 0> <II = 1> <Delay = 0.25> <FuncUnit> <Opcode : 'select'> <InPorts = 3> <OutPorts = 1>
ST_1 : Operation 78 [1/1] (0.00ns)   --->   "%zext_ln45_14 = zext i31 %select_ln45_14 to i32" [firmware/nnet_utils/nnet_activation.h:45]   --->   Operation 78 'zext' 'zext_ln45_14' <Predicate = true> <Delay = 0.00>
ST_1 : Operation 79 [1/1] (0.85ns)   --->   "%icmp_ln1494_15 = icmp sgt i32 %data_15_V_read_1, 0" [firmware/nnet_utils/nnet_activation.h:45]   --->   Operation 79 'icmp' 'icmp_ln1494_15' <Predicate = true> <Delay = 0.85> <Core = "Cmp">   --->   Core 25 'Cmp' <Latency = 0> <II = 1> <Delay = 0.85> <FuncUnit> <Opcode : 'icmp'> <InPorts = 2> <OutPorts = 1>
ST_1 : Operation 80 [1/1] (0.00ns)   --->   "%trunc_ln45_15 = trunc i32 %data_15_V_read_1 to i31" [firmware/nnet_utils/nnet_activation.h:45]   --->   Operation 80 'trunc' 'trunc_ln45_15' <Predicate = (icmp_ln1494_15)> <Delay = 0.00>
ST_1 : Operation 81 [1/1] (0.25ns)   --->   "%select_ln45_15 = select i1 %icmp_ln1494_15, i31 %trunc_ln45_15, i31 0" [firmware/nnet_utils/nnet_activation.h:45]   --->   Operation 81 'select' 'select_ln45_15' <Predicate = true> <Delay = 0.25> <Core = "Sel">   --->   Core 26 'Sel' <Latency = 0> <II = 1> <Delay = 0.25> <FuncUnit> <Opcode : 'select'> <InPorts = 3> <OutPorts = 1>
ST_1 : Operation 82 [1/1] (0.00ns)   --->   "%zext_ln45_15 = zext i31 %select_ln45_15 to i32" [firmware/nnet_utils/nnet_activation.h:45]   --->   Operation 82 'zext' 'zext_ln45_15' <Predicate = true> <Delay = 0.00>
ST_1 : Operation 83 [1/1] (0.00ns)   --->   "%mrv = insertvalue { i32, i32, i32, i32, i32, i32, i32, i32, i32, i32, i32, i32, i32, i32, i32, i32 } undef, i32 %zext_ln45, 0" [firmware/nnet_utils/nnet_activation.h:50]   --->   Operation 83 'insertvalue' 'mrv' <Predicate = true> <Delay = 0.00>
ST_1 : Operation 84 [1/1] (0.00ns)   --->   "%mrv_1 = insertvalue { i32, i32, i32, i32, i32, i32, i32, i32, i32, i32, i32, i32, i32, i32, i32, i32 } %mrv, i32 %zext_ln45_1, 1" [firmware/nnet_utils/nnet_activation.h:50]   --->   Operation 84 'insertvalue' 'mrv_1' <Predicate = true> <Delay = 0.00>
ST_1 : Operation 85 [1/1] (0.00ns)   --->   "%mrv_2 = insertvalue { i32, i32, i32, i32, i32, i32, i32, i32, i32, i32, i32, i32, i32, i32, i32, i32 } %mrv_1, i32 %zext_ln45_2, 2" [firmware/nnet_utils/nnet_activation.h:50]   --->   Operation 85 'insertvalue' 'mrv_2' <Predicate = true> <Delay = 0.00>
ST_1 : Operation 86 [1/1] (0.00ns)   --->   "%mrv_3 = insertvalue { i32, i32, i32, i32, i32, i32, i32, i32, i32, i32, i32, i32, i32, i32, i32, i32 } %mrv_2, i32 %zext_ln45_3, 3" [firmware/nnet_utils/nnet_activation.h:50]   --->   Operation 86 'insertvalue' 'mrv_3' <Predicate = true> <Delay = 0.00>
ST_1 : Operation 87 [1/1] (0.00ns)   --->   "%mrv_4 = insertvalue { i32, i32, i32, i32, i32, i32, i32, i32, i32, i32, i32, i32, i32, i32, i32, i32 } %mrv_3, i32 %zext_ln45_4, 4" [firmware/nnet_utils/nnet_activation.h:50]   --->   Operation 87 'insertvalue' 'mrv_4' <Predicate = true> <Delay = 0.00>
ST_1 : Operation 88 [1/1] (0.00ns)   --->   "%mrv_5 = insertvalue { i32, i32, i32, i32, i32, i32, i32, i32, i32, i32, i32, i32, i32, i32, i32, i32 } %mrv_4, i32 %zext_ln45_5, 5" [firmware/nnet_utils/nnet_activation.h:50]   --->   Operation 88 'insertvalue' 'mrv_5' <Predicate = true> <Delay = 0.00>
ST_1 : Operation 89 [1/1] (0.00ns)   --->   "%mrv_6 = insertvalue { i32, i32, i32, i32, i32, i32, i32, i32, i32, i32, i32, i32, i32, i32, i32, i32 } %mrv_5, i32 %zext_ln45_6, 6" [firmware/nnet_utils/nnet_activation.h:50]   --->   Operation 89 'insertvalue' 'mrv_6' <Predicate = true> <Delay = 0.00>
ST_1 : Operation 90 [1/1] (0.00ns)   --->   "%mrv_7 = insertvalue { i32, i32, i32, i32, i32, i32, i32, i32, i32, i32, i32, i32, i32, i32, i32, i32 } %mrv_6, i32 %zext_ln45_7, 7" [firmware/nnet_utils/nnet_activation.h:50]   --->   Operation 90 'insertvalue' 'mrv_7' <Predicate = true> <Delay = 0.00>
ST_1 : Operation 91 [1/1] (0.00ns)   --->   "%mrv_8 = insertvalue { i32, i32, i32, i32, i32, i32, i32, i32, i32, i32, i32, i32, i32, i32, i32, i32 } %mrv_7, i32 %zext_ln45_8, 8" [firmware/nnet_utils/nnet_activation.h:50]   --->   Operation 91 'insertvalue' 'mrv_8' <Predicate = true> <Delay = 0.00>
ST_1 : Operation 92 [1/1] (0.00ns)   --->   "%mrv_9 = insertvalue { i32, i32, i32, i32, i32, i32, i32, i32, i32, i32, i32, i32, i32, i32, i32, i32 } %mrv_8, i32 %zext_ln45_9, 9" [firmware/nnet_utils/nnet_activation.h:50]   --->   Operation 92 'insertvalue' 'mrv_9' <Predicate = true> <Delay = 0.00>
ST_1 : Operation 93 [1/1] (0.00ns)   --->   "%mrv_s = insertvalue { i32, i32, i32, i32, i32, i32, i32, i32, i32, i32, i32, i32, i32, i32, i32, i32 } %mrv_9, i32 %zext_ln45_10, 10" [firmware/nnet_utils/nnet_activation.h:50]   --->   Operation 93 'insertvalue' 'mrv_s' <Predicate = true> <Delay = 0.00>
ST_1 : Operation 94 [1/1] (0.00ns)   --->   "%mrv_10 = insertvalue { i32, i32, i32, i32, i32, i32, i32, i32, i32, i32, i32, i32, i32, i32, i32, i32 } %mrv_s, i32 %zext_ln45_11, 11" [firmware/nnet_utils/nnet_activation.h:50]   --->   Operation 94 'insertvalue' 'mrv_10' <Predicate = true> <Delay = 0.00>
ST_1 : Operation 95 [1/1] (0.00ns)   --->   "%mrv_11 = insertvalue { i32, i32, i32, i32, i32, i32, i32, i32, i32, i32, i32, i32, i32, i32, i32, i32 } %mrv_10, i32 %zext_ln45_12, 12" [firmware/nnet_utils/nnet_activation.h:50]   --->   Operation 95 'insertvalue' 'mrv_11' <Predicate = true> <Delay = 0.00>
ST_1 : Operation 96 [1/1] (0.00ns)   --->   "%mrv_12 = insertvalue { i32, i32, i32, i32, i32, i32, i32, i32, i32, i32, i32, i32, i32, i32, i32, i32 } %mrv_11, i32 %zext_ln45_13, 13" [firmware/nnet_utils/nnet_activation.h:50]   --->   Operation 96 'insertvalue' 'mrv_12' <Predicate = true> <Delay = 0.00>
ST_1 : Operation 97 [1/1] (0.00ns)   --->   "%mrv_13 = insertvalue { i32, i32, i32, i32, i32, i32, i32, i32, i32, i32, i32, i32, i32, i32, i32, i32 } %mrv_12, i32 %zext_ln45_14, 14" [firmware/nnet_utils/nnet_activation.h:50]   --->   Operation 97 'insertvalue' 'mrv_13' <Predicate = true> <Delay = 0.00>
ST_1 : Operation 98 [1/1] (0.00ns)   --->   "%mrv_14 = insertvalue { i32, i32, i32, i32, i32, i32, i32, i32, i32, i32, i32, i32, i32, i32, i32, i32 } %mrv_13, i32 %zext_ln45_15, 15" [firmware/nnet_utils/nnet_activation.h:50]   --->   Operation 98 'insertvalue' 'mrv_14' <Predicate = true> <Delay = 0.00>
ST_1 : Operation 99 [1/1] (0.00ns)   --->   "ret { i32, i32, i32, i32, i32, i32, i32, i32, i32, i32, i32, i32, i32, i32, i32, i32 } %mrv_14" [firmware/nnet_utils/nnet_activation.h:50]   --->   Operation 99 'ret' <Predicate = true> <Delay = 0.00>


============================================================
+ Verbose Summary: Binding
============================================================
STG Binding: 
---------------- STG Properties BEGIN ----------------
- Is combinational: 1
- Is one-state seq: 0
- Is datapath-only: 0
- Is pipelined: 1
- Is top level: 0
Port [ Return ] is wired: 1; IO mode=ap_ctrl_hs:ce=0
Port [ data_0_V_read]:  wired=1; compound=0; hidden=0; nouse=0; global=0; static=0; extern=0; dir=0; type=0; pingpong=0; private_global=0; IO mode=ap_none:ce=0
Port [ data_1_V_read]:  wired=1; compound=0; hidden=0; nouse=0; global=0; static=0; extern=0; dir=0; type=0; pingpong=0; private_global=0; IO mode=ap_none:ce=0
Port [ data_2_V_read]:  wired=1; compound=0; hidden=0; nouse=0; global=0; static=0; extern=0; dir=0; type=0; pingpong=0; private_global=0; IO mode=ap_none:ce=0
Port [ data_3_V_read]:  wired=1; compound=0; hidden=0; nouse=0; global=0; static=0; extern=0; dir=0; type=0; pingpong=0; private_global=0; IO mode=ap_none:ce=0
Port [ data_4_V_read]:  wired=1; compound=0; hidden=0; nouse=0; global=0; static=0; extern=0; dir=0; type=0; pingpong=0; private_global=0; IO mode=ap_none:ce=0
Port [ data_5_V_read]:  wired=1; compound=0; hidden=0; nouse=0; global=0; static=0; extern=0; dir=0; type=0; pingpong=0; private_global=0; IO mode=ap_none:ce=0
Port [ data_6_V_read]:  wired=1; compound=0; hidden=0; nouse=0; global=0; static=0; extern=0; dir=0; type=0; pingpong=0; private_global=0; IO mode=ap_none:ce=0
Port [ data_7_V_read]:  wired=1; compound=0; hidden=0; nouse=0; global=0; static=0; extern=0; dir=0; type=0; pingpong=0; private_global=0; IO mode=ap_none:ce=0
Port [ data_8_V_read]:  wired=1; compound=0; hidden=0; nouse=0; global=0; static=0; extern=0; dir=0; type=0; pingpong=0; private_global=0; IO mode=ap_none:ce=0
Port [ data_9_V_read]:  wired=1; compound=0; hidden=0; nouse=0; global=0; static=0; extern=0; dir=0; type=0; pingpong=0; private_global=0; IO mode=ap_none:ce=0
Port [ data_10_V_read]:  wired=1; compound=0; hidden=0; nouse=0; global=0; static=0; extern=0; dir=0; type=0; pingpong=0; private_global=0; IO mode=ap_none:ce=0
Port [ data_11_V_read]:  wired=1; compound=0; hidden=0; nouse=0; global=0; static=0; extern=0; dir=0; type=0; pingpong=0; private_global=0; IO mode=ap_none:ce=0
Port [ data_12_V_read]:  wired=1; compound=0; hidden=0; nouse=0; global=0; static=0; extern=0; dir=0; type=0; pingpong=0; private_global=0; IO mode=ap_none:ce=0
Port [ data_13_V_read]:  wired=1; compound=0; hidden=0; nouse=0; global=0; static=0; extern=0; dir=0; type=0; pingpong=0; private_global=0; IO mode=ap_none:ce=0
Port [ data_14_V_read]:  wired=1; compound=0; hidden=0; nouse=0; global=0; static=0; extern=0; dir=0; type=0; pingpong=0; private_global=0; IO mode=ap_none:ce=0
Port [ data_15_V_read]:  wired=1; compound=0; hidden=0; nouse=0; global=0; static=0; extern=0; dir=0; type=0; pingpong=0; private_global=0; IO mode=ap_none:ce=0
---------------- STG Properties END ------------------

---------------- Datapath Model BEGIN ----------------

<LifeTime>
<method=bitvector/>
data_15_V_read_1  (read        ) [ 00]
data_14_V_read_1  (read        ) [ 00]
data_13_V_read_1  (read        ) [ 00]
data_12_V_read_1  (read        ) [ 00]
data_11_V_read_1  (read        ) [ 00]
data_10_V_read_1  (read        ) [ 00]
data_9_V_read_1   (read        ) [ 00]
data_8_V_read_1   (read        ) [ 00]
data_7_V_read_1   (read        ) [ 00]
data_6_V_read_1   (read        ) [ 00]
data_5_V_read_1   (read        ) [ 00]
data_4_V_read_1   (read        ) [ 00]
data_3_V_read_1   (read        ) [ 00]
data_2_V_read_1   (read        ) [ 00]
data_1_V_read_1   (read        ) [ 00]
data_0_V_read_1   (read        ) [ 00]
specpipeline_ln40 (specpipeline) [ 00]
icmp_ln1494       (icmp        ) [ 01]
trunc_ln45        (trunc       ) [ 00]
select_ln45       (select      ) [ 00]
zext_ln45         (zext        ) [ 00]
icmp_ln1494_1     (icmp        ) [ 01]
trunc_ln45_1      (trunc       ) [ 00]
select_ln45_1     (select      ) [ 00]
zext_ln45_1       (zext        ) [ 00]
icmp_ln1494_2     (icmp        ) [ 01]
trunc_ln45_2      (trunc       ) [ 00]
select_ln45_2     (select      ) [ 00]
zext_ln45_2       (zext        ) [ 00]
icmp_ln1494_3     (icmp        ) [ 01]
trunc_ln45_3      (trunc       ) [ 00]
select_ln45_3     (select      ) [ 00]
zext_ln45_3       (zext        ) [ 00]
icmp_ln1494_4     (icmp        ) [ 01]
trunc_ln45_4      (trunc       ) [ 00]
select_ln45_4     (select      ) [ 00]
zext_ln45_4       (zext        ) [ 00]
icmp_ln1494_5     (icmp        ) [ 01]
trunc_ln45_5      (trunc       ) [ 00]
select_ln45_5     (select      ) [ 00]
zext_ln45_5       (zext        ) [ 00]
icmp_ln1494_6     (icmp        ) [ 01]
trunc_ln45_6      (trunc       ) [ 00]
select_ln45_6     (select      ) [ 00]
zext_ln45_6       (zext        ) [ 00]
icmp_ln1494_7     (icmp        ) [ 01]
trunc_ln45_7      (trunc       ) [ 00]
select_ln45_7     (select      ) [ 00]
zext_ln45_7       (zext        ) [ 00]
icmp_ln1494_8     (icmp        ) [ 01]
trunc_ln45_8      (trunc       ) [ 00]
select_ln45_8     (select      ) [ 00]
zext_ln45_8       (zext        ) [ 00]
icmp_ln1494_9     (icmp        ) [ 01]
trunc_ln45_9      (trunc       ) [ 00]
select_ln45_9     (select      ) [ 00]
zext_ln45_9       (zext        ) [ 00]
icmp_ln1494_10    (icmp        ) [ 01]
trunc_ln45_10     (trunc       ) [ 00]
select_ln45_10    (select      ) [ 00]
zext_ln45_10      (zext        ) [ 00]
icmp_ln1494_11    (icmp        ) [ 01]
trunc_ln45_11     (trunc       ) [ 00]
select_ln45_11    (select      ) [ 00]
zext_ln45_11      (zext        ) [ 00]
icmp_ln1494_12    (icmp        ) [ 01]
trunc_ln45_12     (trunc       ) [ 00]
select_ln45_12    (select      ) [ 00]
zext_ln45_12      (zext        ) [ 00]
icmp_ln1494_13    (icmp        ) [ 01]
trunc_ln45_13     (trunc       ) [ 00]
select_ln45_13    (select      ) [ 00]
zext_ln45_13      (zext        ) [ 00]
icmp_ln1494_14    (icmp        ) [ 01]
trunc_ln45_14     (trunc       ) [ 00]
select_ln45_14    (select      ) [ 00]
zext_ln45_14      (zext        ) [ 00]
icmp_ln1494_15    (icmp        ) [ 01]
trunc_ln45_15     (trunc       ) [ 00]
select_ln45_15    (select      ) [ 00]
zext_ln45_15      (zext        ) [ 00]
mrv               (insertvalue ) [ 00]
mrv_1             (insertvalue ) [ 00]
mrv_2             (insertvalue ) [ 00]
mrv_3             (insertvalue ) [ 00]
mrv_4             (insertvalue ) [ 00]
mrv_5             (insertvalue ) [ 00]
mrv_6             (insertvalue ) [ 00]
mrv_7             (insertvalue ) [ 00]
mrv_8             (insertvalue ) [ 00]
mrv_9             (insertvalue ) [ 00]
mrv_s             (insertvalue ) [ 00]
mrv_10            (insertvalue ) [ 00]
mrv_11            (insertvalue ) [ 00]
mrv_12            (insertvalue ) [ 00]
mrv_13            (insertvalue ) [ 00]
mrv_14            (insertvalue ) [ 00]
ret_ln50          (ret         ) [ 00]
</LifeTime>

<model>

<comp_list>
<comp id="0" class="1000" name="data_0_V_read">
<pin_list>
<pin id="1" dir="1" index="0" bw="1" slack="0"/>
</pin_list>
<bind>
<StgValue><ssdm name="data_0_V_read"/></StgValue>
</bind>
</comp>

<comp id="2" class="1000" name="data_1_V_read">
<pin_list>
<pin id="3" dir="1" index="0" bw="1" slack="0"/>
</pin_list>
<bind>
<StgValue><ssdm name="data_1_V_read"/></StgValue>
</bind>
</comp>

<comp id="4" class="1000" name="data_2_V_read">
<pin_list>
<pin id="5" dir="1" index="0" bw="1" slack="0"/>
</pin_list>
<bind>
<StgValue><ssdm name="data_2_V_read"/></StgValue>
</bind>
</comp>

<comp id="6" class="1000" name="data_3_V_read">
<pin_list>
<pin id="7" dir="1" index="0" bw="1" slack="0"/>
</pin_list>
<bind>
<StgValue><ssdm name="data_3_V_read"/></StgValue>
</bind>
</comp>

<comp id="8" class="1000" name="data_4_V_read">
<pin_list>
<pin id="9" dir="1" index="0" bw="1" slack="0"/>
</pin_list>
<bind>
<StgValue><ssdm name="data_4_V_read"/></StgValue>
</bind>
</comp>

<comp id="10" class="1000" name="data_5_V_read">
<pin_list>
<pin id="11" dir="1" index="0" bw="1" slack="0"/>
</pin_list>
<bind>
<StgValue><ssdm name="data_5_V_read"/></StgValue>
</bind>
</comp>

<comp id="12" class="1000" name="data_6_V_read">
<pin_list>
<pin id="13" dir="1" index="0" bw="1" slack="0"/>
</pin_list>
<bind>
<StgValue><ssdm name="data_6_V_read"/></StgValue>
</bind>
</comp>

<comp id="14" class="1000" name="data_7_V_read">
<pin_list>
<pin id="15" dir="1" index="0" bw="1" slack="0"/>
</pin_list>
<bind>
<StgValue><ssdm name="data_7_V_read"/></StgValue>
</bind>
</comp>

<comp id="16" class="1000" name="data_8_V_read">
<pin_list>
<pin id="17" dir="1" index="0" bw="1" slack="0"/>
</pin_list>
<bind>
<StgValue><ssdm name="data_8_V_read"/></StgValue>
</bind>
</comp>

<comp id="18" class="1000" name="data_9_V_read">
<pin_list>
<pin id="19" dir="1" index="0" bw="1" slack="0"/>
</pin_list>
<bind>
<StgValue><ssdm name="data_9_V_read"/></StgValue>
</bind>
</comp>

<comp id="20" class="1000" name="data_10_V_read">
<pin_list>
<pin id="21" dir="1" index="0" bw="1" slack="0"/>
</pin_list>
<bind>
<StgValue><ssdm name="data_10_V_read"/></StgValue>
</bind>
</comp>

<comp id="22" class="1000" name="data_11_V_read">
<pin_list>
<pin id="23" dir="1" index="0" bw="1" slack="0"/>
</pin_list>
<bind>
<StgValue><ssdm name="data_11_V_read"/></StgValue>
</bind>
</comp>

<comp id="24" class="1000" name="data_12_V_read">
<pin_list>
<pin id="25" dir="1" index="0" bw="1" slack="0"/>
</pin_list>
<bind>
<StgValue><ssdm name="data_12_V_read"/></StgValue>
</bind>
</comp>

<comp id="26" class="1000" name="data_13_V_read">
<pin_list>
<pin id="27" dir="1" index="0" bw="1" slack="0"/>
</pin_list>
<bind>
<StgValue><ssdm name="data_13_V_read"/></StgValue>
</bind>
</comp>

<comp id="28" class="1000" name="data_14_V_read">
<pin_list>
<pin id="29" dir="1" index="0" bw="1" slack="0"/>
</pin_list>
<bind>
<StgValue><ssdm name="data_14_V_read"/></StgValue>
</bind>
</comp>

<comp id="30" class="1000" name="data_15_V_read">
<pin_list>
<pin id="31" dir="1" index="0" bw="1" slack="0"/>
</pin_list>
<bind>
<StgValue><ssdm name="data_15_V_read"/></StgValue>
</bind>
</comp>

<comp id="32" class="1001" name="const_32">
<pin_list>
<pin id="33" dir="1" index="0" bw="1" slack="0"/>
</pin_list>
<bind>
<StgValue><ssdm name="_ssdm_op_Read.ap_auto.i32"/></StgValue>
</bind>
</comp>

<comp id="34" class="1001" name="const_34">
<pin_list>
<pin id="35" dir="1" index="0" bw="1" slack="2147483647"/>
</pin_list>
<bind>
<StgValue><ssdm name="_ssdm_op_SpecPipeline"/></StgValue>
</bind>
</comp>

<comp id="36" class="1001" name="const_36">
<pin_list>
<pin id="37" dir="1" index="0" bw="1" slack="2147483647"/>
</pin_list>
<bind>
<StgValue><ssdm name=""/></StgValue>
</bind>
</comp>

<comp id="38" class="1001" name="const_38">
<pin_list>
<pin id="39" dir="1" index="0" bw="1" slack="2147483647"/>
</pin_list>
<bind>
<StgValue><ssdm name=""/></StgValue>
</bind>
</comp>

<comp id="40" class="1001" name="const_40">
<pin_list>
<pin id="41" dir="1" index="0" bw="1" slack="0"/>
</pin_list>
<bind>
<StgValue><ssdm name=""/></StgValue>
</bind>
</comp>

<comp id="42" class="1001" name="const_42">
<pin_list>
<pin id="43" dir="1" index="0" bw="1" slack="2147483647"/>
</pin_list>
<bind>
<StgValue><ssdm name="p_str7"/></StgValue>
</bind>
</comp>

<comp id="44" class="1001" name="const_44">
<pin_list>
<pin id="45" dir="1" index="0" bw="1" slack="0"/>
</pin_list>
<bind>
<StgValue><ssdm name=""/></StgValue>
</bind>
</comp>

<comp id="46" class="1001" name="const_46">
<pin_list>
<pin id="47" dir="1" index="0" bw="1" slack="0"/>
</pin_list>
<bind>
<StgValue><ssdm name=""/></StgValue>
</bind>
</comp>

<comp id="48" class="1004" name="data_15_V_read_1_read_fu_48">
<pin_list>
<pin id="49" dir="0" index="0" bw="32" slack="0"/>
<pin id="50" dir="0" index="1" bw="32" slack="0"/>
<pin id="51" dir="1" index="2" bw="32" slack="0"/>
</pin_list>
<bind>
<opcode="read(1150) " fcode="read"/>
<opset="data_15_V_read_1/1 "/>
</bind>
</comp>

<comp id="54" class="1004" name="data_14_V_read_1_read_fu_54">
<pin_list>
<pin id="55" dir="0" index="0" bw="32" slack="0"/>
<pin id="56" dir="0" index="1" bw="32" slack="0"/>
<pin id="57" dir="1" index="2" bw="32" slack="0"/>
</pin_list>
<bind>
<opcode="read(1150) " fcode="read"/>
<opset="data_14_V_read_1/1 "/>
</bind>
</comp>

<comp id="60" class="1004" name="data_13_V_read_1_read_fu_60">
<pin_list>
<pin id="61" dir="0" index="0" bw="32" slack="0"/>
<pin id="62" dir="0" index="1" bw="32" slack="0"/>
<pin id="63" dir="1" index="2" bw="32" slack="0"/>
</pin_list>
<bind>
<opcode="read(1150) " fcode="read"/>
<opset="data_13_V_read_1/1 "/>
</bind>
</comp>

<comp id="66" class="1004" name="data_12_V_read_1_read_fu_66">
<pin_list>
<pin id="67" dir="0" index="0" bw="32" slack="0"/>
<pin id="68" dir="0" index="1" bw="32" slack="0"/>
<pin id="69" dir="1" index="2" bw="32" slack="0"/>
</pin_list>
<bind>
<opcode="read(1150) " fcode="read"/>
<opset="data_12_V_read_1/1 "/>
</bind>
</comp>

<comp id="72" class="1004" name="data_11_V_read_1_read_fu_72">
<pin_list>
<pin id="73" dir="0" index="0" bw="32" slack="0"/>
<pin id="74" dir="0" index="1" bw="32" slack="0"/>
<pin id="75" dir="1" index="2" bw="32" slack="0"/>
</pin_list>
<bind>
<opcode="read(1150) " fcode="read"/>
<opset="data_11_V_read_1/1 "/>
</bind>
</comp>

<comp id="78" class="1004" name="data_10_V_read_1_read_fu_78">
<pin_list>
<pin id="79" dir="0" index="0" bw="32" slack="0"/>
<pin id="80" dir="0" index="1" bw="32" slack="0"/>
<pin id="81" dir="1" index="2" bw="32" slack="0"/>
</pin_list>
<bind>
<opcode="read(1150) " fcode="read"/>
<opset="data_10_V_read_1/1 "/>
</bind>
</comp>

<comp id="84" class="1004" name="data_9_V_read_1_read_fu_84">
<pin_list>
<pin id="85" dir="0" index="0" bw="32" slack="0"/>
<pin id="86" dir="0" index="1" bw="32" slack="0"/>
<pin id="87" dir="1" index="2" bw="32" slack="0"/>
</pin_list>
<bind>
<opcode="read(1150) " fcode="read"/>
<opset="data_9_V_read_1/1 "/>
</bind>
</comp>

<comp id="90" class="1004" name="data_8_V_read_1_read_fu_90">
<pin_list>
<pin id="91" dir="0" index="0" bw="32" slack="0"/>
<pin id="92" dir="0" index="1" bw="32" slack="0"/>
<pin id="93" dir="1" index="2" bw="32" slack="0"/>
</pin_list>
<bind>
<opcode="read(1150) " fcode="read"/>
<opset="data_8_V_read_1/1 "/>
</bind>
</comp>

<comp id="96" class="1004" name="data_7_V_read_1_read_fu_96">
<pin_list>
<pin id="97" dir="0" index="0" bw="32" slack="0"/>
<pin id="98" dir="0" index="1" bw="32" slack="0"/>
<pin id="99" dir="1" index="2" bw="32" slack="0"/>
</pin_list>
<bind>
<opcode="read(1150) " fcode="read"/>
<opset="data_7_V_read_1/1 "/>
</bind>
</comp>

<comp id="102" class="1004" name="data_6_V_read_1_read_fu_102">
<pin_list>
<pin id="103" dir="0" index="0" bw="32" slack="0"/>
<pin id="104" dir="0" index="1" bw="32" slack="0"/>
<pin id="105" dir="1" index="2" bw="32" slack="0"/>
</pin_list>
<bind>
<opcode="read(1150) " fcode="read"/>
<opset="data_6_V_read_1/1 "/>
</bind>
</comp>

<comp id="108" class="1004" name="data_5_V_read_1_read_fu_108">
<pin_list>
<pin id="109" dir="0" index="0" bw="32" slack="0"/>
<pin id="110" dir="0" index="1" bw="32" slack="0"/>
<pin id="111" dir="1" index="2" bw="32" slack="0"/>
</pin_list>
<bind>
<opcode="read(1150) " fcode="read"/>
<opset="data_5_V_read_1/1 "/>
</bind>
</comp>

<comp id="114" class="1004" name="data_4_V_read_1_read_fu_114">
<pin_list>
<pin id="115" dir="0" index="0" bw="32" slack="0"/>
<pin id="116" dir="0" index="1" bw="32" slack="0"/>
<pin id="117" dir="1" index="2" bw="32" slack="0"/>
</pin_list>
<bind>
<opcode="read(1150) " fcode="read"/>
<opset="data_4_V_read_1/1 "/>
</bind>
</comp>

<comp id="120" class="1004" name="data_3_V_read_1_read_fu_120">
<pin_list>
<pin id="121" dir="0" index="0" bw="32" slack="0"/>
<pin id="122" dir="0" index="1" bw="32" slack="0"/>
<pin id="123" dir="1" index="2" bw="32" slack="0"/>
</pin_list>
<bind>
<opcode="read(1150) " fcode="read"/>
<opset="data_3_V_read_1/1 "/>
</bind>
</comp>

<comp id="126" class="1004" name="data_2_V_read_1_read_fu_126">
<pin_list>
<pin id="127" dir="0" index="0" bw="32" slack="0"/>
<pin id="128" dir="0" index="1" bw="32" slack="0"/>
<pin id="129" dir="1" index="2" bw="32" slack="0"/>
</pin_list>
<bind>
<opcode="read(1150) " fcode="read"/>
<opset="data_2_V_read_1/1 "/>
</bind>
</comp>

<comp id="132" class="1004" name="data_1_V_read_1_read_fu_132">
<pin_list>
<pin id="133" dir="0" index="0" bw="32" slack="0"/>
<pin id="134" dir="0" index="1" bw="32" slack="0"/>
<pin id="135" dir="1" index="2" bw="32" slack="0"/>
</pin_list>
<bind>
<opcode="read(1150) " fcode="read"/>
<opset="data_1_V_read_1/1 "/>
</bind>
</comp>

<comp id="138" class="1004" name="data_0_V_read_1_read_fu_138">
<pin_list>
<pin id="139" dir="0" index="0" bw="32" slack="0"/>
<pin id="140" dir="0" index="1" bw="32" slack="0"/>
<pin id="141" dir="1" index="2" bw="32" slack="0"/>
</pin_list>
<bind>
<opcode="read(1150) " fcode="read"/>
<opset="data_0_V_read_1/1 "/>
</bind>
</comp>

<comp id="144" class="1004" name="icmp_ln1494_fu_144">
<pin_list>
<pin id="145" dir="0" index="0" bw="32" slack="0"/>
<pin id="146" dir="0" index="1" bw="1" slack="0"/>
<pin id="147" dir="1" index="2" bw="1" slack="0"/>
</pin_list>
<bind>
<opcode="icmp(45) " fcode="icmp"/>
<opset="icmp_ln1494/1 "/>
</bind>
</comp>

<comp id="150" class="1004" name="trunc_ln45_fu_150">
<pin_list>
<pin id="151" dir="0" index="0" bw="32" slack="0"/>
<pin id="152" dir="1" index="1" bw="31" slack="0"/>
</pin_list>
<bind>
<opcode="trunc(33) " fcode="trunc"/>
<opset="trunc_ln45/1 "/>
</bind>
</comp>

<comp id="154" class="1004" name="select_ln45_fu_154">
<pin_list>
<pin id="155" dir="0" index="0" bw="1" slack="0"/>
<pin id="156" dir="0" index="1" bw="31" slack="0"/>
<pin id="157" dir="0" index="2" bw="1" slack="0"/>
<pin id="158" dir="1" index="3" bw="31" slack="0"/>
</pin_list>
<bind>
<opcode="select(49) " fcode="select"/>
<opset="select_ln45/1 "/>
</bind>
</comp>

<comp id="162" class="1004" name="zext_ln45_fu_162">
<pin_list>
<pin id="163" dir="0" index="0" bw="31" slack="0"/>
<pin id="164" dir="1" index="1" bw="32" slack="0"/>
</pin_list>
<bind>
<opcode="zext(34) " fcode="zext"/>
<opset="zext_ln45/1 "/>
</bind>
</comp>

<comp id="166" class="1004" name="icmp_ln1494_1_fu_166">
<pin_list>
<pin id="167" dir="0" index="0" bw="32" slack="0"/>
<pin id="168" dir="0" index="1" bw="1" slack="0"/>
<pin id="169" dir="1" index="2" bw="1" slack="0"/>
</pin_list>
<bind>
<opcode="icmp(45) " fcode="icmp"/>
<opset="icmp_ln1494_1/1 "/>
</bind>
</comp>

<comp id="172" class="1004" name="trunc_ln45_1_fu_172">
<pin_list>
<pin id="173" dir="0" index="0" bw="32" slack="0"/>
<pin id="174" dir="1" index="1" bw="31" slack="0"/>
</pin_list>
<bind>
<opcode="trunc(33) " fcode="trunc"/>
<opset="trunc_ln45_1/1 "/>
</bind>
</comp>

<comp id="176" class="1004" name="select_ln45_1_fu_176">
<pin_list>
<pin id="177" dir="0" index="0" bw="1" slack="0"/>
<pin id="178" dir="0" index="1" bw="31" slack="0"/>
<pin id="179" dir="0" index="2" bw="1" slack="0"/>
<pin id="180" dir="1" index="3" bw="31" slack="0"/>
</pin_list>
<bind>
<opcode="select(49) " fcode="select"/>
<opset="select_ln45_1/1 "/>
</bind>
</comp>

<comp id="184" class="1004" name="zext_ln45_1_fu_184">
<pin_list>
<pin id="185" dir="0" index="0" bw="31" slack="0"/>
<pin id="186" dir="1" index="1" bw="32" slack="0"/>
</pin_list>
<bind>
<opcode="zext(34) " fcode="zext"/>
<opset="zext_ln45_1/1 "/>
</bind>
</comp>

<comp id="188" class="1004" name="icmp_ln1494_2_fu_188">
<pin_list>
<pin id="189" dir="0" index="0" bw="32" slack="0"/>
<pin id="190" dir="0" index="1" bw="1" slack="0"/>
<pin id="191" dir="1" index="2" bw="1" slack="0"/>
</pin_list>
<bind>
<opcode="icmp(45) " fcode="icmp"/>
<opset="icmp_ln1494_2/1 "/>
</bind>
</comp>

<comp id="194" class="1004" name="trunc_ln45_2_fu_194">
<pin_list>
<pin id="195" dir="0" index="0" bw="32" slack="0"/>
<pin id="196" dir="1" index="1" bw="31" slack="0"/>
</pin_list>
<bind>
<opcode="trunc(33) " fcode="trunc"/>
<opset="trunc_ln45_2/1 "/>
</bind>
</comp>

<comp id="198" class="1004" name="select_ln45_2_fu_198">
<pin_list>
<pin id="199" dir="0" index="0" bw="1" slack="0"/>
<pin id="200" dir="0" index="1" bw="31" slack="0"/>
<pin id="201" dir="0" index="2" bw="1" slack="0"/>
<pin id="202" dir="1" index="3" bw="31" slack="0"/>
</pin_list>
<bind>
<opcode="select(49) " fcode="select"/>
<opset="select_ln45_2/1 "/>
</bind>
</comp>

<comp id="206" class="1004" name="zext_ln45_2_fu_206">
<pin_list>
<pin id="207" dir="0" index="0" bw="31" slack="0"/>
<pin id="208" dir="1" index="1" bw="32" slack="0"/>
</pin_list>
<bind>
<opcode="zext(34) " fcode="zext"/>
<opset="zext_ln45_2/1 "/>
</bind>
</comp>

<comp id="210" class="1004" name="icmp_ln1494_3_fu_210">
<pin_list>
<pin id="211" dir="0" index="0" bw="32" slack="0"/>
<pin id="212" dir="0" index="1" bw="1" slack="0"/>
<pin id="213" dir="1" index="2" bw="1" slack="0"/>
</pin_list>
<bind>
<opcode="icmp(45) " fcode="icmp"/>
<opset="icmp_ln1494_3/1 "/>
</bind>
</comp>

<comp id="216" class="1004" name="trunc_ln45_3_fu_216">
<pin_list>
<pin id="217" dir="0" index="0" bw="32" slack="0"/>
<pin id="218" dir="1" index="1" bw="31" slack="0"/>
</pin_list>
<bind>
<opcode="trunc(33) " fcode="trunc"/>
<opset="trunc_ln45_3/1 "/>
</bind>
</comp>

<comp id="220" class="1004" name="select_ln45_3_fu_220">
<pin_list>
<pin id="221" dir="0" index="0" bw="1" slack="0"/>
<pin id="222" dir="0" index="1" bw="31" slack="0"/>
<pin id="223" dir="0" index="2" bw="1" slack="0"/>
<pin id="224" dir="1" index="3" bw="31" slack="0"/>
</pin_list>
<bind>
<opcode="select(49) " fcode="select"/>
<opset="select_ln45_3/1 "/>
</bind>
</comp>

<comp id="228" class="1004" name="zext_ln45_3_fu_228">
<pin_list>
<pin id="229" dir="0" index="0" bw="31" slack="0"/>
<pin id="230" dir="1" index="1" bw="32" slack="0"/>
</pin_list>
<bind>
<opcode="zext(34) " fcode="zext"/>
<opset="zext_ln45_3/1 "/>
</bind>
</comp>

<comp id="232" class="1004" name="icmp_ln1494_4_fu_232">
<pin_list>
<pin id="233" dir="0" index="0" bw="32" slack="0"/>
<pin id="234" dir="0" index="1" bw="1" slack="0"/>
<pin id="235" dir="1" index="2" bw="1" slack="0"/>
</pin_list>
<bind>
<opcode="icmp(45) " fcode="icmp"/>
<opset="icmp_ln1494_4/1 "/>
</bind>
</comp>

<comp id="238" class="1004" name="trunc_ln45_4_fu_238">
<pin_list>
<pin id="239" dir="0" index="0" bw="32" slack="0"/>
<pin id="240" dir="1" index="1" bw="31" slack="0"/>
</pin_list>
<bind>
<opcode="trunc(33) " fcode="trunc"/>
<opset="trunc_ln45_4/1 "/>
</bind>
</comp>

<comp id="242" class="1004" name="select_ln45_4_fu_242">
<pin_list>
<pin id="243" dir="0" index="0" bw="1" slack="0"/>
<pin id="244" dir="0" index="1" bw="31" slack="0"/>
<pin id="245" dir="0" index="2" bw="1" slack="0"/>
<pin id="246" dir="1" index="3" bw="31" slack="0"/>
</pin_list>
<bind>
<opcode="select(49) " fcode="select"/>
<opset="select_ln45_4/1 "/>
</bind>
</comp>

<comp id="250" class="1004" name="zext_ln45_4_fu_250">
<pin_list>
<pin id="251" dir="0" index="0" bw="31" slack="0"/>
<pin id="252" dir="1" index="1" bw="32" slack="0"/>
</pin_list>
<bind>
<opcode="zext(34) " fcode="zext"/>
<opset="zext_ln45_4/1 "/>
</bind>
</comp>

<comp id="254" class="1004" name="icmp_ln1494_5_fu_254">
<pin_list>
<pin id="255" dir="0" index="0" bw="32" slack="0"/>
<pin id="256" dir="0" index="1" bw="1" slack="0"/>
<pin id="257" dir="1" index="2" bw="1" slack="0"/>
</pin_list>
<bind>
<opcode="icmp(45) " fcode="icmp"/>
<opset="icmp_ln1494_5/1 "/>
</bind>
</comp>

<comp id="260" class="1004" name="trunc_ln45_5_fu_260">
<pin_list>
<pin id="261" dir="0" index="0" bw="32" slack="0"/>
<pin id="262" dir="1" index="1" bw="31" slack="0"/>
</pin_list>
<bind>
<opcode="trunc(33) " fcode="trunc"/>
<opset="trunc_ln45_5/1 "/>
</bind>
</comp>

<comp id="264" class="1004" name="select_ln45_5_fu_264">
<pin_list>
<pin id="265" dir="0" index="0" bw="1" slack="0"/>
<pin id="266" dir="0" index="1" bw="31" slack="0"/>
<pin id="267" dir="0" index="2" bw="1" slack="0"/>
<pin id="268" dir="1" index="3" bw="31" slack="0"/>
</pin_list>
<bind>
<opcode="select(49) " fcode="select"/>
<opset="select_ln45_5/1 "/>
</bind>
</comp>

<comp id="272" class="1004" name="zext_ln45_5_fu_272">
<pin_list>
<pin id="273" dir="0" index="0" bw="31" slack="0"/>
<pin id="274" dir="1" index="1" bw="32" slack="0"/>
</pin_list>
<bind>
<opcode="zext(34) " fcode="zext"/>
<opset="zext_ln45_5/1 "/>
</bind>
</comp>

<comp id="276" class="1004" name="icmp_ln1494_6_fu_276">
<pin_list>
<pin id="277" dir="0" index="0" bw="32" slack="0"/>
<pin id="278" dir="0" index="1" bw="1" slack="0"/>
<pin id="279" dir="1" index="2" bw="1" slack="0"/>
</pin_list>
<bind>
<opcode="icmp(45) " fcode="icmp"/>
<opset="icmp_ln1494_6/1 "/>
</bind>
</comp>

<comp id="282" class="1004" name="trunc_ln45_6_fu_282">
<pin_list>
<pin id="283" dir="0" index="0" bw="32" slack="0"/>
<pin id="284" dir="1" index="1" bw="31" slack="0"/>
</pin_list>
<bind>
<opcode="trunc(33) " fcode="trunc"/>
<opset="trunc_ln45_6/1 "/>
</bind>
</comp>

<comp id="286" class="1004" name="select_ln45_6_fu_286">
<pin_list>
<pin id="287" dir="0" index="0" bw="1" slack="0"/>
<pin id="288" dir="0" index="1" bw="31" slack="0"/>
<pin id="289" dir="0" index="2" bw="1" slack="0"/>
<pin id="290" dir="1" index="3" bw="31" slack="0"/>
</pin_list>
<bind>
<opcode="select(49) " fcode="select"/>
<opset="select_ln45_6/1 "/>
</bind>
</comp>

<comp id="294" class="1004" name="zext_ln45_6_fu_294">
<pin_list>
<pin id="295" dir="0" index="0" bw="31" slack="0"/>
<pin id="296" dir="1" index="1" bw="32" slack="0"/>
</pin_list>
<bind>
<opcode="zext(34) " fcode="zext"/>
<opset="zext_ln45_6/1 "/>
</bind>
</comp>

<comp id="298" class="1004" name="icmp_ln1494_7_fu_298">
<pin_list>
<pin id="299" dir="0" index="0" bw="32" slack="0"/>
<pin id="300" dir="0" index="1" bw="1" slack="0"/>
<pin id="301" dir="1" index="2" bw="1" slack="0"/>
</pin_list>
<bind>
<opcode="icmp(45) " fcode="icmp"/>
<opset="icmp_ln1494_7/1 "/>
</bind>
</comp>

<comp id="304" class="1004" name="trunc_ln45_7_fu_304">
<pin_list>
<pin id="305" dir="0" index="0" bw="32" slack="0"/>
<pin id="306" dir="1" index="1" bw="31" slack="0"/>
</pin_list>
<bind>
<opcode="trunc(33) " fcode="trunc"/>
<opset="trunc_ln45_7/1 "/>
</bind>
</comp>

<comp id="308" class="1004" name="select_ln45_7_fu_308">
<pin_list>
<pin id="309" dir="0" index="0" bw="1" slack="0"/>
<pin id="310" dir="0" index="1" bw="31" slack="0"/>
<pin id="311" dir="0" index="2" bw="1" slack="0"/>
<pin id="312" dir="1" index="3" bw="31" slack="0"/>
</pin_list>
<bind>
<opcode="select(49) " fcode="select"/>
<opset="select_ln45_7/1 "/>
</bind>
</comp>

<comp id="316" class="1004" name="zext_ln45_7_fu_316">
<pin_list>
<pin id="317" dir="0" index="0" bw="31" slack="0"/>
<pin id="318" dir="1" index="1" bw="32" slack="0"/>
</pin_list>
<bind>
<opcode="zext(34) " fcode="zext"/>
<opset="zext_ln45_7/1 "/>
</bind>
</comp>

<comp id="320" class="1004" name="icmp_ln1494_8_fu_320">
<pin_list>
<pin id="321" dir="0" index="0" bw="32" slack="0"/>
<pin id="322" dir="0" index="1" bw="1" slack="0"/>
<pin id="323" dir="1" index="2" bw="1" slack="0"/>
</pin_list>
<bind>
<opcode="icmp(45) " fcode="icmp"/>
<opset="icmp_ln1494_8/1 "/>
</bind>
</comp>

<comp id="326" class="1004" name="trunc_ln45_8_fu_326">
<pin_list>
<pin id="327" dir="0" index="0" bw="32" slack="0"/>
<pin id="328" dir="1" index="1" bw="31" slack="0"/>
</pin_list>
<bind>
<opcode="trunc(33) " fcode="trunc"/>
<opset="trunc_ln45_8/1 "/>
</bind>
</comp>

<comp id="330" class="1004" name="select_ln45_8_fu_330">
<pin_list>
<pin id="331" dir="0" index="0" bw="1" slack="0"/>
<pin id="332" dir="0" index="1" bw="31" slack="0"/>
<pin id="333" dir="0" index="2" bw="1" slack="0"/>
<pin id="334" dir="1" index="3" bw="31" slack="0"/>
</pin_list>
<bind>
<opcode="select(49) " fcode="select"/>
<opset="select_ln45_8/1 "/>
</bind>
</comp>

<comp id="338" class="1004" name="zext_ln45_8_fu_338">
<pin_list>
<pin id="339" dir="0" index="0" bw="31" slack="0"/>
<pin id="340" dir="1" index="1" bw="32" slack="0"/>
</pin_list>
<bind>
<opcode="zext(34) " fcode="zext"/>
<opset="zext_ln45_8/1 "/>
</bind>
</comp>

<comp id="342" class="1004" name="icmp_ln1494_9_fu_342">
<pin_list>
<pin id="343" dir="0" index="0" bw="32" slack="0"/>
<pin id="344" dir="0" index="1" bw="1" slack="0"/>
<pin id="345" dir="1" index="2" bw="1" slack="0"/>
</pin_list>
<bind>
<opcode="icmp(45) " fcode="icmp"/>
<opset="icmp_ln1494_9/1 "/>
</bind>
</comp>

<comp id="348" class="1004" name="trunc_ln45_9_fu_348">
<pin_list>
<pin id="349" dir="0" index="0" bw="32" slack="0"/>
<pin id="350" dir="1" index="1" bw="31" slack="0"/>
</pin_list>
<bind>
<opcode="trunc(33) " fcode="trunc"/>
<opset="trunc_ln45_9/1 "/>
</bind>
</comp>

<comp id="352" class="1004" name="select_ln45_9_fu_352">
<pin_list>
<pin id="353" dir="0" index="0" bw="1" slack="0"/>
<pin id="354" dir="0" index="1" bw="31" slack="0"/>
<pin id="355" dir="0" index="2" bw="1" slack="0"/>
<pin id="356" dir="1" index="3" bw="31" slack="0"/>
</pin_list>
<bind>
<opcode="select(49) " fcode="select"/>
<opset="select_ln45_9/1 "/>
</bind>
</comp>

<comp id="360" class="1004" name="zext_ln45_9_fu_360">
<pin_list>
<pin id="361" dir="0" index="0" bw="31" slack="0"/>
<pin id="362" dir="1" index="1" bw="32" slack="0"/>
</pin_list>
<bind>
<opcode="zext(34) " fcode="zext"/>
<opset="zext_ln45_9/1 "/>
</bind>
</comp>

<comp id="364" class="1004" name="icmp_ln1494_10_fu_364">
<pin_list>
<pin id="365" dir="0" index="0" bw="32" slack="0"/>
<pin id="366" dir="0" index="1" bw="1" slack="0"/>
<pin id="367" dir="1" index="2" bw="1" slack="0"/>
</pin_list>
<bind>
<opcode="icmp(45) " fcode="icmp"/>
<opset="icmp_ln1494_10/1 "/>
</bind>
</comp>

<comp id="370" class="1004" name="trunc_ln45_10_fu_370">
<pin_list>
<pin id="371" dir="0" index="0" bw="32" slack="0"/>
<pin id="372" dir="1" index="1" bw="31" slack="0"/>
</pin_list>
<bind>
<opcode="trunc(33) " fcode="trunc"/>
<opset="trunc_ln45_10/1 "/>
</bind>
</comp>

<comp id="374" class="1004" name="select_ln45_10_fu_374">
<pin_list>
<pin id="375" dir="0" index="0" bw="1" slack="0"/>
<pin id="376" dir="0" index="1" bw="31" slack="0"/>
<pin id="377" dir="0" index="2" bw="1" slack="0"/>
<pin id="378" dir="1" index="3" bw="31" slack="0"/>
</pin_list>
<bind>
<opcode="select(49) " fcode="select"/>
<opset="select_ln45_10/1 "/>
</bind>
</comp>

<comp id="382" class="1004" name="zext_ln45_10_fu_382">
<pin_list>
<pin id="383" dir="0" index="0" bw="31" slack="0"/>
<pin id="384" dir="1" index="1" bw="32" slack="0"/>
</pin_list>
<bind>
<opcode="zext(34) " fcode="zext"/>
<opset="zext_ln45_10/1 "/>
</bind>
</comp>

<comp id="386" class="1004" name="icmp_ln1494_11_fu_386">
<pin_list>
<pin id="387" dir="0" index="0" bw="32" slack="0"/>
<pin id="388" dir="0" index="1" bw="1" slack="0"/>
<pin id="389" dir="1" index="2" bw="1" slack="0"/>
</pin_list>
<bind>
<opcode="icmp(45) " fcode="icmp"/>
<opset="icmp_ln1494_11/1 "/>
</bind>
</comp>

<comp id="392" class="1004" name="trunc_ln45_11_fu_392">
<pin_list>
<pin id="393" dir="0" index="0" bw="32" slack="0"/>
<pin id="394" dir="1" index="1" bw="31" slack="0"/>
</pin_list>
<bind>
<opcode="trunc(33) " fcode="trunc"/>
<opset="trunc_ln45_11/1 "/>
</bind>
</comp>

<comp id="396" class="1004" name="select_ln45_11_fu_396">
<pin_list>
<pin id="397" dir="0" index="0" bw="1" slack="0"/>
<pin id="398" dir="0" index="1" bw="31" slack="0"/>
<pin id="399" dir="0" index="2" bw="1" slack="0"/>
<pin id="400" dir="1" index="3" bw="31" slack="0"/>
</pin_list>
<bind>
<opcode="select(49) " fcode="select"/>
<opset="select_ln45_11/1 "/>
</bind>
</comp>

<comp id="404" class="1004" name="zext_ln45_11_fu_404">
<pin_list>
<pin id="405" dir="0" index="0" bw="31" slack="0"/>
<pin id="406" dir="1" index="1" bw="32" slack="0"/>
</pin_list>
<bind>
<opcode="zext(34) " fcode="zext"/>
<opset="zext_ln45_11/1 "/>
</bind>
</comp>

<comp id="408" class="1004" name="icmp_ln1494_12_fu_408">
<pin_list>
<pin id="409" dir="0" index="0" bw="32" slack="0"/>
<pin id="410" dir="0" index="1" bw="1" slack="0"/>
<pin id="411" dir="1" index="2" bw="1" slack="0"/>
</pin_list>
<bind>
<opcode="icmp(45) " fcode="icmp"/>
<opset="icmp_ln1494_12/1 "/>
</bind>
</comp>

<comp id="414" class="1004" name="trunc_ln45_12_fu_414">
<pin_list>
<pin id="415" dir="0" index="0" bw="32" slack="0"/>
<pin id="416" dir="1" index="1" bw="31" slack="0"/>
</pin_list>
<bind>
<opcode="trunc(33) " fcode="trunc"/>
<opset="trunc_ln45_12/1 "/>
</bind>
</comp>

<comp id="418" class="1004" name="select_ln45_12_fu_418">
<pin_list>
<pin id="419" dir="0" index="0" bw="1" slack="0"/>
<pin id="420" dir="0" index="1" bw="31" slack="0"/>
<pin id="421" dir="0" index="2" bw="1" slack="0"/>
<pin id="422" dir="1" index="3" bw="31" slack="0"/>
</pin_list>
<bind>
<opcode="select(49) " fcode="select"/>
<opset="select_ln45_12/1 "/>
</bind>
</comp>

<comp id="426" class="1004" name="zext_ln45_12_fu_426">
<pin_list>
<pin id="427" dir="0" index="0" bw="31" slack="0"/>
<pin id="428" dir="1" index="1" bw="32" slack="0"/>
</pin_list>
<bind>
<opcode="zext(34) " fcode="zext"/>
<opset="zext_ln45_12/1 "/>
</bind>
</comp>

<comp id="430" class="1004" name="icmp_ln1494_13_fu_430">
<pin_list>
<pin id="431" dir="0" index="0" bw="32" slack="0"/>
<pin id="432" dir="0" index="1" bw="1" slack="0"/>
<pin id="433" dir="1" index="2" bw="1" slack="0"/>
</pin_list>
<bind>
<opcode="icmp(45) " fcode="icmp"/>
<opset="icmp_ln1494_13/1 "/>
</bind>
</comp>

<comp id="436" class="1004" name="trunc_ln45_13_fu_436">
<pin_list>
<pin id="437" dir="0" index="0" bw="32" slack="0"/>
<pin id="438" dir="1" index="1" bw="31" slack="0"/>
</pin_list>
<bind>
<opcode="trunc(33) " fcode="trunc"/>
<opset="trunc_ln45_13/1 "/>
</bind>
</comp>

<comp id="440" class="1004" name="select_ln45_13_fu_440">
<pin_list>
<pin id="441" dir="0" index="0" bw="1" slack="0"/>
<pin id="442" dir="0" index="1" bw="31" slack="0"/>
<pin id="443" dir="0" index="2" bw="1" slack="0"/>
<pin id="444" dir="1" index="3" bw="31" slack="0"/>
</pin_list>
<bind>
<opcode="select(49) " fcode="select"/>
<opset="select_ln45_13/1 "/>
</bind>
</comp>

<comp id="448" class="1004" name="zext_ln45_13_fu_448">
<pin_list>
<pin id="449" dir="0" index="0" bw="31" slack="0"/>
<pin id="450" dir="1" index="1" bw="32" slack="0"/>
</pin_list>
<bind>
<opcode="zext(34) " fcode="zext"/>
<opset="zext_ln45_13/1 "/>
</bind>
</comp>

<comp id="452" class="1004" name="icmp_ln1494_14_fu_452">
<pin_list>
<pin id="453" dir="0" index="0" bw="32" slack="0"/>
<pin id="454" dir="0" index="1" bw="1" slack="0"/>
<pin id="455" dir="1" index="2" bw="1" slack="0"/>
</pin_list>
<bind>
<opcode="icmp(45) " fcode="icmp"/>
<opset="icmp_ln1494_14/1 "/>
</bind>
</comp>

<comp id="458" class="1004" name="trunc_ln45_14_fu_458">
<pin_list>
<pin id="459" dir="0" index="0" bw="32" slack="0"/>
<pin id="460" dir="1" index="1" bw="31" slack="0"/>
</pin_list>
<bind>
<opcode="trunc(33) " fcode="trunc"/>
<opset="trunc_ln45_14/1 "/>
</bind>
</comp>

<comp id="462" class="1004" name="select_ln45_14_fu_462">
<pin_list>
<pin id="463" dir="0" index="0" bw="1" slack="0"/>
<pin id="464" dir="0" index="1" bw="31" slack="0"/>
<pin id="465" dir="0" index="2" bw="1" slack="0"/>
<pin id="466" dir="1" index="3" bw="31" slack="0"/>
</pin_list>
<bind>
<opcode="select(49) " fcode="select"/>
<opset="select_ln45_14/1 "/>
</bind>
</comp>

<comp id="470" class="1004" name="zext_ln45_14_fu_470">
<pin_list>
<pin id="471" dir="0" index="0" bw="31" slack="0"/>
<pin id="472" dir="1" index="1" bw="32" slack="0"/>
</pin_list>
<bind>
<opcode="zext(34) " fcode="zext"/>
<opset="zext_ln45_14/1 "/>
</bind>
</comp>

<comp id="474" class="1004" name="icmp_ln1494_15_fu_474">
<pin_list>
<pin id="475" dir="0" index="0" bw="32" slack="0"/>
<pin id="476" dir="0" index="1" bw="1" slack="0"/>
<pin id="477" dir="1" index="2" bw="1" slack="0"/>
</pin_list>
<bind>
<opcode="icmp(45) " fcode="icmp"/>
<opset="icmp_ln1494_15/1 "/>
</bind>
</comp>

<comp id="480" class="1004" name="trunc_ln45_15_fu_480">
<pin_list>
<pin id="481" dir="0" index="0" bw="32" slack="0"/>
<pin id="482" dir="1" index="1" bw="31" slack="0"/>
</pin_list>
<bind>
<opcode="trunc(33) " fcode="trunc"/>
<opset="trunc_ln45_15/1 "/>
</bind>
</comp>

<comp id="484" class="1004" name="select_ln45_15_fu_484">
<pin_list>
<pin id="485" dir="0" index="0" bw="1" slack="0"/>
<pin id="486" dir="0" index="1" bw="31" slack="0"/>
<pin id="487" dir="0" index="2" bw="1" slack="0"/>
<pin id="488" dir="1" index="3" bw="31" slack="0"/>
</pin_list>
<bind>
<opcode="select(49) " fcode="select"/>
<opset="select_ln45_15/1 "/>
</bind>
</comp>

<comp id="492" class="1004" name="zext_ln45_15_fu_492">
<pin_list>
<pin id="493" dir="0" index="0" bw="31" slack="0"/>
<pin id="494" dir="1" index="1" bw="32" slack="0"/>
</pin_list>
<bind>
<opcode="zext(34) " fcode="zext"/>
<opset="zext_ln45_15/1 "/>
</bind>
</comp>

<comp id="496" class="1004" name="mrv_fu_496">
<pin_list>
<pin id="497" dir="0" index="0" bw="512" slack="0"/>
<pin id="498" dir="0" index="1" bw="31" slack="0"/>
<pin id="499" dir="1" index="2" bw="512" slack="0"/>
</pin_list>
<bind>
<opcode="insertvalue(57) " fcode="insertvalue"/>
<opset="mrv/1 "/>
</bind>
</comp>

<comp id="502" class="1004" name="mrv_1_fu_502">
<pin_list>
<pin id="503" dir="0" index="0" bw="512" slack="0"/>
<pin id="504" dir="0" index="1" bw="31" slack="0"/>
<pin id="505" dir="1" index="2" bw="512" slack="0"/>
</pin_list>
<bind>
<opcode="insertvalue(57) " fcode="insertvalue"/>
<opset="mrv_1/1 "/>
</bind>
</comp>

<comp id="508" class="1004" name="mrv_2_fu_508">
<pin_list>
<pin id="509" dir="0" index="0" bw="512" slack="0"/>
<pin id="510" dir="0" index="1" bw="31" slack="0"/>
<pin id="511" dir="1" index="2" bw="512" slack="0"/>
</pin_list>
<bind>
<opcode="insertvalue(57) " fcode="insertvalue"/>
<opset="mrv_2/1 "/>
</bind>
</comp>

<comp id="514" class="1004" name="mrv_3_fu_514">
<pin_list>
<pin id="515" dir="0" index="0" bw="512" slack="0"/>
<pin id="516" dir="0" index="1" bw="31" slack="0"/>
<pin id="517" dir="1" index="2" bw="512" slack="0"/>
</pin_list>
<bind>
<opcode="insertvalue(57) " fcode="insertvalue"/>
<opset="mrv_3/1 "/>
</bind>
</comp>

<comp id="520" class="1004" name="mrv_4_fu_520">
<pin_list>
<pin id="521" dir="0" index="0" bw="512" slack="0"/>
<pin id="522" dir="0" index="1" bw="31" slack="0"/>
<pin id="523" dir="1" index="2" bw="512" slack="0"/>
</pin_list>
<bind>
<opcode="insertvalue(57) " fcode="insertvalue"/>
<opset="mrv_4/1 "/>
</bind>
</comp>

<comp id="526" class="1004" name="mrv_5_fu_526">
<pin_list>
<pin id="527" dir="0" index="0" bw="512" slack="0"/>
<pin id="528" dir="0" index="1" bw="31" slack="0"/>
<pin id="529" dir="1" index="2" bw="512" slack="0"/>
</pin_list>
<bind>
<opcode="insertvalue(57) " fcode="insertvalue"/>
<opset="mrv_5/1 "/>
</bind>
</comp>

<comp id="532" class="1004" name="mrv_6_fu_532">
<pin_list>
<pin id="533" dir="0" index="0" bw="512" slack="0"/>
<pin id="534" dir="0" index="1" bw="31" slack="0"/>
<pin id="535" dir="1" index="2" bw="512" slack="0"/>
</pin_list>
<bind>
<opcode="insertvalue(57) " fcode="insertvalue"/>
<opset="mrv_6/1 "/>
</bind>
</comp>

<comp id="538" class="1004" name="mrv_7_fu_538">
<pin_list>
<pin id="539" dir="0" index="0" bw="512" slack="0"/>
<pin id="540" dir="0" index="1" bw="31" slack="0"/>
<pin id="541" dir="1" index="2" bw="512" slack="0"/>
</pin_list>
<bind>
<opcode="insertvalue(57) " fcode="insertvalue"/>
<opset="mrv_7/1 "/>
</bind>
</comp>

<comp id="544" class="1004" name="mrv_8_fu_544">
<pin_list>
<pin id="545" dir="0" index="0" bw="512" slack="0"/>
<pin id="546" dir="0" index="1" bw="31" slack="0"/>
<pin id="547" dir="1" index="2" bw="512" slack="0"/>
</pin_list>
<bind>
<opcode="insertvalue(57) " fcode="insertvalue"/>
<opset="mrv_8/1 "/>
</bind>
</comp>

<comp id="550" class="1004" name="mrv_9_fu_550">
<pin_list>
<pin id="551" dir="0" index="0" bw="512" slack="0"/>
<pin id="552" dir="0" index="1" bw="31" slack="0"/>
<pin id="553" dir="1" index="2" bw="512" slack="0"/>
</pin_list>
<bind>
<opcode="insertvalue(57) " fcode="insertvalue"/>
<opset="mrv_9/1 "/>
</bind>
</comp>

<comp id="556" class="1004" name="mrv_s_fu_556">
<pin_list>
<pin id="557" dir="0" index="0" bw="512" slack="0"/>
<pin id="558" dir="0" index="1" bw="31" slack="0"/>
<pin id="559" dir="1" index="2" bw="512" slack="0"/>
</pin_list>
<bind>
<opcode="insertvalue(57) " fcode="insertvalue"/>
<opset="mrv_s/1 "/>
</bind>
</comp>

<comp id="562" class="1004" name="mrv_10_fu_562">
<pin_list>
<pin id="563" dir="0" index="0" bw="512" slack="0"/>
<pin id="564" dir="0" index="1" bw="31" slack="0"/>
<pin id="565" dir="1" index="2" bw="512" slack="0"/>
</pin_list>
<bind>
<opcode="insertvalue(57) " fcode="insertvalue"/>
<opset="mrv_10/1 "/>
</bind>
</comp>

<comp id="568" class="1004" name="mrv_11_fu_568">
<pin_list>
<pin id="569" dir="0" index="0" bw="512" slack="0"/>
<pin id="570" dir="0" index="1" bw="31" slack="0"/>
<pin id="571" dir="1" index="2" bw="512" slack="0"/>
</pin_list>
<bind>
<opcode="insertvalue(57) " fcode="insertvalue"/>
<opset="mrv_11/1 "/>
</bind>
</comp>

<comp id="574" class="1004" name="mrv_12_fu_574">
<pin_list>
<pin id="575" dir="0" index="0" bw="512" slack="0"/>
<pin id="576" dir="0" index="1" bw="31" slack="0"/>
<pin id="577" dir="1" index="2" bw="512" slack="0"/>
</pin_list>
<bind>
<opcode="insertvalue(57) " fcode="insertvalue"/>
<opset="mrv_12/1 "/>
</bind>
</comp>

<comp id="580" class="1004" name="mrv_13_fu_580">
<pin_list>
<pin id="581" dir="0" index="0" bw="512" slack="0"/>
<pin id="582" dir="0" index="1" bw="31" slack="0"/>
<pin id="583" dir="1" index="2" bw="512" slack="0"/>
</pin_list>
<bind>
<opcode="insertvalue(57) " fcode="insertvalue"/>
<opset="mrv_13/1 "/>
</bind>
</comp>

<comp id="586" class="1004" name="mrv_14_fu_586">
<pin_list>
<pin id="587" dir="0" index="0" bw="512" slack="0"/>
<pin id="588" dir="0" index="1" bw="31" slack="0"/>
<pin id="589" dir="1" index="2" bw="512" slack="2147483647"/>
</pin_list>
<bind>
<opcode="insertvalue(57) " fcode="insertvalue"/>
<opset="mrv_14/1 "/>
</bind>
</comp>

</comp_list>

<net_list>
<net id="52"><net_src comp="32" pin="0"/><net_sink comp="48" pin=0"/></net>

<net id="53"><net_src comp="30" pin="0"/><net_sink comp="48" pin=1"/></net>

<net id="58"><net_src comp="32" pin="0"/><net_sink comp="54" pin=0"/></net>

<net id="59"><net_src comp="28" pin="0"/><net_sink comp="54" pin=1"/></net>

<net id="64"><net_src comp="32" pin="0"/><net_sink comp="60" pin=0"/></net>

<net id="65"><net_src comp="26" pin="0"/><net_sink comp="60" pin=1"/></net>

<net id="70"><net_src comp="32" pin="0"/><net_sink comp="66" pin=0"/></net>

<net id="71"><net_src comp="24" pin="0"/><net_sink comp="66" pin=1"/></net>

<net id="76"><net_src comp="32" pin="0"/><net_sink comp="72" pin=0"/></net>

<net id="77"><net_src comp="22" pin="0"/><net_sink comp="72" pin=1"/></net>

<net id="82"><net_src comp="32" pin="0"/><net_sink comp="78" pin=0"/></net>

<net id="83"><net_src comp="20" pin="0"/><net_sink comp="78" pin=1"/></net>

<net id="88"><net_src comp="32" pin="0"/><net_sink comp="84" pin=0"/></net>

<net id="89"><net_src comp="18" pin="0"/><net_sink comp="84" pin=1"/></net>

<net id="94"><net_src comp="32" pin="0"/><net_sink comp="90" pin=0"/></net>

<net id="95"><net_src comp="16" pin="0"/><net_sink comp="90" pin=1"/></net>

<net id="100"><net_src comp="32" pin="0"/><net_sink comp="96" pin=0"/></net>

<net id="101"><net_src comp="14" pin="0"/><net_sink comp="96" pin=1"/></net>

<net id="106"><net_src comp="32" pin="0"/><net_sink comp="102" pin=0"/></net>

<net id="107"><net_src comp="12" pin="0"/><net_sink comp="102" pin=1"/></net>

<net id="112"><net_src comp="32" pin="0"/><net_sink comp="108" pin=0"/></net>

<net id="113"><net_src comp="10" pin="0"/><net_sink comp="108" pin=1"/></net>

<net id="118"><net_src comp="32" pin="0"/><net_sink comp="114" pin=0"/></net>

<net id="119"><net_src comp="8" pin="0"/><net_sink comp="114" pin=1"/></net>

<net id="124"><net_src comp="32" pin="0"/><net_sink comp="120" pin=0"/></net>

<net id="125"><net_src comp="6" pin="0"/><net_sink comp="120" pin=1"/></net>

<net id="130"><net_src comp="32" pin="0"/><net_sink comp="126" pin=0"/></net>

<net id="131"><net_src comp="4" pin="0"/><net_sink comp="126" pin=1"/></net>

<net id="136"><net_src comp="32" pin="0"/><net_sink comp="132" pin=0"/></net>

<net id="137"><net_src comp="2" pin="0"/><net_sink comp="132" pin=1"/></net>

<net id="142"><net_src comp="32" pin="0"/><net_sink comp="138" pin=0"/></net>

<net id="143"><net_src comp="0" pin="0"/><net_sink comp="138" pin=1"/></net>

<net id="148"><net_src comp="138" pin="2"/><net_sink comp="144" pin=0"/></net>

<net id="149"><net_src comp="40" pin="0"/><net_sink comp="144" pin=1"/></net>

<net id="153"><net_src comp="138" pin="2"/><net_sink comp="150" pin=0"/></net>

<net id="159"><net_src comp="144" pin="2"/><net_sink comp="154" pin=0"/></net>

<net id="160"><net_src comp="150" pin="1"/><net_sink comp="154" pin=1"/></net>

<net id="161"><net_src comp="44" pin="0"/><net_sink comp="154" pin=2"/></net>

<net id="165"><net_src comp="154" pin="3"/><net_sink comp="162" pin=0"/></net>

<net id="170"><net_src comp="132" pin="2"/><net_sink comp="166" pin=0"/></net>

<net id="171"><net_src comp="40" pin="0"/><net_sink comp="166" pin=1"/></net>

<net id="175"><net_src comp="132" pin="2"/><net_sink comp="172" pin=0"/></net>

<net id="181"><net_src comp="166" pin="2"/><net_sink comp="176" pin=0"/></net>

<net id="182"><net_src comp="172" pin="1"/><net_sink comp="176" pin=1"/></net>

<net id="183"><net_src comp="44" pin="0"/><net_sink comp="176" pin=2"/></net>

<net id="187"><net_src comp="176" pin="3"/><net_sink comp="184" pin=0"/></net>

<net id="192"><net_src comp="126" pin="2"/><net_sink comp="188" pin=0"/></net>

<net id="193"><net_src comp="40" pin="0"/><net_sink comp="188" pin=1"/></net>

<net id="197"><net_src comp="126" pin="2"/><net_sink comp="194" pin=0"/></net>

<net id="203"><net_src comp="188" pin="2"/><net_sink comp="198" pin=0"/></net>

<net id="204"><net_src comp="194" pin="1"/><net_sink comp="198" pin=1"/></net>

<net id="205"><net_src comp="44" pin="0"/><net_sink comp="198" pin=2"/></net>

<net id="209"><net_src comp="198" pin="3"/><net_sink comp="206" pin=0"/></net>

<net id="214"><net_src comp="120" pin="2"/><net_sink comp="210" pin=0"/></net>

<net id="215"><net_src comp="40" pin="0"/><net_sink comp="210" pin=1"/></net>

<net id="219"><net_src comp="120" pin="2"/><net_sink comp="216" pin=0"/></net>

<net id="225"><net_src comp="210" pin="2"/><net_sink comp="220" pin=0"/></net>

<net id="226"><net_src comp="216" pin="1"/><net_sink comp="220" pin=1"/></net>

<net id="227"><net_src comp="44" pin="0"/><net_sink comp="220" pin=2"/></net>

<net id="231"><net_src comp="220" pin="3"/><net_sink comp="228" pin=0"/></net>

<net id="236"><net_src comp="114" pin="2"/><net_sink comp="232" pin=0"/></net>

<net id="237"><net_src comp="40" pin="0"/><net_sink comp="232" pin=1"/></net>

<net id="241"><net_src comp="114" pin="2"/><net_sink comp="238" pin=0"/></net>

<net id="247"><net_src comp="232" pin="2"/><net_sink comp="242" pin=0"/></net>

<net id="248"><net_src comp="238" pin="1"/><net_sink comp="242" pin=1"/></net>

<net id="249"><net_src comp="44" pin="0"/><net_sink comp="242" pin=2"/></net>

<net id="253"><net_src comp="242" pin="3"/><net_sink comp="250" pin=0"/></net>

<net id="258"><net_src comp="108" pin="2"/><net_sink comp="254" pin=0"/></net>

<net id="259"><net_src comp="40" pin="0"/><net_sink comp="254" pin=1"/></net>

<net id="263"><net_src comp="108" pin="2"/><net_sink comp="260" pin=0"/></net>

<net id="269"><net_src comp="254" pin="2"/><net_sink comp="264" pin=0"/></net>

<net id="270"><net_src comp="260" pin="1"/><net_sink comp="264" pin=1"/></net>

<net id="271"><net_src comp="44" pin="0"/><net_sink comp="264" pin=2"/></net>

<net id="275"><net_src comp="264" pin="3"/><net_sink comp="272" pin=0"/></net>

<net id="280"><net_src comp="102" pin="2"/><net_sink comp="276" pin=0"/></net>

<net id="281"><net_src comp="40" pin="0"/><net_sink comp="276" pin=1"/></net>

<net id="285"><net_src comp="102" pin="2"/><net_sink comp="282" pin=0"/></net>

<net id="291"><net_src comp="276" pin="2"/><net_sink comp="286" pin=0"/></net>

<net id="292"><net_src comp="282" pin="1"/><net_sink comp="286" pin=1"/></net>

<net id="293"><net_src comp="44" pin="0"/><net_sink comp="286" pin=2"/></net>

<net id="297"><net_src comp="286" pin="3"/><net_sink comp="294" pin=0"/></net>

<net id="302"><net_src comp="96" pin="2"/><net_sink comp="298" pin=0"/></net>

<net id="303"><net_src comp="40" pin="0"/><net_sink comp="298" pin=1"/></net>

<net id="307"><net_src comp="96" pin="2"/><net_sink comp="304" pin=0"/></net>

<net id="313"><net_src comp="298" pin="2"/><net_sink comp="308" pin=0"/></net>

<net id="314"><net_src comp="304" pin="1"/><net_sink comp="308" pin=1"/></net>

<net id="315"><net_src comp="44" pin="0"/><net_sink comp="308" pin=2"/></net>

<net id="319"><net_src comp="308" pin="3"/><net_sink comp="316" pin=0"/></net>

<net id="324"><net_src comp="90" pin="2"/><net_sink comp="320" pin=0"/></net>

<net id="325"><net_src comp="40" pin="0"/><net_sink comp="320" pin=1"/></net>

<net id="329"><net_src comp="90" pin="2"/><net_sink comp="326" pin=0"/></net>

<net id="335"><net_src comp="320" pin="2"/><net_sink comp="330" pin=0"/></net>

<net id="336"><net_src comp="326" pin="1"/><net_sink comp="330" pin=1"/></net>

<net id="337"><net_src comp="44" pin="0"/><net_sink comp="330" pin=2"/></net>

<net id="341"><net_src comp="330" pin="3"/><net_sink comp="338" pin=0"/></net>

<net id="346"><net_src comp="84" pin="2"/><net_sink comp="342" pin=0"/></net>

<net id="347"><net_src comp="40" pin="0"/><net_sink comp="342" pin=1"/></net>

<net id="351"><net_src comp="84" pin="2"/><net_sink comp="348" pin=0"/></net>

<net id="357"><net_src comp="342" pin="2"/><net_sink comp="352" pin=0"/></net>

<net id="358"><net_src comp="348" pin="1"/><net_sink comp="352" pin=1"/></net>

<net id="359"><net_src comp="44" pin="0"/><net_sink comp="352" pin=2"/></net>

<net id="363"><net_src comp="352" pin="3"/><net_sink comp="360" pin=0"/></net>

<net id="368"><net_src comp="78" pin="2"/><net_sink comp="364" pin=0"/></net>

<net id="369"><net_src comp="40" pin="0"/><net_sink comp="364" pin=1"/></net>

<net id="373"><net_src comp="78" pin="2"/><net_sink comp="370" pin=0"/></net>

<net id="379"><net_src comp="364" pin="2"/><net_sink comp="374" pin=0"/></net>

<net id="380"><net_src comp="370" pin="1"/><net_sink comp="374" pin=1"/></net>

<net id="381"><net_src comp="44" pin="0"/><net_sink comp="374" pin=2"/></net>

<net id="385"><net_src comp="374" pin="3"/><net_sink comp="382" pin=0"/></net>

<net id="390"><net_src comp="72" pin="2"/><net_sink comp="386" pin=0"/></net>

<net id="391"><net_src comp="40" pin="0"/><net_sink comp="386" pin=1"/></net>

<net id="395"><net_src comp="72" pin="2"/><net_sink comp="392" pin=0"/></net>

<net id="401"><net_src comp="386" pin="2"/><net_sink comp="396" pin=0"/></net>

<net id="402"><net_src comp="392" pin="1"/><net_sink comp="396" pin=1"/></net>

<net id="403"><net_src comp="44" pin="0"/><net_sink comp="396" pin=2"/></net>

<net id="407"><net_src comp="396" pin="3"/><net_sink comp="404" pin=0"/></net>

<net id="412"><net_src comp="66" pin="2"/><net_sink comp="408" pin=0"/></net>

<net id="413"><net_src comp="40" pin="0"/><net_sink comp="408" pin=1"/></net>

<net id="417"><net_src comp="66" pin="2"/><net_sink comp="414" pin=0"/></net>

<net id="423"><net_src comp="408" pin="2"/><net_sink comp="418" pin=0"/></net>

<net id="424"><net_src comp="414" pin="1"/><net_sink comp="418" pin=1"/></net>

<net id="425"><net_src comp="44" pin="0"/><net_sink comp="418" pin=2"/></net>

<net id="429"><net_src comp="418" pin="3"/><net_sink comp="426" pin=0"/></net>

<net id="434"><net_src comp="60" pin="2"/><net_sink comp="430" pin=0"/></net>

<net id="435"><net_src comp="40" pin="0"/><net_sink comp="430" pin=1"/></net>

<net id="439"><net_src comp="60" pin="2"/><net_sink comp="436" pin=0"/></net>

<net id="445"><net_src comp="430" pin="2"/><net_sink comp="440" pin=0"/></net>

<net id="446"><net_src comp="436" pin="1"/><net_sink comp="440" pin=1"/></net>

<net id="447"><net_src comp="44" pin="0"/><net_sink comp="440" pin=2"/></net>

<net id="451"><net_src comp="440" pin="3"/><net_sink comp="448" pin=0"/></net>

<net id="456"><net_src comp="54" pin="2"/><net_sink comp="452" pin=0"/></net>

<net id="457"><net_src comp="40" pin="0"/><net_sink comp="452" pin=1"/></net>

<net id="461"><net_src comp="54" pin="2"/><net_sink comp="458" pin=0"/></net>

<net id="467"><net_src comp="452" pin="2"/><net_sink comp="462" pin=0"/></net>

<net id="468"><net_src comp="458" pin="1"/><net_sink comp="462" pin=1"/></net>

<net id="469"><net_src comp="44" pin="0"/><net_sink comp="462" pin=2"/></net>

<net id="473"><net_src comp="462" pin="3"/><net_sink comp="470" pin=0"/></net>

<net id="478"><net_src comp="48" pin="2"/><net_sink comp="474" pin=0"/></net>

<net id="479"><net_src comp="40" pin="0"/><net_sink comp="474" pin=1"/></net>

<net id="483"><net_src comp="48" pin="2"/><net_sink comp="480" pin=0"/></net>

<net id="489"><net_src comp="474" pin="2"/><net_sink comp="484" pin=0"/></net>

<net id="490"><net_src comp="480" pin="1"/><net_sink comp="484" pin=1"/></net>

<net id="491"><net_src comp="44" pin="0"/><net_sink comp="484" pin=2"/></net>

<net id="495"><net_src comp="484" pin="3"/><net_sink comp="492" pin=0"/></net>

<net id="500"><net_src comp="46" pin="0"/><net_sink comp="496" pin=0"/></net>

<net id="501"><net_src comp="162" pin="1"/><net_sink comp="496" pin=1"/></net>

<net id="506"><net_src comp="496" pin="2"/><net_sink comp="502" pin=0"/></net>

<net id="507"><net_src comp="184" pin="1"/><net_sink comp="502" pin=1"/></net>

<net id="512"><net_src comp="502" pin="2"/><net_sink comp="508" pin=0"/></net>

<net id="513"><net_src comp="206" pin="1"/><net_sink comp="508" pin=1"/></net>

<net id="518"><net_src comp="508" pin="2"/><net_sink comp="514" pin=0"/></net>

<net id="519"><net_src comp="228" pin="1"/><net_sink comp="514" pin=1"/></net>

<net id="524"><net_src comp="514" pin="2"/><net_sink comp="520" pin=0"/></net>

<net id="525"><net_src comp="250" pin="1"/><net_sink comp="520" pin=1"/></net>

<net id="530"><net_src comp="520" pin="2"/><net_sink comp="526" pin=0"/></net>

<net id="531"><net_src comp="272" pin="1"/><net_sink comp="526" pin=1"/></net>

<net id="536"><net_src comp="526" pin="2"/><net_sink comp="532" pin=0"/></net>

<net id="537"><net_src comp="294" pin="1"/><net_sink comp="532" pin=1"/></net>

<net id="542"><net_src comp="532" pin="2"/><net_sink comp="538" pin=0"/></net>

<net id="543"><net_src comp="316" pin="1"/><net_sink comp="538" pin=1"/></net>

<net id="548"><net_src comp="538" pin="2"/><net_sink comp="544" pin=0"/></net>

<net id="549"><net_src comp="338" pin="1"/><net_sink comp="544" pin=1"/></net>

<net id="554"><net_src comp="544" pin="2"/><net_sink comp="550" pin=0"/></net>

<net id="555"><net_src comp="360" pin="1"/><net_sink comp="550" pin=1"/></net>

<net id="560"><net_src comp="550" pin="2"/><net_sink comp="556" pin=0"/></net>

<net id="561"><net_src comp="382" pin="1"/><net_sink comp="556" pin=1"/></net>

<net id="566"><net_src comp="556" pin="2"/><net_sink comp="562" pin=0"/></net>

<net id="567"><net_src comp="404" pin="1"/><net_sink comp="562" pin=1"/></net>

<net id="572"><net_src comp="562" pin="2"/><net_sink comp="568" pin=0"/></net>

<net id="573"><net_src comp="426" pin="1"/><net_sink comp="568" pin=1"/></net>

<net id="578"><net_src comp="568" pin="2"/><net_sink comp="574" pin=0"/></net>

<net id="579"><net_src comp="448" pin="1"/><net_sink comp="574" pin=1"/></net>

<net id="584"><net_src comp="574" pin="2"/><net_sink comp="580" pin=0"/></net>

<net id="585"><net_src comp="470" pin="1"/><net_sink comp="580" pin=1"/></net>

<net id="590"><net_src comp="580" pin="2"/><net_sink comp="586" pin=0"/></net>

<net id="591"><net_src comp="492" pin="1"/><net_sink comp="586" pin=1"/></net>

</net_list>

</model> 
---------------- Datapath Model END ------------------

* FSMD analyzer results:
  - Output states:
 - Input state : 
	Port: relu<ap_fixed<32, 16, 5, 3, 0>, ap_fixed<32, 16, 4, 0, 0>, relu_config7> : data_0_V_read | {1 }
	Port: relu<ap_fixed<32, 16, 5, 3, 0>, ap_fixed<32, 16, 4, 0, 0>, relu_config7> : data_1_V_read | {1 }
	Port: relu<ap_fixed<32, 16, 5, 3, 0>, ap_fixed<32, 16, 4, 0, 0>, relu_config7> : data_2_V_read | {1 }
	Port: relu<ap_fixed<32, 16, 5, 3, 0>, ap_fixed<32, 16, 4, 0, 0>, relu_config7> : data_3_V_read | {1 }
	Port: relu<ap_fixed<32, 16, 5, 3, 0>, ap_fixed<32, 16, 4, 0, 0>, relu_config7> : data_4_V_read | {1 }
	Port: relu<ap_fixed<32, 16, 5, 3, 0>, ap_fixed<32, 16, 4, 0, 0>, relu_config7> : data_5_V_read | {1 }
	Port: relu<ap_fixed<32, 16, 5, 3, 0>, ap_fixed<32, 16, 4, 0, 0>, relu_config7> : data_6_V_read | {1 }
	Port: relu<ap_fixed<32, 16, 5, 3, 0>, ap_fixed<32, 16, 4, 0, 0>, relu_config7> : data_7_V_read | {1 }
	Port: relu<ap_fixed<32, 16, 5, 3, 0>, ap_fixed<32, 16, 4, 0, 0>, relu_config7> : data_8_V_read | {1 }
	Port: relu<ap_fixed<32, 16, 5, 3, 0>, ap_fixed<32, 16, 4, 0, 0>, relu_config7> : data_9_V_read | {1 }
	Port: relu<ap_fixed<32, 16, 5, 3, 0>, ap_fixed<32, 16, 4, 0, 0>, relu_config7> : data_10_V_read | {1 }
	Port: relu<ap_fixed<32, 16, 5, 3, 0>, ap_fixed<32, 16, 4, 0, 0>, relu_config7> : data_11_V_read | {1 }
	Port: relu<ap_fixed<32, 16, 5, 3, 0>, ap_fixed<32, 16, 4, 0, 0>, relu_config7> : data_12_V_read | {1 }
	Port: relu<ap_fixed<32, 16, 5, 3, 0>, ap_fixed<32, 16, 4, 0, 0>, relu_config7> : data_13_V_read | {1 }
	Port: relu<ap_fixed<32, 16, 5, 3, 0>, ap_fixed<32, 16, 4, 0, 0>, relu_config7> : data_14_V_read | {1 }
	Port: relu<ap_fixed<32, 16, 5, 3, 0>, ap_fixed<32, 16, 4, 0, 0>, relu_config7> : data_15_V_read | {1 }
  - Chain level:
	State 1
		select_ln45 : 1
		zext_ln45 : 2
		select_ln45_1 : 1
		zext_ln45_1 : 2
		select_ln45_2 : 1
		zext_ln45_2 : 2
		select_ln45_3 : 1
		zext_ln45_3 : 2
		select_ln45_4 : 1
		zext_ln45_4 : 2
		select_ln45_5 : 1
		zext_ln45_5 : 2
		select_ln45_6 : 1
		zext_ln45_6 : 2
		select_ln45_7 : 1
		zext_ln45_7 : 2
		select_ln45_8 : 1
		zext_ln45_8 : 2
		select_ln45_9 : 1
		zext_ln45_9 : 2
		select_ln45_10 : 1
		zext_ln45_10 : 2
		select_ln45_11 : 1
		zext_ln45_11 : 2
		select_ln45_12 : 1
		zext_ln45_12 : 2
		select_ln45_13 : 1
		zext_ln45_13 : 2
		select_ln45_14 : 1
		zext_ln45_14 : 2
		select_ln45_15 : 1
		zext_ln45_15 : 2
		mrv : 3
		mrv_1 : 4
		mrv_2 : 5
		mrv_3 : 6
		mrv_4 : 7
		mrv_5 : 8
		mrv_6 : 9
		mrv_7 : 10
		mrv_8 : 11
		mrv_9 : 12
		mrv_s : 13
		mrv_10 : 14
		mrv_11 : 15
		mrv_12 : 16
		mrv_13 : 17
		mrv_14 : 18
		ret_ln50 : 19


============================================================
+ Verbose Summary: Datapath Resource usage 
============================================================

* Functional unit list:
|----------|-----------------------------|---------|---------|
| Operation|       Functional Unit       |    FF   |   LUT   |
|----------|-----------------------------|---------|---------|
|          |      select_ln45_fu_154     |    0    |    31   |
|          |     select_ln45_1_fu_176    |    0    |    31   |
|          |     select_ln45_2_fu_198    |    0    |    31   |
|          |     select_ln45_3_fu_220    |    0    |    31   |
|          |     select_ln45_4_fu_242    |    0    |    31   |
|          |     select_ln45_5_fu_264    |    0    |    31   |
|          |     select_ln45_6_fu_286    |    0    |    31   |
|  select  |     select_ln45_7_fu_308    |    0    |    31   |
|          |     select_ln45_8_fu_330    |    0    |    31   |
|          |     select_ln45_9_fu_352    |    0    |    31   |
|          |    select_ln45_10_fu_374    |    0    |    31   |
|          |    select_ln45_11_fu_396    |    0    |    31   |
|          |    select_ln45_12_fu_418    |    0    |    31   |
|          |    select_ln45_13_fu_440    |    0    |    31   |
|          |    select_ln45_14_fu_462    |    0    |    31   |
|          |    select_ln45_15_fu_484    |    0    |    31   |
|----------|-----------------------------|---------|---------|
|          |      icmp_ln1494_fu_144     |    0    |    20   |
|          |     icmp_ln1494_1_fu_166    |    0    |    20   |
|          |     icmp_ln1494_2_fu_188    |    0    |    20   |
|          |     icmp_ln1494_3_fu_210    |    0    |    20   |
|          |     icmp_ln1494_4_fu_232    |    0    |    20   |
|          |     icmp_ln1494_5_fu_254    |    0    |    20   |
|          |     icmp_ln1494_6_fu_276    |    0    |    20   |
|   icmp   |     icmp_ln1494_7_fu_298    |    0    |    20   |
|          |     icmp_ln1494_8_fu_320    |    0    |    20   |
|          |     icmp_ln1494_9_fu_342    |    0    |    20   |
|          |    icmp_ln1494_10_fu_364    |    0    |    20   |
|          |    icmp_ln1494_11_fu_386    |    0    |    20   |
|          |    icmp_ln1494_12_fu_408    |    0    |    20   |
|          |    icmp_ln1494_13_fu_430    |    0    |    20   |
|          |    icmp_ln1494_14_fu_452    |    0    |    20   |
|          |    icmp_ln1494_15_fu_474    |    0    |    20   |
|----------|-----------------------------|---------|---------|
|          | data_15_V_read_1_read_fu_48 |    0    |    0    |
|          | data_14_V_read_1_read_fu_54 |    0    |    0    |
|          | data_13_V_read_1_read_fu_60 |    0    |    0    |
|          | data_12_V_read_1_read_fu_66 |    0    |    0    |
|          | data_11_V_read_1_read_fu_72 |    0    |    0    |
|          | data_10_V_read_1_read_fu_78 |    0    |    0    |
|          |  data_9_V_read_1_read_fu_84 |    0    |    0    |
|   read   |  data_8_V_read_1_read_fu_90 |    0    |    0    |
|          |  data_7_V_read_1_read_fu_96 |    0    |    0    |
|          | data_6_V_read_1_read_fu_102 |    0    |    0    |
|          | data_5_V_read_1_read_fu_108 |    0    |    0    |
|          | data_4_V_read_1_read_fu_114 |    0    |    0    |
|          | data_3_V_read_1_read_fu_120 |    0    |    0    |
|          | data_2_V_read_1_read_fu_126 |    0    |    0    |
|          | data_1_V_read_1_read_fu_132 |    0    |    0    |
|          | data_0_V_read_1_read_fu_138 |    0    |    0    |
|----------|-----------------------------|---------|---------|
|          |      trunc_ln45_fu_150      |    0    |    0    |
|          |     trunc_ln45_1_fu_172     |    0    |    0    |
|          |     trunc_ln45_2_fu_194     |    0    |    0    |
|          |     trunc_ln45_3_fu_216     |    0    |    0    |
|          |     trunc_ln45_4_fu_238     |    0    |    0    |
|          |     trunc_ln45_5_fu_260     |    0    |    0    |
|          |     trunc_ln45_6_fu_282     |    0    |    0    |
|   trunc  |     trunc_ln45_7_fu_304     |    0    |    0    |
|          |     trunc_ln45_8_fu_326     |    0    |    0    |
|          |     trunc_ln45_9_fu_348     |    0    |    0    |
|          |     trunc_ln45_10_fu_370    |    0    |    0    |
|          |     trunc_ln45_11_fu_392    |    0    |    0    |
|          |     trunc_ln45_12_fu_414    |    0    |    0    |
|          |     trunc_ln45_13_fu_436    |    0    |    0    |
|          |     trunc_ln45_14_fu_458    |    0    |    0    |
|          |     trunc_ln45_15_fu_480    |    0    |    0    |
|----------|-----------------------------|---------|---------|
|          |       zext_ln45_fu_162      |    0    |    0    |
|          |      zext_ln45_1_fu_184     |    0    |    0    |
|          |      zext_ln45_2_fu_206     |    0    |    0    |
|          |      zext_ln45_3_fu_228     |    0    |    0    |
|          |      zext_ln45_4_fu_250     |    0    |    0    |
|          |      zext_ln45_5_fu_272     |    0    |    0    |
|          |      zext_ln45_6_fu_294     |    0    |    0    |
|   zext   |      zext_ln45_7_fu_316     |    0    |    0    |
|          |      zext_ln45_8_fu_338     |    0    |    0    |
|          |      zext_ln45_9_fu_360     |    0    |    0    |
|          |     zext_ln45_10_fu_382     |    0    |    0    |
|          |     zext_ln45_11_fu_404     |    0    |    0    |
|          |     zext_ln45_12_fu_426     |    0    |    0    |
|          |     zext_ln45_13_fu_448     |    0    |    0    |
|          |     zext_ln45_14_fu_470     |    0    |    0    |
|          |     zext_ln45_15_fu_492     |    0    |    0    |
|----------|-----------------------------|---------|---------|
|          |          mrv_fu_496         |    0    |    0    |
|          |         mrv_1_fu_502        |    0    |    0    |
|          |         mrv_2_fu_508        |    0    |    0    |
|          |         mrv_3_fu_514        |    0    |    0    |
|          |         mrv_4_fu_520        |    0    |    0    |
|          |         mrv_5_fu_526        |    0    |    0    |
|          |         mrv_6_fu_532        |    0    |    0    |
|insertvalue|         mrv_7_fu_538        |    0    |    0    |
|          |         mrv_8_fu_544        |    0    |    0    |
|          |         mrv_9_fu_550        |    0    |    0    |
|          |         mrv_s_fu_556        |    0    |    0    |
|          |        mrv_10_fu_562        |    0    |    0    |
|          |        mrv_11_fu_568        |    0    |    0    |
|          |        mrv_12_fu_574        |    0    |    0    |
|          |        mrv_13_fu_580        |    0    |    0    |
|          |        mrv_14_fu_586        |    0    |    0    |
|----------|-----------------------------|---------|---------|
|   Total  |                             |    0    |   816   |
|----------|-----------------------------|---------|---------|

Memories:
N/A

* Register list:
N/A

* Multiplexer (MUX) list: 
|--------|------|------|------|--------|
|  Comp  |  Pin | Size |  BW  | S x BW |
|--------|------|------|------|--------|
|  Total |      |      |      |    0   |
|--------|------|------|------|--------|



* Summary:
+-----------+--------+--------+
|           |   FF   |   LUT  |
+-----------+--------+--------+
|  Function |    0   |   816  |
|   Memory  |    -   |    -   |
|Multiplexer|    -   |    -   |
|  Register |    -   |    -   |
+-----------+--------+--------+
|   Total   |    0   |   816  |
+-----------+--------+--------+
