

================================================================
== Vivado HLS Report for 'relu_ap_fixed_32_16_5_3_0_ap_fixed_32_16_4_0_0_relu_config7_s'
================================================================
* Date:           Tue Sep 17 10:42:42 2024

* Version:        2019.2 (Build 2704478 on Wed Nov 06 22:10:23 MST 2019)
* Project:        myproject_prj
* Solution:       solution1
* Product family: virtexuplus
* Target device:  xcvu9p-flga2104-2-e


================================================================
== Performance Estimates
================================================================
+ Timing: 
    * Summary: 
    +--------+----------+----------+------------+
    |  Clock |  Target  | Estimated| Uncertainty|
    +--------+----------+----------+------------+
    |ap_clk  | 25.00 ns | 1.110 ns |   6.75 ns  |
    +--------+----------+----------+------------+

+ Latency: 
    * Summary: 
    +---------+---------+----------+----------+-----+-----+----------+
    |  Latency (cycles) |  Latency (absolute) |  Interval | Pipeline |
    |   min   |   max   |    min   |    max   | min | max |   Type   |
    +---------+---------+----------+----------+-----+-----+----------+
    |        0|        0|   0 ns   |   0 ns   |    1|    1| function |
    +---------+---------+----------+----------+-----+-----+----------+

    + Detail: 
        * Instance: 
        N/A

        * Loop: 
        N/A

============================================================
+ Verbose Summary: Synthesis Manager
============================================================
InlineROM: 1
ExposeGlobal: 0
============================================================
+ Verbose Summary: CDFG Model
============================================================
IsTopModel: 0
ResetActiveHigh: 1
IsCombinational: 0
IsDatapathOnly: 0
HasWiredReturn: 1
HasMFsm: 2
HasVarLatency: 0
IsPipeline: 1
IsRtlPipelined: 0
IsInstanceOverlapped: 0
IsDontTouch: 0
HasImplIP: 0
IsGatedGlobalClock: 0

+ Individual pipeline summary: 
  * Pipeline-0: initiation interval (II) = 1, depth = 1


============================================================
+ Verbose Summary: Schedule
============================================================
* Number of FSM states : 1
* Pipeline : 1
  Pipeline-0 : II = 1, D = 1, States = { 1 }
* Dataflow Pipeline: 0

* FSM state transitions: 
1 --> 

* FSM state operations: 

State 1 <SV = 0> <Delay = 1.11>
ST_1 : Operation 2 [1/1] (0.00ns)   --->   "%data_15_V_read_1 = call i32 @_ssdm_op_Read.ap_auto.i32(i32 %data_15_V_read)" [firmware/nnet_utils/nnet_activation.h:39]   --->   Operation 2 'read' 'data_15_V_read_1' <Predicate = true> <Delay = 0.00>
ST_1 : Operation 3 [1/1] (0.00ns)   --->   "%data_14_V_read_1 = call i32 @_ssdm_op_Read.ap_auto.i32(i32 %data_14_V_read)" [firmware/nnet_utils/nnet_activation.h:39]   --->   Operation 3 'read' 'data_14_V_read_1' <Predicate = true> <Delay = 0.00>
ST_1 : Operation 4 [1/1] (0.00ns)   --->   "%data_13_V_read_1 = call i32 @_ssdm_op_Read.ap_auto.i32(i32 %data_13_V_read)" [firmware/nnet_utils/nnet_activation.h:39]   --->   Operation 4 'read' 'data_13_V_read_1' <Predicate = true> <Delay = 0.00>
ST_1 : Operation 5 [1/1] (0.00ns)   --->   "%data_12_V_read_1 = call i32 @_ssdm_op_Read.ap_auto.i32(i32 %data_12_V_read)" [firmware/nnet_utils/nnet_activation.h:39]   --->   Operation 5 'read' 'data_12_V_read_1' <Predicate = true> <Delay = 0.00>
ST_1 : Operation 6 [1/1] (0.00ns)   --->   "%data_11_V_read_1 = call i32 @_ssdm_op_Read.ap_auto.i32(i32 %data_11_V_read)" [firmware/nnet_utils/nnet_activation.h:39]   --->   Operation 6 'read' 'data_11_V_read_1' <Predicate = true> <Delay = 0.00>
ST_1 : Operation 7 [1/1] (0.00ns)   --->   "%data_10_V_read_1 = call i32 @_ssdm_op_Read.ap_auto.i32(i32 %data_10_V_read)" [firmware/nnet_utils/nnet_activation.h:39]   --->   Operation 7 'read' 'data_10_V_read_1' <Predicate = true> <Delay = 0.00>
ST_1 : Operation 8 [1/1] (0.00ns)   --->   "%data_9_V_read_1 = call i32 @_ssdm_op_Read.ap_auto.i32(i32 %data_9_V_read)" [firmware/nnet_utils/nnet_activation.h:39]   --->   Operation 8 'read' 'data_9_V_read_1' <Predicate = true> <Delay = 0.00>
ST_1 : Operation 9 [1/1] (0.00ns)   --->   "%data_8_V_read_1 = call i32 @_ssdm_op_Read.ap_auto.i32(i32 %data_8_V_read)" [firmware/nnet_utils/nnet_activation.h:39]   --->   Operation 9 'read' 'data_8_V_read_1' <Predicate = true> <Delay = 0.00>
ST_1 : Operation 10 [1/1] (0.00ns)   --->   "%data_7_V_read_1 = call i32 @_ssdm_op_Read.ap_auto.i32(i32 %data_7_V_read)" [firmware/nnet_utils/nnet_activation.h:39]   --->   Operation 10 'read' 'data_7_V_read_1' <Predicate = true> <Delay = 0.00>
ST_1 : Operation 11 [1/1] (0.00ns)   --->   "%data_6_V_read_1 = call i32 @_ssdm_op_Read.ap_auto.i32(i32 %data_6_V_read)" [firmware/nnet_utils/nnet_activation.h:39]   --->   Operation 11 'read' 'data_6_V_read_1' <Predicate = true> <Delay = 0.00>
ST_1 : Operation 12 [1/1] (0.00ns)   --->   "%data_5_V_read_1 = call i32 @_ssdm_op_Read.ap_auto.i32(i32 %data_5_V_read)" [firmware/nnet_utils/nnet_activation.h:39]   --->   Operation 12 'read' 'data_5_V_read_1' <Predicate = true> <Delay = 0.00>
ST_1 : Operation 13 [1/1] (0.00ns)   --->   "%data_4_V_read_1 = call i32 @_ssdm_op_Read.ap_auto.i32(i32 %data_4_V_read)" [firmware/nnet_utils/nnet_activation.h:39]   --->   Operation 13 'read' 'data_4_V_read_1' <Predicate = true> <Delay = 0.00>
ST_1 : Operation 14 [1/1] (0.00ns)   --->   "%data_3_V_read_1 = call i32 @_ssdm_op_Read.ap_auto.i32(i32 %data_3_V_read)" [firmware/nnet_utils/nnet_activation.h:39]   --->   Operation 14 'read' 'data_3_V_read_1' <Predicate = true> <Delay = 0.00>
ST_1 : Operation 15 [1/1] (0.00ns)   --->   "%data_2_V_read_1 = call i32 @_ssdm_op_Read.ap_auto.i32(i32 %data_2_V_read)" [firmware/nnet_utils/nnet_activation.h:39]   --->   Operation 15 'read' 'data_2_V_read_1' <Predicate = true> <Delay = 0.00>
ST_1 : Operation 16 [1/1] (0.00ns)   --->   "%data_1_V_read_1 = call i32 @_ssdm_op_Read.ap_auto.i32(i32 %data_1_V_read)" [firmware/nnet_utils/nnet_activation.h:39]   --->   Operation 16 'read' 'data_1_V_read_1' <Predicate = true> <Delay = 0.00>
ST_1 : Operation 17 [1/1] (0.00ns)   --->   "%data_0_V_read_1 = call i32 @_ssdm_op_Read.ap_auto.i32(i32 %data_0_V_read)" [firmware/nnet_utils/nnet_activation.h:39]   --->   Operation 17 'read' 'data_0_V_read_1' <Predicate = true> <Delay = 0.00>
ST_1 : Operation 18 [1/1] (0.00ns)   --->   "call void (...)* @_ssdm_op_SpecPipeline(i32 -1, i32 1, i32 1, i32 0, [1 x i8]* @p_str7) nounwind" [firmware/nnet_utils/nnet_activation.h:40]   --->   Operation 18 'specpipeline' <Predicate = true> <Delay = 0.00>
ST_1 : Operation 19 [1/1] (0.85ns)   --->   "%icmp_ln1494 = icmp sgt i32 %data_0_V_read_1, 0" [firmware/nnet_utils/nnet_activation.h:45]   --->   Operation 19 'icmp' 'icmp_ln1494' <Predicate = true> <Delay = 0.85> <Core = "Cmp">   --->   Core 25 'Cmp' <Latency = 0> <II = 1> <Delay = 0.85> <FuncUnit> <Opcode : 'icmp'> <InPorts = 2> <OutPorts = 1>
ST_1 : Operation 20 [1/1] (0.00ns)   --->   "%trunc_ln45 = trunc i32 %data_0_V_read_1 to i31" [firmware/nnet_utils/nnet_activation.h:45]   --->   Operation 20 'trunc' 'trunc_ln45' <Predicate = (icmp_ln1494)> <Delay = 0.00>
ST_1 : Operation 21 [1/1] (0.25ns)   --->   "%select_ln45 = select i1 %icmp_ln1494, i31 %trunc_ln45, i31 0" [firmware/nnet_utils/nnet_activation.h:45]   --->   Operation 21 'select' 'select_ln45' <Predicate = true> <Delay = 0.25> <Core = "Sel">   --->   Core 26 'Sel' <Latency = 0> <II = 1> <Delay = 0.25> <FuncUnit> <Opcode : 'select'> <InPorts = 3> <OutPorts = 1>
ST_1 : Operation 22 [1/1] (0.00ns)   --->   "%zext_ln45 = zext i31 %select_ln45 to i32" [firmware/nnet_utils/nnet_activation.h:45]   --->   Operation 22 'zext' 'zext_ln45' <Predicate = true> <Delay = 0.00>
ST_1 : Operation 23 [1/1] (0.85ns)   --->   "%icmp_ln1494_1 = icmp sgt i32 %data_1_V_read_1, 0" [firmware/nnet_utils/nnet_activation.h:45]   --->   Operation 23 'icmp' 'icmp_ln1494_1' <Predicate = true> <Delay = 0.85> <Core = "Cmp">   --->   Core 25 'Cmp' <Latency = 0> <II = 1> <Delay = 0.85> <FuncUnit> <Opcode : 'icmp'> <InPorts = 2> <OutPorts = 1>
ST_1 : Operation 24 [1/1] (0.00ns)   --->   "%trunc_ln45_1 = trunc i32 %data_1_V_read_1 to i31" [firmware/nnet_utils/nnet_activation.h:45]   --->   Operation 24 'trunc' 'trunc_ln45_1' <Predicate = (icmp_ln1494_1)> <Delay = 0.00>
ST_1 : Operation 25 [1/1] (0.25ns)   --->   "%select_ln45_1 = select i1 %icmp_ln1494_1, i31 %trunc_ln45_1, i31 0" [firmware/nnet_utils/nnet_activation.h:45]   --->   Operation 25 'select' 'select_ln45_1' <Predicate = true> <Delay = 0.25> <Core = "Sel">   --->   Core 26 'Sel' <Latency = 0> <II = 1> <Delay = 0.25> <FuncUnit> <Opcode : 'select'> <InPorts = 3> <OutPorts = 1>
ST_1 : Operation 26 [1/1] (0.00ns)   --->   "%zext_ln45_1 = zext i31 %select_ln45_1 to i32" [firmware/nnet_utils/nnet_activation.h:45]   --->   Operation 26 'zext' 'zext_ln45_1' <Predicate = true> <Delay = 0.00>
ST_1 : Operation 27 [1/1] (0.85ns)   --->   "%icmp_ln1494_2 = icmp sgt i32 %data_2_V_read_1, 0" [firmware/nnet_utils/nnet_activation.h:45]   --->   Operation 27 'icmp' 'icmp_ln1494_2' <Predicate = true> <Delay = 0.85> <Core = "Cmp">   --->   Core 25 'Cmp' <Latency = 0> <II = 1> <Delay = 0.85> <FuncUnit> <Opcode : 'icmp'> <InPorts = 2> <OutPorts = 1>
ST_1 : Operation 28 [1/1] (0.00ns)   --->   "%trunc_ln45_2 = trunc i32 %data_2_V_read_1 to i31" [firmware/nnet_utils/nnet_activation.h:45]   --->   Operation 28 'trunc' 'trunc_ln45_2' <Predicate = (icmp_ln1494_2)> <Delay = 0.00>
ST_1 : Operation 29 [1/1] (0.25ns)   --->   "%select_ln45_2 = select i1 %icmp_ln1494_2, i31 %trunc_ln45_2, i31 0" [firmware/nnet_utils/nnet_activation.h:45]   --->   Operation 29 'select' 'select_ln45_2' <Predicate = true> <Delay = 0.25> <Core = "Sel">   --->   Core 26 'Sel' <Latency = 0> <II = 1> <Delay = 0.25> <FuncUnit> <Opcode : 'select'> <InPorts = 3> <OutPorts = 1>
ST_1 : Operation 30 [1/1] (0.00ns)   --->   "%zext_ln45_2 = zext i31 %select_ln45_2 to i32" [firmware/nnet_utils/nnet_activation.h:45]   --->   Operation 30 'zext' 'zext_ln45_2' <Predicate = true> <Delay = 0.00>
ST_1 : Operation 31 [1/1] (0.85ns)   --->   "%icmp_ln1494_3 = icmp sgt i32 %data_3_V_read_1, 0" [firmware/nnet_utils/nnet_activation.h:45]   --->   Operation 31 'icmp' 'icmp_ln1494_3' <Predicate = true> <Delay = 0.85> <Core = "Cmp">   --->   Core 25 'Cmp' <Latency = 0> <II = 1> <Delay = 0.85> <FuncUnit> <Opcode : 'icmp'> <InPorts = 2> <OutPorts = 1>
ST_1 : Operation 32 [1/1] (0.00ns)   --->   "%trunc_ln45_3 = trunc i32 %data_3_V_read_1 to i31" [firmware/nnet_utils/nnet_activation.h:45]   --->   Operation 32 'trunc' 'trunc_ln45_3' <Predicate = (icmp_ln1494_3)> <Delay = 0.00>
ST_1 : Operation 33 [1/1] (0.25ns)   --->   "%select_ln45_3 = select i1 %icmp_ln1494_3, i31 %trunc_ln45_3, i31 0" [firmware/nnet_utils/nnet_activation.h:45]   --->   Operation 33 'select' 'select_ln45_3' <Predicate = true> <Delay = 0.25> <Core = "Sel">   --->   Core 26 'Sel' <Latency = 0> <II = 1> <Delay = 0.25> <FuncUnit> <Opcode : 'select'> <InPorts = 3> <OutPorts = 1>
ST_1 : Operation 34 [1/1] (0.00ns)   --->   "%zext_ln45_3 = zext i31 %select_ln45_3 to i32" [firmware/nnet_utils/nnet_activation.h:45]   --->   Operation 34 'zext' 'zext_ln45_3' <Predicate = true> <Delay = 0.00>
ST_1 : Operation 35 [1/1] (0.85ns)   --->   "%icmp_ln1494_4 = icmp sgt i32 %data_4_V_read_1, 0" [firmware/nnet_utils/nnet_activation.h:45]   --->   Operation 35 'icmp' 'icmp_ln1494_4' <Predicate = true> <Delay = 0.85> <Core = "Cmp">   --->   Core 25 'Cmp' <Latency = 0> <II = 1> <Delay = 0.85> <FuncUnit> <Opcode : 'icmp'> <InPorts = 2> <OutPorts = 1>
ST_1 : Operation 36 [1/1] (0.00ns)   --->   "%trunc_ln45_4 = trunc i32 %data_4_V_read_1 to i31" [firmware/nnet_utils/nnet_activation.h:45]   --->   Operation 36 'trunc' 'trunc_ln45_4' <Predicate = (icmp_ln1494_4)> <Delay = 0.00>
ST_1 : Operation 37 [1/1] (0.25ns)   --->   "%select_ln45_4 = select i1 %icmp_ln1494_4, i31 %trunc_ln45_4, i31 0" [firmware/nnet_utils/nnet_activation.h:45]   --->   Operation 37 'select' 'select_ln45_4' <Predicate = true> <Delay = 0.25> <Core = "Sel">   --->   Core 26 'Sel' <Latency = 0> <II = 1> <Delay = 0.25> <FuncUnit> <Opcode : 'select'> <InPorts = 3> <OutPorts = 1>
ST_1 : Operation 38 [1/1] (0.00ns)   --->   "%zext_ln45_4 = zext i31 %select_ln45_4 to i32" [firmware/nnet_utils/nnet_activation.h:45]   --->   Operation 38 'zext' 'zext_ln45_4' <Predicate = true> <Delay = 0.00>
ST_1 : Operation 39 [1/1] (0.85ns)   --->   "%icmp_ln1494_5 = icmp sgt i32 %data_5_V_read_1, 0" [firmware/nnet_utils/nnet_activation.h:45]   --->   Operation 39 'icmp' 'icmp_ln1494_5' <Predicate = true> <Delay = 0.85> <Core = "Cmp">   --->   Core 25 'Cmp' <Latency = 0> <II = 1> <Delay = 0.85> <FuncUnit> <Opcode : 'icmp'> <InPorts = 2> <OutPorts = 1>
ST_1 : Operation 40 [1/1] (0.00ns)   --->   "%trunc_ln45_5 = trunc i32 %data_5_V_read_1 to i31" [firmware/nnet_utils/nnet_activation.h:45]   --->   Operation 40 'trunc' 'trunc_ln45_5' <Predicate = (icmp_ln1494_5)> <Delay = 0.00>
ST_1 : Operation 41 [1/1] (0.25ns)   --->   "%select_ln45_5 = select i1 %icmp_ln1494_5, i31 %trunc_ln45_5, i31 0" [firmware/nnet_utils/nnet_activation.h:45]   --->   Operation 41 'select' 'select_ln45_5' <Predicate = true> <Delay = 0.25> <Core = "Sel">   --->   Core 26 'Sel' <Latency = 0> <II = 1> <Delay = 0.25> <FuncUnit> <Opcode : 'select'> <InPorts = 3> <OutPorts = 1>
ST_1 : Operation 42 [1/1] (0.00ns)   --->   "%zext_ln45_5 = zext i31 %select_ln45_5 to i32" [firmware/nnet_utils/nnet_activation.h:45]   --->   Operation 42 'zext' 'zext_ln45_5' <Predicate = true> <Delay = 0.00>
ST_1 : Operation 43 [1/1] (0.85ns)   --->   "%icmp_ln1494_6 = icmp sgt i32 %data_6_V_read_1, 0" [firmware/nnet_utils/nnet_activation.h:45]   --->   Operation 43 'icmp' 'icmp_ln1494_6' <Predicate = true> <Delay = 0.85> <Core = "Cmp">   --->   Core 25 'Cmp' <Latency = 0> <II = 1> <Delay = 0.85> <FuncUnit> <Opcode : 'icmp'> <InPorts = 2> <OutPorts = 1>
ST_1 : Operation 44 [1/1] (0.00ns)   --->   "%trunc_ln45_6 = trunc i32 %data_6_V_read_1 to i31" [firmware/nnet_utils/nnet_activation.h:45]   --->   Operation 44 'trunc' 'trunc_ln45_6' <Predicate = (icmp_ln1494_6)> <Delay = 0.00>
ST_1 : Operation 45 [1/1] (0.25ns)   --->   "%select_ln45_6 = select i1 %icmp_ln1494_6, i31 %trunc_ln45_6, i31 0" [firmware/nnet_utils/nnet_activation.h:45]   --->   Operation 45 'select' 'select_ln45_6' <Predicate = true> <Delay = 0.25> <Core = "Sel">   --->   Core 26 'Sel' <Latency = 0> <II = 1> <Delay = 0.25> <FuncUnit> <Opcode : 'select'> <InPorts = 3> <OutPorts = 1>
ST_1 : Operation 46 [1/1] (0.00ns)   --->   "%zext_ln45_6 = zext i31 %select_ln45_6 to i32" [firmware/nnet_utils/nnet_activation.h:45]   --->   Operation 46 'zext' 'zext_ln45_6' <Predicate = true> <Delay = 0.00>
ST_1 : Operation 47 [1/1] (0.85ns)   --->   "%icmp_ln1494_7 = icmp sgt i32 %data_7_V_read_1, 0" [firmware/nnet_utils/nnet_activation.h:45]   --->   Operation 47 'icmp' 'icmp_ln1494_7' <Predicate = true> <Delay = 0.85> <Core = "Cmp">   --->   Core 25 'Cmp' <Latency = 0> <II = 1> <Delay = 0.85> <FuncUnit> <Opcode : 'icmp'> <InPorts = 2> <OutPorts = 1>
ST_1 : Operation 48 [1/1] (0.00ns)   --->   "%trunc_ln45_7 = trunc i32 %data_7_V_read_1 to i31" [firmware/nnet_utils/nnet_activation.h:45]   --->   Operation 48 'trunc' 'trunc_ln45_7' <Predicate = (icmp_ln1494_7)> <Delay = 0.00>
ST_1 : Operation 49 [1/1] (0.25ns)   --->   "%select_ln45_7 = select i1 %icmp_ln1494_7, i31 %trunc_ln45_7, i31 0" [firmware/nnet_utils/nnet_activation.h:45]   --->   Operation 49 'select' 'select_ln45_7' <Predicate = true> <Delay = 0.25> <Core = "Sel">   --->   Core 26 'Sel' <Latency = 0> <II = 1> <Delay = 0.25> <FuncUnit> <Opcode : 'select'> <InPorts = 3> <OutPorts = 1>
ST_1 : Operation 50 [1/1] (0.00ns)   --->   "%zext_ln45_7 = zext i31 %select_ln45_7 to i32" [firmware/nnet_utils/nnet_activation.h:45]   --->   Operation 50 'zext' 'zext_ln45_7' <Predicate = true> <Delay = 0.00>
ST_1 : Operation 51 [1/1] (0.85ns)   --->   "%icmp_ln1494_8 = icmp sgt i32 %data_8_V_read_1, 0" [firmware/nnet_utils/nnet_activation.h:45]   --->   Operation 51 'icmp' 'icmp_ln1494_8' <Predicate = true> <Delay = 0.85> <Core = "Cmp">   --->   Core 25 'Cmp' <Latency = 0> <II = 1> <Delay = 0.85> <FuncUnit> <Opcode : 'icmp'> <InPorts = 2> <OutPorts = 1>
ST_1 : Operation 52 [1/1] (0.00ns)   --->   "%trunc_ln45_8 = trunc i32 %data_8_V_read_1 to i31" [firmware/nnet_utils/nnet_activation.h:45]   --->   Operation 52 'trunc' 'trunc_ln45_8' <Predicate = (icmp_ln1494_8)> <Delay = 0.00>
ST_1 : Operation 53 [1/1] (0.25ns)   --->   "%select_ln45_8 = select i1 %icmp_ln1494_8, i31 %trunc_ln45_8, i31 0" [firmware/nnet_utils/nnet_activation.h:45]   --->   Operation 53 'select' 'select_ln45_8' <Predicate = true> <Delay = 0.25> <Core = "Sel">   --->   Core 26 'Sel' <Latency = 0> <II = 1> <Delay = 0.25> <FuncUnit> <Opcode : 'select'> <InPorts = 3> <OutPorts = 1>
ST_1 : Operation 54 [1/1] (0.00ns)   --->   "%zext_ln45_8 = zext i31 %select_ln45_8 to i32" [firmware/nnet_utils/nnet_activation.h:45]   --->   Operation 54 'zext' 'zext_ln45_8' <Predicate = true> <Delay = 0.00>
ST_1 : Operation 55 [1/1] (0.85ns)   --->   "%icmp_ln1494_9 = icmp sgt i32 %data_9_V_read_1, 0" [firmware/nnet_utils/nnet_activation.h:45]   --->   Operation 55 'icmp' 'icmp_ln1494_9' <Predicate = true> <Delay = 0.85> <Core = "Cmp">   --->   Core 25 'Cmp' <Latency = 0> <II = 1> <Delay = 0.85> <FuncUnit> <Opcode : 'icmp'> <InPorts = 2> <OutPorts = 1>
ST_1 : Operation 56 [1/1] (0.00ns)   --->   "%trunc_ln45_9 = trunc i32 %data_9_V_read_1 to i31" [firmware/nnet_utils/nnet_activation.h:45]   --->   Operation 56 'trunc' 'trunc_ln45_9' <Predicate = (icmp_ln1494_9)> <Delay = 0.00>
ST_1 : Operation 57 [1/1] (0.25ns)   --->   "%select_ln45_9 = select i1 %icmp_ln1494_9, i31 %trunc_ln45_9, i31 0" [firmware/nnet_utils/nnet_activation.h:45]   --->   Operation 57 'select' 'select_ln45_9' <Predicate = true> <Delay = 0.25> <Core = "Sel">   --->   Core 26 'Sel' <Latency = 0> <II = 1> <Delay = 0.25> <FuncUnit> <Opcode : 'select'> <InPorts = 3> <OutPorts = 1>
ST_1 : Operation 58 [1/1] (0.00ns)   --->   "%zext_ln45_9 = zext i31 %select_ln45_9 to i32" [firmware/nnet_utils/nnet_activation.h:45]   --->   Operation 58 'zext' 'zext_ln45_9' <Predicate = true> <Delay = 0.00>
ST_1 : Operation 59 [1/1] (0.85ns)   --->   "%icmp_ln1494_10 = icmp sgt i32 %data_10_V_read_1, 0" [firmware/nnet_utils/nnet_activation.h:45]   --->   Operation 59 'icmp' 'icmp_ln1494_10' <Predicate = true> <Delay = 0.85> <Core = "Cmp">   --->   Core 25 'Cmp' <Latency = 0> <II = 1> <Delay = 0.85> <FuncUnit> <Opcode : 'icmp'> <InPorts = 2> <OutPorts = 1>
ST_1 : Operation 60 [1/1] (0.00ns)   --->   "%trunc_ln45_10 = trunc i32 %data_10_V_read_1 to i31" [firmware/nnet_utils/nnet_activation.h:45]   --->   Operation 60 'trunc' 'trunc_ln45_10' <Predicate = (icmp_ln1494_10)> <Delay = 0.00>
ST_1 : Operation 61 [1/1] (0.25ns)   --->   "%select_ln45_10 = select i1 %icmp_ln1494_10, i31 %trunc_ln45_10, i31 0" [firmware/nnet_utils/nnet_activation.h:45]   --->   Operation 61 'select' 'select_ln45_10' <Predicate = true> <Delay = 0.25> <Core = "Sel">   --->   Core 26 'Sel' <Latency = 0> <II = 1> <Delay = 0.25> <FuncUnit> <Opcode : 'select'> <InPorts = 3> <OutPorts = 1>
ST_1 : Operation 62 [1/1] (0.00ns)   --->   "%zext_ln45_10 = zext i31 %select_ln45_10 to i32" [firmware/nnet_utils/nnet_activation.h:45]   --->   Operation 62 'zext' 'zext_ln45_10' <Predicate = true> <Delay = 0.00>
ST_1 : Operation 63 [1/1] (0.85ns)   --->   "%icmp_ln1494_11 = icmp sgt i32 %data_11_V_read_1, 0" [firmware/nnet_utils/nnet_activation.h:45]   --->   Operation 63 'icmp' 'icmp_ln1494_11' <Predicate = true> <Delay = 0.85> <Core = "Cmp">   --->   Core 25 'Cmp' <Latency = 0> <II = 1> <Delay = 0.85> <FuncUnit> <Opcode : 'icmp'> <InPorts = 2> <OutPorts = 1>
ST_1 : Operation 64 [1/1] (0.00ns)   --->   "%trunc_ln45_11 = trunc i32 %data_11_V_read_1 to i31" [firmware/nnet_utils/nnet_activation.h:45]   --->   Operation 64 'trunc' 'trunc_ln45_11' <Predicate = (icmp_ln1494_11)> <Delay = 0.00>
ST_1 : Operation 65 [1/1] (0.25ns)   --->   "%select_ln45_11 = select i1 %icmp_ln1494_11, i31 %trunc_ln45_11, i31 0" [firmware/nnet_utils/nnet_activation.h:45]   --->   Operation 65 'select' 'select_ln45_11' <Predicate = true> <Delay = 0.25> <Core = "Sel">   --->   Core 26 'Sel' <Latency = 0> <II = 1> <Delay = 0.25> <FuncUnit> <Opcode : 'select'> <InPorts = 3> <OutPorts = 1>
ST_1 : Operation 66 [1/1] (0.00ns)   --->   "%zext_ln45_11 = zext i31 %select_ln45_11 to i32" [firmware/nnet_utils/nnet_activation.h:45]   --->   Operation 66 'zext' 'zext_ln45_11' <Predicate = true> <Delay = 0.00>
ST_1 : Operation 67 [1/1] (0.85ns)   --->   "%icmp_ln1494_12 = icmp sgt i32 %data_12_V_read_1, 0" [firmware/nnet_utils/nnet_activation.h:45]   --->   Operation 67 'icmp' 'icmp_ln1494_12' <Predicate = true> <Delay = 0.85> <Core = "Cmp">   --->   Core 25 'Cmp' <Latency = 0> <II = 1> <Delay = 0.85> <FuncUnit> <Opcode : 'icmp'> <InPorts = 2> <OutPorts = 1>
ST_1 : Operation 68 [1/1] (0.00ns)   --->   "%trunc_ln45_12 = trunc i32 %data_12_V_read_1 to i31" [firmware/nnet_utils/nnet_activation.h:45]   --->   Operation 68 'trunc' 'trunc_ln45_12' <Predicate = (icmp_ln1494_12)> <Delay = 0.00>
ST_1 : Operation 69 [1/1] (0.25ns)   --->   "%select_ln45_12 = select i1 %icmp_ln1494_12, i31 %trunc_ln45_12, i31 0" [firmware/nnet_utils/nnet_activation.h:45]   --->   Operation 69 'select' 'select_ln45_12' <Predicate = true> <Delay = 0.25> <Core = "Sel">   --->   Core 26 'Sel' <Latency = 0> <II = 1> <Delay = 0.25> <FuncUnit> <Opcode : 'select'> <InPorts = 3> <OutPorts = 1>
ST_1 : Operation 70 [1/1] (0.00ns)   --->   "%zext_ln45_12 = zext i31 %select_ln45_12 to i32" [firmware/nnet_utils/nnet_activation.h:45]   --->   Operation 70 'zext' 'zext_ln45_12' <Predicate = true> <Delay = 0.00>
ST_1 : Operation 71 [1/1] (0.85ns)   --->   "%icmp_ln1494_13 = icmp sgt i32 %data_13_V_read_1, 0" [firmware/nnet_utils/nnet_activation.h:45]   --->   Operation 71 'icmp' 'icmp_ln1494_13' <Predicate = true> <Delay = 0.85> <Core = "Cmp">   --->   Core 25 'Cmp' <Latency = 0> <II = 1> <Delay = 0.85> <FuncUnit> <Opcode : 'icmp'> <InPorts = 2> <OutPorts = 1>
ST_1 : Operation 72 [1/1] (0.00ns)   --->   "%trunc_ln45_13 = trunc i32 %data_13_V_read_1 to i31" [firmware/nnet_utils/nnet_activation.h:45]   --->   Operation 72 'trunc' 'trunc_ln45_13' <Predicate = (icmp_ln1494_13)> <Delay = 0.00>
ST_1 : Operation 73 [1/1] (0.25ns)   --->   "%select_ln45_13 = select i1 %icmp_ln1494_13, i31 %trunc_ln45_13, i31 0" [firmware/nnet_utils/nnet_activation.h:45]   --->   Operation 73 'select' 'select_ln45_13' <Predicate = true> <Delay = 0.25> <Core = "Sel">   --->   Core 26 'Sel' <Latency = 0> <II = 1> <Delay = 0.25> <FuncUnit> <Opcode : 'select'> <InPorts = 3> <OutPorts = 1>
ST_1 : Operation 74 [1/1] (0.00ns)   --->   "%zext_ln45_13 = zext i31 %select_ln45_13 to i32" [firmware/nnet_utils/nnet_activation.h:45]   --->   Operation 74 'zext' 'zext_ln45_13' <Predicate = true> <Delay = 0.00>
ST_1 : Operation 75 [1/1] (0.85ns)   --->   "%icmp_ln1494_14 = icmp sgt i32 %data_14_V_read_1, 0" [firmware/nnet_utils/nnet_activation.h:45]   --->   Operation 75 'icmp' 'icmp_ln1494_14' <Predicate = true> <Delay = 0.85> <Core = "Cmp">   --->   Core 25 'Cmp' <Latency = 0> <II = 1> <Delay = 0.85> <FuncUnit> <Opcode : 'icmp'> <InPorts = 2> <OutPorts = 1>
ST_1 : Operation 76 [1/1] (0.00ns)   --->   "%trunc_ln45_14 = trunc i32 %data_14_V_read_1 to i31" [firmware/nnet_utils/nnet_activation.h:45]   --->   Operation 76 'trunc' 'trunc_ln45_14' <Predicate = (icmp_ln1494_14)> <Delay = 0.00>
ST_1 : Operation 77 [1/1] (0.25ns)   --->   "%select_ln45_14 = select i1 %icmp_ln1494_14, i31 %trunc_ln45_14, i31 0" [firmware/nnet_utils/nnet_activation.h:45]   --->   Operation 77 'select' 'select_ln45_14' <Predicate = true> <Delay = 0.25> <Core = "Sel">   --->   Core 26 'Sel' <Latency = 0> <II = 1> <Delay = 0.25> <FuncUnit> <Opcode : 'select'> <InPorts = 3> <OutPorts = 1>
ST_1 : Operation 78 [1/1] (0.00ns)   --->   "%zext_ln45_14 = zext i31 %select_ln45_14 to i32" [firmware/nnet_utils/nnet_activation.h:45]   --->   Operation 78 'zext' 'zext_ln45_14' <Predicate = true> <Delay = 0.00>
ST_1 : Operation 79 [1/1] (0.85ns)   --->   "%icmp_ln1494_15 = icmp sgt i32 %data_15_V_read_1, 0" [firmware/nnet_utils/nnet_activation.h:45]   --->   Operation 79 'icmp' 'icmp_ln1494_15' <Predicate = true> <Delay = 0.85> <Core = "Cmp">   --->   Core 25 'Cmp' <Latency = 0> <II = 1> <Delay = 0.85> <FuncUnit> <Opcode : 'icmp'> <InPorts = 2> <OutPorts = 1>
ST_1 : Operation 80 [1/1] (0.00ns)   --->   "%trunc_ln45_15 = trunc i32 %data_15_V_read_1 to i31" [firmware/nnet_utils/nnet_activation.h:45]   --->   Operation 80 'trunc' 'trunc_ln45_15' <Predicate = (icmp_ln1494_15)> <Delay = 0.00>
ST_1 : Operation 81 [1/1] (0.25ns)   --->   "%select_ln45_15 = select i1 %icmp_ln1494_15, i31 %trunc_ln45_15, i31 0" [firmware/nnet_utils/nnet_activation.h:45]   --->   Operation 81 'select' 'select_ln45_15' <Predicate = true> <Delay = 0.25> <Core = "Sel">   --->   Core 26 'Sel' <Latency = 0> <II = 1> <Delay = 0.25> <FuncUnit> <Opcode : 'select'> <InPorts = 3> <OutPorts = 1>
ST_1 : Operation 82 [1/1] (0.00ns)   --->   "%zext_ln45_15 = zext i31 %select_ln45_15 to i32" [firmware/nnet_utils/nnet_activation.h:45]   --->   Operation 82 'zext' 'zext_ln45_15' <Predicate = true> <Delay = 0.00>
ST_1 : Operation 83 [1/1] (0.00ns)   --->   "%mrv = insertvalue { i32, i32, i32, i32, i32, i32, i32, i32, i32, i32, i32, i32, i32, i32, i32, i32 } undef, i32 %zext_ln45, 0" [firmware/nnet_utils/nnet_activation.h:50]   --->   Operation 83 'insertvalue' 'mrv' <Predicate = true> <Delay = 0.00>
ST_1 : Operation 84 [1/1] (0.00ns)   --->   "%mrv_1 = insertvalue { i32, i32, i32, i32, i32, i32, i32, i32, i32, i32, i32, i32, i32, i32, i32, i32 } %mrv, i32 %zext_ln45_1, 1" [firmware/nnet_utils/nnet_activation.h:50]   --->   Operation 84 'insertvalue' 'mrv_1' <Predicate = true> <Delay = 0.00>
ST_1 : Operation 85 [1/1] (0.00ns)   --->   "%mrv_2 = insertvalue { i32, i32, i32, i32, i32, i32, i32, i32, i32, i32, i32, i32, i32, i32, i32, i32 } %mrv_1, i32 %zext_ln45_2, 2" [firmware/nnet_utils/nnet_activation.h:50]   --->   Operation 85 'insertvalue' 'mrv_2' <Predicate = true> <Delay = 0.00>
ST_1 : Operation 86 [1/1] (0.00ns)   --->   "%mrv_3 = insertvalue { i32, i32, i32, i32, i32, i32, i32, i32, i32, i32, i32, i32, i32, i32, i32, i32 } %mrv_2, i32 %zext_ln45_3, 3" [firmware/nnet_utils/nnet_activation.h:50]   --->   Operation 86 'insertvalue' 'mrv_3' <Predicate = true> <Delay = 0.00>
ST_1 : Operation 87 [1/1] (0.00ns)   --->   "%mrv_4 = insertvalue { i32, i32, i32, i32, i32, i32, i32, i32, i32, i32, i32, i32, i32, i32, i32, i32 } %mrv_3, i32 %zext_ln45_4, 4" [firmware/nnet_utils/nnet_activation.h:50]   --->   Operation 87 'insertvalue' 'mrv_4' <Predicate = true> <Delay = 0.00>
ST_1 : Operation 88 [1/1] (0.00ns)   --->   "%mrv_5 = insertvalue { i32, i32, i32, i32, i32, i32, i32, i32, i32, i32, i32, i32, i32, i32, i32, i32 } %mrv_4, i32 %zext_ln45_5, 5" [firmware/nnet_utils/nnet_activation.h:50]   --->   Operation 88 'insertvalue' 'mrv_5' <Predicate = true> <Delay = 0.00>
ST_1 : Operation 89 [1/1] (0.00ns)   --->   "%mrv_6 = insertvalue { i32, i32, i32, i32, i32, i32, i32, i32, i32, i32, i32, i32, i32, i32, i32, i32 } %mrv_5, i32 %zext_ln45_6, 6" [firmware/nnet_utils/nnet_activation.h:50]   --->   Operation 89 'insertvalue' 'mrv_6' <Predicate = true> <Delay = 0.00>
ST_1 : Operation 90 [1/1] (0.00ns)   --->   "%mrv_7 = insertvalue { i32, i32, i32, i32, i32, i32, i32, i32, i32, i32, i32, i32, i32, i32, i32, i32 } %mrv_6, i32 %zext_ln45_7, 7" [firmware/nnet_utils/nnet_activation.h:50]   --->   Operation 90 'insertvalue' 'mrv_7' <Predicate = true> <Delay = 0.00>
ST_1 : Operation 91 [1/1] (0.00ns)   --->   "%mrv_8 = insertvalue { i32, i32, i32, i32, i32, i32, i32, i32, i32, i32, i32, i32, i32, i32, i32, i32 } %mrv_7, i32 %zext_ln45_8, 8" [firmware/nnet_utils/nnet_activation.h:50]   --->   Operation 91 'insertvalue' 'mrv_8' <Predicate = true> <Delay = 0.00>
ST_1 : Operation 92 [1/1] (0.00ns)   --->   "%mrv_9 = insertvalue { i32, i32, i32, i32, i32, i32, i32, i32, i32, i32, i32, i32, i32, i32, i32, i32 } %mrv_8, i32 %zext_ln45_9, 9" [firmware/nnet_utils/nnet_activation.h:50]   --->   Operation 92 'insertvalue' 'mrv_9' <Predicate = true> <Delay = 0.00>
ST_1 : Operation 93 [1/1] (0.00ns)   --->   "%mrv_s = insertvalue { i32, i32, i32, i32, i32, i32, i32, i32, i32, i32, i32, i32, i32, i32, i32, i32 } %mrv_9, i32 %zext_ln45_10, 10" [firmware/nnet_utils/nnet_activation.h:50]   --->   Operation 93 'insertvalue' 'mrv_s' <Predicate = true> <Delay = 0.00>
ST_1 : Operation 94 [1/1] (0.00ns)   --->   "%mrv_10 = insertvalue { i32, i32, i32, i32, i32, i32, i32, i32, i32, i32, i32, i32, i32, i32, i32, i32 } %mrv_s, i32 %zext_ln45_11, 11" [firmware/nnet_utils/nnet_activation.h:50]   --->   Operation 94 'insertvalue' 'mrv_10' <Predicate = true> <Delay = 0.00>
ST_1 : Operation 95 [1/1] (0.00ns)   --->   "%mrv_11 = insertvalue { i32, i32, i32, i32, i32, i32, i32, i32, i32, i32, i32, i32, i32, i32, i32, i32 } %mrv_10, i32 %zext_ln45_12, 12" [firmware/nnet_utils/nnet_activation.h:50]   --->   Operation 95 'insertvalue' 'mrv_11' <Predicate = true> <Delay = 0.00>
ST_1 : Operation 96 [1/1] (0.00ns)   --->   "%mrv_12 = insertvalue { i32, i32, i32, i32, i32, i32, i32, i32, i32, i32, i32, i32, i32, i32, i32, i32 } %mrv_11, i32 %zext_ln45_13, 13" [firmware/nnet_utils/nnet_activation.h:50]   --->   Operation 96 'insertvalue' 'mrv_12' <Predicate = true> <Delay = 0.00>
ST_1 : Operation 97 [1/1] (0.00ns)   --->   "%mrv_13 = insertvalue { i32, i32, i32, i32, i32, i32, i32, i32, i32, i32, i32, i32, i32, i32, i32, i32 } %mrv_12, i32 %zext_ln45_14, 14" [firmware/nnet_utils/nnet_activation.h:50]   --->   Operation 97 'insertvalue' 'mrv_13' <Predicate = true> <Delay = 0.00>
ST_1 : Operation 98 [1/1] (0.00ns)   --->   "%mrv_14 = insertvalue { i32, i32, i32, i32, i32, i32, i32, i32, i32, i32, i32, i32, i32, i32, i32, i32 } %mrv_13, i32 %zext_ln45_15, 15" [firmware/nnet_utils/nnet_activation.h:50]   --->   Operation 98 'insertvalue' 'mrv_14' <Predicate = true> <Delay = 0.00>
ST_1 : Operation 99 [1/1] (0.00ns)   --->   "ret { i32, i32, i32, i32, i32, i32, i32, i32, i32, i32, i32, i32, i32, i32, i32, i32 } %mrv_14" [firmware/nnet_utils/nnet_activation.h:50]   --->   Operation 99 'ret' <Predicate = true> <Delay = 0.00>


============================================================
+ Verbose Summary: Timing violations
============================================================
Target clock period: 25ns, clock uncertainty: 6.75ns.

 <State 1>: 1.11ns
The critical path consists of the following:
	wire read on port 'data_15_V_read' (firmware/nnet_utils/nnet_activation.h:39) [17]  (0 ns)
	'icmp' operation ('icmp_ln1494_15', firmware/nnet_utils/nnet_activation.h:45) [94]  (0.859 ns)
	'select' operation ('res[15].V', firmware/nnet_utils/nnet_activation.h:45) [96]  (0.251 ns)


============================================================
+ Verbose Summary: Binding
============================================================
N/A
* FSMD analyzer results:
  - Output states:
 - Input state : 
  - Chain level:
	State 1


============================================================
+ Verbose Summary: Datapath Resource usage 
============================================================
N/A
