

================================================================
== Vitis HLS Report for 'relu_ap_fixed_32_16_5_3_0_ap_fixed_32_16_4_0_0_ReLU_config7_s'
================================================================
* Date:           Tue Sep 17 20:00:57 2024

* Version:        2023.1 (Build 3854077 on May  4 2023)
* Project:        myproject_prj
* Solution:       solution1 (Vivado IP Flow Target)
* Product family: virtexuplus
* Target device:  xcvu9p-flga2104-2-e


================================================================
== Performance Estimates
================================================================
+ Timing: 
    * Summary: 
    +--------+----------+----------+------------+
    |  Clock |  Target  | Estimated| Uncertainty|
    +--------+----------+----------+------------+
    |ap_clk  |  25.00 ns|  1.131 ns|     6.75 ns|
    +--------+----------+----------+------------+

+ Latency: 
    * Summary: 
    +---------+---------+----------+----------+-----+-----+---------+
    |  Latency (cycles) |  Latency (absolute) |  Interval | Pipeline|
    |   min   |   max   |    min   |    max   | min | max |   Type  |
    +---------+---------+----------+----------+-----+-----+---------+
    |        0|        0|      0 ns|      0 ns|    1|    1|      yes|
    +---------+---------+----------+----------+-----+-----+---------+

    + Detail: 
        * Instance: 
        N/A

        * Loop: 
        N/A



================================================================
== Utilization Estimates
================================================================
* Summary: 
+---------------------+---------+------+---------+---------+-----+
|         Name        | BRAM_18K|  DSP |    FF   |   LUT   | URAM|
+---------------------+---------+------+---------+---------+-----+
|DSP                  |        -|     -|        -|        -|    -|
|Expression           |        -|     -|        0|     1120|    -|
|FIFO                 |        -|     -|        -|        -|    -|
|Instance             |        -|     -|        -|        -|    -|
|Memory               |        -|     -|        -|        -|    -|
|Multiplexer          |        -|     -|        -|        -|    -|
|Register             |        -|     -|        -|        -|    -|
+---------------------+---------+------+---------+---------+-----+
|Total                |        0|     0|        0|     1120|    0|
+---------------------+---------+------+---------+---------+-----+
|Available SLR        |     1440|  2280|   788160|   394080|  320|
+---------------------+---------+------+---------+---------+-----+
|Utilization SLR (%)  |        0|     0|        0|       ~0|    0|
+---------------------+---------+------+---------+---------+-----+
|Available            |     4320|  6840|  2364480|  1182240|  960|
+---------------------+---------+------+---------+---------+-----+
|Utilization (%)      |        0|     0|        0|       ~0|    0|
+---------------------+---------+------+---------+---------+-----+

+ Detail: 
    * Instance: 
    N/A

    * DSP: 
    N/A

    * Memory: 
    N/A

    * FIFO: 
    N/A

    * Expression: 
    +------------------------+----------+----+---+----+------------+------------+
    |      Variable Name     | Operation| DSP| FF| LUT| Bitwidth P0| Bitwidth P1|
    +------------------------+----------+----+---+----+------------+------------+
    |icmp_ln45_10_fu_386_p2  |      icmp|   0|  0|  39|          32|           1|
    |icmp_ln45_11_fu_404_p2  |      icmp|   0|  0|  39|          32|           1|
    |icmp_ln45_12_fu_422_p2  |      icmp|   0|  0|  39|          32|           1|
    |icmp_ln45_13_fu_440_p2  |      icmp|   0|  0|  39|          32|           1|
    |icmp_ln45_14_fu_458_p2  |      icmp|   0|  0|  39|          32|           1|
    |icmp_ln45_15_fu_476_p2  |      icmp|   0|  0|  39|          32|           1|
    |icmp_ln45_1_fu_224_p2   |      icmp|   0|  0|  39|          32|           1|
    |icmp_ln45_2_fu_242_p2   |      icmp|   0|  0|  39|          32|           1|
    |icmp_ln45_3_fu_260_p2   |      icmp|   0|  0|  39|          32|           1|
    |icmp_ln45_4_fu_278_p2   |      icmp|   0|  0|  39|          32|           1|
    |icmp_ln45_5_fu_296_p2   |      icmp|   0|  0|  39|          32|           1|
    |icmp_ln45_6_fu_314_p2   |      icmp|   0|  0|  39|          32|           1|
    |icmp_ln45_7_fu_332_p2   |      icmp|   0|  0|  39|          32|           1|
    |icmp_ln45_8_fu_350_p2   |      icmp|   0|  0|  39|          32|           1|
    |icmp_ln45_9_fu_368_p2   |      icmp|   0|  0|  39|          32|           1|
    |icmp_ln45_fu_206_p2     |      icmp|   0|  0|  39|          32|           1|
    |datareg_10_fu_392_p3    |    select|   0|  0|  31|           1|          31|
    |datareg_11_fu_410_p3    |    select|   0|  0|  31|           1|          31|
    |datareg_12_fu_428_p3    |    select|   0|  0|  31|           1|          31|
    |datareg_13_fu_446_p3    |    select|   0|  0|  31|           1|          31|
    |datareg_14_fu_464_p3    |    select|   0|  0|  31|           1|          31|
    |datareg_15_fu_482_p3    |    select|   0|  0|  31|           1|          31|
    |datareg_1_fu_230_p3     |    select|   0|  0|  31|           1|          31|
    |datareg_2_fu_248_p3     |    select|   0|  0|  31|           1|          31|
    |datareg_3_fu_266_p3     |    select|   0|  0|  31|           1|          31|
    |datareg_4_fu_284_p3     |    select|   0|  0|  31|           1|          31|
    |datareg_5_fu_302_p3     |    select|   0|  0|  31|           1|          31|
    |datareg_6_fu_320_p3     |    select|   0|  0|  31|           1|          31|
    |datareg_7_fu_338_p3     |    select|   0|  0|  31|           1|          31|
    |datareg_8_fu_356_p3     |    select|   0|  0|  31|           1|          31|
    |datareg_9_fu_374_p3     |    select|   0|  0|  31|           1|          31|
    |datareg_fu_212_p3       |    select|   0|  0|  31|           1|          31|
    +------------------------+----------+----+---+----+------------+------------+
    |Total                   |          |   0|  0|1120|         528|         512|
    +------------------------+----------+----+---+----+------------+------------+

    * Multiplexer: 
    N/A

    * Register: 
    N/A



================================================================
== Interface
================================================================
* Summary: 
+--------------+-----+-----+------------+--------------------------------------------------------------------------+--------------+
|   RTL Ports  | Dir | Bits|  Protocol  |                               Source Object                              |    C Type    |
+--------------+-----+-----+------------+--------------------------------------------------------------------------+--------------+
|ap_ready      |  out|    1|  ap_ctrl_hs|  relu<ap_fixed<32, 16, 5, 3, 0>, ap_fixed<32, 16, 4, 0, 0>, ReLU_config7>|  return value|
|ap_return_0   |  out|   32|  ap_ctrl_hs|  relu<ap_fixed<32, 16, 5, 3, 0>, ap_fixed<32, 16, 4, 0, 0>, ReLU_config7>|  return value|
|ap_return_1   |  out|   32|  ap_ctrl_hs|  relu<ap_fixed<32, 16, 5, 3, 0>, ap_fixed<32, 16, 4, 0, 0>, ReLU_config7>|  return value|
|ap_return_2   |  out|   32|  ap_ctrl_hs|  relu<ap_fixed<32, 16, 5, 3, 0>, ap_fixed<32, 16, 4, 0, 0>, ReLU_config7>|  return value|
|ap_return_3   |  out|   32|  ap_ctrl_hs|  relu<ap_fixed<32, 16, 5, 3, 0>, ap_fixed<32, 16, 4, 0, 0>, ReLU_config7>|  return value|
|ap_return_4   |  out|   32|  ap_ctrl_hs|  relu<ap_fixed<32, 16, 5, 3, 0>, ap_fixed<32, 16, 4, 0, 0>, ReLU_config7>|  return value|
|ap_return_5   |  out|   32|  ap_ctrl_hs|  relu<ap_fixed<32, 16, 5, 3, 0>, ap_fixed<32, 16, 4, 0, 0>, ReLU_config7>|  return value|
|ap_return_6   |  out|   32|  ap_ctrl_hs|  relu<ap_fixed<32, 16, 5, 3, 0>, ap_fixed<32, 16, 4, 0, 0>, ReLU_config7>|  return value|
|ap_return_7   |  out|   32|  ap_ctrl_hs|  relu<ap_fixed<32, 16, 5, 3, 0>, ap_fixed<32, 16, 4, 0, 0>, ReLU_config7>|  return value|
|ap_return_8   |  out|   32|  ap_ctrl_hs|  relu<ap_fixed<32, 16, 5, 3, 0>, ap_fixed<32, 16, 4, 0, 0>, ReLU_config7>|  return value|
|ap_return_9   |  out|   32|  ap_ctrl_hs|  relu<ap_fixed<32, 16, 5, 3, 0>, ap_fixed<32, 16, 4, 0, 0>, ReLU_config7>|  return value|
|ap_return_10  |  out|   32|  ap_ctrl_hs|  relu<ap_fixed<32, 16, 5, 3, 0>, ap_fixed<32, 16, 4, 0, 0>, ReLU_config7>|  return value|
|ap_return_11  |  out|   32|  ap_ctrl_hs|  relu<ap_fixed<32, 16, 5, 3, 0>, ap_fixed<32, 16, 4, 0, 0>, ReLU_config7>|  return value|
|ap_return_12  |  out|   32|  ap_ctrl_hs|  relu<ap_fixed<32, 16, 5, 3, 0>, ap_fixed<32, 16, 4, 0, 0>, ReLU_config7>|  return value|
|ap_return_13  |  out|   32|  ap_ctrl_hs|  relu<ap_fixed<32, 16, 5, 3, 0>, ap_fixed<32, 16, 4, 0, 0>, ReLU_config7>|  return value|
|ap_return_14  |  out|   32|  ap_ctrl_hs|  relu<ap_fixed<32, 16, 5, 3, 0>, ap_fixed<32, 16, 4, 0, 0>, ReLU_config7>|  return value|
|ap_return_15  |  out|   32|  ap_ctrl_hs|  relu<ap_fixed<32, 16, 5, 3, 0>, ap_fixed<32, 16, 4, 0, 0>, ReLU_config7>|  return value|
|data_0_val    |   in|   32|     ap_none|                                                                data_0_val|        scalar|
|data_1_val    |   in|   32|     ap_none|                                                                data_1_val|        scalar|
|data_2_val    |   in|   32|     ap_none|                                                                data_2_val|        scalar|
|data_3_val    |   in|   32|     ap_none|                                                                data_3_val|        scalar|
|data_4_val    |   in|   32|     ap_none|                                                                data_4_val|        scalar|
|data_5_val    |   in|   32|     ap_none|                                                                data_5_val|        scalar|
|data_6_val    |   in|   32|     ap_none|                                                                data_6_val|        scalar|
|data_7_val    |   in|   32|     ap_none|                                                                data_7_val|        scalar|
|data_8_val    |   in|   32|     ap_none|                                                                data_8_val|        scalar|
|data_9_val    |   in|   32|     ap_none|                                                                data_9_val|        scalar|
|data_10_val   |   in|   32|     ap_none|                                                               data_10_val|        scalar|
|data_11_val   |   in|   32|     ap_none|                                                               data_11_val|        scalar|
|data_12_val   |   in|   32|     ap_none|                                                               data_12_val|        scalar|
|data_13_val   |   in|   32|     ap_none|                                                               data_13_val|        scalar|
|data_14_val   |   in|   32|     ap_none|                                                               data_14_val|        scalar|
|data_15_val   |   in|   32|     ap_none|                                                               data_15_val|        scalar|
+--------------+-----+-----+------------+--------------------------------------------------------------------------+--------------+

