

================================================================
== Vivado HLS Report for 'dense_resource_ap_fixed_32_16_4_0_0_ap_fixed_32_16_5_3_0_config8_s'
================================================================
* Date:           Tue Sep 17 10:46:18 2024

* Version:        2019.2 (Build 2704478 on Wed Nov 06 22:10:23 MST 2019)
* Project:        myproject_prj
* Solution:       solution1
* Product family: virtexuplus
* Target device:  xcvu9p-flga2104-2-e


================================================================
== Performance Estimates
================================================================
+ Timing: 
    * Summary: 
    +--------+----------+----------+------------+
    |  Clock |  Target  | Estimated| Uncertainty|
    +--------+----------+----------+------------+
    |ap_clk  | 25.00 ns | 5.959 ns |   6.75 ns  |
    +--------+----------+----------+------------+

+ Latency: 
    * Summary: 
    +---------+---------+----------+----------+-----+-----+---------+
    |  Latency (cycles) |  Latency (absolute) |  Interval | Pipeline|
    |   min   |   max   |    min   |    max   | min | max |   Type  |
    +---------+---------+----------+----------+-----+-----+---------+
    |        0|        0|   0 ns   |   0 ns   |    0|    0|   none  |
    +---------+---------+----------+----------+-----+-----+---------+

    + Detail: 
        * Instance: 
        N/A

        * Loop: 
        N/A

============================================================
+ Verbose Summary: Synthesis Manager
============================================================
InlineROM: 1
ExposeGlobal: 0
============================================================
+ Verbose Summary: CDFG Model
============================================================
IsTopModel: 0
ResetActiveHigh: 1
IsCombinational: 2
IsDatapathOnly: 0
HasWiredReturn: 1
HasMFsm: 0
HasVarLatency: 0
IsPipeline: 0
IsRtlPipelined: 0
IsInstanceOverlapped: 0
IsDontTouch: 0
HasImplIP: 0
IsGatedGlobalClock: 0


============================================================
+ Verbose Summary: Schedule
============================================================
* Number of FSM states : 1
* Pipeline : 0
* Dataflow Pipeline: 0

* FSM state transitions: 
1 --> 

* FSM state operations: 

State 1 <SV = 0> <Delay = 5.95>
ST_1 : Operation 2 [1/1] (0.00ns)   --->   "%data_15_V_read_3 = call i31 @_ssdm_op_Read.ap_auto.i31(i31 %data_15_V_read)" [firmware/nnet_utils/nnet_dense_resource.h:246]   --->   Operation 2 'read' 'data_15_V_read_3' <Predicate = true> <Delay = 0.00>
ST_1 : Operation 3 [1/1] (0.00ns)   --->   "%data_14_V_read_3 = call i31 @_ssdm_op_Read.ap_auto.i31(i31 %data_14_V_read)" [firmware/nnet_utils/nnet_dense_resource.h:246]   --->   Operation 3 'read' 'data_14_V_read_3' <Predicate = true> <Delay = 0.00>
ST_1 : Operation 4 [1/1] (0.00ns)   --->   "%data_13_V_read_3 = call i31 @_ssdm_op_Read.ap_auto.i31(i31 %data_13_V_read)" [firmware/nnet_utils/nnet_dense_resource.h:246]   --->   Operation 4 'read' 'data_13_V_read_3' <Predicate = true> <Delay = 0.00>
ST_1 : Operation 5 [1/1] (0.00ns)   --->   "%data_12_V_read_3 = call i31 @_ssdm_op_Read.ap_auto.i31(i31 %data_12_V_read)" [firmware/nnet_utils/nnet_dense_resource.h:246]   --->   Operation 5 'read' 'data_12_V_read_3' <Predicate = true> <Delay = 0.00>
ST_1 : Operation 6 [1/1] (0.00ns)   --->   "%data_11_V_read_3 = call i31 @_ssdm_op_Read.ap_auto.i31(i31 %data_11_V_read)" [firmware/nnet_utils/nnet_dense_resource.h:246]   --->   Operation 6 'read' 'data_11_V_read_3' <Predicate = true> <Delay = 0.00>
ST_1 : Operation 7 [1/1] (0.00ns)   --->   "%data_10_V_read_2 = call i31 @_ssdm_op_Read.ap_auto.i31(i31 %data_10_V_read)" [firmware/nnet_utils/nnet_dense_resource.h:246]   --->   Operation 7 'read' 'data_10_V_read_2' <Predicate = true> <Delay = 0.00>
ST_1 : Operation 8 [1/1] (0.00ns)   --->   "%data_9_V_read12 = call i31 @_ssdm_op_Read.ap_auto.i31(i31 %data_9_V_read)" [firmware/nnet_utils/nnet_dense_resource.h:246]   --->   Operation 8 'read' 'data_9_V_read12' <Predicate = true> <Delay = 0.00>
ST_1 : Operation 9 [1/1] (0.00ns)   --->   "%data_8_V_read11 = call i31 @_ssdm_op_Read.ap_auto.i31(i31 %data_8_V_read)" [firmware/nnet_utils/nnet_dense_resource.h:246]   --->   Operation 9 'read' 'data_8_V_read11' <Predicate = true> <Delay = 0.00>
ST_1 : Operation 10 [1/1] (0.00ns)   --->   "%data_7_V_read_3 = call i31 @_ssdm_op_Read.ap_auto.i31(i31 %data_7_V_read)" [firmware/nnet_utils/nnet_dense_resource.h:246]   --->   Operation 10 'read' 'data_7_V_read_3' <Predicate = true> <Delay = 0.00>
ST_1 : Operation 11 [1/1] (0.00ns)   --->   "%data_6_V_read_3 = call i31 @_ssdm_op_Read.ap_auto.i31(i31 %data_6_V_read)" [firmware/nnet_utils/nnet_dense_resource.h:246]   --->   Operation 11 'read' 'data_6_V_read_3' <Predicate = true> <Delay = 0.00>
ST_1 : Operation 12 [1/1] (0.00ns)   --->   "%data_5_V_read_3 = call i31 @_ssdm_op_Read.ap_auto.i31(i31 %data_5_V_read)" [firmware/nnet_utils/nnet_dense_resource.h:246]   --->   Operation 12 'read' 'data_5_V_read_3' <Predicate = true> <Delay = 0.00>
ST_1 : Operation 13 [1/1] (0.00ns)   --->   "%data_4_V_read_3 = call i31 @_ssdm_op_Read.ap_auto.i31(i31 %data_4_V_read)" [firmware/nnet_utils/nnet_dense_resource.h:246]   --->   Operation 13 'read' 'data_4_V_read_3' <Predicate = true> <Delay = 0.00>
ST_1 : Operation 14 [1/1] (0.00ns)   --->   "%data_3_V_read_3 = call i31 @_ssdm_op_Read.ap_auto.i31(i31 %data_3_V_read)" [firmware/nnet_utils/nnet_dense_resource.h:246]   --->   Operation 14 'read' 'data_3_V_read_3' <Predicate = true> <Delay = 0.00>
ST_1 : Operation 15 [1/1] (0.00ns)   --->   "%data_2_V_read_3 = call i31 @_ssdm_op_Read.ap_auto.i31(i31 %data_2_V_read)" [firmware/nnet_utils/nnet_dense_resource.h:246]   --->   Operation 15 'read' 'data_2_V_read_3' <Predicate = true> <Delay = 0.00>
ST_1 : Operation 16 [1/1] (0.00ns)   --->   "%data_1_V_read_3 = call i31 @_ssdm_op_Read.ap_auto.i31(i31 %data_1_V_read)" [firmware/nnet_utils/nnet_dense_resource.h:246]   --->   Operation 16 'read' 'data_1_V_read_3' <Predicate = true> <Delay = 0.00>
ST_1 : Operation 17 [1/1] (0.00ns)   --->   "%data_0_V_read_3 = call i31 @_ssdm_op_Read.ap_auto.i31(i31 %data_0_V_read)" [firmware/nnet_utils/nnet_dense_resource.h:246]   --->   Operation 17 'read' 'data_0_V_read_3' <Predicate = true> <Delay = 0.00>
ST_1 : Operation 18 [1/1] (0.00ns)   --->   "%shl_ln = call i38 @_ssdm_op_BitConcatenate.i38.i31.i7(i31 %data_0_V_read_3, i7 0)" [firmware/nnet_utils/nnet_mult.h:73->firmware/nnet_utils/nnet_dense_resource.h:56->firmware/nnet_utils/nnet_dense_resource.h:253]   --->   Operation 18 'bitconcatenate' 'shl_ln' <Predicate = true> <Delay = 0.00>
ST_1 : Operation 19 [1/1] (0.00ns)   --->   "%zext_ln1118 = zext i38 %shl_ln to i39" [firmware/nnet_utils/nnet_mult.h:73->firmware/nnet_utils/nnet_dense_resource.h:56->firmware/nnet_utils/nnet_dense_resource.h:253]   --->   Operation 19 'zext' 'zext_ln1118' <Predicate = true> <Delay = 0.00>
ST_1 : Operation 20 [1/1] (0.66ns)   --->   "%sub_ln1118 = sub i39 0, %zext_ln1118" [firmware/nnet_utils/nnet_mult.h:73->firmware/nnet_utils/nnet_dense_resource.h:56->firmware/nnet_utils/nnet_dense_resource.h:253]   --->   Operation 20 'sub' 'sub_ln1118' <Predicate = true> <Delay = 0.66> <Core = "AddSub">   --->   Core 14 'AddSub' <Latency = 0> <II = 1> <Delay = 0.65> <FuncUnit> <Opcode : 'add' 'sub'> <InPorts = 2> <OutPorts = 1>
ST_1 : Operation 21 [1/1] (0.00ns)   --->   "%trunc_ln = call i32 @_ssdm_op_PartSelect.i32.i39.i32.i32(i39 %sub_ln1118, i32 7, i32 38)" [firmware/nnet_utils/nnet_dense_resource.h:56->firmware/nnet_utils/nnet_dense_resource.h:253]   --->   Operation 21 'partselect' 'trunc_ln' <Predicate = true> <Delay = 0.00>
ST_1 : Operation 22 [1/1] (0.00ns)   --->   "%zext_ln1118_1 = zext i31 %data_1_V_read_3 to i39" [firmware/nnet_utils/nnet_mult.h:73->firmware/nnet_utils/nnet_dense_resource.h:56->firmware/nnet_utils/nnet_dense_resource.h:253]   --->   Operation 22 'zext' 'zext_ln1118_1' <Predicate = true> <Delay = 0.00>
ST_1 : Operation 23 [1/1] (0.00ns)   --->   "%shl_ln1118_s = call i36 @_ssdm_op_BitConcatenate.i36.i31.i5(i31 %data_1_V_read_3, i5 0)" [firmware/nnet_utils/nnet_mult.h:73->firmware/nnet_utils/nnet_dense_resource.h:56->firmware/nnet_utils/nnet_dense_resource.h:253]   --->   Operation 23 'bitconcatenate' 'shl_ln1118_s' <Predicate = true> <Delay = 0.00>
ST_1 : Operation 24 [1/1] (0.00ns)   --->   "%zext_ln1118_2 = zext i36 %shl_ln1118_s to i37" [firmware/nnet_utils/nnet_mult.h:73->firmware/nnet_utils/nnet_dense_resource.h:56->firmware/nnet_utils/nnet_dense_resource.h:253]   --->   Operation 24 'zext' 'zext_ln1118_2' <Predicate = true> <Delay = 0.00>
ST_1 : Operation 25 [1/1] (0.00ns)   --->   "%shl_ln1118_294 = call i34 @_ssdm_op_BitConcatenate.i34.i31.i3(i31 %data_1_V_read_3, i3 0)" [firmware/nnet_utils/nnet_mult.h:73->firmware/nnet_utils/nnet_dense_resource.h:56->firmware/nnet_utils/nnet_dense_resource.h:253]   --->   Operation 25 'bitconcatenate' 'shl_ln1118_294' <Predicate = true> <Delay = 0.00>
ST_1 : Operation 26 [1/1] (0.00ns)   --->   "%zext_ln1118_3 = zext i34 %shl_ln1118_294 to i37" [firmware/nnet_utils/nnet_mult.h:73->firmware/nnet_utils/nnet_dense_resource.h:56->firmware/nnet_utils/nnet_dense_resource.h:253]   --->   Operation 26 'zext' 'zext_ln1118_3' <Predicate = true> <Delay = 0.00>
ST_1 : Operation 27 [1/1] (0.66ns)   --->   "%add_ln1118 = add i37 %zext_ln1118_3, %zext_ln1118_2" [firmware/nnet_utils/nnet_mult.h:73->firmware/nnet_utils/nnet_dense_resource.h:56->firmware/nnet_utils/nnet_dense_resource.h:253]   --->   Operation 27 'add' 'add_ln1118' <Predicate = true> <Delay = 0.66> <Core = "AddSub">   --->   Core 14 'AddSub' <Latency = 0> <II = 1> <Delay = 0.65> <FuncUnit> <Opcode : 'add' 'sub'> <InPorts = 2> <OutPorts = 1>
ST_1 : Operation 28 [1/1] (0.00ns)   --->   "%tmp = call i30 @_ssdm_op_PartSelect.i30.i37.i32.i32(i37 %add_ln1118, i32 7, i32 36)" [firmware/nnet_utils/nnet_dense_resource.h:56->firmware/nnet_utils/nnet_dense_resource.h:253]   --->   Operation 28 'partselect' 'tmp' <Predicate = true> <Delay = 0.00>
ST_1 : Operation 29 [1/1] (0.00ns)   --->   "%zext_ln708 = zext i30 %tmp to i32" [firmware/nnet_utils/nnet_dense_resource.h:56->firmware/nnet_utils/nnet_dense_resource.h:253]   --->   Operation 29 'zext' 'zext_ln708' <Predicate = true> <Delay = 0.00>
ST_1 : Operation 30 [1/1] (0.00ns)   --->   "%zext_ln1118_4 = zext i31 %data_2_V_read_3 to i39" [firmware/nnet_utils/nnet_mult.h:73->firmware/nnet_utils/nnet_dense_resource.h:56->firmware/nnet_utils/nnet_dense_resource.h:253]   --->   Operation 30 'zext' 'zext_ln1118_4' <Predicate = true> <Delay = 0.00>
ST_1 : Operation 31 [1/1] (0.00ns)   --->   "%zext_ln1118_5 = zext i31 %data_2_V_read_3 to i37" [firmware/nnet_utils/nnet_mult.h:73->firmware/nnet_utils/nnet_dense_resource.h:56->firmware/nnet_utils/nnet_dense_resource.h:253]   --->   Operation 31 'zext' 'zext_ln1118_5' <Predicate = true> <Delay = 0.00>
ST_1 : Operation 32 [1/1] (3.09ns)   --->   "%mul_ln1118 = mul i37 %zext_ln1118_5, 43" [firmware/nnet_utils/nnet_mult.h:73->firmware/nnet_utils/nnet_dense_resource.h:56->firmware/nnet_utils/nnet_dense_resource.h:253]   --->   Operation 32 'mul' 'mul_ln1118' <Predicate = true> <Delay = 3.09> <Core = "Mul">   --->   Core 16 'Mul' <Latency = 0> <II = 1> <Delay = 3.09> <FuncUnit> <Opcode : 'mul'> <InPorts = 2> <OutPorts = 1>
ST_1 : Operation 33 [1/1] (0.00ns)   --->   "%tmp_s = call i30 @_ssdm_op_PartSelect.i30.i37.i32.i32(i37 %mul_ln1118, i32 7, i32 36)" [firmware/nnet_utils/nnet_dense_resource.h:56->firmware/nnet_utils/nnet_dense_resource.h:253]   --->   Operation 33 'partselect' 'tmp_s' <Predicate = true> <Delay = 0.00>
ST_1 : Operation 34 [1/1] (0.00ns)   --->   "%zext_ln708_1 = zext i30 %tmp_s to i32" [firmware/nnet_utils/nnet_dense_resource.h:56->firmware/nnet_utils/nnet_dense_resource.h:253]   --->   Operation 34 'zext' 'zext_ln708_1' <Predicate = true> <Delay = 0.00>
ST_1 : Operation 35 [1/1] (0.00ns)   --->   "%zext_ln1118_6 = zext i31 %data_3_V_read_3 to i39" [firmware/nnet_utils/nnet_mult.h:73->firmware/nnet_utils/nnet_dense_resource.h:56->firmware/nnet_utils/nnet_dense_resource.h:253]   --->   Operation 35 'zext' 'zext_ln1118_6' <Predicate = true> <Delay = 0.00>
ST_1 : Operation 36 [1/1] (0.00ns)   --->   "%zext_ln1118_7 = zext i31 %data_3_V_read_3 to i38" [firmware/nnet_utils/nnet_mult.h:73->firmware/nnet_utils/nnet_dense_resource.h:56->firmware/nnet_utils/nnet_dense_resource.h:253]   --->   Operation 36 'zext' 'zext_ln1118_7' <Predicate = true> <Delay = 0.00>
ST_1 : Operation 37 [1/1] (3.09ns)   --->   "%mul_ln1118_537 = mul i39 %zext_ln1118_6, -70" [firmware/nnet_utils/nnet_mult.h:73->firmware/nnet_utils/nnet_dense_resource.h:56->firmware/nnet_utils/nnet_dense_resource.h:253]   --->   Operation 37 'mul' 'mul_ln1118_537' <Predicate = true> <Delay = 3.09> <Core = "Mul">   --->   Core 16 'Mul' <Latency = 0> <II = 1> <Delay = 3.09> <FuncUnit> <Opcode : 'mul'> <InPorts = 2> <OutPorts = 1>
ST_1 : Operation 38 [1/1] (0.00ns)   --->   "%trunc_ln708_s = call i32 @_ssdm_op_PartSelect.i32.i39.i32.i32(i39 %mul_ln1118_537, i32 7, i32 38)" [firmware/nnet_utils/nnet_dense_resource.h:56->firmware/nnet_utils/nnet_dense_resource.h:253]   --->   Operation 38 'partselect' 'trunc_ln708_s' <Predicate = true> <Delay = 0.00>
ST_1 : Operation 39 [1/1] (0.00ns)   --->   "%zext_ln1118_8 = zext i31 %data_4_V_read_3 to i39" [firmware/nnet_utils/nnet_mult.h:73->firmware/nnet_utils/nnet_dense_resource.h:56->firmware/nnet_utils/nnet_dense_resource.h:253]   --->   Operation 39 'zext' 'zext_ln1118_8' <Predicate = true> <Delay = 0.00>
ST_1 : Operation 40 [1/1] (0.00ns)   --->   "%shl_ln1118_295 = call i38 @_ssdm_op_BitConcatenate.i38.i31.i7(i31 %data_4_V_read_3, i7 0)" [firmware/nnet_utils/nnet_mult.h:73->firmware/nnet_utils/nnet_dense_resource.h:56->firmware/nnet_utils/nnet_dense_resource.h:253]   --->   Operation 40 'bitconcatenate' 'shl_ln1118_295' <Predicate = true> <Delay = 0.00>
ST_1 : Operation 41 [1/1] (0.00ns)   --->   "%zext_ln1118_9 = zext i38 %shl_ln1118_295 to i39" [firmware/nnet_utils/nnet_mult.h:73->firmware/nnet_utils/nnet_dense_resource.h:56->firmware/nnet_utils/nnet_dense_resource.h:253]   --->   Operation 41 'zext' 'zext_ln1118_9' <Predicate = true> <Delay = 0.00>
ST_1 : Operation 42 [1/1] (0.66ns)   --->   "%sub_ln1118_610 = sub i39 0, %zext_ln1118_9" [firmware/nnet_utils/nnet_mult.h:73->firmware/nnet_utils/nnet_dense_resource.h:56->firmware/nnet_utils/nnet_dense_resource.h:253]   --->   Operation 42 'sub' 'sub_ln1118_610' <Predicate = true> <Delay = 0.66> <Core = "AddSub">   --->   Core 14 'AddSub' <Latency = 0> <II = 1> <Delay = 0.65> <FuncUnit> <Opcode : 'add' 'sub'> <InPorts = 2> <OutPorts = 1>
ST_1 : Operation 43 [1/1] (0.00ns)   --->   "%trunc_ln708_1402 = call i32 @_ssdm_op_PartSelect.i32.i39.i32.i32(i39 %sub_ln1118_610, i32 7, i32 38)" [firmware/nnet_utils/nnet_dense_resource.h:56->firmware/nnet_utils/nnet_dense_resource.h:253]   --->   Operation 43 'partselect' 'trunc_ln708_1402' <Predicate = true> <Delay = 0.00>
ST_1 : Operation 44 [1/1] (0.00ns)   --->   "%zext_ln1118_10 = zext i31 %data_5_V_read_3 to i39" [firmware/nnet_utils/nnet_mult.h:73->firmware/nnet_utils/nnet_dense_resource.h:56->firmware/nnet_utils/nnet_dense_resource.h:253]   --->   Operation 44 'zext' 'zext_ln1118_10' <Predicate = true> <Delay = 0.00>
ST_1 : Operation 45 [1/1] (0.00ns)   --->   "%zext_ln1118_11 = zext i31 %data_5_V_read_3 to i37" [firmware/nnet_utils/nnet_mult.h:73->firmware/nnet_utils/nnet_dense_resource.h:56->firmware/nnet_utils/nnet_dense_resource.h:253]   --->   Operation 45 'zext' 'zext_ln1118_11' <Predicate = true> <Delay = 0.00>
ST_1 : Operation 46 [1/1] (3.09ns)   --->   "%mul_ln1118_538 = mul i37 %zext_ln1118_11, 41" [firmware/nnet_utils/nnet_mult.h:73->firmware/nnet_utils/nnet_dense_resource.h:56->firmware/nnet_utils/nnet_dense_resource.h:253]   --->   Operation 46 'mul' 'mul_ln1118_538' <Predicate = true> <Delay = 3.09> <Core = "Mul">   --->   Core 16 'Mul' <Latency = 0> <II = 1> <Delay = 3.09> <FuncUnit> <Opcode : 'mul'> <InPorts = 2> <OutPorts = 1>
ST_1 : Operation 47 [1/1] (0.00ns)   --->   "%tmp_75 = call i30 @_ssdm_op_PartSelect.i30.i37.i32.i32(i37 %mul_ln1118_538, i32 7, i32 36)" [firmware/nnet_utils/nnet_dense_resource.h:56->firmware/nnet_utils/nnet_dense_resource.h:253]   --->   Operation 47 'partselect' 'tmp_75' <Predicate = true> <Delay = 0.00>
ST_1 : Operation 48 [1/1] (0.00ns)   --->   "%zext_ln708_2 = zext i30 %tmp_75 to i32" [firmware/nnet_utils/nnet_dense_resource.h:56->firmware/nnet_utils/nnet_dense_resource.h:253]   --->   Operation 48 'zext' 'zext_ln708_2' <Predicate = true> <Delay = 0.00>
ST_1 : Operation 49 [1/1] (0.00ns)   --->   "%zext_ln1118_12 = zext i31 %data_6_V_read_3 to i36" [firmware/nnet_utils/nnet_mult.h:73->firmware/nnet_utils/nnet_dense_resource.h:56->firmware/nnet_utils/nnet_dense_resource.h:253]   --->   Operation 49 'zext' 'zext_ln1118_12' <Predicate = true> <Delay = 0.00>
ST_1 : Operation 50 [1/1] (0.00ns)   --->   "%zext_ln1118_13 = zext i31 %data_6_V_read_3 to i39" [firmware/nnet_utils/nnet_mult.h:73->firmware/nnet_utils/nnet_dense_resource.h:56->firmware/nnet_utils/nnet_dense_resource.h:253]   --->   Operation 50 'zext' 'zext_ln1118_13' <Predicate = true> <Delay = 0.00>
ST_1 : Operation 51 [1/1] (3.09ns)   --->   "%mul_ln1118_539 = mul i39 %zext_ln1118_13, -110" [firmware/nnet_utils/nnet_mult.h:73->firmware/nnet_utils/nnet_dense_resource.h:56->firmware/nnet_utils/nnet_dense_resource.h:253]   --->   Operation 51 'mul' 'mul_ln1118_539' <Predicate = true> <Delay = 3.09> <Core = "Mul">   --->   Core 16 'Mul' <Latency = 0> <II = 1> <Delay = 3.09> <FuncUnit> <Opcode : 'mul'> <InPorts = 2> <OutPorts = 1>
ST_1 : Operation 52 [1/1] (0.00ns)   --->   "%trunc_ln708_1403 = call i32 @_ssdm_op_PartSelect.i32.i39.i32.i32(i39 %mul_ln1118_539, i32 7, i32 38)" [firmware/nnet_utils/nnet_dense_resource.h:56->firmware/nnet_utils/nnet_dense_resource.h:253]   --->   Operation 52 'partselect' 'trunc_ln708_1403' <Predicate = true> <Delay = 0.00>
ST_1 : Operation 53 [1/1] (0.00ns)   --->   "%zext_ln1118_14 = zext i31 %data_7_V_read_3 to i39" [firmware/nnet_utils/nnet_mult.h:73->firmware/nnet_utils/nnet_dense_resource.h:56->firmware/nnet_utils/nnet_dense_resource.h:253]   --->   Operation 53 'zext' 'zext_ln1118_14' <Predicate = true> <Delay = 0.00>
ST_1 : Operation 54 [1/1] (0.00ns)   --->   "%zext_ln1118_15 = zext i31 %data_7_V_read_3 to i38" [firmware/nnet_utils/nnet_mult.h:73->firmware/nnet_utils/nnet_dense_resource.h:56->firmware/nnet_utils/nnet_dense_resource.h:253]   --->   Operation 54 'zext' 'zext_ln1118_15' <Predicate = true> <Delay = 0.00>
ST_1 : Operation 55 [1/1] (0.00ns)   --->   "%shl_ln1118_296 = call i36 @_ssdm_op_BitConcatenate.i36.i31.i5(i31 %data_7_V_read_3, i5 0)" [firmware/nnet_utils/nnet_mult.h:73->firmware/nnet_utils/nnet_dense_resource.h:56->firmware/nnet_utils/nnet_dense_resource.h:253]   --->   Operation 55 'bitconcatenate' 'shl_ln1118_296' <Predicate = true> <Delay = 0.00>
ST_1 : Operation 56 [1/1] (0.00ns)   --->   "%zext_ln1118_16 = zext i36 %shl_ln1118_296 to i37" [firmware/nnet_utils/nnet_mult.h:73->firmware/nnet_utils/nnet_dense_resource.h:56->firmware/nnet_utils/nnet_dense_resource.h:253]   --->   Operation 56 'zext' 'zext_ln1118_16' <Predicate = true> <Delay = 0.00>
ST_1 : Operation 57 [1/1] (0.66ns)   --->   "%sub_ln1118_611 = sub i37 0, %zext_ln1118_16" [firmware/nnet_utils/nnet_mult.h:73->firmware/nnet_utils/nnet_dense_resource.h:56->firmware/nnet_utils/nnet_dense_resource.h:253]   --->   Operation 57 'sub' 'sub_ln1118_611' <Predicate = true> <Delay = 0.66> <Core = "AddSub">   --->   Core 14 'AddSub' <Latency = 0> <II = 1> <Delay = 0.65> <FuncUnit> <Opcode : 'add' 'sub'> <InPorts = 2> <OutPorts = 1>
ST_1 : Operation 58 [1/1] (0.00ns)   --->   "%tmp_1 = call i30 @_ssdm_op_PartSelect.i30.i37.i32.i32(i37 %sub_ln1118_611, i32 7, i32 36)" [firmware/nnet_utils/nnet_mult.h:73->firmware/nnet_utils/nnet_dense_resource.h:56->firmware/nnet_utils/nnet_dense_resource.h:253]   --->   Operation 58 'partselect' 'tmp_1' <Predicate = true> <Delay = 0.00>
ST_1 : Operation 59 [1/1] (0.00ns)   --->   "%sext_ln1118 = sext i30 %tmp_1 to i31" [firmware/nnet_utils/nnet_mult.h:73->firmware/nnet_utils/nnet_dense_resource.h:56->firmware/nnet_utils/nnet_dense_resource.h:253]   --->   Operation 59 'sext' 'sext_ln1118' <Predicate = true> <Delay = 0.00>
ST_1 : Operation 60 [1/1] (0.00ns)   --->   "%zext_ln1118_17 = zext i31 %data_8_V_read11 to i32" [firmware/nnet_utils/nnet_mult.h:73->firmware/nnet_utils/nnet_dense_resource.h:56->firmware/nnet_utils/nnet_dense_resource.h:253]   --->   Operation 60 'zext' 'zext_ln1118_17' <Predicate = true> <Delay = 0.00>
ST_1 : Operation 61 [1/1] (0.00ns)   --->   "%zext_ln1118_18 = zext i31 %data_8_V_read11 to i38" [firmware/nnet_utils/nnet_mult.h:73->firmware/nnet_utils/nnet_dense_resource.h:56->firmware/nnet_utils/nnet_dense_resource.h:253]   --->   Operation 61 'zext' 'zext_ln1118_18' <Predicate = true> <Delay = 0.00>
ST_1 : Operation 62 [1/1] (0.00ns)   --->   "%shl_ln1118_297 = call i38 @_ssdm_op_BitConcatenate.i38.i31.i7(i31 %data_8_V_read11, i7 0)" [firmware/nnet_utils/nnet_mult.h:73->firmware/nnet_utils/nnet_dense_resource.h:56->firmware/nnet_utils/nnet_dense_resource.h:253]   --->   Operation 62 'bitconcatenate' 'shl_ln1118_297' <Predicate = true> <Delay = 0.00>
ST_1 : Operation 63 [1/1] (0.00ns)   --->   "%zext_ln1118_19 = zext i38 %shl_ln1118_297 to i39" [firmware/nnet_utils/nnet_mult.h:73->firmware/nnet_utils/nnet_dense_resource.h:56->firmware/nnet_utils/nnet_dense_resource.h:253]   --->   Operation 63 'zext' 'zext_ln1118_19' <Predicate = true> <Delay = 0.00>
ST_1 : Operation 64 [1/1] (0.66ns)   --->   "%sub_ln1118_612 = sub i39 0, %zext_ln1118_19" [firmware/nnet_utils/nnet_mult.h:73->firmware/nnet_utils/nnet_dense_resource.h:56->firmware/nnet_utils/nnet_dense_resource.h:253]   --->   Operation 64 'sub' 'sub_ln1118_612' <Predicate = true> <Delay = 0.66> <Core = "AddSub">   --->   Core 14 'AddSub' <Latency = 0> <II = 1> <Delay = 0.65> <FuncUnit> <Opcode : 'add' 'sub'> <InPorts = 2> <OutPorts = 1>
ST_1 : Operation 65 [1/1] (0.00ns)   --->   "%trunc_ln708_1404 = call i32 @_ssdm_op_PartSelect.i32.i39.i32.i32(i39 %sub_ln1118_612, i32 7, i32 38)" [firmware/nnet_utils/nnet_dense_resource.h:56->firmware/nnet_utils/nnet_dense_resource.h:253]   --->   Operation 65 'partselect' 'trunc_ln708_1404' <Predicate = true> <Delay = 0.00>
ST_1 : Operation 66 [1/1] (0.00ns)   --->   "%zext_ln1118_20 = zext i31 %data_9_V_read12 to i39" [firmware/nnet_utils/nnet_mult.h:73->firmware/nnet_utils/nnet_dense_resource.h:56->firmware/nnet_utils/nnet_dense_resource.h:253]   --->   Operation 66 'zext' 'zext_ln1118_20' <Predicate = true> <Delay = 0.00>
ST_1 : Operation 67 [1/1] (0.00ns)   --->   "%shl_ln1118_298 = call i38 @_ssdm_op_BitConcatenate.i38.i31.i7(i31 %data_9_V_read12, i7 0)" [firmware/nnet_utils/nnet_mult.h:73->firmware/nnet_utils/nnet_dense_resource.h:56->firmware/nnet_utils/nnet_dense_resource.h:253]   --->   Operation 67 'bitconcatenate' 'shl_ln1118_298' <Predicate = true> <Delay = 0.00>
ST_1 : Operation 68 [1/1] (0.00ns)   --->   "%zext_ln1118_21 = zext i38 %shl_ln1118_298 to i39" [firmware/nnet_utils/nnet_mult.h:73->firmware/nnet_utils/nnet_dense_resource.h:56->firmware/nnet_utils/nnet_dense_resource.h:253]   --->   Operation 68 'zext' 'zext_ln1118_21' <Predicate = true> <Delay = 0.00>
ST_1 : Operation 69 [1/1] (0.66ns)   --->   "%sub_ln1118_613 = sub i39 %zext_ln1118_21, %zext_ln1118_20" [firmware/nnet_utils/nnet_mult.h:73->firmware/nnet_utils/nnet_dense_resource.h:56->firmware/nnet_utils/nnet_dense_resource.h:253]   --->   Operation 69 'sub' 'sub_ln1118_613' <Predicate = true> <Delay = 0.66> <Core = "AddSub">   --->   Core 14 'AddSub' <Latency = 0> <II = 1> <Delay = 0.65> <FuncUnit> <Opcode : 'add' 'sub'> <InPorts = 2> <OutPorts = 1>
ST_1 : Operation 70 [1/1] (0.00ns)   --->   "%trunc_ln708_1405 = call i32 @_ssdm_op_PartSelect.i32.i39.i32.i32(i39 %sub_ln1118_613, i32 7, i32 38)" [firmware/nnet_utils/nnet_dense_resource.h:56->firmware/nnet_utils/nnet_dense_resource.h:253]   --->   Operation 70 'partselect' 'trunc_ln708_1405' <Predicate = true> <Delay = 0.00>
ST_1 : Operation 71 [1/1] (0.00ns)   --->   "%zext_ln1118_22 = zext i31 %data_10_V_read_2 to i39" [firmware/nnet_utils/nnet_mult.h:73->firmware/nnet_utils/nnet_dense_resource.h:56->firmware/nnet_utils/nnet_dense_resource.h:253]   --->   Operation 71 'zext' 'zext_ln1118_22' <Predicate = true> <Delay = 0.00>
ST_1 : Operation 72 [1/1] (0.00ns)   --->   "%zext_ln1118_23 = zext i31 %data_10_V_read_2 to i38" [firmware/nnet_utils/nnet_mult.h:73->firmware/nnet_utils/nnet_dense_resource.h:56->firmware/nnet_utils/nnet_dense_resource.h:253]   --->   Operation 72 'zext' 'zext_ln1118_23' <Predicate = true> <Delay = 0.00>
ST_1 : Operation 73 [1/1] (3.09ns)   --->   "%mul_ln1118_540 = mul i38 %zext_ln1118_23, -59" [firmware/nnet_utils/nnet_mult.h:73->firmware/nnet_utils/nnet_dense_resource.h:56->firmware/nnet_utils/nnet_dense_resource.h:253]   --->   Operation 73 'mul' 'mul_ln1118_540' <Predicate = true> <Delay = 3.09> <Core = "Mul">   --->   Core 16 'Mul' <Latency = 0> <II = 1> <Delay = 3.09> <FuncUnit> <Opcode : 'mul'> <InPorts = 2> <OutPorts = 1>
ST_1 : Operation 74 [1/1] (0.00ns)   --->   "%trunc_ln708_1406 = call i31 @_ssdm_op_PartSelect.i31.i38.i32.i32(i38 %mul_ln1118_540, i32 7, i32 37)" [firmware/nnet_utils/nnet_dense_resource.h:56->firmware/nnet_utils/nnet_dense_resource.h:253]   --->   Operation 74 'partselect' 'trunc_ln708_1406' <Predicate = true> <Delay = 0.00>
ST_1 : Operation 75 [1/1] (0.00ns)   --->   "%sext_ln708 = sext i31 %trunc_ln708_1406 to i32" [firmware/nnet_utils/nnet_dense_resource.h:56->firmware/nnet_utils/nnet_dense_resource.h:253]   --->   Operation 75 'sext' 'sext_ln708' <Predicate = true> <Delay = 0.00>
ST_1 : Operation 76 [1/1] (0.00ns)   --->   "%zext_ln1118_24 = zext i31 %data_11_V_read_3 to i36" [firmware/nnet_utils/nnet_mult.h:73->firmware/nnet_utils/nnet_dense_resource.h:56->firmware/nnet_utils/nnet_dense_resource.h:253]   --->   Operation 76 'zext' 'zext_ln1118_24' <Predicate = true> <Delay = 0.00>
ST_1 : Operation 77 [1/1] (0.00ns)   --->   "%zext_ln1118_25 = zext i31 %data_11_V_read_3 to i39" [firmware/nnet_utils/nnet_mult.h:73->firmware/nnet_utils/nnet_dense_resource.h:56->firmware/nnet_utils/nnet_dense_resource.h:253]   --->   Operation 77 'zext' 'zext_ln1118_25' <Predicate = true> <Delay = 0.00>
ST_1 : Operation 78 [1/1] (0.00ns)   --->   "%shl_ln1118_299 = call i38 @_ssdm_op_BitConcatenate.i38.i31.i7(i31 %data_11_V_read_3, i7 0)" [firmware/nnet_utils/nnet_mult.h:73->firmware/nnet_utils/nnet_dense_resource.h:56->firmware/nnet_utils/nnet_dense_resource.h:253]   --->   Operation 78 'bitconcatenate' 'shl_ln1118_299' <Predicate = true> <Delay = 0.00>
ST_1 : Operation 79 [1/1] (0.00ns)   --->   "%zext_ln1118_26 = zext i38 %shl_ln1118_299 to i39" [firmware/nnet_utils/nnet_mult.h:73->firmware/nnet_utils/nnet_dense_resource.h:56->firmware/nnet_utils/nnet_dense_resource.h:253]   --->   Operation 79 'zext' 'zext_ln1118_26' <Predicate = true> <Delay = 0.00>
ST_1 : Operation 80 [1/1] (0.66ns)   --->   "%sub_ln1118_614 = sub i39 %zext_ln1118_26, %zext_ln1118_25" [firmware/nnet_utils/nnet_mult.h:73->firmware/nnet_utils/nnet_dense_resource.h:56->firmware/nnet_utils/nnet_dense_resource.h:253]   --->   Operation 80 'sub' 'sub_ln1118_614' <Predicate = true> <Delay = 0.66> <Core = "AddSub">   --->   Core 14 'AddSub' <Latency = 0> <II = 1> <Delay = 0.65> <FuncUnit> <Opcode : 'add' 'sub'> <InPorts = 2> <OutPorts = 1>
ST_1 : Operation 81 [1/1] (0.00ns)   --->   "%trunc_ln708_1407 = call i32 @_ssdm_op_PartSelect.i32.i39.i32.i32(i39 %sub_ln1118_614, i32 7, i32 38)" [firmware/nnet_utils/nnet_dense_resource.h:56->firmware/nnet_utils/nnet_dense_resource.h:253]   --->   Operation 81 'partselect' 'trunc_ln708_1407' <Predicate = true> <Delay = 0.00>
ST_1 : Operation 82 [1/1] (0.00ns)   --->   "%zext_ln1118_27 = zext i31 %data_12_V_read_3 to i39" [firmware/nnet_utils/nnet_mult.h:73->firmware/nnet_utils/nnet_dense_resource.h:56->firmware/nnet_utils/nnet_dense_resource.h:253]   --->   Operation 82 'zext' 'zext_ln1118_27' <Predicate = true> <Delay = 0.00>
ST_1 : Operation 83 [1/1] (0.00ns)   --->   "%shl_ln1118_300 = call i38 @_ssdm_op_BitConcatenate.i38.i31.i7(i31 %data_12_V_read_3, i7 0)" [firmware/nnet_utils/nnet_mult.h:73->firmware/nnet_utils/nnet_dense_resource.h:56->firmware/nnet_utils/nnet_dense_resource.h:253]   --->   Operation 83 'bitconcatenate' 'shl_ln1118_300' <Predicate = true> <Delay = 0.00>
ST_1 : Operation 84 [1/1] (0.00ns)   --->   "%zext_ln1118_28 = zext i38 %shl_ln1118_300 to i39" [firmware/nnet_utils/nnet_mult.h:73->firmware/nnet_utils/nnet_dense_resource.h:56->firmware/nnet_utils/nnet_dense_resource.h:253]   --->   Operation 84 'zext' 'zext_ln1118_28' <Predicate = true> <Delay = 0.00>
ST_1 : Operation 85 [1/1] (0.00ns)   --->   "%shl_ln1118_301 = call i36 @_ssdm_op_BitConcatenate.i36.i31.i5(i31 %data_12_V_read_3, i5 0)" [firmware/nnet_utils/nnet_mult.h:73->firmware/nnet_utils/nnet_dense_resource.h:56->firmware/nnet_utils/nnet_dense_resource.h:253]   --->   Operation 85 'bitconcatenate' 'shl_ln1118_301' <Predicate = true> <Delay = 0.00>
ST_1 : Operation 86 [1/1] (0.00ns)   --->   "%zext_ln1118_29 = zext i36 %shl_ln1118_301 to i39" [firmware/nnet_utils/nnet_mult.h:73->firmware/nnet_utils/nnet_dense_resource.h:56->firmware/nnet_utils/nnet_dense_resource.h:253]   --->   Operation 86 'zext' 'zext_ln1118_29' <Predicate = true> <Delay = 0.00>
ST_1 : Operation 87 [1/1] (0.66ns)   --->   "%sub_ln1118_615 = sub i39 %zext_ln1118_29, %zext_ln1118_28" [firmware/nnet_utils/nnet_mult.h:73->firmware/nnet_utils/nnet_dense_resource.h:56->firmware/nnet_utils/nnet_dense_resource.h:253]   --->   Operation 87 'sub' 'sub_ln1118_615' <Predicate = true> <Delay = 0.66> <Core = "AddSub">   --->   Core 14 'AddSub' <Latency = 0> <II = 1> <Delay = 0.65> <FuncUnit> <Opcode : 'add' 'sub'> <InPorts = 2> <OutPorts = 1>
ST_1 : Operation 88 [1/1] (0.00ns)   --->   "%trunc_ln708_1408 = call i32 @_ssdm_op_PartSelect.i32.i39.i32.i32(i39 %sub_ln1118_615, i32 7, i32 38)" [firmware/nnet_utils/nnet_dense_resource.h:56->firmware/nnet_utils/nnet_dense_resource.h:253]   --->   Operation 88 'partselect' 'trunc_ln708_1408' <Predicate = true> <Delay = 0.00>
ST_1 : Operation 89 [1/1] (0.00ns)   --->   "%zext_ln1118_30 = zext i31 %data_13_V_read_3 to i39" [firmware/nnet_utils/nnet_mult.h:73->firmware/nnet_utils/nnet_dense_resource.h:56->firmware/nnet_utils/nnet_dense_resource.h:253]   --->   Operation 89 'zext' 'zext_ln1118_30' <Predicate = true> <Delay = 0.00>
ST_1 : Operation 90 [1/1] (0.00ns)   --->   "%zext_ln1118_31 = zext i31 %data_13_V_read_3 to i38" [firmware/nnet_utils/nnet_mult.h:73->firmware/nnet_utils/nnet_dense_resource.h:56->firmware/nnet_utils/nnet_dense_resource.h:253]   --->   Operation 90 'zext' 'zext_ln1118_31' <Predicate = true> <Delay = 0.00>
ST_1 : Operation 91 [1/1] (0.00ns)   --->   "%shl_ln1118_302 = call i38 @_ssdm_op_BitConcatenate.i38.i31.i7(i31 %data_13_V_read_3, i7 0)" [firmware/nnet_utils/nnet_mult.h:73->firmware/nnet_utils/nnet_dense_resource.h:56->firmware/nnet_utils/nnet_dense_resource.h:253]   --->   Operation 91 'bitconcatenate' 'shl_ln1118_302' <Predicate = true> <Delay = 0.00>
ST_1 : Operation 92 [1/1] (0.00ns)   --->   "%zext_ln1118_32 = zext i38 %shl_ln1118_302 to i39" [firmware/nnet_utils/nnet_mult.h:73->firmware/nnet_utils/nnet_dense_resource.h:56->firmware/nnet_utils/nnet_dense_resource.h:253]   --->   Operation 92 'zext' 'zext_ln1118_32' <Predicate = true> <Delay = 0.00>
ST_1 : Operation 93 [1/1] (0.00ns)   --->   "%shl_ln1118_303 = call i32 @_ssdm_op_BitConcatenate.i32.i31.i1(i31 %data_13_V_read_3, i1 false)" [firmware/nnet_utils/nnet_mult.h:73->firmware/nnet_utils/nnet_dense_resource.h:56->firmware/nnet_utils/nnet_dense_resource.h:253]   --->   Operation 93 'bitconcatenate' 'shl_ln1118_303' <Predicate = true> <Delay = 0.00>
ST_1 : Operation 94 [1/1] (0.00ns)   --->   "%zext_ln1118_33 = zext i32 %shl_ln1118_303 to i39" [firmware/nnet_utils/nnet_mult.h:73->firmware/nnet_utils/nnet_dense_resource.h:56->firmware/nnet_utils/nnet_dense_resource.h:253]   --->   Operation 94 'zext' 'zext_ln1118_33' <Predicate = true> <Delay = 0.00>
ST_1 : Operation 95 [1/1] (0.66ns)   --->   "%sub_ln1118_616 = sub i39 %zext_ln1118_33, %zext_ln1118_32" [firmware/nnet_utils/nnet_mult.h:73->firmware/nnet_utils/nnet_dense_resource.h:56->firmware/nnet_utils/nnet_dense_resource.h:253]   --->   Operation 95 'sub' 'sub_ln1118_616' <Predicate = true> <Delay = 0.66> <Core = "AddSub">   --->   Core 14 'AddSub' <Latency = 0> <II = 1> <Delay = 0.65> <FuncUnit> <Opcode : 'add' 'sub'> <InPorts = 2> <OutPorts = 1>
ST_1 : Operation 96 [1/1] (0.00ns)   --->   "%trunc_ln708_1409 = call i32 @_ssdm_op_PartSelect.i32.i39.i32.i32(i39 %sub_ln1118_616, i32 7, i32 38)" [firmware/nnet_utils/nnet_dense_resource.h:56->firmware/nnet_utils/nnet_dense_resource.h:253]   --->   Operation 96 'partselect' 'trunc_ln708_1409' <Predicate = true> <Delay = 0.00>
ST_1 : Operation 97 [1/1] (0.00ns)   --->   "%zext_ln1118_34 = zext i31 %data_14_V_read_3 to i39" [firmware/nnet_utils/nnet_mult.h:73->firmware/nnet_utils/nnet_dense_resource.h:56->firmware/nnet_utils/nnet_dense_resource.h:253]   --->   Operation 97 'zext' 'zext_ln1118_34' <Predicate = true> <Delay = 0.00>
ST_1 : Operation 98 [1/1] (3.09ns)   --->   "%mul_ln1118_541 = mul i39 %zext_ln1118_34, -78" [firmware/nnet_utils/nnet_mult.h:73->firmware/nnet_utils/nnet_dense_resource.h:56->firmware/nnet_utils/nnet_dense_resource.h:253]   --->   Operation 98 'mul' 'mul_ln1118_541' <Predicate = true> <Delay = 3.09> <Core = "Mul">   --->   Core 16 'Mul' <Latency = 0> <II = 1> <Delay = 3.09> <FuncUnit> <Opcode : 'mul'> <InPorts = 2> <OutPorts = 1>
ST_1 : Operation 99 [1/1] (0.00ns)   --->   "%trunc_ln708_1410 = call i32 @_ssdm_op_PartSelect.i32.i39.i32.i32(i39 %mul_ln1118_541, i32 7, i32 38)" [firmware/nnet_utils/nnet_dense_resource.h:56->firmware/nnet_utils/nnet_dense_resource.h:253]   --->   Operation 99 'partselect' 'trunc_ln708_1410' <Predicate = true> <Delay = 0.00>
ST_1 : Operation 100 [1/1] (0.00ns)   --->   "%zext_ln1118_35 = zext i31 %data_15_V_read_3 to i39" [firmware/nnet_utils/nnet_mult.h:73->firmware/nnet_utils/nnet_dense_resource.h:56->firmware/nnet_utils/nnet_dense_resource.h:253]   --->   Operation 100 'zext' 'zext_ln1118_35' <Predicate = true> <Delay = 0.00>
ST_1 : Operation 101 [1/1] (0.00ns)   --->   "%shl_ln1118_304 = call i38 @_ssdm_op_BitConcatenate.i38.i31.i7(i31 %data_15_V_read_3, i7 0)" [firmware/nnet_utils/nnet_mult.h:73->firmware/nnet_utils/nnet_dense_resource.h:56->firmware/nnet_utils/nnet_dense_resource.h:253]   --->   Operation 101 'bitconcatenate' 'shl_ln1118_304' <Predicate = true> <Delay = 0.00>
ST_1 : Operation 102 [1/1] (0.00ns)   --->   "%zext_ln1118_36 = zext i38 %shl_ln1118_304 to i39" [firmware/nnet_utils/nnet_mult.h:73->firmware/nnet_utils/nnet_dense_resource.h:56->firmware/nnet_utils/nnet_dense_resource.h:253]   --->   Operation 102 'zext' 'zext_ln1118_36' <Predicate = true> <Delay = 0.00>
ST_1 : Operation 103 [1/1] (0.66ns)   --->   "%sub_ln1118_617 = sub i39 %zext_ln1118_36, %zext_ln1118_35" [firmware/nnet_utils/nnet_mult.h:73->firmware/nnet_utils/nnet_dense_resource.h:56->firmware/nnet_utils/nnet_dense_resource.h:253]   --->   Operation 103 'sub' 'sub_ln1118_617' <Predicate = true> <Delay = 0.66> <Core = "AddSub">   --->   Core 14 'AddSub' <Latency = 0> <II = 1> <Delay = 0.65> <FuncUnit> <Opcode : 'add' 'sub'> <InPorts = 2> <OutPorts = 1>
ST_1 : Operation 104 [1/1] (0.00ns)   --->   "%trunc_ln708_1411 = call i32 @_ssdm_op_PartSelect.i32.i39.i32.i32(i39 %sub_ln1118_617, i32 7, i32 38)" [firmware/nnet_utils/nnet_dense_resource.h:56->firmware/nnet_utils/nnet_dense_resource.h:253]   --->   Operation 104 'partselect' 'trunc_ln708_1411' <Predicate = true> <Delay = 0.00>
ST_1 : Operation 105 [1/1] (0.66ns)   --->   "%add_ln703 = add i32 %zext_ln708_1, %trunc_ln" [firmware/nnet_utils/nnet_dense_resource.h:56->firmware/nnet_utils/nnet_dense_resource.h:253]   --->   Operation 105 'add' 'add_ln703' <Predicate = true> <Delay = 0.66> <Core = "AddSub">   --->   Core 14 'AddSub' <Latency = 0> <II = 1> <Delay = 0.65> <FuncUnit> <Opcode : 'add' 'sub'> <InPorts = 2> <OutPorts = 1>
ST_1 : Operation 106 [1/1] (0.00ns) (grouped into TernaryAdder)   --->   "%add_ln703_1722 = add i32 %trunc_ln708_1402, %trunc_ln708_s" [firmware/nnet_utils/nnet_dense_resource.h:56->firmware/nnet_utils/nnet_dense_resource.h:253]   --->   Operation 106 'add' 'add_ln703_1722' <Predicate = true> <Delay = 0.00> <Core = "TAddSub">   --->   Core 83 'TAddSub' <Latency = 0> <II = 1> <Delay = 0.36> <IPBlock> <Opcode : 'add' 'sub'> <InPorts = 3> <OutPorts = 1> <Sync> <CReg>
ST_1 : Operation 107 [1/1] (0.73ns) (root node of TernaryAdder)   --->   "%add_ln703_1723 = add i32 %add_ln703, %add_ln703_1722" [firmware/nnet_utils/nnet_dense_resource.h:56->firmware/nnet_utils/nnet_dense_resource.h:253]   --->   Operation 107 'add' 'add_ln703_1723' <Predicate = true> <Delay = 0.73> <Core = "TAddSub">   --->   Core 83 'TAddSub' <Latency = 0> <II = 1> <Delay = 0.36> <IPBlock> <Opcode : 'add' 'sub'> <InPorts = 3> <OutPorts = 1> <Sync> <CReg>
ST_1 : Operation 108 [1/1] (0.66ns)   --->   "%add_ln703_1724 = add i32 %trunc_ln708_1403, %zext_ln708_2" [firmware/nnet_utils/nnet_dense_resource.h:56->firmware/nnet_utils/nnet_dense_resource.h:253]   --->   Operation 108 'add' 'add_ln703_1724' <Predicate = true> <Delay = 0.66> <Core = "AddSub">   --->   Core 14 'AddSub' <Latency = 0> <II = 1> <Delay = 0.65> <FuncUnit> <Opcode : 'add' 'sub'> <InPorts = 2> <OutPorts = 1>
ST_1 : Operation 109 [1/1] (0.66ns)   --->   "%add_ln703_1725 = add i32 %trunc_ln708_1405, %trunc_ln708_1404" [firmware/nnet_utils/nnet_dense_resource.h:56->firmware/nnet_utils/nnet_dense_resource.h:253]   --->   Operation 109 'add' 'add_ln703_1725' <Predicate = true> <Delay = 0.66> <Core = "AddSub">   --->   Core 14 'AddSub' <Latency = 0> <II = 1> <Delay = 0.65> <FuncUnit> <Opcode : 'add' 'sub'> <InPorts = 2> <OutPorts = 1>
ST_1 : Operation 110 [1/1] (0.00ns) (grouped into TernaryAdder)   --->   "%add_ln703_1726 = add i32 %add_ln703_1724, %add_ln703_1725" [firmware/nnet_utils/nnet_dense_resource.h:56->firmware/nnet_utils/nnet_dense_resource.h:253]   --->   Operation 110 'add' 'add_ln703_1726' <Predicate = true> <Delay = 0.00> <Core = "TAddSub">   --->   Core 83 'TAddSub' <Latency = 0> <II = 1> <Delay = 0.36> <IPBlock> <Opcode : 'add' 'sub'> <InPorts = 3> <OutPorts = 1> <Sync> <CReg>
ST_1 : Operation 111 [1/1] (0.73ns) (root node of TernaryAdder)   --->   "%add_ln703_1727 = add i32 %add_ln703_1723, %add_ln703_1726" [firmware/nnet_utils/nnet_dense_resource.h:56->firmware/nnet_utils/nnet_dense_resource.h:253]   --->   Operation 111 'add' 'add_ln703_1727' <Predicate = true> <Delay = 0.73> <Core = "TAddSub">   --->   Core 83 'TAddSub' <Latency = 0> <II = 1> <Delay = 0.36> <IPBlock> <Opcode : 'add' 'sub'> <InPorts = 3> <OutPorts = 1> <Sync> <CReg>
ST_1 : Operation 112 [1/1] (0.66ns)   --->   "%add_ln703_1728 = add i32 %trunc_ln708_1407, %sext_ln708" [firmware/nnet_utils/nnet_dense_resource.h:56->firmware/nnet_utils/nnet_dense_resource.h:253]   --->   Operation 112 'add' 'add_ln703_1728' <Predicate = true> <Delay = 0.66> <Core = "AddSub">   --->   Core 14 'AddSub' <Latency = 0> <II = 1> <Delay = 0.65> <FuncUnit> <Opcode : 'add' 'sub'> <InPorts = 2> <OutPorts = 1>
ST_1 : Operation 113 [1/1] (0.00ns) (grouped into TernaryAdder)   --->   "%add_ln703_1729 = add i32 %trunc_ln708_1409, %trunc_ln708_1408" [firmware/nnet_utils/nnet_dense_resource.h:56->firmware/nnet_utils/nnet_dense_resource.h:253]   --->   Operation 113 'add' 'add_ln703_1729' <Predicate = true> <Delay = 0.00> <Core = "TAddSub">   --->   Core 83 'TAddSub' <Latency = 0> <II = 1> <Delay = 0.36> <IPBlock> <Opcode : 'add' 'sub'> <InPorts = 3> <OutPorts = 1> <Sync> <CReg>
ST_1 : Operation 114 [1/1] (0.73ns) (root node of TernaryAdder)   --->   "%add_ln703_1730 = add i32 %add_ln703_1728, %add_ln703_1729" [firmware/nnet_utils/nnet_dense_resource.h:56->firmware/nnet_utils/nnet_dense_resource.h:253]   --->   Operation 114 'add' 'add_ln703_1730' <Predicate = true> <Delay = 0.73> <Core = "TAddSub">   --->   Core 83 'TAddSub' <Latency = 0> <II = 1> <Delay = 0.36> <IPBlock> <Opcode : 'add' 'sub'> <InPorts = 3> <OutPorts = 1> <Sync> <CReg>
ST_1 : Operation 115 [1/1] (0.66ns)   --->   "%add_ln703_1731 = add i32 %trunc_ln708_1411, %trunc_ln708_1410" [firmware/nnet_utils/nnet_dense_resource.h:56->firmware/nnet_utils/nnet_dense_resource.h:253]   --->   Operation 115 'add' 'add_ln703_1731' <Predicate = true> <Delay = 0.66> <Core = "AddSub">   --->   Core 14 'AddSub' <Latency = 0> <II = 1> <Delay = 0.65> <FuncUnit> <Opcode : 'add' 'sub'> <InPorts = 2> <OutPorts = 1>
ST_1 : Operation 116 [1/1] (0.65ns)   --->   "%add_ln703_1732 = add i31 %sext_ln1118, -14336" [firmware/nnet_utils/nnet_dense_resource.h:56->firmware/nnet_utils/nnet_dense_resource.h:253]   --->   Operation 116 'add' 'add_ln703_1732' <Predicate = true> <Delay = 0.65> <Core = "AddSub">   --->   Core 14 'AddSub' <Latency = 0> <II = 1> <Delay = 0.65> <FuncUnit> <Opcode : 'add' 'sub'> <InPorts = 2> <OutPorts = 1>
ST_1 : Operation 117 [1/1] (0.00ns)   --->   "%sext_ln703 = sext i31 %add_ln703_1732 to i32" [firmware/nnet_utils/nnet_dense_resource.h:56->firmware/nnet_utils/nnet_dense_resource.h:253]   --->   Operation 117 'sext' 'sext_ln703' <Predicate = true> <Delay = 0.00>
ST_1 : Operation 118 [1/1] (0.00ns) (grouped into TernaryAdder)   --->   "%add_ln703_1733 = add i32 %zext_ln708, %sext_ln703" [firmware/nnet_utils/nnet_dense_resource.h:56->firmware/nnet_utils/nnet_dense_resource.h:253]   --->   Operation 118 'add' 'add_ln703_1733' <Predicate = true> <Delay = 0.00> <Core = "TAddSub">   --->   Core 83 'TAddSub' <Latency = 0> <II = 1> <Delay = 0.36> <IPBlock> <Opcode : 'add' 'sub'> <InPorts = 3> <OutPorts = 1> <Sync> <CReg>
ST_1 : Operation 119 [1/1] (0.73ns) (root node of TernaryAdder)   --->   "%add_ln703_1734 = add i32 %add_ln703_1731, %add_ln703_1733" [firmware/nnet_utils/nnet_dense_resource.h:56->firmware/nnet_utils/nnet_dense_resource.h:253]   --->   Operation 119 'add' 'add_ln703_1734' <Predicate = true> <Delay = 0.73> <Core = "TAddSub">   --->   Core 83 'TAddSub' <Latency = 0> <II = 1> <Delay = 0.36> <IPBlock> <Opcode : 'add' 'sub'> <InPorts = 3> <OutPorts = 1> <Sync> <CReg>
ST_1 : Operation 120 [1/1] (0.00ns) (grouped into TernaryAdder)   --->   "%add_ln703_1735 = add i32 %add_ln703_1730, %add_ln703_1734" [firmware/nnet_utils/nnet_dense_resource.h:56->firmware/nnet_utils/nnet_dense_resource.h:253]   --->   Operation 120 'add' 'add_ln703_1735' <Predicate = true> <Delay = 0.00> <Core = "TAddSub">   --->   Core 83 'TAddSub' <Latency = 0> <II = 1> <Delay = 0.36> <IPBlock> <Opcode : 'add' 'sub'> <InPorts = 3> <OutPorts = 1> <Sync> <CReg>
ST_1 : Operation 121 [1/1] (0.73ns) (root node of TernaryAdder)   --->   "%add_ln703_1736 = add i32 %add_ln703_1727, %add_ln703_1735" [firmware/nnet_utils/nnet_dense_resource.h:56->firmware/nnet_utils/nnet_dense_resource.h:253]   --->   Operation 121 'add' 'add_ln703_1736' <Predicate = true> <Delay = 0.73> <Core = "TAddSub">   --->   Core 83 'TAddSub' <Latency = 0> <II = 1> <Delay = 0.36> <IPBlock> <Opcode : 'add' 'sub'> <InPorts = 3> <OutPorts = 1> <Sync> <CReg>
ST_1 : Operation 122 [1/1] (0.00ns)   --->   "%shl_ln1118_305 = call i33 @_ssdm_op_BitConcatenate.i33.i31.i2(i31 %data_0_V_read_3, i2 0)" [firmware/nnet_utils/nnet_mult.h:73->firmware/nnet_utils/nnet_dense_resource.h:56->firmware/nnet_utils/nnet_dense_resource.h:253]   --->   Operation 122 'bitconcatenate' 'shl_ln1118_305' <Predicate = true> <Delay = 0.00>
ST_1 : Operation 123 [1/1] (0.00ns)   --->   "%zext_ln1118_37 = zext i33 %shl_ln1118_305 to i39" [firmware/nnet_utils/nnet_mult.h:73->firmware/nnet_utils/nnet_dense_resource.h:56->firmware/nnet_utils/nnet_dense_resource.h:253]   --->   Operation 123 'zext' 'zext_ln1118_37' <Predicate = true> <Delay = 0.00>
ST_1 : Operation 124 [1/1] (0.66ns)   --->   "%sub_ln1118_618 = sub i39 %zext_ln1118_37, %zext_ln1118" [firmware/nnet_utils/nnet_mult.h:73->firmware/nnet_utils/nnet_dense_resource.h:56->firmware/nnet_utils/nnet_dense_resource.h:253]   --->   Operation 124 'sub' 'sub_ln1118_618' <Predicate = true> <Delay = 0.66> <Core = "AddSub">   --->   Core 14 'AddSub' <Latency = 0> <II = 1> <Delay = 0.65> <FuncUnit> <Opcode : 'add' 'sub'> <InPorts = 2> <OutPorts = 1>
ST_1 : Operation 125 [1/1] (0.00ns)   --->   "%trunc_ln708_1412 = call i32 @_ssdm_op_PartSelect.i32.i39.i32.i32(i39 %sub_ln1118_618, i32 7, i32 38)" [firmware/nnet_utils/nnet_dense_resource.h:56->firmware/nnet_utils/nnet_dense_resource.h:253]   --->   Operation 125 'partselect' 'trunc_ln708_1412' <Predicate = true> <Delay = 0.00>
ST_1 : Operation 126 [1/1] (3.09ns)   --->   "%mul_ln1118_542 = mul i39 %zext_ln1118_1, -115" [firmware/nnet_utils/nnet_mult.h:73->firmware/nnet_utils/nnet_dense_resource.h:56->firmware/nnet_utils/nnet_dense_resource.h:253]   --->   Operation 126 'mul' 'mul_ln1118_542' <Predicate = true> <Delay = 3.09> <Core = "Mul">   --->   Core 16 'Mul' <Latency = 0> <II = 1> <Delay = 3.09> <FuncUnit> <Opcode : 'mul'> <InPorts = 2> <OutPorts = 1>
ST_1 : Operation 127 [1/1] (0.00ns)   --->   "%trunc_ln708_1413 = call i32 @_ssdm_op_PartSelect.i32.i39.i32.i32(i39 %mul_ln1118_542, i32 7, i32 38)" [firmware/nnet_utils/nnet_dense_resource.h:56->firmware/nnet_utils/nnet_dense_resource.h:253]   --->   Operation 127 'partselect' 'trunc_ln708_1413' <Predicate = true> <Delay = 0.00>
ST_1 : Operation 128 [1/1] (0.00ns)   --->   "%zext_ln1118_38 = zext i31 %data_2_V_read_3 to i38" [firmware/nnet_utils/nnet_mult.h:73->firmware/nnet_utils/nnet_dense_resource.h:56->firmware/nnet_utils/nnet_dense_resource.h:253]   --->   Operation 128 'zext' 'zext_ln1118_38' <Predicate = true> <Delay = 0.00>
ST_1 : Operation 129 [1/1] (3.09ns)   --->   "%mul_ln708 = mul i38 %zext_ln1118_38, 114" [firmware/nnet_utils/nnet_dense_resource.h:56->firmware/nnet_utils/nnet_dense_resource.h:253]   --->   Operation 129 'mul' 'mul_ln708' <Predicate = true> <Delay = 3.09> <Core = "Mul">   --->   Core 16 'Mul' <Latency = 0> <II = 1> <Delay = 3.09> <FuncUnit> <Opcode : 'mul'> <InPorts = 2> <OutPorts = 1>
ST_1 : Operation 130 [1/1] (0.00ns)   --->   "%tmp_76 = call i31 @_ssdm_op_PartSelect.i31.i38.i32.i32(i38 %mul_ln708, i32 7, i32 37)" [firmware/nnet_utils/nnet_dense_resource.h:56->firmware/nnet_utils/nnet_dense_resource.h:253]   --->   Operation 130 'partselect' 'tmp_76' <Predicate = true> <Delay = 0.00>
ST_1 : Operation 131 [1/1] (0.00ns)   --->   "%zext_ln708_3 = zext i31 %tmp_76 to i32" [firmware/nnet_utils/nnet_dense_resource.h:56->firmware/nnet_utils/nnet_dense_resource.h:253]   --->   Operation 131 'zext' 'zext_ln708_3' <Predicate = true> <Delay = 0.00>
ST_1 : Operation 132 [1/1] (0.00ns)   --->   "%tmp_77 = call i37 @_ssdm_op_BitConcatenate.i37.i31.i6(i31 %data_3_V_read_3, i6 0)" [firmware/nnet_utils/nnet_mult.h:73->firmware/nnet_utils/nnet_dense_resource.h:56->firmware/nnet_utils/nnet_dense_resource.h:253]   --->   Operation 132 'bitconcatenate' 'tmp_77' <Predicate = true> <Delay = 0.00>
ST_1 : Operation 133 [1/1] (0.00ns)   --->   "%zext_ln1118_39 = zext i37 %tmp_77 to i38" [firmware/nnet_utils/nnet_mult.h:73->firmware/nnet_utils/nnet_dense_resource.h:56->firmware/nnet_utils/nnet_dense_resource.h:253]   --->   Operation 133 'zext' 'zext_ln1118_39' <Predicate = true> <Delay = 0.00>
ST_1 : Operation 134 [1/1] (0.66ns)   --->   "%sub_ln1118_685 = sub i38 %zext_ln1118_7, %zext_ln1118_39" [firmware/nnet_utils/nnet_mult.h:73->firmware/nnet_utils/nnet_dense_resource.h:56->firmware/nnet_utils/nnet_dense_resource.h:253]   --->   Operation 134 'sub' 'sub_ln1118_685' <Predicate = true> <Delay = 0.66> <Core = "AddSub">   --->   Core 14 'AddSub' <Latency = 0> <II = 1> <Delay = 0.65> <FuncUnit> <Opcode : 'add' 'sub'> <InPorts = 2> <OutPorts = 1>
ST_1 : Operation 135 [1/1] (0.00ns)   --->   "%trunc_ln708_1414 = call i31 @_ssdm_op_PartSelect.i31.i38.i32.i32(i38 %sub_ln1118_685, i32 7, i32 37)" [firmware/nnet_utils/nnet_dense_resource.h:56->firmware/nnet_utils/nnet_dense_resource.h:253]   --->   Operation 135 'partselect' 'trunc_ln708_1414' <Predicate = true> <Delay = 0.00>
ST_1 : Operation 136 [1/1] (0.00ns)   --->   "%sext_ln708_456 = sext i31 %trunc_ln708_1414 to i32" [firmware/nnet_utils/nnet_dense_resource.h:56->firmware/nnet_utils/nnet_dense_resource.h:253]   --->   Operation 136 'sext' 'sext_ln708_456' <Predicate = true> <Delay = 0.00>
ST_1 : Operation 137 [1/1] (3.09ns)   --->   "%mul_ln1118_543 = mul i39 %zext_ln1118_8, -108" [firmware/nnet_utils/nnet_mult.h:73->firmware/nnet_utils/nnet_dense_resource.h:56->firmware/nnet_utils/nnet_dense_resource.h:253]   --->   Operation 137 'mul' 'mul_ln1118_543' <Predicate = true> <Delay = 3.09> <Core = "Mul">   --->   Core 16 'Mul' <Latency = 0> <II = 1> <Delay = 3.09> <FuncUnit> <Opcode : 'mul'> <InPorts = 2> <OutPorts = 1>
ST_1 : Operation 138 [1/1] (0.00ns)   --->   "%trunc_ln708_1415 = call i32 @_ssdm_op_PartSelect.i32.i39.i32.i32(i39 %mul_ln1118_543, i32 7, i32 38)" [firmware/nnet_utils/nnet_dense_resource.h:56->firmware/nnet_utils/nnet_dense_resource.h:253]   --->   Operation 138 'partselect' 'trunc_ln708_1415' <Predicate = true> <Delay = 0.00>
ST_1 : Operation 139 [1/1] (0.00ns)   --->   "%shl_ln1118_306 = call i38 @_ssdm_op_BitConcatenate.i38.i31.i7(i31 %data_5_V_read_3, i7 0)" [firmware/nnet_utils/nnet_mult.h:73->firmware/nnet_utils/nnet_dense_resource.h:56->firmware/nnet_utils/nnet_dense_resource.h:253]   --->   Operation 139 'bitconcatenate' 'shl_ln1118_306' <Predicate = true> <Delay = 0.00>
ST_1 : Operation 140 [1/1] (0.00ns)   --->   "%zext_ln1118_40 = zext i38 %shl_ln1118_306 to i39" [firmware/nnet_utils/nnet_mult.h:73->firmware/nnet_utils/nnet_dense_resource.h:56->firmware/nnet_utils/nnet_dense_resource.h:253]   --->   Operation 140 'zext' 'zext_ln1118_40' <Predicate = true> <Delay = 0.00>
ST_1 : Operation 141 [1/1] (0.66ns)   --->   "%sub_ln1118_619 = sub i39 %zext_ln1118_40, %zext_ln1118_10" [firmware/nnet_utils/nnet_mult.h:73->firmware/nnet_utils/nnet_dense_resource.h:56->firmware/nnet_utils/nnet_dense_resource.h:253]   --->   Operation 141 'sub' 'sub_ln1118_619' <Predicate = true> <Delay = 0.66> <Core = "AddSub">   --->   Core 14 'AddSub' <Latency = 0> <II = 1> <Delay = 0.65> <FuncUnit> <Opcode : 'add' 'sub'> <InPorts = 2> <OutPorts = 1>
ST_1 : Operation 142 [1/1] (0.00ns)   --->   "%trunc_ln708_1416 = call i32 @_ssdm_op_PartSelect.i32.i39.i32.i32(i39 %sub_ln1118_619, i32 7, i32 38)" [firmware/nnet_utils/nnet_dense_resource.h:56->firmware/nnet_utils/nnet_dense_resource.h:253]   --->   Operation 142 'partselect' 'trunc_ln708_1416' <Predicate = true> <Delay = 0.00>
ST_1 : Operation 143 [1/1] (3.09ns)   --->   "%mul_ln1118_544 = mul i36 %zext_ln1118_12, 25" [firmware/nnet_utils/nnet_mult.h:73->firmware/nnet_utils/nnet_dense_resource.h:56->firmware/nnet_utils/nnet_dense_resource.h:253]   --->   Operation 143 'mul' 'mul_ln1118_544' <Predicate = true> <Delay = 3.09> <Core = "Mul">   --->   Core 16 'Mul' <Latency = 0> <II = 1> <Delay = 3.09> <FuncUnit> <Opcode : 'mul'> <InPorts = 2> <OutPorts = 1>
ST_1 : Operation 144 [1/1] (0.00ns)   --->   "%tmp_78 = call i29 @_ssdm_op_PartSelect.i29.i36.i32.i32(i36 %mul_ln1118_544, i32 7, i32 35)" [firmware/nnet_utils/nnet_dense_resource.h:56->firmware/nnet_utils/nnet_dense_resource.h:253]   --->   Operation 144 'partselect' 'tmp_78' <Predicate = true> <Delay = 0.00>
ST_1 : Operation 145 [1/1] (0.00ns)   --->   "%zext_ln708_4 = zext i29 %tmp_78 to i32" [firmware/nnet_utils/nnet_dense_resource.h:56->firmware/nnet_utils/nnet_dense_resource.h:253]   --->   Operation 145 'zext' 'zext_ln708_4' <Predicate = true> <Delay = 0.00>
ST_1 : Operation 146 [1/1] (3.09ns)   --->   "%mul_ln708_1 = mul i38 %zext_ln1118_15, 125" [firmware/nnet_utils/nnet_dense_resource.h:56->firmware/nnet_utils/nnet_dense_resource.h:253]   --->   Operation 146 'mul' 'mul_ln708_1' <Predicate = true> <Delay = 3.09> <Core = "Mul">   --->   Core 16 'Mul' <Latency = 0> <II = 1> <Delay = 3.09> <FuncUnit> <Opcode : 'mul'> <InPorts = 2> <OutPorts = 1>
ST_1 : Operation 147 [1/1] (0.00ns)   --->   "%tmp_79 = call i31 @_ssdm_op_PartSelect.i31.i38.i32.i32(i38 %mul_ln708_1, i32 7, i32 37)" [firmware/nnet_utils/nnet_dense_resource.h:56->firmware/nnet_utils/nnet_dense_resource.h:253]   --->   Operation 147 'partselect' 'tmp_79' <Predicate = true> <Delay = 0.00>
ST_1 : Operation 148 [1/1] (0.00ns)   --->   "%zext_ln708_5 = zext i31 %tmp_79 to i32" [firmware/nnet_utils/nnet_dense_resource.h:56->firmware/nnet_utils/nnet_dense_resource.h:253]   --->   Operation 148 'zext' 'zext_ln708_5' <Predicate = true> <Delay = 0.00>
ST_1 : Operation 149 [1/1] (0.66ns)   --->   "%sub_ln1118_620 = sub i32 0, %zext_ln1118_17" [firmware/nnet_utils/nnet_mult.h:73->firmware/nnet_utils/nnet_dense_resource.h:56->firmware/nnet_utils/nnet_dense_resource.h:253]   --->   Operation 149 'sub' 'sub_ln1118_620' <Predicate = true> <Delay = 0.66> <Core = "AddSub">   --->   Core 14 'AddSub' <Latency = 0> <II = 1> <Delay = 0.65> <FuncUnit> <Opcode : 'add' 'sub'> <InPorts = 2> <OutPorts = 1>
ST_1 : Operation 150 [1/1] (0.00ns)   --->   "%tmp_2 = call i25 @_ssdm_op_PartSelect.i25.i32.i32.i32(i32 %sub_ln1118_620, i32 7, i32 31)" [firmware/nnet_utils/nnet_mult.h:73->firmware/nnet_utils/nnet_dense_resource.h:56->firmware/nnet_utils/nnet_dense_resource.h:253]   --->   Operation 150 'partselect' 'tmp_2' <Predicate = true> <Delay = 0.00>
ST_1 : Operation 151 [1/1] (0.00ns)   --->   "%sext_ln1118_1323 = sext i25 %tmp_2 to i26" [firmware/nnet_utils/nnet_mult.h:73->firmware/nnet_utils/nnet_dense_resource.h:56->firmware/nnet_utils/nnet_dense_resource.h:253]   --->   Operation 151 'sext' 'sext_ln1118_1323' <Predicate = true> <Delay = 0.00>
ST_1 : Operation 152 [1/1] (0.00ns)   --->   "%shl_ln1118_307 = call i36 @_ssdm_op_BitConcatenate.i36.i31.i5(i31 %data_9_V_read12, i5 0)" [firmware/nnet_utils/nnet_mult.h:73->firmware/nnet_utils/nnet_dense_resource.h:56->firmware/nnet_utils/nnet_dense_resource.h:253]   --->   Operation 152 'bitconcatenate' 'shl_ln1118_307' <Predicate = true> <Delay = 0.00>
ST_1 : Operation 153 [1/1] (0.00ns)   --->   "%zext_ln1118_41 = zext i36 %shl_ln1118_307 to i37" [firmware/nnet_utils/nnet_mult.h:73->firmware/nnet_utils/nnet_dense_resource.h:56->firmware/nnet_utils/nnet_dense_resource.h:253]   --->   Operation 153 'zext' 'zext_ln1118_41' <Predicate = true> <Delay = 0.00>
ST_1 : Operation 154 [1/1] (0.00ns)   --->   "%shl_ln1118_308 = call i33 @_ssdm_op_BitConcatenate.i33.i31.i2(i31 %data_9_V_read12, i2 0)" [firmware/nnet_utils/nnet_mult.h:73->firmware/nnet_utils/nnet_dense_resource.h:56->firmware/nnet_utils/nnet_dense_resource.h:253]   --->   Operation 154 'bitconcatenate' 'shl_ln1118_308' <Predicate = true> <Delay = 0.00>
ST_1 : Operation 155 [1/1] (0.00ns)   --->   "%zext_ln1118_42 = zext i33 %shl_ln1118_308 to i37" [firmware/nnet_utils/nnet_mult.h:73->firmware/nnet_utils/nnet_dense_resource.h:56->firmware/nnet_utils/nnet_dense_resource.h:253]   --->   Operation 155 'zext' 'zext_ln1118_42' <Predicate = true> <Delay = 0.00>
ST_1 : Operation 156 [1/1] (0.66ns)   --->   "%sub_ln1118_621 = sub i37 %zext_ln1118_42, %zext_ln1118_41" [firmware/nnet_utils/nnet_mult.h:73->firmware/nnet_utils/nnet_dense_resource.h:56->firmware/nnet_utils/nnet_dense_resource.h:253]   --->   Operation 156 'sub' 'sub_ln1118_621' <Predicate = true> <Delay = 0.66> <Core = "AddSub">   --->   Core 14 'AddSub' <Latency = 0> <II = 1> <Delay = 0.65> <FuncUnit> <Opcode : 'add' 'sub'> <InPorts = 2> <OutPorts = 1>
ST_1 : Operation 157 [1/1] (0.00ns)   --->   "%trunc_ln708_1417 = call i30 @_ssdm_op_PartSelect.i30.i37.i32.i32(i37 %sub_ln1118_621, i32 7, i32 36)" [firmware/nnet_utils/nnet_dense_resource.h:56->firmware/nnet_utils/nnet_dense_resource.h:253]   --->   Operation 157 'partselect' 'trunc_ln708_1417' <Predicate = true> <Delay = 0.00>
ST_1 : Operation 158 [1/1] (0.00ns)   --->   "%sext_ln708_457 = sext i30 %trunc_ln708_1417 to i32" [firmware/nnet_utils/nnet_dense_resource.h:56->firmware/nnet_utils/nnet_dense_resource.h:253]   --->   Operation 158 'sext' 'sext_ln708_457' <Predicate = true> <Delay = 0.00>
ST_1 : Operation 159 [1/1] (0.00ns)   --->   "%shl_ln1118_309 = call i38 @_ssdm_op_BitConcatenate.i38.i31.i7(i31 %data_10_V_read_2, i7 0)" [firmware/nnet_utils/nnet_mult.h:73->firmware/nnet_utils/nnet_dense_resource.h:56->firmware/nnet_utils/nnet_dense_resource.h:253]   --->   Operation 159 'bitconcatenate' 'shl_ln1118_309' <Predicate = true> <Delay = 0.00>
ST_1 : Operation 160 [1/1] (0.00ns)   --->   "%zext_ln1118_43 = zext i38 %shl_ln1118_309 to i39" [firmware/nnet_utils/nnet_mult.h:73->firmware/nnet_utils/nnet_dense_resource.h:56->firmware/nnet_utils/nnet_dense_resource.h:253]   --->   Operation 160 'zext' 'zext_ln1118_43' <Predicate = true> <Delay = 0.00>
ST_1 : Operation 161 [1/1] (0.66ns)   --->   "%sub_ln1118_622 = sub i39 %zext_ln1118_43, %zext_ln1118_22" [firmware/nnet_utils/nnet_mult.h:73->firmware/nnet_utils/nnet_dense_resource.h:56->firmware/nnet_utils/nnet_dense_resource.h:253]   --->   Operation 161 'sub' 'sub_ln1118_622' <Predicate = true> <Delay = 0.66> <Core = "AddSub">   --->   Core 14 'AddSub' <Latency = 0> <II = 1> <Delay = 0.65> <FuncUnit> <Opcode : 'add' 'sub'> <InPorts = 2> <OutPorts = 1>
ST_1 : Operation 162 [1/1] (0.00ns)   --->   "%trunc_ln708_1418 = call i32 @_ssdm_op_PartSelect.i32.i39.i32.i32(i39 %sub_ln1118_622, i32 7, i32 38)" [firmware/nnet_utils/nnet_dense_resource.h:56->firmware/nnet_utils/nnet_dense_resource.h:253]   --->   Operation 162 'partselect' 'trunc_ln708_1418' <Predicate = true> <Delay = 0.00>
ST_1 : Operation 163 [1/1] (3.09ns)   --->   "%mul_ln1118_545 = mul i36 %zext_ln1118_24, -11" [firmware/nnet_utils/nnet_mult.h:73->firmware/nnet_utils/nnet_dense_resource.h:56->firmware/nnet_utils/nnet_dense_resource.h:253]   --->   Operation 163 'mul' 'mul_ln1118_545' <Predicate = true> <Delay = 3.09> <Core = "Mul">   --->   Core 16 'Mul' <Latency = 0> <II = 1> <Delay = 3.09> <FuncUnit> <Opcode : 'mul'> <InPorts = 2> <OutPorts = 1>
ST_1 : Operation 164 [1/1] (0.00ns)   --->   "%tmp_3 = call i29 @_ssdm_op_PartSelect.i29.i36.i32.i32(i36 %mul_ln1118_545, i32 7, i32 35)" [firmware/nnet_utils/nnet_mult.h:73->firmware/nnet_utils/nnet_dense_resource.h:56->firmware/nnet_utils/nnet_dense_resource.h:253]   --->   Operation 164 'partselect' 'tmp_3' <Predicate = true> <Delay = 0.00>
ST_1 : Operation 165 [1/1] (0.00ns)   --->   "%sext_ln1118_1324 = sext i29 %tmp_3 to i30" [firmware/nnet_utils/nnet_mult.h:73->firmware/nnet_utils/nnet_dense_resource.h:56->firmware/nnet_utils/nnet_dense_resource.h:253]   --->   Operation 165 'sext' 'sext_ln1118_1324' <Predicate = true> <Delay = 0.00>
ST_1 : Operation 166 [1/1] (3.09ns)   --->   "%mul_ln1118_546 = mul i39 %zext_ln1118_27, -103" [firmware/nnet_utils/nnet_mult.h:73->firmware/nnet_utils/nnet_dense_resource.h:56->firmware/nnet_utils/nnet_dense_resource.h:253]   --->   Operation 166 'mul' 'mul_ln1118_546' <Predicate = true> <Delay = 3.09> <Core = "Mul">   --->   Core 16 'Mul' <Latency = 0> <II = 1> <Delay = 3.09> <FuncUnit> <Opcode : 'mul'> <InPorts = 2> <OutPorts = 1>
ST_1 : Operation 167 [1/1] (0.00ns)   --->   "%trunc_ln708_1419 = call i32 @_ssdm_op_PartSelect.i32.i39.i32.i32(i39 %mul_ln1118_546, i32 7, i32 38)" [firmware/nnet_utils/nnet_dense_resource.h:56->firmware/nnet_utils/nnet_dense_resource.h:253]   --->   Operation 167 'partselect' 'trunc_ln708_1419' <Predicate = true> <Delay = 0.00>
ST_1 : Operation 168 [1/1] (3.09ns)   --->   "%mul_ln708_2 = mul i38 %zext_ln1118_31, 114" [firmware/nnet_utils/nnet_dense_resource.h:56->firmware/nnet_utils/nnet_dense_resource.h:253]   --->   Operation 168 'mul' 'mul_ln708_2' <Predicate = true> <Delay = 3.09> <Core = "Mul">   --->   Core 16 'Mul' <Latency = 0> <II = 1> <Delay = 3.09> <FuncUnit> <Opcode : 'mul'> <InPorts = 2> <OutPorts = 1>
ST_1 : Operation 169 [1/1] (0.00ns)   --->   "%tmp_80 = call i31 @_ssdm_op_PartSelect.i31.i38.i32.i32(i38 %mul_ln708_2, i32 7, i32 37)" [firmware/nnet_utils/nnet_dense_resource.h:56->firmware/nnet_utils/nnet_dense_resource.h:253]   --->   Operation 169 'partselect' 'tmp_80' <Predicate = true> <Delay = 0.00>
ST_1 : Operation 170 [1/1] (0.00ns)   --->   "%zext_ln708_6 = zext i31 %tmp_80 to i32" [firmware/nnet_utils/nnet_dense_resource.h:56->firmware/nnet_utils/nnet_dense_resource.h:253]   --->   Operation 170 'zext' 'zext_ln708_6' <Predicate = true> <Delay = 0.00>
ST_1 : Operation 171 [1/1] (3.09ns)   --->   "%mul_ln1118_547 = mul i39 %zext_ln1118_34, -75" [firmware/nnet_utils/nnet_mult.h:73->firmware/nnet_utils/nnet_dense_resource.h:56->firmware/nnet_utils/nnet_dense_resource.h:253]   --->   Operation 171 'mul' 'mul_ln1118_547' <Predicate = true> <Delay = 3.09> <Core = "Mul">   --->   Core 16 'Mul' <Latency = 0> <II = 1> <Delay = 3.09> <FuncUnit> <Opcode : 'mul'> <InPorts = 2> <OutPorts = 1>
ST_1 : Operation 172 [1/1] (0.00ns)   --->   "%trunc_ln708_1420 = call i32 @_ssdm_op_PartSelect.i32.i39.i32.i32(i39 %mul_ln1118_547, i32 7, i32 38)" [firmware/nnet_utils/nnet_dense_resource.h:56->firmware/nnet_utils/nnet_dense_resource.h:253]   --->   Operation 172 'partselect' 'trunc_ln708_1420' <Predicate = true> <Delay = 0.00>
ST_1 : Operation 173 [1/1] (3.09ns)   --->   "%mul_ln1118_548 = mul i39 %zext_ln1118_35, -69" [firmware/nnet_utils/nnet_mult.h:73->firmware/nnet_utils/nnet_dense_resource.h:56->firmware/nnet_utils/nnet_dense_resource.h:253]   --->   Operation 173 'mul' 'mul_ln1118_548' <Predicate = true> <Delay = 3.09> <Core = "Mul">   --->   Core 16 'Mul' <Latency = 0> <II = 1> <Delay = 3.09> <FuncUnit> <Opcode : 'mul'> <InPorts = 2> <OutPorts = 1>
ST_1 : Operation 174 [1/1] (0.00ns)   --->   "%trunc_ln708_1421 = call i32 @_ssdm_op_PartSelect.i32.i39.i32.i32(i39 %mul_ln1118_548, i32 7, i32 38)" [firmware/nnet_utils/nnet_dense_resource.h:56->firmware/nnet_utils/nnet_dense_resource.h:253]   --->   Operation 174 'partselect' 'trunc_ln708_1421' <Predicate = true> <Delay = 0.00>
ST_1 : Operation 175 [1/1] (0.66ns)   --->   "%add_ln703_1737 = add i32 %trunc_ln708_1413, %trunc_ln708_1412" [firmware/nnet_utils/nnet_dense_resource.h:56->firmware/nnet_utils/nnet_dense_resource.h:253]   --->   Operation 175 'add' 'add_ln703_1737' <Predicate = true> <Delay = 0.66> <Core = "AddSub">   --->   Core 14 'AddSub' <Latency = 0> <II = 1> <Delay = 0.65> <FuncUnit> <Opcode : 'add' 'sub'> <InPorts = 2> <OutPorts = 1>
ST_1 : Operation 176 [1/1] (0.00ns) (grouped into TernaryAdder)   --->   "%add_ln703_1738 = add i32 %sext_ln708_456, %zext_ln708_3" [firmware/nnet_utils/nnet_dense_resource.h:56->firmware/nnet_utils/nnet_dense_resource.h:253]   --->   Operation 176 'add' 'add_ln703_1738' <Predicate = true> <Delay = 0.00> <Core = "TAddSub">   --->   Core 83 'TAddSub' <Latency = 0> <II = 1> <Delay = 0.36> <IPBlock> <Opcode : 'add' 'sub'> <InPorts = 3> <OutPorts = 1> <Sync> <CReg>
ST_1 : Operation 177 [1/1] (0.73ns) (root node of TernaryAdder)   --->   "%add_ln703_1739 = add i32 %add_ln703_1737, %add_ln703_1738" [firmware/nnet_utils/nnet_dense_resource.h:56->firmware/nnet_utils/nnet_dense_resource.h:253]   --->   Operation 177 'add' 'add_ln703_1739' <Predicate = true> <Delay = 0.73> <Core = "TAddSub">   --->   Core 83 'TAddSub' <Latency = 0> <II = 1> <Delay = 0.36> <IPBlock> <Opcode : 'add' 'sub'> <InPorts = 3> <OutPorts = 1> <Sync> <CReg>
ST_1 : Operation 178 [1/1] (0.66ns)   --->   "%add_ln703_1740 = add i32 %trunc_ln708_1416, %trunc_ln708_1415" [firmware/nnet_utils/nnet_dense_resource.h:56->firmware/nnet_utils/nnet_dense_resource.h:253]   --->   Operation 178 'add' 'add_ln703_1740' <Predicate = true> <Delay = 0.66> <Core = "AddSub">   --->   Core 14 'AddSub' <Latency = 0> <II = 1> <Delay = 0.65> <FuncUnit> <Opcode : 'add' 'sub'> <InPorts = 2> <OutPorts = 1>
ST_1 : Operation 179 [1/1] (0.66ns)   --->   "%add_ln703_1741 = add i32 %zext_ln708_5, %zext_ln708_4" [firmware/nnet_utils/nnet_dense_resource.h:56->firmware/nnet_utils/nnet_dense_resource.h:253]   --->   Operation 179 'add' 'add_ln703_1741' <Predicate = true> <Delay = 0.66> <Core = "AddSub">   --->   Core 14 'AddSub' <Latency = 0> <II = 1> <Delay = 0.65> <FuncUnit> <Opcode : 'add' 'sub'> <InPorts = 2> <OutPorts = 1>
ST_1 : Operation 180 [1/1] (0.00ns) (grouped into TernaryAdder)   --->   "%add_ln703_1742 = add i32 %add_ln703_1740, %add_ln703_1741" [firmware/nnet_utils/nnet_dense_resource.h:56->firmware/nnet_utils/nnet_dense_resource.h:253]   --->   Operation 180 'add' 'add_ln703_1742' <Predicate = true> <Delay = 0.00> <Core = "TAddSub">   --->   Core 83 'TAddSub' <Latency = 0> <II = 1> <Delay = 0.36> <IPBlock> <Opcode : 'add' 'sub'> <InPorts = 3> <OutPorts = 1> <Sync> <CReg>
ST_1 : Operation 181 [1/1] (0.73ns) (root node of TernaryAdder)   --->   "%add_ln703_1743 = add i32 %add_ln703_1739, %add_ln703_1742" [firmware/nnet_utils/nnet_dense_resource.h:56->firmware/nnet_utils/nnet_dense_resource.h:253]   --->   Operation 181 'add' 'add_ln703_1743' <Predicate = true> <Delay = 0.73> <Core = "TAddSub">   --->   Core 83 'TAddSub' <Latency = 0> <II = 1> <Delay = 0.36> <IPBlock> <Opcode : 'add' 'sub'> <InPorts = 3> <OutPorts = 1> <Sync> <CReg>
ST_1 : Operation 182 [1/1] (0.66ns)   --->   "%add_ln703_1744 = add i32 %trunc_ln708_1419, %trunc_ln708_1418" [firmware/nnet_utils/nnet_dense_resource.h:56->firmware/nnet_utils/nnet_dense_resource.h:253]   --->   Operation 182 'add' 'add_ln703_1744' <Predicate = true> <Delay = 0.66> <Core = "AddSub">   --->   Core 14 'AddSub' <Latency = 0> <II = 1> <Delay = 0.65> <FuncUnit> <Opcode : 'add' 'sub'> <InPorts = 2> <OutPorts = 1>
ST_1 : Operation 183 [1/1] (0.00ns) (grouped into TernaryAdder)   --->   "%add_ln703_1745 = add i32 %trunc_ln708_1420, %zext_ln708_6" [firmware/nnet_utils/nnet_dense_resource.h:56->firmware/nnet_utils/nnet_dense_resource.h:253]   --->   Operation 183 'add' 'add_ln703_1745' <Predicate = true> <Delay = 0.00> <Core = "TAddSub">   --->   Core 83 'TAddSub' <Latency = 0> <II = 1> <Delay = 0.36> <IPBlock> <Opcode : 'add' 'sub'> <InPorts = 3> <OutPorts = 1> <Sync> <CReg>
ST_1 : Operation 184 [1/1] (0.73ns) (root node of TernaryAdder)   --->   "%add_ln703_1746 = add i32 %add_ln703_1744, %add_ln703_1745" [firmware/nnet_utils/nnet_dense_resource.h:56->firmware/nnet_utils/nnet_dense_resource.h:253]   --->   Operation 184 'add' 'add_ln703_1746' <Predicate = true> <Delay = 0.73> <Core = "TAddSub">   --->   Core 83 'TAddSub' <Latency = 0> <II = 1> <Delay = 0.36> <IPBlock> <Opcode : 'add' 'sub'> <InPorts = 3> <OutPorts = 1> <Sync> <CReg>
ST_1 : Operation 185 [1/1] (0.00ns) (grouped into TernaryAdder)   --->   "%add_ln703_1747 = add i32 %sext_ln708_457, %trunc_ln708_1421" [firmware/nnet_utils/nnet_dense_resource.h:56->firmware/nnet_utils/nnet_dense_resource.h:253]   --->   Operation 185 'add' 'add_ln703_1747' <Predicate = true> <Delay = 0.00> <Core = "TAddSub">   --->   Core 83 'TAddSub' <Latency = 0> <II = 1> <Delay = 0.36> <IPBlock> <Opcode : 'add' 'sub'> <InPorts = 3> <OutPorts = 1> <Sync> <CReg>
ST_1 : Operation 186 [1/1] (0.62ns)   --->   "%add_ln703_1748 = add i26 %sext_ln1118_1323, -9216" [firmware/nnet_utils/nnet_dense_resource.h:56->firmware/nnet_utils/nnet_dense_resource.h:253]   --->   Operation 186 'add' 'add_ln703_1748' <Predicate = true> <Delay = 0.62> <Core = "AddSub">   --->   Core 14 'AddSub' <Latency = 0> <II = 1> <Delay = 0.65> <FuncUnit> <Opcode : 'add' 'sub'> <InPorts = 2> <OutPorts = 1>
ST_1 : Operation 187 [1/1] (0.00ns)   --->   "%sext_ln703_693 = sext i26 %add_ln703_1748 to i30" [firmware/nnet_utils/nnet_dense_resource.h:56->firmware/nnet_utils/nnet_dense_resource.h:253]   --->   Operation 187 'sext' 'sext_ln703_693' <Predicate = true> <Delay = 0.00>
ST_1 : Operation 188 [1/1] (0.64ns)   --->   "%add_ln703_1749 = add i30 %sext_ln1118_1324, %sext_ln703_693" [firmware/nnet_utils/nnet_dense_resource.h:56->firmware/nnet_utils/nnet_dense_resource.h:253]   --->   Operation 188 'add' 'add_ln703_1749' <Predicate = true> <Delay = 0.64> <Core = "AddSub">   --->   Core 14 'AddSub' <Latency = 0> <II = 1> <Delay = 0.65> <FuncUnit> <Opcode : 'add' 'sub'> <InPorts = 2> <OutPorts = 1>
ST_1 : Operation 189 [1/1] (0.00ns)   --->   "%sext_ln703_692 = sext i30 %add_ln703_1749 to i32" [firmware/nnet_utils/nnet_dense_resource.h:56->firmware/nnet_utils/nnet_dense_resource.h:253]   --->   Operation 189 'sext' 'sext_ln703_692' <Predicate = true> <Delay = 0.00>
ST_1 : Operation 190 [1/1] (0.73ns) (root node of TernaryAdder)   --->   "%add_ln703_1750 = add i32 %add_ln703_1747, %sext_ln703_692" [firmware/nnet_utils/nnet_dense_resource.h:56->firmware/nnet_utils/nnet_dense_resource.h:253]   --->   Operation 190 'add' 'add_ln703_1750' <Predicate = true> <Delay = 0.73> <Core = "TAddSub">   --->   Core 83 'TAddSub' <Latency = 0> <II = 1> <Delay = 0.36> <IPBlock> <Opcode : 'add' 'sub'> <InPorts = 3> <OutPorts = 1> <Sync> <CReg>
ST_1 : Operation 191 [1/1] (0.00ns) (grouped into TernaryAdder)   --->   "%add_ln703_1751 = add i32 %add_ln703_1746, %add_ln703_1750" [firmware/nnet_utils/nnet_dense_resource.h:56->firmware/nnet_utils/nnet_dense_resource.h:253]   --->   Operation 191 'add' 'add_ln703_1751' <Predicate = true> <Delay = 0.00> <Core = "TAddSub">   --->   Core 83 'TAddSub' <Latency = 0> <II = 1> <Delay = 0.36> <IPBlock> <Opcode : 'add' 'sub'> <InPorts = 3> <OutPorts = 1> <Sync> <CReg>
ST_1 : Operation 192 [1/1] (0.73ns) (root node of TernaryAdder)   --->   "%add_ln703_1752 = add i32 %add_ln703_1743, %add_ln703_1751" [firmware/nnet_utils/nnet_dense_resource.h:56->firmware/nnet_utils/nnet_dense_resource.h:253]   --->   Operation 192 'add' 'add_ln703_1752' <Predicate = true> <Delay = 0.73> <Core = "TAddSub">   --->   Core 83 'TAddSub' <Latency = 0> <II = 1> <Delay = 0.36> <IPBlock> <Opcode : 'add' 'sub'> <InPorts = 3> <OutPorts = 1> <Sync> <CReg>
ST_1 : Operation 193 [1/1] (0.00ns)   --->   "%shl_ln1118_310 = call i38 @_ssdm_op_BitConcatenate.i38.i31.i7(i31 %data_1_V_read_3, i7 0)" [firmware/nnet_utils/nnet_mult.h:73->firmware/nnet_utils/nnet_dense_resource.h:56->firmware/nnet_utils/nnet_dense_resource.h:253]   --->   Operation 193 'bitconcatenate' 'shl_ln1118_310' <Predicate = true> <Delay = 0.00>
ST_1 : Operation 194 [1/1] (0.00ns)   --->   "%zext_ln1118_44 = zext i38 %shl_ln1118_310 to i39" [firmware/nnet_utils/nnet_mult.h:73->firmware/nnet_utils/nnet_dense_resource.h:56->firmware/nnet_utils/nnet_dense_resource.h:253]   --->   Operation 194 'zext' 'zext_ln1118_44' <Predicate = true> <Delay = 0.00>
ST_1 : Operation 195 [1/1] (0.66ns)   --->   "%sub_ln1118_623 = sub i39 %zext_ln1118_44, %zext_ln1118_1" [firmware/nnet_utils/nnet_mult.h:73->firmware/nnet_utils/nnet_dense_resource.h:56->firmware/nnet_utils/nnet_dense_resource.h:253]   --->   Operation 195 'sub' 'sub_ln1118_623' <Predicate = true> <Delay = 0.66> <Core = "AddSub">   --->   Core 14 'AddSub' <Latency = 0> <II = 1> <Delay = 0.65> <FuncUnit> <Opcode : 'add' 'sub'> <InPorts = 2> <OutPorts = 1>
ST_1 : Operation 196 [1/1] (0.00ns)   --->   "%trunc_ln708_1422 = call i32 @_ssdm_op_PartSelect.i32.i39.i32.i32(i39 %sub_ln1118_623, i32 7, i32 38)" [firmware/nnet_utils/nnet_dense_resource.h:56->firmware/nnet_utils/nnet_dense_resource.h:253]   --->   Operation 196 'partselect' 'trunc_ln708_1422' <Predicate = true> <Delay = 0.00>
ST_1 : Operation 197 [1/1] (3.09ns)   --->   "%mul_ln1118_549 = mul i39 %zext_ln1118_4, -99" [firmware/nnet_utils/nnet_mult.h:73->firmware/nnet_utils/nnet_dense_resource.h:56->firmware/nnet_utils/nnet_dense_resource.h:253]   --->   Operation 197 'mul' 'mul_ln1118_549' <Predicate = true> <Delay = 3.09> <Core = "Mul">   --->   Core 16 'Mul' <Latency = 0> <II = 1> <Delay = 3.09> <FuncUnit> <Opcode : 'mul'> <InPorts = 2> <OutPorts = 1>
ST_1 : Operation 198 [1/1] (0.00ns)   --->   "%trunc_ln708_1423 = call i32 @_ssdm_op_PartSelect.i32.i39.i32.i32(i39 %mul_ln1118_549, i32 7, i32 38)" [firmware/nnet_utils/nnet_dense_resource.h:56->firmware/nnet_utils/nnet_dense_resource.h:253]   --->   Operation 198 'partselect' 'trunc_ln708_1423' <Predicate = true> <Delay = 0.00>
ST_1 : Operation 199 [1/1] (3.09ns)   --->   "%mul_ln708_3 = mul i38 %zext_ln1118_7, 79" [firmware/nnet_utils/nnet_dense_resource.h:56->firmware/nnet_utils/nnet_dense_resource.h:253]   --->   Operation 199 'mul' 'mul_ln708_3' <Predicate = true> <Delay = 3.09> <Core = "Mul">   --->   Core 16 'Mul' <Latency = 0> <II = 1> <Delay = 3.09> <FuncUnit> <Opcode : 'mul'> <InPorts = 2> <OutPorts = 1>
ST_1 : Operation 200 [1/1] (0.00ns)   --->   "%tmp_81 = call i31 @_ssdm_op_PartSelect.i31.i38.i32.i32(i38 %mul_ln708_3, i32 7, i32 37)" [firmware/nnet_utils/nnet_dense_resource.h:56->firmware/nnet_utils/nnet_dense_resource.h:253]   --->   Operation 200 'partselect' 'tmp_81' <Predicate = true> <Delay = 0.00>
ST_1 : Operation 201 [1/1] (0.00ns)   --->   "%zext_ln708_7 = zext i31 %tmp_81 to i32" [firmware/nnet_utils/nnet_dense_resource.h:56->firmware/nnet_utils/nnet_dense_resource.h:253]   --->   Operation 201 'zext' 'zext_ln708_7' <Predicate = true> <Delay = 0.00>
ST_1 : Operation 202 [1/1] (0.00ns)   --->   "%shl_ln1118_311 = call i36 @_ssdm_op_BitConcatenate.i36.i31.i5(i31 %data_4_V_read_3, i5 0)" [firmware/nnet_utils/nnet_mult.h:73->firmware/nnet_utils/nnet_dense_resource.h:56->firmware/nnet_utils/nnet_dense_resource.h:253]   --->   Operation 202 'bitconcatenate' 'shl_ln1118_311' <Predicate = true> <Delay = 0.00>
ST_1 : Operation 203 [1/1] (0.00ns)   --->   "%zext_ln1118_45 = zext i36 %shl_ln1118_311 to i37" [firmware/nnet_utils/nnet_mult.h:73->firmware/nnet_utils/nnet_dense_resource.h:56->firmware/nnet_utils/nnet_dense_resource.h:253]   --->   Operation 203 'zext' 'zext_ln1118_45' <Predicate = true> <Delay = 0.00>
ST_1 : Operation 204 [1/1] (0.66ns)   --->   "%sub_ln1118_624 = sub i37 0, %zext_ln1118_45" [firmware/nnet_utils/nnet_mult.h:73->firmware/nnet_utils/nnet_dense_resource.h:56->firmware/nnet_utils/nnet_dense_resource.h:253]   --->   Operation 204 'sub' 'sub_ln1118_624' <Predicate = true> <Delay = 0.66> <Core = "AddSub">   --->   Core 14 'AddSub' <Latency = 0> <II = 1> <Delay = 0.65> <FuncUnit> <Opcode : 'add' 'sub'> <InPorts = 2> <OutPorts = 1>
ST_1 : Operation 205 [1/1] (0.00ns)   --->   "%sext_ln1118_1317 = sext i37 %sub_ln1118_624 to i38" [firmware/nnet_utils/nnet_mult.h:73->firmware/nnet_utils/nnet_dense_resource.h:56->firmware/nnet_utils/nnet_dense_resource.h:253]   --->   Operation 205 'sext' 'sext_ln1118_1317' <Predicate = true> <Delay = 0.00>
ST_1 : Operation 206 [1/1] (0.00ns)   --->   "%shl_ln1118_312 = call i34 @_ssdm_op_BitConcatenate.i34.i31.i3(i31 %data_4_V_read_3, i3 0)" [firmware/nnet_utils/nnet_mult.h:73->firmware/nnet_utils/nnet_dense_resource.h:56->firmware/nnet_utils/nnet_dense_resource.h:253]   --->   Operation 206 'bitconcatenate' 'shl_ln1118_312' <Predicate = true> <Delay = 0.00>
ST_1 : Operation 207 [1/1] (0.00ns)   --->   "%zext_ln1118_46 = zext i34 %shl_ln1118_312 to i38" [firmware/nnet_utils/nnet_mult.h:73->firmware/nnet_utils/nnet_dense_resource.h:56->firmware/nnet_utils/nnet_dense_resource.h:253]   --->   Operation 207 'zext' 'zext_ln1118_46' <Predicate = true> <Delay = 0.00>
ST_1 : Operation 208 [1/1] (0.66ns)   --->   "%sub_ln1118_625 = sub i38 %sext_ln1118_1317, %zext_ln1118_46" [firmware/nnet_utils/nnet_mult.h:73->firmware/nnet_utils/nnet_dense_resource.h:56->firmware/nnet_utils/nnet_dense_resource.h:253]   --->   Operation 208 'sub' 'sub_ln1118_625' <Predicate = true> <Delay = 0.66> <Core = "AddSub">   --->   Core 14 'AddSub' <Latency = 0> <II = 1> <Delay = 0.65> <FuncUnit> <Opcode : 'add' 'sub'> <InPorts = 2> <OutPorts = 1>
ST_1 : Operation 209 [1/1] (0.00ns)   --->   "%trunc_ln708_1424 = call i31 @_ssdm_op_PartSelect.i31.i38.i32.i32(i38 %sub_ln1118_625, i32 7, i32 37)" [firmware/nnet_utils/nnet_dense_resource.h:56->firmware/nnet_utils/nnet_dense_resource.h:253]   --->   Operation 209 'partselect' 'trunc_ln708_1424' <Predicate = true> <Delay = 0.00>
ST_1 : Operation 210 [1/1] (0.00ns)   --->   "%sext_ln708_458 = sext i31 %trunc_ln708_1424 to i32" [firmware/nnet_utils/nnet_dense_resource.h:56->firmware/nnet_utils/nnet_dense_resource.h:253]   --->   Operation 210 'sext' 'sext_ln708_458' <Predicate = true> <Delay = 0.00>
ST_1 : Operation 211 [1/1] (0.00ns)   --->   "%tmp_82 = call i26 @_ssdm_op_PartSelect.i26.i31.i32.i32(i31 %data_5_V_read_3, i32 5, i32 30)" [firmware/nnet_utils/nnet_dense_resource.h:56->firmware/nnet_utils/nnet_dense_resource.h:253]   --->   Operation 211 'partselect' 'tmp_82' <Predicate = true> <Delay = 0.00>
ST_1 : Operation 212 [1/1] (0.00ns)   --->   "%zext_ln708_8 = zext i26 %tmp_82 to i27" [firmware/nnet_utils/nnet_dense_resource.h:56->firmware/nnet_utils/nnet_dense_resource.h:253]   --->   Operation 212 'zext' 'zext_ln708_8' <Predicate = true> <Delay = 0.00>
ST_1 : Operation 213 [1/1] (0.00ns)   --->   "%shl_ln1118_313 = call i38 @_ssdm_op_BitConcatenate.i38.i31.i7(i31 %data_6_V_read_3, i7 0)" [firmware/nnet_utils/nnet_mult.h:73->firmware/nnet_utils/nnet_dense_resource.h:56->firmware/nnet_utils/nnet_dense_resource.h:253]   --->   Operation 213 'bitconcatenate' 'shl_ln1118_313' <Predicate = true> <Delay = 0.00>
ST_1 : Operation 214 [1/1] (0.00ns)   --->   "%zext_ln1118_47 = zext i38 %shl_ln1118_313 to i39" [firmware/nnet_utils/nnet_mult.h:73->firmware/nnet_utils/nnet_dense_resource.h:56->firmware/nnet_utils/nnet_dense_resource.h:253]   --->   Operation 214 'zext' 'zext_ln1118_47' <Predicate = true> <Delay = 0.00>
ST_1 : Operation 215 [1/1] (0.66ns)   --->   "%sub_ln1118_626 = sub i39 0, %zext_ln1118_47" [firmware/nnet_utils/nnet_mult.h:73->firmware/nnet_utils/nnet_dense_resource.h:56->firmware/nnet_utils/nnet_dense_resource.h:253]   --->   Operation 215 'sub' 'sub_ln1118_626' <Predicate = true> <Delay = 0.66> <Core = "AddSub">   --->   Core 14 'AddSub' <Latency = 0> <II = 1> <Delay = 0.65> <FuncUnit> <Opcode : 'add' 'sub'> <InPorts = 2> <OutPorts = 1>
ST_1 : Operation 216 [1/1] (0.00ns)   --->   "%trunc_ln708_1425 = call i32 @_ssdm_op_PartSelect.i32.i39.i32.i32(i39 %sub_ln1118_626, i32 7, i32 38)" [firmware/nnet_utils/nnet_dense_resource.h:56->firmware/nnet_utils/nnet_dense_resource.h:253]   --->   Operation 216 'partselect' 'trunc_ln708_1425' <Predicate = true> <Delay = 0.00>
ST_1 : Operation 217 [1/1] (0.00ns)   --->   "%shl_ln1118_314 = call i38 @_ssdm_op_BitConcatenate.i38.i31.i7(i31 %data_7_V_read_3, i7 0)" [firmware/nnet_utils/nnet_mult.h:73->firmware/nnet_utils/nnet_dense_resource.h:56->firmware/nnet_utils/nnet_dense_resource.h:253]   --->   Operation 217 'bitconcatenate' 'shl_ln1118_314' <Predicate = true> <Delay = 0.00>
ST_1 : Operation 218 [1/1] (0.00ns)   --->   "%zext_ln1118_48 = zext i38 %shl_ln1118_314 to i39" [firmware/nnet_utils/nnet_mult.h:73->firmware/nnet_utils/nnet_dense_resource.h:56->firmware/nnet_utils/nnet_dense_resource.h:253]   --->   Operation 218 'zext' 'zext_ln1118_48' <Predicate = true> <Delay = 0.00>
ST_1 : Operation 219 [1/1] (0.66ns)   --->   "%sub_ln1118_627 = sub i39 %zext_ln1118_48, %zext_ln1118_14" [firmware/nnet_utils/nnet_mult.h:73->firmware/nnet_utils/nnet_dense_resource.h:56->firmware/nnet_utils/nnet_dense_resource.h:253]   --->   Operation 219 'sub' 'sub_ln1118_627' <Predicate = true> <Delay = 0.66> <Core = "AddSub">   --->   Core 14 'AddSub' <Latency = 0> <II = 1> <Delay = 0.65> <FuncUnit> <Opcode : 'add' 'sub'> <InPorts = 2> <OutPorts = 1>
ST_1 : Operation 220 [1/1] (0.00ns)   --->   "%trunc_ln708_1426 = call i32 @_ssdm_op_PartSelect.i32.i39.i32.i32(i39 %sub_ln1118_627, i32 7, i32 38)" [firmware/nnet_utils/nnet_dense_resource.h:56->firmware/nnet_utils/nnet_dense_resource.h:253]   --->   Operation 220 'partselect' 'trunc_ln708_1426' <Predicate = true> <Delay = 0.00>
ST_1 : Operation 221 [1/1] (0.00ns)   --->   "%shl_ln1118_315 = call i37 @_ssdm_op_BitConcatenate.i37.i31.i6(i31 %data_8_V_read11, i6 0)" [firmware/nnet_utils/nnet_mult.h:73->firmware/nnet_utils/nnet_dense_resource.h:56->firmware/nnet_utils/nnet_dense_resource.h:253]   --->   Operation 221 'bitconcatenate' 'shl_ln1118_315' <Predicate = true> <Delay = 0.00>
ST_1 : Operation 222 [1/1] (0.00ns)   --->   "%zext_ln1118_49 = zext i37 %shl_ln1118_315 to i38" [firmware/nnet_utils/nnet_mult.h:73->firmware/nnet_utils/nnet_dense_resource.h:56->firmware/nnet_utils/nnet_dense_resource.h:253]   --->   Operation 222 'zext' 'zext_ln1118_49' <Predicate = true> <Delay = 0.00>
ST_1 : Operation 223 [1/1] (0.66ns)   --->   "%add_ln1118_130 = add i38 %zext_ln1118_18, %zext_ln1118_49" [firmware/nnet_utils/nnet_mult.h:73->firmware/nnet_utils/nnet_dense_resource.h:56->firmware/nnet_utils/nnet_dense_resource.h:253]   --->   Operation 223 'add' 'add_ln1118_130' <Predicate = true> <Delay = 0.66> <Core = "AddSub">   --->   Core 14 'AddSub' <Latency = 0> <II = 1> <Delay = 0.65> <FuncUnit> <Opcode : 'add' 'sub'> <InPorts = 2> <OutPorts = 1>
ST_1 : Operation 224 [1/1] (0.00ns)   --->   "%tmp_83 = call i31 @_ssdm_op_PartSelect.i31.i38.i32.i32(i38 %add_ln1118_130, i32 7, i32 37)" [firmware/nnet_utils/nnet_dense_resource.h:56->firmware/nnet_utils/nnet_dense_resource.h:253]   --->   Operation 224 'partselect' 'tmp_83' <Predicate = true> <Delay = 0.00>
ST_1 : Operation 225 [1/1] (0.00ns)   --->   "%zext_ln708_9 = zext i31 %tmp_83 to i32" [firmware/nnet_utils/nnet_dense_resource.h:56->firmware/nnet_utils/nnet_dense_resource.h:253]   --->   Operation 225 'zext' 'zext_ln708_9' <Predicate = true> <Delay = 0.00>
ST_1 : Operation 226 [1/1] (0.66ns)   --->   "%sub_ln1118_628 = sub i37 %zext_ln1118_41, %zext_ln1118_42" [firmware/nnet_utils/nnet_mult.h:73->firmware/nnet_utils/nnet_dense_resource.h:56->firmware/nnet_utils/nnet_dense_resource.h:253]   --->   Operation 226 'sub' 'sub_ln1118_628' <Predicate = true> <Delay = 0.66> <Core = "AddSub">   --->   Core 14 'AddSub' <Latency = 0> <II = 1> <Delay = 0.65> <FuncUnit> <Opcode : 'add' 'sub'> <InPorts = 2> <OutPorts = 1>
ST_1 : Operation 227 [1/1] (0.00ns)   --->   "%tmp_4 = call i30 @_ssdm_op_PartSelect.i30.i37.i32.i32(i37 %sub_ln1118_628, i32 7, i32 36)" [firmware/nnet_utils/nnet_mult.h:73->firmware/nnet_utils/nnet_dense_resource.h:56->firmware/nnet_utils/nnet_dense_resource.h:253]   --->   Operation 227 'partselect' 'tmp_4' <Predicate = true> <Delay = 0.00>
ST_1 : Operation 228 [1/1] (0.00ns)   --->   "%sext_ln1118_1325 = sext i30 %tmp_4 to i31" [firmware/nnet_utils/nnet_mult.h:73->firmware/nnet_utils/nnet_dense_resource.h:56->firmware/nnet_utils/nnet_dense_resource.h:253]   --->   Operation 228 'sext' 'sext_ln1118_1325' <Predicate = true> <Delay = 0.00>
ST_1 : Operation 229 [1/1] (3.09ns)   --->   "%mul_ln1118_550 = mul i39 %zext_ln1118_22, -87" [firmware/nnet_utils/nnet_mult.h:73->firmware/nnet_utils/nnet_dense_resource.h:56->firmware/nnet_utils/nnet_dense_resource.h:253]   --->   Operation 229 'mul' 'mul_ln1118_550' <Predicate = true> <Delay = 3.09> <Core = "Mul">   --->   Core 16 'Mul' <Latency = 0> <II = 1> <Delay = 3.09> <FuncUnit> <Opcode : 'mul'> <InPorts = 2> <OutPorts = 1>
ST_1 : Operation 230 [1/1] (0.00ns)   --->   "%trunc_ln708_1427 = call i32 @_ssdm_op_PartSelect.i32.i39.i32.i32(i39 %mul_ln1118_550, i32 7, i32 38)" [firmware/nnet_utils/nnet_dense_resource.h:56->firmware/nnet_utils/nnet_dense_resource.h:253]   --->   Operation 230 'partselect' 'trunc_ln708_1427' <Predicate = true> <Delay = 0.00>
ST_1 : Operation 231 [1/1] (3.09ns)   --->   "%mul_ln1118_551 = mul i39 %zext_ln1118_25, -119" [firmware/nnet_utils/nnet_mult.h:73->firmware/nnet_utils/nnet_dense_resource.h:56->firmware/nnet_utils/nnet_dense_resource.h:253]   --->   Operation 231 'mul' 'mul_ln1118_551' <Predicate = true> <Delay = 3.09> <Core = "Mul">   --->   Core 16 'Mul' <Latency = 0> <II = 1> <Delay = 3.09> <FuncUnit> <Opcode : 'mul'> <InPorts = 2> <OutPorts = 1>
ST_1 : Operation 232 [1/1] (0.00ns)   --->   "%trunc_ln708_1428 = call i32 @_ssdm_op_PartSelect.i32.i39.i32.i32(i39 %mul_ln1118_551, i32 7, i32 38)" [firmware/nnet_utils/nnet_dense_resource.h:56->firmware/nnet_utils/nnet_dense_resource.h:253]   --->   Operation 232 'partselect' 'trunc_ln708_1428' <Predicate = true> <Delay = 0.00>
ST_1 : Operation 233 [1/1] (0.00ns)   --->   "%shl_ln1118_316 = call i37 @_ssdm_op_BitConcatenate.i37.i31.i6(i31 %data_12_V_read_3, i6 0)" [firmware/nnet_utils/nnet_mult.h:73->firmware/nnet_utils/nnet_dense_resource.h:56->firmware/nnet_utils/nnet_dense_resource.h:253]   --->   Operation 233 'bitconcatenate' 'shl_ln1118_316' <Predicate = true> <Delay = 0.00>
ST_1 : Operation 234 [1/1] (0.00ns)   --->   "%zext_ln1118_50 = zext i37 %shl_ln1118_316 to i38" [firmware/nnet_utils/nnet_mult.h:73->firmware/nnet_utils/nnet_dense_resource.h:56->firmware/nnet_utils/nnet_dense_resource.h:253]   --->   Operation 234 'zext' 'zext_ln1118_50' <Predicate = true> <Delay = 0.00>
ST_1 : Operation 235 [1/1] (0.66ns)   --->   "%sub_ln1118_629 = sub i38 0, %zext_ln1118_50" [firmware/nnet_utils/nnet_mult.h:73->firmware/nnet_utils/nnet_dense_resource.h:56->firmware/nnet_utils/nnet_dense_resource.h:253]   --->   Operation 235 'sub' 'sub_ln1118_629' <Predicate = true> <Delay = 0.66> <Core = "AddSub">   --->   Core 14 'AddSub' <Latency = 0> <II = 1> <Delay = 0.65> <FuncUnit> <Opcode : 'add' 'sub'> <InPorts = 2> <OutPorts = 1>
ST_1 : Operation 236 [1/1] (0.00ns)   --->   "%trunc_ln708_1429 = call i31 @_ssdm_op_PartSelect.i31.i38.i32.i32(i38 %sub_ln1118_629, i32 7, i32 37)" [firmware/nnet_utils/nnet_dense_resource.h:56->firmware/nnet_utils/nnet_dense_resource.h:253]   --->   Operation 236 'partselect' 'trunc_ln708_1429' <Predicate = true> <Delay = 0.00>
ST_1 : Operation 237 [1/1] (0.00ns)   --->   "%sext_ln708_459 = sext i31 %trunc_ln708_1429 to i32" [firmware/nnet_utils/nnet_dense_resource.h:56->firmware/nnet_utils/nnet_dense_resource.h:253]   --->   Operation 237 'sext' 'sext_ln708_459' <Predicate = true> <Delay = 0.00>
ST_1 : Operation 238 [1/1] (0.66ns)   --->   "%sub_ln1118_630 = sub i39 %zext_ln1118_32, %zext_ln1118_30" [firmware/nnet_utils/nnet_mult.h:73->firmware/nnet_utils/nnet_dense_resource.h:56->firmware/nnet_utils/nnet_dense_resource.h:253]   --->   Operation 238 'sub' 'sub_ln1118_630' <Predicate = true> <Delay = 0.66> <Core = "AddSub">   --->   Core 14 'AddSub' <Latency = 0> <II = 1> <Delay = 0.65> <FuncUnit> <Opcode : 'add' 'sub'> <InPorts = 2> <OutPorts = 1>
ST_1 : Operation 239 [1/1] (0.00ns)   --->   "%trunc_ln708_1430 = call i32 @_ssdm_op_PartSelect.i32.i39.i32.i32(i39 %sub_ln1118_630, i32 7, i32 38)" [firmware/nnet_utils/nnet_dense_resource.h:56->firmware/nnet_utils/nnet_dense_resource.h:253]   --->   Operation 239 'partselect' 'trunc_ln708_1430' <Predicate = true> <Delay = 0.00>
ST_1 : Operation 240 [1/1] (0.00ns)   --->   "%shl_ln1118_317 = call i38 @_ssdm_op_BitConcatenate.i38.i31.i7(i31 %data_14_V_read_3, i7 0)" [firmware/nnet_utils/nnet_mult.h:73->firmware/nnet_utils/nnet_dense_resource.h:56->firmware/nnet_utils/nnet_dense_resource.h:253]   --->   Operation 240 'bitconcatenate' 'shl_ln1118_317' <Predicate = true> <Delay = 0.00>
ST_1 : Operation 241 [1/1] (0.00ns)   --->   "%zext_ln1118_51 = zext i38 %shl_ln1118_317 to i39" [firmware/nnet_utils/nnet_mult.h:73->firmware/nnet_utils/nnet_dense_resource.h:56->firmware/nnet_utils/nnet_dense_resource.h:253]   --->   Operation 241 'zext' 'zext_ln1118_51' <Predicate = true> <Delay = 0.00>
ST_1 : Operation 242 [1/1] (0.00ns)   --->   "%shl_ln1118_318 = call i33 @_ssdm_op_BitConcatenate.i33.i31.i2(i31 %data_14_V_read_3, i2 0)" [firmware/nnet_utils/nnet_mult.h:73->firmware/nnet_utils/nnet_dense_resource.h:56->firmware/nnet_utils/nnet_dense_resource.h:253]   --->   Operation 242 'bitconcatenate' 'shl_ln1118_318' <Predicate = true> <Delay = 0.00>
ST_1 : Operation 243 [1/1] (0.00ns)   --->   "%zext_ln1118_52 = zext i33 %shl_ln1118_318 to i39" [firmware/nnet_utils/nnet_mult.h:73->firmware/nnet_utils/nnet_dense_resource.h:56->firmware/nnet_utils/nnet_dense_resource.h:253]   --->   Operation 243 'zext' 'zext_ln1118_52' <Predicate = true> <Delay = 0.00>
ST_1 : Operation 244 [1/1] (0.66ns)   --->   "%sub_ln1118_631 = sub i39 %zext_ln1118_52, %zext_ln1118_51" [firmware/nnet_utils/nnet_mult.h:73->firmware/nnet_utils/nnet_dense_resource.h:56->firmware/nnet_utils/nnet_dense_resource.h:253]   --->   Operation 244 'sub' 'sub_ln1118_631' <Predicate = true> <Delay = 0.66> <Core = "AddSub">   --->   Core 14 'AddSub' <Latency = 0> <II = 1> <Delay = 0.65> <FuncUnit> <Opcode : 'add' 'sub'> <InPorts = 2> <OutPorts = 1>
ST_1 : Operation 245 [1/1] (0.00ns)   --->   "%trunc_ln708_1431 = call i32 @_ssdm_op_PartSelect.i32.i39.i32.i32(i39 %sub_ln1118_631, i32 7, i32 38)" [firmware/nnet_utils/nnet_dense_resource.h:56->firmware/nnet_utils/nnet_dense_resource.h:253]   --->   Operation 245 'partselect' 'trunc_ln708_1431' <Predicate = true> <Delay = 0.00>
ST_1 : Operation 246 [1/1] (0.66ns)   --->   "%sub_ln1118_686 = sub i39 %zext_ln1118_35, %zext_ln1118_36" [firmware/nnet_utils/nnet_mult.h:73->firmware/nnet_utils/nnet_dense_resource.h:56->firmware/nnet_utils/nnet_dense_resource.h:253]   --->   Operation 246 'sub' 'sub_ln1118_686' <Predicate = true> <Delay = 0.66> <Core = "AddSub">   --->   Core 14 'AddSub' <Latency = 0> <II = 1> <Delay = 0.65> <FuncUnit> <Opcode : 'add' 'sub'> <InPorts = 2> <OutPorts = 1>
ST_1 : Operation 247 [1/1] (0.00ns)   --->   "%trunc_ln708_1432 = call i32 @_ssdm_op_PartSelect.i32.i39.i32.i32(i39 %sub_ln1118_686, i32 7, i32 38)" [firmware/nnet_utils/nnet_dense_resource.h:56->firmware/nnet_utils/nnet_dense_resource.h:253]   --->   Operation 247 'partselect' 'trunc_ln708_1432' <Predicate = true> <Delay = 0.00>
ST_1 : Operation 248 [1/1] (0.66ns)   --->   "%add_ln703_1753 = add i32 %trunc_ln708_1422, %trunc_ln" [firmware/nnet_utils/nnet_dense_resource.h:56->firmware/nnet_utils/nnet_dense_resource.h:253]   --->   Operation 248 'add' 'add_ln703_1753' <Predicate = true> <Delay = 0.66> <Core = "AddSub">   --->   Core 14 'AddSub' <Latency = 0> <II = 1> <Delay = 0.65> <FuncUnit> <Opcode : 'add' 'sub'> <InPorts = 2> <OutPorts = 1>
ST_1 : Operation 249 [1/1] (0.00ns) (grouped into TernaryAdder)   --->   "%add_ln703_1754 = add i32 %zext_ln708_7, %trunc_ln708_1423" [firmware/nnet_utils/nnet_dense_resource.h:56->firmware/nnet_utils/nnet_dense_resource.h:253]   --->   Operation 249 'add' 'add_ln703_1754' <Predicate = true> <Delay = 0.00> <Core = "TAddSub">   --->   Core 83 'TAddSub' <Latency = 0> <II = 1> <Delay = 0.36> <IPBlock> <Opcode : 'add' 'sub'> <InPorts = 3> <OutPorts = 1> <Sync> <CReg>
ST_1 : Operation 250 [1/1] (0.73ns) (root node of TernaryAdder)   --->   "%add_ln703_1755 = add i32 %add_ln703_1753, %add_ln703_1754" [firmware/nnet_utils/nnet_dense_resource.h:56->firmware/nnet_utils/nnet_dense_resource.h:253]   --->   Operation 250 'add' 'add_ln703_1755' <Predicate = true> <Delay = 0.73> <Core = "TAddSub">   --->   Core 83 'TAddSub' <Latency = 0> <II = 1> <Delay = 0.36> <IPBlock> <Opcode : 'add' 'sub'> <InPorts = 3> <OutPorts = 1> <Sync> <CReg>
ST_1 : Operation 251 [1/1] (0.66ns)   --->   "%add_ln703_1756 = add i32 %trunc_ln708_1426, %trunc_ln708_1425" [firmware/nnet_utils/nnet_dense_resource.h:56->firmware/nnet_utils/nnet_dense_resource.h:253]   --->   Operation 251 'add' 'add_ln703_1756' <Predicate = true> <Delay = 0.66> <Core = "AddSub">   --->   Core 14 'AddSub' <Latency = 0> <II = 1> <Delay = 0.65> <FuncUnit> <Opcode : 'add' 'sub'> <InPorts = 2> <OutPorts = 1>
ST_1 : Operation 252 [1/1] (0.66ns)   --->   "%add_ln703_1757 = add i32 %trunc_ln708_1427, %zext_ln708_9" [firmware/nnet_utils/nnet_dense_resource.h:56->firmware/nnet_utils/nnet_dense_resource.h:253]   --->   Operation 252 'add' 'add_ln703_1757' <Predicate = true> <Delay = 0.66> <Core = "AddSub">   --->   Core 14 'AddSub' <Latency = 0> <II = 1> <Delay = 0.65> <FuncUnit> <Opcode : 'add' 'sub'> <InPorts = 2> <OutPorts = 1>
ST_1 : Operation 253 [1/1] (0.00ns) (grouped into TernaryAdder)   --->   "%add_ln703_1758 = add i32 %add_ln703_1756, %add_ln703_1757" [firmware/nnet_utils/nnet_dense_resource.h:56->firmware/nnet_utils/nnet_dense_resource.h:253]   --->   Operation 253 'add' 'add_ln703_1758' <Predicate = true> <Delay = 0.00> <Core = "TAddSub">   --->   Core 83 'TAddSub' <Latency = 0> <II = 1> <Delay = 0.36> <IPBlock> <Opcode : 'add' 'sub'> <InPorts = 3> <OutPorts = 1> <Sync> <CReg>
ST_1 : Operation 254 [1/1] (0.73ns) (root node of TernaryAdder)   --->   "%add_ln703_1759 = add i32 %add_ln703_1755, %add_ln703_1758" [firmware/nnet_utils/nnet_dense_resource.h:56->firmware/nnet_utils/nnet_dense_resource.h:253]   --->   Operation 254 'add' 'add_ln703_1759' <Predicate = true> <Delay = 0.73> <Core = "TAddSub">   --->   Core 83 'TAddSub' <Latency = 0> <II = 1> <Delay = 0.36> <IPBlock> <Opcode : 'add' 'sub'> <InPorts = 3> <OutPorts = 1> <Sync> <CReg>
ST_1 : Operation 255 [1/1] (0.66ns)   --->   "%add_ln703_1760 = add i32 %sext_ln708_459, %trunc_ln708_1428" [firmware/nnet_utils/nnet_dense_resource.h:56->firmware/nnet_utils/nnet_dense_resource.h:253]   --->   Operation 255 'add' 'add_ln703_1760' <Predicate = true> <Delay = 0.66> <Core = "AddSub">   --->   Core 14 'AddSub' <Latency = 0> <II = 1> <Delay = 0.65> <FuncUnit> <Opcode : 'add' 'sub'> <InPorts = 2> <OutPorts = 1>
ST_1 : Operation 256 [1/1] (0.00ns) (grouped into TernaryAdder)   --->   "%add_ln703_1761 = add i32 %trunc_ln708_1431, %trunc_ln708_1430" [firmware/nnet_utils/nnet_dense_resource.h:56->firmware/nnet_utils/nnet_dense_resource.h:253]   --->   Operation 256 'add' 'add_ln703_1761' <Predicate = true> <Delay = 0.00> <Core = "TAddSub">   --->   Core 83 'TAddSub' <Latency = 0> <II = 1> <Delay = 0.36> <IPBlock> <Opcode : 'add' 'sub'> <InPorts = 3> <OutPorts = 1> <Sync> <CReg>
ST_1 : Operation 257 [1/1] (0.73ns) (root node of TernaryAdder)   --->   "%add_ln703_1762 = add i32 %add_ln703_1760, %add_ln703_1761" [firmware/nnet_utils/nnet_dense_resource.h:56->firmware/nnet_utils/nnet_dense_resource.h:253]   --->   Operation 257 'add' 'add_ln703_1762' <Predicate = true> <Delay = 0.73> <Core = "TAddSub">   --->   Core 83 'TAddSub' <Latency = 0> <II = 1> <Delay = 0.36> <IPBlock> <Opcode : 'add' 'sub'> <InPorts = 3> <OutPorts = 1> <Sync> <CReg>
ST_1 : Operation 258 [1/1] (0.00ns) (grouped into TernaryAdder)   --->   "%add_ln703_1763 = add i32 %sext_ln708_458, %trunc_ln708_1432" [firmware/nnet_utils/nnet_dense_resource.h:56->firmware/nnet_utils/nnet_dense_resource.h:253]   --->   Operation 258 'add' 'add_ln703_1763' <Predicate = true> <Delay = 0.00> <Core = "TAddSub">   --->   Core 83 'TAddSub' <Latency = 0> <II = 1> <Delay = 0.36> <IPBlock> <Opcode : 'add' 'sub'> <InPorts = 3> <OutPorts = 1> <Sync> <CReg>
ST_1 : Operation 259 [1/1] (0.62ns)   --->   "%add_ln703_1764 = add i27 %zext_ln708_8, 6144" [firmware/nnet_utils/nnet_dense_resource.h:56->firmware/nnet_utils/nnet_dense_resource.h:253]   --->   Operation 259 'add' 'add_ln703_1764' <Predicate = true> <Delay = 0.62> <Core = "AddSub">   --->   Core 14 'AddSub' <Latency = 0> <II = 1> <Delay = 0.65> <FuncUnit> <Opcode : 'add' 'sub'> <InPorts = 2> <OutPorts = 1>
ST_1 : Operation 260 [1/1] (0.00ns)   --->   "%zext_ln703 = zext i27 %add_ln703_1764 to i31" [firmware/nnet_utils/nnet_dense_resource.h:56->firmware/nnet_utils/nnet_dense_resource.h:253]   --->   Operation 260 'zext' 'zext_ln703' <Predicate = true> <Delay = 0.00>
ST_1 : Operation 261 [1/1] (0.65ns)   --->   "%add_ln703_1765 = add i31 %sext_ln1118_1325, %zext_ln703" [firmware/nnet_utils/nnet_dense_resource.h:56->firmware/nnet_utils/nnet_dense_resource.h:253]   --->   Operation 261 'add' 'add_ln703_1765' <Predicate = true> <Delay = 0.65> <Core = "AddSub">   --->   Core 14 'AddSub' <Latency = 0> <II = 1> <Delay = 0.65> <FuncUnit> <Opcode : 'add' 'sub'> <InPorts = 2> <OutPorts = 1>
ST_1 : Operation 262 [1/1] (0.00ns)   --->   "%sext_ln703_694 = sext i31 %add_ln703_1765 to i32" [firmware/nnet_utils/nnet_dense_resource.h:56->firmware/nnet_utils/nnet_dense_resource.h:253]   --->   Operation 262 'sext' 'sext_ln703_694' <Predicate = true> <Delay = 0.00>
ST_1 : Operation 263 [1/1] (0.73ns) (root node of TernaryAdder)   --->   "%add_ln703_1766 = add i32 %add_ln703_1763, %sext_ln703_694" [firmware/nnet_utils/nnet_dense_resource.h:56->firmware/nnet_utils/nnet_dense_resource.h:253]   --->   Operation 263 'add' 'add_ln703_1766' <Predicate = true> <Delay = 0.73> <Core = "TAddSub">   --->   Core 83 'TAddSub' <Latency = 0> <II = 1> <Delay = 0.36> <IPBlock> <Opcode : 'add' 'sub'> <InPorts = 3> <OutPorts = 1> <Sync> <CReg>
ST_1 : Operation 264 [1/1] (0.00ns) (grouped into TernaryAdder)   --->   "%add_ln703_1767 = add i32 %add_ln703_1762, %add_ln703_1766" [firmware/nnet_utils/nnet_dense_resource.h:56->firmware/nnet_utils/nnet_dense_resource.h:253]   --->   Operation 264 'add' 'add_ln703_1767' <Predicate = true> <Delay = 0.00> <Core = "TAddSub">   --->   Core 83 'TAddSub' <Latency = 0> <II = 1> <Delay = 0.36> <IPBlock> <Opcode : 'add' 'sub'> <InPorts = 3> <OutPorts = 1> <Sync> <CReg>
ST_1 : Operation 265 [1/1] (0.73ns) (root node of TernaryAdder)   --->   "%add_ln703_1768 = add i32 %add_ln703_1759, %add_ln703_1767" [firmware/nnet_utils/nnet_dense_resource.h:56->firmware/nnet_utils/nnet_dense_resource.h:253]   --->   Operation 265 'add' 'add_ln703_1768' <Predicate = true> <Delay = 0.73> <Core = "TAddSub">   --->   Core 83 'TAddSub' <Latency = 0> <II = 1> <Delay = 0.36> <IPBlock> <Opcode : 'add' 'sub'> <InPorts = 3> <OutPorts = 1> <Sync> <CReg>
ST_1 : Operation 266 [1/1] (0.00ns)   --->   "call void @_ssdm_op_Write.ap_auto.i32P(i32* %res_0_V, i32 %add_ln703_1736)" [firmware/nnet_utils/nnet_dense_resource.h:79->firmware/nnet_utils/nnet_dense_resource.h:253]   --->   Operation 266 'write' <Predicate = true> <Delay = 0.00>
ST_1 : Operation 267 [1/1] (0.00ns)   --->   "call void @_ssdm_op_Write.ap_auto.i32P(i32* %res_1_V, i32 %add_ln703_1752)" [firmware/nnet_utils/nnet_dense_resource.h:79->firmware/nnet_utils/nnet_dense_resource.h:253]   --->   Operation 267 'write' <Predicate = true> <Delay = 0.00>
ST_1 : Operation 268 [1/1] (0.00ns)   --->   "call void @_ssdm_op_Write.ap_auto.i32P(i32* %res_2_V, i32 %add_ln703_1768)" [firmware/nnet_utils/nnet_dense_resource.h:79->firmware/nnet_utils/nnet_dense_resource.h:253]   --->   Operation 268 'write' <Predicate = true> <Delay = 0.00>
ST_1 : Operation 269 [1/1] (0.00ns)   --->   "ret void" [firmware/nnet_utils/nnet_dense_resource.h:259]   --->   Operation 269 'ret' <Predicate = true> <Delay = 0.00>


============================================================
+ Verbose Summary: Timing violations
============================================================
Target clock period: 25ns, clock uncertainty: 6.75ns.

 <State 1>: 5.96ns
The critical path consists of the following:
	wire read on port 'data_2_V_read' (firmware/nnet_utils/nnet_dense_resource.h:246) [33]  (0 ns)
	'mul' operation ('mul_ln1118', firmware/nnet_utils/nnet_mult.h:73->firmware/nnet_utils/nnet_dense_resource.h:56->firmware/nnet_utils/nnet_dense_resource.h:253) [50]  (3.1 ns)
	'add' operation ('add_ln703', firmware/nnet_utils/nnet_dense_resource.h:56->firmware/nnet_utils/nnet_dense_resource.h:253) [123]  (0.669 ns)
	'add' operation ('add_ln703_1723', firmware/nnet_utils/nnet_dense_resource.h:56->firmware/nnet_utils/nnet_dense_resource.h:253) [125]  (0.731 ns)
	'add' operation ('add_ln703_1727', firmware/nnet_utils/nnet_dense_resource.h:56->firmware/nnet_utils/nnet_dense_resource.h:253) [129]  (0.731 ns)
	'add' operation ('add_ln703_1736', firmware/nnet_utils/nnet_dense_resource.h:56->firmware/nnet_utils/nnet_dense_resource.h:253) [139]  (0.731 ns)


============================================================
+ Verbose Summary: Binding
============================================================
N/A
* FSMD analyzer results:
  - Output states:
 - Input state : 
  - Chain level:
	State 1


============================================================
+ Verbose Summary: Datapath Resource usage 
============================================================
N/A
