

================================================================
== Vivado HLS Report for 'myproject'
================================================================
* Date:           Tue Sep 17 10:46:18 2024

* Version:        2019.2 (Build 2704478 on Wed Nov 06 22:10:23 MST 2019)
* Project:        myproject_prj
* Solution:       solution1
* Product family: virtexuplus
* Target device:  xcvu9p-flga2104-2-e


================================================================
== Performance Estimates
================================================================
+ Timing: 
    * Summary: 
    +--------+----------+-----------+------------+
    |  Clock |  Target  | Estimated | Uncertainty|
    +--------+----------+-----------+------------+
    |ap_clk  | 25.00 ns | 15.674 ns |   6.75 ns  |
    +--------+----------+-----------+------------+

+ Latency: 
    * Summary: 
    +---------+---------+----------+----------+-----+-----+----------+
    |  Latency (cycles) |  Latency (absolute) |  Interval | Pipeline |
    |   min   |   max   |    min   |    max   | min | max |   Type   |
    +---------+---------+----------+----------+-----+-----+----------+
    |        4|        4| 0.100 us | 0.100 us |    1|    1| dataflow |
    +---------+---------+----------+----------+-----+-----+----------+

    + Detail: 
        * Instance: 
        N/A

        * Loop: 
        N/A

============================================================
+ Verbose Summary: Synthesis Manager
============================================================
InlineROM: 1
ExposeGlobal: 0
============================================================
+ Verbose Summary: CDFG Model
============================================================
IsTopModel: 1
ResetActiveHigh: 1
IsCombinational: 2
IsDatapathOnly: 0
HasWiredReturn: 1
HasMFsm: 0
HasVarLatency: 1
IsPipeline: 0
IsRtlPipelined: 0
IsInstanceOverlapped: 0
IsDontTouch: 0
HasImplIP: 0
IsGatedGlobalClock: 0


============================================================
+ Verbose Summary: Schedule
============================================================
* Number of FSM states : 2
* Pipeline : 0
* Dataflow Pipeline: 1
  DF-Pipeline-0: Size = 2, States = { 1 2 }

* FSM state transitions: 
1 --> 2 
2 --> 

* FSM state operations: 

State 1 <SV = 0> <Delay = 15.6>
ST_1 : Operation 3 [1/1] (6.76ns)   --->   "%call_ret1 = call fastcc { i32, i32, i32, i32, i32, i32, i32, i32, i32, i32, i32, i32, i32, i32, i32, i32, i32, i32, i32, i32, i32, i32, i32, i32, i32, i32, i32, i32, i32, i32, i32, i32 } @"dense_resource<ap_fixed<32, 16, 5, 3, 0>, ap_fixed<32, 16, 5, 3, 0>, config2>"(i1824* %inputs_V)"   --->   Operation 3 'call' 'call_ret1' <Predicate = true> <Delay = 6.76> <CoreType = "Generic">   --->   Core 0 '' <Latency = 0> <II = 1> <Delay = 1.00> <Generic> <Opcode : >
ST_1 : Operation 4 [1/1] (0.00ns)   --->   "%layer2_out_0_V = extractvalue { i32, i32, i32, i32, i32, i32, i32, i32, i32, i32, i32, i32, i32, i32, i32, i32, i32, i32, i32, i32, i32, i32, i32, i32, i32, i32, i32, i32, i32, i32, i32, i32 } %call_ret1, 0"   --->   Operation 4 'extractvalue' 'layer2_out_0_V' <Predicate = true> <Delay = 0.00> <Core = "FIFO">   --->   Core 32 'FIFO' <Latency = 0> <II = 1> <Delay = 1.45> <Storage> <Opcode : 'read' 'write' 'nbread' 'nbwrite'> <Ports = 0> <Width = 31> <Depth = 2> <FIFO>
ST_1 : Operation 5 [1/1] (0.00ns)   --->   "%layer2_out_1_V = extractvalue { i32, i32, i32, i32, i32, i32, i32, i32, i32, i32, i32, i32, i32, i32, i32, i32, i32, i32, i32, i32, i32, i32, i32, i32, i32, i32, i32, i32, i32, i32, i32, i32 } %call_ret1, 1"   --->   Operation 5 'extractvalue' 'layer2_out_1_V' <Predicate = true> <Delay = 0.00> <Core = "FIFO">   --->   Core 32 'FIFO' <Latency = 0> <II = 1> <Delay = 1.45> <Storage> <Opcode : 'read' 'write' 'nbread' 'nbwrite'> <Ports = 0> <Width = 31> <Depth = 2> <FIFO>
ST_1 : Operation 6 [1/1] (0.00ns)   --->   "%layer2_out_2_V = extractvalue { i32, i32, i32, i32, i32, i32, i32, i32, i32, i32, i32, i32, i32, i32, i32, i32, i32, i32, i32, i32, i32, i32, i32, i32, i32, i32, i32, i32, i32, i32, i32, i32 } %call_ret1, 2"   --->   Operation 6 'extractvalue' 'layer2_out_2_V' <Predicate = true> <Delay = 0.00> <Core = "FIFO">   --->   Core 32 'FIFO' <Latency = 0> <II = 1> <Delay = 1.45> <Storage> <Opcode : 'read' 'write' 'nbread' 'nbwrite'> <Ports = 0> <Width = 31> <Depth = 2> <FIFO>
ST_1 : Operation 7 [1/1] (0.00ns)   --->   "%layer2_out_3_V = extractvalue { i32, i32, i32, i32, i32, i32, i32, i32, i32, i32, i32, i32, i32, i32, i32, i32, i32, i32, i32, i32, i32, i32, i32, i32, i32, i32, i32, i32, i32, i32, i32, i32 } %call_ret1, 3"   --->   Operation 7 'extractvalue' 'layer2_out_3_V' <Predicate = true> <Delay = 0.00> <Core = "FIFO">   --->   Core 32 'FIFO' <Latency = 0> <II = 1> <Delay = 1.45> <Storage> <Opcode : 'read' 'write' 'nbread' 'nbwrite'> <Ports = 0> <Width = 31> <Depth = 2> <FIFO>
ST_1 : Operation 8 [1/1] (0.00ns)   --->   "%layer2_out_4_V = extractvalue { i32, i32, i32, i32, i32, i32, i32, i32, i32, i32, i32, i32, i32, i32, i32, i32, i32, i32, i32, i32, i32, i32, i32, i32, i32, i32, i32, i32, i32, i32, i32, i32 } %call_ret1, 4"   --->   Operation 8 'extractvalue' 'layer2_out_4_V' <Predicate = true> <Delay = 0.00> <Core = "FIFO">   --->   Core 32 'FIFO' <Latency = 0> <II = 1> <Delay = 1.45> <Storage> <Opcode : 'read' 'write' 'nbread' 'nbwrite'> <Ports = 0> <Width = 31> <Depth = 2> <FIFO>
ST_1 : Operation 9 [1/1] (0.00ns)   --->   "%layer2_out_5_V = extractvalue { i32, i32, i32, i32, i32, i32, i32, i32, i32, i32, i32, i32, i32, i32, i32, i32, i32, i32, i32, i32, i32, i32, i32, i32, i32, i32, i32, i32, i32, i32, i32, i32 } %call_ret1, 5"   --->   Operation 9 'extractvalue' 'layer2_out_5_V' <Predicate = true> <Delay = 0.00> <Core = "FIFO">   --->   Core 32 'FIFO' <Latency = 0> <II = 1> <Delay = 1.45> <Storage> <Opcode : 'read' 'write' 'nbread' 'nbwrite'> <Ports = 0> <Width = 31> <Depth = 2> <FIFO>
ST_1 : Operation 10 [1/1] (0.00ns)   --->   "%layer2_out_6_V = extractvalue { i32, i32, i32, i32, i32, i32, i32, i32, i32, i32, i32, i32, i32, i32, i32, i32, i32, i32, i32, i32, i32, i32, i32, i32, i32, i32, i32, i32, i32, i32, i32, i32 } %call_ret1, 6"   --->   Operation 10 'extractvalue' 'layer2_out_6_V' <Predicate = true> <Delay = 0.00> <Core = "FIFO">   --->   Core 32 'FIFO' <Latency = 0> <II = 1> <Delay = 1.45> <Storage> <Opcode : 'read' 'write' 'nbread' 'nbwrite'> <Ports = 0> <Width = 31> <Depth = 2> <FIFO>
ST_1 : Operation 11 [1/1] (0.00ns)   --->   "%layer2_out_7_V = extractvalue { i32, i32, i32, i32, i32, i32, i32, i32, i32, i32, i32, i32, i32, i32, i32, i32, i32, i32, i32, i32, i32, i32, i32, i32, i32, i32, i32, i32, i32, i32, i32, i32 } %call_ret1, 7"   --->   Operation 11 'extractvalue' 'layer2_out_7_V' <Predicate = true> <Delay = 0.00> <Core = "FIFO">   --->   Core 32 'FIFO' <Latency = 0> <II = 1> <Delay = 1.45> <Storage> <Opcode : 'read' 'write' 'nbread' 'nbwrite'> <Ports = 0> <Width = 31> <Depth = 2> <FIFO>
ST_1 : Operation 12 [1/1] (0.00ns)   --->   "%layer2_out_8_V = extractvalue { i32, i32, i32, i32, i32, i32, i32, i32, i32, i32, i32, i32, i32, i32, i32, i32, i32, i32, i32, i32, i32, i32, i32, i32, i32, i32, i32, i32, i32, i32, i32, i32 } %call_ret1, 8"   --->   Operation 12 'extractvalue' 'layer2_out_8_V' <Predicate = true> <Delay = 0.00> <Core = "FIFO">   --->   Core 32 'FIFO' <Latency = 0> <II = 1> <Delay = 1.45> <Storage> <Opcode : 'read' 'write' 'nbread' 'nbwrite'> <Ports = 0> <Width = 31> <Depth = 2> <FIFO>
ST_1 : Operation 13 [1/1] (0.00ns)   --->   "%layer2_out_9_V = extractvalue { i32, i32, i32, i32, i32, i32, i32, i32, i32, i32, i32, i32, i32, i32, i32, i32, i32, i32, i32, i32, i32, i32, i32, i32, i32, i32, i32, i32, i32, i32, i32, i32 } %call_ret1, 9"   --->   Operation 13 'extractvalue' 'layer2_out_9_V' <Predicate = true> <Delay = 0.00> <Core = "FIFO">   --->   Core 32 'FIFO' <Latency = 0> <II = 1> <Delay = 1.45> <Storage> <Opcode : 'read' 'write' 'nbread' 'nbwrite'> <Ports = 0> <Width = 31> <Depth = 2> <FIFO>
ST_1 : Operation 14 [1/1] (0.00ns)   --->   "%layer2_out_10_V = extractvalue { i32, i32, i32, i32, i32, i32, i32, i32, i32, i32, i32, i32, i32, i32, i32, i32, i32, i32, i32, i32, i32, i32, i32, i32, i32, i32, i32, i32, i32, i32, i32, i32 } %call_ret1, 10"   --->   Operation 14 'extractvalue' 'layer2_out_10_V' <Predicate = true> <Delay = 0.00> <Core = "FIFO">   --->   Core 32 'FIFO' <Latency = 0> <II = 1> <Delay = 1.45> <Storage> <Opcode : 'read' 'write' 'nbread' 'nbwrite'> <Ports = 0> <Width = 31> <Depth = 2> <FIFO>
ST_1 : Operation 15 [1/1] (0.00ns)   --->   "%layer2_out_11_V = extractvalue { i32, i32, i32, i32, i32, i32, i32, i32, i32, i32, i32, i32, i32, i32, i32, i32, i32, i32, i32, i32, i32, i32, i32, i32, i32, i32, i32, i32, i32, i32, i32, i32 } %call_ret1, 11"   --->   Operation 15 'extractvalue' 'layer2_out_11_V' <Predicate = true> <Delay = 0.00> <Core = "FIFO">   --->   Core 32 'FIFO' <Latency = 0> <II = 1> <Delay = 1.45> <Storage> <Opcode : 'read' 'write' 'nbread' 'nbwrite'> <Ports = 0> <Width = 31> <Depth = 2> <FIFO>
ST_1 : Operation 16 [1/1] (0.00ns)   --->   "%layer2_out_12_V = extractvalue { i32, i32, i32, i32, i32, i32, i32, i32, i32, i32, i32, i32, i32, i32, i32, i32, i32, i32, i32, i32, i32, i32, i32, i32, i32, i32, i32, i32, i32, i32, i32, i32 } %call_ret1, 12"   --->   Operation 16 'extractvalue' 'layer2_out_12_V' <Predicate = true> <Delay = 0.00> <Core = "FIFO">   --->   Core 32 'FIFO' <Latency = 0> <II = 1> <Delay = 1.45> <Storage> <Opcode : 'read' 'write' 'nbread' 'nbwrite'> <Ports = 0> <Width = 31> <Depth = 2> <FIFO>
ST_1 : Operation 17 [1/1] (0.00ns)   --->   "%layer2_out_13_V = extractvalue { i32, i32, i32, i32, i32, i32, i32, i32, i32, i32, i32, i32, i32, i32, i32, i32, i32, i32, i32, i32, i32, i32, i32, i32, i32, i32, i32, i32, i32, i32, i32, i32 } %call_ret1, 13"   --->   Operation 17 'extractvalue' 'layer2_out_13_V' <Predicate = true> <Delay = 0.00> <Core = "FIFO">   --->   Core 32 'FIFO' <Latency = 0> <II = 1> <Delay = 1.45> <Storage> <Opcode : 'read' 'write' 'nbread' 'nbwrite'> <Ports = 0> <Width = 31> <Depth = 2> <FIFO>
ST_1 : Operation 18 [1/1] (0.00ns)   --->   "%layer2_out_14_V = extractvalue { i32, i32, i32, i32, i32, i32, i32, i32, i32, i32, i32, i32, i32, i32, i32, i32, i32, i32, i32, i32, i32, i32, i32, i32, i32, i32, i32, i32, i32, i32, i32, i32 } %call_ret1, 14"   --->   Operation 18 'extractvalue' 'layer2_out_14_V' <Predicate = true> <Delay = 0.00> <Core = "FIFO">   --->   Core 32 'FIFO' <Latency = 0> <II = 1> <Delay = 1.45> <Storage> <Opcode : 'read' 'write' 'nbread' 'nbwrite'> <Ports = 0> <Width = 31> <Depth = 2> <FIFO>
ST_1 : Operation 19 [1/1] (0.00ns)   --->   "%layer2_out_15_V = extractvalue { i32, i32, i32, i32, i32, i32, i32, i32, i32, i32, i32, i32, i32, i32, i32, i32, i32, i32, i32, i32, i32, i32, i32, i32, i32, i32, i32, i32, i32, i32, i32, i32 } %call_ret1, 15"   --->   Operation 19 'extractvalue' 'layer2_out_15_V' <Predicate = true> <Delay = 0.00> <Core = "FIFO">   --->   Core 32 'FIFO' <Latency = 0> <II = 1> <Delay = 1.45> <Storage> <Opcode : 'read' 'write' 'nbread' 'nbwrite'> <Ports = 0> <Width = 31> <Depth = 2> <FIFO>
ST_1 : Operation 20 [1/1] (0.00ns)   --->   "%layer2_out_16_V = extractvalue { i32, i32, i32, i32, i32, i32, i32, i32, i32, i32, i32, i32, i32, i32, i32, i32, i32, i32, i32, i32, i32, i32, i32, i32, i32, i32, i32, i32, i32, i32, i32, i32 } %call_ret1, 16"   --->   Operation 20 'extractvalue' 'layer2_out_16_V' <Predicate = true> <Delay = 0.00> <Core = "FIFO">   --->   Core 32 'FIFO' <Latency = 0> <II = 1> <Delay = 1.45> <Storage> <Opcode : 'read' 'write' 'nbread' 'nbwrite'> <Ports = 0> <Width = 31> <Depth = 2> <FIFO>
ST_1 : Operation 21 [1/1] (0.00ns)   --->   "%layer2_out_17_V = extractvalue { i32, i32, i32, i32, i32, i32, i32, i32, i32, i32, i32, i32, i32, i32, i32, i32, i32, i32, i32, i32, i32, i32, i32, i32, i32, i32, i32, i32, i32, i32, i32, i32 } %call_ret1, 17"   --->   Operation 21 'extractvalue' 'layer2_out_17_V' <Predicate = true> <Delay = 0.00> <Core = "FIFO">   --->   Core 32 'FIFO' <Latency = 0> <II = 1> <Delay = 1.45> <Storage> <Opcode : 'read' 'write' 'nbread' 'nbwrite'> <Ports = 0> <Width = 31> <Depth = 2> <FIFO>
ST_1 : Operation 22 [1/1] (0.00ns)   --->   "%layer2_out_18_V = extractvalue { i32, i32, i32, i32, i32, i32, i32, i32, i32, i32, i32, i32, i32, i32, i32, i32, i32, i32, i32, i32, i32, i32, i32, i32, i32, i32, i32, i32, i32, i32, i32, i32 } %call_ret1, 18"   --->   Operation 22 'extractvalue' 'layer2_out_18_V' <Predicate = true> <Delay = 0.00> <Core = "FIFO">   --->   Core 32 'FIFO' <Latency = 0> <II = 1> <Delay = 1.45> <Storage> <Opcode : 'read' 'write' 'nbread' 'nbwrite'> <Ports = 0> <Width = 31> <Depth = 2> <FIFO>
ST_1 : Operation 23 [1/1] (0.00ns)   --->   "%layer2_out_19_V = extractvalue { i32, i32, i32, i32, i32, i32, i32, i32, i32, i32, i32, i32, i32, i32, i32, i32, i32, i32, i32, i32, i32, i32, i32, i32, i32, i32, i32, i32, i32, i32, i32, i32 } %call_ret1, 19"   --->   Operation 23 'extractvalue' 'layer2_out_19_V' <Predicate = true> <Delay = 0.00> <Core = "FIFO">   --->   Core 32 'FIFO' <Latency = 0> <II = 1> <Delay = 1.45> <Storage> <Opcode : 'read' 'write' 'nbread' 'nbwrite'> <Ports = 0> <Width = 31> <Depth = 2> <FIFO>
ST_1 : Operation 24 [1/1] (0.00ns)   --->   "%layer2_out_20_V = extractvalue { i32, i32, i32, i32, i32, i32, i32, i32, i32, i32, i32, i32, i32, i32, i32, i32, i32, i32, i32, i32, i32, i32, i32, i32, i32, i32, i32, i32, i32, i32, i32, i32 } %call_ret1, 20"   --->   Operation 24 'extractvalue' 'layer2_out_20_V' <Predicate = true> <Delay = 0.00> <Core = "FIFO">   --->   Core 32 'FIFO' <Latency = 0> <II = 1> <Delay = 1.45> <Storage> <Opcode : 'read' 'write' 'nbread' 'nbwrite'> <Ports = 0> <Width = 31> <Depth = 2> <FIFO>
ST_1 : Operation 25 [1/1] (0.00ns)   --->   "%layer2_out_21_V = extractvalue { i32, i32, i32, i32, i32, i32, i32, i32, i32, i32, i32, i32, i32, i32, i32, i32, i32, i32, i32, i32, i32, i32, i32, i32, i32, i32, i32, i32, i32, i32, i32, i32 } %call_ret1, 21"   --->   Operation 25 'extractvalue' 'layer2_out_21_V' <Predicate = true> <Delay = 0.00> <Core = "FIFO">   --->   Core 32 'FIFO' <Latency = 0> <II = 1> <Delay = 1.45> <Storage> <Opcode : 'read' 'write' 'nbread' 'nbwrite'> <Ports = 0> <Width = 31> <Depth = 2> <FIFO>
ST_1 : Operation 26 [1/1] (0.00ns)   --->   "%layer2_out_22_V = extractvalue { i32, i32, i32, i32, i32, i32, i32, i32, i32, i32, i32, i32, i32, i32, i32, i32, i32, i32, i32, i32, i32, i32, i32, i32, i32, i32, i32, i32, i32, i32, i32, i32 } %call_ret1, 22"   --->   Operation 26 'extractvalue' 'layer2_out_22_V' <Predicate = true> <Delay = 0.00> <Core = "FIFO">   --->   Core 32 'FIFO' <Latency = 0> <II = 1> <Delay = 1.45> <Storage> <Opcode : 'read' 'write' 'nbread' 'nbwrite'> <Ports = 0> <Width = 31> <Depth = 2> <FIFO>
ST_1 : Operation 27 [1/1] (0.00ns)   --->   "%layer2_out_23_V = extractvalue { i32, i32, i32, i32, i32, i32, i32, i32, i32, i32, i32, i32, i32, i32, i32, i32, i32, i32, i32, i32, i32, i32, i32, i32, i32, i32, i32, i32, i32, i32, i32, i32 } %call_ret1, 23"   --->   Operation 27 'extractvalue' 'layer2_out_23_V' <Predicate = true> <Delay = 0.00> <Core = "FIFO">   --->   Core 32 'FIFO' <Latency = 0> <II = 1> <Delay = 1.45> <Storage> <Opcode : 'read' 'write' 'nbread' 'nbwrite'> <Ports = 0> <Width = 31> <Depth = 2> <FIFO>
ST_1 : Operation 28 [1/1] (0.00ns)   --->   "%layer2_out_24_V = extractvalue { i32, i32, i32, i32, i32, i32, i32, i32, i32, i32, i32, i32, i32, i32, i32, i32, i32, i32, i32, i32, i32, i32, i32, i32, i32, i32, i32, i32, i32, i32, i32, i32 } %call_ret1, 24"   --->   Operation 28 'extractvalue' 'layer2_out_24_V' <Predicate = true> <Delay = 0.00> <Core = "FIFO">   --->   Core 32 'FIFO' <Latency = 0> <II = 1> <Delay = 1.45> <Storage> <Opcode : 'read' 'write' 'nbread' 'nbwrite'> <Ports = 0> <Width = 31> <Depth = 2> <FIFO>
ST_1 : Operation 29 [1/1] (0.00ns)   --->   "%layer2_out_25_V = extractvalue { i32, i32, i32, i32, i32, i32, i32, i32, i32, i32, i32, i32, i32, i32, i32, i32, i32, i32, i32, i32, i32, i32, i32, i32, i32, i32, i32, i32, i32, i32, i32, i32 } %call_ret1, 25"   --->   Operation 29 'extractvalue' 'layer2_out_25_V' <Predicate = true> <Delay = 0.00> <Core = "FIFO">   --->   Core 32 'FIFO' <Latency = 0> <II = 1> <Delay = 1.45> <Storage> <Opcode : 'read' 'write' 'nbread' 'nbwrite'> <Ports = 0> <Width = 31> <Depth = 2> <FIFO>
ST_1 : Operation 30 [1/1] (0.00ns)   --->   "%layer2_out_26_V = extractvalue { i32, i32, i32, i32, i32, i32, i32, i32, i32, i32, i32, i32, i32, i32, i32, i32, i32, i32, i32, i32, i32, i32, i32, i32, i32, i32, i32, i32, i32, i32, i32, i32 } %call_ret1, 26"   --->   Operation 30 'extractvalue' 'layer2_out_26_V' <Predicate = true> <Delay = 0.00> <Core = "FIFO">   --->   Core 32 'FIFO' <Latency = 0> <II = 1> <Delay = 1.45> <Storage> <Opcode : 'read' 'write' 'nbread' 'nbwrite'> <Ports = 0> <Width = 31> <Depth = 2> <FIFO>
ST_1 : Operation 31 [1/1] (0.00ns)   --->   "%layer2_out_27_V = extractvalue { i32, i32, i32, i32, i32, i32, i32, i32, i32, i32, i32, i32, i32, i32, i32, i32, i32, i32, i32, i32, i32, i32, i32, i32, i32, i32, i32, i32, i32, i32, i32, i32 } %call_ret1, 27"   --->   Operation 31 'extractvalue' 'layer2_out_27_V' <Predicate = true> <Delay = 0.00> <Core = "FIFO">   --->   Core 32 'FIFO' <Latency = 0> <II = 1> <Delay = 1.45> <Storage> <Opcode : 'read' 'write' 'nbread' 'nbwrite'> <Ports = 0> <Width = 31> <Depth = 2> <FIFO>
ST_1 : Operation 32 [1/1] (0.00ns)   --->   "%layer2_out_28_V = extractvalue { i32, i32, i32, i32, i32, i32, i32, i32, i32, i32, i32, i32, i32, i32, i32, i32, i32, i32, i32, i32, i32, i32, i32, i32, i32, i32, i32, i32, i32, i32, i32, i32 } %call_ret1, 28"   --->   Operation 32 'extractvalue' 'layer2_out_28_V' <Predicate = true> <Delay = 0.00> <Core = "FIFO">   --->   Core 32 'FIFO' <Latency = 0> <II = 1> <Delay = 1.45> <Storage> <Opcode : 'read' 'write' 'nbread' 'nbwrite'> <Ports = 0> <Width = 31> <Depth = 2> <FIFO>
ST_1 : Operation 33 [1/1] (0.00ns)   --->   "%layer2_out_29_V = extractvalue { i32, i32, i32, i32, i32, i32, i32, i32, i32, i32, i32, i32, i32, i32, i32, i32, i32, i32, i32, i32, i32, i32, i32, i32, i32, i32, i32, i32, i32, i32, i32, i32 } %call_ret1, 29"   --->   Operation 33 'extractvalue' 'layer2_out_29_V' <Predicate = true> <Delay = 0.00> <Core = "FIFO">   --->   Core 32 'FIFO' <Latency = 0> <II = 1> <Delay = 1.45> <Storage> <Opcode : 'read' 'write' 'nbread' 'nbwrite'> <Ports = 0> <Width = 31> <Depth = 2> <FIFO>
ST_1 : Operation 34 [1/1] (0.00ns)   --->   "%layer2_out_30_V = extractvalue { i32, i32, i32, i32, i32, i32, i32, i32, i32, i32, i32, i32, i32, i32, i32, i32, i32, i32, i32, i32, i32, i32, i32, i32, i32, i32, i32, i32, i32, i32, i32, i32 } %call_ret1, 30"   --->   Operation 34 'extractvalue' 'layer2_out_30_V' <Predicate = true> <Delay = 0.00> <Core = "FIFO">   --->   Core 32 'FIFO' <Latency = 0> <II = 1> <Delay = 1.45> <Storage> <Opcode : 'read' 'write' 'nbread' 'nbwrite'> <Ports = 0> <Width = 31> <Depth = 2> <FIFO>
ST_1 : Operation 35 [1/1] (0.00ns)   --->   "%layer2_out_31_V = extractvalue { i32, i32, i32, i32, i32, i32, i32, i32, i32, i32, i32, i32, i32, i32, i32, i32, i32, i32, i32, i32, i32, i32, i32, i32, i32, i32, i32, i32, i32, i32, i32, i32 } %call_ret1, 31"   --->   Operation 35 'extractvalue' 'layer2_out_31_V' <Predicate = true> <Delay = 0.00> <Core = "FIFO">   --->   Core 32 'FIFO' <Latency = 0> <II = 1> <Delay = 1.45> <Storage> <Opcode : 'read' 'write' 'nbread' 'nbwrite'> <Ports = 0> <Width = 31> <Depth = 2> <FIFO>
ST_1 : Operation 36 [1/1] (1.11ns)   --->   "%call_ret2 = call fastcc { i31, i31, i31, i31, i31, i31, i31, i31, i31, i31, i31, i31, i31, i31, i31, i31, i31, i31, i31, i31, i31, i31, i31, i31, i31, i31, i31, i31, i31, i31, i31, i31 } @"relu<ap_fixed<32, 16, 5, 3, 0>, ap_fixed<32, 16, 4, 0, 0>, relu_config4>"(i32 %layer2_out_0_V, i32 %layer2_out_1_V, i32 %layer2_out_2_V, i32 %layer2_out_3_V, i32 %layer2_out_4_V, i32 %layer2_out_5_V, i32 %layer2_out_6_V, i32 %layer2_out_7_V, i32 %layer2_out_8_V, i32 %layer2_out_9_V, i32 %layer2_out_10_V, i32 %layer2_out_11_V, i32 %layer2_out_12_V, i32 %layer2_out_13_V, i32 %layer2_out_14_V, i32 %layer2_out_15_V, i32 %layer2_out_16_V, i32 %layer2_out_17_V, i32 %layer2_out_18_V, i32 %layer2_out_19_V, i32 %layer2_out_20_V, i32 %layer2_out_21_V, i32 %layer2_out_22_V, i32 %layer2_out_23_V, i32 %layer2_out_24_V, i32 %layer2_out_25_V, i32 %layer2_out_26_V, i32 %layer2_out_27_V, i32 %layer2_out_28_V, i32 %layer2_out_29_V, i32 %layer2_out_30_V, i32 %layer2_out_31_V)" [firmware/myproject.cpp:43]   --->   Operation 36 'call' 'call_ret2' <Predicate = true> <Delay = 1.11> <CoreType = "Generic">   --->   Core 0 '' <Latency = 0> <II = 1> <Delay = 1.00> <Generic> <Opcode : >
ST_1 : Operation 37 [1/1] (0.00ns)   --->   "%layer4_out_0_V = extractvalue { i31, i31, i31, i31, i31, i31, i31, i31, i31, i31, i31, i31, i31, i31, i31, i31, i31, i31, i31, i31, i31, i31, i31, i31, i31, i31, i31, i31, i31, i31, i31, i31 } %call_ret2, 0" [firmware/myproject.cpp:43]   --->   Operation 37 'extractvalue' 'layer4_out_0_V' <Predicate = true> <Delay = 0.00> <Core = "FIFO">   --->   Core 32 'FIFO' <Latency = 0> <II = 1> <Delay = 1.45> <Storage> <Opcode : 'read' 'write' 'nbread' 'nbwrite'> <Ports = 0> <Width = 31> <Depth = 2> <FIFO>
ST_1 : Operation 38 [1/1] (0.00ns)   --->   "%layer4_out_1_V = extractvalue { i31, i31, i31, i31, i31, i31, i31, i31, i31, i31, i31, i31, i31, i31, i31, i31, i31, i31, i31, i31, i31, i31, i31, i31, i31, i31, i31, i31, i31, i31, i31, i31 } %call_ret2, 1" [firmware/myproject.cpp:43]   --->   Operation 38 'extractvalue' 'layer4_out_1_V' <Predicate = true> <Delay = 0.00> <Core = "FIFO">   --->   Core 32 'FIFO' <Latency = 0> <II = 1> <Delay = 1.45> <Storage> <Opcode : 'read' 'write' 'nbread' 'nbwrite'> <Ports = 0> <Width = 31> <Depth = 2> <FIFO>
ST_1 : Operation 39 [1/1] (0.00ns)   --->   "%layer4_out_2_V = extractvalue { i31, i31, i31, i31, i31, i31, i31, i31, i31, i31, i31, i31, i31, i31, i31, i31, i31, i31, i31, i31, i31, i31, i31, i31, i31, i31, i31, i31, i31, i31, i31, i31 } %call_ret2, 2" [firmware/myproject.cpp:43]   --->   Operation 39 'extractvalue' 'layer4_out_2_V' <Predicate = true> <Delay = 0.00> <Core = "FIFO">   --->   Core 32 'FIFO' <Latency = 0> <II = 1> <Delay = 1.45> <Storage> <Opcode : 'read' 'write' 'nbread' 'nbwrite'> <Ports = 0> <Width = 31> <Depth = 2> <FIFO>
ST_1 : Operation 40 [1/1] (0.00ns)   --->   "%layer4_out_3_V = extractvalue { i31, i31, i31, i31, i31, i31, i31, i31, i31, i31, i31, i31, i31, i31, i31, i31, i31, i31, i31, i31, i31, i31, i31, i31, i31, i31, i31, i31, i31, i31, i31, i31 } %call_ret2, 3" [firmware/myproject.cpp:43]   --->   Operation 40 'extractvalue' 'layer4_out_3_V' <Predicate = true> <Delay = 0.00> <Core = "FIFO">   --->   Core 32 'FIFO' <Latency = 0> <II = 1> <Delay = 1.45> <Storage> <Opcode : 'read' 'write' 'nbread' 'nbwrite'> <Ports = 0> <Width = 31> <Depth = 2> <FIFO>
ST_1 : Operation 41 [1/1] (0.00ns)   --->   "%layer4_out_4_V = extractvalue { i31, i31, i31, i31, i31, i31, i31, i31, i31, i31, i31, i31, i31, i31, i31, i31, i31, i31, i31, i31, i31, i31, i31, i31, i31, i31, i31, i31, i31, i31, i31, i31 } %call_ret2, 4" [firmware/myproject.cpp:43]   --->   Operation 41 'extractvalue' 'layer4_out_4_V' <Predicate = true> <Delay = 0.00> <Core = "FIFO">   --->   Core 32 'FIFO' <Latency = 0> <II = 1> <Delay = 1.45> <Storage> <Opcode : 'read' 'write' 'nbread' 'nbwrite'> <Ports = 0> <Width = 31> <Depth = 2> <FIFO>
ST_1 : Operation 42 [1/1] (0.00ns)   --->   "%layer4_out_5_V = extractvalue { i31, i31, i31, i31, i31, i31, i31, i31, i31, i31, i31, i31, i31, i31, i31, i31, i31, i31, i31, i31, i31, i31, i31, i31, i31, i31, i31, i31, i31, i31, i31, i31 } %call_ret2, 5" [firmware/myproject.cpp:43]   --->   Operation 42 'extractvalue' 'layer4_out_5_V' <Predicate = true> <Delay = 0.00> <Core = "FIFO">   --->   Core 32 'FIFO' <Latency = 0> <II = 1> <Delay = 1.45> <Storage> <Opcode : 'read' 'write' 'nbread' 'nbwrite'> <Ports = 0> <Width = 31> <Depth = 2> <FIFO>
ST_1 : Operation 43 [1/1] (0.00ns)   --->   "%layer4_out_6_V = extractvalue { i31, i31, i31, i31, i31, i31, i31, i31, i31, i31, i31, i31, i31, i31, i31, i31, i31, i31, i31, i31, i31, i31, i31, i31, i31, i31, i31, i31, i31, i31, i31, i31 } %call_ret2, 6" [firmware/myproject.cpp:43]   --->   Operation 43 'extractvalue' 'layer4_out_6_V' <Predicate = true> <Delay = 0.00> <Core = "FIFO">   --->   Core 32 'FIFO' <Latency = 0> <II = 1> <Delay = 1.45> <Storage> <Opcode : 'read' 'write' 'nbread' 'nbwrite'> <Ports = 0> <Width = 31> <Depth = 2> <FIFO>
ST_1 : Operation 44 [1/1] (0.00ns)   --->   "%layer4_out_7_V = extractvalue { i31, i31, i31, i31, i31, i31, i31, i31, i31, i31, i31, i31, i31, i31, i31, i31, i31, i31, i31, i31, i31, i31, i31, i31, i31, i31, i31, i31, i31, i31, i31, i31 } %call_ret2, 7" [firmware/myproject.cpp:43]   --->   Operation 44 'extractvalue' 'layer4_out_7_V' <Predicate = true> <Delay = 0.00> <Core = "FIFO">   --->   Core 32 'FIFO' <Latency = 0> <II = 1> <Delay = 1.45> <Storage> <Opcode : 'read' 'write' 'nbread' 'nbwrite'> <Ports = 0> <Width = 31> <Depth = 2> <FIFO>
ST_1 : Operation 45 [1/1] (0.00ns)   --->   "%layer4_out_8_V = extractvalue { i31, i31, i31, i31, i31, i31, i31, i31, i31, i31, i31, i31, i31, i31, i31, i31, i31, i31, i31, i31, i31, i31, i31, i31, i31, i31, i31, i31, i31, i31, i31, i31 } %call_ret2, 8" [firmware/myproject.cpp:43]   --->   Operation 45 'extractvalue' 'layer4_out_8_V' <Predicate = true> <Delay = 0.00> <Core = "FIFO">   --->   Core 32 'FIFO' <Latency = 0> <II = 1> <Delay = 1.45> <Storage> <Opcode : 'read' 'write' 'nbread' 'nbwrite'> <Ports = 0> <Width = 31> <Depth = 2> <FIFO>
ST_1 : Operation 46 [1/1] (0.00ns)   --->   "%layer4_out_9_V = extractvalue { i31, i31, i31, i31, i31, i31, i31, i31, i31, i31, i31, i31, i31, i31, i31, i31, i31, i31, i31, i31, i31, i31, i31, i31, i31, i31, i31, i31, i31, i31, i31, i31 } %call_ret2, 9" [firmware/myproject.cpp:43]   --->   Operation 46 'extractvalue' 'layer4_out_9_V' <Predicate = true> <Delay = 0.00> <Core = "FIFO">   --->   Core 32 'FIFO' <Latency = 0> <II = 1> <Delay = 1.45> <Storage> <Opcode : 'read' 'write' 'nbread' 'nbwrite'> <Ports = 0> <Width = 31> <Depth = 2> <FIFO>
ST_1 : Operation 47 [1/1] (0.00ns)   --->   "%layer4_out_10_V = extractvalue { i31, i31, i31, i31, i31, i31, i31, i31, i31, i31, i31, i31, i31, i31, i31, i31, i31, i31, i31, i31, i31, i31, i31, i31, i31, i31, i31, i31, i31, i31, i31, i31 } %call_ret2, 10" [firmware/myproject.cpp:43]   --->   Operation 47 'extractvalue' 'layer4_out_10_V' <Predicate = true> <Delay = 0.00> <Core = "FIFO">   --->   Core 32 'FIFO' <Latency = 0> <II = 1> <Delay = 1.45> <Storage> <Opcode : 'read' 'write' 'nbread' 'nbwrite'> <Ports = 0> <Width = 31> <Depth = 2> <FIFO>
ST_1 : Operation 48 [1/1] (0.00ns)   --->   "%layer4_out_11_V = extractvalue { i31, i31, i31, i31, i31, i31, i31, i31, i31, i31, i31, i31, i31, i31, i31, i31, i31, i31, i31, i31, i31, i31, i31, i31, i31, i31, i31, i31, i31, i31, i31, i31 } %call_ret2, 11" [firmware/myproject.cpp:43]   --->   Operation 48 'extractvalue' 'layer4_out_11_V' <Predicate = true> <Delay = 0.00> <Core = "FIFO">   --->   Core 32 'FIFO' <Latency = 0> <II = 1> <Delay = 1.45> <Storage> <Opcode : 'read' 'write' 'nbread' 'nbwrite'> <Ports = 0> <Width = 31> <Depth = 2> <FIFO>
ST_1 : Operation 49 [1/1] (0.00ns)   --->   "%layer4_out_12_V = extractvalue { i31, i31, i31, i31, i31, i31, i31, i31, i31, i31, i31, i31, i31, i31, i31, i31, i31, i31, i31, i31, i31, i31, i31, i31, i31, i31, i31, i31, i31, i31, i31, i31 } %call_ret2, 12" [firmware/myproject.cpp:43]   --->   Operation 49 'extractvalue' 'layer4_out_12_V' <Predicate = true> <Delay = 0.00> <Core = "FIFO">   --->   Core 32 'FIFO' <Latency = 0> <II = 1> <Delay = 1.45> <Storage> <Opcode : 'read' 'write' 'nbread' 'nbwrite'> <Ports = 0> <Width = 31> <Depth = 2> <FIFO>
ST_1 : Operation 50 [1/1] (0.00ns)   --->   "%layer4_out_13_V = extractvalue { i31, i31, i31, i31, i31, i31, i31, i31, i31, i31, i31, i31, i31, i31, i31, i31, i31, i31, i31, i31, i31, i31, i31, i31, i31, i31, i31, i31, i31, i31, i31, i31 } %call_ret2, 13" [firmware/myproject.cpp:43]   --->   Operation 50 'extractvalue' 'layer4_out_13_V' <Predicate = true> <Delay = 0.00> <Core = "FIFO">   --->   Core 32 'FIFO' <Latency = 0> <II = 1> <Delay = 1.45> <Storage> <Opcode : 'read' 'write' 'nbread' 'nbwrite'> <Ports = 0> <Width = 31> <Depth = 2> <FIFO>
ST_1 : Operation 51 [1/1] (0.00ns)   --->   "%layer4_out_14_V = extractvalue { i31, i31, i31, i31, i31, i31, i31, i31, i31, i31, i31, i31, i31, i31, i31, i31, i31, i31, i31, i31, i31, i31, i31, i31, i31, i31, i31, i31, i31, i31, i31, i31 } %call_ret2, 14" [firmware/myproject.cpp:43]   --->   Operation 51 'extractvalue' 'layer4_out_14_V' <Predicate = true> <Delay = 0.00> <Core = "FIFO">   --->   Core 32 'FIFO' <Latency = 0> <II = 1> <Delay = 1.45> <Storage> <Opcode : 'read' 'write' 'nbread' 'nbwrite'> <Ports = 0> <Width = 31> <Depth = 2> <FIFO>
ST_1 : Operation 52 [1/1] (0.00ns)   --->   "%layer4_out_15_V = extractvalue { i31, i31, i31, i31, i31, i31, i31, i31, i31, i31, i31, i31, i31, i31, i31, i31, i31, i31, i31, i31, i31, i31, i31, i31, i31, i31, i31, i31, i31, i31, i31, i31 } %call_ret2, 15" [firmware/myproject.cpp:43]   --->   Operation 52 'extractvalue' 'layer4_out_15_V' <Predicate = true> <Delay = 0.00> <Core = "FIFO">   --->   Core 32 'FIFO' <Latency = 0> <II = 1> <Delay = 1.45> <Storage> <Opcode : 'read' 'write' 'nbread' 'nbwrite'> <Ports = 0> <Width = 31> <Depth = 2> <FIFO>
ST_1 : Operation 53 [1/1] (0.00ns)   --->   "%layer4_out_16_V = extractvalue { i31, i31, i31, i31, i31, i31, i31, i31, i31, i31, i31, i31, i31, i31, i31, i31, i31, i31, i31, i31, i31, i31, i31, i31, i31, i31, i31, i31, i31, i31, i31, i31 } %call_ret2, 16" [firmware/myproject.cpp:43]   --->   Operation 53 'extractvalue' 'layer4_out_16_V' <Predicate = true> <Delay = 0.00> <Core = "FIFO">   --->   Core 32 'FIFO' <Latency = 0> <II = 1> <Delay = 1.45> <Storage> <Opcode : 'read' 'write' 'nbread' 'nbwrite'> <Ports = 0> <Width = 31> <Depth = 2> <FIFO>
ST_1 : Operation 54 [1/1] (0.00ns)   --->   "%layer4_out_17_V = extractvalue { i31, i31, i31, i31, i31, i31, i31, i31, i31, i31, i31, i31, i31, i31, i31, i31, i31, i31, i31, i31, i31, i31, i31, i31, i31, i31, i31, i31, i31, i31, i31, i31 } %call_ret2, 17" [firmware/myproject.cpp:43]   --->   Operation 54 'extractvalue' 'layer4_out_17_V' <Predicate = true> <Delay = 0.00> <Core = "FIFO">   --->   Core 32 'FIFO' <Latency = 0> <II = 1> <Delay = 1.45> <Storage> <Opcode : 'read' 'write' 'nbread' 'nbwrite'> <Ports = 0> <Width = 31> <Depth = 2> <FIFO>
ST_1 : Operation 55 [1/1] (0.00ns)   --->   "%layer4_out_18_V = extractvalue { i31, i31, i31, i31, i31, i31, i31, i31, i31, i31, i31, i31, i31, i31, i31, i31, i31, i31, i31, i31, i31, i31, i31, i31, i31, i31, i31, i31, i31, i31, i31, i31 } %call_ret2, 18" [firmware/myproject.cpp:43]   --->   Operation 55 'extractvalue' 'layer4_out_18_V' <Predicate = true> <Delay = 0.00> <Core = "FIFO">   --->   Core 32 'FIFO' <Latency = 0> <II = 1> <Delay = 1.45> <Storage> <Opcode : 'read' 'write' 'nbread' 'nbwrite'> <Ports = 0> <Width = 31> <Depth = 2> <FIFO>
ST_1 : Operation 56 [1/1] (0.00ns)   --->   "%layer4_out_19_V = extractvalue { i31, i31, i31, i31, i31, i31, i31, i31, i31, i31, i31, i31, i31, i31, i31, i31, i31, i31, i31, i31, i31, i31, i31, i31, i31, i31, i31, i31, i31, i31, i31, i31 } %call_ret2, 19" [firmware/myproject.cpp:43]   --->   Operation 56 'extractvalue' 'layer4_out_19_V' <Predicate = true> <Delay = 0.00> <Core = "FIFO">   --->   Core 32 'FIFO' <Latency = 0> <II = 1> <Delay = 1.45> <Storage> <Opcode : 'read' 'write' 'nbread' 'nbwrite'> <Ports = 0> <Width = 31> <Depth = 2> <FIFO>
ST_1 : Operation 57 [1/1] (0.00ns)   --->   "%layer4_out_20_V = extractvalue { i31, i31, i31, i31, i31, i31, i31, i31, i31, i31, i31, i31, i31, i31, i31, i31, i31, i31, i31, i31, i31, i31, i31, i31, i31, i31, i31, i31, i31, i31, i31, i31 } %call_ret2, 20" [firmware/myproject.cpp:43]   --->   Operation 57 'extractvalue' 'layer4_out_20_V' <Predicate = true> <Delay = 0.00> <Core = "FIFO">   --->   Core 32 'FIFO' <Latency = 0> <II = 1> <Delay = 1.45> <Storage> <Opcode : 'read' 'write' 'nbread' 'nbwrite'> <Ports = 0> <Width = 31> <Depth = 2> <FIFO>
ST_1 : Operation 58 [1/1] (0.00ns)   --->   "%layer4_out_21_V = extractvalue { i31, i31, i31, i31, i31, i31, i31, i31, i31, i31, i31, i31, i31, i31, i31, i31, i31, i31, i31, i31, i31, i31, i31, i31, i31, i31, i31, i31, i31, i31, i31, i31 } %call_ret2, 21" [firmware/myproject.cpp:43]   --->   Operation 58 'extractvalue' 'layer4_out_21_V' <Predicate = true> <Delay = 0.00> <Core = "FIFO">   --->   Core 32 'FIFO' <Latency = 0> <II = 1> <Delay = 1.45> <Storage> <Opcode : 'read' 'write' 'nbread' 'nbwrite'> <Ports = 0> <Width = 31> <Depth = 2> <FIFO>
ST_1 : Operation 59 [1/1] (0.00ns)   --->   "%layer4_out_22_V = extractvalue { i31, i31, i31, i31, i31, i31, i31, i31, i31, i31, i31, i31, i31, i31, i31, i31, i31, i31, i31, i31, i31, i31, i31, i31, i31, i31, i31, i31, i31, i31, i31, i31 } %call_ret2, 22" [firmware/myproject.cpp:43]   --->   Operation 59 'extractvalue' 'layer4_out_22_V' <Predicate = true> <Delay = 0.00> <Core = "FIFO">   --->   Core 32 'FIFO' <Latency = 0> <II = 1> <Delay = 1.45> <Storage> <Opcode : 'read' 'write' 'nbread' 'nbwrite'> <Ports = 0> <Width = 31> <Depth = 2> <FIFO>
ST_1 : Operation 60 [1/1] (0.00ns)   --->   "%layer4_out_23_V = extractvalue { i31, i31, i31, i31, i31, i31, i31, i31, i31, i31, i31, i31, i31, i31, i31, i31, i31, i31, i31, i31, i31, i31, i31, i31, i31, i31, i31, i31, i31, i31, i31, i31 } %call_ret2, 23" [firmware/myproject.cpp:43]   --->   Operation 60 'extractvalue' 'layer4_out_23_V' <Predicate = true> <Delay = 0.00> <Core = "FIFO">   --->   Core 32 'FIFO' <Latency = 0> <II = 1> <Delay = 1.45> <Storage> <Opcode : 'read' 'write' 'nbread' 'nbwrite'> <Ports = 0> <Width = 31> <Depth = 2> <FIFO>
ST_1 : Operation 61 [1/1] (0.00ns)   --->   "%layer4_out_24_V = extractvalue { i31, i31, i31, i31, i31, i31, i31, i31, i31, i31, i31, i31, i31, i31, i31, i31, i31, i31, i31, i31, i31, i31, i31, i31, i31, i31, i31, i31, i31, i31, i31, i31 } %call_ret2, 24" [firmware/myproject.cpp:43]   --->   Operation 61 'extractvalue' 'layer4_out_24_V' <Predicate = true> <Delay = 0.00> <Core = "FIFO">   --->   Core 32 'FIFO' <Latency = 0> <II = 1> <Delay = 1.45> <Storage> <Opcode : 'read' 'write' 'nbread' 'nbwrite'> <Ports = 0> <Width = 31> <Depth = 2> <FIFO>
ST_1 : Operation 62 [1/1] (0.00ns)   --->   "%layer4_out_25_V = extractvalue { i31, i31, i31, i31, i31, i31, i31, i31, i31, i31, i31, i31, i31, i31, i31, i31, i31, i31, i31, i31, i31, i31, i31, i31, i31, i31, i31, i31, i31, i31, i31, i31 } %call_ret2, 25" [firmware/myproject.cpp:43]   --->   Operation 62 'extractvalue' 'layer4_out_25_V' <Predicate = true> <Delay = 0.00> <Core = "FIFO">   --->   Core 32 'FIFO' <Latency = 0> <II = 1> <Delay = 1.45> <Storage> <Opcode : 'read' 'write' 'nbread' 'nbwrite'> <Ports = 0> <Width = 31> <Depth = 2> <FIFO>
ST_1 : Operation 63 [1/1] (0.00ns)   --->   "%layer4_out_26_V = extractvalue { i31, i31, i31, i31, i31, i31, i31, i31, i31, i31, i31, i31, i31, i31, i31, i31, i31, i31, i31, i31, i31, i31, i31, i31, i31, i31, i31, i31, i31, i31, i31, i31 } %call_ret2, 26" [firmware/myproject.cpp:43]   --->   Operation 63 'extractvalue' 'layer4_out_26_V' <Predicate = true> <Delay = 0.00> <Core = "FIFO">   --->   Core 32 'FIFO' <Latency = 0> <II = 1> <Delay = 1.45> <Storage> <Opcode : 'read' 'write' 'nbread' 'nbwrite'> <Ports = 0> <Width = 31> <Depth = 2> <FIFO>
ST_1 : Operation 64 [1/1] (0.00ns)   --->   "%layer4_out_27_V = extractvalue { i31, i31, i31, i31, i31, i31, i31, i31, i31, i31, i31, i31, i31, i31, i31, i31, i31, i31, i31, i31, i31, i31, i31, i31, i31, i31, i31, i31, i31, i31, i31, i31 } %call_ret2, 27" [firmware/myproject.cpp:43]   --->   Operation 64 'extractvalue' 'layer4_out_27_V' <Predicate = true> <Delay = 0.00> <Core = "FIFO">   --->   Core 32 'FIFO' <Latency = 0> <II = 1> <Delay = 1.45> <Storage> <Opcode : 'read' 'write' 'nbread' 'nbwrite'> <Ports = 0> <Width = 31> <Depth = 2> <FIFO>
ST_1 : Operation 65 [1/1] (0.00ns)   --->   "%layer4_out_28_V = extractvalue { i31, i31, i31, i31, i31, i31, i31, i31, i31, i31, i31, i31, i31, i31, i31, i31, i31, i31, i31, i31, i31, i31, i31, i31, i31, i31, i31, i31, i31, i31, i31, i31 } %call_ret2, 28" [firmware/myproject.cpp:43]   --->   Operation 65 'extractvalue' 'layer4_out_28_V' <Predicate = true> <Delay = 0.00> <Core = "FIFO">   --->   Core 32 'FIFO' <Latency = 0> <II = 1> <Delay = 1.45> <Storage> <Opcode : 'read' 'write' 'nbread' 'nbwrite'> <Ports = 0> <Width = 31> <Depth = 2> <FIFO>
ST_1 : Operation 66 [1/1] (0.00ns)   --->   "%layer4_out_29_V = extractvalue { i31, i31, i31, i31, i31, i31, i31, i31, i31, i31, i31, i31, i31, i31, i31, i31, i31, i31, i31, i31, i31, i31, i31, i31, i31, i31, i31, i31, i31, i31, i31, i31 } %call_ret2, 29" [firmware/myproject.cpp:43]   --->   Operation 66 'extractvalue' 'layer4_out_29_V' <Predicate = true> <Delay = 0.00> <Core = "FIFO">   --->   Core 32 'FIFO' <Latency = 0> <II = 1> <Delay = 1.45> <Storage> <Opcode : 'read' 'write' 'nbread' 'nbwrite'> <Ports = 0> <Width = 31> <Depth = 2> <FIFO>
ST_1 : Operation 67 [1/1] (0.00ns)   --->   "%layer4_out_30_V = extractvalue { i31, i31, i31, i31, i31, i31, i31, i31, i31, i31, i31, i31, i31, i31, i31, i31, i31, i31, i31, i31, i31, i31, i31, i31, i31, i31, i31, i31, i31, i31, i31, i31 } %call_ret2, 30" [firmware/myproject.cpp:43]   --->   Operation 67 'extractvalue' 'layer4_out_30_V' <Predicate = true> <Delay = 0.00> <Core = "FIFO">   --->   Core 32 'FIFO' <Latency = 0> <II = 1> <Delay = 1.45> <Storage> <Opcode : 'read' 'write' 'nbread' 'nbwrite'> <Ports = 0> <Width = 31> <Depth = 2> <FIFO>
ST_1 : Operation 68 [1/1] (0.00ns)   --->   "%layer4_out_31_V = extractvalue { i31, i31, i31, i31, i31, i31, i31, i31, i31, i31, i31, i31, i31, i31, i31, i31, i31, i31, i31, i31, i31, i31, i31, i31, i31, i31, i31, i31, i31, i31, i31, i31 } %call_ret2, 31" [firmware/myproject.cpp:43]   --->   Operation 68 'extractvalue' 'layer4_out_31_V' <Predicate = true> <Delay = 0.00> <Core = "FIFO">   --->   Core 32 'FIFO' <Latency = 0> <II = 1> <Delay = 1.45> <Storage> <Opcode : 'read' 'write' 'nbread' 'nbwrite'> <Ports = 0> <Width = 31> <Depth = 2> <FIFO>
ST_1 : Operation 69 [1/1] (6.69ns)   --->   "%call_ret3 = call fastcc { i32, i32, i32, i32, i32, i32, i32, i32, i32, i32, i32, i32, i32, i32, i32, i32 } @"dense_resource<ap_fixed<32, 16, 4, 0, 0>, ap_fixed<32, 16, 5, 3, 0>, config5>"(i31 %layer4_out_0_V, i31 %layer4_out_1_V, i31 %layer4_out_2_V, i31 %layer4_out_3_V, i31 %layer4_out_4_V, i31 %layer4_out_5_V, i31 %layer4_out_6_V, i31 %layer4_out_7_V, i31 %layer4_out_8_V, i31 %layer4_out_9_V, i31 %layer4_out_10_V, i31 %layer4_out_11_V, i31 %layer4_out_12_V, i31 %layer4_out_13_V, i31 %layer4_out_14_V, i31 %layer4_out_15_V, i31 %layer4_out_16_V, i31 %layer4_out_17_V, i31 %layer4_out_18_V, i31 %layer4_out_19_V, i31 %layer4_out_20_V, i31 %layer4_out_21_V, i31 %layer4_out_22_V, i31 %layer4_out_23_V, i31 %layer4_out_24_V, i31 %layer4_out_25_V, i31 %layer4_out_26_V, i31 %layer4_out_27_V, i31 %layer4_out_28_V, i31 %layer4_out_29_V, i31 %layer4_out_30_V, i31 %layer4_out_31_V)" [firmware/nnet_utils/nnet_dense.h:43->firmware/myproject.cpp:47]   --->   Operation 69 'call' 'call_ret3' <Predicate = true> <Delay = 6.69> <CoreType = "Generic">   --->   Core 0 '' <Latency = 0> <II = 1> <Delay = 1.00> <Generic> <Opcode : >
ST_1 : Operation 70 [1/1] (0.00ns)   --->   "%layer5_out_0_V = extractvalue { i32, i32, i32, i32, i32, i32, i32, i32, i32, i32, i32, i32, i32, i32, i32, i32 } %call_ret3, 0" [firmware/nnet_utils/nnet_dense.h:43->firmware/myproject.cpp:47]   --->   Operation 70 'extractvalue' 'layer5_out_0_V' <Predicate = true> <Delay = 0.00> <Core = "FIFO">   --->   Core 32 'FIFO' <Latency = 0> <II = 1> <Delay = 1.45> <Storage> <Opcode : 'read' 'write' 'nbread' 'nbwrite'> <Ports = 0> <Width = 31> <Depth = 2> <FIFO>
ST_1 : Operation 71 [1/1] (0.00ns)   --->   "%layer5_out_1_V = extractvalue { i32, i32, i32, i32, i32, i32, i32, i32, i32, i32, i32, i32, i32, i32, i32, i32 } %call_ret3, 1" [firmware/nnet_utils/nnet_dense.h:43->firmware/myproject.cpp:47]   --->   Operation 71 'extractvalue' 'layer5_out_1_V' <Predicate = true> <Delay = 0.00> <Core = "FIFO">   --->   Core 32 'FIFO' <Latency = 0> <II = 1> <Delay = 1.45> <Storage> <Opcode : 'read' 'write' 'nbread' 'nbwrite'> <Ports = 0> <Width = 31> <Depth = 2> <FIFO>
ST_1 : Operation 72 [1/1] (0.00ns)   --->   "%layer5_out_2_V = extractvalue { i32, i32, i32, i32, i32, i32, i32, i32, i32, i32, i32, i32, i32, i32, i32, i32 } %call_ret3, 2" [firmware/nnet_utils/nnet_dense.h:43->firmware/myproject.cpp:47]   --->   Operation 72 'extractvalue' 'layer5_out_2_V' <Predicate = true> <Delay = 0.00> <Core = "FIFO">   --->   Core 32 'FIFO' <Latency = 0> <II = 1> <Delay = 1.45> <Storage> <Opcode : 'read' 'write' 'nbread' 'nbwrite'> <Ports = 0> <Width = 31> <Depth = 2> <FIFO>
ST_1 : Operation 73 [1/1] (0.00ns)   --->   "%layer5_out_3_V = extractvalue { i32, i32, i32, i32, i32, i32, i32, i32, i32, i32, i32, i32, i32, i32, i32, i32 } %call_ret3, 3" [firmware/nnet_utils/nnet_dense.h:43->firmware/myproject.cpp:47]   --->   Operation 73 'extractvalue' 'layer5_out_3_V' <Predicate = true> <Delay = 0.00> <Core = "FIFO">   --->   Core 32 'FIFO' <Latency = 0> <II = 1> <Delay = 1.45> <Storage> <Opcode : 'read' 'write' 'nbread' 'nbwrite'> <Ports = 0> <Width = 31> <Depth = 2> <FIFO>
ST_1 : Operation 74 [1/1] (0.00ns)   --->   "%layer5_out_4_V = extractvalue { i32, i32, i32, i32, i32, i32, i32, i32, i32, i32, i32, i32, i32, i32, i32, i32 } %call_ret3, 4" [firmware/nnet_utils/nnet_dense.h:43->firmware/myproject.cpp:47]   --->   Operation 74 'extractvalue' 'layer5_out_4_V' <Predicate = true> <Delay = 0.00> <Core = "FIFO">   --->   Core 32 'FIFO' <Latency = 0> <II = 1> <Delay = 1.45> <Storage> <Opcode : 'read' 'write' 'nbread' 'nbwrite'> <Ports = 0> <Width = 31> <Depth = 2> <FIFO>
ST_1 : Operation 75 [1/1] (0.00ns)   --->   "%layer5_out_5_V = extractvalue { i32, i32, i32, i32, i32, i32, i32, i32, i32, i32, i32, i32, i32, i32, i32, i32 } %call_ret3, 5" [firmware/nnet_utils/nnet_dense.h:43->firmware/myproject.cpp:47]   --->   Operation 75 'extractvalue' 'layer5_out_5_V' <Predicate = true> <Delay = 0.00> <Core = "FIFO">   --->   Core 32 'FIFO' <Latency = 0> <II = 1> <Delay = 1.45> <Storage> <Opcode : 'read' 'write' 'nbread' 'nbwrite'> <Ports = 0> <Width = 31> <Depth = 2> <FIFO>
ST_1 : Operation 76 [1/1] (0.00ns)   --->   "%layer5_out_6_V = extractvalue { i32, i32, i32, i32, i32, i32, i32, i32, i32, i32, i32, i32, i32, i32, i32, i32 } %call_ret3, 6" [firmware/nnet_utils/nnet_dense.h:43->firmware/myproject.cpp:47]   --->   Operation 76 'extractvalue' 'layer5_out_6_V' <Predicate = true> <Delay = 0.00> <Core = "FIFO">   --->   Core 32 'FIFO' <Latency = 0> <II = 1> <Delay = 1.45> <Storage> <Opcode : 'read' 'write' 'nbread' 'nbwrite'> <Ports = 0> <Width = 31> <Depth = 2> <FIFO>
ST_1 : Operation 77 [1/1] (0.00ns)   --->   "%layer5_out_7_V = extractvalue { i32, i32, i32, i32, i32, i32, i32, i32, i32, i32, i32, i32, i32, i32, i32, i32 } %call_ret3, 7" [firmware/nnet_utils/nnet_dense.h:43->firmware/myproject.cpp:47]   --->   Operation 77 'extractvalue' 'layer5_out_7_V' <Predicate = true> <Delay = 0.00> <Core = "FIFO">   --->   Core 32 'FIFO' <Latency = 0> <II = 1> <Delay = 1.45> <Storage> <Opcode : 'read' 'write' 'nbread' 'nbwrite'> <Ports = 0> <Width = 31> <Depth = 2> <FIFO>
ST_1 : Operation 78 [1/1] (0.00ns)   --->   "%layer5_out_8_V = extractvalue { i32, i32, i32, i32, i32, i32, i32, i32, i32, i32, i32, i32, i32, i32, i32, i32 } %call_ret3, 8" [firmware/nnet_utils/nnet_dense.h:43->firmware/myproject.cpp:47]   --->   Operation 78 'extractvalue' 'layer5_out_8_V' <Predicate = true> <Delay = 0.00> <Core = "FIFO">   --->   Core 32 'FIFO' <Latency = 0> <II = 1> <Delay = 1.45> <Storage> <Opcode : 'read' 'write' 'nbread' 'nbwrite'> <Ports = 0> <Width = 31> <Depth = 2> <FIFO>
ST_1 : Operation 79 [1/1] (0.00ns)   --->   "%layer5_out_9_V = extractvalue { i32, i32, i32, i32, i32, i32, i32, i32, i32, i32, i32, i32, i32, i32, i32, i32 } %call_ret3, 9" [firmware/nnet_utils/nnet_dense.h:43->firmware/myproject.cpp:47]   --->   Operation 79 'extractvalue' 'layer5_out_9_V' <Predicate = true> <Delay = 0.00> <Core = "FIFO">   --->   Core 32 'FIFO' <Latency = 0> <II = 1> <Delay = 1.45> <Storage> <Opcode : 'read' 'write' 'nbread' 'nbwrite'> <Ports = 0> <Width = 31> <Depth = 2> <FIFO>
ST_1 : Operation 80 [1/1] (0.00ns)   --->   "%layer5_out_10_V = extractvalue { i32, i32, i32, i32, i32, i32, i32, i32, i32, i32, i32, i32, i32, i32, i32, i32 } %call_ret3, 10" [firmware/nnet_utils/nnet_dense.h:43->firmware/myproject.cpp:47]   --->   Operation 80 'extractvalue' 'layer5_out_10_V' <Predicate = true> <Delay = 0.00> <Core = "FIFO">   --->   Core 32 'FIFO' <Latency = 0> <II = 1> <Delay = 1.45> <Storage> <Opcode : 'read' 'write' 'nbread' 'nbwrite'> <Ports = 0> <Width = 31> <Depth = 2> <FIFO>
ST_1 : Operation 81 [1/1] (0.00ns)   --->   "%layer5_out_11_V = extractvalue { i32, i32, i32, i32, i32, i32, i32, i32, i32, i32, i32, i32, i32, i32, i32, i32 } %call_ret3, 11" [firmware/nnet_utils/nnet_dense.h:43->firmware/myproject.cpp:47]   --->   Operation 81 'extractvalue' 'layer5_out_11_V' <Predicate = true> <Delay = 0.00> <Core = "FIFO">   --->   Core 32 'FIFO' <Latency = 0> <II = 1> <Delay = 1.45> <Storage> <Opcode : 'read' 'write' 'nbread' 'nbwrite'> <Ports = 0> <Width = 31> <Depth = 2> <FIFO>
ST_1 : Operation 82 [1/1] (0.00ns)   --->   "%layer5_out_12_V = extractvalue { i32, i32, i32, i32, i32, i32, i32, i32, i32, i32, i32, i32, i32, i32, i32, i32 } %call_ret3, 12" [firmware/nnet_utils/nnet_dense.h:43->firmware/myproject.cpp:47]   --->   Operation 82 'extractvalue' 'layer5_out_12_V' <Predicate = true> <Delay = 0.00> <Core = "FIFO">   --->   Core 32 'FIFO' <Latency = 0> <II = 1> <Delay = 1.45> <Storage> <Opcode : 'read' 'write' 'nbread' 'nbwrite'> <Ports = 0> <Width = 31> <Depth = 2> <FIFO>
ST_1 : Operation 83 [1/1] (0.00ns)   --->   "%layer5_out_13_V = extractvalue { i32, i32, i32, i32, i32, i32, i32, i32, i32, i32, i32, i32, i32, i32, i32, i32 } %call_ret3, 13" [firmware/nnet_utils/nnet_dense.h:43->firmware/myproject.cpp:47]   --->   Operation 83 'extractvalue' 'layer5_out_13_V' <Predicate = true> <Delay = 0.00> <Core = "FIFO">   --->   Core 32 'FIFO' <Latency = 0> <II = 1> <Delay = 1.45> <Storage> <Opcode : 'read' 'write' 'nbread' 'nbwrite'> <Ports = 0> <Width = 31> <Depth = 2> <FIFO>
ST_1 : Operation 84 [1/1] (0.00ns)   --->   "%layer5_out_14_V = extractvalue { i32, i32, i32, i32, i32, i32, i32, i32, i32, i32, i32, i32, i32, i32, i32, i32 } %call_ret3, 14" [firmware/nnet_utils/nnet_dense.h:43->firmware/myproject.cpp:47]   --->   Operation 84 'extractvalue' 'layer5_out_14_V' <Predicate = true> <Delay = 0.00> <Core = "FIFO">   --->   Core 32 'FIFO' <Latency = 0> <II = 1> <Delay = 1.45> <Storage> <Opcode : 'read' 'write' 'nbread' 'nbwrite'> <Ports = 0> <Width = 31> <Depth = 2> <FIFO>
ST_1 : Operation 85 [1/1] (0.00ns)   --->   "%layer5_out_15_V = extractvalue { i32, i32, i32, i32, i32, i32, i32, i32, i32, i32, i32, i32, i32, i32, i32, i32 } %call_ret3, 15" [firmware/nnet_utils/nnet_dense.h:43->firmware/myproject.cpp:47]   --->   Operation 85 'extractvalue' 'layer5_out_15_V' <Predicate = true> <Delay = 0.00> <Core = "FIFO">   --->   Core 32 'FIFO' <Latency = 0> <II = 1> <Delay = 1.45> <Storage> <Opcode : 'read' 'write' 'nbread' 'nbwrite'> <Ports = 0> <Width = 31> <Depth = 2> <FIFO>
ST_1 : Operation 86 [1/1] (1.11ns)   --->   "%call_ret = call fastcc { i31, i31, i31, i31, i31, i31, i31, i31, i31, i31, i31, i31, i31, i31, i31, i31 } @"relu<ap_fixed<32, 16, 5, 3, 0>, ap_fixed<32, 16, 4, 0, 0>, relu_config7>"(i32 %layer5_out_0_V, i32 %layer5_out_1_V, i32 %layer5_out_2_V, i32 %layer5_out_3_V, i32 %layer5_out_4_V, i32 %layer5_out_5_V, i32 %layer5_out_6_V, i32 %layer5_out_7_V, i32 %layer5_out_8_V, i32 %layer5_out_9_V, i32 %layer5_out_10_V, i32 %layer5_out_11_V, i32 %layer5_out_12_V, i32 %layer5_out_13_V, i32 %layer5_out_14_V, i32 %layer5_out_15_V)" [firmware/myproject.cpp:51]   --->   Operation 86 'call' 'call_ret' <Predicate = true> <Delay = 1.11> <CoreType = "Generic">   --->   Core 0 '' <Latency = 0> <II = 1> <Delay = 1.00> <Generic> <Opcode : >
ST_1 : Operation 87 [1/1] (0.00ns)   --->   "%layer7_out_0_V = extractvalue { i31, i31, i31, i31, i31, i31, i31, i31, i31, i31, i31, i31, i31, i31, i31, i31 } %call_ret, 0" [firmware/myproject.cpp:51]   --->   Operation 87 'extractvalue' 'layer7_out_0_V' <Predicate = true> <Delay = 0.00> <Core = "FIFO">   --->   Core 32 'FIFO' <Latency = 0> <II = 1> <Delay = 1.45> <Storage> <Opcode : 'read' 'write' 'nbread' 'nbwrite'> <Ports = 0> <Width = 31> <Depth = 2> <FIFO>
ST_1 : Operation 88 [1/1] (0.00ns)   --->   "%layer7_out_1_V = extractvalue { i31, i31, i31, i31, i31, i31, i31, i31, i31, i31, i31, i31, i31, i31, i31, i31 } %call_ret, 1" [firmware/myproject.cpp:51]   --->   Operation 88 'extractvalue' 'layer7_out_1_V' <Predicate = true> <Delay = 0.00> <Core = "FIFO">   --->   Core 32 'FIFO' <Latency = 0> <II = 1> <Delay = 1.45> <Storage> <Opcode : 'read' 'write' 'nbread' 'nbwrite'> <Ports = 0> <Width = 31> <Depth = 2> <FIFO>
ST_1 : Operation 89 [1/1] (0.00ns)   --->   "%layer7_out_2_V = extractvalue { i31, i31, i31, i31, i31, i31, i31, i31, i31, i31, i31, i31, i31, i31, i31, i31 } %call_ret, 2" [firmware/myproject.cpp:51]   --->   Operation 89 'extractvalue' 'layer7_out_2_V' <Predicate = true> <Delay = 0.00> <Core = "FIFO">   --->   Core 32 'FIFO' <Latency = 0> <II = 1> <Delay = 1.45> <Storage> <Opcode : 'read' 'write' 'nbread' 'nbwrite'> <Ports = 0> <Width = 31> <Depth = 2> <FIFO>
ST_1 : Operation 90 [1/1] (0.00ns)   --->   "%layer7_out_3_V = extractvalue { i31, i31, i31, i31, i31, i31, i31, i31, i31, i31, i31, i31, i31, i31, i31, i31 } %call_ret, 3" [firmware/myproject.cpp:51]   --->   Operation 90 'extractvalue' 'layer7_out_3_V' <Predicate = true> <Delay = 0.00> <Core = "FIFO">   --->   Core 32 'FIFO' <Latency = 0> <II = 1> <Delay = 1.45> <Storage> <Opcode : 'read' 'write' 'nbread' 'nbwrite'> <Ports = 0> <Width = 31> <Depth = 2> <FIFO>
ST_1 : Operation 91 [1/1] (0.00ns)   --->   "%layer7_out_4_V = extractvalue { i31, i31, i31, i31, i31, i31, i31, i31, i31, i31, i31, i31, i31, i31, i31, i31 } %call_ret, 4" [firmware/myproject.cpp:51]   --->   Operation 91 'extractvalue' 'layer7_out_4_V' <Predicate = true> <Delay = 0.00> <Core = "FIFO">   --->   Core 32 'FIFO' <Latency = 0> <II = 1> <Delay = 1.45> <Storage> <Opcode : 'read' 'write' 'nbread' 'nbwrite'> <Ports = 0> <Width = 31> <Depth = 2> <FIFO>
ST_1 : Operation 92 [1/1] (0.00ns)   --->   "%layer7_out_5_V = extractvalue { i31, i31, i31, i31, i31, i31, i31, i31, i31, i31, i31, i31, i31, i31, i31, i31 } %call_ret, 5" [firmware/myproject.cpp:51]   --->   Operation 92 'extractvalue' 'layer7_out_5_V' <Predicate = true> <Delay = 0.00> <Core = "FIFO">   --->   Core 32 'FIFO' <Latency = 0> <II = 1> <Delay = 1.45> <Storage> <Opcode : 'read' 'write' 'nbread' 'nbwrite'> <Ports = 0> <Width = 31> <Depth = 2> <FIFO>
ST_1 : Operation 93 [1/1] (0.00ns)   --->   "%layer7_out_6_V = extractvalue { i31, i31, i31, i31, i31, i31, i31, i31, i31, i31, i31, i31, i31, i31, i31, i31 } %call_ret, 6" [firmware/myproject.cpp:51]   --->   Operation 93 'extractvalue' 'layer7_out_6_V' <Predicate = true> <Delay = 0.00> <Core = "FIFO">   --->   Core 32 'FIFO' <Latency = 0> <II = 1> <Delay = 1.45> <Storage> <Opcode : 'read' 'write' 'nbread' 'nbwrite'> <Ports = 0> <Width = 31> <Depth = 2> <FIFO>
ST_1 : Operation 94 [1/1] (0.00ns)   --->   "%layer7_out_7_V = extractvalue { i31, i31, i31, i31, i31, i31, i31, i31, i31, i31, i31, i31, i31, i31, i31, i31 } %call_ret, 7" [firmware/myproject.cpp:51]   --->   Operation 94 'extractvalue' 'layer7_out_7_V' <Predicate = true> <Delay = 0.00> <Core = "FIFO">   --->   Core 32 'FIFO' <Latency = 0> <II = 1> <Delay = 1.45> <Storage> <Opcode : 'read' 'write' 'nbread' 'nbwrite'> <Ports = 0> <Width = 31> <Depth = 2> <FIFO>
ST_1 : Operation 95 [1/1] (0.00ns)   --->   "%layer7_out_8_V = extractvalue { i31, i31, i31, i31, i31, i31, i31, i31, i31, i31, i31, i31, i31, i31, i31, i31 } %call_ret, 8" [firmware/myproject.cpp:51]   --->   Operation 95 'extractvalue' 'layer7_out_8_V' <Predicate = true> <Delay = 0.00> <Core = "FIFO">   --->   Core 32 'FIFO' <Latency = 0> <II = 1> <Delay = 1.45> <Storage> <Opcode : 'read' 'write' 'nbread' 'nbwrite'> <Ports = 0> <Width = 31> <Depth = 2> <FIFO>
ST_1 : Operation 96 [1/1] (0.00ns)   --->   "%layer7_out_9_V = extractvalue { i31, i31, i31, i31, i31, i31, i31, i31, i31, i31, i31, i31, i31, i31, i31, i31 } %call_ret, 9" [firmware/myproject.cpp:51]   --->   Operation 96 'extractvalue' 'layer7_out_9_V' <Predicate = true> <Delay = 0.00> <Core = "FIFO">   --->   Core 32 'FIFO' <Latency = 0> <II = 1> <Delay = 1.45> <Storage> <Opcode : 'read' 'write' 'nbread' 'nbwrite'> <Ports = 0> <Width = 31> <Depth = 2> <FIFO>
ST_1 : Operation 97 [1/1] (0.00ns)   --->   "%layer7_out_10_V = extractvalue { i31, i31, i31, i31, i31, i31, i31, i31, i31, i31, i31, i31, i31, i31, i31, i31 } %call_ret, 10" [firmware/myproject.cpp:51]   --->   Operation 97 'extractvalue' 'layer7_out_10_V' <Predicate = true> <Delay = 0.00> <Core = "FIFO">   --->   Core 32 'FIFO' <Latency = 0> <II = 1> <Delay = 1.45> <Storage> <Opcode : 'read' 'write' 'nbread' 'nbwrite'> <Ports = 0> <Width = 31> <Depth = 2> <FIFO>
ST_1 : Operation 98 [1/1] (0.00ns)   --->   "%layer7_out_11_V = extractvalue { i31, i31, i31, i31, i31, i31, i31, i31, i31, i31, i31, i31, i31, i31, i31, i31 } %call_ret, 11" [firmware/myproject.cpp:51]   --->   Operation 98 'extractvalue' 'layer7_out_11_V' <Predicate = true> <Delay = 0.00> <Core = "FIFO">   --->   Core 32 'FIFO' <Latency = 0> <II = 1> <Delay = 1.45> <Storage> <Opcode : 'read' 'write' 'nbread' 'nbwrite'> <Ports = 0> <Width = 31> <Depth = 2> <FIFO>
ST_1 : Operation 99 [1/1] (0.00ns)   --->   "%layer7_out_12_V = extractvalue { i31, i31, i31, i31, i31, i31, i31, i31, i31, i31, i31, i31, i31, i31, i31, i31 } %call_ret, 12" [firmware/myproject.cpp:51]   --->   Operation 99 'extractvalue' 'layer7_out_12_V' <Predicate = true> <Delay = 0.00> <Core = "FIFO">   --->   Core 32 'FIFO' <Latency = 0> <II = 1> <Delay = 1.45> <Storage> <Opcode : 'read' 'write' 'nbread' 'nbwrite'> <Ports = 0> <Width = 31> <Depth = 2> <FIFO>
ST_1 : Operation 100 [1/1] (0.00ns)   --->   "%layer7_out_13_V = extractvalue { i31, i31, i31, i31, i31, i31, i31, i31, i31, i31, i31, i31, i31, i31, i31, i31 } %call_ret, 13" [firmware/myproject.cpp:51]   --->   Operation 100 'extractvalue' 'layer7_out_13_V' <Predicate = true> <Delay = 0.00> <Core = "FIFO">   --->   Core 32 'FIFO' <Latency = 0> <II = 1> <Delay = 1.45> <Storage> <Opcode : 'read' 'write' 'nbread' 'nbwrite'> <Ports = 0> <Width = 31> <Depth = 2> <FIFO>
ST_1 : Operation 101 [1/1] (0.00ns)   --->   "%layer7_out_14_V = extractvalue { i31, i31, i31, i31, i31, i31, i31, i31, i31, i31, i31, i31, i31, i31, i31, i31 } %call_ret, 14" [firmware/myproject.cpp:51]   --->   Operation 101 'extractvalue' 'layer7_out_14_V' <Predicate = true> <Delay = 0.00> <Core = "FIFO">   --->   Core 32 'FIFO' <Latency = 0> <II = 1> <Delay = 1.45> <Storage> <Opcode : 'read' 'write' 'nbread' 'nbwrite'> <Ports = 0> <Width = 31> <Depth = 2> <FIFO>
ST_1 : Operation 102 [1/1] (0.00ns)   --->   "%layer7_out_15_V = extractvalue { i31, i31, i31, i31, i31, i31, i31, i31, i31, i31, i31, i31, i31, i31, i31, i31 } %call_ret, 15" [firmware/myproject.cpp:51]   --->   Operation 102 'extractvalue' 'layer7_out_15_V' <Predicate = true> <Delay = 0.00> <Core = "FIFO">   --->   Core 32 'FIFO' <Latency = 0> <II = 1> <Delay = 1.45> <Storage> <Opcode : 'read' 'write' 'nbread' 'nbwrite'> <Ports = 0> <Width = 31> <Depth = 2> <FIFO>

State 2 <SV = 1> <Delay = 5.95>
ST_2 : Operation 103 [1/1] (0.00ns)   --->   "call void (...)* @_ssdm_op_SpecDataflowPipeline(i32 -1, i32 0, [1 x i8]* @p_str7) nounwind" [firmware/myproject.cpp:15]   --->   Operation 103 'specdataflowpipeline' <Predicate = true> <Delay = 0.00>
ST_2 : Operation 104 [1/1] (0.00ns)   --->   "call void (...)* @_ssdm_op_SpecBitsMap(i32* %layer8_out_2_V), !map !115"   --->   Operation 104 'specbitsmap' <Predicate = true> <Delay = 0.00>
ST_2 : Operation 105 [1/1] (0.00ns)   --->   "call void (...)* @_ssdm_op_SpecBitsMap(i32* %layer8_out_1_V), !map !121"   --->   Operation 105 'specbitsmap' <Predicate = true> <Delay = 0.00>
ST_2 : Operation 106 [1/1] (0.00ns)   --->   "call void (...)* @_ssdm_op_SpecBitsMap(i32* %layer8_out_0_V), !map !127"   --->   Operation 106 'specbitsmap' <Predicate = true> <Delay = 0.00>
ST_2 : Operation 107 [1/1] (0.00ns)   --->   "call void (...)* @_ssdm_op_SpecBitsMap(i1824* %inputs_V), !map !133"   --->   Operation 107 'specbitsmap' <Predicate = true> <Delay = 0.00>
ST_2 : Operation 108 [1/1] (0.00ns)   --->   "call void (...)* @_ssdm_op_SpecTopModule([10 x i8]* @myproject_str) nounwind"   --->   Operation 108 'spectopmodule' <Predicate = true> <Delay = 0.00>
ST_2 : Operation 109 [1/1] (0.00ns)   --->   "call void (...)* @_ssdm_op_SpecInterface(i1824* %inputs_V, [7 x i8]* @p_str8, i32 0, i32 0, [1 x i8]* @p_str7, i32 0, i32 0, [1 x i8]* @p_str7, [1 x i8]* @p_str7, [1 x i8]* @p_str7, i32 0, i32 0, i32 0, i32 0, [1 x i8]* @p_str7, [1 x i8]* @p_str7) nounwind"   --->   Operation 109 'specinterface' <Predicate = true> <Delay = 0.00>
ST_2 : Operation 110 [1/1] (0.00ns)   --->   "call void (...)* @_ssdm_op_SpecInterface(i32* %layer8_out_0_V, i32* %layer8_out_1_V, i32* %layer8_out_2_V, [7 x i8]* @p_str8, i32 0, i32 0, [1 x i8]* @p_str7, i32 0, i32 0, [1 x i8]* @p_str7, [1 x i8]* @p_str7, [1 x i8]* @p_str7, i32 0, i32 0, i32 0, i32 0, [1 x i8]* @p_str7, [1 x i8]* @p_str7) nounwind" [firmware/myproject.cpp:14]   --->   Operation 110 'specinterface' <Predicate = true> <Delay = 0.00>
ST_2 : Operation 111 [1/1] (5.95ns)   --->   "call fastcc void @"dense_resource<ap_fixed<32, 16, 4, 0, 0>, ap_fixed<32, 16, 5, 3, 0>, config8>"(i31 %layer7_out_0_V, i31 %layer7_out_1_V, i31 %layer7_out_2_V, i31 %layer7_out_3_V, i31 %layer7_out_4_V, i31 %layer7_out_5_V, i31 %layer7_out_6_V, i31 %layer7_out_7_V, i31 %layer7_out_8_V, i31 %layer7_out_9_V, i31 %layer7_out_10_V, i31 %layer7_out_11_V, i31 %layer7_out_12_V, i31 %layer7_out_13_V, i31 %layer7_out_14_V, i31 %layer7_out_15_V, i32* %layer8_out_0_V, i32* %layer8_out_1_V, i32* %layer8_out_2_V)" [firmware/nnet_utils/nnet_dense.h:43->firmware/myproject.cpp:53]   --->   Operation 111 'call' <Predicate = true> <Delay = 5.95> <CoreType = "Generic">   --->   Core 0 '' <Latency = 0> <II = 1> <Delay = 1.00> <Generic> <Opcode : >
ST_2 : Operation 112 [1/1] (0.00ns)   --->   "ret void" [firmware/myproject.cpp:55]   --->   Operation 112 'ret' <Predicate = true> <Delay = 0.00>


============================================================
+ Verbose Summary: Timing violations
============================================================
Target clock period: 25ns, clock uncertainty: 6.75ns.

 <State 1>: 15.7ns
The critical path consists of the following:
	'call' operation ('call_ret1') to 'dense_resource<ap_fixed<32, 16, 5, 3, 0>, ap_fixed<32, 16, 5, 3, 0>, config2>' [13]  (6.76 ns)
	'call' operation ('call_ret2', firmware/myproject.cpp:43) to 'relu<ap_fixed<32, 16, 5, 3, 0>, ap_fixed<32, 16, 4, 0, 0>, relu_config4>' [46]  (1.11 ns)
	'call' operation ('call_ret3', firmware/nnet_utils/nnet_dense.h:43->firmware/myproject.cpp:47) to 'dense_resource<ap_fixed<32, 16, 4, 0, 0>, ap_fixed<32, 16, 5, 3, 0>, config5>' [79]  (6.69 ns)
	'call' operation ('call_ret', firmware/myproject.cpp:51) to 'relu<ap_fixed<32, 16, 5, 3, 0>, ap_fixed<32, 16, 4, 0, 0>, relu_config7>' [96]  (1.11 ns)

 <State 2>: 5.96ns
The critical path consists of the following:
	'call' operation ('call_ln43', firmware/nnet_utils/nnet_dense.h:43->firmware/myproject.cpp:53) to 'dense_resource<ap_fixed<32, 16, 4, 0, 0>, ap_fixed<32, 16, 5, 3, 0>, config8>' [113]  (5.96 ns)


============================================================
+ Verbose Summary: Binding
============================================================
N/A
* FSMD analyzer results:
  - Output states:
 - Input state : 
  - Chain level:
	State 1
	State 2


============================================================
+ Verbose Summary: Datapath Resource usage 
============================================================
N/A
