

================================================================
== Vivado HLS Report for 'dense_resource_ap_fixed_32_16_4_0_0_ap_fixed_32_16_5_3_0_config8_s'
================================================================
* Date:           Tue Sep 17 10:46:40 2024

* Version:        2019.2 (Build 2704478 on Wed Nov 06 22:10:23 MST 2019)
* Project:        myproject_prj
* Solution:       solution1
* Product family: virtexuplus
* Target device:  xcvu9p-flga2104-2-e


================================================================
== Performance Estimates
================================================================
+ Timing: 
    * Summary: 
    +--------+----------+----------+------------+
    |  Clock |  Target  | Estimated| Uncertainty|
    +--------+----------+----------+------------+
    |ap_clk  | 25.00 ns | 5.959 ns |   6.75 ns  |
    +--------+----------+----------+------------+

+ Latency: 
    * Summary: 
    +---------+---------+----------+----------+-----+-----+---------+
    |  Latency (cycles) |  Latency (absolute) |  Interval | Pipeline|
    |   min   |   max   |    min   |    max   | min | max |   Type  |
    +---------+---------+----------+----------+-----+-----+---------+
    |        0|        0|   0 ns   |   0 ns   |    0|    0|   none  |
    +---------+---------+----------+----------+-----+-----+---------+

    + Detail: 
        * Instance: 
        N/A

        * Loop: 
        N/A



================================================================
== Utilization Estimates
================================================================
* Summary: 
+---------------------+---------+-------+---------+---------+-----+
|         Name        | BRAM_18K| DSP48E|    FF   |   LUT   | URAM|
+---------------------+---------+-------+---------+---------+-----+
|DSP                  |        -|      -|        -|        -|    -|
|Expression           |        -|     40|        0|     3055|    -|
|FIFO                 |        -|      -|        -|        -|    -|
|Instance             |        -|      -|        -|        -|    -|
|Memory               |        -|      -|        -|        -|    -|
|Multiplexer          |        -|      -|        -|       36|    -|
|Register             |        -|      -|       98|        -|    -|
+---------------------+---------+-------+---------+---------+-----+
|Total                |        0|     40|       98|     3091|    0|
+---------------------+---------+-------+---------+---------+-----+
|Available SLR        |     1440|   2280|   788160|   394080|  320|
+---------------------+---------+-------+---------+---------+-----+
|Utilization SLR (%)  |        0|      1|    ~0   |    ~0   |    0|
+---------------------+---------+-------+---------+---------+-----+
|Available            |     4320|   6840|  2364480|  1182240|  960|
+---------------------+---------+-------+---------+---------+-----+
|Utilization (%)      |        0|   ~0  |    ~0   |    ~0   |    0|
+---------------------+---------+-------+---------+---------+-----+

+ Detail: 
    * Instance: 
    N/A

    * DSP48E: 
    N/A

    * Memory: 
    N/A

    * FIFO: 
    N/A

    * Expression: 
    +---------------------------+----------+-------+---+----+------------+------------+
    |       Variable Name       | Operation| DSP48E| FF| LUT| Bitwidth P0| Bitwidth P1|
    +---------------------------+----------+-------+---+----+------------+------------+
    |mul_ln1118_537_fu_375_p2   |     *    |      2|  0|  25|          31|           8|
    |mul_ln1118_538_fu_431_p2   |     *    |      2|  0|  25|          31|           6|
    |mul_ln1118_539_fu_459_p2   |     *    |      2|  0|  25|          31|           8|
    |mul_ln1118_540_fu_591_p2   |     *    |      2|  0|  25|          31|           7|
    |mul_ln1118_541_fu_743_p2   |     *    |      2|  0|  25|          31|           8|
    |mul_ln1118_542_fu_920_p2   |     *    |      2|  0|  25|          31|           8|
    |mul_ln1118_543_fu_992_p2   |     *    |      2|  0|  25|          31|           8|
    |mul_ln1118_544_fu_1036_p2  |     *    |      2|  0|  25|          31|           5|
    |mul_ln1118_545_fu_1168_p2  |     *    |      2|  0|  25|          31|           5|
    |mul_ln1118_546_fu_1188_p2  |     *    |      2|  0|  25|          31|           8|
    |mul_ln1118_547_fu_1224_p2  |     *    |      2|  0|  25|          31|           8|
    |mul_ln1118_548_fu_1240_p2  |     *    |      2|  0|  25|          31|           8|
    |mul_ln1118_549_fu_1389_p2  |     *    |      2|  0|  25|          31|           8|
    |mul_ln1118_550_fu_1601_p2  |     *    |      2|  0|  25|          31|           8|
    |mul_ln1118_551_fu_1617_p2  |     *    |      2|  0|  25|          31|           8|
    |mul_ln1118_fu_347_p2       |     *    |      2|  0|  25|          31|           6|
    |mul_ln708_1_fu_1056_p2     |     *    |      2|  0|  25|          31|           7|
    |mul_ln708_2_fu_1204_p2     |     *    |      2|  0|  25|          31|           7|
    |mul_ln708_3_fu_1405_p2     |     *    |      2|  0|  25|          31|           7|
    |mul_ln708_fu_940_p2        |     *    |      2|  0|  25|          31|           7|
    |add_ln1118_130_fu_1561_p2  |     +    |      0|  0|  38|          38|          38|
    |add_ln1118_fu_319_p2       |     +    |      0|  0|  37|          37|          37|
    |add_ln703_1722_fu_797_p2   |     +    |      0|  0|  32|          32|          32|
    |add_ln703_1723_fu_803_p2   |     +    |      0|  0|  32|          32|          32|
    |add_ln703_1724_fu_809_p2   |     +    |      0|  0|  32|          32|          32|
    |add_ln703_1725_fu_815_p2   |     +    |      0|  0|  32|          32|          32|
    |add_ln703_1726_fu_821_p2   |     +    |      0|  0|  32|          32|          32|
    |add_ln703_1727_fu_827_p2   |     +    |      0|  0|  32|          32|          32|
    |add_ln703_1728_fu_833_p2   |     +    |      0|  0|  32|          32|          32|
    |add_ln703_1729_fu_839_p2   |     +    |      0|  0|  32|          32|          32|
    |add_ln703_1730_fu_845_p2   |     +    |      0|  0|  32|          32|          32|
    |add_ln703_1731_fu_851_p2   |     +    |      0|  0|  32|          32|          32|
    |add_ln703_1732_fu_857_p2   |     +    |      0|  0|  31|          31|          15|
    |add_ln703_1733_fu_867_p2   |     +    |      0|  0|  32|          32|          32|
    |add_ln703_1734_fu_873_p2   |     +    |      0|  0|  32|          32|          32|
    |add_ln703_1735_fu_879_p2   |     +    |      0|  0|  32|          32|          32|
    |add_ln703_1736_fu_885_p2   |     +    |      0|  0|  32|          32|          32|
    |add_ln703_1737_fu_1256_p2  |     +    |      0|  0|  32|          32|          32|
    |add_ln703_1738_fu_1262_p2  |     +    |      0|  0|  32|          32|          32|
    |add_ln703_1739_fu_1268_p2  |     +    |      0|  0|  32|          32|          32|
    |add_ln703_1740_fu_1274_p2  |     +    |      0|  0|  32|          32|          32|
    |add_ln703_1741_fu_1280_p2  |     +    |      0|  0|  32|          32|          32|
    |add_ln703_1742_fu_1286_p2  |     +    |      0|  0|  32|          32|          32|
    |add_ln703_1743_fu_1292_p2  |     +    |      0|  0|  32|          32|          32|
    |add_ln703_1744_fu_1298_p2  |     +    |      0|  0|  32|          32|          32|
    |add_ln703_1745_fu_1304_p2  |     +    |      0|  0|  32|          32|          32|
    |add_ln703_1746_fu_1310_p2  |     +    |      0|  0|  32|          32|          32|
    |add_ln703_1747_fu_1316_p2  |     +    |      0|  0|  32|          32|          32|
    |add_ln703_1748_fu_1322_p2  |     +    |      0|  0|  26|          26|          15|
    |add_ln703_1749_fu_1332_p2  |     +    |      0|  0|  30|          30|          30|
    |add_ln703_1750_fu_1342_p2  |     +    |      0|  0|  32|          32|          32|
    |add_ln703_1751_fu_1348_p2  |     +    |      0|  0|  32|          32|          32|
    |add_ln703_1752_fu_1354_p2  |     +    |      0|  0|  32|          32|          32|
    |add_ln703_1753_fu_1737_p2  |     +    |      0|  0|  32|          32|          32|
    |add_ln703_1754_fu_1743_p2  |     +    |      0|  0|  32|          32|          32|
    |add_ln703_1755_fu_1749_p2  |     +    |      0|  0|  32|          32|          32|
    |add_ln703_1756_fu_1755_p2  |     +    |      0|  0|  32|          32|          32|
    |add_ln703_1757_fu_1761_p2  |     +    |      0|  0|  32|          32|          32|
    |add_ln703_1758_fu_1767_p2  |     +    |      0|  0|  32|          32|          32|
    |add_ln703_1759_fu_1773_p2  |     +    |      0|  0|  32|          32|          32|
    |add_ln703_1760_fu_1779_p2  |     +    |      0|  0|  32|          32|          32|
    |add_ln703_1761_fu_1785_p2  |     +    |      0|  0|  32|          32|          32|
    |add_ln703_1762_fu_1791_p2  |     +    |      0|  0|  32|          32|          32|
    |add_ln703_1763_fu_1797_p2  |     +    |      0|  0|  32|          32|          32|
    |add_ln703_1764_fu_1803_p2  |     +    |      0|  0|  27|          27|          13|
    |add_ln703_1765_fu_1813_p2  |     +    |      0|  0|  31|          31|          31|
    |add_ln703_1766_fu_1823_p2  |     +    |      0|  0|  32|          32|          32|
    |add_ln703_1767_fu_1829_p2  |     +    |      0|  0|  32|          32|          32|
    |add_ln703_1768_fu_1835_p2  |     +    |      0|  0|  32|          32|          32|
    |add_ln703_fu_791_p2        |     +    |      0|  0|  32|          32|          32|
    |sub_ln1118_610_fu_407_p2   |     -    |      0|  0|  39|           1|          39|
    |sub_ln1118_611_fu_495_p2   |     -    |      0|  0|  37|           1|          37|
    |sub_ln1118_612_fu_535_p2   |     -    |      0|  0|  39|           1|          39|
    |sub_ln1118_613_fu_567_p2   |     -    |      0|  0|  39|          39|          39|
    |sub_ln1118_614_fu_631_p2   |     -    |      0|  0|  39|          39|          39|
    |sub_ln1118_615_fu_675_p2   |     -    |      0|  0|  39|          39|          39|
    |sub_ln1118_616_fu_723_p2   |     -    |      0|  0|  39|          39|          39|
    |sub_ln1118_617_fu_775_p2   |     -    |      0|  0|  39|          39|          39|
    |sub_ln1118_618_fu_904_p2   |     -    |      0|  0|  39|          39|          39|
    |sub_ln1118_619_fu_1020_p2  |     -    |      0|  0|  39|          39|          39|
    |sub_ln1118_620_fu_1076_p2  |     -    |      0|  0|  32|           1|          32|
    |sub_ln1118_621_fu_1120_p2  |     -    |      0|  0|  37|          37|          37|
    |sub_ln1118_622_fu_1152_p2  |     -    |      0|  0|  39|          39|          39|
    |sub_ln1118_623_fu_1373_p2  |     -    |      0|  0|  39|          39|          39|
    |sub_ln1118_624_fu_1437_p2  |     -    |      0|  0|  37|           1|          37|
    |sub_ln1118_625_fu_1459_p2  |     -    |      0|  0|  38|          38|          38|
    |sub_ln1118_626_fu_1505_p2  |     -    |      0|  0|  39|           1|          39|
    |sub_ln1118_627_fu_1533_p2  |     -    |      0|  0|  39|          39|          39|
    |sub_ln1118_628_fu_1581_p2  |     -    |      0|  0|  37|          37|          37|
    |sub_ln1118_629_fu_1645_p2  |     -    |      0|  0|  38|           1|          38|
    |sub_ln1118_630_fu_1665_p2  |     -    |      0|  0|  39|          39|          39|
    |sub_ln1118_631_fu_1705_p2  |     -    |      0|  0|  39|          39|          39|
    |sub_ln1118_685_fu_972_p2   |     -    |      0|  0|  38|          38|          38|
    |sub_ln1118_686_fu_1721_p2  |     -    |      0|  0|  39|          39|          39|
    |sub_ln1118_fu_275_p2       |     -    |      0|  0|  39|           1|          39|
    |ap_block_state1            |    or    |      0|  0|   2|           1|           1|
    +---------------------------+----------+-------+---+----+------------+------------+
    |Total                      |          |     40|  0|3055|        2882|        2658|
    +---------------------------+----------+-------+---+----+------------+------------+

    * Multiplexer: 
    +---------+----+-----------+-----+-----------+
    |   Name  | LUT| Input Size| Bits| Total Bits|
    +---------+----+-----------+-----+-----------+
    |ap_done  |   9|          2|    1|          2|
    |res_0_V  |   9|          2|   32|         64|
    |res_1_V  |   9|          2|   32|         64|
    |res_2_V  |   9|          2|   32|         64|
    +---------+----+-----------+-----+-----------+
    |Total    |  36|          8|   97|        194|
    +---------+----+-----------+-----+-----------+

    * Register: 
    +--------------+----+----+-----+-----------+
    |     Name     | FF | LUT| Bits| Const Bits|
    +--------------+----+----+-----+-----------+
    |ap_CS_fsm     |   1|   0|    1|          0|
    |ap_done_reg   |   1|   0|    1|          0|
    |res_0_V_preg  |  32|   0|   32|          0|
    |res_1_V_preg  |  32|   0|   32|          0|
    |res_2_V_preg  |  32|   0|   32|          0|
    +--------------+----+----+-----+-----------+
    |Total         |  98|   0|   98|          0|
    +--------------+----+----+-----+-----------+



================================================================
== Interface
================================================================
* Summary: 
+----------------+-----+-----+------------+-------------------------------------------------------------------------------+--------------+
|    RTL Ports   | Dir | Bits|  Protocol  |                                 Source Object                                 |    C Type    |
+----------------+-----+-----+------------+-------------------------------------------------------------------------------+--------------+
|ap_clk          |  in |    1| ap_ctrl_hs | dense_resource<ap_fixed<32, 16, 4, 0, 0>, ap_fixed<32, 16, 5, 3, 0>, config8> | return value |
|ap_rst          |  in |    1| ap_ctrl_hs | dense_resource<ap_fixed<32, 16, 4, 0, 0>, ap_fixed<32, 16, 5, 3, 0>, config8> | return value |
|ap_start        |  in |    1| ap_ctrl_hs | dense_resource<ap_fixed<32, 16, 4, 0, 0>, ap_fixed<32, 16, 5, 3, 0>, config8> | return value |
|ap_done         | out |    1| ap_ctrl_hs | dense_resource<ap_fixed<32, 16, 4, 0, 0>, ap_fixed<32, 16, 5, 3, 0>, config8> | return value |
|ap_continue     |  in |    1| ap_ctrl_hs | dense_resource<ap_fixed<32, 16, 4, 0, 0>, ap_fixed<32, 16, 5, 3, 0>, config8> | return value |
|ap_idle         | out |    1| ap_ctrl_hs | dense_resource<ap_fixed<32, 16, 4, 0, 0>, ap_fixed<32, 16, 5, 3, 0>, config8> | return value |
|ap_ready        | out |    1| ap_ctrl_hs | dense_resource<ap_fixed<32, 16, 4, 0, 0>, ap_fixed<32, 16, 5, 3, 0>, config8> | return value |
|data_0_V_read   |  in |   31|   ap_none  |                                 data_0_V_read                                 |    scalar    |
|data_1_V_read   |  in |   31|   ap_none  |                                 data_1_V_read                                 |    scalar    |
|data_2_V_read   |  in |   31|   ap_none  |                                 data_2_V_read                                 |    scalar    |
|data_3_V_read   |  in |   31|   ap_none  |                                 data_3_V_read                                 |    scalar    |
|data_4_V_read   |  in |   31|   ap_none  |                                 data_4_V_read                                 |    scalar    |
|data_5_V_read   |  in |   31|   ap_none  |                                 data_5_V_read                                 |    scalar    |
|data_6_V_read   |  in |   31|   ap_none  |                                 data_6_V_read                                 |    scalar    |
|data_7_V_read   |  in |   31|   ap_none  |                                 data_7_V_read                                 |    scalar    |
|data_8_V_read   |  in |   31|   ap_none  |                                 data_8_V_read                                 |    scalar    |
|data_9_V_read   |  in |   31|   ap_none  |                                 data_9_V_read                                 |    scalar    |
|data_10_V_read  |  in |   31|   ap_none  |                                 data_10_V_read                                |    scalar    |
|data_11_V_read  |  in |   31|   ap_none  |                                 data_11_V_read                                |    scalar    |
|data_12_V_read  |  in |   31|   ap_none  |                                 data_12_V_read                                |    scalar    |
|data_13_V_read  |  in |   31|   ap_none  |                                 data_13_V_read                                |    scalar    |
|data_14_V_read  |  in |   31|   ap_none  |                                 data_14_V_read                                |    scalar    |
|data_15_V_read  |  in |   31|   ap_none  |                                 data_15_V_read                                |    scalar    |
|res_0_V         | out |   32|   ap_vld   |                                    res_0_V                                    |    pointer   |
|res_0_V_ap_vld  | out |    1|   ap_vld   |                                    res_0_V                                    |    pointer   |
|res_1_V         | out |   32|   ap_vld   |                                    res_1_V                                    |    pointer   |
|res_1_V_ap_vld  | out |    1|   ap_vld   |                                    res_1_V                                    |    pointer   |
|res_2_V         | out |   32|   ap_vld   |                                    res_2_V                                    |    pointer   |
|res_2_V_ap_vld  | out |    1|   ap_vld   |                                    res_2_V                                    |    pointer   |
+----------------+-----+-----+------------+-------------------------------------------------------------------------------+--------------+

