

================================================================
== Vivado HLS Report for 'myproject'
================================================================
* Date:           Tue Sep 17 10:46:42 2024

* Version:        2019.2 (Build 2704478 on Wed Nov 06 22:10:23 MST 2019)
* Project:        myproject_prj
* Solution:       solution1
* Product family: virtexuplus
* Target device:  xcvu9p-flga2104-2-e


================================================================
== Performance Estimates
================================================================
+ Timing: 
    * Summary: 
    +--------+----------+-----------+------------+
    |  Clock |  Target  | Estimated | Uncertainty|
    +--------+----------+-----------+------------+
    |ap_clk  | 25.00 ns | 15.674 ns |   6.75 ns  |
    +--------+----------+-----------+------------+

+ Latency: 
    * Summary: 
    +---------+---------+----------+----------+-----+-----+----------+
    |  Latency (cycles) |  Latency (absolute) |  Interval | Pipeline |
    |   min   |   max   |    min   |    max   | min | max |   Type   |
    +---------+---------+----------+----------+-----+-----+----------+
    |        4|        4| 0.100 us | 0.100 us |    1|    1| dataflow |
    +---------+---------+----------+----------+-----+-----+----------+

    + Detail: 
        * Instance: 
        +---------------------------------------------------------------------+--------------------------------------------------------------------+---------+---------+----------+----------+-----+-----+----------+
        |                                                                     |                                                                    |  Latency (cycles) |  Latency (absolute) |  Interval | Pipeline |
        |                               Instance                              |                               Module                               |   min   |   max   |    min   |    max   | min | max |   Type   |
        +---------------------------------------------------------------------+--------------------------------------------------------------------+---------+---------+----------+----------+-----+-----+----------+
        |dense_resource_ap_fixed_32_16_5_3_0_ap_fixed_32_16_5_3_0_config2_U0  |dense_resource_ap_fixed_32_16_5_3_0_ap_fixed_32_16_5_3_0_config2_s  |        0|        0|   0 ns   |   0 ns   |    0|    0|   none   |
        |dense_resource_ap_fixed_32_16_4_0_0_ap_fixed_32_16_5_3_0_config5_U0  |dense_resource_ap_fixed_32_16_4_0_0_ap_fixed_32_16_5_3_0_config5_s  |        0|        0|   0 ns   |   0 ns   |    0|    0|   none   |
        |dense_resource_ap_fixed_32_16_4_0_0_ap_fixed_32_16_5_3_0_config8_U0  |dense_resource_ap_fixed_32_16_4_0_0_ap_fixed_32_16_5_3_0_config8_s  |        0|        0|   0 ns   |   0 ns   |    0|    0|   none   |
        |relu_ap_fixed_32_16_5_3_0_ap_fixed_32_16_4_0_0_relu_config4_U0       |relu_ap_fixed_32_16_5_3_0_ap_fixed_32_16_4_0_0_relu_config4_s       |        0|        0|   0 ns   |   0 ns   |    1|    1| function |
        |relu_ap_fixed_32_16_5_3_0_ap_fixed_32_16_4_0_0_relu_config7_U0       |relu_ap_fixed_32_16_5_3_0_ap_fixed_32_16_4_0_0_relu_config7_s       |        0|        0|   0 ns   |   0 ns   |    1|    1| function |
        +---------------------------------------------------------------------+--------------------------------------------------------------------+---------+---------+----------+----------+-----+-----+----------+

        * Loop: 
        N/A



================================================================
== Utilization Estimates
================================================================
* Summary: 
+---------------------+---------+-------+---------+---------+-----+
|         Name        | BRAM_18K| DSP48E|    FF   |   LUT   | URAM|
+---------------------+---------+-------+---------+---------+-----+
|DSP                  |        -|      -|        -|        -|    -|
|Expression           |        -|      -|        0|      402|    -|
|FIFO                 |        0|      -|      480|     4176|    -|
|Instance             |        -|   1392|     3130|   129831|    -|
|Memory               |        -|      -|        -|        -|    -|
|Multiplexer          |        -|      -|        -|      864|    -|
|Register             |        -|      -|       96|        -|    -|
+---------------------+---------+-------+---------+---------+-----+
|Total                |        0|   1392|     3706|   135273|    0|
+---------------------+---------+-------+---------+---------+-----+
|Available SLR        |     1440|   2280|   788160|   394080|  320|
+---------------------+---------+-------+---------+---------+-----+
|Utilization SLR (%)  |        0|     61|    ~0   |       34|    0|
+---------------------+---------+-------+---------+---------+-----+
|Available            |     4320|   6840|  2364480|  1182240|  960|
+---------------------+---------+-------+---------+---------+-----+
|Utilization (%)      |        0|     20|    ~0   |       11|    0|
+---------------------+---------+-------+---------+---------+-----+

+ Detail: 
    * Instance: 
    +---------------------------------------------------------------------+--------------------------------------------------------------------+---------+-------+------+-------+-----+
    |                               Instance                              |                               Module                               | BRAM_18K| DSP48E|  FF  |  LUT  | URAM|
    +---------------------------------------------------------------------+--------------------------------------------------------------------+---------+-------+------+-------+-----+
    |dense_resource_ap_fixed_32_16_4_0_0_ap_fixed_32_16_5_3_0_config5_U0  |dense_resource_ap_fixed_32_16_4_0_0_ap_fixed_32_16_5_3_0_config5_s  |        0|    326|   514|  30276|    0|
    |dense_resource_ap_fixed_32_16_4_0_0_ap_fixed_32_16_5_3_0_config8_U0  |dense_resource_ap_fixed_32_16_4_0_0_ap_fixed_32_16_5_3_0_config8_s  |        0|     40|    98|   3091|    0|
    |dense_resource_ap_fixed_32_16_5_3_0_ap_fixed_32_16_5_3_0_config2_U0  |dense_resource_ap_fixed_32_16_5_3_0_ap_fixed_32_16_5_3_0_config2_s  |        0|   1026|  1026|  93562|    0|
    |relu_ap_fixed_32_16_5_3_0_ap_fixed_32_16_4_0_0_relu_config4_U0       |relu_ap_fixed_32_16_5_3_0_ap_fixed_32_16_4_0_0_relu_config4_s       |        0|      0|   994|   1931|    0|
    |relu_ap_fixed_32_16_5_3_0_ap_fixed_32_16_4_0_0_relu_config7_U0       |relu_ap_fixed_32_16_5_3_0_ap_fixed_32_16_4_0_0_relu_config7_s       |        0|      0|   498|    971|    0|
    +---------------------------------------------------------------------+--------------------------------------------------------------------+---------+-------+------+-------+-----+
    |Total                                                                |                                                                    |        0|   1392|  3130| 129831|    0|
    +---------------------------------------------------------------------+--------------------------------------------------------------------+---------+-------+------+-------+-----+

    * DSP48E: 
    N/A

    * Memory: 
    N/A

    * FIFO: 
    +-------------------+---------+---+----+-----+------+-----+---------+
    |        Name       | BRAM_18K| FF| LUT| URAM| Depth| Bits| Size:D*B|
    +-------------------+---------+---+----+-----+------+-----+---------+
    |layer2_out_0_V_U   |        0|  5|   0|    -|     2|   32|       64|
    |layer2_out_10_V_U  |        0|  5|   0|    -|     2|   32|       64|
    |layer2_out_11_V_U  |        0|  5|   0|    -|     2|   32|       64|
    |layer2_out_12_V_U  |        0|  5|   0|    -|     2|   32|       64|
    |layer2_out_13_V_U  |        0|  5|   0|    -|     2|   32|       64|
    |layer2_out_14_V_U  |        0|  5|   0|    -|     2|   32|       64|
    |layer2_out_15_V_U  |        0|  5|   0|    -|     2|   32|       64|
    |layer2_out_16_V_U  |        0|  5|   0|    -|     2|   32|       64|
    |layer2_out_17_V_U  |        0|  5|   0|    -|     2|   32|       64|
    |layer2_out_18_V_U  |        0|  5|   0|    -|     2|   32|       64|
    |layer2_out_19_V_U  |        0|  5|   0|    -|     2|   32|       64|
    |layer2_out_1_V_U   |        0|  5|   0|    -|     2|   32|       64|
    |layer2_out_20_V_U  |        0|  5|   0|    -|     2|   32|       64|
    |layer2_out_21_V_U  |        0|  5|   0|    -|     2|   32|       64|
    |layer2_out_22_V_U  |        0|  5|   0|    -|     2|   32|       64|
    |layer2_out_23_V_U  |        0|  5|   0|    -|     2|   32|       64|
    |layer2_out_24_V_U  |        0|  5|   0|    -|     2|   32|       64|
    |layer2_out_25_V_U  |        0|  5|   0|    -|     2|   32|       64|
    |layer2_out_26_V_U  |        0|  5|   0|    -|     2|   32|       64|
    |layer2_out_27_V_U  |        0|  5|   0|    -|     2|   32|       64|
    |layer2_out_28_V_U  |        0|  5|   0|    -|     2|   32|       64|
    |layer2_out_29_V_U  |        0|  5|   0|    -|     2|   32|       64|
    |layer2_out_2_V_U   |        0|  5|   0|    -|     2|   32|       64|
    |layer2_out_30_V_U  |        0|  5|   0|    -|     2|   32|       64|
    |layer2_out_31_V_U  |        0|  5|   0|    -|     2|   32|       64|
    |layer2_out_3_V_U   |        0|  5|   0|    -|     2|   32|       64|
    |layer2_out_4_V_U   |        0|  5|   0|    -|     2|   32|       64|
    |layer2_out_5_V_U   |        0|  5|   0|    -|     2|   32|       64|
    |layer2_out_6_V_U   |        0|  5|   0|    -|     2|   32|       64|
    |layer2_out_7_V_U   |        0|  5|   0|    -|     2|   32|       64|
    |layer2_out_8_V_U   |        0|  5|   0|    -|     2|   32|       64|
    |layer2_out_9_V_U   |        0|  5|   0|    -|     2|   32|       64|
    |layer4_out_0_V_U   |        0|  5|   0|    -|     2|   31|       62|
    |layer4_out_10_V_U  |        0|  5|   0|    -|     2|   31|       62|
    |layer4_out_11_V_U  |        0|  5|   0|    -|     2|   31|       62|
    |layer4_out_12_V_U  |        0|  5|   0|    -|     2|   31|       62|
    |layer4_out_13_V_U  |        0|  5|   0|    -|     2|   31|       62|
    |layer4_out_14_V_U  |        0|  5|   0|    -|     2|   31|       62|
    |layer4_out_15_V_U  |        0|  5|   0|    -|     2|   31|       62|
    |layer4_out_16_V_U  |        0|  5|   0|    -|     2|   31|       62|
    |layer4_out_17_V_U  |        0|  5|   0|    -|     2|   31|       62|
    |layer4_out_18_V_U  |        0|  5|   0|    -|     2|   31|       62|
    |layer4_out_19_V_U  |        0|  5|   0|    -|     2|   31|       62|
    |layer4_out_1_V_U   |        0|  5|   0|    -|     2|   31|       62|
    |layer4_out_20_V_U  |        0|  5|   0|    -|     2|   31|       62|
    |layer4_out_21_V_U  |        0|  5|   0|    -|     2|   31|       62|
    |layer4_out_22_V_U  |        0|  5|   0|    -|     2|   31|       62|
    |layer4_out_23_V_U  |        0|  5|   0|    -|     2|   31|       62|
    |layer4_out_24_V_U  |        0|  5|   0|    -|     2|   31|       62|
    |layer4_out_25_V_U  |        0|  5|   0|    -|     2|   31|       62|
    |layer4_out_26_V_U  |        0|  5|   0|    -|     2|   31|       62|
    |layer4_out_27_V_U  |        0|  5|   0|    -|     2|   31|       62|
    |layer4_out_28_V_U  |        0|  5|   0|    -|     2|   31|       62|
    |layer4_out_29_V_U  |        0|  5|   0|    -|     2|   31|       62|
    |layer4_out_2_V_U   |        0|  5|   0|    -|     2|   31|       62|
    |layer4_out_30_V_U  |        0|  5|   0|    -|     2|   31|       62|
    |layer4_out_31_V_U  |        0|  5|   0|    -|     2|   31|       62|
    |layer4_out_3_V_U   |        0|  5|   0|    -|     2|   31|       62|
    |layer4_out_4_V_U   |        0|  5|   0|    -|     2|   31|       62|
    |layer4_out_5_V_U   |        0|  5|   0|    -|     2|   31|       62|
    |layer4_out_6_V_U   |        0|  5|   0|    -|     2|   31|       62|
    |layer4_out_7_V_U   |        0|  5|   0|    -|     2|   31|       62|
    |layer4_out_8_V_U   |        0|  5|   0|    -|     2|   31|       62|
    |layer4_out_9_V_U   |        0|  5|   0|    -|     2|   31|       62|
    |layer5_out_0_V_U   |        0|  5|   0|    -|     2|   32|       64|
    |layer5_out_10_V_U  |        0|  5|   0|    -|     2|   32|       64|
    |layer5_out_11_V_U  |        0|  5|   0|    -|     2|   32|       64|
    |layer5_out_12_V_U  |        0|  5|   0|    -|     2|   32|       64|
    |layer5_out_13_V_U  |        0|  5|   0|    -|     2|   32|       64|
    |layer5_out_14_V_U  |        0|  5|   0|    -|     2|   32|       64|
    |layer5_out_15_V_U  |        0|  5|   0|    -|     2|   32|       64|
    |layer5_out_1_V_U   |        0|  5|   0|    -|     2|   32|       64|
    |layer5_out_2_V_U   |        0|  5|   0|    -|     2|   32|       64|
    |layer5_out_3_V_U   |        0|  5|   0|    -|     2|   32|       64|
    |layer5_out_4_V_U   |        0|  5|   0|    -|     2|   32|       64|
    |layer5_out_5_V_U   |        0|  5|   0|    -|     2|   32|       64|
    |layer5_out_6_V_U   |        0|  5|   0|    -|     2|   32|       64|
    |layer5_out_7_V_U   |        0|  5|   0|    -|     2|   32|       64|
    |layer5_out_8_V_U   |        0|  5|   0|    -|     2|   32|       64|
    |layer5_out_9_V_U   |        0|  5|   0|    -|     2|   32|       64|
    |layer7_out_0_V_U   |        0|  5|   0|    -|     2|   31|       62|
    |layer7_out_10_V_U  |        0|  5|   0|    -|     2|   31|       62|
    |layer7_out_11_V_U  |        0|  5|   0|    -|     2|   31|       62|
    |layer7_out_12_V_U  |        0|  5|   0|    -|     2|   31|       62|
    |layer7_out_13_V_U  |        0|  5|   0|    -|     2|   31|       62|
    |layer7_out_14_V_U  |        0|  5|   0|    -|     2|   31|       62|
    |layer7_out_15_V_U  |        0|  5|   0|    -|     2|   31|       62|
    |layer7_out_1_V_U   |        0|  5|   0|    -|     2|   31|       62|
    |layer7_out_2_V_U   |        0|  5|   0|    -|     2|   31|       62|
    |layer7_out_3_V_U   |        0|  5|   0|    -|     2|   31|       62|
    |layer7_out_4_V_U   |        0|  5|   0|    -|     2|   31|       62|
    |layer7_out_5_V_U   |        0|  5|   0|    -|     2|   31|       62|
    |layer7_out_6_V_U   |        0|  5|   0|    -|     2|   31|       62|
    |layer7_out_7_V_U   |        0|  5|   0|    -|     2|   31|       62|
    |layer7_out_8_V_U   |        0|  5|   0|    -|     2|   31|       62|
    |layer7_out_9_V_U   |        0|  5|   0|    -|     2|   31|       62|
    +-------------------+---------+---+----+-----+------+-----+---------+
    |Total              |        0|480|   0|    0|   192| 3024|     6048|
    +-------------------+---------+---+----+-----+------+-----+---------+

    * Expression: 
    +---------------------------------------------------------------------------------+----------+-------+---+----+------------+------------+
    |                                  Variable Name                                  | Operation| DSP48E| FF| LUT| Bitwidth P0| Bitwidth P1|
    +---------------------------------------------------------------------------------+----------+-------+---+----+------------+------------+
    |ap_channel_done_layer2_out_0_V                                                   |    and   |      0|  0|   2|           1|           1|
    |ap_channel_done_layer2_out_10_V                                                  |    and   |      0|  0|   2|           1|           1|
    |ap_channel_done_layer2_out_11_V                                                  |    and   |      0|  0|   2|           1|           1|
    |ap_channel_done_layer2_out_12_V                                                  |    and   |      0|  0|   2|           1|           1|
    |ap_channel_done_layer2_out_13_V                                                  |    and   |      0|  0|   2|           1|           1|
    |ap_channel_done_layer2_out_14_V                                                  |    and   |      0|  0|   2|           1|           1|
    |ap_channel_done_layer2_out_15_V                                                  |    and   |      0|  0|   2|           1|           1|
    |ap_channel_done_layer2_out_16_V                                                  |    and   |      0|  0|   2|           1|           1|
    |ap_channel_done_layer2_out_17_V                                                  |    and   |      0|  0|   2|           1|           1|
    |ap_channel_done_layer2_out_18_V                                                  |    and   |      0|  0|   2|           1|           1|
    |ap_channel_done_layer2_out_19_V                                                  |    and   |      0|  0|   2|           1|           1|
    |ap_channel_done_layer2_out_1_V                                                   |    and   |      0|  0|   2|           1|           1|
    |ap_channel_done_layer2_out_20_V                                                  |    and   |      0|  0|   2|           1|           1|
    |ap_channel_done_layer2_out_21_V                                                  |    and   |      0|  0|   2|           1|           1|
    |ap_channel_done_layer2_out_22_V                                                  |    and   |      0|  0|   2|           1|           1|
    |ap_channel_done_layer2_out_23_V                                                  |    and   |      0|  0|   2|           1|           1|
    |ap_channel_done_layer2_out_24_V                                                  |    and   |      0|  0|   2|           1|           1|
    |ap_channel_done_layer2_out_25_V                                                  |    and   |      0|  0|   2|           1|           1|
    |ap_channel_done_layer2_out_26_V                                                  |    and   |      0|  0|   2|           1|           1|
    |ap_channel_done_layer2_out_27_V                                                  |    and   |      0|  0|   2|           1|           1|
    |ap_channel_done_layer2_out_28_V                                                  |    and   |      0|  0|   2|           1|           1|
    |ap_channel_done_layer2_out_29_V                                                  |    and   |      0|  0|   2|           1|           1|
    |ap_channel_done_layer2_out_2_V                                                   |    and   |      0|  0|   2|           1|           1|
    |ap_channel_done_layer2_out_30_V                                                  |    and   |      0|  0|   2|           1|           1|
    |ap_channel_done_layer2_out_31_V                                                  |    and   |      0|  0|   2|           1|           1|
    |ap_channel_done_layer2_out_3_V                                                   |    and   |      0|  0|   2|           1|           1|
    |ap_channel_done_layer2_out_4_V                                                   |    and   |      0|  0|   2|           1|           1|
    |ap_channel_done_layer2_out_5_V                                                   |    and   |      0|  0|   2|           1|           1|
    |ap_channel_done_layer2_out_6_V                                                   |    and   |      0|  0|   2|           1|           1|
    |ap_channel_done_layer2_out_7_V                                                   |    and   |      0|  0|   2|           1|           1|
    |ap_channel_done_layer2_out_8_V                                                   |    and   |      0|  0|   2|           1|           1|
    |ap_channel_done_layer2_out_9_V                                                   |    and   |      0|  0|   2|           1|           1|
    |ap_channel_done_layer4_out_0_V                                                   |    and   |      0|  0|   2|           1|           1|
    |ap_channel_done_layer4_out_10_V                                                  |    and   |      0|  0|   2|           1|           1|
    |ap_channel_done_layer4_out_11_V                                                  |    and   |      0|  0|   2|           1|           1|
    |ap_channel_done_layer4_out_12_V                                                  |    and   |      0|  0|   2|           1|           1|
    |ap_channel_done_layer4_out_13_V                                                  |    and   |      0|  0|   2|           1|           1|
    |ap_channel_done_layer4_out_14_V                                                  |    and   |      0|  0|   2|           1|           1|
    |ap_channel_done_layer4_out_15_V                                                  |    and   |      0|  0|   2|           1|           1|
    |ap_channel_done_layer4_out_16_V                                                  |    and   |      0|  0|   2|           1|           1|
    |ap_channel_done_layer4_out_17_V                                                  |    and   |      0|  0|   2|           1|           1|
    |ap_channel_done_layer4_out_18_V                                                  |    and   |      0|  0|   2|           1|           1|
    |ap_channel_done_layer4_out_19_V                                                  |    and   |      0|  0|   2|           1|           1|
    |ap_channel_done_layer4_out_1_V                                                   |    and   |      0|  0|   2|           1|           1|
    |ap_channel_done_layer4_out_20_V                                                  |    and   |      0|  0|   2|           1|           1|
    |ap_channel_done_layer4_out_21_V                                                  |    and   |      0|  0|   2|           1|           1|
    |ap_channel_done_layer4_out_22_V                                                  |    and   |      0|  0|   2|           1|           1|
    |ap_channel_done_layer4_out_23_V                                                  |    and   |      0|  0|   2|           1|           1|
    |ap_channel_done_layer4_out_24_V                                                  |    and   |      0|  0|   2|           1|           1|
    |ap_channel_done_layer4_out_25_V                                                  |    and   |      0|  0|   2|           1|           1|
    |ap_channel_done_layer4_out_26_V                                                  |    and   |      0|  0|   2|           1|           1|
    |ap_channel_done_layer4_out_27_V                                                  |    and   |      0|  0|   2|           1|           1|
    |ap_channel_done_layer4_out_28_V                                                  |    and   |      0|  0|   2|           1|           1|
    |ap_channel_done_layer4_out_29_V                                                  |    and   |      0|  0|   2|           1|           1|
    |ap_channel_done_layer4_out_2_V                                                   |    and   |      0|  0|   2|           1|           1|
    |ap_channel_done_layer4_out_30_V                                                  |    and   |      0|  0|   2|           1|           1|
    |ap_channel_done_layer4_out_31_V                                                  |    and   |      0|  0|   2|           1|           1|
    |ap_channel_done_layer4_out_3_V                                                   |    and   |      0|  0|   2|           1|           1|
    |ap_channel_done_layer4_out_4_V                                                   |    and   |      0|  0|   2|           1|           1|
    |ap_channel_done_layer4_out_5_V                                                   |    and   |      0|  0|   2|           1|           1|
    |ap_channel_done_layer4_out_6_V                                                   |    and   |      0|  0|   2|           1|           1|
    |ap_channel_done_layer4_out_7_V                                                   |    and   |      0|  0|   2|           1|           1|
    |ap_channel_done_layer4_out_8_V                                                   |    and   |      0|  0|   2|           1|           1|
    |ap_channel_done_layer4_out_9_V                                                   |    and   |      0|  0|   2|           1|           1|
    |ap_channel_done_layer5_out_0_V                                                   |    and   |      0|  0|   2|           1|           1|
    |ap_channel_done_layer5_out_10_V                                                  |    and   |      0|  0|   2|           1|           1|
    |ap_channel_done_layer5_out_11_V                                                  |    and   |      0|  0|   2|           1|           1|
    |ap_channel_done_layer5_out_12_V                                                  |    and   |      0|  0|   2|           1|           1|
    |ap_channel_done_layer5_out_13_V                                                  |    and   |      0|  0|   2|           1|           1|
    |ap_channel_done_layer5_out_14_V                                                  |    and   |      0|  0|   2|           1|           1|
    |ap_channel_done_layer5_out_15_V                                                  |    and   |      0|  0|   2|           1|           1|
    |ap_channel_done_layer5_out_1_V                                                   |    and   |      0|  0|   2|           1|           1|
    |ap_channel_done_layer5_out_2_V                                                   |    and   |      0|  0|   2|           1|           1|
    |ap_channel_done_layer5_out_3_V                                                   |    and   |      0|  0|   2|           1|           1|
    |ap_channel_done_layer5_out_4_V                                                   |    and   |      0|  0|   2|           1|           1|
    |ap_channel_done_layer5_out_5_V                                                   |    and   |      0|  0|   2|           1|           1|
    |ap_channel_done_layer5_out_6_V                                                   |    and   |      0|  0|   2|           1|           1|
    |ap_channel_done_layer5_out_7_V                                                   |    and   |      0|  0|   2|           1|           1|
    |ap_channel_done_layer5_out_8_V                                                   |    and   |      0|  0|   2|           1|           1|
    |ap_channel_done_layer5_out_9_V                                                   |    and   |      0|  0|   2|           1|           1|
    |ap_channel_done_layer7_out_0_V                                                   |    and   |      0|  0|   2|           1|           1|
    |ap_channel_done_layer7_out_10_V                                                  |    and   |      0|  0|   2|           1|           1|
    |ap_channel_done_layer7_out_11_V                                                  |    and   |      0|  0|   2|           1|           1|
    |ap_channel_done_layer7_out_12_V                                                  |    and   |      0|  0|   2|           1|           1|
    |ap_channel_done_layer7_out_13_V                                                  |    and   |      0|  0|   2|           1|           1|
    |ap_channel_done_layer7_out_14_V                                                  |    and   |      0|  0|   2|           1|           1|
    |ap_channel_done_layer7_out_15_V                                                  |    and   |      0|  0|   2|           1|           1|
    |ap_channel_done_layer7_out_1_V                                                   |    and   |      0|  0|   2|           1|           1|
    |ap_channel_done_layer7_out_2_V                                                   |    and   |      0|  0|   2|           1|           1|
    |ap_channel_done_layer7_out_3_V                                                   |    and   |      0|  0|   2|           1|           1|
    |ap_channel_done_layer7_out_4_V                                                   |    and   |      0|  0|   2|           1|           1|
    |ap_channel_done_layer7_out_5_V                                                   |    and   |      0|  0|   2|           1|           1|
    |ap_channel_done_layer7_out_6_V                                                   |    and   |      0|  0|   2|           1|           1|
    |ap_channel_done_layer7_out_7_V                                                   |    and   |      0|  0|   2|           1|           1|
    |ap_channel_done_layer7_out_8_V                                                   |    and   |      0|  0|   2|           1|           1|
    |ap_channel_done_layer7_out_9_V                                                   |    and   |      0|  0|   2|           1|           1|
    |ap_idle                                                                          |    and   |      0|  0|   2|           1|           1|
    |dense_resource_ap_fixed_32_16_4_0_0_ap_fixed_32_16_5_3_0_config5_U0_ap_continue  |    and   |      0|  0|   2|           1|           1|
    |dense_resource_ap_fixed_32_16_4_0_0_ap_fixed_32_16_5_3_0_config5_U0_ap_start     |    and   |      0|  0|   2|           1|           1|
    |dense_resource_ap_fixed_32_16_4_0_0_ap_fixed_32_16_5_3_0_config8_U0_ap_start     |    and   |      0|  0|   2|           1|           1|
    |dense_resource_ap_fixed_32_16_5_3_0_ap_fixed_32_16_5_3_0_config2_U0_ap_continue  |    and   |      0|  0|   2|           1|           1|
    |relu_ap_fixed_32_16_5_3_0_ap_fixed_32_16_4_0_0_relu_config4_U0_ap_continue       |    and   |      0|  0|   2|           1|           1|
    |relu_ap_fixed_32_16_5_3_0_ap_fixed_32_16_4_0_0_relu_config4_U0_ap_start          |    and   |      0|  0|   2|           1|           1|
    |relu_ap_fixed_32_16_5_3_0_ap_fixed_32_16_4_0_0_relu_config7_U0_ap_continue       |    and   |      0|  0|   2|           1|           1|
    |relu_ap_fixed_32_16_5_3_0_ap_fixed_32_16_4_0_0_relu_config7_U0_ap_start          |    and   |      0|  0|   2|           1|           1|
    |ap_sync_channel_write_layer2_out_0_V                                             |    or    |      0|  0|   2|           1|           1|
    |ap_sync_channel_write_layer2_out_10_V                                            |    or    |      0|  0|   2|           1|           1|
    |ap_sync_channel_write_layer2_out_11_V                                            |    or    |      0|  0|   2|           1|           1|
    |ap_sync_channel_write_layer2_out_12_V                                            |    or    |      0|  0|   2|           1|           1|
    |ap_sync_channel_write_layer2_out_13_V                                            |    or    |      0|  0|   2|           1|           1|
    |ap_sync_channel_write_layer2_out_14_V                                            |    or    |      0|  0|   2|           1|           1|
    |ap_sync_channel_write_layer2_out_15_V                                            |    or    |      0|  0|   2|           1|           1|
    |ap_sync_channel_write_layer2_out_16_V                                            |    or    |      0|  0|   2|           1|           1|
    |ap_sync_channel_write_layer2_out_17_V                                            |    or    |      0|  0|   2|           1|           1|
    |ap_sync_channel_write_layer2_out_18_V                                            |    or    |      0|  0|   2|           1|           1|
    |ap_sync_channel_write_layer2_out_19_V                                            |    or    |      0|  0|   2|           1|           1|
    |ap_sync_channel_write_layer2_out_1_V                                             |    or    |      0|  0|   2|           1|           1|
    |ap_sync_channel_write_layer2_out_20_V                                            |    or    |      0|  0|   2|           1|           1|
    |ap_sync_channel_write_layer2_out_21_V                                            |    or    |      0|  0|   2|           1|           1|
    |ap_sync_channel_write_layer2_out_22_V                                            |    or    |      0|  0|   2|           1|           1|
    |ap_sync_channel_write_layer2_out_23_V                                            |    or    |      0|  0|   2|           1|           1|
    |ap_sync_channel_write_layer2_out_24_V                                            |    or    |      0|  0|   2|           1|           1|
    |ap_sync_channel_write_layer2_out_25_V                                            |    or    |      0|  0|   2|           1|           1|
    |ap_sync_channel_write_layer2_out_26_V                                            |    or    |      0|  0|   2|           1|           1|
    |ap_sync_channel_write_layer2_out_27_V                                            |    or    |      0|  0|   2|           1|           1|
    |ap_sync_channel_write_layer2_out_28_V                                            |    or    |      0|  0|   2|           1|           1|
    |ap_sync_channel_write_layer2_out_29_V                                            |    or    |      0|  0|   2|           1|           1|
    |ap_sync_channel_write_layer2_out_2_V                                             |    or    |      0|  0|   2|           1|           1|
    |ap_sync_channel_write_layer2_out_30_V                                            |    or    |      0|  0|   2|           1|           1|
    |ap_sync_channel_write_layer2_out_31_V                                            |    or    |      0|  0|   2|           1|           1|
    |ap_sync_channel_write_layer2_out_3_V                                             |    or    |      0|  0|   2|           1|           1|
    |ap_sync_channel_write_layer2_out_4_V                                             |    or    |      0|  0|   2|           1|           1|
    |ap_sync_channel_write_layer2_out_5_V                                             |    or    |      0|  0|   2|           1|           1|
    |ap_sync_channel_write_layer2_out_6_V                                             |    or    |      0|  0|   2|           1|           1|
    |ap_sync_channel_write_layer2_out_7_V                                             |    or    |      0|  0|   2|           1|           1|
    |ap_sync_channel_write_layer2_out_8_V                                             |    or    |      0|  0|   2|           1|           1|
    |ap_sync_channel_write_layer2_out_9_V                                             |    or    |      0|  0|   2|           1|           1|
    |ap_sync_channel_write_layer4_out_0_V                                             |    or    |      0|  0|   2|           1|           1|
    |ap_sync_channel_write_layer4_out_10_V                                            |    or    |      0|  0|   2|           1|           1|
    |ap_sync_channel_write_layer4_out_11_V                                            |    or    |      0|  0|   2|           1|           1|
    |ap_sync_channel_write_layer4_out_12_V                                            |    or    |      0|  0|   2|           1|           1|
    |ap_sync_channel_write_layer4_out_13_V                                            |    or    |      0|  0|   2|           1|           1|
    |ap_sync_channel_write_layer4_out_14_V                                            |    or    |      0|  0|   2|           1|           1|
    |ap_sync_channel_write_layer4_out_15_V                                            |    or    |      0|  0|   2|           1|           1|
    |ap_sync_channel_write_layer4_out_16_V                                            |    or    |      0|  0|   2|           1|           1|
    |ap_sync_channel_write_layer4_out_17_V                                            |    or    |      0|  0|   2|           1|           1|
    |ap_sync_channel_write_layer4_out_18_V                                            |    or    |      0|  0|   2|           1|           1|
    |ap_sync_channel_write_layer4_out_19_V                                            |    or    |      0|  0|   2|           1|           1|
    |ap_sync_channel_write_layer4_out_1_V                                             |    or    |      0|  0|   2|           1|           1|
    |ap_sync_channel_write_layer4_out_20_V                                            |    or    |      0|  0|   2|           1|           1|
    |ap_sync_channel_write_layer4_out_21_V                                            |    or    |      0|  0|   2|           1|           1|
    |ap_sync_channel_write_layer4_out_22_V                                            |    or    |      0|  0|   2|           1|           1|
    |ap_sync_channel_write_layer4_out_23_V                                            |    or    |      0|  0|   2|           1|           1|
    |ap_sync_channel_write_layer4_out_24_V                                            |    or    |      0|  0|   2|           1|           1|
    |ap_sync_channel_write_layer4_out_25_V                                            |    or    |      0|  0|   2|           1|           1|
    |ap_sync_channel_write_layer4_out_26_V                                            |    or    |      0|  0|   2|           1|           1|
    |ap_sync_channel_write_layer4_out_27_V                                            |    or    |      0|  0|   2|           1|           1|
    |ap_sync_channel_write_layer4_out_28_V                                            |    or    |      0|  0|   2|           1|           1|
    |ap_sync_channel_write_layer4_out_29_V                                            |    or    |      0|  0|   2|           1|           1|
    |ap_sync_channel_write_layer4_out_2_V                                             |    or    |      0|  0|   2|           1|           1|
    |ap_sync_channel_write_layer4_out_30_V                                            |    or    |      0|  0|   2|           1|           1|
    |ap_sync_channel_write_layer4_out_31_V                                            |    or    |      0|  0|   2|           1|           1|
    |ap_sync_channel_write_layer4_out_3_V                                             |    or    |      0|  0|   2|           1|           1|
    |ap_sync_channel_write_layer4_out_4_V                                             |    or    |      0|  0|   2|           1|           1|
    |ap_sync_channel_write_layer4_out_5_V                                             |    or    |      0|  0|   2|           1|           1|
    |ap_sync_channel_write_layer4_out_6_V                                             |    or    |      0|  0|   2|           1|           1|
    |ap_sync_channel_write_layer4_out_7_V                                             |    or    |      0|  0|   2|           1|           1|
    |ap_sync_channel_write_layer4_out_8_V                                             |    or    |      0|  0|   2|           1|           1|
    |ap_sync_channel_write_layer4_out_9_V                                             |    or    |      0|  0|   2|           1|           1|
    |ap_sync_channel_write_layer5_out_0_V                                             |    or    |      0|  0|   2|           1|           1|
    |ap_sync_channel_write_layer5_out_10_V                                            |    or    |      0|  0|   2|           1|           1|
    |ap_sync_channel_write_layer5_out_11_V                                            |    or    |      0|  0|   2|           1|           1|
    |ap_sync_channel_write_layer5_out_12_V                                            |    or    |      0|  0|   2|           1|           1|
    |ap_sync_channel_write_layer5_out_13_V                                            |    or    |      0|  0|   2|           1|           1|
    |ap_sync_channel_write_layer5_out_14_V                                            |    or    |      0|  0|   2|           1|           1|
    |ap_sync_channel_write_layer5_out_15_V                                            |    or    |      0|  0|   2|           1|           1|
    |ap_sync_channel_write_layer5_out_1_V                                             |    or    |      0|  0|   2|           1|           1|
    |ap_sync_channel_write_layer5_out_2_V                                             |    or    |      0|  0|   2|           1|           1|
    |ap_sync_channel_write_layer5_out_3_V                                             |    or    |      0|  0|   2|           1|           1|
    |ap_sync_channel_write_layer5_out_4_V                                             |    or    |      0|  0|   2|           1|           1|
    |ap_sync_channel_write_layer5_out_5_V                                             |    or    |      0|  0|   2|           1|           1|
    |ap_sync_channel_write_layer5_out_6_V                                             |    or    |      0|  0|   2|           1|           1|
    |ap_sync_channel_write_layer5_out_7_V                                             |    or    |      0|  0|   2|           1|           1|
    |ap_sync_channel_write_layer5_out_8_V                                             |    or    |      0|  0|   2|           1|           1|
    |ap_sync_channel_write_layer5_out_9_V                                             |    or    |      0|  0|   2|           1|           1|
    |ap_sync_channel_write_layer7_out_0_V                                             |    or    |      0|  0|   2|           1|           1|
    |ap_sync_channel_write_layer7_out_10_V                                            |    or    |      0|  0|   2|           1|           1|
    |ap_sync_channel_write_layer7_out_11_V                                            |    or    |      0|  0|   2|           1|           1|
    |ap_sync_channel_write_layer7_out_12_V                                            |    or    |      0|  0|   2|           1|           1|
    |ap_sync_channel_write_layer7_out_13_V                                            |    or    |      0|  0|   2|           1|           1|
    |ap_sync_channel_write_layer7_out_14_V                                            |    or    |      0|  0|   2|           1|           1|
    |ap_sync_channel_write_layer7_out_15_V                                            |    or    |      0|  0|   2|           1|           1|
    |ap_sync_channel_write_layer7_out_1_V                                             |    or    |      0|  0|   2|           1|           1|
    |ap_sync_channel_write_layer7_out_2_V                                             |    or    |      0|  0|   2|           1|           1|
    |ap_sync_channel_write_layer7_out_3_V                                             |    or    |      0|  0|   2|           1|           1|
    |ap_sync_channel_write_layer7_out_4_V                                             |    or    |      0|  0|   2|           1|           1|
    |ap_sync_channel_write_layer7_out_5_V                                             |    or    |      0|  0|   2|           1|           1|
    |ap_sync_channel_write_layer7_out_6_V                                             |    or    |      0|  0|   2|           1|           1|
    |ap_sync_channel_write_layer7_out_7_V                                             |    or    |      0|  0|   2|           1|           1|
    |ap_sync_channel_write_layer7_out_8_V                                             |    or    |      0|  0|   2|           1|           1|
    |ap_sync_channel_write_layer7_out_9_V                                             |    or    |      0|  0|   2|           1|           1|
    +---------------------------------------------------------------------------------+----------+-------+---+----+------------+------------+
    |Total                                                                            |          |      0|  0| 402|         201|         201|
    +---------------------------------------------------------------------------------+----------+-------+---+----+------------+------------+

    * Multiplexer: 
    +-------------------------------------------+----+-----------+-----+-----------+
    |                    Name                   | LUT| Input Size| Bits| Total Bits|
    +-------------------------------------------+----+-----------+-----+-----------+
    |ap_sync_reg_channel_write_layer2_out_0_V   |   9|          2|    1|          2|
    |ap_sync_reg_channel_write_layer2_out_10_V  |   9|          2|    1|          2|
    |ap_sync_reg_channel_write_layer2_out_11_V  |   9|          2|    1|          2|
    |ap_sync_reg_channel_write_layer2_out_12_V  |   9|          2|    1|          2|
    |ap_sync_reg_channel_write_layer2_out_13_V  |   9|          2|    1|          2|
    |ap_sync_reg_channel_write_layer2_out_14_V  |   9|          2|    1|          2|
    |ap_sync_reg_channel_write_layer2_out_15_V  |   9|          2|    1|          2|
    |ap_sync_reg_channel_write_layer2_out_16_V  |   9|          2|    1|          2|
    |ap_sync_reg_channel_write_layer2_out_17_V  |   9|          2|    1|          2|
    |ap_sync_reg_channel_write_layer2_out_18_V  |   9|          2|    1|          2|
    |ap_sync_reg_channel_write_layer2_out_19_V  |   9|          2|    1|          2|
    |ap_sync_reg_channel_write_layer2_out_1_V   |   9|          2|    1|          2|
    |ap_sync_reg_channel_write_layer2_out_20_V  |   9|          2|    1|          2|
    |ap_sync_reg_channel_write_layer2_out_21_V  |   9|          2|    1|          2|
    |ap_sync_reg_channel_write_layer2_out_22_V  |   9|          2|    1|          2|
    |ap_sync_reg_channel_write_layer2_out_23_V  |   9|          2|    1|          2|
    |ap_sync_reg_channel_write_layer2_out_24_V  |   9|          2|    1|          2|
    |ap_sync_reg_channel_write_layer2_out_25_V  |   9|          2|    1|          2|
    |ap_sync_reg_channel_write_layer2_out_26_V  |   9|          2|    1|          2|
    |ap_sync_reg_channel_write_layer2_out_27_V  |   9|          2|    1|          2|
    |ap_sync_reg_channel_write_layer2_out_28_V  |   9|          2|    1|          2|
    |ap_sync_reg_channel_write_layer2_out_29_V  |   9|          2|    1|          2|
    |ap_sync_reg_channel_write_layer2_out_2_V   |   9|          2|    1|          2|
    |ap_sync_reg_channel_write_layer2_out_30_V  |   9|          2|    1|          2|
    |ap_sync_reg_channel_write_layer2_out_31_V  |   9|          2|    1|          2|
    |ap_sync_reg_channel_write_layer2_out_3_V   |   9|          2|    1|          2|
    |ap_sync_reg_channel_write_layer2_out_4_V   |   9|          2|    1|          2|
    |ap_sync_reg_channel_write_layer2_out_5_V   |   9|          2|    1|          2|
    |ap_sync_reg_channel_write_layer2_out_6_V   |   9|          2|    1|          2|
    |ap_sync_reg_channel_write_layer2_out_7_V   |   9|          2|    1|          2|
    |ap_sync_reg_channel_write_layer2_out_8_V   |   9|          2|    1|          2|
    |ap_sync_reg_channel_write_layer2_out_9_V   |   9|          2|    1|          2|
    |ap_sync_reg_channel_write_layer4_out_0_V   |   9|          2|    1|          2|
    |ap_sync_reg_channel_write_layer4_out_10_V  |   9|          2|    1|          2|
    |ap_sync_reg_channel_write_layer4_out_11_V  |   9|          2|    1|          2|
    |ap_sync_reg_channel_write_layer4_out_12_V  |   9|          2|    1|          2|
    |ap_sync_reg_channel_write_layer4_out_13_V  |   9|          2|    1|          2|
    |ap_sync_reg_channel_write_layer4_out_14_V  |   9|          2|    1|          2|
    |ap_sync_reg_channel_write_layer4_out_15_V  |   9|          2|    1|          2|
    |ap_sync_reg_channel_write_layer4_out_16_V  |   9|          2|    1|          2|
    |ap_sync_reg_channel_write_layer4_out_17_V  |   9|          2|    1|          2|
    |ap_sync_reg_channel_write_layer4_out_18_V  |   9|          2|    1|          2|
    |ap_sync_reg_channel_write_layer4_out_19_V  |   9|          2|    1|          2|
    |ap_sync_reg_channel_write_layer4_out_1_V   |   9|          2|    1|          2|
    |ap_sync_reg_channel_write_layer4_out_20_V  |   9|          2|    1|          2|
    |ap_sync_reg_channel_write_layer4_out_21_V  |   9|          2|    1|          2|
    |ap_sync_reg_channel_write_layer4_out_22_V  |   9|          2|    1|          2|
    |ap_sync_reg_channel_write_layer4_out_23_V  |   9|          2|    1|          2|
    |ap_sync_reg_channel_write_layer4_out_24_V  |   9|          2|    1|          2|
    |ap_sync_reg_channel_write_layer4_out_25_V  |   9|          2|    1|          2|
    |ap_sync_reg_channel_write_layer4_out_26_V  |   9|          2|    1|          2|
    |ap_sync_reg_channel_write_layer4_out_27_V  |   9|          2|    1|          2|
    |ap_sync_reg_channel_write_layer4_out_28_V  |   9|          2|    1|          2|
    |ap_sync_reg_channel_write_layer4_out_29_V  |   9|          2|    1|          2|
    |ap_sync_reg_channel_write_layer4_out_2_V   |   9|          2|    1|          2|
    |ap_sync_reg_channel_write_layer4_out_30_V  |   9|          2|    1|          2|
    |ap_sync_reg_channel_write_layer4_out_31_V  |   9|          2|    1|          2|
    |ap_sync_reg_channel_write_layer4_out_3_V   |   9|          2|    1|          2|
    |ap_sync_reg_channel_write_layer4_out_4_V   |   9|          2|    1|          2|
    |ap_sync_reg_channel_write_layer4_out_5_V   |   9|          2|    1|          2|
    |ap_sync_reg_channel_write_layer4_out_6_V   |   9|          2|    1|          2|
    |ap_sync_reg_channel_write_layer4_out_7_V   |   9|          2|    1|          2|
    |ap_sync_reg_channel_write_layer4_out_8_V   |   9|          2|    1|          2|
    |ap_sync_reg_channel_write_layer4_out_9_V   |   9|          2|    1|          2|
    |ap_sync_reg_channel_write_layer5_out_0_V   |   9|          2|    1|          2|
    |ap_sync_reg_channel_write_layer5_out_10_V  |   9|          2|    1|          2|
    |ap_sync_reg_channel_write_layer5_out_11_V  |   9|          2|    1|          2|
    |ap_sync_reg_channel_write_layer5_out_12_V  |   9|          2|    1|          2|
    |ap_sync_reg_channel_write_layer5_out_13_V  |   9|          2|    1|          2|
    |ap_sync_reg_channel_write_layer5_out_14_V  |   9|          2|    1|          2|
    |ap_sync_reg_channel_write_layer5_out_15_V  |   9|          2|    1|          2|
    |ap_sync_reg_channel_write_layer5_out_1_V   |   9|          2|    1|          2|
    |ap_sync_reg_channel_write_layer5_out_2_V   |   9|          2|    1|          2|
    |ap_sync_reg_channel_write_layer5_out_3_V   |   9|          2|    1|          2|
    |ap_sync_reg_channel_write_layer5_out_4_V   |   9|          2|    1|          2|
    |ap_sync_reg_channel_write_layer5_out_5_V   |   9|          2|    1|          2|
    |ap_sync_reg_channel_write_layer5_out_6_V   |   9|          2|    1|          2|
    |ap_sync_reg_channel_write_layer5_out_7_V   |   9|          2|    1|          2|
    |ap_sync_reg_channel_write_layer5_out_8_V   |   9|          2|    1|          2|
    |ap_sync_reg_channel_write_layer5_out_9_V   |   9|          2|    1|          2|
    |ap_sync_reg_channel_write_layer7_out_0_V   |   9|          2|    1|          2|
    |ap_sync_reg_channel_write_layer7_out_10_V  |   9|          2|    1|          2|
    |ap_sync_reg_channel_write_layer7_out_11_V  |   9|          2|    1|          2|
    |ap_sync_reg_channel_write_layer7_out_12_V  |   9|          2|    1|          2|
    |ap_sync_reg_channel_write_layer7_out_13_V  |   9|          2|    1|          2|
    |ap_sync_reg_channel_write_layer7_out_14_V  |   9|          2|    1|          2|
    |ap_sync_reg_channel_write_layer7_out_15_V  |   9|          2|    1|          2|
    |ap_sync_reg_channel_write_layer7_out_1_V   |   9|          2|    1|          2|
    |ap_sync_reg_channel_write_layer7_out_2_V   |   9|          2|    1|          2|
    |ap_sync_reg_channel_write_layer7_out_3_V   |   9|          2|    1|          2|
    |ap_sync_reg_channel_write_layer7_out_4_V   |   9|          2|    1|          2|
    |ap_sync_reg_channel_write_layer7_out_5_V   |   9|          2|    1|          2|
    |ap_sync_reg_channel_write_layer7_out_6_V   |   9|          2|    1|          2|
    |ap_sync_reg_channel_write_layer7_out_7_V   |   9|          2|    1|          2|
    |ap_sync_reg_channel_write_layer7_out_8_V   |   9|          2|    1|          2|
    |ap_sync_reg_channel_write_layer7_out_9_V   |   9|          2|    1|          2|
    +-------------------------------------------+----+-----------+-----+-----------+
    |Total                                      | 864|        192|   96|        192|
    +-------------------------------------------+----+-----------+-----+-----------+

    * Register: 
    +-------------------------------------------+---+----+-----+-----------+
    |                    Name                   | FF| LUT| Bits| Const Bits|
    +-------------------------------------------+---+----+-----+-----------+
    |ap_sync_reg_channel_write_layer2_out_0_V   |  1|   0|    1|          0|
    |ap_sync_reg_channel_write_layer2_out_10_V  |  1|   0|    1|          0|
    |ap_sync_reg_channel_write_layer2_out_11_V  |  1|   0|    1|          0|
    |ap_sync_reg_channel_write_layer2_out_12_V  |  1|   0|    1|          0|
    |ap_sync_reg_channel_write_layer2_out_13_V  |  1|   0|    1|          0|
    |ap_sync_reg_channel_write_layer2_out_14_V  |  1|   0|    1|          0|
    |ap_sync_reg_channel_write_layer2_out_15_V  |  1|   0|    1|          0|
    |ap_sync_reg_channel_write_layer2_out_16_V  |  1|   0|    1|          0|
    |ap_sync_reg_channel_write_layer2_out_17_V  |  1|   0|    1|          0|
    |ap_sync_reg_channel_write_layer2_out_18_V  |  1|   0|    1|          0|
    |ap_sync_reg_channel_write_layer2_out_19_V  |  1|   0|    1|          0|
    |ap_sync_reg_channel_write_layer2_out_1_V   |  1|   0|    1|          0|
    |ap_sync_reg_channel_write_layer2_out_20_V  |  1|   0|    1|          0|
    |ap_sync_reg_channel_write_layer2_out_21_V  |  1|   0|    1|          0|
    |ap_sync_reg_channel_write_layer2_out_22_V  |  1|   0|    1|          0|
    |ap_sync_reg_channel_write_layer2_out_23_V  |  1|   0|    1|          0|
    |ap_sync_reg_channel_write_layer2_out_24_V  |  1|   0|    1|          0|
    |ap_sync_reg_channel_write_layer2_out_25_V  |  1|   0|    1|          0|
    |ap_sync_reg_channel_write_layer2_out_26_V  |  1|   0|    1|          0|
    |ap_sync_reg_channel_write_layer2_out_27_V  |  1|   0|    1|          0|
    |ap_sync_reg_channel_write_layer2_out_28_V  |  1|   0|    1|          0|
    |ap_sync_reg_channel_write_layer2_out_29_V  |  1|   0|    1|          0|
    |ap_sync_reg_channel_write_layer2_out_2_V   |  1|   0|    1|          0|
    |ap_sync_reg_channel_write_layer2_out_30_V  |  1|   0|    1|          0|
    |ap_sync_reg_channel_write_layer2_out_31_V  |  1|   0|    1|          0|
    |ap_sync_reg_channel_write_layer2_out_3_V   |  1|   0|    1|          0|
    |ap_sync_reg_channel_write_layer2_out_4_V   |  1|   0|    1|          0|
    |ap_sync_reg_channel_write_layer2_out_5_V   |  1|   0|    1|          0|
    |ap_sync_reg_channel_write_layer2_out_6_V   |  1|   0|    1|          0|
    |ap_sync_reg_channel_write_layer2_out_7_V   |  1|   0|    1|          0|
    |ap_sync_reg_channel_write_layer2_out_8_V   |  1|   0|    1|          0|
    |ap_sync_reg_channel_write_layer2_out_9_V   |  1|   0|    1|          0|
    |ap_sync_reg_channel_write_layer4_out_0_V   |  1|   0|    1|          0|
    |ap_sync_reg_channel_write_layer4_out_10_V  |  1|   0|    1|          0|
    |ap_sync_reg_channel_write_layer4_out_11_V  |  1|   0|    1|          0|
    |ap_sync_reg_channel_write_layer4_out_12_V  |  1|   0|    1|          0|
    |ap_sync_reg_channel_write_layer4_out_13_V  |  1|   0|    1|          0|
    |ap_sync_reg_channel_write_layer4_out_14_V  |  1|   0|    1|          0|
    |ap_sync_reg_channel_write_layer4_out_15_V  |  1|   0|    1|          0|
    |ap_sync_reg_channel_write_layer4_out_16_V  |  1|   0|    1|          0|
    |ap_sync_reg_channel_write_layer4_out_17_V  |  1|   0|    1|          0|
    |ap_sync_reg_channel_write_layer4_out_18_V  |  1|   0|    1|          0|
    |ap_sync_reg_channel_write_layer4_out_19_V  |  1|   0|    1|          0|
    |ap_sync_reg_channel_write_layer4_out_1_V   |  1|   0|    1|          0|
    |ap_sync_reg_channel_write_layer4_out_20_V  |  1|   0|    1|          0|
    |ap_sync_reg_channel_write_layer4_out_21_V  |  1|   0|    1|          0|
    |ap_sync_reg_channel_write_layer4_out_22_V  |  1|   0|    1|          0|
    |ap_sync_reg_channel_write_layer4_out_23_V  |  1|   0|    1|          0|
    |ap_sync_reg_channel_write_layer4_out_24_V  |  1|   0|    1|          0|
    |ap_sync_reg_channel_write_layer4_out_25_V  |  1|   0|    1|          0|
    |ap_sync_reg_channel_write_layer4_out_26_V  |  1|   0|    1|          0|
    |ap_sync_reg_channel_write_layer4_out_27_V  |  1|   0|    1|          0|
    |ap_sync_reg_channel_write_layer4_out_28_V  |  1|   0|    1|          0|
    |ap_sync_reg_channel_write_layer4_out_29_V  |  1|   0|    1|          0|
    |ap_sync_reg_channel_write_layer4_out_2_V   |  1|   0|    1|          0|
    |ap_sync_reg_channel_write_layer4_out_30_V  |  1|   0|    1|          0|
    |ap_sync_reg_channel_write_layer4_out_31_V  |  1|   0|    1|          0|
    |ap_sync_reg_channel_write_layer4_out_3_V   |  1|   0|    1|          0|
    |ap_sync_reg_channel_write_layer4_out_4_V   |  1|   0|    1|          0|
    |ap_sync_reg_channel_write_layer4_out_5_V   |  1|   0|    1|          0|
    |ap_sync_reg_channel_write_layer4_out_6_V   |  1|   0|    1|          0|
    |ap_sync_reg_channel_write_layer4_out_7_V   |  1|   0|    1|          0|
    |ap_sync_reg_channel_write_layer4_out_8_V   |  1|   0|    1|          0|
    |ap_sync_reg_channel_write_layer4_out_9_V   |  1|   0|    1|          0|
    |ap_sync_reg_channel_write_layer5_out_0_V   |  1|   0|    1|          0|
    |ap_sync_reg_channel_write_layer5_out_10_V  |  1|   0|    1|          0|
    |ap_sync_reg_channel_write_layer5_out_11_V  |  1|   0|    1|          0|
    |ap_sync_reg_channel_write_layer5_out_12_V  |  1|   0|    1|          0|
    |ap_sync_reg_channel_write_layer5_out_13_V  |  1|   0|    1|          0|
    |ap_sync_reg_channel_write_layer5_out_14_V  |  1|   0|    1|          0|
    |ap_sync_reg_channel_write_layer5_out_15_V  |  1|   0|    1|          0|
    |ap_sync_reg_channel_write_layer5_out_1_V   |  1|   0|    1|          0|
    |ap_sync_reg_channel_write_layer5_out_2_V   |  1|   0|    1|          0|
    |ap_sync_reg_channel_write_layer5_out_3_V   |  1|   0|    1|          0|
    |ap_sync_reg_channel_write_layer5_out_4_V   |  1|   0|    1|          0|
    |ap_sync_reg_channel_write_layer5_out_5_V   |  1|   0|    1|          0|
    |ap_sync_reg_channel_write_layer5_out_6_V   |  1|   0|    1|          0|
    |ap_sync_reg_channel_write_layer5_out_7_V   |  1|   0|    1|          0|
    |ap_sync_reg_channel_write_layer5_out_8_V   |  1|   0|    1|          0|
    |ap_sync_reg_channel_write_layer5_out_9_V   |  1|   0|    1|          0|
    |ap_sync_reg_channel_write_layer7_out_0_V   |  1|   0|    1|          0|
    |ap_sync_reg_channel_write_layer7_out_10_V  |  1|   0|    1|          0|
    |ap_sync_reg_channel_write_layer7_out_11_V  |  1|   0|    1|          0|
    |ap_sync_reg_channel_write_layer7_out_12_V  |  1|   0|    1|          0|
    |ap_sync_reg_channel_write_layer7_out_13_V  |  1|   0|    1|          0|
    |ap_sync_reg_channel_write_layer7_out_14_V  |  1|   0|    1|          0|
    |ap_sync_reg_channel_write_layer7_out_15_V  |  1|   0|    1|          0|
    |ap_sync_reg_channel_write_layer7_out_1_V   |  1|   0|    1|          0|
    |ap_sync_reg_channel_write_layer7_out_2_V   |  1|   0|    1|          0|
    |ap_sync_reg_channel_write_layer7_out_3_V   |  1|   0|    1|          0|
    |ap_sync_reg_channel_write_layer7_out_4_V   |  1|   0|    1|          0|
    |ap_sync_reg_channel_write_layer7_out_5_V   |  1|   0|    1|          0|
    |ap_sync_reg_channel_write_layer7_out_6_V   |  1|   0|    1|          0|
    |ap_sync_reg_channel_write_layer7_out_7_V   |  1|   0|    1|          0|
    |ap_sync_reg_channel_write_layer7_out_8_V   |  1|   0|    1|          0|
    |ap_sync_reg_channel_write_layer7_out_9_V   |  1|   0|    1|          0|
    +-------------------------------------------+---+----+-----+-----------+
    |Total                                      | 96|   0|   96|          0|
    +-------------------------------------------+---+----+-----+-----------+



================================================================
== Interface
================================================================
* Summary: 
+-----------------------+-----+------+------------+----------------+--------------+
|       RTL Ports       | Dir | Bits |  Protocol  |  Source Object |    C Type    |
+-----------------------+-----+------+------------+----------------+--------------+
|inputs_V               |  in |  1824|   ap_vld   |    inputs_V    |    pointer   |
|inputs_V_ap_vld        |  in |     1|   ap_vld   |    inputs_V    |    pointer   |
|layer8_out_0_V         | out |    32|   ap_vld   | layer8_out_0_V |    pointer   |
|layer8_out_0_V_ap_vld  | out |     1|   ap_vld   | layer8_out_0_V |    pointer   |
|layer8_out_1_V         | out |    32|   ap_vld   | layer8_out_1_V |    pointer   |
|layer8_out_1_V_ap_vld  | out |     1|   ap_vld   | layer8_out_1_V |    pointer   |
|layer8_out_2_V         | out |    32|   ap_vld   | layer8_out_2_V |    pointer   |
|layer8_out_2_V_ap_vld  | out |     1|   ap_vld   | layer8_out_2_V |    pointer   |
|ap_clk                 |  in |     1| ap_ctrl_hs |    myproject   | return value |
|ap_rst                 |  in |     1| ap_ctrl_hs |    myproject   | return value |
|ap_start               |  in |     1| ap_ctrl_hs |    myproject   | return value |
|ap_done                | out |     1| ap_ctrl_hs |    myproject   | return value |
|ap_ready               | out |     1| ap_ctrl_hs |    myproject   | return value |
|ap_idle                | out |     1| ap_ctrl_hs |    myproject   | return value |
+-----------------------+-----+------+------------+----------------+--------------+

