

================================================================
== Vivado HLS Report for 'relu_ap_fixed_32_16_5_3_0_ap_fixed_32_16_4_0_0_relu_config7_s'
================================================================
* Date:           Tue Sep 17 10:46:39 2024

* Version:        2019.2 (Build 2704478 on Wed Nov 06 22:10:23 MST 2019)
* Project:        myproject_prj
* Solution:       solution1
* Product family: virtexuplus
* Target device:  xcvu9p-flga2104-2-e


================================================================
== Performance Estimates
================================================================
+ Timing: 
    * Summary: 
    +--------+----------+----------+------------+
    |  Clock |  Target  | Estimated| Uncertainty|
    +--------+----------+----------+------------+
    |ap_clk  | 25.00 ns | 1.110 ns |   6.75 ns  |
    +--------+----------+----------+------------+

+ Latency: 
    * Summary: 
    +---------+---------+----------+----------+-----+-----+----------+
    |  Latency (cycles) |  Latency (absolute) |  Interval | Pipeline |
    |   min   |   max   |    min   |    max   | min | max |   Type   |
    +---------+---------+----------+----------+-----+-----+----------+
    |        0|        0|   0 ns   |   0 ns   |    1|    1| function |
    +---------+---------+----------+----------+-----+-----+----------+

    + Detail: 
        * Instance: 
        N/A

        * Loop: 
        N/A



================================================================
== Utilization Estimates
================================================================
* Summary: 
+---------------------+---------+-------+---------+---------+-----+
|         Name        | BRAM_18K| DSP48E|    FF   |   LUT   | URAM|
+---------------------+---------+-------+---------+---------+-----+
|DSP                  |        -|      -|        -|        -|    -|
|Expression           |        -|      -|        0|      818|    -|
|FIFO                 |        -|      -|        -|        -|    -|
|Instance             |        -|      -|        -|        -|    -|
|Memory               |        -|      -|        -|        -|    -|
|Multiplexer          |        -|      -|        -|      153|    -|
|Register             |        -|      -|      498|        -|    -|
+---------------------+---------+-------+---------+---------+-----+
|Total                |        0|      0|      498|      971|    0|
+---------------------+---------+-------+---------+---------+-----+
|Available SLR        |     1440|   2280|   788160|   394080|  320|
+---------------------+---------+-------+---------+---------+-----+
|Utilization SLR (%)  |        0|      0|    ~0   |    ~0   |    0|
+---------------------+---------+-------+---------+---------+-----+
|Available            |     4320|   6840|  2364480|  1182240|  960|
+---------------------+---------+-------+---------+---------+-----+
|Utilization (%)      |        0|      0|    ~0   |    ~0   |    0|
+---------------------+---------+-------+---------+---------+-----+

+ Detail: 
    * Instance: 
    N/A

    * DSP48E: 
    N/A

    * Memory: 
    N/A

    * FIFO: 
    N/A

    * Expression: 
    +--------------------------+----------+-------+---+----+------------+------------+
    |       Variable Name      | Operation| DSP48E| FF| LUT| Bitwidth P0| Bitwidth P1|
    +--------------------------+----------+-------+---+----+------------+------------+
    |icmp_ln1494_10_fu_328_p2  |   icmp   |      0|  0|  20|          32|           1|
    |icmp_ln1494_11_fu_346_p2  |   icmp   |      0|  0|  20|          32|           1|
    |icmp_ln1494_12_fu_364_p2  |   icmp   |      0|  0|  20|          32|           1|
    |icmp_ln1494_13_fu_382_p2  |   icmp   |      0|  0|  20|          32|           1|
    |icmp_ln1494_14_fu_400_p2  |   icmp   |      0|  0|  20|          32|           1|
    |icmp_ln1494_15_fu_418_p2  |   icmp   |      0|  0|  20|          32|           1|
    |icmp_ln1494_1_fu_166_p2   |   icmp   |      0|  0|  20|          32|           1|
    |icmp_ln1494_2_fu_184_p2   |   icmp   |      0|  0|  20|          32|           1|
    |icmp_ln1494_3_fu_202_p2   |   icmp   |      0|  0|  20|          32|           1|
    |icmp_ln1494_4_fu_220_p2   |   icmp   |      0|  0|  20|          32|           1|
    |icmp_ln1494_5_fu_238_p2   |   icmp   |      0|  0|  20|          32|           1|
    |icmp_ln1494_6_fu_256_p2   |   icmp   |      0|  0|  20|          32|           1|
    |icmp_ln1494_7_fu_274_p2   |   icmp   |      0|  0|  20|          32|           1|
    |icmp_ln1494_8_fu_292_p2   |   icmp   |      0|  0|  20|          32|           1|
    |icmp_ln1494_9_fu_310_p2   |   icmp   |      0|  0|  20|          32|           1|
    |icmp_ln1494_fu_148_p2     |   icmp   |      0|  0|  20|          32|           1|
    |ap_block_state1           |    or    |      0|  0|   2|           1|           1|
    |select_ln45_10_fu_334_p3  |  select  |      0|  0|  31|           1|          31|
    |select_ln45_11_fu_352_p3  |  select  |      0|  0|  31|           1|          31|
    |select_ln45_12_fu_370_p3  |  select  |      0|  0|  31|           1|          31|
    |select_ln45_13_fu_388_p3  |  select  |      0|  0|  31|           1|          31|
    |select_ln45_14_fu_406_p3  |  select  |      0|  0|  31|           1|          31|
    |select_ln45_15_fu_424_p3  |  select  |      0|  0|  31|           1|          31|
    |select_ln45_1_fu_172_p3   |  select  |      0|  0|  31|           1|          31|
    |select_ln45_2_fu_190_p3   |  select  |      0|  0|  31|           1|          31|
    |select_ln45_3_fu_208_p3   |  select  |      0|  0|  31|           1|          31|
    |select_ln45_4_fu_226_p3   |  select  |      0|  0|  31|           1|          31|
    |select_ln45_5_fu_244_p3   |  select  |      0|  0|  31|           1|          31|
    |select_ln45_6_fu_262_p3   |  select  |      0|  0|  31|           1|          31|
    |select_ln45_7_fu_280_p3   |  select  |      0|  0|  31|           1|          31|
    |select_ln45_8_fu_298_p3   |  select  |      0|  0|  31|           1|          31|
    |select_ln45_9_fu_316_p3   |  select  |      0|  0|  31|           1|          31|
    |select_ln45_fu_154_p3     |  select  |      0|  0|  31|           1|          31|
    +--------------------------+----------+-------+---+----+------------+------------+
    |Total                     |          |      0|  0| 818|         529|         513|
    +--------------------------+----------+-------+---+----+------------+------------+

    * Multiplexer: 
    +--------------+----+-----------+-----+-----------+
    |     Name     | LUT| Input Size| Bits| Total Bits|
    +--------------+----+-----------+-----+-----------+
    |ap_done       |   9|          2|    1|          2|
    |ap_return_0   |   9|          2|   31|         62|
    |ap_return_1   |   9|          2|   31|         62|
    |ap_return_10  |   9|          2|   31|         62|
    |ap_return_11  |   9|          2|   31|         62|
    |ap_return_12  |   9|          2|   31|         62|
    |ap_return_13  |   9|          2|   31|         62|
    |ap_return_14  |   9|          2|   31|         62|
    |ap_return_15  |   9|          2|   31|         62|
    |ap_return_2   |   9|          2|   31|         62|
    |ap_return_3   |   9|          2|   31|         62|
    |ap_return_4   |   9|          2|   31|         62|
    |ap_return_5   |   9|          2|   31|         62|
    |ap_return_6   |   9|          2|   31|         62|
    |ap_return_7   |   9|          2|   31|         62|
    |ap_return_8   |   9|          2|   31|         62|
    |ap_return_9   |   9|          2|   31|         62|
    +--------------+----+-----------+-----+-----------+
    |Total         | 153|         34|  497|        994|
    +--------------+----+-----------+-----+-----------+

    * Register: 
    +-------------------+----+----+-----+-----------+
    |        Name       | FF | LUT| Bits| Const Bits|
    +-------------------+----+----+-----+-----------+
    |ap_CS_fsm          |   1|   0|    1|          0|
    |ap_done_reg        |   1|   0|    1|          0|
    |ap_return_0_preg   |  31|   0|   31|          0|
    |ap_return_10_preg  |  31|   0|   31|          0|
    |ap_return_11_preg  |  31|   0|   31|          0|
    |ap_return_12_preg  |  31|   0|   31|          0|
    |ap_return_13_preg  |  31|   0|   31|          0|
    |ap_return_14_preg  |  31|   0|   31|          0|
    |ap_return_15_preg  |  31|   0|   31|          0|
    |ap_return_1_preg   |  31|   0|   31|          0|
    |ap_return_2_preg   |  31|   0|   31|          0|
    |ap_return_3_preg   |  31|   0|   31|          0|
    |ap_return_4_preg   |  31|   0|   31|          0|
    |ap_return_5_preg   |  31|   0|   31|          0|
    |ap_return_6_preg   |  31|   0|   31|          0|
    |ap_return_7_preg   |  31|   0|   31|          0|
    |ap_return_8_preg   |  31|   0|   31|          0|
    |ap_return_9_preg   |  31|   0|   31|          0|
    +-------------------+----+----+-----+-----------+
    |Total              | 498|   0|  498|          0|
    +-------------------+----+----+-----+-----------+



================================================================
== Interface
================================================================
* Summary: 
+----------------+-----+-----+------------+--------------------------------------------------------------------------+--------------+
|    RTL Ports   | Dir | Bits|  Protocol  |                               Source Object                              |    C Type    |
+----------------+-----+-----+------------+--------------------------------------------------------------------------+--------------+
|ap_clk          |  in |    1| ap_ctrl_hs | relu<ap_fixed<32, 16, 5, 3, 0>, ap_fixed<32, 16, 4, 0, 0>, relu_config7> | return value |
|ap_rst          |  in |    1| ap_ctrl_hs | relu<ap_fixed<32, 16, 5, 3, 0>, ap_fixed<32, 16, 4, 0, 0>, relu_config7> | return value |
|ap_start        |  in |    1| ap_ctrl_hs | relu<ap_fixed<32, 16, 5, 3, 0>, ap_fixed<32, 16, 4, 0, 0>, relu_config7> | return value |
|ap_done         | out |    1| ap_ctrl_hs | relu<ap_fixed<32, 16, 5, 3, 0>, ap_fixed<32, 16, 4, 0, 0>, relu_config7> | return value |
|ap_continue     |  in |    1| ap_ctrl_hs | relu<ap_fixed<32, 16, 5, 3, 0>, ap_fixed<32, 16, 4, 0, 0>, relu_config7> | return value |
|ap_idle         | out |    1| ap_ctrl_hs | relu<ap_fixed<32, 16, 5, 3, 0>, ap_fixed<32, 16, 4, 0, 0>, relu_config7> | return value |
|ap_ready        | out |    1| ap_ctrl_hs | relu<ap_fixed<32, 16, 5, 3, 0>, ap_fixed<32, 16, 4, 0, 0>, relu_config7> | return value |
|ap_return_0     | out |   31| ap_ctrl_hs | relu<ap_fixed<32, 16, 5, 3, 0>, ap_fixed<32, 16, 4, 0, 0>, relu_config7> | return value |
|ap_return_1     | out |   31| ap_ctrl_hs | relu<ap_fixed<32, 16, 5, 3, 0>, ap_fixed<32, 16, 4, 0, 0>, relu_config7> | return value |
|ap_return_2     | out |   31| ap_ctrl_hs | relu<ap_fixed<32, 16, 5, 3, 0>, ap_fixed<32, 16, 4, 0, 0>, relu_config7> | return value |
|ap_return_3     | out |   31| ap_ctrl_hs | relu<ap_fixed<32, 16, 5, 3, 0>, ap_fixed<32, 16, 4, 0, 0>, relu_config7> | return value |
|ap_return_4     | out |   31| ap_ctrl_hs | relu<ap_fixed<32, 16, 5, 3, 0>, ap_fixed<32, 16, 4, 0, 0>, relu_config7> | return value |
|ap_return_5     | out |   31| ap_ctrl_hs | relu<ap_fixed<32, 16, 5, 3, 0>, ap_fixed<32, 16, 4, 0, 0>, relu_config7> | return value |
|ap_return_6     | out |   31| ap_ctrl_hs | relu<ap_fixed<32, 16, 5, 3, 0>, ap_fixed<32, 16, 4, 0, 0>, relu_config7> | return value |
|ap_return_7     | out |   31| ap_ctrl_hs | relu<ap_fixed<32, 16, 5, 3, 0>, ap_fixed<32, 16, 4, 0, 0>, relu_config7> | return value |
|ap_return_8     | out |   31| ap_ctrl_hs | relu<ap_fixed<32, 16, 5, 3, 0>, ap_fixed<32, 16, 4, 0, 0>, relu_config7> | return value |
|ap_return_9     | out |   31| ap_ctrl_hs | relu<ap_fixed<32, 16, 5, 3, 0>, ap_fixed<32, 16, 4, 0, 0>, relu_config7> | return value |
|ap_return_10    | out |   31| ap_ctrl_hs | relu<ap_fixed<32, 16, 5, 3, 0>, ap_fixed<32, 16, 4, 0, 0>, relu_config7> | return value |
|ap_return_11    | out |   31| ap_ctrl_hs | relu<ap_fixed<32, 16, 5, 3, 0>, ap_fixed<32, 16, 4, 0, 0>, relu_config7> | return value |
|ap_return_12    | out |   31| ap_ctrl_hs | relu<ap_fixed<32, 16, 5, 3, 0>, ap_fixed<32, 16, 4, 0, 0>, relu_config7> | return value |
|ap_return_13    | out |   31| ap_ctrl_hs | relu<ap_fixed<32, 16, 5, 3, 0>, ap_fixed<32, 16, 4, 0, 0>, relu_config7> | return value |
|ap_return_14    | out |   31| ap_ctrl_hs | relu<ap_fixed<32, 16, 5, 3, 0>, ap_fixed<32, 16, 4, 0, 0>, relu_config7> | return value |
|ap_return_15    | out |   31| ap_ctrl_hs | relu<ap_fixed<32, 16, 5, 3, 0>, ap_fixed<32, 16, 4, 0, 0>, relu_config7> | return value |
|data_0_V_read   |  in |   32|   ap_none  |                               data_0_V_read                              |    scalar    |
|data_1_V_read   |  in |   32|   ap_none  |                               data_1_V_read                              |    scalar    |
|data_2_V_read   |  in |   32|   ap_none  |                               data_2_V_read                              |    scalar    |
|data_3_V_read   |  in |   32|   ap_none  |                               data_3_V_read                              |    scalar    |
|data_4_V_read   |  in |   32|   ap_none  |                               data_4_V_read                              |    scalar    |
|data_5_V_read   |  in |   32|   ap_none  |                               data_5_V_read                              |    scalar    |
|data_6_V_read   |  in |   32|   ap_none  |                               data_6_V_read                              |    scalar    |
|data_7_V_read   |  in |   32|   ap_none  |                               data_7_V_read                              |    scalar    |
|data_8_V_read   |  in |   32|   ap_none  |                               data_8_V_read                              |    scalar    |
|data_9_V_read   |  in |   32|   ap_none  |                               data_9_V_read                              |    scalar    |
|data_10_V_read  |  in |   32|   ap_none  |                              data_10_V_read                              |    scalar    |
|data_11_V_read  |  in |   32|   ap_none  |                              data_11_V_read                              |    scalar    |
|data_12_V_read  |  in |   32|   ap_none  |                              data_12_V_read                              |    scalar    |
|data_13_V_read  |  in |   32|   ap_none  |                              data_13_V_read                              |    scalar    |
|data_14_V_read  |  in |   32|   ap_none  |                              data_14_V_read                              |    scalar    |
|data_15_V_read  |  in |   32|   ap_none  |                              data_15_V_read                              |    scalar    |
+----------------+-----+-----+------------+--------------------------------------------------------------------------+--------------+

