==============================================================
Vivado(TM) HLS - High-Level Synthesis from C, C++ and SystemC v2019.2 (64-bit)
Copyright 1986-2019 Xilinx, Inc. All Rights Reserved.
==============================================================
INFO: [XFORM 203-101] Allowed max sub elements number after partition is 4096.
INFO: [XFORM 203-1161] The maximum of name length is set into 80.
INFO: [HLS 200-10] Setting target device to 'xcvu9p-flga2104-2-e'
INFO: [SYN 201-201] Setting up clock 'default' with a period of 25ns.
INFO: [SYN 201-201] Setting up clock 'default' with an uncertainty of 6.75ns.
INFO: [SCHED 204-61] Option 'relax_ii_for_timing' is enabled, will increase II to preserve clock frequency constraints.
INFO: [HLS 200-10] Analyzing design file 'firmware/myproject.cpp' ... 
WARNING: [HLS 214-113] Either use an argument of the function or declare the variable inside the dataflow loop body: firmware/myproject.cpp:39:62
WARNING: [HLS 214-113] Either use an argument of the function or declare the variable inside the dataflow loop body: firmware/myproject.cpp:39:66
WARNING: [HLS 214-113] Either use an argument of the function or declare the variable inside the dataflow loop body: firmware/myproject.cpp:47:67
WARNING: [HLS 214-113] Either use an argument of the function or declare the variable inside the dataflow loop body: firmware/myproject.cpp:47:71
WARNING: [HLS 214-113] Either use an argument of the function or declare the variable inside the dataflow loop body: firmware/myproject.cpp:53:70
WARNING: [HLS 214-113] Either use an argument of the function or declare the variable inside the dataflow loop body: firmware/myproject.cpp:53:74
WARNING: [HLS 200-471] Dataflow form checks found 6 issue(s) in file firmware/myproject.cpp
INFO: [HLS 200-111] Finished Linking Time (s): cpu = 00:00:08 ; elapsed = 00:00:10 . Memory (MB): peak = 939.246 ; gain = 526.004 ; free physical = 11038 ; free virtual = 19116
INFO: [HLS 200-111] Finished Checking Pragmas Time (s): cpu = 00:00:08 ; elapsed = 00:00:10 . Memory (MB): peak = 939.246 ; gain = 526.004 ; free physical = 11038 ; free virtual = 19116
INFO: [HLS 200-10] Starting code transformations ...
INFO: [XFORM 203-603] Inlining function 'nnet::product::mult<ap_fixed<32, 16, (ap_q_mode)5, (ap_o_mode)3, 0>, ap_fixed<32, 16, (ap_q_mode)5, (ap_o_mode)3, 0> >::product' into 'nnet::dense_resource_rf_leq_nin<ap_fixed<32, 16, (ap_q_mode)5, (ap_o_mode)3, 0>, ap_fixed<32, 16, (ap_q_mode)5, (ap_o_mode)3, 0>, config2>' (firmware/nnet_utils/nnet_dense_resource.h:56).
INFO: [XFORM 203-603] Inlining function 'nnet::dense_resource_rf_leq_nin<ap_fixed<32, 16, (ap_q_mode)5, (ap_o_mode)3, 0>, ap_fixed<32, 16, (ap_q_mode)5, (ap_o_mode)3, 0>, config2>' into 'nnet::dense_resource<ap_fixed<32, 16, (ap_q_mode)5, (ap_o_mode)3, 0>, ap_fixed<32, 16, (ap_q_mode)5, (ap_o_mode)3, 0>, config2>' (firmware/nnet_utils/nnet_dense_resource.h:253).
INFO: [XFORM 203-603] Inlining function 'nnet::cast<ap_fixed<32, 16, (ap_q_mode)5, (ap_o_mode)3, 0>, ap_fixed<32, 16, (ap_q_mode)5, (ap_o_mode)3, 0>, config2>' into 'nnet::dense_resource<ap_fixed<32, 16, (ap_q_mode)5, (ap_o_mode)3, 0>, ap_fixed<32, 16, (ap_q_mode)5, (ap_o_mode)3, 0>, config2>' (firmware/nnet_utils/nnet_dense_resource.h:79->firmware/nnet_utils/nnet_dense_resource.h:253).
INFO: [XFORM 203-603] Inlining function 'nnet::dense<ap_fixed<32, 16, (ap_q_mode)5, (ap_o_mode)3, 0>, ap_fixed<32, 16, (ap_q_mode)5, (ap_o_mode)3, 0>, config2>' into 'myproject' (firmware/myproject.cpp:39).
INFO: [XFORM 203-603] Inlining function 'nnet::product::mult<ap_fixed<32, 16, (ap_q_mode)4, (ap_o_mode)0, 0>, ap_fixed<32, 16, (ap_q_mode)5, (ap_o_mode)3, 0> >::product' into 'nnet::dense_resource_rf_leq_nin<ap_fixed<32, 16, (ap_q_mode)4, (ap_o_mode)0, 0>, ap_fixed<32, 16, (ap_q_mode)5, (ap_o_mode)3, 0>, config5>' (firmware/nnet_utils/nnet_dense_resource.h:56).
INFO: [XFORM 203-603] Inlining function 'nnet::product::mult<ap_fixed<32, 16, (ap_q_mode)4, (ap_o_mode)0, 0>, ap_fixed<32, 16, (ap_q_mode)5, (ap_o_mode)3, 0> >::product' into 'nnet::dense_resource_rf_leq_nin<ap_fixed<32, 16, (ap_q_mode)4, (ap_o_mode)0, 0>, ap_fixed<32, 16, (ap_q_mode)5, (ap_o_mode)3, 0>, config8>' (firmware/nnet_utils/nnet_dense_resource.h:56).
INFO: [XFORM 203-603] Inlining function 'nnet::dense_resource_rf_leq_nin<ap_fixed<32, 16, (ap_q_mode)4, (ap_o_mode)0, 0>, ap_fixed<32, 16, (ap_q_mode)5, (ap_o_mode)3, 0>, config5>' into 'nnet::dense_resource<ap_fixed<32, 16, (ap_q_mode)4, (ap_o_mode)0, 0>, ap_fixed<32, 16, (ap_q_mode)5, (ap_o_mode)3, 0>, config5>' (firmware/nnet_utils/nnet_dense_resource.h:253).
INFO: [XFORM 203-603] Inlining function 'nnet::cast<ap_fixed<32, 16, (ap_q_mode)4, (ap_o_mode)0, 0>, ap_fixed<32, 16, (ap_q_mode)5, (ap_o_mode)3, 0>, config5>' into 'nnet::dense_resource<ap_fixed<32, 16, (ap_q_mode)4, (ap_o_mode)0, 0>, ap_fixed<32, 16, (ap_q_mode)5, (ap_o_mode)3, 0>, config5>' (firmware/nnet_utils/nnet_dense_resource.h:79->firmware/nnet_utils/nnet_dense_resource.h:253).
INFO: [XFORM 203-603] Inlining function 'nnet::dense<ap_fixed<32, 16, (ap_q_mode)4, (ap_o_mode)0, 0>, ap_fixed<32, 16, (ap_q_mode)5, (ap_o_mode)3, 0>, config5>' into 'myproject' (firmware/myproject.cpp:47).
INFO: [XFORM 203-603] Inlining function 'nnet::dense_resource_rf_leq_nin<ap_fixed<32, 16, (ap_q_mode)4, (ap_o_mode)0, 0>, ap_fixed<32, 16, (ap_q_mode)5, (ap_o_mode)3, 0>, config8>' into 'nnet::dense_resource<ap_fixed<32, 16, (ap_q_mode)4, (ap_o_mode)0, 0>, ap_fixed<32, 16, (ap_q_mode)5, (ap_o_mode)3, 0>, config8>' (firmware/nnet_utils/nnet_dense_resource.h:253).
INFO: [XFORM 203-603] Inlining function 'nnet::cast<ap_fixed<32, 16, (ap_q_mode)4, (ap_o_mode)0, 0>, ap_fixed<32, 16, (ap_q_mode)5, (ap_o_mode)3, 0>, config8>' into 'nnet::dense_resource<ap_fixed<32, 16, (ap_q_mode)4, (ap_o_mode)0, 0>, ap_fixed<32, 16, (ap_q_mode)5, (ap_o_mode)3, 0>, config8>' (firmware/nnet_utils/nnet_dense_resource.h:79->firmware/nnet_utils/nnet_dense_resource.h:253).
INFO: [XFORM 203-603] Inlining function 'nnet::dense<ap_fixed<32, 16, (ap_q_mode)4, (ap_o_mode)0, 0>, ap_fixed<32, 16, (ap_q_mode)5, (ap_o_mode)3, 0>, config8>' into 'myproject' (firmware/myproject.cpp:53).
INFO: [HLS 200-111] Finished Standard Transforms Time (s): cpu = 00:00:09 ; elapsed = 00:00:10 . Memory (MB): peak = 939.953 ; gain = 526.711 ; free physical = 11008 ; free virtual = 19089
INFO: [HLS 200-10] Checking synthesizability ...
INFO: [HLS 200-111] Finished Checking Synthesizability Time (s): cpu = 00:00:09 ; elapsed = 00:00:10 . Memory (MB): peak = 939.953 ; gain = 526.711 ; free physical = 11002 ; free virtual = 19084
WARNING: [XFORM 203-505] Ignore pipeline pragma in Loop whose tripcount is only 1 (firmware/nnet_utils/nnet_dense_resource.h:44) in function 'nnet::dense_resource<ap_fixed<32, 16, (ap_q_mode)4, (ap_o_mode)0, 0>, ap_fixed<32, 16, (ap_q_mode)5, (ap_o_mode)3, 0>, config8>'.
WARNING: [XFORM 203-505] Ignore pipeline pragma in Loop whose tripcount is only 1 (firmware/nnet_utils/nnet_dense_resource.h:44) in function 'nnet::dense_resource<ap_fixed<32, 16, (ap_q_mode)4, (ap_o_mode)0, 0>, ap_fixed<32, 16, (ap_q_mode)5, (ap_o_mode)3, 0>, config5>'.
WARNING: [XFORM 203-505] Ignore pipeline pragma in Loop whose tripcount is only 1 (firmware/nnet_utils/nnet_dense_resource.h:44) in function 'nnet::dense_resource<ap_fixed<32, 16, (ap_q_mode)5, (ap_o_mode)3, 0>, ap_fixed<32, 16, (ap_q_mode)5, (ap_o_mode)3, 0>, config2>'.
INFO: [XFORM 203-502] Unrolling small iteration loop 'ReuseLoop' (firmware/nnet_utils/nnet_dense_resource.h:43) in function 'nnet::dense_resource<ap_fixed<32, 16, (ap_q_mode)4, (ap_o_mode)0, 0>, ap_fixed<32, 16, (ap_q_mode)5, (ap_o_mode)3, 0>, config8>' automatically.
INFO: [XFORM 203-502] Unrolling all loops for pipelining in function 'nnet::relu<ap_fixed<32, 16, (ap_q_mode)5, (ap_o_mode)3, 0>, ap_fixed<32, 16, (ap_q_mode)4, (ap_o_mode)0, 0>, ReLU_config7>' (firmware/nnet_utils/nnet_activation.h:40:43).
INFO: [XFORM 203-502] Unrolling small iteration loop 'ReuseLoop' (firmware/nnet_utils/nnet_dense_resource.h:43) in function 'nnet::dense_resource<ap_fixed<32, 16, (ap_q_mode)4, (ap_o_mode)0, 0>, ap_fixed<32, 16, (ap_q_mode)5, (ap_o_mode)3, 0>, config5>' automatically.
INFO: [XFORM 203-502] Unrolling all loops for pipelining in function 'nnet::relu<ap_fixed<32, 16, (ap_q_mode)5, (ap_o_mode)3, 0>, ap_fixed<32, 16, (ap_q_mode)4, (ap_o_mode)0, 0>, ReLU_config4>' (firmware/nnet_utils/nnet_activation.h:40:43).
INFO: [XFORM 203-502] Unrolling small iteration loop 'ReuseLoop' (firmware/nnet_utils/nnet_dense_resource.h:43) in function 'nnet::dense_resource<ap_fixed<32, 16, (ap_q_mode)5, (ap_o_mode)3, 0>, ap_fixed<32, 16, (ap_q_mode)5, (ap_o_mode)3, 0>, config2>' automatically.
INFO: [HLS 200-489] Unrolling loop 'InitAccum' (firmware/nnet_utils/nnet_dense_resource.h:37) in function 'nnet::dense_resource<ap_fixed<32, 16, (ap_q_mode)4, (ap_o_mode)0, 0>, ap_fixed<32, 16, (ap_q_mode)5, (ap_o_mode)3, 0>, config8>' completely with a factor of 3.
INFO: [HLS 200-489] Unrolling loop 'ReuseLoop' (firmware/nnet_utils/nnet_dense_resource.h:43) in function 'nnet::dense_resource<ap_fixed<32, 16, (ap_q_mode)4, (ap_o_mode)0, 0>, ap_fixed<32, 16, (ap_q_mode)5, (ap_o_mode)3, 0>, config8>' completely with a factor of 1.
INFO: [HLS 200-489] Unrolling loop 'MultLoop' (firmware/nnet_utils/nnet_dense_resource.h:52) in function 'nnet::dense_resource<ap_fixed<32, 16, (ap_q_mode)4, (ap_o_mode)0, 0>, ap_fixed<32, 16, (ap_q_mode)5, (ap_o_mode)3, 0>, config8>' completely with a factor of 48.
INFO: [HLS 200-489] Unrolling loop 'Result' (firmware/nnet_utils/nnet_dense_resource.h:77) in function 'nnet::dense_resource<ap_fixed<32, 16, (ap_q_mode)4, (ap_o_mode)0, 0>, ap_fixed<32, 16, (ap_q_mode)5, (ap_o_mode)3, 0>, config8>' completely with a factor of 3.
INFO: [HLS 200-489] Unrolling loop 'Loop-1' (firmware/nnet_utils/nnet_activation.h:43) in function 'nnet::relu<ap_fixed<32, 16, (ap_q_mode)5, (ap_o_mode)3, 0>, ap_fixed<32, 16, (ap_q_mode)4, (ap_o_mode)0, 0>, ReLU_config7>' completely with a factor of 16.
INFO: [HLS 200-489] Unrolling loop 'InitAccum' (firmware/nnet_utils/nnet_dense_resource.h:37) in function 'nnet::dense_resource<ap_fixed<32, 16, (ap_q_mode)4, (ap_o_mode)0, 0>, ap_fixed<32, 16, (ap_q_mode)5, (ap_o_mode)3, 0>, config5>' completely with a factor of 16.
INFO: [HLS 200-489] Unrolling loop 'ReuseLoop' (firmware/nnet_utils/nnet_dense_resource.h:43) in function 'nnet::dense_resource<ap_fixed<32, 16, (ap_q_mode)4, (ap_o_mode)0, 0>, ap_fixed<32, 16, (ap_q_mode)5, (ap_o_mode)3, 0>, config5>' completely with a factor of 1.
INFO: [HLS 200-489] Unrolling loop 'MultLoop' (firmware/nnet_utils/nnet_dense_resource.h:52) in function 'nnet::dense_resource<ap_fixed<32, 16, (ap_q_mode)4, (ap_o_mode)0, 0>, ap_fixed<32, 16, (ap_q_mode)5, (ap_o_mode)3, 0>, config5>' completely with a factor of 512.
INFO: [HLS 200-489] Unrolling loop 'Result' (firmware/nnet_utils/nnet_dense_resource.h:77) in function 'nnet::dense_resource<ap_fixed<32, 16, (ap_q_mode)4, (ap_o_mode)0, 0>, ap_fixed<32, 16, (ap_q_mode)5, (ap_o_mode)3, 0>, config5>' completely with a factor of 16.
INFO: [HLS 200-489] Unrolling loop 'Loop-1' (firmware/nnet_utils/nnet_activation.h:43) in function 'nnet::relu<ap_fixed<32, 16, (ap_q_mode)5, (ap_o_mode)3, 0>, ap_fixed<32, 16, (ap_q_mode)4, (ap_o_mode)0, 0>, ReLU_config4>' completely with a factor of 32.
INFO: [HLS 200-489] Unrolling loop 'InitAccum' (firmware/nnet_utils/nnet_dense_resource.h:37) in function 'nnet::dense_resource<ap_fixed<32, 16, (ap_q_mode)5, (ap_o_mode)3, 0>, ap_fixed<32, 16, (ap_q_mode)5, (ap_o_mode)3, 0>, config2>' completely with a factor of 32.
INFO: [HLS 200-489] Unrolling loop 'ReuseLoop' (firmware/nnet_utils/nnet_dense_resource.h:43) in function 'nnet::dense_resource<ap_fixed<32, 16, (ap_q_mode)5, (ap_o_mode)3, 0>, ap_fixed<32, 16, (ap_q_mode)5, (ap_o_mode)3, 0>, config2>' completely with a factor of 1.
INFO: [HLS 200-489] Unrolling loop 'MultLoop' (firmware/nnet_utils/nnet_dense_resource.h:52) in function 'nnet::dense_resource<ap_fixed<32, 16, (ap_q_mode)5, (ap_o_mode)3, 0>, ap_fixed<32, 16, (ap_q_mode)5, (ap_o_mode)3, 0>, config2>' completely with a factor of 1824.
INFO: [HLS 200-489] Unrolling loop 'Result' (firmware/nnet_utils/nnet_dense_resource.h:77) in function 'nnet::dense_resource<ap_fixed<32, 16, (ap_q_mode)5, (ap_o_mode)3, 0>, ap_fixed<32, 16, (ap_q_mode)5, (ap_o_mode)3, 0>, config2>' completely with a factor of 32.
INFO: [XFORM 203-131] Reshaping array 'inputs.V' (firmware/myproject.cpp:7) in dimension 1 completely.
INFO: [XFORM 203-131] Reshaping array 'w8.V'  in dimension 1 completely.
INFO: [XFORM 203-131] Reshaping array 'w5.V'  in dimension 1 completely.
INFO: [XFORM 203-131] Reshaping array 'w2.V'  in dimension 1 completely.
INFO: [XFORM 203-101] Partitioning array 'layer8_out.V' (firmware/myproject.cpp:8) in dimension 1 completely.
INFO: [XFORM 203-101] Partitioning array 'layer2_out.V' (firmware/myproject.cpp:37) in dimension 1 completely.
INFO: [XFORM 203-101] Partitioning array 'layer4_out.V' (firmware/myproject.cpp:41) in dimension 1 completely.
INFO: [XFORM 203-101] Partitioning array 'layer5_out.V' (firmware/myproject.cpp:45) in dimension 1 completely.
INFO: [XFORM 203-101] Partitioning array 'layer7_out.V' (firmware/myproject.cpp:49) in dimension 1 completely.
INFO: [XFORM 203-101] Partitioning array 'b2.V'  in dimension 1 completely.
INFO: [XFORM 203-101] Partitioning array 'acc.V' (firmware/nnet_utils/nnet_dense_resource.h:33) in dimension 1 completely.
INFO: [XFORM 203-101] Partitioning array 'b8.V'  in dimension 1 completely.
INFO: [XFORM 203-101] Partitioning array 'acc.V' (firmware/nnet_utils/nnet_dense_resource.h:33) in dimension 1 completely.
INFO: [XFORM 203-101] Partitioning array 'b5.V'  in dimension 1 completely.
INFO: [XFORM 203-101] Partitioning array 'acc.V' (firmware/nnet_utils/nnet_dense_resource.h:33) in dimension 1 completely.
INFO: [XFORM 203-712] Applying dataflow to function 'myproject', detected/extracted 5 process function(s): 
	 'nnet::dense_resource<ap_fixed<32, 16, (ap_q_mode)5, (ap_o_mode)3, 0>, ap_fixed<32, 16, (ap_q_mode)5, (ap_o_mode)3, 0>, config2>'
	 'nnet::relu<ap_fixed<32, 16, (ap_q_mode)5, (ap_o_mode)3, 0>, ap_fixed<32, 16, (ap_q_mode)4, (ap_o_mode)0, 0>, ReLU_config4>'
	 'nnet::dense_resource<ap_fixed<32, 16, (ap_q_mode)4, (ap_o_mode)0, 0>, ap_fixed<32, 16, (ap_q_mode)5, (ap_o_mode)3, 0>, config5>'
	 'nnet::relu<ap_fixed<32, 16, (ap_q_mode)5, (ap_o_mode)3, 0>, ap_fixed<32, 16, (ap_q_mode)4, (ap_o_mode)0, 0>, ReLU_config7>'
	 'nnet::dense_resource<ap_fixed<32, 16, (ap_q_mode)4, (ap_o_mode)0, 0>, ap_fixed<32, 16, (ap_q_mode)5, (ap_o_mode)3, 0>, config8>'.
INFO: [XFORM 203-11] Balancing expressions in function 'nnet::dense_resource<ap_fixed<32, 16, (ap_q_mode)5, (ap_o_mode)3, 0>, ap_fixed<32, 16, (ap_q_mode)5, (ap_o_mode)3, 0>, config2>' (firmware/nnet_utils/nnet_dense_resource.h:44:17)...1824 expression(s) balanced.
INFO: [XFORM 203-11] Balancing expressions in function 'nnet::dense_resource<ap_fixed<32, 16, (ap_q_mode)4, (ap_o_mode)0, 0>, ap_fixed<32, 16, (ap_q_mode)5, (ap_o_mode)3, 0>, config8>' (firmware/nnet_utils/nnet_dense_resource.h:44:1)...48 expression(s) balanced.
INFO: [XFORM 203-11] Balancing expressions in function 'nnet::dense_resource<ap_fixed<32, 16, (ap_q_mode)4, (ap_o_mode)0, 0>, ap_fixed<32, 16, (ap_q_mode)5, (ap_o_mode)3, 0>, config5>' (firmware/nnet_utils/nnet_dense_resource.h:44:17)...512 expression(s) balanced.
INFO: [HLS 200-111] Finished Pre-synthesis Time (s): cpu = 00:00:37 ; elapsed = 00:00:39 . Memory (MB): peak = 1067.246 ; gain = 654.004 ; free physical = 10827 ; free virtual = 18912
WARNING: [XFORM 203-631] Renaming function 'nnet::relu<ap_fixed<32, 16, (ap_q_mode)5, (ap_o_mode)3, 0>, ap_fixed<32, 16, (ap_q_mode)4, (ap_o_mode)0, 0>, ReLU_config7>' to 'relu<ap_fixed<32, 16, 5, 3, 0>, ap_fixed<32, 16, 4, 0, 0>, ReLU_config7>' (firmware/nnet_utils/nnet_activation.h:39)
WARNING: [XFORM 203-631] Renaming function 'nnet::relu<ap_fixed<32, 16, (ap_q_mode)5, (ap_o_mode)3, 0>, ap_fixed<32, 16, (ap_q_mode)4, (ap_o_mode)0, 0>, ReLU_config4>' to 'relu<ap_fixed<32, 16, 5, 3, 0>, ap_fixed<32, 16, 4, 0, 0>, ReLU_config4>' (firmware/nnet_utils/nnet_activation.h:39)
WARNING: [XFORM 203-631] Renaming function 'nnet::dense_resource<ap_fixed<32, 16, (ap_q_mode)5, (ap_o_mode)3, 0>, ap_fixed<32, 16, (ap_q_mode)5, (ap_o_mode)3, 0>, config2>' to 'dense_resource<ap_fixed<32, 16, 5, 3, 0>, ap_fixed<32, 16, 5, 3, 0>, config2>' (firmware/nnet_utils/nnet_dense_resource.h:246)
WARNING: [XFORM 203-631] Renaming function 'nnet::dense_resource<ap_fixed<32, 16, (ap_q_mode)4, (ap_o_mode)0, 0>, ap_fixed<32, 16, (ap_q_mode)5, (ap_o_mode)3, 0>, config8>' to 'dense_resource<ap_fixed<32, 16, 4, 0, 0>, ap_fixed<32, 16, 5, 3, 0>, config8>' (firmware/nnet_utils/nnet_dense_resource.h:246)
WARNING: [XFORM 203-631] Renaming function 'nnet::dense_resource<ap_fixed<32, 16, (ap_q_mode)4, (ap_o_mode)0, 0>, ap_fixed<32, 16, (ap_q_mode)5, (ap_o_mode)3, 0>, config5>' to 'dense_resource<ap_fixed<32, 16, 4, 0, 0>, ap_fixed<32, 16, 5, 3, 0>, config5>' (firmware/nnet_utils/nnet_dense_resource.h:246)
WARNING: [XFORM 203-532] Ignored the rewind option for Function 'dense_resource<ap_fixed<32, 16, 5, 3, 0>, ap_fixed<32, 16, 5, 3, 0>, config2>' (firmware/nnet_utils/nnet_dense_resource.h:246) as the option is not applicable to function pipelining.
WARNING: [XFORM 203-532] Ignored the rewind option for Function 'dense_resource<ap_fixed<32, 16, 4, 0, 0>, ap_fixed<32, 16, 5, 3, 0>, config8>' (firmware/nnet_utils/nnet_dense_resource.h:246) as the option is not applicable to function pipelining.
WARNING: [XFORM 203-532] Ignored the rewind option for Function 'dense_resource<ap_fixed<32, 16, 4, 0, 0>, ap_fixed<32, 16, 5, 3, 0>, config5>' (firmware/nnet_utils/nnet_dense_resource.h:246) as the option is not applicable to function pipelining.
INFO: [HLS 200-111] Finished Architecture Synthesis Time (s): cpu = 00:00:47 ; elapsed = 00:00:48 . Memory (MB): peak = 1195.246 ; gain = 782.004 ; free physical = 10744 ; free virtual = 18830
INFO: [HLS 200-10] Starting hardware synthesis ...
INFO: [HLS 200-10] Synthesizing 'myproject' ...
WARNING: [SYN 201-103] Legalizing function name 'dense_resource<ap_fixed<32, 16, 5, 3, 0>, ap_fixed<32, 16, 5, 3, 0>, config2>' to 'dense_resource_ap_fixed_32_16_5_3_0_ap_fixed_32_16_5_3_0_config2_s'.
WARNING: [SYN 201-103] Legalizing function name 'relu<ap_fixed<32, 16, 5, 3, 0>, ap_fixed<32, 16, 4, 0, 0>, ReLU_config4>' to 'relu_ap_fixed_32_16_5_3_0_ap_fixed_32_16_4_0_0_ReLU_config4_s'.
WARNING: [SYN 201-103] Legalizing function name 'dense_resource<ap_fixed<32, 16, 4, 0, 0>, ap_fixed<32, 16, 5, 3, 0>, config5>' to 'dense_resource_ap_fixed_32_16_4_0_0_ap_fixed_32_16_5_3_0_config5_s'.
WARNING: [SYN 201-103] Legalizing function name 'relu<ap_fixed<32, 16, 5, 3, 0>, ap_fixed<32, 16, 4, 0, 0>, ReLU_config7>' to 'relu_ap_fixed_32_16_5_3_0_ap_fixed_32_16_4_0_0_ReLU_config7_s'.
WARNING: [SYN 201-103] Legalizing function name 'dense_resource<ap_fixed<32, 16, 4, 0, 0>, ap_fixed<32, 16, 5, 3, 0>, config8>' to 'dense_resource_ap_fixed_32_16_4_0_0_ap_fixed_32_16_5_3_0_config8_s'.
INFO: [HLS 200-10] ----------------------------------------------------------------
INFO: [HLS 200-42] -- Implementing module 'dense_resource_ap_fixed_32_16_5_3_0_ap_fixed_32_16_5_3_0_config2_s' 
INFO: [HLS 200-10] ----------------------------------------------------------------
INFO: [SCHED 204-11] Starting scheduling ...
INFO: [SCHED 204-11] Finished scheduling.
INFO: [HLS 200-111]  Elapsed time: 51.18 seconds; current allocated memory: 431.599 MB.
INFO: [BIND 205-100] Starting micro-architecture generation ...
INFO: [BIND 205-101] Performing variable lifetime analysis.
INFO: [BIND 205-101] Exploring resource sharing.
INFO: [BIND 205-101] Binding ...
INFO: [BIND 205-100] Finished micro-architecture generation.
INFO: [HLS 200-111]  Elapsed time: 5.5 seconds; current allocated memory: 459.337 MB.
INFO: [HLS 200-10] ----------------------------------------------------------------
INFO: [HLS 200-42] -- Implementing module 'relu_ap_fixed_32_16_5_3_0_ap_fixed_32_16_4_0_0_ReLU_config4_s' 
INFO: [HLS 200-10] ----------------------------------------------------------------
INFO: [SCHED 204-11] Starting scheduling ...
INFO: [SCHED 204-61] Pipelining function 'relu<ap_fixed<32, 16, 5, 3, 0>, ap_fixed<32, 16, 4, 0, 0>, ReLU_config4>'.
INFO: [SCHED 204-61] Pipelining result : Target II = 1, Final II = 1, Depth = 1.
INFO: [SCHED 204-11] Finished scheduling.
INFO: [HLS 200-111]  Elapsed time: 4.6 seconds; current allocated memory: 464.396 MB.
INFO: [BIND 205-100] Starting micro-architecture generation ...
INFO: [BIND 205-101] Performing variable lifetime analysis.
INFO: [BIND 205-101] Exploring resource sharing.
INFO: [BIND 205-101] Binding ...
INFO: [BIND 205-100] Finished micro-architecture generation.
INFO: [HLS 200-111]  Elapsed time: 0.06 seconds; current allocated memory: 465.113 MB.
INFO: [HLS 200-10] ----------------------------------------------------------------
INFO: [HLS 200-42] -- Implementing module 'dense_resource_ap_fixed_32_16_4_0_0_ap_fixed_32_16_5_3_0_config5_s' 
INFO: [HLS 200-10] ----------------------------------------------------------------
INFO: [SCHED 204-11] Starting scheduling ...
INFO: [SCHED 204-11] Finished scheduling.
INFO: [HLS 200-111]  Elapsed time: 1.13 seconds; current allocated memory: 473.334 MB.
INFO: [BIND 205-100] Starting micro-architecture generation ...
INFO: [BIND 205-101] Performing variable lifetime analysis.
INFO: [BIND 205-101] Exploring resource sharing.
INFO: [BIND 205-101] Binding ...
INFO: [BIND 205-100] Finished micro-architecture generation.
INFO: [HLS 200-111]  Elapsed time: 1.2 seconds; current allocated memory: 481.255 MB.
INFO: [HLS 200-10] ----------------------------------------------------------------
INFO: [HLS 200-42] -- Implementing module 'relu_ap_fixed_32_16_5_3_0_ap_fixed_32_16_4_0_0_ReLU_config7_s' 
INFO: [HLS 200-10] ----------------------------------------------------------------
INFO: [SCHED 204-11] Starting scheduling ...
INFO: [SCHED 204-61] Pipelining function 'relu<ap_fixed<32, 16, 5, 3, 0>, ap_fixed<32, 16, 4, 0, 0>, ReLU_config7>'.
INFO: [SCHED 204-61] Pipelining result : Target II = 1, Final II = 1, Depth = 1.
INFO: [SCHED 204-11] Finished scheduling.
INFO: [HLS 200-111]  Elapsed time: 1.46 seconds; current allocated memory: 482.762 MB.
INFO: [BIND 205-100] Starting micro-architecture generation ...
INFO: [BIND 205-101] Performing variable lifetime analysis.
INFO: [BIND 205-101] Exploring resource sharing.
INFO: [BIND 205-101] Binding ...
INFO: [BIND 205-100] Finished micro-architecture generation.
INFO: [HLS 200-111]  Elapsed time: 0.04 seconds; current allocated memory: 483.110 MB.
INFO: [HLS 200-10] ----------------------------------------------------------------
INFO: [HLS 200-42] -- Implementing module 'dense_resource_ap_fixed_32_16_4_0_0_ap_fixed_32_16_5_3_0_config8_s' 
INFO: [HLS 200-10] ----------------------------------------------------------------
INFO: [SCHED 204-11] Starting scheduling ...
INFO: [SCHED 204-11] Finished scheduling.
INFO: [HLS 200-111]  Elapsed time: 0.14 seconds; current allocated memory: 484.056 MB.
INFO: [BIND 205-100] Starting micro-architecture generation ...
INFO: [BIND 205-101] Performing variable lifetime analysis.
INFO: [BIND 205-101] Exploring resource sharing.
INFO: [BIND 205-101] Binding ...
INFO: [BIND 205-100] Finished micro-architecture generation.
INFO: [HLS 200-111]  Elapsed time: 0.12 seconds; current allocated memory: 484.979 MB.
INFO: [HLS 200-10] ----------------------------------------------------------------
INFO: [HLS 200-42] -- Implementing module 'myproject' 
INFO: [HLS 200-10] ----------------------------------------------------------------
INFO: [SCHED 204-11] Starting scheduling ...
INFO: [SCHED 204-11] Finished scheduling.
INFO: [HLS 200-111]  Elapsed time: 0.15 seconds; current allocated memory: 485.385 MB.
INFO: [BIND 205-100] Starting micro-architecture generation ...
INFO: [BIND 205-101] Performing variable lifetime analysis.
INFO: [BIND 205-101] Exploring resource sharing.
INFO: [BIND 205-101] Binding ...
INFO: [BIND 205-100] Finished micro-architecture generation.
INFO: [HLS 200-111]  Elapsed time: 4.39 seconds; current allocated memory: 494.862 MB.
INFO: [HLS 200-10] ----------------------------------------------------------------
INFO: [HLS 200-10] -- Generating RTL for module 'dense_resource_ap_fixed_32_16_5_3_0_ap_fixed_32_16_5_3_0_config2_s' 
INFO: [HLS 200-10] ----------------------------------------------------------------
INFO: [RTGEN 206-104] Estimated max fanout for 'dense_resource_ap_fixed_32_16_5_3_0_ap_fixed_32_16_5_3_0_config2_s' is 57312 from HDL expression: (1'b1 == ap_CS_fsm_state1)
INFO: [RTGEN 206-100] Finished creating RTL model for 'dense_resource_ap_fixed_32_16_5_3_0_ap_fixed_32_16_5_3_0_config2_s'.
INFO: [HLS 200-111]  Elapsed time: 3.15 seconds; current allocated memory: 549.923 MB.
INFO: [HLS 200-10] ----------------------------------------------------------------
INFO: [HLS 200-10] -- Generating RTL for module 'relu_ap_fixed_32_16_5_3_0_ap_fixed_32_16_4_0_0_ReLU_config4_s' 
INFO: [HLS 200-10] ----------------------------------------------------------------
INFO: [RTGEN 206-100] Finished creating RTL model for 'relu_ap_fixed_32_16_5_3_0_ap_fixed_32_16_4_0_0_ReLU_config4_s'.
INFO: [HLS 200-111]  Elapsed time: 10.46 seconds; current allocated memory: 689.670 MB.
INFO: [HLS 200-10] ----------------------------------------------------------------
INFO: [HLS 200-10] -- Generating RTL for module 'dense_resource_ap_fixed_32_16_4_0_0_ap_fixed_32_16_5_3_0_config5_s' 
INFO: [HLS 200-10] ----------------------------------------------------------------
INFO: [RTGEN 206-104] Estimated max fanout for 'dense_resource_ap_fixed_32_16_4_0_0_ap_fixed_32_16_5_3_0_config5_s' is 15779 from HDL expression: (1'b1 == ap_CS_fsm_state1)
INFO: [RTGEN 206-100] Finished creating RTL model for 'dense_resource_ap_fixed_32_16_4_0_0_ap_fixed_32_16_5_3_0_config5_s'.
INFO: [HLS 200-111]  Elapsed time: 1.1 seconds; current allocated memory: 706.239 MB.
INFO: [HLS 200-10] ----------------------------------------------------------------
INFO: [HLS 200-10] -- Generating RTL for module 'relu_ap_fixed_32_16_5_3_0_ap_fixed_32_16_4_0_0_ReLU_config7_s' 
INFO: [HLS 200-10] ----------------------------------------------------------------
INFO: [RTGEN 206-100] Finished creating RTL model for 'relu_ap_fixed_32_16_5_3_0_ap_fixed_32_16_4_0_0_ReLU_config7_s'.
INFO: [HLS 200-111]  Elapsed time: 3.91 seconds; current allocated memory: 746.243 MB.
INFO: [HLS 200-10] ----------------------------------------------------------------
INFO: [HLS 200-10] -- Generating RTL for module 'dense_resource_ap_fixed_32_16_4_0_0_ap_fixed_32_16_5_3_0_config8_s' 
INFO: [HLS 200-10] ----------------------------------------------------------------
INFO: [RTGEN 206-100] Finished creating RTL model for 'dense_resource_ap_fixed_32_16_4_0_0_ap_fixed_32_16_5_3_0_config8_s'.
INFO: [HLS 200-111]  Elapsed time: 1.17 seconds; current allocated memory: 749.125 MB.
INFO: [HLS 200-10] ----------------------------------------------------------------
INFO: [HLS 200-10] -- Generating RTL for module 'myproject' 
INFO: [HLS 200-10] ----------------------------------------------------------------
INFO: [RTGEN 206-500] Setting interface mode on port 'myproject/inputs_V' to 'ap_vld'.
INFO: [RTGEN 206-500] Setting interface mode on port 'myproject/layer8_out_0_V' to 'ap_vld'.
INFO: [RTGEN 206-500] Setting interface mode on port 'myproject/layer8_out_1_V' to 'ap_vld'.
INFO: [RTGEN 206-500] Setting interface mode on port 'myproject/layer8_out_2_V' to 'ap_vld'.
INFO: [RTGEN 206-500] Setting interface mode on function 'myproject' to 'ap_ctrl_hs'.
INFO: [RTGEN 206-100] Finished creating RTL model for 'myproject'.
INFO: [HLS 200-111]  Elapsed time: 1.44 seconds; current allocated memory: 757.133 MB.
INFO: [HLS 200-789] **** Estimated Fmax: 61.35 MHz
INFO: [RTMG 210-285] Implementing FIFO 'layer2_out_0_V_U(fifo_w32_d2_A)' using Shift Registers.
INFO: [RTMG 210-285] Implementing FIFO 'layer2_out_1_V_U(fifo_w32_d2_A)' using Shift Registers.
INFO: [RTMG 210-285] Implementing FIFO 'layer2_out_2_V_U(fifo_w32_d2_A)' using Shift Registers.
INFO: [RTMG 210-285] Implementing FIFO 'layer2_out_3_V_U(fifo_w32_d2_A)' using Shift Registers.
INFO: [RTMG 210-285] Implementing FIFO 'layer2_out_4_V_U(fifo_w32_d2_A)' using Shift Registers.
INFO: [RTMG 210-285] Implementing FIFO 'layer2_out_5_V_U(fifo_w32_d2_A)' using Shift Registers.
INFO: [RTMG 210-285] Implementing FIFO 'layer2_out_6_V_U(fifo_w32_d2_A)' using Shift Registers.
INFO: [RTMG 210-285] Implementing FIFO 'layer2_out_7_V_U(fifo_w32_d2_A)' using Shift Registers.
INFO: [RTMG 210-285] Implementing FIFO 'layer2_out_8_V_U(fifo_w32_d2_A)' using Shift Registers.
INFO: [RTMG 210-285] Implementing FIFO 'layer2_out_9_V_U(fifo_w32_d2_A)' using Shift Registers.
INFO: [RTMG 210-285] Implementing FIFO 'layer2_out_10_V_U(fifo_w32_d2_A)' using Shift Registers.
INFO: [RTMG 210-285] Implementing FIFO 'layer2_out_11_V_U(fifo_w32_d2_A)' using Shift Registers.
INFO: [RTMG 210-285] Implementing FIFO 'layer2_out_12_V_U(fifo_w32_d2_A)' using Shift Registers.
INFO: [RTMG 210-285] Implementing FIFO 'layer2_out_13_V_U(fifo_w32_d2_A)' using Shift Registers.
INFO: [RTMG 210-285] Implementing FIFO 'layer2_out_14_V_U(fifo_w32_d2_A)' using Shift Registers.
INFO: [RTMG 210-285] Implementing FIFO 'layer2_out_15_V_U(fifo_w32_d2_A)' using Shift Registers.
INFO: [RTMG 210-285] Implementing FIFO 'layer2_out_16_V_U(fifo_w32_d2_A)' using Shift Registers.
INFO: [RTMG 210-285] Implementing FIFO 'layer2_out_17_V_U(fifo_w32_d2_A)' using Shift Registers.
INFO: [RTMG 210-285] Implementing FIFO 'layer2_out_18_V_U(fifo_w32_d2_A)' using Shift Registers.
INFO: [RTMG 210-285] Implementing FIFO 'layer2_out_19_V_U(fifo_w32_d2_A)' using Shift Registers.
INFO: [RTMG 210-285] Implementing FIFO 'layer2_out_20_V_U(fifo_w32_d2_A)' using Shift Registers.
INFO: [RTMG 210-285] Implementing FIFO 'layer2_out_21_V_U(fifo_w32_d2_A)' using Shift Registers.
INFO: [RTMG 210-285] Implementing FIFO 'layer2_out_22_V_U(fifo_w32_d2_A)' using Shift Registers.
INFO: [RTMG 210-285] Implementing FIFO 'layer2_out_23_V_U(fifo_w32_d2_A)' using Shift Registers.
INFO: [RTMG 210-285] Implementing FIFO 'layer2_out_24_V_U(fifo_w32_d2_A)' using Shift Registers.
INFO: [RTMG 210-285] Implementing FIFO 'layer2_out_25_V_U(fifo_w32_d2_A)' using Shift Registers.
INFO: [RTMG 210-285] Implementing FIFO 'layer2_out_26_V_U(fifo_w32_d2_A)' using Shift Registers.
INFO: [RTMG 210-285] Implementing FIFO 'layer2_out_27_V_U(fifo_w32_d2_A)' using Shift Registers.
INFO: [RTMG 210-285] Implementing FIFO 'layer2_out_28_V_U(fifo_w32_d2_A)' using Shift Registers.
INFO: [RTMG 210-285] Implementing FIFO 'layer2_out_29_V_U(fifo_w32_d2_A)' using Shift Registers.
INFO: [RTMG 210-285] Implementing FIFO 'layer2_out_30_V_U(fifo_w32_d2_A)' using Shift Registers.
INFO: [RTMG 210-285] Implementing FIFO 'layer2_out_31_V_U(fifo_w32_d2_A)' using Shift Registers.
INFO: [RTMG 210-285] Implementing FIFO 'layer4_out_0_V_U(fifo_w31_d2_A)' using Shift Registers.
INFO: [RTMG 210-285] Implementing FIFO 'layer4_out_1_V_U(fifo_w31_d2_A)' using Shift Registers.
INFO: [RTMG 210-285] Implementing FIFO 'layer4_out_2_V_U(fifo_w31_d2_A)' using Shift Registers.
INFO: [RTMG 210-285] Implementing FIFO 'layer4_out_3_V_U(fifo_w31_d2_A)' using Shift Registers.
INFO: [RTMG 210-285] Implementing FIFO 'layer4_out_4_V_U(fifo_w31_d2_A)' using Shift Registers.
INFO: [RTMG 210-285] Implementing FIFO 'layer4_out_5_V_U(fifo_w31_d2_A)' using Shift Registers.
INFO: [RTMG 210-285] Implementing FIFO 'layer4_out_6_V_U(fifo_w31_d2_A)' using Shift Registers.
INFO: [RTMG 210-285] Implementing FIFO 'layer4_out_7_V_U(fifo_w31_d2_A)' using Shift Registers.
INFO: [RTMG 210-285] Implementing FIFO 'layer4_out_8_V_U(fifo_w31_d2_A)' using Shift Registers.
INFO: [RTMG 210-285] Implementing FIFO 'layer4_out_9_V_U(fifo_w31_d2_A)' using Shift Registers.
INFO: [RTMG 210-285] Implementing FIFO 'layer4_out_10_V_U(fifo_w31_d2_A)' using Shift Registers.
INFO: [RTMG 210-285] Implementing FIFO 'layer4_out_11_V_U(fifo_w31_d2_A)' using Shift Registers.
INFO: [RTMG 210-285] Implementing FIFO 'layer4_out_12_V_U(fifo_w31_d2_A)' using Shift Registers.
INFO: [RTMG 210-285] Implementing FIFO 'layer4_out_13_V_U(fifo_w31_d2_A)' using Shift Registers.
INFO: [RTMG 210-285] Implementing FIFO 'layer4_out_14_V_U(fifo_w31_d2_A)' using Shift Registers.
INFO: [RTMG 210-285] Implementing FIFO 'layer4_out_15_V_U(fifo_w31_d2_A)' using Shift Registers.
INFO: [RTMG 210-285] Implementing FIFO 'layer4_out_16_V_U(fifo_w31_d2_A)' using Shift Registers.
INFO: [RTMG 210-285] Implementing FIFO 'layer4_out_17_V_U(fifo_w31_d2_A)' using Shift Registers.
INFO: [RTMG 210-285] Implementing FIFO 'layer4_out_18_V_U(fifo_w31_d2_A)' using Shift Registers.
INFO: [RTMG 210-285] Implementing FIFO 'layer4_out_19_V_U(fifo_w31_d2_A)' using Shift Registers.
INFO: [RTMG 210-285] Implementing FIFO 'layer4_out_20_V_U(fifo_w31_d2_A)' using Shift Registers.
INFO: [RTMG 210-285] Implementing FIFO 'layer4_out_21_V_U(fifo_w31_d2_A)' using Shift Registers.
INFO: [RTMG 210-285] Implementing FIFO 'layer4_out_22_V_U(fifo_w31_d2_A)' using Shift Registers.
