

================================================================
== Vitis HLS Report for 'dense_latency_ap_fixed_32_16_4_0_0_ap_fixed_32_16_5_3_0_config8_s'
================================================================
* Date:           Tue Sep 17 20:00:44 2024

* Version:        2023.1 (Build 3854077 on May  4 2023)
* Project:        myproject_prj
* Solution:       solution1 (Vivado IP Flow Target)
* Product family: virtexuplus
* Target device:  xcvu9p-flga2104-2-e


================================================================
== Performance Estimates
================================================================
+ Timing: 
    * Summary: 
    +--------+----------+----------+------------+
    |  Clock |  Target  | Estimated| Uncertainty|
    +--------+----------+----------+------------+
    |ap_clk  |  25.00 ns|  7.111 ns|     6.75 ns|
    +--------+----------+----------+------------+

+ Latency: 
    * Summary: 
    +---------+---------+----------+----------+-----+-----+---------+
    |  Latency (cycles) |  Latency (absolute) |  Interval | Pipeline|
    |   min   |   max   |    min   |    max   | min | max |   Type  |
    +---------+---------+----------+----------+-----+-----+---------+
    |        0|        0|      0 ns|      0 ns|    1|    1|      yes|
    +---------+---------+----------+----------+-----+-----+---------+

    + Detail: 
        * Instance: 
        N/A

        * Loop: 
        N/A

============================================================
+ Verbose Summary: Synthesis Manager
============================================================
InlineROM: 1
ExposeGlobal: 0
============================================================
+ Verbose Summary: CDFG Model
============================================================
IsTopModel: 0
ResetActiveHigh: 1
IsCombinational: 0
IsDatapathOnly: 0
HasWiredReturn: 1
HasMFsm: 2
HasVarLatency: 0
IsPipeline: 1
IsRtlPipelined: 0
IsInstanceOverlapped: 0
IsDontTouch: 0
HasImplIP: 0
IsGatedGlobalClock: 0

+ Individual pipeline summary: 
  * Pipeline-0: initiation interval (II) = 1, depth = 1


============================================================
+ Verbose Summary: Schedule
============================================================
* Number of FSM states : 1
* Pipeline : 1
  Pipeline-0 : II = 1, D = 1, States = { 1 }
* Dataflow Pipeline: 0

* FSM state transitions: 
1 --> 

* FSM state operations: 

State 1 <SV = 0> <Delay = 7.11>
ST_1 : Operation 2 [1/1] (0.00ns)   --->   "%specpipeline_ln33 = specpipeline void @_ssdm_op_SpecPipeline, i32 1, i32 0, i32 0, i32 0, void @empty_0" [firmware/nnet_utils/nnet_dense_latency.h:33]   --->   Operation 2 'specpipeline' 'specpipeline_ln33' <Predicate = true> <Delay = 0.00>
ST_1 : Operation 3 [1/1] (0.00ns)   --->   "%specresourcelimit_ln33 = specresourcelimit void @_ssdm_op_SpecResourceLimit, i64 48, void @empty_1, void @empty_0, void @empty_0, void @empty_0" [firmware/nnet_utils/nnet_dense_latency.h:33]   --->   Operation 3 'specresourcelimit' 'specresourcelimit_ln33' <Predicate = true> <Delay = 0.00>
ST_1 : Operation 4 [1/1] (0.00ns)   --->   "%data_15_val_read = read i32 @_ssdm_op_Read.ap_auto.i32, i32 %data_15_val" [firmware/nnet_utils/nnet_mult.h:70->firmware/nnet_utils/nnet_dense_latency.h:42]   --->   Operation 4 'read' 'data_15_val_read' <Predicate = true> <Delay = 0.00>
ST_1 : Operation 5 [1/1] (0.00ns)   --->   "%data_14_val_read = read i32 @_ssdm_op_Read.ap_auto.i32, i32 %data_14_val" [firmware/nnet_utils/nnet_mult.h:70->firmware/nnet_utils/nnet_dense_latency.h:42]   --->   Operation 5 'read' 'data_14_val_read' <Predicate = true> <Delay = 0.00>
ST_1 : Operation 6 [1/1] (0.00ns)   --->   "%data_13_val_read = read i32 @_ssdm_op_Read.ap_auto.i32, i32 %data_13_val" [firmware/nnet_utils/nnet_mult.h:70->firmware/nnet_utils/nnet_dense_latency.h:42]   --->   Operation 6 'read' 'data_13_val_read' <Predicate = true> <Delay = 0.00>
ST_1 : Operation 7 [1/1] (0.00ns)   --->   "%data_12_val_read = read i32 @_ssdm_op_Read.ap_auto.i32, i32 %data_12_val" [firmware/nnet_utils/nnet_mult.h:70->firmware/nnet_utils/nnet_dense_latency.h:42]   --->   Operation 7 'read' 'data_12_val_read' <Predicate = true> <Delay = 0.00>
ST_1 : Operation 8 [1/1] (0.00ns)   --->   "%data_11_val_read = read i32 @_ssdm_op_Read.ap_auto.i32, i32 %data_11_val" [firmware/nnet_utils/nnet_mult.h:70->firmware/nnet_utils/nnet_dense_latency.h:42]   --->   Operation 8 'read' 'data_11_val_read' <Predicate = true> <Delay = 0.00>
ST_1 : Operation 9 [1/1] (0.00ns)   --->   "%data_10_val_read = read i32 @_ssdm_op_Read.ap_auto.i32, i32 %data_10_val" [firmware/nnet_utils/nnet_mult.h:70->firmware/nnet_utils/nnet_dense_latency.h:42]   --->   Operation 9 'read' 'data_10_val_read' <Predicate = true> <Delay = 0.00>
ST_1 : Operation 10 [1/1] (0.00ns)   --->   "%data_9_val_read = read i32 @_ssdm_op_Read.ap_auto.i32, i32 %data_9_val" [firmware/nnet_utils/nnet_mult.h:70->firmware/nnet_utils/nnet_dense_latency.h:42]   --->   Operation 10 'read' 'data_9_val_read' <Predicate = true> <Delay = 0.00>
ST_1 : Operation 11 [1/1] (0.00ns)   --->   "%data_8_val_read = read i32 @_ssdm_op_Read.ap_auto.i32, i32 %data_8_val" [firmware/nnet_utils/nnet_mult.h:70->firmware/nnet_utils/nnet_dense_latency.h:42]   --->   Operation 11 'read' 'data_8_val_read' <Predicate = true> <Delay = 0.00>
ST_1 : Operation 12 [1/1] (0.00ns)   --->   "%data_7_val_read = read i32 @_ssdm_op_Read.ap_auto.i32, i32 %data_7_val" [firmware/nnet_utils/nnet_mult.h:70->firmware/nnet_utils/nnet_dense_latency.h:42]   --->   Operation 12 'read' 'data_7_val_read' <Predicate = true> <Delay = 0.00>
ST_1 : Operation 13 [1/1] (0.00ns)   --->   "%data_6_val_read = read i32 @_ssdm_op_Read.ap_auto.i32, i32 %data_6_val" [firmware/nnet_utils/nnet_mult.h:70->firmware/nnet_utils/nnet_dense_latency.h:42]   --->   Operation 13 'read' 'data_6_val_read' <Predicate = true> <Delay = 0.00>
ST_1 : Operation 14 [1/1] (0.00ns)   --->   "%data_5_val_read = read i32 @_ssdm_op_Read.ap_auto.i32, i32 %data_5_val" [firmware/nnet_utils/nnet_mult.h:70->firmware/nnet_utils/nnet_dense_latency.h:42]   --->   Operation 14 'read' 'data_5_val_read' <Predicate = true> <Delay = 0.00>
ST_1 : Operation 15 [1/1] (0.00ns)   --->   "%data_4_val_read = read i32 @_ssdm_op_Read.ap_auto.i32, i32 %data_4_val" [firmware/nnet_utils/nnet_mult.h:70->firmware/nnet_utils/nnet_dense_latency.h:42]   --->   Operation 15 'read' 'data_4_val_read' <Predicate = true> <Delay = 0.00>
ST_1 : Operation 16 [1/1] (0.00ns)   --->   "%data_3_val_read = read i32 @_ssdm_op_Read.ap_auto.i32, i32 %data_3_val" [firmware/nnet_utils/nnet_mult.h:70->firmware/nnet_utils/nnet_dense_latency.h:42]   --->   Operation 16 'read' 'data_3_val_read' <Predicate = true> <Delay = 0.00>
ST_1 : Operation 17 [1/1] (0.00ns)   --->   "%data_2_val_read = read i32 @_ssdm_op_Read.ap_auto.i32, i32 %data_2_val" [firmware/nnet_utils/nnet_mult.h:70->firmware/nnet_utils/nnet_dense_latency.h:42]   --->   Operation 17 'read' 'data_2_val_read' <Predicate = true> <Delay = 0.00>
ST_1 : Operation 18 [1/1] (0.00ns)   --->   "%data_1_val_read = read i32 @_ssdm_op_Read.ap_auto.i32, i32 %data_1_val" [firmware/nnet_utils/nnet_mult.h:70->firmware/nnet_utils/nnet_dense_latency.h:42]   --->   Operation 18 'read' 'data_1_val_read' <Predicate = true> <Delay = 0.00>
ST_1 : Operation 19 [1/1] (0.00ns)   --->   "%data_0_val_read = read i32 @_ssdm_op_Read.ap_auto.i32, i32 %data_0_val" [firmware/nnet_utils/nnet_mult.h:70->firmware/nnet_utils/nnet_dense_latency.h:42]   --->   Operation 19 'read' 'data_0_val_read' <Predicate = true> <Delay = 0.00>
ST_1 : Operation 20 [1/1] (0.00ns)   --->   "%sext_ln70 = sext i32 %data_0_val_read" [firmware/nnet_utils/nnet_mult.h:70->firmware/nnet_utils/nnet_dense_latency.h:42]   --->   Operation 20 'sext' 'sext_ln70' <Predicate = true> <Delay = 0.00>
ST_1 : Operation 21 [1/1] (0.00ns)   --->   "%sext_ln70_375 = sext i32 %data_0_val_read" [firmware/nnet_utils/nnet_mult.h:70->firmware/nnet_utils/nnet_dense_latency.h:42]   --->   Operation 21 'sext' 'sext_ln70_375' <Predicate = true> <Delay = 0.00>
ST_1 : [1/1] (0.55ns)   --->   Input mux for Operation 22 '%mul_ln73 = mul i47 %sext_ln70_375, i47 140737488344870'
ST_1 : Operation 22 [1/1] (2.61ns)   --->   "%mul_ln73 = mul i47 %sext_ln70_375, i47 140737488344870" [firmware/nnet_utils/nnet_mult.h:73->firmware/nnet_utils/nnet_dense_latency.h:42]   --->   Operation 22 'mul' 'mul_ln73' <Predicate = true> <Delay = 2.61> <CoreInst = "Multiplier">   --->   Core 3 'Multiplier' <Latency = 0> <II = 1> <Delay = 3.17> <FuncUnit> <Opcode : 'mul'> <InPorts = 2> <OutPorts = 1>
ST_1 : Operation 23 [1/1] (0.00ns)   --->   "%trunc_ln = partselect i31 @_ssdm_op_PartSelect.i31.i47.i32.i32, i47 %mul_ln73, i32 16, i32 46" [firmware/nnet_utils/nnet_dense_latency.h:42]   --->   Operation 23 'partselect' 'trunc_ln' <Predicate = true> <Delay = 0.00>
ST_1 : Operation 24 [1/1] (0.00ns)   --->   "%sext_ln42 = sext i31 %trunc_ln" [firmware/nnet_utils/nnet_dense_latency.h:42]   --->   Operation 24 'sext' 'sext_ln42' <Predicate = true> <Delay = 0.00>
ST_1 : [1/1] (0.61ns)   --->   Input mux for Operation 25 '%mul_ln73_1707 = mul i48 %sext_ln70, i48 281474976691343'
ST_1 : Operation 25 [1/1] (2.55ns)   --->   "%mul_ln73_1707 = mul i48 %sext_ln70, i48 281474976691343" [firmware/nnet_utils/nnet_mult.h:73->firmware/nnet_utils/nnet_dense_latency.h:42]   --->   Operation 25 'mul' 'mul_ln73_1707' <Predicate = true> <Delay = 2.55> <CoreInst = "Multiplier">   --->   Core 3 'Multiplier' <Latency = 0> <II = 1> <Delay = 3.17> <FuncUnit> <Opcode : 'mul'> <InPorts = 2> <OutPorts = 1>
ST_1 : Operation 26 [1/1] (0.00ns)   --->   "%trunc_ln42_1 = partselect i32 @_ssdm_op_PartSelect.i32.i48.i32.i32, i48 %mul_ln73_1707, i32 16, i32 47" [firmware/nnet_utils/nnet_dense_latency.h:42]   --->   Operation 26 'partselect' 'trunc_ln42_1' <Predicate = true> <Delay = 0.00>
ST_1 : [1/1] (0.55ns)   --->   Input mux for Operation 27 '%mul_ln73_1708 = mul i47 %sext_ln70_375, i47 140737488345812'
ST_1 : Operation 27 [1/1] (2.61ns)   --->   "%mul_ln73_1708 = mul i47 %sext_ln70_375, i47 140737488345812" [firmware/nnet_utils/nnet_mult.h:73->firmware/nnet_utils/nnet_dense_latency.h:42]   --->   Operation 27 'mul' 'mul_ln73_1708' <Predicate = true> <Delay = 2.61> <CoreInst = "Multiplier">   --->   Core 3 'Multiplier' <Latency = 0> <II = 1> <Delay = 3.17> <FuncUnit> <Opcode : 'mul'> <InPorts = 2> <OutPorts = 1>
ST_1 : Operation 28 [1/1] (0.00ns)   --->   "%trunc_ln42_s = partselect i31 @_ssdm_op_PartSelect.i31.i47.i32.i32, i47 %mul_ln73_1708, i32 16, i32 46" [firmware/nnet_utils/nnet_dense_latency.h:42]   --->   Operation 28 'partselect' 'trunc_ln42_s' <Predicate = true> <Delay = 0.00>
ST_1 : Operation 29 [1/1] (0.00ns)   --->   "%sext_ln42_834 = sext i31 %trunc_ln42_s" [firmware/nnet_utils/nnet_dense_latency.h:42]   --->   Operation 29 'sext' 'sext_ln42_834' <Predicate = true> <Delay = 0.00>
ST_1 : Operation 30 [1/1] (0.00ns)   --->   "%sext_ln70_376 = sext i32 %data_1_val_read" [firmware/nnet_utils/nnet_mult.h:70->firmware/nnet_utils/nnet_dense_latency.h:42]   --->   Operation 30 'sext' 'sext_ln70_376' <Predicate = true> <Delay = 0.00>
ST_1 : Operation 31 [1/1] (0.00ns)   --->   "%sext_ln70_377 = sext i32 %data_1_val_read" [firmware/nnet_utils/nnet_mult.h:70->firmware/nnet_utils/nnet_dense_latency.h:42]   --->   Operation 31 'sext' 'sext_ln70_377' <Predicate = true> <Delay = 0.00>
ST_1 : Operation 32 [1/1] (0.00ns)   --->   "%sext_ln70_378 = sext i32 %data_1_val_read" [firmware/nnet_utils/nnet_mult.h:70->firmware/nnet_utils/nnet_dense_latency.h:42]   --->   Operation 32 'sext' 'sext_ln70_378' <Predicate = true> <Delay = 0.00>
ST_1 : [1/1] (0.45ns)   --->   Input mux for Operation 33 '%mul_ln73_1709 = mul i44 %sext_ln70_378, i44 17592186043006'
ST_1 : Operation 33 [1/1] (2.71ns)   --->   "%mul_ln73_1709 = mul i44 %sext_ln70_378, i44 17592186043006" [firmware/nnet_utils/nnet_mult.h:73->firmware/nnet_utils/nnet_dense_latency.h:42]   --->   Operation 33 'mul' 'mul_ln73_1709' <Predicate = true> <Delay = 2.71> <CoreInst = "Multiplier">   --->   Core 3 'Multiplier' <Latency = 0> <II = 1> <Delay = 3.17> <FuncUnit> <Opcode : 'mul'> <InPorts = 2> <OutPorts = 1>
ST_1 : Operation 34 [1/1] (0.00ns)   --->   "%trunc_ln42_2 = partselect i28 @_ssdm_op_PartSelect.i28.i44.i32.i32, i44 %mul_ln73_1709, i32 16, i32 43" [firmware/nnet_utils/nnet_dense_latency.h:42]   --->   Operation 34 'partselect' 'trunc_ln42_2' <Predicate = true> <Delay = 0.00>
ST_1 : Operation 35 [1/1] (0.00ns)   --->   "%sext_ln42_835 = sext i28 %trunc_ln42_2" [firmware/nnet_utils/nnet_dense_latency.h:42]   --->   Operation 35 'sext' 'sext_ln42_835' <Predicate = true> <Delay = 0.00>
ST_1 : [1/1] (0.45ns)   --->   Input mux for Operation 36 '%mul_ln73_1710 = mul i47 %sext_ln70_377, i47 9193'
ST_1 : Operation 36 [1/1] (2.71ns)   --->   "%mul_ln73_1710 = mul i47 %sext_ln70_377, i47 9193" [firmware/nnet_utils/nnet_mult.h:73->firmware/nnet_utils/nnet_dense_latency.h:42]   --->   Operation 36 'mul' 'mul_ln73_1710' <Predicate = true> <Delay = 2.71> <CoreInst = "Multiplier">   --->   Core 3 'Multiplier' <Latency = 0> <II = 1> <Delay = 3.17> <FuncUnit> <Opcode : 'mul'> <InPorts = 2> <OutPorts = 1>
ST_1 : Operation 37 [1/1] (0.00ns)   --->   "%trunc_ln42_3 = partselect i31 @_ssdm_op_PartSelect.i31.i47.i32.i32, i47 %mul_ln73_1710, i32 16, i32 46" [firmware/nnet_utils/nnet_dense_latency.h:42]   --->   Operation 37 'partselect' 'trunc_ln42_3' <Predicate = true> <Delay = 0.00>
ST_1 : Operation 38 [1/1] (0.00ns)   --->   "%sext_ln42_836 = sext i31 %trunc_ln42_3" [firmware/nnet_utils/nnet_dense_latency.h:42]   --->   Operation 38 'sext' 'sext_ln42_836' <Predicate = true> <Delay = 0.00>
ST_1 : [1/1] (0.61ns)   --->   Input mux for Operation 39 '%mul_ln73_1711 = mul i48 %sext_ln70_376, i48 281474976683817'
ST_1 : Operation 39 [1/1] (2.55ns)   --->   "%mul_ln73_1711 = mul i48 %sext_ln70_376, i48 281474976683817" [firmware/nnet_utils/nnet_mult.h:73->firmware/nnet_utils/nnet_dense_latency.h:42]   --->   Operation 39 'mul' 'mul_ln73_1711' <Predicate = true> <Delay = 2.55> <CoreInst = "Multiplier">   --->   Core 3 'Multiplier' <Latency = 0> <II = 1> <Delay = 3.17> <FuncUnit> <Opcode : 'mul'> <InPorts = 2> <OutPorts = 1>
ST_1 : Operation 40 [1/1] (0.00ns)   --->   "%trunc_ln42_5 = partselect i32 @_ssdm_op_PartSelect.i32.i48.i32.i32, i48 %mul_ln73_1711, i32 16, i32 47" [firmware/nnet_utils/nnet_dense_latency.h:42]   --->   Operation 40 'partselect' 'trunc_ln42_5' <Predicate = true> <Delay = 0.00>
ST_1 : Operation 41 [1/1] (0.00ns)   --->   "%sext_ln70_379 = sext i32 %data_2_val_read" [firmware/nnet_utils/nnet_mult.h:70->firmware/nnet_utils/nnet_dense_latency.h:42]   --->   Operation 41 'sext' 'sext_ln70_379' <Predicate = true> <Delay = 0.00>
ST_1 : Operation 42 [1/1] (0.00ns)   --->   "%sext_ln70_380 = sext i32 %data_2_val_read" [firmware/nnet_utils/nnet_mult.h:70->firmware/nnet_utils/nnet_dense_latency.h:42]   --->   Operation 42 'sext' 'sext_ln70_380' <Predicate = true> <Delay = 0.00>
ST_1 : [1/1] (0.38ns)   --->   Input mux for Operation 43 '%mul_ln73_1712 = mul i45 %sext_ln70_380, i45 2514'
ST_1 : Operation 43 [1/1] (2.78ns)   --->   "%mul_ln73_1712 = mul i45 %sext_ln70_380, i45 2514" [firmware/nnet_utils/nnet_mult.h:73->firmware/nnet_utils/nnet_dense_latency.h:42]   --->   Operation 43 'mul' 'mul_ln73_1712' <Predicate = true> <Delay = 2.78> <CoreInst = "Multiplier">   --->   Core 3 'Multiplier' <Latency = 0> <II = 1> <Delay = 3.17> <FuncUnit> <Opcode : 'mul'> <InPorts = 2> <OutPorts = 1>
ST_1 : Operation 44 [1/1] (0.00ns)   --->   "%trunc_ln42_4 = partselect i29 @_ssdm_op_PartSelect.i29.i45.i32.i32, i45 %mul_ln73_1712, i32 16, i32 44" [firmware/nnet_utils/nnet_dense_latency.h:42]   --->   Operation 44 'partselect' 'trunc_ln42_4' <Predicate = true> <Delay = 0.00>
ST_1 : Operation 45 [1/1] (0.00ns)   --->   "%sext_ln42_837 = sext i29 %trunc_ln42_4" [firmware/nnet_utils/nnet_dense_latency.h:42]   --->   Operation 45 'sext' 'sext_ln42_837' <Predicate = true> <Delay = 0.00>
ST_1 : [1/1] (0.61ns)   --->   Input mux for Operation 46 '%mul_ln73_1713 = mul i48 %sext_ln70_379, i48 21386'
ST_1 : Operation 46 [1/1] (2.55ns)   --->   "%mul_ln73_1713 = mul i48 %sext_ln70_379, i48 21386" [firmware/nnet_utils/nnet_mult.h:73->firmware/nnet_utils/nnet_dense_latency.h:42]   --->   Operation 46 'mul' 'mul_ln73_1713' <Predicate = true> <Delay = 2.55> <CoreInst = "Multiplier">   --->   Core 3 'Multiplier' <Latency = 0> <II = 1> <Delay = 3.17> <FuncUnit> <Opcode : 'mul'> <InPorts = 2> <OutPorts = 1>
ST_1 : Operation 47 [1/1] (0.00ns)   --->   "%trunc_ln42_7 = partselect i32 @_ssdm_op_PartSelect.i32.i48.i32.i32, i48 %mul_ln73_1713, i32 16, i32 47" [firmware/nnet_utils/nnet_dense_latency.h:42]   --->   Operation 47 'partselect' 'trunc_ln42_7' <Predicate = true> <Delay = 0.00>
ST_1 : [1/1] (0.38ns)   --->   Input mux for Operation 48 '%mul_ln73_1714 = mul i45 %sext_ln70_380, i45 35184372086127'
ST_1 : Operation 48 [1/1] (2.78ns)   --->   "%mul_ln73_1714 = mul i45 %sext_ln70_380, i45 35184372086127" [firmware/nnet_utils/nnet_mult.h:73->firmware/nnet_utils/nnet_dense_latency.h:42]   --->   Operation 48 'mul' 'mul_ln73_1714' <Predicate = true> <Delay = 2.78> <CoreInst = "Multiplier">   --->   Core 3 'Multiplier' <Latency = 0> <II = 1> <Delay = 3.17> <FuncUnit> <Opcode : 'mul'> <InPorts = 2> <OutPorts = 1>
ST_1 : Operation 49 [1/1] (0.00ns)   --->   "%trunc_ln42_6 = partselect i29 @_ssdm_op_PartSelect.i29.i45.i32.i32, i45 %mul_ln73_1714, i32 16, i32 44" [firmware/nnet_utils/nnet_dense_latency.h:42]   --->   Operation 49 'partselect' 'trunc_ln42_6' <Predicate = true> <Delay = 0.00>
ST_1 : Operation 50 [1/1] (0.00ns)   --->   "%sext_ln42_838 = sext i29 %trunc_ln42_6" [firmware/nnet_utils/nnet_dense_latency.h:42]   --->   Operation 50 'sext' 'sext_ln42_838' <Predicate = true> <Delay = 0.00>
ST_1 : Operation 51 [1/1] (0.00ns)   --->   "%sext_ln70_381 = sext i32 %data_3_val_read" [firmware/nnet_utils/nnet_mult.h:70->firmware/nnet_utils/nnet_dense_latency.h:42]   --->   Operation 51 'sext' 'sext_ln70_381' <Predicate = true> <Delay = 0.00>
ST_1 : [1/1] (0.61ns)   --->   Input mux for Operation 52 '%mul_ln73_1715 = mul i48 %sext_ln70_381, i48 281474976689496'
ST_1 : Operation 52 [1/1] (2.55ns)   --->   "%mul_ln73_1715 = mul i48 %sext_ln70_381, i48 281474976689496" [firmware/nnet_utils/nnet_mult.h:73->firmware/nnet_utils/nnet_dense_latency.h:42]   --->   Operation 52 'mul' 'mul_ln73_1715' <Predicate = true> <Delay = 2.55> <CoreInst = "Multiplier">   --->   Core 3 'Multiplier' <Latency = 0> <II = 1> <Delay = 3.17> <FuncUnit> <Opcode : 'mul'> <InPorts = 2> <OutPorts = 1>
ST_1 : Operation 53 [1/1] (0.00ns)   --->   "%trunc_ln42_9 = partselect i32 @_ssdm_op_PartSelect.i32.i48.i32.i32, i48 %mul_ln73_1715, i32 16, i32 47" [firmware/nnet_utils/nnet_dense_latency.h:42]   --->   Operation 53 'partselect' 'trunc_ln42_9' <Predicate = true> <Delay = 0.00>
ST_1 : [1/1] (0.61ns)   --->   Input mux for Operation 54 '%mul_ln73_1716 = mul i48 %sext_ln70_381, i48 27693'
ST_1 : Operation 54 [1/1] (2.55ns)   --->   "%mul_ln73_1716 = mul i48 %sext_ln70_381, i48 27693" [firmware/nnet_utils/nnet_mult.h:73->firmware/nnet_utils/nnet_dense_latency.h:42]   --->   Operation 54 'mul' 'mul_ln73_1716' <Predicate = true> <Delay = 2.55> <CoreInst = "Multiplier">   --->   Core 3 'Multiplier' <Latency = 0> <II = 1> <Delay = 3.17> <FuncUnit> <Opcode : 'mul'> <InPorts = 2> <OutPorts = 1>
ST_1 : Operation 55 [1/1] (0.00ns)   --->   "%trunc_ln42_8 = partselect i32 @_ssdm_op_PartSelect.i32.i48.i32.i32, i48 %mul_ln73_1716, i32 16, i32 47" [firmware/nnet_utils/nnet_dense_latency.h:42]   --->   Operation 55 'partselect' 'trunc_ln42_8' <Predicate = true> <Delay = 0.00>
ST_1 : [1/1] (0.61ns)   --->   Input mux for Operation 56 '%mul_ln73_1717 = mul i48 %sext_ln70_381, i48 23189'
ST_1 : Operation 56 [1/1] (2.55ns)   --->   "%mul_ln73_1717 = mul i48 %sext_ln70_381, i48 23189" [firmware/nnet_utils/nnet_mult.h:73->firmware/nnet_utils/nnet_dense_latency.h:42]   --->   Operation 56 'mul' 'mul_ln73_1717' <Predicate = true> <Delay = 2.55> <CoreInst = "Multiplier">   --->   Core 3 'Multiplier' <Latency = 0> <II = 1> <Delay = 3.17> <FuncUnit> <Opcode : 'mul'> <InPorts = 2> <OutPorts = 1>
ST_1 : Operation 57 [1/1] (0.00ns)   --->   "%trunc_ln42_10 = partselect i32 @_ssdm_op_PartSelect.i32.i48.i32.i32, i48 %mul_ln73_1717, i32 16, i32 47" [firmware/nnet_utils/nnet_dense_latency.h:42]   --->   Operation 57 'partselect' 'trunc_ln42_10' <Predicate = true> <Delay = 0.00>
ST_1 : Operation 58 [1/1] (0.00ns)   --->   "%sext_ln42_839 = sext i32 %data_4_val_read" [firmware/nnet_utils/nnet_dense_latency.h:42]   --->   Operation 58 'sext' 'sext_ln42_839' <Predicate = true> <Delay = 0.00>
ST_1 : [1/1] (0.61ns)   --->   Input mux for Operation 59 '%mul_ln73_1718 = mul i48 %sext_ln42_839, i48 17626'
ST_1 : Operation 59 [1/1] (2.55ns)   --->   "%mul_ln73_1718 = mul i48 %sext_ln42_839, i48 17626" [firmware/nnet_utils/nnet_mult.h:73->firmware/nnet_utils/nnet_dense_latency.h:42]   --->   Operation 59 'mul' 'mul_ln73_1718' <Predicate = true> <Delay = 2.55> <CoreInst = "Multiplier">   --->   Core 3 'Multiplier' <Latency = 0> <II = 1> <Delay = 3.17> <FuncUnit> <Opcode : 'mul'> <InPorts = 2> <OutPorts = 1>
ST_1 : Operation 60 [1/1] (0.00ns)   --->   "%trunc_ln42_11 = partselect i32 @_ssdm_op_PartSelect.i32.i48.i32.i32, i48 %mul_ln73_1718, i32 16, i32 47" [firmware/nnet_utils/nnet_dense_latency.h:42]   --->   Operation 60 'partselect' 'trunc_ln42_11' <Predicate = true> <Delay = 0.00>
ST_1 : [1/1] (0.61ns)   --->   Input mux for Operation 61 '%mul_ln42 = mul i48 %sext_ln42_839, i48 281474976673158'
ST_1 : Operation 61 [1/1] (2.55ns)   --->   "%mul_ln42 = mul i48 %sext_ln42_839, i48 281474976673158" [firmware/nnet_utils/nnet_dense_latency.h:42]   --->   Operation 61 'mul' 'mul_ln42' <Predicate = true> <Delay = 2.55> <CoreInst = "Multiplier">   --->   Core 3 'Multiplier' <Latency = 0> <II = 1> <Delay = 3.17> <FuncUnit> <Opcode : 'mul'> <InPorts = 2> <OutPorts = 1>
ST_1 : Operation 62 [1/1] (0.00ns)   --->   "%trunc_ln42_12 = partselect i32 @_ssdm_op_PartSelect.i32.i48.i32.i32, i48 %mul_ln42, i32 16, i32 47" [firmware/nnet_utils/nnet_dense_latency.h:42]   --->   Operation 62 'partselect' 'trunc_ln42_12' <Predicate = true> <Delay = 0.00>
ST_1 : [1/1] (0.61ns)   --->   Input mux for Operation 63 '%mul_ln73_1719 = mul i48 %sext_ln42_839, i48 281474976678471'
ST_1 : Operation 63 [1/1] (2.55ns)   --->   "%mul_ln73_1719 = mul i48 %sext_ln42_839, i48 281474976678471" [firmware/nnet_utils/nnet_mult.h:73->firmware/nnet_utils/nnet_dense_latency.h:42]   --->   Operation 63 'mul' 'mul_ln73_1719' <Predicate = true> <Delay = 2.55> <CoreInst = "Multiplier">   --->   Core 3 'Multiplier' <Latency = 0> <II = 1> <Delay = 3.17> <FuncUnit> <Opcode : 'mul'> <InPorts = 2> <OutPorts = 1>
ST_1 : Operation 64 [1/1] (0.00ns)   --->   "%trunc_ln42_13 = partselect i32 @_ssdm_op_PartSelect.i32.i48.i32.i32, i48 %mul_ln73_1719, i32 16, i32 47" [firmware/nnet_utils/nnet_dense_latency.h:42]   --->   Operation 64 'partselect' 'trunc_ln42_13' <Predicate = true> <Delay = 0.00>
ST_1 : Operation 65 [1/1] (0.00ns)   --->   "%sext_ln70_382 = sext i32 %data_5_val_read" [firmware/nnet_utils/nnet_mult.h:70->firmware/nnet_utils/nnet_dense_latency.h:42]   --->   Operation 65 'sext' 'sext_ln70_382' <Predicate = true> <Delay = 0.00>
ST_1 : Operation 66 [1/1] (0.00ns)   --->   "%sext_ln70_383 = sext i32 %data_5_val_read" [firmware/nnet_utils/nnet_mult.h:70->firmware/nnet_utils/nnet_dense_latency.h:42]   --->   Operation 66 'sext' 'sext_ln70_383' <Predicate = true> <Delay = 0.00>
ST_1 : [1/1] (0.61ns)   --->   Input mux for Operation 67 '%mul_ln73_1720 = mul i48 %sext_ln70_383, i48 281474976691729'
ST_1 : Operation 67 [1/1] (2.55ns)   --->   "%mul_ln73_1720 = mul i48 %sext_ln70_383, i48 281474976691729" [firmware/nnet_utils/nnet_mult.h:73->firmware/nnet_utils/nnet_dense_latency.h:42]   --->   Operation 67 'mul' 'mul_ln73_1720' <Predicate = true> <Delay = 2.55> <CoreInst = "Multiplier">   --->   Core 3 'Multiplier' <Latency = 0> <II = 1> <Delay = 3.17> <FuncUnit> <Opcode : 'mul'> <InPorts = 2> <OutPorts = 1>
ST_1 : Operation 68 [1/1] (0.00ns)   --->   "%trunc_ln42_14 = partselect i32 @_ssdm_op_PartSelect.i32.i48.i32.i32, i48 %mul_ln73_1720, i32 16, i32 47" [firmware/nnet_utils/nnet_dense_latency.h:42]   --->   Operation 68 'partselect' 'trunc_ln42_14' <Predicate = true> <Delay = 0.00>
ST_1 : [1/1] (0.45ns)   --->   Input mux for Operation 69 '%mul_ln73_1721 = mul i44 %sext_ln70_382, i44 17592186042626'
ST_1 : Operation 69 [1/1] (2.71ns)   --->   "%mul_ln73_1721 = mul i44 %sext_ln70_382, i44 17592186042626" [firmware/nnet_utils/nnet_mult.h:73->firmware/nnet_utils/nnet_dense_latency.h:42]   --->   Operation 69 'mul' 'mul_ln73_1721' <Predicate = true> <Delay = 2.71> <CoreInst = "Multiplier">   --->   Core 3 'Multiplier' <Latency = 0> <II = 1> <Delay = 3.17> <FuncUnit> <Opcode : 'mul'> <InPorts = 2> <OutPorts = 1>
ST_1 : Operation 70 [1/1] (0.00ns)   --->   "%trunc_ln42_15 = partselect i28 @_ssdm_op_PartSelect.i28.i44.i32.i32, i44 %mul_ln73_1721, i32 16, i32 43" [firmware/nnet_utils/nnet_dense_latency.h:42]   --->   Operation 70 'partselect' 'trunc_ln42_15' <Predicate = true> <Delay = 0.00>
ST_1 : Operation 71 [1/1] (0.00ns)   --->   "%sext_ln42_840 = sext i28 %trunc_ln42_15" [firmware/nnet_utils/nnet_dense_latency.h:42]   --->   Operation 71 'sext' 'sext_ln42_840' <Predicate = true> <Delay = 0.00>
ST_1 : [1/1] (0.45ns)   --->   Input mux for Operation 72 '%mul_ln73_1722 = mul i44 %sext_ln70_382, i44 17592186042602'
ST_1 : Operation 72 [1/1] (2.71ns)   --->   "%mul_ln73_1722 = mul i44 %sext_ln70_382, i44 17592186042602" [firmware/nnet_utils/nnet_mult.h:73->firmware/nnet_utils/nnet_dense_latency.h:42]   --->   Operation 72 'mul' 'mul_ln73_1722' <Predicate = true> <Delay = 2.71> <CoreInst = "Multiplier">   --->   Core 3 'Multiplier' <Latency = 0> <II = 1> <Delay = 3.17> <FuncUnit> <Opcode : 'mul'> <InPorts = 2> <OutPorts = 1>
ST_1 : Operation 73 [1/1] (0.00ns)   --->   "%trunc_ln42_16 = partselect i28 @_ssdm_op_PartSelect.i28.i44.i32.i32, i44 %mul_ln73_1722, i32 16, i32 43" [firmware/nnet_utils/nnet_dense_latency.h:42]   --->   Operation 73 'partselect' 'trunc_ln42_16' <Predicate = true> <Delay = 0.00>
ST_1 : Operation 74 [1/1] (0.00ns)   --->   "%sext_ln42_841 = sext i28 %trunc_ln42_16" [firmware/nnet_utils/nnet_dense_latency.h:42]   --->   Operation 74 'sext' 'sext_ln42_841' <Predicate = true> <Delay = 0.00>
ST_1 : Operation 75 [1/1] (0.00ns)   --->   "%sext_ln70_384 = sext i32 %data_6_val_read" [firmware/nnet_utils/nnet_mult.h:70->firmware/nnet_utils/nnet_dense_latency.h:42]   --->   Operation 75 'sext' 'sext_ln70_384' <Predicate = true> <Delay = 0.00>
ST_1 : Operation 76 [1/1] (0.00ns)   --->   "%sext_ln70_385 = sext i32 %data_6_val_read" [firmware/nnet_utils/nnet_mult.h:70->firmware/nnet_utils/nnet_dense_latency.h:42]   --->   Operation 76 'sext' 'sext_ln70_385' <Predicate = true> <Delay = 0.00>
ST_1 : [1/1] (0.51ns)   --->   Input mux for Operation 77 '%mul_ln73_1723 = mul i46 %sext_ln70_385, i46 4906'
ST_1 : Operation 77 [1/1] (2.65ns)   --->   "%mul_ln73_1723 = mul i46 %sext_ln70_385, i46 4906" [firmware/nnet_utils/nnet_mult.h:73->firmware/nnet_utils/nnet_dense_latency.h:42]   --->   Operation 77 'mul' 'mul_ln73_1723' <Predicate = true> <Delay = 2.65> <CoreInst = "Multiplier">   --->   Core 3 'Multiplier' <Latency = 0> <II = 1> <Delay = 3.17> <FuncUnit> <Opcode : 'mul'> <InPorts = 2> <OutPorts = 1>
ST_1 : Operation 78 [1/1] (0.00ns)   --->   "%trunc_ln42_17 = partselect i30 @_ssdm_op_PartSelect.i30.i46.i32.i32, i46 %mul_ln73_1723, i32 16, i32 45" [firmware/nnet_utils/nnet_dense_latency.h:42]   --->   Operation 78 'partselect' 'trunc_ln42_17' <Predicate = true> <Delay = 0.00>
ST_1 : Operation 79 [1/1] (0.00ns)   --->   "%sext_ln73_52 = sext i30 %trunc_ln42_17" [firmware/nnet_utils/nnet_mult.h:73->firmware/nnet_utils/nnet_dense_latency.h:42]   --->   Operation 79 'sext' 'sext_ln73_52' <Predicate = true> <Delay = 0.00>
ST_1 : Operation 80 [1/1] (3.17ns)   --->   "%mul_ln73_1724 = mul i46 %sext_ln70_385, i46 70368744173030" [firmware/nnet_utils/nnet_mult.h:73->firmware/nnet_utils/nnet_dense_latency.h:42]   --->   Operation 80 'mul' 'mul_ln73_1724' <Predicate = true> <Delay = 3.17> <CoreInst = "Multiplier">   --->   Core 3 'Multiplier' <Latency = 0> <II = 1> <Delay = 3.17> <FuncUnit> <Opcode : 'mul'> <InPorts = 2> <OutPorts = 1>
ST_1 : Operation 81 [1/1] (0.00ns)   --->   "%trunc_ln42_18 = partselect i30 @_ssdm_op_PartSelect.i30.i46.i32.i32, i46 %mul_ln73_1724, i32 16, i32 45" [firmware/nnet_utils/nnet_dense_latency.h:42]   --->   Operation 81 'partselect' 'trunc_ln42_18' <Predicate = true> <Delay = 0.00>
ST_1 : Operation 82 [1/1] (0.00ns)   --->   "%sext_ln42_842 = sext i30 %trunc_ln42_18" [firmware/nnet_utils/nnet_dense_latency.h:42]   --->   Operation 82 'sext' 'sext_ln42_842' <Predicate = true> <Delay = 0.00>
ST_1 : [1/1] (0.55ns)   --->   Input mux for Operation 83 '%mul_ln73_1725 = mul i47 %sext_ln70_384, i47 140737488338969'
ST_1 : Operation 83 [1/1] (2.61ns)   --->   "%mul_ln73_1725 = mul i47 %sext_ln70_384, i47 140737488338969" [firmware/nnet_utils/nnet_mult.h:73->firmware/nnet_utils/nnet_dense_latency.h:42]   --->   Operation 83 'mul' 'mul_ln73_1725' <Predicate = true> <Delay = 2.61> <CoreInst = "Multiplier">   --->   Core 3 'Multiplier' <Latency = 0> <II = 1> <Delay = 3.17> <FuncUnit> <Opcode : 'mul'> <InPorts = 2> <OutPorts = 1>
ST_1 : Operation 84 [1/1] (0.00ns)   --->   "%trunc_ln42_19 = partselect i31 @_ssdm_op_PartSelect.i31.i47.i32.i32, i47 %mul_ln73_1725, i32 16, i32 46" [firmware/nnet_utils/nnet_dense_latency.h:42]   --->   Operation 84 'partselect' 'trunc_ln42_19' <Predicate = true> <Delay = 0.00>
ST_1 : Operation 85 [1/1] (0.00ns)   --->   "%sext_ln42_843 = sext i31 %trunc_ln42_19" [firmware/nnet_utils/nnet_dense_latency.h:42]   --->   Operation 85 'sext' 'sext_ln42_843' <Predicate = true> <Delay = 0.00>
ST_1 : Operation 86 [1/1] (0.00ns)   --->   "%sext_ln70_386 = sext i32 %data_7_val_read" [firmware/nnet_utils/nnet_mult.h:70->firmware/nnet_utils/nnet_dense_latency.h:42]   --->   Operation 86 'sext' 'sext_ln70_386' <Predicate = true> <Delay = 0.00>
ST_1 : Operation 87 [1/1] (0.00ns)   --->   "%sext_ln70_387 = sext i32 %data_7_val_read" [firmware/nnet_utils/nnet_mult.h:70->firmware/nnet_utils/nnet_dense_latency.h:42]   --->   Operation 87 'sext' 'sext_ln70_387' <Predicate = true> <Delay = 0.00>
ST_1 : [1/1] (0.38ns)   --->   Input mux for Operation 88 '%mul_ln73_1726 = mul i44 %sext_ln70_387, i44 1937'
ST_1 : Operation 88 [1/1] (2.78ns)   --->   "%mul_ln73_1726 = mul i44 %sext_ln70_387, i44 1937" [firmware/nnet_utils/nnet_mult.h:73->firmware/nnet_utils/nnet_dense_latency.h:42]   --->   Operation 88 'mul' 'mul_ln73_1726' <Predicate = true> <Delay = 2.78> <CoreInst = "Multiplier">   --->   Core 3 'Multiplier' <Latency = 0> <II = 1> <Delay = 3.17> <FuncUnit> <Opcode : 'mul'> <InPorts = 2> <OutPorts = 1>
ST_1 : Operation 89 [1/1] (0.00ns)   --->   "%trunc_ln42_20 = partselect i28 @_ssdm_op_PartSelect.i28.i44.i32.i32, i44 %mul_ln73_1726, i32 16, i32 43" [firmware/nnet_utils/nnet_dense_latency.h:42]   --->   Operation 89 'partselect' 'trunc_ln42_20' <Predicate = true> <Delay = 0.00>
ST_1 : Operation 90 [1/1] (0.00ns)   --->   "%sext_ln73_54 = sext i28 %trunc_ln42_20" [firmware/nnet_utils/nnet_mult.h:73->firmware/nnet_utils/nnet_dense_latency.h:42]   --->   Operation 90 'sext' 'sext_ln73_54' <Predicate = true> <Delay = 0.00>
ST_1 : [1/1] (0.61ns)   --->   Input mux for Operation 91 '%mul_ln73_1727 = mul i48 %sext_ln70_386, i48 281474976687222'
ST_1 : Operation 91 [1/1] (2.55ns)   --->   "%mul_ln73_1727 = mul i48 %sext_ln70_386, i48 281474976687222" [firmware/nnet_utils/nnet_mult.h:73->firmware/nnet_utils/nnet_dense_latency.h:42]   --->   Operation 91 'mul' 'mul_ln73_1727' <Predicate = true> <Delay = 2.55> <CoreInst = "Multiplier">   --->   Core 3 'Multiplier' <Latency = 0> <II = 1> <Delay = 3.17> <FuncUnit> <Opcode : 'mul'> <InPorts = 2> <OutPorts = 1>
ST_1 : Operation 92 [1/1] (0.00ns)   --->   "%trunc_ln42_21 = partselect i32 @_ssdm_op_PartSelect.i32.i48.i32.i32, i48 %mul_ln73_1727, i32 16, i32 47" [firmware/nnet_utils/nnet_dense_latency.h:42]   --->   Operation 92 'partselect' 'trunc_ln42_21' <Predicate = true> <Delay = 0.00>
ST_1 : [1/1] (0.61ns)   --->   Input mux for Operation 93 '%mul_ln73_1728 = mul i48 %sext_ln70_386, i48 24237'
ST_1 : Operation 93 [1/1] (2.55ns)   --->   "%mul_ln73_1728 = mul i48 %sext_ln70_386, i48 24237" [firmware/nnet_utils/nnet_mult.h:73->firmware/nnet_utils/nnet_dense_latency.h:42]   --->   Operation 93 'mul' 'mul_ln73_1728' <Predicate = true> <Delay = 2.55> <CoreInst = "Multiplier">   --->   Core 3 'Multiplier' <Latency = 0> <II = 1> <Delay = 3.17> <FuncUnit> <Opcode : 'mul'> <InPorts = 2> <OutPorts = 1>
ST_1 : Operation 94 [1/1] (0.00ns)   --->   "%trunc_ln42_22 = partselect i32 @_ssdm_op_PartSelect.i32.i48.i32.i32, i48 %mul_ln73_1728, i32 16, i32 47" [firmware/nnet_utils/nnet_dense_latency.h:42]   --->   Operation 94 'partselect' 'trunc_ln42_22' <Predicate = true> <Delay = 0.00>
ST_1 : Operation 95 [1/1] (0.00ns)   --->   "%sext_ln70_388 = sext i32 %data_8_val_read" [firmware/nnet_utils/nnet_mult.h:70->firmware/nnet_utils/nnet_dense_latency.h:42]   --->   Operation 95 'sext' 'sext_ln70_388' <Predicate = true> <Delay = 0.00>
ST_1 : Operation 96 [1/1] (0.00ns)   --->   "%sext_ln70_389 = sext i32 %data_8_val_read" [firmware/nnet_utils/nnet_mult.h:70->firmware/nnet_utils/nnet_dense_latency.h:42]   --->   Operation 96 'sext' 'sext_ln70_389' <Predicate = true> <Delay = 0.00>
ST_1 : [1/1] (0.51ns)   --->   Input mux for Operation 97 '%mul_ln73_1729 = mul i46 %sext_ln70_389, i46 7894'
ST_1 : Operation 97 [1/1] (2.65ns)   --->   "%mul_ln73_1729 = mul i46 %sext_ln70_389, i46 7894" [firmware/nnet_utils/nnet_mult.h:73->firmware/nnet_utils/nnet_dense_latency.h:42]   --->   Operation 97 'mul' 'mul_ln73_1729' <Predicate = true> <Delay = 2.65> <CoreInst = "Multiplier">   --->   Core 3 'Multiplier' <Latency = 0> <II = 1> <Delay = 3.17> <FuncUnit> <Opcode : 'mul'> <InPorts = 2> <OutPorts = 1>
ST_1 : Operation 98 [1/1] (0.00ns)   --->   "%trunc_ln42_23 = partselect i30 @_ssdm_op_PartSelect.i30.i46.i32.i32, i46 %mul_ln73_1729, i32 16, i32 45" [firmware/nnet_utils/nnet_dense_latency.h:42]   --->   Operation 98 'partselect' 'trunc_ln42_23' <Predicate = true> <Delay = 0.00>
ST_1 : Operation 99 [1/1] (0.00ns)   --->   "%sext_ln73_55 = sext i30 %trunc_ln42_23" [firmware/nnet_utils/nnet_mult.h:73->firmware/nnet_utils/nnet_dense_latency.h:42]   --->   Operation 99 'sext' 'sext_ln73_55' <Predicate = true> <Delay = 0.00>
ST_1 : [1/1] (0.55ns)   --->   Input mux for Operation 100 '%mul_ln73_1730 = mul i47 %sext_ln70_388, i47 140737488344498'
ST_1 : Operation 100 [1/1] (2.61ns)   --->   "%mul_ln73_1730 = mul i47 %sext_ln70_388, i47 140737488344498" [firmware/nnet_utils/nnet_mult.h:73->firmware/nnet_utils/nnet_dense_latency.h:42]   --->   Operation 100 'mul' 'mul_ln73_1730' <Predicate = true> <Delay = 2.61> <CoreInst = "Multiplier">   --->   Core 3 'Multiplier' <Latency = 0> <II = 1> <Delay = 3.17> <FuncUnit> <Opcode : 'mul'> <InPorts = 2> <OutPorts = 1>
ST_1 : Operation 101 [1/1] (0.00ns)   --->   "%trunc_ln42_24 = partselect i31 @_ssdm_op_PartSelect.i31.i47.i32.i32, i47 %mul_ln73_1730, i32 16, i32 46" [firmware/nnet_utils/nnet_dense_latency.h:42]   --->   Operation 101 'partselect' 'trunc_ln42_24' <Predicate = true> <Delay = 0.00>
ST_1 : Operation 102 [1/1] (0.00ns)   --->   "%sext_ln42_844 = sext i31 %trunc_ln42_24" [firmware/nnet_utils/nnet_dense_latency.h:42]   --->   Operation 102 'sext' 'sext_ln42_844' <Predicate = true> <Delay = 0.00>
ST_1 : [1/1] (0.55ns)   --->   Input mux for Operation 103 '%mul_ln73_1731 = mul i47 %sext_ln70_388, i47 140737488345737'
ST_1 : Operation 103 [1/1] (2.61ns)   --->   "%mul_ln73_1731 = mul i47 %sext_ln70_388, i47 140737488345737" [firmware/nnet_utils/nnet_mult.h:73->firmware/nnet_utils/nnet_dense_latency.h:42]   --->   Operation 103 'mul' 'mul_ln73_1731' <Predicate = true> <Delay = 2.61> <CoreInst = "Multiplier">   --->   Core 3 'Multiplier' <Latency = 0> <II = 1> <Delay = 3.17> <FuncUnit> <Opcode : 'mul'> <InPorts = 2> <OutPorts = 1>
ST_1 : Operation 104 [1/1] (0.00ns)   --->   "%trunc_ln42_25 = partselect i31 @_ssdm_op_PartSelect.i31.i47.i32.i32, i47 %mul_ln73_1731, i32 16, i32 46" [firmware/nnet_utils/nnet_dense_latency.h:42]   --->   Operation 104 'partselect' 'trunc_ln42_25' <Predicate = true> <Delay = 0.00>
ST_1 : Operation 105 [1/1] (0.00ns)   --->   "%sext_ln42_845 = sext i31 %trunc_ln42_25" [firmware/nnet_utils/nnet_dense_latency.h:42]   --->   Operation 105 'sext' 'sext_ln42_845' <Predicate = true> <Delay = 0.00>
ST_1 : Operation 106 [1/1] (0.00ns)   --->   "%sext_ln70_390 = sext i32 %data_9_val_read" [firmware/nnet_utils/nnet_mult.h:70->firmware/nnet_utils/nnet_dense_latency.h:42]   --->   Operation 106 'sext' 'sext_ln70_390' <Predicate = true> <Delay = 0.00>
ST_1 : Operation 107 [1/1] (0.00ns)   --->   "%shl_ln = bitconcatenate i43 @_ssdm_op_BitConcatenate.i43.i32.i11, i32 %data_9_val_read, i11 0" [firmware/nnet_utils/nnet_mult.h:73->firmware/nnet_utils/nnet_dense_latency.h:42]   --->   Operation 107 'bitconcatenate' 'shl_ln' <Predicate = true> <Delay = 0.00>
ST_1 : Operation 108 [1/1] (0.00ns)   --->   "%sext_ln73 = sext i43 %shl_ln" [firmware/nnet_utils/nnet_mult.h:73->firmware/nnet_utils/nnet_dense_latency.h:42]   --->   Operation 108 'sext' 'sext_ln73' <Predicate = true> <Delay = 0.00>
ST_1 : Operation 109 [1/1] (0.00ns)   --->   "%shl_ln73_s = bitconcatenate i35 @_ssdm_op_BitConcatenate.i35.i32.i3, i32 %data_9_val_read, i3 0" [firmware/nnet_utils/nnet_mult.h:73->firmware/nnet_utils/nnet_dense_latency.h:42]   --->   Operation 109 'bitconcatenate' 'shl_ln73_s' <Predicate = true> <Delay = 0.00>
ST_1 : Operation 110 [1/1] (0.00ns)   --->   "%sext_ln73_53 = sext i35 %shl_ln73_s" [firmware/nnet_utils/nnet_mult.h:73->firmware/nnet_utils/nnet_dense_latency.h:42]   --->   Operation 110 'sext' 'sext_ln73_53' <Predicate = true> <Delay = 0.00>
ST_1 : Operation 111 [1/1] (0.96ns)   --->   "%sub_ln73 = sub i44 %sext_ln73_53, i44 %sext_ln73" [firmware/nnet_utils/nnet_mult.h:73->firmware/nnet_utils/nnet_dense_latency.h:42]   --->   Operation 111 'sub' 'sub_ln73' <Predicate = true> <Delay = 0.96> <CoreInst = "Adder">   --->   Core 1 'Adder' <Latency = 0> <II = 1> <Delay = 0.96> <FuncUnit> <Opcode : 'add' 'sub'> <InPorts = 2> <OutPorts = 1>
ST_1 : Operation 112 [1/1] (0.00ns)   --->   "%trunc_ln42_26 = partselect i28 @_ssdm_op_PartSelect.i28.i44.i32.i32, i44 %sub_ln73, i32 16, i32 43" [firmware/nnet_utils/nnet_dense_latency.h:42]   --->   Operation 112 'partselect' 'trunc_ln42_26' <Predicate = true> <Delay = 0.00>
ST_1 : Operation 113 [1/1] (0.00ns)   --->   "%sext_ln73_56 = sext i28 %trunc_ln42_26" [firmware/nnet_utils/nnet_mult.h:73->firmware/nnet_utils/nnet_dense_latency.h:42]   --->   Operation 113 'sext' 'sext_ln73_56' <Predicate = true> <Delay = 0.00>
ST_1 : [1/1] (0.61ns)   --->   Input mux for Operation 114 '%mul_ln73_1732 = mul i48 %sext_ln70_390, i48 26688'
ST_1 : Operation 114 [1/1] (2.55ns)   --->   "%mul_ln73_1732 = mul i48 %sext_ln70_390, i48 26688" [firmware/nnet_utils/nnet_mult.h:73->firmware/nnet_utils/nnet_dense_latency.h:42]   --->   Operation 114 'mul' 'mul_ln73_1732' <Predicate = true> <Delay = 2.55> <CoreInst = "Multiplier">   --->   Core 3 'Multiplier' <Latency = 0> <II = 1> <Delay = 3.17> <FuncUnit> <Opcode : 'mul'> <InPorts = 2> <OutPorts = 1>
ST_1 : Operation 115 [1/1] (0.00ns)   --->   "%trunc_ln42_27 = partselect i32 @_ssdm_op_PartSelect.i32.i48.i32.i32, i48 %mul_ln73_1732, i32 16, i32 47" [firmware/nnet_utils/nnet_dense_latency.h:42]   --->   Operation 115 'partselect' 'trunc_ln42_27' <Predicate = true> <Delay = 0.00>
ST_1 : [1/1] (0.61ns)   --->   Input mux for Operation 116 '%mul_ln73_1733 = mul i48 %sext_ln70_390, i48 281474976691305'
ST_1 : Operation 116 [1/1] (2.55ns)   --->   "%mul_ln73_1733 = mul i48 %sext_ln70_390, i48 281474976691305" [firmware/nnet_utils/nnet_mult.h:73->firmware/nnet_utils/nnet_dense_latency.h:42]   --->   Operation 116 'mul' 'mul_ln73_1733' <Predicate = true> <Delay = 2.55> <CoreInst = "Multiplier">   --->   Core 3 'Multiplier' <Latency = 0> <II = 1> <Delay = 3.17> <FuncUnit> <Opcode : 'mul'> <InPorts = 2> <OutPorts = 1>
ST_1 : Operation 117 [1/1] (0.00ns)   --->   "%trunc_ln42_28 = partselect i32 @_ssdm_op_PartSelect.i32.i48.i32.i32, i48 %mul_ln73_1733, i32 16, i32 47" [firmware/nnet_utils/nnet_dense_latency.h:42]   --->   Operation 117 'partselect' 'trunc_ln42_28' <Predicate = true> <Delay = 0.00>
ST_1 : Operation 118 [1/1] (0.00ns)   --->   "%sext_ln70_391 = sext i32 %data_10_val_read" [firmware/nnet_utils/nnet_mult.h:70->firmware/nnet_utils/nnet_dense_latency.h:42]   --->   Operation 118 'sext' 'sext_ln70_391' <Predicate = true> <Delay = 0.00>
ST_1 : Operation 119 [1/1] (0.00ns)   --->   "%sext_ln70_392 = sext i32 %data_10_val_read" [firmware/nnet_utils/nnet_mult.h:70->firmware/nnet_utils/nnet_dense_latency.h:42]   --->   Operation 119 'sext' 'sext_ln70_392' <Predicate = true> <Delay = 0.00>
ST_1 : Operation 120 [1/1] (0.00ns)   --->   "%sext_ln70_393 = sext i32 %data_10_val_read" [firmware/nnet_utils/nnet_mult.h:70->firmware/nnet_utils/nnet_dense_latency.h:42]   --->   Operation 120 'sext' 'sext_ln70_393' <Predicate = true> <Delay = 0.00>
ST_1 : [1/1] (0.51ns)   --->   Input mux for Operation 121 '%mul_ln73_1734 = mul i46 %sext_ln70_393, i46 4363'
ST_1 : Operation 121 [1/1] (2.65ns)   --->   "%mul_ln73_1734 = mul i46 %sext_ln70_393, i46 4363" [firmware/nnet_utils/nnet_mult.h:73->firmware/nnet_utils/nnet_dense_latency.h:42]   --->   Operation 121 'mul' 'mul_ln73_1734' <Predicate = true> <Delay = 2.65> <CoreInst = "Multiplier">   --->   Core 3 'Multiplier' <Latency = 0> <II = 1> <Delay = 3.17> <FuncUnit> <Opcode : 'mul'> <InPorts = 2> <OutPorts = 1>
ST_1 : Operation 122 [1/1] (0.00ns)   --->   "%trunc_ln42_29 = partselect i30 @_ssdm_op_PartSelect.i30.i46.i32.i32, i46 %mul_ln73_1734, i32 16, i32 45" [firmware/nnet_utils/nnet_dense_latency.h:42]   --->   Operation 122 'partselect' 'trunc_ln42_29' <Predicate = true> <Delay = 0.00>
ST_1 : Operation 123 [1/1] (0.00ns)   --->   "%sext_ln42_846 = sext i30 %trunc_ln42_29" [firmware/nnet_utils/nnet_dense_latency.h:42]   --->   Operation 123 'sext' 'sext_ln42_846' <Predicate = true> <Delay = 0.00>
ST_1 : [1/1] (0.38ns)   --->   Input mux for Operation 124 '%mul_ln73_1735 = mul i45 %sext_ln70_392, i45 35184372085925'
ST_1 : Operation 124 [1/1] (2.78ns)   --->   "%mul_ln73_1735 = mul i45 %sext_ln70_392, i45 35184372085925" [firmware/nnet_utils/nnet_mult.h:73->firmware/nnet_utils/nnet_dense_latency.h:42]   --->   Operation 124 'mul' 'mul_ln73_1735' <Predicate = true> <Delay = 2.78> <CoreInst = "Multiplier">   --->   Core 3 'Multiplier' <Latency = 0> <II = 1> <Delay = 3.17> <FuncUnit> <Opcode : 'mul'> <InPorts = 2> <OutPorts = 1>
ST_1 : Operation 125 [1/1] (0.00ns)   --->   "%trunc_ln42_30 = partselect i29 @_ssdm_op_PartSelect.i29.i45.i32.i32, i45 %mul_ln73_1735, i32 16, i32 44" [firmware/nnet_utils/nnet_dense_latency.h:42]   --->   Operation 125 'partselect' 'trunc_ln42_30' <Predicate = true> <Delay = 0.00>
ST_1 : Operation 126 [1/1] (0.00ns)   --->   "%sext_ln73_57 = sext i29 %trunc_ln42_30" [firmware/nnet_utils/nnet_mult.h:73->firmware/nnet_utils/nnet_dense_latency.h:42]   --->   Operation 126 'sext' 'sext_ln73_57' <Predicate = true> <Delay = 0.00>
ST_1 : [1/1] (0.61ns)   --->   Input mux for Operation 127 '%mul_ln73_1736 = mul i48 %sext_ln70_391, i48 23510'
ST_1 : Operation 127 [1/1] (2.55ns)   --->   "%mul_ln73_1736 = mul i48 %sext_ln70_391, i48 23510" [firmware/nnet_utils/nnet_mult.h:73->firmware/nnet_utils/nnet_dense_latency.h:42]   --->   Operation 127 'mul' 'mul_ln73_1736' <Predicate = true> <Delay = 2.55> <CoreInst = "Multiplier">   --->   Core 3 'Multiplier' <Latency = 0> <II = 1> <Delay = 3.17> <FuncUnit> <Opcode : 'mul'> <InPorts = 2> <OutPorts = 1>
ST_1 : Operation 128 [1/1] (0.00ns)   --->   "%trunc_ln42_31 = partselect i32 @_ssdm_op_PartSelect.i32.i48.i32.i32, i48 %mul_ln73_1736, i32 16, i32 47" [firmware/nnet_utils/nnet_dense_latency.h:42]   --->   Operation 128 'partselect' 'trunc_ln42_31' <Predicate = true> <Delay = 0.00>
ST_1 : Operation 129 [1/1] (0.00ns)   --->   "%sext_ln70_394 = sext i32 %data_11_val_read" [firmware/nnet_utils/nnet_mult.h:70->firmware/nnet_utils/nnet_dense_latency.h:42]   --->   Operation 129 'sext' 'sext_ln70_394' <Predicate = true> <Delay = 0.00>
ST_1 : Operation 130 [1/1] (0.00ns)   --->   "%sext_ln70_395 = sext i32 %data_11_val_read" [firmware/nnet_utils/nnet_mult.h:70->firmware/nnet_utils/nnet_dense_latency.h:42]   --->   Operation 130 'sext' 'sext_ln70_395' <Predicate = true> <Delay = 0.00>
ST_1 : [1/1] (0.61ns)   --->   Input mux for Operation 131 '%mul_ln73_1737 = mul i48 %sext_ln70_395, i48 17094'
ST_1 : Operation 131 [1/1] (2.55ns)   --->   "%mul_ln73_1737 = mul i48 %sext_ln70_395, i48 17094" [firmware/nnet_utils/nnet_mult.h:73->firmware/nnet_utils/nnet_dense_latency.h:42]   --->   Operation 131 'mul' 'mul_ln73_1737' <Predicate = true> <Delay = 2.55> <CoreInst = "Multiplier">   --->   Core 3 'Multiplier' <Latency = 0> <II = 1> <Delay = 3.17> <FuncUnit> <Opcode : 'mul'> <InPorts = 2> <OutPorts = 1>
ST_1 : Operation 132 [1/1] (0.00ns)   --->   "%trunc_ln42_32 = partselect i32 @_ssdm_op_PartSelect.i32.i48.i32.i32, i48 %mul_ln73_1737, i32 16, i32 47" [firmware/nnet_utils/nnet_dense_latency.h:42]   --->   Operation 132 'partselect' 'trunc_ln42_32' <Predicate = true> <Delay = 0.00>
ST_1 : [1/1] (0.51ns)   --->   Input mux for Operation 133 '%mul_ln73_1738 = mul i46 %sext_ln70_394, i46 7606'
ST_1 : Operation 133 [1/1] (2.65ns)   --->   "%mul_ln73_1738 = mul i46 %sext_ln70_394, i46 7606" [firmware/nnet_utils/nnet_mult.h:73->firmware/nnet_utils/nnet_dense_latency.h:42]   --->   Operation 133 'mul' 'mul_ln73_1738' <Predicate = true> <Delay = 2.65> <CoreInst = "Multiplier">   --->   Core 3 'Multiplier' <Latency = 0> <II = 1> <Delay = 3.17> <FuncUnit> <Opcode : 'mul'> <InPorts = 2> <OutPorts = 1>
ST_1 : Operation 134 [1/1] (0.00ns)   --->   "%trunc_ln42_33 = partselect i30 @_ssdm_op_PartSelect.i30.i46.i32.i32, i46 %mul_ln73_1738, i32 16, i32 45" [firmware/nnet_utils/nnet_dense_latency.h:42]   --->   Operation 134 'partselect' 'trunc_ln42_33' <Predicate = true> <Delay = 0.00>
ST_1 : Operation 135 [1/1] (0.00ns)   --->   "%sext_ln73_58 = sext i30 %trunc_ln42_33" [firmware/nnet_utils/nnet_mult.h:73->firmware/nnet_utils/nnet_dense_latency.h:42]   --->   Operation 135 'sext' 'sext_ln73_58' <Predicate = true> <Delay = 0.00>
ST_1 : [1/1] (0.61ns)   --->   Input mux for Operation 136 '%mul_ln73_1739 = mul i48 %sext_ln70_395, i48 22830'
ST_1 : Operation 136 [1/1] (2.55ns)   --->   "%mul_ln73_1739 = mul i48 %sext_ln70_395, i48 22830" [firmware/nnet_utils/nnet_mult.h:73->firmware/nnet_utils/nnet_dense_latency.h:42]   --->   Operation 136 'mul' 'mul_ln73_1739' <Predicate = true> <Delay = 2.55> <CoreInst = "Multiplier">   --->   Core 3 'Multiplier' <Latency = 0> <II = 1> <Delay = 3.17> <FuncUnit> <Opcode : 'mul'> <InPorts = 2> <OutPorts = 1>
ST_1 : Operation 137 [1/1] (0.00ns)   --->   "%trunc_ln42_34 = partselect i32 @_ssdm_op_PartSelect.i32.i48.i32.i32, i48 %mul_ln73_1739, i32 16, i32 47" [firmware/nnet_utils/nnet_dense_latency.h:42]   --->   Operation 137 'partselect' 'trunc_ln42_34' <Predicate = true> <Delay = 0.00>
ST_1 : Operation 138 [1/1] (0.00ns)   --->   "%sext_ln70_396 = sext i32 %data_12_val_read" [firmware/nnet_utils/nnet_mult.h:70->firmware/nnet_utils/nnet_dense_latency.h:42]   --->   Operation 138 'sext' 'sext_ln70_396' <Predicate = true> <Delay = 0.00>
ST_1 : Operation 139 [1/1] (0.00ns)   --->   "%sext_ln70_397 = sext i32 %data_12_val_read" [firmware/nnet_utils/nnet_mult.h:70->firmware/nnet_utils/nnet_dense_latency.h:42]   --->   Operation 139 'sext' 'sext_ln70_397' <Predicate = true> <Delay = 0.00>
ST_1 : [1/1] (0.55ns)   --->   Input mux for Operation 140 '%mul_ln73_1740 = mul i47 %sext_ln70_397, i47 140737488343590'
ST_1 : Operation 140 [1/1] (2.61ns)   --->   "%mul_ln73_1740 = mul i47 %sext_ln70_397, i47 140737488343590" [firmware/nnet_utils/nnet_mult.h:73->firmware/nnet_utils/nnet_dense_latency.h:42]   --->   Operation 140 'mul' 'mul_ln73_1740' <Predicate = true> <Delay = 2.61> <CoreInst = "Multiplier">   --->   Core 3 'Multiplier' <Latency = 0> <II = 1> <Delay = 3.17> <FuncUnit> <Opcode : 'mul'> <InPorts = 2> <OutPorts = 1>
ST_1 : Operation 141 [1/1] (0.00ns)   --->   "%trunc_ln42_35 = partselect i31 @_ssdm_op_PartSelect.i31.i47.i32.i32, i47 %mul_ln73_1740, i32 16, i32 46" [firmware/nnet_utils/nnet_dense_latency.h:42]   --->   Operation 141 'partselect' 'trunc_ln42_35' <Predicate = true> <Delay = 0.00>
ST_1 : Operation 142 [1/1] (0.00ns)   --->   "%sext_ln42_847 = sext i31 %trunc_ln42_35" [firmware/nnet_utils/nnet_dense_latency.h:42]   --->   Operation 142 'sext' 'sext_ln42_847' <Predicate = true> <Delay = 0.00>
ST_1 : [1/1] (0.55ns)   --->   Input mux for Operation 143 '%mul_ln73_1741 = mul i47 %sext_ln70_397, i47 140737488346547'
ST_1 : Operation 143 [1/1] (2.61ns)   --->   "%mul_ln73_1741 = mul i47 %sext_ln70_397, i47 140737488346547" [firmware/nnet_utils/nnet_mult.h:73->firmware/nnet_utils/nnet_dense_latency.h:42]   --->   Operation 143 'mul' 'mul_ln73_1741' <Predicate = true> <Delay = 2.61> <CoreInst = "Multiplier">   --->   Core 3 'Multiplier' <Latency = 0> <II = 1> <Delay = 3.17> <FuncUnit> <Opcode : 'mul'> <InPorts = 2> <OutPorts = 1>
ST_1 : Operation 144 [1/1] (0.00ns)   --->   "%trunc_ln42_36 = partselect i31 @_ssdm_op_PartSelect.i31.i47.i32.i32, i47 %mul_ln73_1741, i32 16, i32 46" [firmware/nnet_utils/nnet_dense_latency.h:42]   --->   Operation 144 'partselect' 'trunc_ln42_36' <Predicate = true> <Delay = 0.00>
ST_1 : Operation 145 [1/1] (0.00ns)   --->   "%sext_ln42_848 = sext i31 %trunc_ln42_36" [firmware/nnet_utils/nnet_dense_latency.h:42]   --->   Operation 145 'sext' 'sext_ln42_848' <Predicate = true> <Delay = 0.00>
ST_1 : [1/1] (0.45ns)   --->   Input mux for Operation 146 '%mul_ln73_1742 = mul i44 %sext_ln70_396, i44 17592186043331'
ST_1 : Operation 146 [1/1] (2.71ns)   --->   "%mul_ln73_1742 = mul i44 %sext_ln70_396, i44 17592186043331" [firmware/nnet_utils/nnet_mult.h:73->firmware/nnet_utils/nnet_dense_latency.h:42]   --->   Operation 146 'mul' 'mul_ln73_1742' <Predicate = true> <Delay = 2.71> <CoreInst = "Multiplier">   --->   Core 3 'Multiplier' <Latency = 0> <II = 1> <Delay = 3.17> <FuncUnit> <Opcode : 'mul'> <InPorts = 2> <OutPorts = 1>
ST_1 : Operation 147 [1/1] (0.00ns)   --->   "%trunc_ln42_37 = partselect i28 @_ssdm_op_PartSelect.i28.i44.i32.i32, i44 %mul_ln73_1742, i32 16, i32 43" [firmware/nnet_utils/nnet_dense_latency.h:42]   --->   Operation 147 'partselect' 'trunc_ln42_37' <Predicate = true> <Delay = 0.00>
ST_1 : Operation 148 [1/1] (0.00ns)   --->   "%sext_ln42_849 = sext i28 %trunc_ln42_37" [firmware/nnet_utils/nnet_dense_latency.h:42]   --->   Operation 148 'sext' 'sext_ln42_849' <Predicate = true> <Delay = 0.00>
ST_1 : Operation 149 [1/1] (0.00ns)   --->   "%sext_ln70_398 = sext i32 %data_13_val_read" [firmware/nnet_utils/nnet_mult.h:70->firmware/nnet_utils/nnet_dense_latency.h:42]   --->   Operation 149 'sext' 'sext_ln70_398' <Predicate = true> <Delay = 0.00>
ST_1 : Operation 150 [1/1] (0.00ns)   --->   "%sext_ln70_399 = sext i32 %data_13_val_read" [firmware/nnet_utils/nnet_mult.h:70->firmware/nnet_utils/nnet_dense_latency.h:42]   --->   Operation 150 'sext' 'sext_ln70_399' <Predicate = true> <Delay = 0.00>
ST_1 : Operation 151 [1/1] (0.00ns)   --->   "%sext_ln70_400 = sext i32 %data_13_val_read" [firmware/nnet_utils/nnet_mult.h:70->firmware/nnet_utils/nnet_dense_latency.h:42]   --->   Operation 151 'sext' 'sext_ln70_400' <Predicate = true> <Delay = 0.00>
ST_1 : [1/1] (0.51ns)   --->   Input mux for Operation 152 '%mul_ln73_1743 = mul i46 %sext_ln70_400, i46 4526'
ST_1 : Operation 152 [1/1] (2.65ns)   --->   "%mul_ln73_1743 = mul i46 %sext_ln70_400, i46 4526" [firmware/nnet_utils/nnet_mult.h:73->firmware/nnet_utils/nnet_dense_latency.h:42]   --->   Operation 152 'mul' 'mul_ln73_1743' <Predicate = true> <Delay = 2.65> <CoreInst = "Multiplier">   --->   Core 3 'Multiplier' <Latency = 0> <II = 1> <Delay = 3.17> <FuncUnit> <Opcode : 'mul'> <InPorts = 2> <OutPorts = 1>
ST_1 : Operation 153 [1/1] (0.00ns)   --->   "%trunc_ln42_38 = partselect i30 @_ssdm_op_PartSelect.i30.i46.i32.i32, i46 %mul_ln73_1743, i32 16, i32 45" [firmware/nnet_utils/nnet_dense_latency.h:42]   --->   Operation 153 'partselect' 'trunc_ln42_38' <Predicate = true> <Delay = 0.00>
ST_1 : Operation 154 [1/1] (0.00ns)   --->   "%sext_ln42_850 = sext i30 %trunc_ln42_38" [firmware/nnet_utils/nnet_dense_latency.h:42]   --->   Operation 154 'sext' 'sext_ln42_850' <Predicate = true> <Delay = 0.00>
ST_1 : [1/1] (0.61ns)   --->   Input mux for Operation 155 '%mul_ln73_1744 = mul i48 %sext_ln70_399, i48 30415'
ST_1 : Operation 155 [1/1] (2.55ns)   --->   "%mul_ln73_1744 = mul i48 %sext_ln70_399, i48 30415" [firmware/nnet_utils/nnet_mult.h:73->firmware/nnet_utils/nnet_dense_latency.h:42]   --->   Operation 155 'mul' 'mul_ln73_1744' <Predicate = true> <Delay = 2.55> <CoreInst = "Multiplier">   --->   Core 3 'Multiplier' <Latency = 0> <II = 1> <Delay = 3.17> <FuncUnit> <Opcode : 'mul'> <InPorts = 2> <OutPorts = 1>
ST_1 : Operation 156 [1/1] (0.00ns)   --->   "%trunc_ln42_39 = partselect i32 @_ssdm_op_PartSelect.i32.i48.i32.i32, i48 %mul_ln73_1744, i32 16, i32 47" [firmware/nnet_utils/nnet_dense_latency.h:42]   --->   Operation 156 'partselect' 'trunc_ln42_39' <Predicate = true> <Delay = 0.00>
ST_1 : [1/1] (0.45ns)   --->   Input mux for Operation 157 '%mul_ln73_1745 = mul i47 %sext_ln70_398, i47 10074'
ST_1 : Operation 157 [1/1] (2.71ns)   --->   "%mul_ln73_1745 = mul i47 %sext_ln70_398, i47 10074" [firmware/nnet_utils/nnet_mult.h:73->firmware/nnet_utils/nnet_dense_latency.h:42]   --->   Operation 157 'mul' 'mul_ln73_1745' <Predicate = true> <Delay = 2.71> <CoreInst = "Multiplier">   --->   Core 3 'Multiplier' <Latency = 0> <II = 1> <Delay = 3.17> <FuncUnit> <Opcode : 'mul'> <InPorts = 2> <OutPorts = 1>
ST_1 : Operation 158 [1/1] (0.00ns)   --->   "%trunc_ln42_40 = partselect i31 @_ssdm_op_PartSelect.i31.i47.i32.i32, i47 %mul_ln73_1745, i32 16, i32 46" [firmware/nnet_utils/nnet_dense_latency.h:42]   --->   Operation 158 'partselect' 'trunc_ln42_40' <Predicate = true> <Delay = 0.00>
ST_1 : Operation 159 [1/1] (0.00ns)   --->   "%sext_ln42_851 = sext i31 %trunc_ln42_40" [firmware/nnet_utils/nnet_dense_latency.h:42]   --->   Operation 159 'sext' 'sext_ln42_851' <Predicate = true> <Delay = 0.00>
ST_1 : Operation 160 [1/1] (0.00ns)   --->   "%sext_ln70_401 = sext i32 %data_14_val_read" [firmware/nnet_utils/nnet_mult.h:70->firmware/nnet_utils/nnet_dense_latency.h:42]   --->   Operation 160 'sext' 'sext_ln70_401' <Predicate = true> <Delay = 0.00>
ST_1 : Operation 161 [1/1] (0.00ns)   --->   "%sext_ln70_402 = sext i32 %data_14_val_read" [firmware/nnet_utils/nnet_mult.h:70->firmware/nnet_utils/nnet_dense_latency.h:42]   --->   Operation 161 'sext' 'sext_ln70_402' <Predicate = true> <Delay = 0.00>
ST_1 : Operation 162 [1/1] (0.00ns)   --->   "%sext_ln70_403 = sext i32 %data_14_val_read" [firmware/nnet_utils/nnet_mult.h:70->firmware/nnet_utils/nnet_dense_latency.h:42]   --->   Operation 162 'sext' 'sext_ln70_403' <Predicate = true> <Delay = 0.00>
ST_1 : [1/1] (0.38ns)   --->   Input mux for Operation 163 '%mul_ln73_1746 = mul i44 %sext_ln70_403, i44 1478'
ST_1 : Operation 163 [1/1] (2.78ns)   --->   "%mul_ln73_1746 = mul i44 %sext_ln70_403, i44 1478" [firmware/nnet_utils/nnet_mult.h:73->firmware/nnet_utils/nnet_dense_latency.h:42]   --->   Operation 163 'mul' 'mul_ln73_1746' <Predicate = true> <Delay = 2.78> <CoreInst = "Multiplier">   --->   Core 3 'Multiplier' <Latency = 0> <II = 1> <Delay = 3.17> <FuncUnit> <Opcode : 'mul'> <InPorts = 2> <OutPorts = 1>
ST_1 : Operation 164 [1/1] (0.00ns)   --->   "%trunc_ln42_41 = partselect i28 @_ssdm_op_PartSelect.i28.i44.i32.i32, i44 %mul_ln73_1746, i32 16, i32 43" [firmware/nnet_utils/nnet_dense_latency.h:42]   --->   Operation 164 'partselect' 'trunc_ln42_41' <Predicate = true> <Delay = 0.00>
ST_1 : Operation 165 [1/1] (0.00ns)   --->   "%sext_ln42_852 = sext i28 %trunc_ln42_41" [firmware/nnet_utils/nnet_dense_latency.h:42]   --->   Operation 165 'sext' 'sext_ln42_852' <Predicate = true> <Delay = 0.00>
ST_1 : [1/1] (0.61ns)   --->   Input mux for Operation 166 '%mul_ln73_1747 = mul i48 %sext_ln70_402, i48 281474976688336'
ST_1 : Operation 166 [1/1] (2.55ns)   --->   "%mul_ln73_1747 = mul i48 %sext_ln70_402, i48 281474976688336" [firmware/nnet_utils/nnet_mult.h:73->firmware/nnet_utils/nnet_dense_latency.h:42]   --->   Operation 166 'mul' 'mul_ln73_1747' <Predicate = true> <Delay = 2.55> <CoreInst = "Multiplier">   --->   Core 3 'Multiplier' <Latency = 0> <II = 1> <Delay = 3.17> <FuncUnit> <Opcode : 'mul'> <InPorts = 2> <OutPorts = 1>
ST_1 : Operation 167 [1/1] (0.00ns)   --->   "%trunc_ln42_42 = partselect i32 @_ssdm_op_PartSelect.i32.i48.i32.i32, i48 %mul_ln73_1747, i32 16, i32 47" [firmware/nnet_utils/nnet_dense_latency.h:42]   --->   Operation 167 'partselect' 'trunc_ln42_42' <Predicate = true> <Delay = 0.00>
ST_1 : [1/1] (0.45ns)   --->   Input mux for Operation 168 '%mul_ln73_1748 = mul i47 %sext_ln70_401, i47 9772'
ST_1 : Operation 168 [1/1] (2.71ns)   --->   "%mul_ln73_1748 = mul i47 %sext_ln70_401, i47 9772" [firmware/nnet_utils/nnet_mult.h:73->firmware/nnet_utils/nnet_dense_latency.h:42]   --->   Operation 168 'mul' 'mul_ln73_1748' <Predicate = true> <Delay = 2.71> <CoreInst = "Multiplier">   --->   Core 3 'Multiplier' <Latency = 0> <II = 1> <Delay = 3.17> <FuncUnit> <Opcode : 'mul'> <InPorts = 2> <OutPorts = 1>
ST_1 : Operation 169 [1/1] (0.00ns)   --->   "%trunc_ln42_43 = partselect i31 @_ssdm_op_PartSelect.i31.i47.i32.i32, i47 %mul_ln73_1748, i32 16, i32 46" [firmware/nnet_utils/nnet_dense_latency.h:42]   --->   Operation 169 'partselect' 'trunc_ln42_43' <Predicate = true> <Delay = 0.00>
ST_1 : Operation 170 [1/1] (0.00ns)   --->   "%sext_ln42_853 = sext i31 %trunc_ln42_43" [firmware/nnet_utils/nnet_dense_latency.h:42]   --->   Operation 170 'sext' 'sext_ln42_853' <Predicate = true> <Delay = 0.00>
ST_1 : Operation 171 [1/1] (0.00ns)   --->   "%sext_ln70_404 = sext i32 %data_15_val_read" [firmware/nnet_utils/nnet_mult.h:70->firmware/nnet_utils/nnet_dense_latency.h:42]   --->   Operation 171 'sext' 'sext_ln70_404' <Predicate = true> <Delay = 0.00>
ST_1 : Operation 172 [1/1] (0.00ns)   --->   "%sext_ln70_405 = sext i32 %data_15_val_read" [firmware/nnet_utils/nnet_mult.h:70->firmware/nnet_utils/nnet_dense_latency.h:42]   --->   Operation 172 'sext' 'sext_ln70_405' <Predicate = true> <Delay = 0.00>
ST_1 : Operation 173 [1/1] (0.00ns)   --->   "%sext_ln70_406 = sext i32 %data_15_val_read" [firmware/nnet_utils/nnet_mult.h:70->firmware/nnet_utils/nnet_dense_latency.h:42]   --->   Operation 173 'sext' 'sext_ln70_406' <Predicate = true> <Delay = 0.00>
ST_1 : [1/1] (0.45ns)   --->   Input mux for Operation 174 '%mul_ln73_1749 = mul i47 %sext_ln70_406, i47 8394'
ST_1 : Operation 174 [1/1] (2.71ns)   --->   "%mul_ln73_1749 = mul i47 %sext_ln70_406, i47 8394" [firmware/nnet_utils/nnet_mult.h:73->firmware/nnet_utils/nnet_dense_latency.h:42]   --->   Operation 174 'mul' 'mul_ln73_1749' <Predicate = true> <Delay = 2.71> <CoreInst = "Multiplier">   --->   Core 3 'Multiplier' <Latency = 0> <II = 1> <Delay = 3.17> <FuncUnit> <Opcode : 'mul'> <InPorts = 2> <OutPorts = 1>
ST_1 : Operation 175 [1/1] (0.00ns)   --->   "%trunc_ln42_44 = partselect i31 @_ssdm_op_PartSelect.i31.i47.i32.i32, i47 %mul_ln73_1749, i32 16, i32 46" [firmware/nnet_utils/nnet_dense_latency.h:42]   --->   Operation 175 'partselect' 'trunc_ln42_44' <Predicate = true> <Delay = 0.00>
ST_1 : Operation 176 [1/1] (0.00ns)   --->   "%sext_ln42_854 = sext i31 %trunc_ln42_44" [firmware/nnet_utils/nnet_dense_latency.h:42]   --->   Operation 176 'sext' 'sext_ln42_854' <Predicate = true> <Delay = 0.00>
ST_1 : [1/1] (0.51ns)   --->   Input mux for Operation 177 '%mul_ln73_1750 = mul i46 %sext_ln70_405, i46 5888'
ST_1 : Operation 177 [1/1] (2.65ns)   --->   "%mul_ln73_1750 = mul i46 %sext_ln70_405, i46 5888" [firmware/nnet_utils/nnet_mult.h:73->firmware/nnet_utils/nnet_dense_latency.h:42]   --->   Operation 177 'mul' 'mul_ln73_1750' <Predicate = true> <Delay = 2.65> <CoreInst = "Multiplier">   --->   Core 3 'Multiplier' <Latency = 0> <II = 1> <Delay = 3.17> <FuncUnit> <Opcode : 'mul'> <InPorts = 2> <OutPorts = 1>
ST_1 : Operation 178 [1/1] (0.00ns)   --->   "%trunc_ln42_45 = partselect i30 @_ssdm_op_PartSelect.i30.i46.i32.i32, i46 %mul_ln73_1750, i32 16, i32 45" [firmware/nnet_utils/nnet_dense_latency.h:42]   --->   Operation 178 'partselect' 'trunc_ln42_45' <Predicate = true> <Delay = 0.00>
ST_1 : Operation 179 [1/1] (0.00ns)   --->   "%sext_ln73_59 = sext i30 %trunc_ln42_45" [firmware/nnet_utils/nnet_mult.h:73->firmware/nnet_utils/nnet_dense_latency.h:42]   --->   Operation 179 'sext' 'sext_ln73_59' <Predicate = true> <Delay = 0.00>
ST_1 : [1/1] (0.38ns)   --->   Input mux for Operation 180 '%mul_ln73_1751 = mul i45 %sext_ln70_404, i45 3981'
ST_1 : Operation 180 [1/1] (2.78ns)   --->   "%mul_ln73_1751 = mul i45 %sext_ln70_404, i45 3981" [firmware/nnet_utils/nnet_mult.h:73->firmware/nnet_utils/nnet_dense_latency.h:42]   --->   Operation 180 'mul' 'mul_ln73_1751' <Predicate = true> <Delay = 2.78> <CoreInst = "Multiplier">   --->   Core 3 'Multiplier' <Latency = 0> <II = 1> <Delay = 3.17> <FuncUnit> <Opcode : 'mul'> <InPorts = 2> <OutPorts = 1>
ST_1 : Operation 181 [1/1] (0.00ns)   --->   "%trunc_ln42_46 = partselect i29 @_ssdm_op_PartSelect.i29.i45.i32.i32, i45 %mul_ln73_1751, i32 16, i32 44" [firmware/nnet_utils/nnet_dense_latency.h:42]   --->   Operation 181 'partselect' 'trunc_ln42_46' <Predicate = true> <Delay = 0.00>
ST_1 : Operation 182 [1/1] (0.00ns)   --->   "%sext_ln58 = sext i29 %trunc_ln42_46" [firmware/nnet_utils/nnet_dense_latency.h:58]   --->   Operation 182 'sext' 'sext_ln58' <Predicate = true> <Delay = 0.00>
ST_1 : Operation 183 [1/1] (0.00ns) (grouped into TernaryAdder)   --->   "%add_ln58 = add i32 %sext_ln42, i32 %sext_ln42_835" [firmware/nnet_utils/nnet_dense_latency.h:58]   --->   Operation 183 'add' 'add_ln58' <Predicate = true> <Delay = 0.00> <CoreInst = "TAddSub">   --->   Core 10 'TAddSub' <Latency = 0> <II = 1> <Delay = 0.36> <IPBlock> <Opcode : '<invalid operator> ' 'add' 'sub'> <InPorts = 3> <OutPorts = 1> <Sync> <CReg>
ST_1 : Operation 184 [1/1] (0.88ns)   --->   "%add_ln58_1824 = add i32 %sext_ln42_837, i32 %trunc_ln42_9" [firmware/nnet_utils/nnet_dense_latency.h:58]   --->   Operation 184 'add' 'add_ln58_1824' <Predicate = true> <Delay = 0.88> <CoreInst = "Adder">   --->   Core 1 'Adder' <Latency = 0> <II = 1> <Delay = 0.88> <FuncUnit> <Opcode : 'add' 'sub'> <InPorts = 2> <OutPorts = 1>
ST_1 : Operation 185 [1/1] (0.73ns) (root node of TernaryAdder)   --->   "%add_ln58_1825 = add i32 %add_ln58_1824, i32 %add_ln58" [firmware/nnet_utils/nnet_dense_latency.h:58]   --->   Operation 185 'add' 'add_ln58_1825' <Predicate = true> <Delay = 0.73> <CoreInst = "TAddSub">   --->   Core 10 'TAddSub' <Latency = 0> <II = 1> <Delay = 0.36> <IPBlock> <Opcode : '<invalid operator> ' 'add' 'sub'> <InPorts = 3> <OutPorts = 1> <Sync> <CReg>
ST_1 : Operation 186 [1/1] (0.00ns) (grouped into TernaryAdder)   --->   "%add_ln58_1826 = add i32 %trunc_ln42_11, i32 %trunc_ln42_14" [firmware/nnet_utils/nnet_dense_latency.h:58]   --->   Operation 186 'add' 'add_ln58_1826' <Predicate = true> <Delay = 0.00> <CoreInst = "TAddSub">   --->   Core 10 'TAddSub' <Latency = 0> <II = 1> <Delay = 0.36> <IPBlock> <Opcode : '<invalid operator> ' 'add' 'sub'> <InPorts = 3> <OutPorts = 1> <Sync> <CReg>
ST_1 : Operation 187 [1/1] (0.86ns)   --->   "%add_ln58_1827 = add i31 %sext_ln73_52, i31 %sext_ln73_54" [firmware/nnet_utils/nnet_dense_latency.h:58]   --->   Operation 187 'add' 'add_ln58_1827' <Predicate = true> <Delay = 0.86> <CoreInst = "Adder">   --->   Core 1 'Adder' <Latency = 0> <II = 1> <Delay = 0.86> <FuncUnit> <Opcode : 'add' 'sub'> <InPorts = 2> <OutPorts = 1>
ST_1 : Operation 188 [1/1] (0.00ns)   --->   "%sext_ln58_360 = sext i31 %add_ln58_1827" [firmware/nnet_utils/nnet_dense_latency.h:58]   --->   Operation 188 'sext' 'sext_ln58_360' <Predicate = true> <Delay = 0.00>
ST_1 : Operation 189 [1/1] (0.73ns) (root node of TernaryAdder)   --->   "%add_ln58_1828 = add i32 %sext_ln58_360, i32 %add_ln58_1826" [firmware/nnet_utils/nnet_dense_latency.h:58]   --->   Operation 189 'add' 'add_ln58_1828' <Predicate = true> <Delay = 0.73> <CoreInst = "TAddSub">   --->   Core 10 'TAddSub' <Latency = 0> <II = 1> <Delay = 0.36> <IPBlock> <Opcode : '<invalid operator> ' 'add' 'sub'> <InPorts = 3> <OutPorts = 1> <Sync> <CReg>
ST_1 : Operation 190 [1/1] (0.00ns) (grouped into TernaryAdder)   --->   "%add_ln58_1829 = add i32 %add_ln58_1828, i32 %add_ln58_1825" [firmware/nnet_utils/nnet_dense_latency.h:58]   --->   Operation 190 'add' 'add_ln58_1829' <Predicate = true> <Delay = 0.00> <CoreInst = "TAddSub">   --->   Core 10 'TAddSub' <Latency = 0> <II = 1> <Delay = 0.36> <IPBlock> <Opcode : '<invalid operator> ' 'add' 'sub'> <InPorts = 3> <OutPorts = 1> <Sync> <CReg>
ST_1 : Operation 191 [1/1] (0.86ns)   --->   "%add_ln58_1830 = add i31 %sext_ln73_55, i31 %sext_ln73_56" [firmware/nnet_utils/nnet_dense_latency.h:58]   --->   Operation 191 'add' 'add_ln58_1830' <Predicate = true> <Delay = 0.86> <CoreInst = "Adder">   --->   Core 1 'Adder' <Latency = 0> <II = 1> <Delay = 0.86> <FuncUnit> <Opcode : 'add' 'sub'> <InPorts = 2> <OutPorts = 1>
ST_1 : Operation 192 [1/1] (0.00ns)   --->   "%sext_ln58_361 = sext i31 %add_ln58_1830" [firmware/nnet_utils/nnet_dense_latency.h:58]   --->   Operation 192 'sext' 'sext_ln58_361' <Predicate = true> <Delay = 0.00>
ST_1 : Operation 193 [1/1] (0.88ns)   --->   "%add_ln58_1831 = add i32 %sext_ln42_846, i32 %trunc_ln42_32" [firmware/nnet_utils/nnet_dense_latency.h:58]   --->   Operation 193 'add' 'add_ln58_1831' <Predicate = true> <Delay = 0.88> <CoreInst = "Adder">   --->   Core 1 'Adder' <Latency = 0> <II = 1> <Delay = 0.88> <FuncUnit> <Opcode : 'add' 'sub'> <InPorts = 2> <OutPorts = 1>
ST_1 : Operation 194 [1/1] (0.00ns) (grouped into TernaryAdder)   --->   "%add_ln58_1832 = add i32 %add_ln58_1831, i32 %sext_ln58_361" [firmware/nnet_utils/nnet_dense_latency.h:58]   --->   Operation 194 'add' 'add_ln58_1832' <Predicate = true> <Delay = 0.00> <CoreInst = "TAddSub">   --->   Core 10 'TAddSub' <Latency = 0> <II = 1> <Delay = 0.36> <IPBlock> <Opcode : '<invalid operator> ' 'add' 'sub'> <InPorts = 3> <OutPorts = 1> <Sync> <CReg>
ST_1 : Operation 195 [1/1] (0.00ns) (grouped into TernaryAdder)   --->   "%add_ln58_1833 = add i32 %sext_ln42_847, i32 %sext_ln42_850" [firmware/nnet_utils/nnet_dense_latency.h:58]   --->   Operation 195 'add' 'add_ln58_1833' <Predicate = true> <Delay = 0.00> <CoreInst = "TAddSub">   --->   Core 10 'TAddSub' <Latency = 0> <II = 1> <Delay = 0.36> <IPBlock> <Opcode : '<invalid operator> ' 'add' 'sub'> <InPorts = 3> <OutPorts = 1> <Sync> <CReg>
ST_1 : Operation 196 [1/1] (0.00ns) (grouped into TernaryAdder)   --->   "%add_ln58_1834 = add i32 %sext_ln42_854, i32 27418" [firmware/nnet_utils/nnet_dense_latency.h:58]   --->   Operation 196 'add' 'add_ln58_1834' <Predicate = true> <Delay = 0.00> <CoreInst = "TAddSub">   --->   Core 10 'TAddSub' <Latency = 0> <II = 1> <Delay = 0.36> <IPBlock> <Opcode : '<invalid operator> ' 'add' 'sub'> <InPorts = 3> <OutPorts = 1> <Sync> <CReg>
ST_1 : Operation 197 [1/1] (0.73ns) (root node of TernaryAdder)   --->   "%add_ln58_1835 = add i32 %add_ln58_1834, i32 %sext_ln42_852" [firmware/nnet_utils/nnet_dense_latency.h:58]   --->   Operation 197 'add' 'add_ln58_1835' <Predicate = true> <Delay = 0.73> <CoreInst = "TAddSub">   --->   Core 10 'TAddSub' <Latency = 0> <II = 1> <Delay = 0.36> <IPBlock> <Opcode : '<invalid operator> ' 'add' 'sub'> <InPorts = 3> <OutPorts = 1> <Sync> <CReg>
ST_1 : Operation 198 [1/1] (0.73ns) (root node of TernaryAdder)   --->   "%add_ln58_1836 = add i32 %add_ln58_1835, i32 %add_ln58_1833" [firmware/nnet_utils/nnet_dense_latency.h:58]   --->   Operation 198 'add' 'add_ln58_1836' <Predicate = true> <Delay = 0.73> <CoreInst = "TAddSub">   --->   Core 10 'TAddSub' <Latency = 0> <II = 1> <Delay = 0.36> <IPBlock> <Opcode : '<invalid operator> ' 'add' 'sub'> <InPorts = 3> <OutPorts = 1> <Sync> <CReg>
ST_1 : Operation 199 [1/1] (0.73ns) (root node of TernaryAdder)   --->   "%add_ln58_1837 = add i32 %add_ln58_1836, i32 %add_ln58_1832" [firmware/nnet_utils/nnet_dense_latency.h:58]   --->   Operation 199 'add' 'add_ln58_1837' <Predicate = true> <Delay = 0.73> <CoreInst = "TAddSub">   --->   Core 10 'TAddSub' <Latency = 0> <II = 1> <Delay = 0.36> <IPBlock> <Opcode : '<invalid operator> ' 'add' 'sub'> <InPorts = 3> <OutPorts = 1> <Sync> <CReg>
ST_1 : Operation 200 [1/1] (0.73ns) (root node of TernaryAdder)   --->   "%add_ln58_1838 = add i32 %add_ln58_1837, i32 %add_ln58_1829" [firmware/nnet_utils/nnet_dense_latency.h:58]   --->   Operation 200 'add' 'add_ln58_1838' <Predicate = true> <Delay = 0.73> <CoreInst = "TAddSub">   --->   Core 10 'TAddSub' <Latency = 0> <II = 1> <Delay = 0.36> <IPBlock> <Opcode : '<invalid operator> ' 'add' 'sub'> <InPorts = 3> <OutPorts = 1> <Sync> <CReg>
ST_1 : Operation 201 [1/1] (0.00ns) (grouped into TernaryAdder)   --->   "%add_ln58_1839 = add i32 %trunc_ln42_1, i32 %sext_ln42_836" [firmware/nnet_utils/nnet_dense_latency.h:58]   --->   Operation 201 'add' 'add_ln58_1839' <Predicate = true> <Delay = 0.00> <CoreInst = "TAddSub">   --->   Core 10 'TAddSub' <Latency = 0> <II = 1> <Delay = 0.36> <IPBlock> <Opcode : '<invalid operator> ' 'add' 'sub'> <InPorts = 3> <OutPorts = 1> <Sync> <CReg>
ST_1 : Operation 202 [1/1] (0.88ns)   --->   "%add_ln58_1840 = add i32 %trunc_ln42_7, i32 %trunc_ln42_8" [firmware/nnet_utils/nnet_dense_latency.h:58]   --->   Operation 202 'add' 'add_ln58_1840' <Predicate = true> <Delay = 0.88> <CoreInst = "Adder">   --->   Core 1 'Adder' <Latency = 0> <II = 1> <Delay = 0.88> <FuncUnit> <Opcode : 'add' 'sub'> <InPorts = 2> <OutPorts = 1>
ST_1 : Operation 203 [1/1] (0.73ns) (root node of TernaryAdder)   --->   "%add_ln58_1841 = add i32 %add_ln58_1840, i32 %add_ln58_1839" [firmware/nnet_utils/nnet_dense_latency.h:58]   --->   Operation 203 'add' 'add_ln58_1841' <Predicate = true> <Delay = 0.73> <CoreInst = "TAddSub">   --->   Core 10 'TAddSub' <Latency = 0> <II = 1> <Delay = 0.36> <IPBlock> <Opcode : '<invalid operator> ' 'add' 'sub'> <InPorts = 3> <OutPorts = 1> <Sync> <CReg>
ST_1 : Operation 204 [1/1] (0.00ns) (grouped into TernaryAdder)   --->   "%add_ln58_1842 = add i32 %trunc_ln42_12, i32 %sext_ln42_840" [firmware/nnet_utils/nnet_dense_latency.h:58]   --->   Operation 204 'add' 'add_ln58_1842' <Predicate = true> <Delay = 0.00> <CoreInst = "TAddSub">   --->   Core 10 'TAddSub' <Latency = 0> <II = 1> <Delay = 0.36> <IPBlock> <Opcode : '<invalid operator> ' 'add' 'sub'> <InPorts = 3> <OutPorts = 1> <Sync> <CReg>
ST_1 : Operation 205 [1/1] (0.88ns)   --->   "%add_ln58_1843 = add i32 %sext_ln42_842, i32 %trunc_ln42_21" [firmware/nnet_utils/nnet_dense_latency.h:58]   --->   Operation 205 'add' 'add_ln58_1843' <Predicate = true> <Delay = 0.88> <CoreInst = "Adder">   --->   Core 1 'Adder' <Latency = 0> <II = 1> <Delay = 0.88> <FuncUnit> <Opcode : 'add' 'sub'> <InPorts = 2> <OutPorts = 1>
ST_1 : Operation 206 [1/1] (0.73ns) (root node of TernaryAdder)   --->   "%add_ln58_1844 = add i32 %add_ln58_1843, i32 %add_ln58_1842" [firmware/nnet_utils/nnet_dense_latency.h:58]   --->   Operation 206 'add' 'add_ln58_1844' <Predicate = true> <Delay = 0.73> <CoreInst = "TAddSub">   --->   Core 10 'TAddSub' <Latency = 0> <II = 1> <Delay = 0.36> <IPBlock> <Opcode : '<invalid operator> ' 'add' 'sub'> <InPorts = 3> <OutPorts = 1> <Sync> <CReg>
ST_1 : Operation 207 [1/1] (0.00ns) (grouped into TernaryAdder)   --->   "%add_ln58_1845 = add i32 %add_ln58_1844, i32 %add_ln58_1841" [firmware/nnet_utils/nnet_dense_latency.h:58]   --->   Operation 207 'add' 'add_ln58_1845' <Predicate = true> <Delay = 0.00> <CoreInst = "TAddSub">   --->   Core 10 'TAddSub' <Latency = 0> <II = 1> <Delay = 0.36> <IPBlock> <Opcode : '<invalid operator> ' 'add' 'sub'> <InPorts = 3> <OutPorts = 1> <Sync> <CReg>
ST_1 : Operation 208 [1/1] (0.88ns)   --->   "%add_ln58_1846 = add i32 %sext_ln42_844, i32 %trunc_ln42_27" [firmware/nnet_utils/nnet_dense_latency.h:58]   --->   Operation 208 'add' 'add_ln58_1846' <Predicate = true> <Delay = 0.88> <CoreInst = "Adder">   --->   Core 1 'Adder' <Latency = 0> <II = 1> <Delay = 0.88> <FuncUnit> <Opcode : 'add' 'sub'> <InPorts = 2> <OutPorts = 1>
ST_1 : Operation 209 [1/1] (0.86ns)   --->   "%add_ln58_1847 = add i31 %sext_ln73_57, i31 %sext_ln73_58" [firmware/nnet_utils/nnet_dense_latency.h:58]   --->   Operation 209 'add' 'add_ln58_1847' <Predicate = true> <Delay = 0.86> <CoreInst = "Adder">   --->   Core 1 'Adder' <Latency = 0> <II = 1> <Delay = 0.86> <FuncUnit> <Opcode : 'add' 'sub'> <InPorts = 2> <OutPorts = 1>
ST_1 : Operation 210 [1/1] (0.00ns)   --->   "%sext_ln58_362 = sext i31 %add_ln58_1847" [firmware/nnet_utils/nnet_dense_latency.h:58]   --->   Operation 210 'sext' 'sext_ln58_362' <Predicate = true> <Delay = 0.00>
ST_1 : Operation 211 [1/1] (0.00ns) (grouped into TernaryAdder)   --->   "%add_ln58_1848 = add i32 %sext_ln58_362, i32 %add_ln58_1846" [firmware/nnet_utils/nnet_dense_latency.h:58]   --->   Operation 211 'add' 'add_ln58_1848' <Predicate = true> <Delay = 0.00> <CoreInst = "TAddSub">   --->   Core 10 'TAddSub' <Latency = 0> <II = 1> <Delay = 0.36> <IPBlock> <Opcode : '<invalid operator> ' 'add' 'sub'> <InPorts = 3> <OutPorts = 1> <Sync> <CReg>
ST_1 : Operation 212 [1/1] (0.00ns) (grouped into TernaryAdder)   --->   "%add_ln58_1849 = add i32 %sext_ln42_848, i32 %trunc_ln42_39" [firmware/nnet_utils/nnet_dense_latency.h:58]   --->   Operation 212 'add' 'add_ln58_1849' <Predicate = true> <Delay = 0.00> <CoreInst = "TAddSub">   --->   Core 10 'TAddSub' <Latency = 0> <II = 1> <Delay = 0.36> <IPBlock> <Opcode : '<invalid operator> ' 'add' 'sub'> <InPorts = 3> <OutPorts = 1> <Sync> <CReg>
ST_1 : Operation 213 [1/1] (0.86ns)   --->   "%add_ln58_1850 = add i31 %sext_ln73_59, i31 19845" [firmware/nnet_utils/nnet_dense_latency.h:58]   --->   Operation 213 'add' 'add_ln58_1850' <Predicate = true> <Delay = 0.86> <CoreInst = "Adder">   --->   Core 1 'Adder' <Latency = 0> <II = 1> <Delay = 0.86> <FuncUnit> <Opcode : 'add' 'sub'> <InPorts = 2> <OutPorts = 1>
ST_1 : Operation 214 [1/1] (0.00ns)   --->   "%sext_ln58_363 = sext i31 %add_ln58_1850" [firmware/nnet_utils/nnet_dense_latency.h:58]   --->   Operation 214 'sext' 'sext_ln58_363' <Predicate = true> <Delay = 0.00>
ST_1 : Operation 215 [1/1] (0.88ns)   --->   "%add_ln58_1851 = add i32 %sext_ln58_363, i32 %trunc_ln42_42" [firmware/nnet_utils/nnet_dense_latency.h:58]   --->   Operation 215 'add' 'add_ln58_1851' <Predicate = true> <Delay = 0.88> <CoreInst = "Adder">   --->   Core 1 'Adder' <Latency = 0> <II = 1> <Delay = 0.88> <FuncUnit> <Opcode : 'add' 'sub'> <InPorts = 2> <OutPorts = 1>
ST_1 : Operation 216 [1/1] (0.73ns) (root node of TernaryAdder)   --->   "%add_ln58_1852 = add i32 %add_ln58_1851, i32 %add_ln58_1849" [firmware/nnet_utils/nnet_dense_latency.h:58]   --->   Operation 216 'add' 'add_ln58_1852' <Predicate = true> <Delay = 0.73> <CoreInst = "TAddSub">   --->   Core 10 'TAddSub' <Latency = 0> <II = 1> <Delay = 0.36> <IPBlock> <Opcode : '<invalid operator> ' 'add' 'sub'> <InPorts = 3> <OutPorts = 1> <Sync> <CReg>
ST_1 : Operation 217 [1/1] (0.73ns) (root node of TernaryAdder)   --->   "%add_ln58_1853 = add i32 %add_ln58_1852, i32 %add_ln58_1848" [firmware/nnet_utils/nnet_dense_latency.h:58]   --->   Operation 217 'add' 'add_ln58_1853' <Predicate = true> <Delay = 0.73> <CoreInst = "TAddSub">   --->   Core 10 'TAddSub' <Latency = 0> <II = 1> <Delay = 0.36> <IPBlock> <Opcode : '<invalid operator> ' 'add' 'sub'> <InPorts = 3> <OutPorts = 1> <Sync> <CReg>
ST_1 : Operation 218 [1/1] (0.73ns) (root node of TernaryAdder)   --->   "%add_ln58_1854 = add i32 %add_ln58_1853, i32 %add_ln58_1845" [firmware/nnet_utils/nnet_dense_latency.h:58]   --->   Operation 218 'add' 'add_ln58_1854' <Predicate = true> <Delay = 0.73> <CoreInst = "TAddSub">   --->   Core 10 'TAddSub' <Latency = 0> <II = 1> <Delay = 0.36> <IPBlock> <Opcode : '<invalid operator> ' 'add' 'sub'> <InPorts = 3> <OutPorts = 1> <Sync> <CReg>
ST_1 : Operation 219 [1/1] (0.00ns) (grouped into TernaryAdder)   --->   "%add_ln58_1855 = add i32 %sext_ln42_834, i32 %trunc_ln42_5" [firmware/nnet_utils/nnet_dense_latency.h:58]   --->   Operation 219 'add' 'add_ln58_1855' <Predicate = true> <Delay = 0.00> <CoreInst = "TAddSub">   --->   Core 10 'TAddSub' <Latency = 0> <II = 1> <Delay = 0.36> <IPBlock> <Opcode : '<invalid operator> ' 'add' 'sub'> <InPorts = 3> <OutPorts = 1> <Sync> <CReg>
ST_1 : Operation 220 [1/1] (0.88ns)   --->   "%add_ln58_1856 = add i32 %sext_ln42_838, i32 %trunc_ln42_10" [firmware/nnet_utils/nnet_dense_latency.h:58]   --->   Operation 220 'add' 'add_ln58_1856' <Predicate = true> <Delay = 0.88> <CoreInst = "Adder">   --->   Core 1 'Adder' <Latency = 0> <II = 1> <Delay = 0.88> <FuncUnit> <Opcode : 'add' 'sub'> <InPorts = 2> <OutPorts = 1>
ST_1 : Operation 221 [1/1] (0.73ns) (root node of TernaryAdder)   --->   "%add_ln58_1857 = add i32 %add_ln58_1856, i32 %add_ln58_1855" [firmware/nnet_utils/nnet_dense_latency.h:58]   --->   Operation 221 'add' 'add_ln58_1857' <Predicate = true> <Delay = 0.73> <CoreInst = "TAddSub">   --->   Core 10 'TAddSub' <Latency = 0> <II = 1> <Delay = 0.36> <IPBlock> <Opcode : '<invalid operator> ' 'add' 'sub'> <InPorts = 3> <OutPorts = 1> <Sync> <CReg>
ST_1 : Operation 222 [1/1] (0.00ns) (grouped into TernaryAdder)   --->   "%add_ln58_1858 = add i32 %trunc_ln42_13, i32 %sext_ln42_841" [firmware/nnet_utils/nnet_dense_latency.h:58]   --->   Operation 222 'add' 'add_ln58_1858' <Predicate = true> <Delay = 0.00> <CoreInst = "TAddSub">   --->   Core 10 'TAddSub' <Latency = 0> <II = 1> <Delay = 0.36> <IPBlock> <Opcode : '<invalid operator> ' 'add' 'sub'> <InPorts = 3> <OutPorts = 1> <Sync> <CReg>
ST_1 : Operation 223 [1/1] (0.88ns)   --->   "%add_ln58_1859 = add i32 %sext_ln42_843, i32 %trunc_ln42_22" [firmware/nnet_utils/nnet_dense_latency.h:58]   --->   Operation 223 'add' 'add_ln58_1859' <Predicate = true> <Delay = 0.88> <CoreInst = "Adder">   --->   Core 1 'Adder' <Latency = 0> <II = 1> <Delay = 0.88> <FuncUnit> <Opcode : 'add' 'sub'> <InPorts = 2> <OutPorts = 1>
ST_1 : Operation 224 [1/1] (0.73ns) (root node of TernaryAdder)   --->   "%add_ln58_1860 = add i32 %add_ln58_1859, i32 %add_ln58_1858" [firmware/nnet_utils/nnet_dense_latency.h:58]   --->   Operation 224 'add' 'add_ln58_1860' <Predicate = true> <Delay = 0.73> <CoreInst = "TAddSub">   --->   Core 10 'TAddSub' <Latency = 0> <II = 1> <Delay = 0.36> <IPBlock> <Opcode : '<invalid operator> ' 'add' 'sub'> <InPorts = 3> <OutPorts = 1> <Sync> <CReg>
ST_1 : Operation 225 [1/1] (0.00ns) (grouped into TernaryAdder)   --->   "%add_ln58_1861 = add i32 %add_ln58_1860, i32 %add_ln58_1857" [firmware/nnet_utils/nnet_dense_latency.h:58]   --->   Operation 225 'add' 'add_ln58_1861' <Predicate = true> <Delay = 0.00> <CoreInst = "TAddSub">   --->   Core 10 'TAddSub' <Latency = 0> <II = 1> <Delay = 0.36> <IPBlock> <Opcode : '<invalid operator> ' 'add' 'sub'> <InPorts = 3> <OutPorts = 1> <Sync> <CReg>
ST_1 : Operation 226 [1/1] (0.88ns)   --->   "%add_ln58_1862 = add i32 %sext_ln42_845, i32 %trunc_ln42_28" [firmware/nnet_utils/nnet_dense_latency.h:58]   --->   Operation 226 'add' 'add_ln58_1862' <Predicate = true> <Delay = 0.88> <CoreInst = "Adder">   --->   Core 1 'Adder' <Latency = 0> <II = 1> <Delay = 0.88> <FuncUnit> <Opcode : 'add' 'sub'> <InPorts = 2> <OutPorts = 1>
ST_1 : Operation 227 [1/1] (0.88ns)   --->   "%add_ln58_1863 = add i32 %trunc_ln42_31, i32 %trunc_ln42_34" [firmware/nnet_utils/nnet_dense_latency.h:58]   --->   Operation 227 'add' 'add_ln58_1863' <Predicate = true> <Delay = 0.88> <CoreInst = "Adder">   --->   Core 1 'Adder' <Latency = 0> <II = 1> <Delay = 0.88> <FuncUnit> <Opcode : 'add' 'sub'> <InPorts = 2> <OutPorts = 1>
ST_1 : Operation 228 [1/1] (0.00ns) (grouped into TernaryAdder)   --->   "%add_ln58_1864 = add i32 %add_ln58_1863, i32 %add_ln58_1862" [firmware/nnet_utils/nnet_dense_latency.h:58]   --->   Operation 228 'add' 'add_ln58_1864' <Predicate = true> <Delay = 0.00> <CoreInst = "TAddSub">   --->   Core 10 'TAddSub' <Latency = 0> <II = 1> <Delay = 0.36> <IPBlock> <Opcode : '<invalid operator> ' 'add' 'sub'> <InPorts = 3> <OutPorts = 1> <Sync> <CReg>
ST_1 : Operation 229 [1/1] (0.00ns) (grouped into TernaryAdder)   --->   "%add_ln58_1865 = add i32 %sext_ln42_849, i32 %sext_ln42_851" [firmware/nnet_utils/nnet_dense_latency.h:58]   --->   Operation 229 'add' 'add_ln58_1865' <Predicate = true> <Delay = 0.00> <CoreInst = "TAddSub">   --->   Core 10 'TAddSub' <Latency = 0> <II = 1> <Delay = 0.36> <IPBlock> <Opcode : '<invalid operator> ' 'add' 'sub'> <InPorts = 3> <OutPorts = 1> <Sync> <CReg>
ST_1 : Operation 230 [1/1] (0.86ns)   --->   "%add_ln58_1866 = add i30 %sext_ln58, i30 1073727563" [firmware/nnet_utils/nnet_dense_latency.h:58]   --->   Operation 230 'add' 'add_ln58_1866' <Predicate = true> <Delay = 0.86> <CoreInst = "Adder">   --->   Core 1 'Adder' <Latency = 0> <II = 1> <Delay = 0.86> <FuncUnit> <Opcode : 'add' 'sub'> <InPorts = 2> <OutPorts = 1>
ST_1 : Operation 231 [1/1] (0.00ns)   --->   "%sext_ln58_364 = sext i30 %add_ln58_1866" [firmware/nnet_utils/nnet_dense_latency.h:58]   --->   Operation 231 'sext' 'sext_ln58_364' <Predicate = true> <Delay = 0.00>
ST_1 : Operation 232 [1/1] (0.87ns)   --->   "%add_ln58_1867 = add i32 %sext_ln58_364, i32 %sext_ln42_853" [firmware/nnet_utils/nnet_dense_latency.h:58]   --->   Operation 232 'add' 'add_ln58_1867' <Predicate = true> <Delay = 0.87> <CoreInst = "Adder">   --->   Core 1 'Adder' <Latency = 0> <II = 1> <Delay = 0.87> <FuncUnit> <Opcode : 'add' 'sub'> <InPorts = 2> <OutPorts = 1>
ST_1 : Operation 233 [1/1] (0.73ns) (root node of TernaryAdder)   --->   "%add_ln58_1868 = add i32 %add_ln58_1867, i32 %add_ln58_1865" [firmware/nnet_utils/nnet_dense_latency.h:58]   --->   Operation 233 'add' 'add_ln58_1868' <Predicate = true> <Delay = 0.73> <CoreInst = "TAddSub">   --->   Core 10 'TAddSub' <Latency = 0> <II = 1> <Delay = 0.36> <IPBlock> <Opcode : '<invalid operator> ' 'add' 'sub'> <InPorts = 3> <OutPorts = 1> <Sync> <CReg>
ST_1 : Operation 234 [1/1] (0.73ns) (root node of TernaryAdder)   --->   "%add_ln58_1869 = add i32 %add_ln58_1868, i32 %add_ln58_1864" [firmware/nnet_utils/nnet_dense_latency.h:58]   --->   Operation 234 'add' 'add_ln58_1869' <Predicate = true> <Delay = 0.73> <CoreInst = "TAddSub">   --->   Core 10 'TAddSub' <Latency = 0> <II = 1> <Delay = 0.36> <IPBlock> <Opcode : '<invalid operator> ' 'add' 'sub'> <InPorts = 3> <OutPorts = 1> <Sync> <CReg>
ST_1 : Operation 235 [1/1] (0.73ns) (root node of TernaryAdder)   --->   "%add_ln58_1870 = add i32 %add_ln58_1869, i32 %add_ln58_1861" [firmware/nnet_utils/nnet_dense_latency.h:58]   --->   Operation 235 'add' 'add_ln58_1870' <Predicate = true> <Delay = 0.73> <CoreInst = "TAddSub">   --->   Core 10 'TAddSub' <Latency = 0> <II = 1> <Delay = 0.36> <IPBlock> <Opcode : '<invalid operator> ' 'add' 'sub'> <InPorts = 3> <OutPorts = 1> <Sync> <CReg>
ST_1 : Operation 236 [1/1] (0.00ns)   --->   "%mrv = insertvalue i96 <undef>, i32 %add_ln58_1838" [firmware/nnet_utils/nnet_dense_latency.h:68]   --->   Operation 236 'insertvalue' 'mrv' <Predicate = true> <Delay = 0.00>
ST_1 : Operation 237 [1/1] (0.00ns)   --->   "%mrv_1 = insertvalue i96 %mrv, i32 %add_ln58_1854" [firmware/nnet_utils/nnet_dense_latency.h:68]   --->   Operation 237 'insertvalue' 'mrv_1' <Predicate = true> <Delay = 0.00>
ST_1 : Operation 238 [1/1] (0.00ns)   --->   "%mrv_2 = insertvalue i96 %mrv_1, i32 %add_ln58_1870" [firmware/nnet_utils/nnet_dense_latency.h:68]   --->   Operation 238 'insertvalue' 'mrv_2' <Predicate = true> <Delay = 0.00>
ST_1 : Operation 239 [1/1] (0.00ns)   --->   "%ret_ln68 = ret i96 %mrv_2" [firmware/nnet_utils/nnet_dense_latency.h:68]   --->   Operation 239 'ret' 'ret_ln68' <Predicate = true> <Delay = 0.00>


============================================================
+ Verbose Summary: Timing violations
============================================================
Target clock period: 25.000ns, clock uncertainty: 6.750ns.

 <State 1>: 7.111ns
The critical path consists of the following:
	wire read operation ('data_15_val_read', firmware/nnet_utils/nnet_mult.h:70->firmware/nnet_utils/nnet_dense_latency.h:42) on port 'data_15_val' (firmware/nnet_utils/nnet_mult.h:70->firmware/nnet_utils/nnet_dense_latency.h:42) [19]  (0.000 ns)
	multiplexor before operation 'mul' with delay (0.518 ns)
'mul' operation ('mul_ln73_1750', firmware/nnet_utils/nnet_mult.h:73->firmware/nnet_utils/nnet_dense_latency.h:42) [192]  (2.652 ns)
	'add' operation ('add_ln58_1850', firmware/nnet_utils/nnet_dense_latency.h:58) [228]  (0.868 ns)
	'add' operation ('add_ln58_1851', firmware/nnet_utils/nnet_dense_latency.h:58) [230]  (0.880 ns)
	'add' operation ('add_ln58_1852', firmware/nnet_utils/nnet_dense_latency.h:58) [231]  (0.731 ns)
	'add' operation ('add_ln58_1853', firmware/nnet_utils/nnet_dense_latency.h:58) [232]  (0.731 ns)
	'add' operation ('add_ln58_1854', firmware/nnet_utils/nnet_dense_latency.h:58) [233]  (0.731 ns)


============================================================
+ Verbose Summary: Binding
============================================================
N/A
* FSMD analyzer results:
  - Output states:
 - Input state : 
  - Chain level:
	State 1


============================================================
+ Verbose Summary: Datapath Resource usage 
============================================================
N/A
