

================================================================
== Vitis HLS Report for 'relu_ap_fixed_32_16_5_3_0_ap_fixed_32_16_4_0_0_ReLU_config7_s'
================================================================
* Date:           Tue Sep 17 20:00:44 2024

* Version:        2023.1 (Build 3854077 on May  4 2023)
* Project:        myproject_prj
* Solution:       solution1 (Vivado IP Flow Target)
* Product family: virtexuplus
* Target device:  xcvu9p-flga2104-2-e


================================================================
== Performance Estimates
================================================================
+ Timing: 
    * Summary: 
    +--------+----------+----------+------------+
    |  Clock |  Target  | Estimated| Uncertainty|
    +--------+----------+----------+------------+
    |ap_clk  |  25.00 ns|  1.131 ns|     6.75 ns|
    +--------+----------+----------+------------+

+ Latency: 
    * Summary: 
    +---------+---------+----------+----------+-----+-----+---------+
    |  Latency (cycles) |  Latency (absolute) |  Interval | Pipeline|
    |   min   |   max   |    min   |    max   | min | max |   Type  |
    +---------+---------+----------+----------+-----+-----+---------+
    |        0|        0|      0 ns|      0 ns|    1|    1|      yes|
    +---------+---------+----------+----------+-----+-----+---------+

    + Detail: 
        * Instance: 
        N/A

        * Loop: 
        N/A

============================================================
+ Verbose Summary: Synthesis Manager
============================================================
InlineROM: 1
ExposeGlobal: 0
============================================================
+ Verbose Summary: CDFG Model
============================================================
IsTopModel: 0
ResetActiveHigh: 1
IsCombinational: 0
IsDatapathOnly: 0
HasWiredReturn: 1
HasMFsm: 2
HasVarLatency: 0
IsPipeline: 1
IsRtlPipelined: 0
IsInstanceOverlapped: 0
IsDontTouch: 0
HasImplIP: 0
IsGatedGlobalClock: 0

+ Individual pipeline summary: 
  * Pipeline-0: initiation interval (II) = 1, depth = 1


============================================================
+ Verbose Summary: Schedule
============================================================
* Number of FSM states : 1
* Pipeline : 1
  Pipeline-0 : II = 1, D = 1, States = { 1 }
* Dataflow Pipeline: 0

* FSM state transitions: 
1 --> 

* FSM state operations: 

State 1 <SV = 0> <Delay = 1.13>
ST_1 : Operation 2 [1/1] (0.00ns)   --->   "%data_15_val_read = read i32 @_ssdm_op_Read.ap_auto.i32, i32 %data_15_val" [firmware/nnet_utils/nnet_activation.h:43]   --->   Operation 2 'read' 'data_15_val_read' <Predicate = true> <Delay = 0.00>
ST_1 : Operation 3 [1/1] (0.00ns)   --->   "%data_14_val_read = read i32 @_ssdm_op_Read.ap_auto.i32, i32 %data_14_val" [firmware/nnet_utils/nnet_activation.h:43]   --->   Operation 3 'read' 'data_14_val_read' <Predicate = true> <Delay = 0.00>
ST_1 : Operation 4 [1/1] (0.00ns)   --->   "%data_13_val_read = read i32 @_ssdm_op_Read.ap_auto.i32, i32 %data_13_val" [firmware/nnet_utils/nnet_activation.h:43]   --->   Operation 4 'read' 'data_13_val_read' <Predicate = true> <Delay = 0.00>
ST_1 : Operation 5 [1/1] (0.00ns)   --->   "%data_12_val_read = read i32 @_ssdm_op_Read.ap_auto.i32, i32 %data_12_val" [firmware/nnet_utils/nnet_activation.h:43]   --->   Operation 5 'read' 'data_12_val_read' <Predicate = true> <Delay = 0.00>
ST_1 : Operation 6 [1/1] (0.00ns)   --->   "%data_11_val_read = read i32 @_ssdm_op_Read.ap_auto.i32, i32 %data_11_val" [firmware/nnet_utils/nnet_activation.h:43]   --->   Operation 6 'read' 'data_11_val_read' <Predicate = true> <Delay = 0.00>
ST_1 : Operation 7 [1/1] (0.00ns)   --->   "%data_10_val_read = read i32 @_ssdm_op_Read.ap_auto.i32, i32 %data_10_val" [firmware/nnet_utils/nnet_activation.h:43]   --->   Operation 7 'read' 'data_10_val_read' <Predicate = true> <Delay = 0.00>
ST_1 : Operation 8 [1/1] (0.00ns)   --->   "%data_9_val_read = read i32 @_ssdm_op_Read.ap_auto.i32, i32 %data_9_val" [firmware/nnet_utils/nnet_activation.h:43]   --->   Operation 8 'read' 'data_9_val_read' <Predicate = true> <Delay = 0.00>
ST_1 : Operation 9 [1/1] (0.00ns)   --->   "%data_8_val_read = read i32 @_ssdm_op_Read.ap_auto.i32, i32 %data_8_val" [firmware/nnet_utils/nnet_activation.h:43]   --->   Operation 9 'read' 'data_8_val_read' <Predicate = true> <Delay = 0.00>
ST_1 : Operation 10 [1/1] (0.00ns)   --->   "%data_7_val_read = read i32 @_ssdm_op_Read.ap_auto.i32, i32 %data_7_val" [firmware/nnet_utils/nnet_activation.h:43]   --->   Operation 10 'read' 'data_7_val_read' <Predicate = true> <Delay = 0.00>
ST_1 : Operation 11 [1/1] (0.00ns)   --->   "%data_6_val_read = read i32 @_ssdm_op_Read.ap_auto.i32, i32 %data_6_val" [firmware/nnet_utils/nnet_activation.h:43]   --->   Operation 11 'read' 'data_6_val_read' <Predicate = true> <Delay = 0.00>
ST_1 : Operation 12 [1/1] (0.00ns)   --->   "%data_5_val_read = read i32 @_ssdm_op_Read.ap_auto.i32, i32 %data_5_val" [firmware/nnet_utils/nnet_activation.h:43]   --->   Operation 12 'read' 'data_5_val_read' <Predicate = true> <Delay = 0.00>
ST_1 : Operation 13 [1/1] (0.00ns)   --->   "%data_4_val_read = read i32 @_ssdm_op_Read.ap_auto.i32, i32 %data_4_val" [firmware/nnet_utils/nnet_activation.h:43]   --->   Operation 13 'read' 'data_4_val_read' <Predicate = true> <Delay = 0.00>
ST_1 : Operation 14 [1/1] (0.00ns)   --->   "%data_3_val_read = read i32 @_ssdm_op_Read.ap_auto.i32, i32 %data_3_val" [firmware/nnet_utils/nnet_activation.h:43]   --->   Operation 14 'read' 'data_3_val_read' <Predicate = true> <Delay = 0.00>
ST_1 : Operation 15 [1/1] (0.00ns)   --->   "%data_2_val_read = read i32 @_ssdm_op_Read.ap_auto.i32, i32 %data_2_val" [firmware/nnet_utils/nnet_activation.h:43]   --->   Operation 15 'read' 'data_2_val_read' <Predicate = true> <Delay = 0.00>
ST_1 : Operation 16 [1/1] (0.00ns)   --->   "%data_1_val_read = read i32 @_ssdm_op_Read.ap_auto.i32, i32 %data_1_val" [firmware/nnet_utils/nnet_activation.h:43]   --->   Operation 16 'read' 'data_1_val_read' <Predicate = true> <Delay = 0.00>
ST_1 : Operation 17 [1/1] (0.00ns)   --->   "%data_0_val_read = read i32 @_ssdm_op_Read.ap_auto.i32, i32 %data_0_val" [firmware/nnet_utils/nnet_activation.h:43]   --->   Operation 17 'read' 'data_0_val_read' <Predicate = true> <Delay = 0.00>
ST_1 : Operation 18 [1/1] (0.00ns)   --->   "%trunc_ln43 = trunc i32 %data_15_val_read" [firmware/nnet_utils/nnet_activation.h:43]   --->   Operation 18 'trunc' 'trunc_ln43' <Predicate = (icmp_ln45_15)> <Delay = 0.00>
ST_1 : Operation 19 [1/1] (0.00ns)   --->   "%trunc_ln43_1 = trunc i32 %data_14_val_read" [firmware/nnet_utils/nnet_activation.h:43]   --->   Operation 19 'trunc' 'trunc_ln43_1' <Predicate = (icmp_ln45_14)> <Delay = 0.00>
ST_1 : Operation 20 [1/1] (0.00ns)   --->   "%trunc_ln43_2 = trunc i32 %data_13_val_read" [firmware/nnet_utils/nnet_activation.h:43]   --->   Operation 20 'trunc' 'trunc_ln43_2' <Predicate = (icmp_ln45_13)> <Delay = 0.00>
ST_1 : Operation 21 [1/1] (0.00ns)   --->   "%trunc_ln43_3 = trunc i32 %data_12_val_read" [firmware/nnet_utils/nnet_activation.h:43]   --->   Operation 21 'trunc' 'trunc_ln43_3' <Predicate = (icmp_ln45_12)> <Delay = 0.00>
ST_1 : Operation 22 [1/1] (0.00ns)   --->   "%trunc_ln43_4 = trunc i32 %data_11_val_read" [firmware/nnet_utils/nnet_activation.h:43]   --->   Operation 22 'trunc' 'trunc_ln43_4' <Predicate = (icmp_ln45_11)> <Delay = 0.00>
ST_1 : Operation 23 [1/1] (0.00ns)   --->   "%trunc_ln43_5 = trunc i32 %data_10_val_read" [firmware/nnet_utils/nnet_activation.h:43]   --->   Operation 23 'trunc' 'trunc_ln43_5' <Predicate = (icmp_ln45_10)> <Delay = 0.00>
ST_1 : Operation 24 [1/1] (0.00ns)   --->   "%trunc_ln43_6 = trunc i32 %data_9_val_read" [firmware/nnet_utils/nnet_activation.h:43]   --->   Operation 24 'trunc' 'trunc_ln43_6' <Predicate = (icmp_ln45_9)> <Delay = 0.00>
ST_1 : Operation 25 [1/1] (0.00ns)   --->   "%trunc_ln43_7 = trunc i32 %data_8_val_read" [firmware/nnet_utils/nnet_activation.h:43]   --->   Operation 25 'trunc' 'trunc_ln43_7' <Predicate = (icmp_ln45_8)> <Delay = 0.00>
ST_1 : Operation 26 [1/1] (0.00ns)   --->   "%trunc_ln43_8 = trunc i32 %data_7_val_read" [firmware/nnet_utils/nnet_activation.h:43]   --->   Operation 26 'trunc' 'trunc_ln43_8' <Predicate = (icmp_ln45_7)> <Delay = 0.00>
ST_1 : Operation 27 [1/1] (0.00ns)   --->   "%trunc_ln43_9 = trunc i32 %data_6_val_read" [firmware/nnet_utils/nnet_activation.h:43]   --->   Operation 27 'trunc' 'trunc_ln43_9' <Predicate = (icmp_ln45_6)> <Delay = 0.00>
ST_1 : Operation 28 [1/1] (0.00ns)   --->   "%trunc_ln43_10 = trunc i32 %data_5_val_read" [firmware/nnet_utils/nnet_activation.h:43]   --->   Operation 28 'trunc' 'trunc_ln43_10' <Predicate = (icmp_ln45_5)> <Delay = 0.00>
ST_1 : Operation 29 [1/1] (0.00ns)   --->   "%trunc_ln43_11 = trunc i32 %data_4_val_read" [firmware/nnet_utils/nnet_activation.h:43]   --->   Operation 29 'trunc' 'trunc_ln43_11' <Predicate = (icmp_ln45_4)> <Delay = 0.00>
ST_1 : Operation 30 [1/1] (0.00ns)   --->   "%trunc_ln43_12 = trunc i32 %data_3_val_read" [firmware/nnet_utils/nnet_activation.h:43]   --->   Operation 30 'trunc' 'trunc_ln43_12' <Predicate = (icmp_ln45_3)> <Delay = 0.00>
ST_1 : Operation 31 [1/1] (0.00ns)   --->   "%trunc_ln43_13 = trunc i32 %data_2_val_read" [firmware/nnet_utils/nnet_activation.h:43]   --->   Operation 31 'trunc' 'trunc_ln43_13' <Predicate = (icmp_ln45_2)> <Delay = 0.00>
ST_1 : Operation 32 [1/1] (0.00ns)   --->   "%trunc_ln43_14 = trunc i32 %data_1_val_read" [firmware/nnet_utils/nnet_activation.h:43]   --->   Operation 32 'trunc' 'trunc_ln43_14' <Predicate = (icmp_ln45_1)> <Delay = 0.00>
ST_1 : Operation 33 [1/1] (0.00ns)   --->   "%trunc_ln43_15 = trunc i32 %data_0_val_read" [firmware/nnet_utils/nnet_activation.h:43]   --->   Operation 33 'trunc' 'trunc_ln43_15' <Predicate = (icmp_ln45)> <Delay = 0.00>
ST_1 : Operation 34 [1/1] (0.00ns)   --->   "%specpipeline_ln43 = specpipeline void @_ssdm_op_SpecPipeline, i32 4294967295, i32 0, i32 0, i32 0, void @empty_0" [firmware/nnet_utils/nnet_activation.h:43]   --->   Operation 34 'specpipeline' 'specpipeline_ln43' <Predicate = true> <Delay = 0.00>
ST_1 : Operation 35 [1/1] (0.88ns)   --->   "%icmp_ln45 = icmp_sgt  i32 %data_0_val_read, i32 0" [firmware/nnet_utils/nnet_activation.h:45]   --->   Operation 35 'icmp' 'icmp_ln45' <Predicate = true> <Delay = 0.88> <CoreInst = "Cmp">   --->   Core 9 'Cmp' <Latency = 0> <II = 1> <Delay = 0.88> <FuncUnit> <Opcode : 'icmp'> <InPorts = 2> <OutPorts = 1>
ST_1 : Operation 36 [1/1] (0.25ns)   --->   "%datareg = select i1 %icmp_ln45, i31 %trunc_ln43_15, i31 0" [firmware/nnet_utils/nnet_activation.h:45]   --->   Operation 36 'select' 'datareg' <Predicate = true> <Delay = 0.25> <CoreInst = "Sel">   --->   Core 73 'Sel' <Latency = 0> <II = 1> <Delay = 0.25> <FuncUnit> <Opcode : 'select'> <InPorts = 3> <OutPorts = 1>
ST_1 : Operation 37 [1/1] (0.00ns)   --->   "%zext_ln45 = zext i31 %datareg" [firmware/nnet_utils/nnet_activation.h:45]   --->   Operation 37 'zext' 'zext_ln45' <Predicate = true> <Delay = 0.00>
ST_1 : Operation 38 [1/1] (0.88ns)   --->   "%icmp_ln45_1 = icmp_sgt  i32 %data_1_val_read, i32 0" [firmware/nnet_utils/nnet_activation.h:45]   --->   Operation 38 'icmp' 'icmp_ln45_1' <Predicate = true> <Delay = 0.88> <CoreInst = "Cmp">   --->   Core 9 'Cmp' <Latency = 0> <II = 1> <Delay = 0.88> <FuncUnit> <Opcode : 'icmp'> <InPorts = 2> <OutPorts = 1>
ST_1 : Operation 39 [1/1] (0.25ns)   --->   "%datareg_1 = select i1 %icmp_ln45_1, i31 %trunc_ln43_14, i31 0" [firmware/nnet_utils/nnet_activation.h:45]   --->   Operation 39 'select' 'datareg_1' <Predicate = true> <Delay = 0.25> <CoreInst = "Sel">   --->   Core 73 'Sel' <Latency = 0> <II = 1> <Delay = 0.25> <FuncUnit> <Opcode : 'select'> <InPorts = 3> <OutPorts = 1>
ST_1 : Operation 40 [1/1] (0.00ns)   --->   "%zext_ln45_1 = zext i31 %datareg_1" [firmware/nnet_utils/nnet_activation.h:45]   --->   Operation 40 'zext' 'zext_ln45_1' <Predicate = true> <Delay = 0.00>
ST_1 : Operation 41 [1/1] (0.88ns)   --->   "%icmp_ln45_2 = icmp_sgt  i32 %data_2_val_read, i32 0" [firmware/nnet_utils/nnet_activation.h:45]   --->   Operation 41 'icmp' 'icmp_ln45_2' <Predicate = true> <Delay = 0.88> <CoreInst = "Cmp">   --->   Core 9 'Cmp' <Latency = 0> <II = 1> <Delay = 0.88> <FuncUnit> <Opcode : 'icmp'> <InPorts = 2> <OutPorts = 1>
ST_1 : Operation 42 [1/1] (0.25ns)   --->   "%datareg_2 = select i1 %icmp_ln45_2, i31 %trunc_ln43_13, i31 0" [firmware/nnet_utils/nnet_activation.h:45]   --->   Operation 42 'select' 'datareg_2' <Predicate = true> <Delay = 0.25> <CoreInst = "Sel">   --->   Core 73 'Sel' <Latency = 0> <II = 1> <Delay = 0.25> <FuncUnit> <Opcode : 'select'> <InPorts = 3> <OutPorts = 1>
ST_1 : Operation 43 [1/1] (0.00ns)   --->   "%zext_ln45_2 = zext i31 %datareg_2" [firmware/nnet_utils/nnet_activation.h:45]   --->   Operation 43 'zext' 'zext_ln45_2' <Predicate = true> <Delay = 0.00>
ST_1 : Operation 44 [1/1] (0.88ns)   --->   "%icmp_ln45_3 = icmp_sgt  i32 %data_3_val_read, i32 0" [firmware/nnet_utils/nnet_activation.h:45]   --->   Operation 44 'icmp' 'icmp_ln45_3' <Predicate = true> <Delay = 0.88> <CoreInst = "Cmp">   --->   Core 9 'Cmp' <Latency = 0> <II = 1> <Delay = 0.88> <FuncUnit> <Opcode : 'icmp'> <InPorts = 2> <OutPorts = 1>
ST_1 : Operation 45 [1/1] (0.25ns)   --->   "%datareg_3 = select i1 %icmp_ln45_3, i31 %trunc_ln43_12, i31 0" [firmware/nnet_utils/nnet_activation.h:45]   --->   Operation 45 'select' 'datareg_3' <Predicate = true> <Delay = 0.25> <CoreInst = "Sel">   --->   Core 73 'Sel' <Latency = 0> <II = 1> <Delay = 0.25> <FuncUnit> <Opcode : 'select'> <InPorts = 3> <OutPorts = 1>
ST_1 : Operation 46 [1/1] (0.00ns)   --->   "%zext_ln45_3 = zext i31 %datareg_3" [firmware/nnet_utils/nnet_activation.h:45]   --->   Operation 46 'zext' 'zext_ln45_3' <Predicate = true> <Delay = 0.00>
ST_1 : Operation 47 [1/1] (0.88ns)   --->   "%icmp_ln45_4 = icmp_sgt  i32 %data_4_val_read, i32 0" [firmware/nnet_utils/nnet_activation.h:45]   --->   Operation 47 'icmp' 'icmp_ln45_4' <Predicate = true> <Delay = 0.88> <CoreInst = "Cmp">   --->   Core 9 'Cmp' <Latency = 0> <II = 1> <Delay = 0.88> <FuncUnit> <Opcode : 'icmp'> <InPorts = 2> <OutPorts = 1>
ST_1 : Operation 48 [1/1] (0.25ns)   --->   "%datareg_4 = select i1 %icmp_ln45_4, i31 %trunc_ln43_11, i31 0" [firmware/nnet_utils/nnet_activation.h:45]   --->   Operation 48 'select' 'datareg_4' <Predicate = true> <Delay = 0.25> <CoreInst = "Sel">   --->   Core 73 'Sel' <Latency = 0> <II = 1> <Delay = 0.25> <FuncUnit> <Opcode : 'select'> <InPorts = 3> <OutPorts = 1>
ST_1 : Operation 49 [1/1] (0.00ns)   --->   "%zext_ln45_4 = zext i31 %datareg_4" [firmware/nnet_utils/nnet_activation.h:45]   --->   Operation 49 'zext' 'zext_ln45_4' <Predicate = true> <Delay = 0.00>
ST_1 : Operation 50 [1/1] (0.88ns)   --->   "%icmp_ln45_5 = icmp_sgt  i32 %data_5_val_read, i32 0" [firmware/nnet_utils/nnet_activation.h:45]   --->   Operation 50 'icmp' 'icmp_ln45_5' <Predicate = true> <Delay = 0.88> <CoreInst = "Cmp">   --->   Core 9 'Cmp' <Latency = 0> <II = 1> <Delay = 0.88> <FuncUnit> <Opcode : 'icmp'> <InPorts = 2> <OutPorts = 1>
ST_1 : Operation 51 [1/1] (0.25ns)   --->   "%datareg_5 = select i1 %icmp_ln45_5, i31 %trunc_ln43_10, i31 0" [firmware/nnet_utils/nnet_activation.h:45]   --->   Operation 51 'select' 'datareg_5' <Predicate = true> <Delay = 0.25> <CoreInst = "Sel">   --->   Core 73 'Sel' <Latency = 0> <II = 1> <Delay = 0.25> <FuncUnit> <Opcode : 'select'> <InPorts = 3> <OutPorts = 1>
ST_1 : Operation 52 [1/1] (0.00ns)   --->   "%zext_ln45_5 = zext i31 %datareg_5" [firmware/nnet_utils/nnet_activation.h:45]   --->   Operation 52 'zext' 'zext_ln45_5' <Predicate = true> <Delay = 0.00>
ST_1 : Operation 53 [1/1] (0.88ns)   --->   "%icmp_ln45_6 = icmp_sgt  i32 %data_6_val_read, i32 0" [firmware/nnet_utils/nnet_activation.h:45]   --->   Operation 53 'icmp' 'icmp_ln45_6' <Predicate = true> <Delay = 0.88> <CoreInst = "Cmp">   --->   Core 9 'Cmp' <Latency = 0> <II = 1> <Delay = 0.88> <FuncUnit> <Opcode : 'icmp'> <InPorts = 2> <OutPorts = 1>
ST_1 : Operation 54 [1/1] (0.25ns)   --->   "%datareg_6 = select i1 %icmp_ln45_6, i31 %trunc_ln43_9, i31 0" [firmware/nnet_utils/nnet_activation.h:45]   --->   Operation 54 'select' 'datareg_6' <Predicate = true> <Delay = 0.25> <CoreInst = "Sel">   --->   Core 73 'Sel' <Latency = 0> <II = 1> <Delay = 0.25> <FuncUnit> <Opcode : 'select'> <InPorts = 3> <OutPorts = 1>
ST_1 : Operation 55 [1/1] (0.00ns)   --->   "%zext_ln45_6 = zext i31 %datareg_6" [firmware/nnet_utils/nnet_activation.h:45]   --->   Operation 55 'zext' 'zext_ln45_6' <Predicate = true> <Delay = 0.00>
ST_1 : Operation 56 [1/1] (0.88ns)   --->   "%icmp_ln45_7 = icmp_sgt  i32 %data_7_val_read, i32 0" [firmware/nnet_utils/nnet_activation.h:45]   --->   Operation 56 'icmp' 'icmp_ln45_7' <Predicate = true> <Delay = 0.88> <CoreInst = "Cmp">   --->   Core 9 'Cmp' <Latency = 0> <II = 1> <Delay = 0.88> <FuncUnit> <Opcode : 'icmp'> <InPorts = 2> <OutPorts = 1>
ST_1 : Operation 57 [1/1] (0.25ns)   --->   "%datareg_7 = select i1 %icmp_ln45_7, i31 %trunc_ln43_8, i31 0" [firmware/nnet_utils/nnet_activation.h:45]   --->   Operation 57 'select' 'datareg_7' <Predicate = true> <Delay = 0.25> <CoreInst = "Sel">   --->   Core 73 'Sel' <Latency = 0> <II = 1> <Delay = 0.25> <FuncUnit> <Opcode : 'select'> <InPorts = 3> <OutPorts = 1>
ST_1 : Operation 58 [1/1] (0.00ns)   --->   "%zext_ln45_7 = zext i31 %datareg_7" [firmware/nnet_utils/nnet_activation.h:45]   --->   Operation 58 'zext' 'zext_ln45_7' <Predicate = true> <Delay = 0.00>
ST_1 : Operation 59 [1/1] (0.88ns)   --->   "%icmp_ln45_8 = icmp_sgt  i32 %data_8_val_read, i32 0" [firmware/nnet_utils/nnet_activation.h:45]   --->   Operation 59 'icmp' 'icmp_ln45_8' <Predicate = true> <Delay = 0.88> <CoreInst = "Cmp">   --->   Core 9 'Cmp' <Latency = 0> <II = 1> <Delay = 0.88> <FuncUnit> <Opcode : 'icmp'> <InPorts = 2> <OutPorts = 1>
ST_1 : Operation 60 [1/1] (0.25ns)   --->   "%datareg_8 = select i1 %icmp_ln45_8, i31 %trunc_ln43_7, i31 0" [firmware/nnet_utils/nnet_activation.h:45]   --->   Operation 60 'select' 'datareg_8' <Predicate = true> <Delay = 0.25> <CoreInst = "Sel">   --->   Core 73 'Sel' <Latency = 0> <II = 1> <Delay = 0.25> <FuncUnit> <Opcode : 'select'> <InPorts = 3> <OutPorts = 1>
ST_1 : Operation 61 [1/1] (0.00ns)   --->   "%zext_ln45_8 = zext i31 %datareg_8" [firmware/nnet_utils/nnet_activation.h:45]   --->   Operation 61 'zext' 'zext_ln45_8' <Predicate = true> <Delay = 0.00>
ST_1 : Operation 62 [1/1] (0.88ns)   --->   "%icmp_ln45_9 = icmp_sgt  i32 %data_9_val_read, i32 0" [firmware/nnet_utils/nnet_activation.h:45]   --->   Operation 62 'icmp' 'icmp_ln45_9' <Predicate = true> <Delay = 0.88> <CoreInst = "Cmp">   --->   Core 9 'Cmp' <Latency = 0> <II = 1> <Delay = 0.88> <FuncUnit> <Opcode : 'icmp'> <InPorts = 2> <OutPorts = 1>
ST_1 : Operation 63 [1/1] (0.25ns)   --->   "%datareg_9 = select i1 %icmp_ln45_9, i31 %trunc_ln43_6, i31 0" [firmware/nnet_utils/nnet_activation.h:45]   --->   Operation 63 'select' 'datareg_9' <Predicate = true> <Delay = 0.25> <CoreInst = "Sel">   --->   Core 73 'Sel' <Latency = 0> <II = 1> <Delay = 0.25> <FuncUnit> <Opcode : 'select'> <InPorts = 3> <OutPorts = 1>
ST_1 : Operation 64 [1/1] (0.00ns)   --->   "%zext_ln45_9 = zext i31 %datareg_9" [firmware/nnet_utils/nnet_activation.h:45]   --->   Operation 64 'zext' 'zext_ln45_9' <Predicate = true> <Delay = 0.00>
ST_1 : Operation 65 [1/1] (0.88ns)   --->   "%icmp_ln45_10 = icmp_sgt  i32 %data_10_val_read, i32 0" [firmware/nnet_utils/nnet_activation.h:45]   --->   Operation 65 'icmp' 'icmp_ln45_10' <Predicate = true> <Delay = 0.88> <CoreInst = "Cmp">   --->   Core 9 'Cmp' <Latency = 0> <II = 1> <Delay = 0.88> <FuncUnit> <Opcode : 'icmp'> <InPorts = 2> <OutPorts = 1>
ST_1 : Operation 66 [1/1] (0.25ns)   --->   "%datareg_10 = select i1 %icmp_ln45_10, i31 %trunc_ln43_5, i31 0" [firmware/nnet_utils/nnet_activation.h:45]   --->   Operation 66 'select' 'datareg_10' <Predicate = true> <Delay = 0.25> <CoreInst = "Sel">   --->   Core 73 'Sel' <Latency = 0> <II = 1> <Delay = 0.25> <FuncUnit> <Opcode : 'select'> <InPorts = 3> <OutPorts = 1>
ST_1 : Operation 67 [1/1] (0.00ns)   --->   "%zext_ln45_10 = zext i31 %datareg_10" [firmware/nnet_utils/nnet_activation.h:45]   --->   Operation 67 'zext' 'zext_ln45_10' <Predicate = true> <Delay = 0.00>
ST_1 : Operation 68 [1/1] (0.88ns)   --->   "%icmp_ln45_11 = icmp_sgt  i32 %data_11_val_read, i32 0" [firmware/nnet_utils/nnet_activation.h:45]   --->   Operation 68 'icmp' 'icmp_ln45_11' <Predicate = true> <Delay = 0.88> <CoreInst = "Cmp">   --->   Core 9 'Cmp' <Latency = 0> <II = 1> <Delay = 0.88> <FuncUnit> <Opcode : 'icmp'> <InPorts = 2> <OutPorts = 1>
ST_1 : Operation 69 [1/1] (0.25ns)   --->   "%datareg_11 = select i1 %icmp_ln45_11, i31 %trunc_ln43_4, i31 0" [firmware/nnet_utils/nnet_activation.h:45]   --->   Operation 69 'select' 'datareg_11' <Predicate = true> <Delay = 0.25> <CoreInst = "Sel">   --->   Core 73 'Sel' <Latency = 0> <II = 1> <Delay = 0.25> <FuncUnit> <Opcode : 'select'> <InPorts = 3> <OutPorts = 1>
ST_1 : Operation 70 [1/1] (0.00ns)   --->   "%zext_ln45_11 = zext i31 %datareg_11" [firmware/nnet_utils/nnet_activation.h:45]   --->   Operation 70 'zext' 'zext_ln45_11' <Predicate = true> <Delay = 0.00>
ST_1 : Operation 71 [1/1] (0.88ns)   --->   "%icmp_ln45_12 = icmp_sgt  i32 %data_12_val_read, i32 0" [firmware/nnet_utils/nnet_activation.h:45]   --->   Operation 71 'icmp' 'icmp_ln45_12' <Predicate = true> <Delay = 0.88> <CoreInst = "Cmp">   --->   Core 9 'Cmp' <Latency = 0> <II = 1> <Delay = 0.88> <FuncUnit> <Opcode : 'icmp'> <InPorts = 2> <OutPorts = 1>
ST_1 : Operation 72 [1/1] (0.25ns)   --->   "%datareg_12 = select i1 %icmp_ln45_12, i31 %trunc_ln43_3, i31 0" [firmware/nnet_utils/nnet_activation.h:45]   --->   Operation 72 'select' 'datareg_12' <Predicate = true> <Delay = 0.25> <CoreInst = "Sel">   --->   Core 73 'Sel' <Latency = 0> <II = 1> <Delay = 0.25> <FuncUnit> <Opcode : 'select'> <InPorts = 3> <OutPorts = 1>
ST_1 : Operation 73 [1/1] (0.00ns)   --->   "%zext_ln45_12 = zext i31 %datareg_12" [firmware/nnet_utils/nnet_activation.h:45]   --->   Operation 73 'zext' 'zext_ln45_12' <Predicate = true> <Delay = 0.00>
ST_1 : Operation 74 [1/1] (0.88ns)   --->   "%icmp_ln45_13 = icmp_sgt  i32 %data_13_val_read, i32 0" [firmware/nnet_utils/nnet_activation.h:45]   --->   Operation 74 'icmp' 'icmp_ln45_13' <Predicate = true> <Delay = 0.88> <CoreInst = "Cmp">   --->   Core 9 'Cmp' <Latency = 0> <II = 1> <Delay = 0.88> <FuncUnit> <Opcode : 'icmp'> <InPorts = 2> <OutPorts = 1>
ST_1 : Operation 75 [1/1] (0.25ns)   --->   "%datareg_13 = select i1 %icmp_ln45_13, i31 %trunc_ln43_2, i31 0" [firmware/nnet_utils/nnet_activation.h:45]   --->   Operation 75 'select' 'datareg_13' <Predicate = true> <Delay = 0.25> <CoreInst = "Sel">   --->   Core 73 'Sel' <Latency = 0> <II = 1> <Delay = 0.25> <FuncUnit> <Opcode : 'select'> <InPorts = 3> <OutPorts = 1>
ST_1 : Operation 76 [1/1] (0.00ns)   --->   "%zext_ln45_13 = zext i31 %datareg_13" [firmware/nnet_utils/nnet_activation.h:45]   --->   Operation 76 'zext' 'zext_ln45_13' <Predicate = true> <Delay = 0.00>
ST_1 : Operation 77 [1/1] (0.88ns)   --->   "%icmp_ln45_14 = icmp_sgt  i32 %data_14_val_read, i32 0" [firmware/nnet_utils/nnet_activation.h:45]   --->   Operation 77 'icmp' 'icmp_ln45_14' <Predicate = true> <Delay = 0.88> <CoreInst = "Cmp">   --->   Core 9 'Cmp' <Latency = 0> <II = 1> <Delay = 0.88> <FuncUnit> <Opcode : 'icmp'> <InPorts = 2> <OutPorts = 1>
ST_1 : Operation 78 [1/1] (0.25ns)   --->   "%datareg_14 = select i1 %icmp_ln45_14, i31 %trunc_ln43_1, i31 0" [firmware/nnet_utils/nnet_activation.h:45]   --->   Operation 78 'select' 'datareg_14' <Predicate = true> <Delay = 0.25> <CoreInst = "Sel">   --->   Core 73 'Sel' <Latency = 0> <II = 1> <Delay = 0.25> <FuncUnit> <Opcode : 'select'> <InPorts = 3> <OutPorts = 1>
ST_1 : Operation 79 [1/1] (0.00ns)   --->   "%zext_ln45_14 = zext i31 %datareg_14" [firmware/nnet_utils/nnet_activation.h:45]   --->   Operation 79 'zext' 'zext_ln45_14' <Predicate = true> <Delay = 0.00>
ST_1 : Operation 80 [1/1] (0.88ns)   --->   "%icmp_ln45_15 = icmp_sgt  i32 %data_15_val_read, i32 0" [firmware/nnet_utils/nnet_activation.h:45]   --->   Operation 80 'icmp' 'icmp_ln45_15' <Predicate = true> <Delay = 0.88> <CoreInst = "Cmp">   --->   Core 9 'Cmp' <Latency = 0> <II = 1> <Delay = 0.88> <FuncUnit> <Opcode : 'icmp'> <InPorts = 2> <OutPorts = 1>
ST_1 : Operation 81 [1/1] (0.25ns)   --->   "%datareg_15 = select i1 %icmp_ln45_15, i31 %trunc_ln43, i31 0" [firmware/nnet_utils/nnet_activation.h:45]   --->   Operation 81 'select' 'datareg_15' <Predicate = true> <Delay = 0.25> <CoreInst = "Sel">   --->   Core 73 'Sel' <Latency = 0> <II = 1> <Delay = 0.25> <FuncUnit> <Opcode : 'select'> <InPorts = 3> <OutPorts = 1>
ST_1 : Operation 82 [1/1] (0.00ns)   --->   "%zext_ln45_15 = zext i31 %datareg_15" [firmware/nnet_utils/nnet_activation.h:45]   --->   Operation 82 'zext' 'zext_ln45_15' <Predicate = true> <Delay = 0.00>
ST_1 : Operation 83 [1/1] (0.00ns)   --->   "%mrv = insertvalue i512 <undef>, i32 %zext_ln45" [firmware/nnet_utils/nnet_activation.h:50]   --->   Operation 83 'insertvalue' 'mrv' <Predicate = true> <Delay = 0.00>
ST_1 : Operation 84 [1/1] (0.00ns)   --->   "%mrv_1 = insertvalue i512 %mrv, i32 %zext_ln45_1" [firmware/nnet_utils/nnet_activation.h:50]   --->   Operation 84 'insertvalue' 'mrv_1' <Predicate = true> <Delay = 0.00>
ST_1 : Operation 85 [1/1] (0.00ns)   --->   "%mrv_2 = insertvalue i512 %mrv_1, i32 %zext_ln45_2" [firmware/nnet_utils/nnet_activation.h:50]   --->   Operation 85 'insertvalue' 'mrv_2' <Predicate = true> <Delay = 0.00>
ST_1 : Operation 86 [1/1] (0.00ns)   --->   "%mrv_3 = insertvalue i512 %mrv_2, i32 %zext_ln45_3" [firmware/nnet_utils/nnet_activation.h:50]   --->   Operation 86 'insertvalue' 'mrv_3' <Predicate = true> <Delay = 0.00>
ST_1 : Operation 87 [1/1] (0.00ns)   --->   "%mrv_4 = insertvalue i512 %mrv_3, i32 %zext_ln45_4" [firmware/nnet_utils/nnet_activation.h:50]   --->   Operation 87 'insertvalue' 'mrv_4' <Predicate = true> <Delay = 0.00>
ST_1 : Operation 88 [1/1] (0.00ns)   --->   "%mrv_5 = insertvalue i512 %mrv_4, i32 %zext_ln45_5" [firmware/nnet_utils/nnet_activation.h:50]   --->   Operation 88 'insertvalue' 'mrv_5' <Predicate = true> <Delay = 0.00>
ST_1 : Operation 89 [1/1] (0.00ns)   --->   "%mrv_6 = insertvalue i512 %mrv_5, i32 %zext_ln45_6" [firmware/nnet_utils/nnet_activation.h:50]   --->   Operation 89 'insertvalue' 'mrv_6' <Predicate = true> <Delay = 0.00>
ST_1 : Operation 90 [1/1] (0.00ns)   --->   "%mrv_7 = insertvalue i512 %mrv_6, i32 %zext_ln45_7" [firmware/nnet_utils/nnet_activation.h:50]   --->   Operation 90 'insertvalue' 'mrv_7' <Predicate = true> <Delay = 0.00>
ST_1 : Operation 91 [1/1] (0.00ns)   --->   "%mrv_8 = insertvalue i512 %mrv_7, i32 %zext_ln45_8" [firmware/nnet_utils/nnet_activation.h:50]   --->   Operation 91 'insertvalue' 'mrv_8' <Predicate = true> <Delay = 0.00>
ST_1 : Operation 92 [1/1] (0.00ns)   --->   "%mrv_9 = insertvalue i512 %mrv_8, i32 %zext_ln45_9" [firmware/nnet_utils/nnet_activation.h:50]   --->   Operation 92 'insertvalue' 'mrv_9' <Predicate = true> <Delay = 0.00>
ST_1 : Operation 93 [1/1] (0.00ns)   --->   "%mrv_s = insertvalue i512 %mrv_9, i32 %zext_ln45_10" [firmware/nnet_utils/nnet_activation.h:50]   --->   Operation 93 'insertvalue' 'mrv_s' <Predicate = true> <Delay = 0.00>
ST_1 : Operation 94 [1/1] (0.00ns)   --->   "%mrv_10 = insertvalue i512 %mrv_s, i32 %zext_ln45_11" [firmware/nnet_utils/nnet_activation.h:50]   --->   Operation 94 'insertvalue' 'mrv_10' <Predicate = true> <Delay = 0.00>
ST_1 : Operation 95 [1/1] (0.00ns)   --->   "%mrv_11 = insertvalue i512 %mrv_10, i32 %zext_ln45_12" [firmware/nnet_utils/nnet_activation.h:50]   --->   Operation 95 'insertvalue' 'mrv_11' <Predicate = true> <Delay = 0.00>
ST_1 : Operation 96 [1/1] (0.00ns)   --->   "%mrv_12 = insertvalue i512 %mrv_11, i32 %zext_ln45_13" [firmware/nnet_utils/nnet_activation.h:50]   --->   Operation 96 'insertvalue' 'mrv_12' <Predicate = true> <Delay = 0.00>
ST_1 : Operation 97 [1/1] (0.00ns)   --->   "%mrv_13 = insertvalue i512 %mrv_12, i32 %zext_ln45_14" [firmware/nnet_utils/nnet_activation.h:50]   --->   Operation 97 'insertvalue' 'mrv_13' <Predicate = true> <Delay = 0.00>
ST_1 : Operation 98 [1/1] (0.00ns)   --->   "%mrv_14 = insertvalue i512 %mrv_13, i32 %zext_ln45_15" [firmware/nnet_utils/nnet_activation.h:50]   --->   Operation 98 'insertvalue' 'mrv_14' <Predicate = true> <Delay = 0.00>
ST_1 : Operation 99 [1/1] (0.00ns)   --->   "%ret_ln50 = ret i512 %mrv_14" [firmware/nnet_utils/nnet_activation.h:50]   --->   Operation 99 'ret' 'ret_ln50' <Predicate = true> <Delay = 0.00>


============================================================
+ Verbose Summary: Timing violations
============================================================
Target clock period: 25.000ns, clock uncertainty: 6.750ns.

 <State 1>: 1.131ns
The critical path consists of the following:
	wire read operation ('data_0_val_read', firmware/nnet_utils/nnet_activation.h:43) on port 'data_0_val' (firmware/nnet_utils/nnet_activation.h:43) [32]  (0.000 ns)
	'icmp' operation ('icmp_ln45', firmware/nnet_utils/nnet_activation.h:45) [50]  (0.880 ns)
	'select' operation ('datareg', firmware/nnet_utils/nnet_activation.h:45) [51]  (0.251 ns)


============================================================
+ Verbose Summary: Binding
============================================================
N/A
* FSMD analyzer results:
  - Output states:
 - Input state : 
  - Chain level:
	State 1


============================================================
+ Verbose Summary: Datapath Resource usage 
============================================================
N/A
